00:37:13.874 [main                     ] DEBUG Logger               - Configured Logger
00:37:13.990 [main                     ] DEBUG GameApplication      - Logging settings
Title: TypeWiz Login
Version: 0.0
Width: 1280
Height: 720
Fullscreen: true
Intro: false
Profiling: false
Single step:false
App Mode: DEVELOPER
Menu Key: ESCAPE
Stage Style: DECORATED
Scene Factory: class com.oop2.typewiz.util.CustomSceneFactory

00:37:14.850 [JavaFX Application Thread] DEBUG FXGLApplication      - Initializing FXGL
00:37:14.859 [JavaFX Application Thread] INFO  Engine               - FXGL-21.1 (27.03.2024 07.52) on MAC (J:23.0.1 FX:19)
00:37:14.860 [JavaFX Application Thread] DEBUG Engine               - JRE Vendor Name: Oracle Corporation
00:37:14.860 [JavaFX Application Thread] DEBUG Engine               - Running on OS: Mac OS X version 10.15.7
00:37:14.860 [JavaFX Application Thread] DEBUG Engine               - Architecture: x86_64
00:37:14.860 [JavaFX Application Thread] INFO  Engine               - Source code and latest versions at: https://github.com/AlmasB/FXGL
00:37:14.860 [JavaFX Application Thread] INFO  Engine               -       Ask questions and discuss at: https://github.com/AlmasB/FXGL/discussions
00:37:14.860 [JavaFX Application Thread] INFO  Engine               -              Join the FXGL chat at: https://gitter.im/AlmasB/FXGL
00:37:15.235 [JavaFX Application Thread] DEBUG PrimaryStageWindow   - Creating a JavaFX scene
00:37:15.441 [JavaFX Application Thread] DEBUG PrimaryStageWindow   - Target settings size: 1280.0 x 720.0
00:37:15.442 [JavaFX Application Thread] DEBUG PrimaryStageWindow   - Scaled scene size:    1280.0 x 720.0
00:37:15.442 [JavaFX Application Thread] DEBUG PrimaryStageWindow   - Scaled ratio: (1.0, 1.0)
00:37:15.445 [JavaFX Application Thread] DEBUG PrimaryStageWindow   - Set initial scene to FXGLStartupScene
00:37:15.462 [JavaFX Application Thread] DEBUG PrimaryStageWindow   - Opening main window
00:37:15.820 [JavaFX Application Thread] DEBUG PrimaryStageWindow   - Window border size: (0.0, 22.0)
00:37:15.821 [JavaFX Application Thread] DEBUG PrimaryStageWindow   - Scaled size: 1280.0 x 720.0
00:37:15.821 [JavaFX Application Thread] DEBUG PrimaryStageWindow   - Scaled ratio: (1.0, 1.0)
00:37:15.822 [JavaFX Application Thread] DEBUG PrimaryStageWindow   - Scene size: 1280.0 x 720.0
00:37:15.822 [JavaFX Application Thread] DEBUG PrimaryStageWindow   - Stage size: 1280.0 x 742.0
00:37:16.602 [JavaFX Application Thread] DEBUG PrimaryStageWindow   - Going fullscreen
00:37:16.616 [FXGL Background Thread 1 ] DEBUG Engine               - Initializing environment variables
00:37:16.826 [FXGL Background Thread 1 ] DEBUG FXGLAssetLoaderServi - User app class for loading assets: class com.oop2.typewiz.TypeWizApp
00:37:16.826 [FXGL Background Thread 1 ] DEBUG GameApplicationServi - Applying CSS: fxgl_dark.css
00:37:16.827 [FXGL Background Thread 1 ] DEBUG FXGLAssetLoaderServi - Loading from file system: jar:file:///Users/archiecabiso/.m2/repository/com/github/almasb/fxgl/21.1/fxgl-21.1.jar!/fxglassets/ui/css/fxgl_dark.css
00:37:17.000 [FXGL Background Thread 1 ] DEBUG GameApplicationServi - Initializing application scenes
00:37:18.135 [FXGL Background Thread 1 ] DEBUG GameWorld            - Game world initialized
00:37:18.214 [FXGL Background Thread 1 ] DEBUG PhysicsWorld         - Physics world initialized: appHeight=720, physics.ppm=50.0
00:37:18.215 [FXGL Background Thread 1 ] DEBUG PhysicsWorld         - Using strategy: BRUTE_FORCE
00:37:18.222 [FXGL Background Thread 1 ] DEBUG GameScene            - Game scene initialized: 1280x720
00:37:18.645 [FXGL Background Thread 1 ] DEBUG FXGL.DefaultMenu     - createMenuBodyGameMenu()
00:37:18.656 [FXGL Background Thread 1 ] DEBUG FXGL.DefaultMenu     - createOptionsMenu()
00:37:18.668 [FXGL Background Thread 1 ] DEBUG FXGLAssetLoaderServi - Loading from file system: jar:file:///Users/archiecabiso/.m2/repository/com/github/almasb/fxgl/21.1/fxgl-21.1.jar!/fxglassets/textures/particles/smoke.png
00:37:18.770 [FXGL Background Thread 1 ] DEBUG FXGLAssetLoaderServi - Loading from file system: jar:file:///Users/archiecabiso/.m2/repository/com/github/almasb/fxgl/21.1/fxgl-21.1.jar!/fxglassets/textures/particles/trace_horizontal.png
00:37:18.787 [FXGL Background Thread 1 ] DEBUG GameApplicationServi - Application scenes initialized
00:37:18.801 [FXGL Background Thread 1 ] DEBUG SystemBundleService  - Loading FXGL system data
00:37:18.805 [FXGL Background Thread 1 ] DEBUG FileSystemAccess     - Reading from: /Users/archiecabiso/Documents/2nd Year - CS/2nd Sem/CSIT228/OOP2-Capstone/system/fxgl.bundle
00:37:18.815 [FXGL Background Thread 1 ] DEBUG SystemBundleService  - Bundle FXGL: {}
00:37:18.815 [FXGL Background Thread 1 ] DEBUG UpdaterService       - Checking for updates
00:37:18.822 [FXGL Background Thread 4 ] DEBUG FXGLApplication      - Loading fonts
00:37:18.822 [FXGL Background Thread 4 ] DEBUG FXGLAssetLoaderServi - Loading from file system: jar:file:///Users/archiecabiso/.m2/repository/com/github/almasb/fxgl/21.1/fxgl-21.1.jar!/fxglassets/ui/fonts/VarelaRound-Regular.ttf
00:37:18.829 [FXGL Background Thread 1 ] DEBUG FXGLApplication      - Loading default localization
00:37:18.831 [FXGL Background Thread 1 ] DEBUG FXGLAssetLoaderServi - Loading from file system: jar:file:///Users/archiecabiso/.m2/repository/com/github/almasb/fxgl/21.1/fxgl-21.1.jar!/fxglassets/languages/english.lang
00:37:18.840 [FXGL Background Thread 4 ] DEBUG FXGLAssetLoaderServi - Loading from file system: jar:file:///Users/archiecabiso/.m2/repository/com/github/almasb/fxgl/21.1/fxgl-21.1.jar!/fxglassets/ui/fonts/Abel-Regular.ttf
00:37:18.844 [FXGL Background Thread 4 ] DEBUG FXGLAssetLoaderServi - Loading from file system: jar:file:///Users/archiecabiso/.m2/repository/com/github/almasb/fxgl/21.1/fxgl-21.1.jar!/fxglassets/ui/fonts/TerminalLandMono-Regular.otf
00:37:18.848 [FXGL Background Thread 4 ] DEBUG FXGLAssetLoaderServi - Loading from file system: jar:file:///Users/archiecabiso/.m2/repository/com/github/almasb/fxgl/21.1/fxgl-21.1.jar!/fxglassets/ui/fonts/Courier-Prime.ttf
00:37:18.855 [JavaFX Application Thread] DEBUG FXGLApplication      - Registering font factories with UI factory
00:37:18.872 [FXGL Background Thread 1 ] INFO  FXGLApplication      - FXGL initialization took: 2.256 sec
00:37:18.874 [JavaFX Application Thread] DEBUG FXGLAssetLoaderServi - Loading from file system: jar:file:///Users/archiecabiso/.m2/repository/com/github/almasb/fxgl/21.1/fxgl-21.1.jar!/fxglassets/textures/fxgl_icon.png
00:37:18.893 [JavaFX Application Thread] DEBUG FXGLAssetLoaderServi - Loading from file system: jar:file:///Users/archiecabiso/.m2/repository/com/github/almasb/fxgl/21.1/fxgl-21.1.jar!/fxglassets/textures/fxgl_default_cursor.png
00:37:18.908 [JavaFX Application Thread] DEBUG Input                - Registered new binding: Screenshot - CTRL+8
00:37:18.909 [JavaFX Application Thread] DEBUG Input                - Registered new binding: System info dump - CTRL+9
00:37:18.910 [JavaFX Application Thread] DEBUG Input                - Registered new binding: Restart - CTRL+R
00:37:18.910 [JavaFX Application Thread] DEBUG Input                - Registered new binding: Toggle Debug Camera - CTRL+7
00:37:18.914 [JavaFX Application Thread] DEBUG LoopRunner           - Starting loop
00:37:18.914 [JavaFX Application Thread] DEBUG LoopRunner           - Initializing JavaFX AnimationTimerLoop
00:37:18.918 [JavaFX Application Thread] DEBUG Input                - Clearing active input actions
00:37:18.930 [JavaFX Application Thread] DEBUG GameApplicationServi - Removing overlay from FXGLStartupScene and adding to FXGLMainMenuDummyScene
00:37:18.931 [JavaFX Application Thread] DEBUG PrimaryStageWindow   - FXGLStartupScene -> FXGLMainMenuDummyScene
00:37:18.931 [JavaFX Application Thread] DEBUG PrimaryStageWindow   - Push state: LoginScreen
00:37:18.932 [JavaFX Application Thread] DEBUG Input                - Clearing active input actions
00:37:18.970 [JavaFX Application Thread] DEBUG GameApplicationServi - Removing overlay from FXGLMainMenuDummyScene and adding to LoginScreen
00:37:18.972 [JavaFX Application Thread] DEBUG PrimaryStageWindow   - FXGLMainMenuDummyScene -> LoginScreen
00:37:21.222 [JavaFX Application Thread] DEBUG FXGLAssetLoaderServi - Loading from file system: file:/Users/archiecabiso/Documents/2nd%20Year%20-%20CS/2nd%20Sem/CSIT228/OOP2-Capstone/target/classes/assets/sounds/sound-library/hover.wav
00:37:21.749 [JavaFX Application Thread] DEBUG FXGLAssetLoaderServi - Loading from file system: file:/Users/archiecabiso/Documents/2nd%20Year%20-%20CS/2nd%20Sem/CSIT228/OOP2-Capstone/target/classes/assets/sounds/sound-library/click.wav
00:37:21.823 [FXGL Background Thread 3 ] DEBUG Engine               - Logging environment variables
00:37:21.824 [FXGL Background Thread 3 ] DEBUG Engine               - achievements: []
00:37:21.824 [FXGL Background Thread 3 ] DEBUG Engine               - actualHeight: 800.0
00:37:21.824 [FXGL Background Thread 3 ] DEBUG Engine               - actualHeightProperty: ReadOnlyDoubleProperty [value: 800.0]
00:37:21.824 [FXGL Background Thread 3 ] DEBUG Engine               - actualWidth: 1280.0
00:37:21.824 [FXGL Background Thread 3 ] DEBUG Engine               - actualWidthProperty: ReadOnlyDoubleProperty [value: 1280.0]
00:37:21.825 [FXGL Background Thread 3 ] DEBUG Engine               - appIcon: fxgl_icon.png
00:37:21.825 [FXGL Background Thread 3 ] DEBUG Engine               - applicationMode: DEVELOPER
00:37:21.825 [FXGL Background Thread 3 ] DEBUG Engine               - cSSList: [fxgl_dark.css]
00:37:21.825 [FXGL Background Thread 3 ] DEBUG Engine               - collisionDetectionStrategy: BRUTE_FORCE
00:37:21.825 [FXGL Background Thread 3 ] DEBUG Engine               - configClass: Optional.empty
00:37:21.825 [FXGL Background Thread 3 ] DEBUG Engine               - credits: []
00:37:21.825 [FXGL Background Thread 3 ] DEBUG Engine               - defaultCursor: CursorInfo(imageName=fxgl_default_cursor.png, hotspotX=7.0, hotspotY=6.0)
00:37:21.826 [FXGL Background Thread 3 ] DEBUG Engine               - devBBoxColorProperty: ObjectProperty [value: 0xff0000ff]
00:37:21.826 [FXGL Background Thread 3 ] DEBUG Engine               - devEnableDebugCameraProperty: BooleanProperty [value: false]
00:37:21.826 [FXGL Background Thread 3 ] DEBUG Engine               - devSensorColorProperty: ObjectProperty [value: 0xffff00ff]
00:37:21.826 [FXGL Background Thread 3 ] DEBUG Engine               - devShowBBoxProperty: BooleanProperty [value: false]
00:37:21.826 [FXGL Background Thread 3 ] DEBUG Engine               - devShowPositionProperty: BooleanProperty [value: false]
00:37:21.826 [FXGL Background Thread 3 ] DEBUG Engine               - enabledMenuItems: []
00:37:21.826 [FXGL Background Thread 3 ] DEBUG Engine               - engineServices: [class com.almasb.fxgl.app.services.FXGLAssetLoaderService, class com.almasb.fxgl.app.FXGLApplication$GameApplicationService, class com.almasb.fxgl.app.services.FXGLDialogService, class com.almasb.fxgl.app.services.IOTaskExecutorService, class com.almasb.fxgl.io.FileSystemService, class com.almasb.fxgl.localization.LocalizationService, class com.almasb.fxgl.app.services.SystemBundleService, class com.almasb.fxgl.profile.SaveLoadService, class com.almasb.fxgl.ui.FXGLUIFactoryServiceProvider, class com.almasb.fxgl.ui.FXGLDialogFactoryServiceProvider, class com.almasb.fxgl.audio.AudioPlayer, class com.almasb.fxgl.notification.impl.NotificationServiceProvider, class com.almasb.fxgl.achievement.AchievementService, class com.almasb.fxgl.cutscene.CutsceneService, class com.almasb.fxgl.minigames.MiniGameService, class com.almasb.fxgl.net.NetService, class com.almasb.fxgl.app.services.UpdaterService, class com.almasb.fxgl.dev.DevService]
00:37:21.827 [FXGL Background Thread 3 ] DEBUG Engine               - fontGame: Abel-Regular.ttf
00:37:21.828 [FXGL Background Thread 3 ] DEBUG Engine               - fontMono: TerminalLandMono-Regular.otf
00:37:21.828 [FXGL Background Thread 3 ] DEBUG Engine               - fontSizeScaleUI: 1.0
00:37:21.828 [FXGL Background Thread 3 ] DEBUG Engine               - fontText: Courier-Prime.ttf
00:37:21.828 [FXGL Background Thread 3 ] DEBUG Engine               - fontUI: VarelaRound-Regular.ttf
00:37:21.828 [FXGL Background Thread 3 ] DEBUG Engine               - fullScreen: BooleanProperty [value: true]
00:37:21.828 [FXGL Background Thread 3 ] DEBUG Engine               - gameDifficulty: MEDIUM
00:37:21.828 [FXGL Background Thread 3 ] DEBUG Engine               - gameDifficultyProperty: ObjectProperty [value: MEDIUM]
00:37:21.828 [FXGL Background Thread 3 ] DEBUG Engine               - globalMusicVolume: 0.5
00:37:21.829 [FXGL Background Thread 3 ] DEBUG Engine               - globalMusicVolumeProperty: DoubleProperty [value: 0.5]
00:37:21.829 [FXGL Background Thread 3 ] DEBUG Engine               - globalSoundVolume: 0.5
00:37:21.829 [FXGL Background Thread 3 ] DEBUG Engine               - globalSoundVolumeProperty: DoubleProperty [value: 0.5]
00:37:21.829 [FXGL Background Thread 3 ] DEBUG Engine               - height: 720
00:37:21.829 [FXGL Background Thread 3 ] DEBUG Engine               - is3D: false
00:37:21.829 [FXGL Background Thread 3 ] DEBUG Engine               - isAndroid: false
00:37:21.829 [FXGL Background Thread 3 ] DEBUG Engine               - isBrowser: false
00:37:21.829 [FXGL Background Thread 3 ] DEBUG Engine               - isClickFeedbackEnabled: false
00:37:21.829 [FXGL Background Thread 3 ] DEBUG Engine               - isCloseConfirmation: false
00:37:21.829 [FXGL Background Thread 3 ] DEBUG Engine               - isDesktop: true
00:37:21.829 [FXGL Background Thread 3 ] DEBUG Engine               - isDeveloperMenuEnabled: false
00:37:21.830 [FXGL Background Thread 3 ] DEBUG Engine               - isEmbedded: false
00:37:21.830 [FXGL Background Thread 3 ] DEBUG Engine               - isEntityPreloadEnabled: true
00:37:21.830 [FXGL Background Thread 3 ] DEBUG Engine               - isExperimentalTiledLargeMap: false
00:37:21.830 [FXGL Background Thread 3 ] DEBUG Engine               - isFileSystemWriteAllowed: true
00:37:21.830 [FXGL Background Thread 3 ] DEBUG Engine               - isFullScreenAllowed: true
00:37:21.830 [FXGL Background Thread 3 ] DEBUG Engine               - isFullScreenFromStart: true
00:37:21.830 [FXGL Background Thread 3 ] DEBUG Engine               - isGameMenuEnabled: true
00:37:21.830 [FXGL Background Thread 3 ] DEBUG Engine               - isIOS: false
00:37:21.830 [FXGL Background Thread 3 ] DEBUG Engine               - isIntroEnabled: false
00:37:21.830 [FXGL Background Thread 3 ] DEBUG Engine               - isLinux: false
00:37:21.830 [FXGL Background Thread 3 ] DEBUG Engine               - isMac: true
00:37:21.831 [FXGL Background Thread 3 ] DEBUG Engine               - isMainMenuEnabled: true
00:37:21.831 [FXGL Background Thread 3 ] DEBUG Engine               - isManualResizeEnabled: false
00:37:21.831 [FXGL Background Thread 3 ] DEBUG Engine               - isMobile: false
00:37:21.831 [FXGL Background Thread 3 ] DEBUG Engine               - isNative: false
00:37:21.831 [FXGL Background Thread 3 ] DEBUG Engine               - isPauseMusicWhenMinimized: true
00:37:21.831 [FXGL Background Thread 3 ] DEBUG Engine               - isPreserveResizeRatio: false
00:37:21.831 [FXGL Background Thread 3 ] DEBUG Engine               - isProfilingEnabled: false
00:37:21.831 [FXGL Background Thread 3 ] DEBUG Engine               - isScaleAffectedOnResize: true
00:37:21.831 [FXGL Background Thread 3 ] DEBUG Engine               - isSingleStep: false
00:37:21.832 [FXGL Background Thread 3 ] DEBUG Engine               - isUserProfileEnabled: false
00:37:21.832 [FXGL Background Thread 3 ] DEBUG Engine               - isWindows: false
00:37:21.832 [FXGL Background Thread 3 ] DEBUG Engine               - language: ObjectProperty [value: ENGLISH]
00:37:21.832 [FXGL Background Thread 3 ] DEBUG Engine               - menuKey: ESCAPE
00:37:21.832 [FXGL Background Thread 3 ] DEBUG Engine               - mouseSensitivity: 0.2
00:37:21.832 [FXGL Background Thread 3 ] DEBUG Engine               - notificationViewClass: class com.almasb.fxgl.notification.view.XboxNotificationView
00:37:21.832 [FXGL Background Thread 3 ] DEBUG Engine               - pixelsPerMeter: 50.0
00:37:21.832 [FXGL Background Thread 3 ] DEBUG Engine               - platform: MAC
00:37:21.832 [FXGL Background Thread 3 ] DEBUG Engine               - prefHeightProperty: ReadOnlyDoubleProperty [value: 720.0]
00:37:21.833 [FXGL Background Thread 3 ] DEBUG Engine               - prefWidthProperty: ReadOnlyDoubleProperty [value: 1280.0]
00:37:21.833 [FXGL Background Thread 3 ] DEBUG Engine               - profileDir: profiles/
00:37:21.833 [FXGL Background Thread 3 ] DEBUG Engine               - profileName: StringProperty [value: DEFAULT]
00:37:21.833 [FXGL Background Thread 3 ] DEBUG Engine               - randomSeed: -1
00:37:21.833 [FXGL Background Thread 3 ] DEBUG Engine               - runtimeInfo: RuntimeInfo(platform=MAC, version=21.1, build=27.03.2024 07.52)
00:37:21.833 [FXGL Background Thread 3 ] DEBUG Engine               - saveFileExt: sav
00:37:21.834 [FXGL Background Thread 3 ] DEBUG Engine               - scaledHeightProp$fxgl: DoubleProperty [bound, value: 800.0]
00:37:21.834 [FXGL Background Thread 3 ] DEBUG Engine               - scaledWidthProp$fxgl: DoubleProperty [bound, value: 1280.0]
00:37:21.834 [FXGL Background Thread 3 ] DEBUG Engine               - sceneFactory: com.oop2.typewiz.util.CustomSceneFactory@105caacd
00:37:21.834 [FXGL Background Thread 3 ] DEBUG Engine               - secondsIn24h: 60
00:37:21.834 [FXGL Background Thread 3 ] DEBUG Engine               - soundMenuBack: menu/back.wav
00:37:21.834 [FXGL Background Thread 3 ] DEBUG Engine               - soundMenuPress: menu/press.wav
00:37:21.834 [FXGL Background Thread 3 ] DEBUG Engine               - soundMenuSelect: menu/select.wav
00:37:21.834 [FXGL Background Thread 3 ] DEBUG Engine               - soundNotification: core/notification.wav
00:37:21.834 [FXGL Background Thread 3 ] DEBUG Engine               - stageStyle: DECORATED
00:37:21.834 [FXGL Background Thread 3 ] DEBUG Engine               - supportedLanguages: [ENGLISH, FRENCH, GERMAN, HUNGARIAN, RUSSIAN]
00:37:21.834 [FXGL Background Thread 3 ] DEBUG Engine               - ticksPerSecond: -1
00:37:21.835 [FXGL Background Thread 3 ] DEBUG Engine               - title: TypeWiz Login
00:37:21.835 [FXGL Background Thread 3 ] DEBUG Engine               - urlGithub: https://github.com/AlmasB/FXGL
00:37:21.835 [FXGL Background Thread 3 ] DEBUG Engine               - urlLeaderboard: http://fxgl-top.herokuapp.com/
00:37:21.835 [FXGL Background Thread 3 ] DEBUG Engine               - urlPOM: https://raw.githubusercontent.com/AlmasB/FXGL/release/README.md
00:37:21.835 [FXGL Background Thread 3 ] DEBUG Engine               - userAppClass: class com.oop2.typewiz.TypeWizApp
00:37:21.835 [FXGL Background Thread 3 ] DEBUG Engine               - version: 0.0
00:37:21.835 [FXGL Background Thread 3 ] DEBUG Engine               - versionCheckDays: 7
00:37:21.835 [FXGL Background Thread 3 ] DEBUG Engine               - width: 1280
00:37:21.835 [FXGL Background Thread 3 ] DEBUG Engine               - Logging services
00:37:21.836 [FXGL Background Thread 3 ] DEBUG Engine               - class com.almasb.fxgl.app.services.FXGLAssetLoaderService
00:37:21.836 [FXGL Background Thread 3 ] DEBUG Engine               - class com.almasb.fxgl.app.FXGLApplication$GameApplicationService
00:37:21.836 [FXGL Background Thread 3 ] DEBUG Engine               - class com.almasb.fxgl.app.services.FXGLDialogService
00:37:21.836 [FXGL Background Thread 3 ] DEBUG Engine               - class com.almasb.fxgl.app.services.IOTaskExecutorService
00:37:21.836 [FXGL Background Thread 3 ] DEBUG Engine               - class com.almasb.fxgl.io.FileSystemService
00:37:21.836 [FXGL Background Thread 3 ] DEBUG Engine               - class com.almasb.fxgl.localization.LocalizationService
00:37:21.836 [FXGL Background Thread 3 ] DEBUG Engine               - class com.almasb.fxgl.app.services.SystemBundleService
00:37:21.836 [FXGL Background Thread 3 ] DEBUG Engine               - class com.almasb.fxgl.profile.SaveLoadService
00:37:21.836 [FXGL Background Thread 3 ] DEBUG Engine               - class com.almasb.fxgl.ui.FXGLUIFactoryServiceProvider
00:37:21.836 [FXGL Background Thread 3 ] DEBUG Engine               - class com.almasb.fxgl.ui.FXGLDialogFactoryServiceProvider
00:37:21.837 [FXGL Background Thread 3 ] DEBUG Engine               - class com.almasb.fxgl.audio.AudioPlayer
00:37:21.837 [FXGL Background Thread 3 ] DEBUG Engine               - class com.almasb.fxgl.notification.impl.NotificationServiceProvider
00:37:21.837 [FXGL Background Thread 3 ] DEBUG Engine               - class com.almasb.fxgl.achievement.AchievementService
00:37:21.837 [FXGL Background Thread 3 ] DEBUG Engine               - class com.almasb.fxgl.cutscene.CutsceneService
00:37:21.837 [FXGL Background Thread 3 ] DEBUG Engine               - class com.almasb.fxgl.minigames.MiniGameService
00:37:21.837 [FXGL Background Thread 3 ] DEBUG Engine               - class com.almasb.fxgl.net.NetService
00:37:21.837 [FXGL Background Thread 3 ] DEBUG Engine               - class com.almasb.fxgl.app.services.UpdaterService
00:37:21.837 [FXGL Background Thread 3 ] DEBUG Engine               - class com.almasb.fxgl.dev.DevService
00:37:21.838 [JavaFX Application Thread] DEBUG PrimaryStageWindow   - Push state: LoadingScreen
00:37:21.838 [JavaFX Application Thread] DEBUG Input                - Clearing active input actions
00:37:21.839 [JavaFX Application Thread] DEBUG GameApplicationServi - Removing overlay from LoginScreen and adding to LoadingScreen
00:37:21.839 [JavaFX Application Thread] DEBUG PrimaryStageWindow   - LoginScreen -> LoadingScreen
00:37:21.839 [JavaFX Application Thread] DEBUG FXGLAssetLoaderServi - Loading from file system: file:/Users/archiecabiso/Documents/2nd%20Year%20-%20CS/2nd%20Sem/CSIT228/OOP2-Capstone/target/classes/assets/textures/magicbook.png
00:37:21.845 [JavaFX Application Thread] DEBUG FXGLAssetLoaderServi - Loading from file system: file:/Users/archiecabiso/Documents/2nd%20Year%20-%20CS/2nd%20Sem/CSIT228/OOP2-Capstone/target/classes/assets/textures/magicbook_hover.png
00:37:24.852 [JavaFX Application Thread] DEBUG FXGLAssetLoaderServi - Loading from file system: file:/Users/archiecabiso/Documents/2nd%20Year%20-%20CS/2nd%20Sem/CSIT228/OOP2-Capstone/target/classes/assets/music/bgm.mp3
00:37:24.873 [JavaFX Application Thread] DEBUG AudioPlayer          - Playing music com.almasb.fxgl.audio.Music@27b3f42
00:37:24.874 [JavaFX Application Thread] DEBUG PrimaryStageWindow   - Push state: MainMenuScreen
00:37:24.874 [JavaFX Application Thread] DEBUG Input                - Clearing active input actions
00:37:24.875 [JavaFX Application Thread] DEBUG GameApplicationServi - Removing overlay from LoadingScreen and adding to MainMenuScreen
00:37:24.876 [JavaFX Application Thread] DEBUG PrimaryStageWindow   - LoadingScreen -> MainMenuScreen
00:37:27.523 [JavaFX Application Thread] DEBUG PrimaryStageWindow   - Push state: DifficultyMenuScreen
00:37:27.523 [JavaFX Application Thread] DEBUG Input                - Clearing active input actions
00:37:27.524 [JavaFX Application Thread] DEBUG GameApplicationServi - Removing overlay from MainMenuScreen and adding to DifficultyMenuScreen
00:37:27.525 [JavaFX Application Thread] DEBUG PrimaryStageWindow   - MainMenuScreen -> DifficultyMenuScreen
00:37:29.305 [JavaFX Application Thread] DEBUG GameApplicationServi - Starting new game
00:37:29.308 [JavaFX Application Thread] DEBUG PrimaryStageWindow   - Pop state: DifficultyMenuScreen
00:37:29.308 [JavaFX Application Thread] DEBUG Input                - Clearing active input actions
00:37:29.310 [JavaFX Application Thread] DEBUG GameApplicationServi - Removing overlay from DifficultyMenuScreen and adding to MainMenuScreen
00:37:29.311 [JavaFX Application Thread] DEBUG PrimaryStageWindow   - MainMenuScreen <- DifficultyMenuScreen
00:37:29.314 [JavaFX Application Thread] DEBUG PrimaryStageWindow   - Pop state: MainMenuScreen
00:37:29.315 [JavaFX Application Thread] DEBUG Input                - Clearing active input actions
00:37:29.315 [JavaFX Application Thread] DEBUG GameApplicationServi - Removing overlay from MainMenuScreen and adding to LoadingScreen
00:37:29.316 [JavaFX Application Thread] DEBUG PrimaryStageWindow   - LoadingScreen <- MainMenuScreen
00:37:29.316 [JavaFX Application Thread] DEBUG PrimaryStageWindow   - Pop state: LoadingScreen
00:37:29.316 [JavaFX Application Thread] DEBUG Input                - Clearing active input actions
00:37:29.316 [JavaFX Application Thread] DEBUG GameApplicationServi - Removing overlay from LoadingScreen and adding to LoginScreen
00:37:29.317 [JavaFX Application Thread] DEBUG PrimaryStageWindow   - LoginScreen <- LoadingScreen
00:37:29.317 [JavaFX Application Thread] DEBUG PrimaryStageWindow   - Pop state: LoginScreen
00:37:29.317 [JavaFX Application Thread] DEBUG Input                - Clearing active input actions
00:37:29.318 [JavaFX Application Thread] DEBUG GameApplicationServi - Removing overlay from LoginScreen and adding to FXGLMainMenuDummyScene
00:37:29.318 [JavaFX Application Thread] DEBUG PrimaryStageWindow   - FXGLMainMenuDummyScene <- LoginScreen
00:37:29.318 [JavaFX Application Thread] DEBUG Input                - Clearing active input actions
00:37:29.339 [JavaFX Application Thread] DEBUG GameApplicationServi - Removing overlay from FXGLMainMenuDummyScene and adding to FXGLLoadingScene
00:37:29.340 [JavaFX Application Thread] DEBUG PrimaryStageWindow   - FXGLMainMenuDummyScene -> FXGLLoadingScene
00:37:29.340 [JavaFX Application Thread] DEBUG GameApplicationServi - Clearing previous game
00:37:29.340 [JavaFX Application Thread] DEBUG GameScene            - Clearing game scene
00:37:29.340 [JavaFX Application Thread] DEBUG GameWorld            - Clearing game world
00:37:29.341 [JavaFX Application Thread] DEBUG PhysicsWorld         - Clearing physics world
00:37:29.343 [FXGL Background Thread 2 ] DEBUG FXGLApplication      - Initializing game
00:37:29.387 [FXGL Background Thread 2 ] DEBUG FXGLAssetLoaderServi - Loading from file system: file:/Users/archiecabiso/Documents/2nd%20Year%20-%20CS/2nd%20Sem/CSIT228/OOP2-Capstone/target/classes/assets/textures/background-and-platforms/bg-midnightpurple_1280_720.png
00:37:29.498 [FXGL Background Thread 2 ] DEBUG FXGLAssetLoaderServi - Loading from file system: file:/Users/archiecabiso/Documents/2nd%20Year%20-%20CS/2nd%20Sem/CSIT228/OOP2-Capstone/target/classes/assets/textures/background-and-platforms/hdlargerplatform-purple.png
00:37:29.644 [FXGL Background Thread 2 ] DEBUG FXGLAssetLoaderServi - Loading from file system: file:/Users/archiecabiso/Documents/2nd%20Year%20-%20CS/2nd%20Sem/CSIT228/OOP2-Capstone/target/classes/assets/textures/wizard/wizard.png
00:37:29.760 [FXGL Background Thread 2 ] DEBUG FXGLAssetLoaderServi - Loading from file system: file:/Users/archiecabiso/Documents/2nd%20Year%20-%20CS/2nd%20Sem/CSIT228/OOP2-Capstone/target/classes/assets/textures/mobs/gargoyle/gargoyle.png
00:37:29.780 [FXGL Background Thread 2 ] DEBUG FXGLAssetLoaderServi - Loading from file system: file:/Users/archiecabiso/Documents/2nd%20Year%20-%20CS/2nd%20Sem/CSIT228/OOP2-Capstone/target/classes/assets/textures/mobs/grimouge/grimouge.png
00:37:29.860 [FXGL Background Thread 2 ] DEBUG FXGLAssetLoaderServi - Loading from file system: file:/Users/archiecabiso/Documents/2nd%20Year%20-%20CS/2nd%20Sem/CSIT228/OOP2-Capstone/target/classes/assets/textures/mobs/vyleye/vyleye.png
00:37:30.027 [FXGL Background Thread 2 ] INFO  FXGLApplication      - Game initialization took: 0.684 sec
00:37:30.028 [JavaFX Application Thread] DEBUG Input                - Clearing active input actions
00:37:30.035 [JavaFX Application Thread] DEBUG GameApplicationServi - Removing overlay from FXGLLoadingScene and adding to GameScene
00:37:30.035 [JavaFX Application Thread] DEBUG PrimaryStageWindow   - FXGLLoadingScene -> GameScene
00:37:30.716 [JavaFX Application Thread] DEBUG PrimaryStageWindow   - Push state: FXGLDefaultMenu
00:37:30.719 [JavaFX Application Thread] DEBUG Input                - Clearing active input actions
00:37:30.721 [JavaFX Application Thread] DEBUG GameApplicationServi - Removing overlay from GameScene and adding to FXGLDefaultMenu
00:37:30.722 [JavaFX Application Thread] DEBUG PrimaryStageWindow   - GameScene -> FXGLDefaultMenu
00:37:31.329 [JavaFX Application Thread] DEBUG AudioPlayer          - Stopping music com.almasb.fxgl.audio.Music@27b3f42
00:37:45.148 [JavaFX Application Thread] DEBUG Menu                 - fireExitToMainMenu()
00:37:45.164 [JavaFX Application Thread] DEBUG PrimaryStageWindow   - Push state: DialogSubScene
00:37:45.164 [JavaFX Application Thread] DEBUG Input                - Clearing active input actions
00:37:45.165 [JavaFX Application Thread] DEBUG GameApplicationServi - Removing overlay from FXGLDefaultMenu and adding to DialogSubScene
00:37:45.165 [JavaFX Application Thread] DEBUG PrimaryStageWindow   - FXGLDefaultMenu -> DialogSubScene
00:37:49.142 [JavaFX Application Thread] DEBUG PrimaryStageWindow   - Pop state: DialogSubScene
00:37:49.142 [JavaFX Application Thread] DEBUG Input                - Clearing active input actions
00:37:49.143 [JavaFX Application Thread] DEBUG GameApplicationServi - Removing overlay from DialogSubScene and adding to FXGLDefaultMenu
00:37:49.143 [JavaFX Application Thread] DEBUG PrimaryStageWindow   - FXGLDefaultMenu <- DialogSubScene
00:38:00.667 [JavaFX Application Thread] DEBUG Menu                 - fireResume()
00:38:00.673 [JavaFX Application Thread] DEBUG PrimaryStageWindow   - Pop state: FXGLDefaultMenu
00:38:00.673 [JavaFX Application Thread] DEBUG Input                - Clearing active input actions
00:38:00.678 [JavaFX Application Thread] DEBUG GameApplicationServi - Removing overlay from FXGLDefaultMenu and adding to GameScene
00:38:00.679 [JavaFX Application Thread] DEBUG PrimaryStageWindow   - GameScene <- FXGLDefaultMenu
00:38:02.014 [JavaFX Application Thread] DEBUG PrimaryStageWindow   - Push state: FXGLDefaultMenu
00:38:02.014 [JavaFX Application Thread] DEBUG Input                - Clearing active input actions
00:38:02.017 [JavaFX Application Thread] DEBUG GameApplicationServi - Removing overlay from GameScene and adding to FXGLDefaultMenu
00:38:02.019 [JavaFX Application Thread] DEBUG PrimaryStageWindow   - GameScene -> FXGLDefaultMenu
00:38:03.630 [JavaFX Application Thread] DEBUG Menu                 - fireExitToMainMenu()
00:38:03.632 [JavaFX Application Thread] DEBUG PrimaryStageWindow   - Push state: DialogSubScene
00:38:03.633 [JavaFX Application Thread] DEBUG Input                - Clearing active input actions
00:38:03.637 [JavaFX Application Thread] DEBUG GameApplicationServi - Removing overlay from FXGLDefaultMenu and adding to DialogSubScene
00:38:03.637 [JavaFX Application Thread] DEBUG PrimaryStageWindow   - FXGLDefaultMenu -> DialogSubScene
00:38:05.399 [JavaFX Application Thread] DEBUG PrimaryStageWindow   - Pop state: DialogSubScene
00:38:05.400 [JavaFX Application Thread] DEBUG Input                - Clearing active input actions
00:38:05.403 [JavaFX Application Thread] DEBUG GameApplicationServi - Removing overlay from DialogSubScene and adding to FXGLDefaultMenu
00:38:05.404 [JavaFX Application Thread] DEBUG PrimaryStageWindow   - FXGLDefaultMenu <- DialogSubScene
00:38:05.408 [JavaFX Application Thread] DEBUG PrimaryStageWindow   - Pop state: FXGLDefaultMenu
00:38:05.408 [JavaFX Application Thread] DEBUG Input                - Clearing active input actions
00:38:05.409 [JavaFX Application Thread] DEBUG GameApplicationServi - Removing overlay from FXGLDefaultMenu and adding to GameScene
00:38:05.410 [JavaFX Application Thread] DEBUG PrimaryStageWindow   - GameScene <- FXGLDefaultMenu
00:38:05.410 [JavaFX Application Thread] DEBUG Input                - Clearing active input actions
00:38:05.418 [JavaFX Application Thread] DEBUG GameApplicationServi - Removing overlay from GameScene and adding to FXGLMainMenuDummyScene
00:38:05.419 [JavaFX Application Thread] DEBUG PrimaryStageWindow   - GameScene -> FXGLMainMenuDummyScene
00:38:05.419 [JavaFX Application Thread] DEBUG PrimaryStageWindow   - Push state: LoginScreen
00:38:05.419 [JavaFX Application Thread] DEBUG Input                - Clearing active input actions
00:38:05.421 [JavaFX Application Thread] DEBUG GameApplicationServi - Removing overlay from FXGLMainMenuDummyScene and adding to LoginScreen
00:38:05.421 [JavaFX Application Thread] DEBUG PrimaryStageWindow   - FXGLMainMenuDummyScene -> LoginScreen
00:38:09.406 [JavaFX Application Thread] DEBUG FXGLApplication      - Exiting FXGL
00:38:09.406 [JavaFX Application Thread] DEBUG LoopRunner           - Stopping loop
00:38:09.406 [JavaFX Application Thread] DEBUG SystemBundleService  - Saving FXGL system data
00:38:09.411 [JavaFX Application Thread] DEBUG FileSystemAccess     - Writing to: /Users/archiecabiso/Documents/2nd Year - CS/2nd Sem/CSIT228/OOP2-Capstone/system/fxgl.bundle
00:38:09.414 [JavaFX Application Thread] DEBUG Async                - Shutting down background threads
00:38:09.414 [JavaFX Application Thread] DEBUG PrimaryStageWindow   - Closing main window
00:38:10.120 [JavaFX Application Thread] DEBUG Logger               - Closing Logger
