05:29:39.474 [main                     ] DEBUG Logger               - Configured Logger
05:29:39.499 [main                     ] DEBUG GameApplication      - Logging settings
Title: TypeWiz - Winter Theme
Version: 0.0
Width: 1280
Height: 720
Fullscreen: false
Intro: false
Profiling: false
Single step:false
App Mode: DEVELOPER
Menu Key: ESCAPE
Stage Style: DECORATED
Scene Factory: class com.almasb.fxgl.app.scene.SceneFactory

05:29:39.757 [JavaFX Application Thread] DEBUG FXGLApplication      - Initializing FXGL
05:29:39.761 [JavaFX Application Thread] INFO  Engine               - FXGL-21.1 (27.03.2024 07.52) on WINDOWS (J:21.0.3 FX:19)
05:29:39.761 [JavaFX Application Thread] DEBUG Engine               - JRE Vendor Name: Oracle Corporation
05:29:39.761 [JavaFX Application Thread] DEBUG Engine               - Running on OS: Windows 11 version 10.0
05:29:39.762 [JavaFX Application Thread] DEBUG Engine               - Architecture: amd64
05:29:39.762 [JavaFX Application Thread] INFO  Engine               - Source code and latest versions at: https://github.com/AlmasB/FXGL
05:29:39.762 [JavaFX Application Thread] INFO  Engine               -       Ask questions and discuss at: https://github.com/AlmasB/FXGL/discussions
05:29:39.762 [JavaFX Application Thread] INFO  Engine               -              Join the FXGL chat at: https://gitter.im/AlmasB/FXGL
05:29:39.828 [JavaFX Application Thread] DEBUG PrimaryStageWindow   - Creating a JavaFX scene
05:29:39.862 [JavaFX Application Thread] DEBUG PrimaryStageWindow   - Target settings size: 1280.0 x 720.0
05:29:39.862 [JavaFX Application Thread] DEBUG PrimaryStageWindow   - Scaled scene size:    1280.0 x 720.0
05:29:39.862 [JavaFX Application Thread] DEBUG PrimaryStageWindow   - Scaled ratio: (1.0, 1.0)
05:29:39.863 [JavaFX Application Thread] DEBUG PrimaryStageWindow   - Set initial scene to FXGLStartupScene
05:29:39.866 [JavaFX Application Thread] DEBUG PrimaryStageWindow   - Opening main window
05:29:39.933 [JavaFX Application Thread] DEBUG PrimaryStageWindow   - Window border size: (14.4000244140625, 37.5999755859375)
05:29:39.934 [JavaFX Application Thread] DEBUG PrimaryStageWindow   - Scaled size: 1280.0 x 720.0
05:29:39.934 [JavaFX Application Thread] DEBUG PrimaryStageWindow   - Scaled ratio: (1.0, 1.0)
05:29:39.934 [JavaFX Application Thread] DEBUG PrimaryStageWindow   - Scene size: 1280.0 x 720.0
05:29:39.934 [JavaFX Application Thread] DEBUG PrimaryStageWindow   - Stage size: 1294.4000244140625 x 757.5999755859375
05:29:39.940 [FXGL Background Thread 1 ] DEBUG Engine               - Initializing environment variables
05:29:39.986 [FXGL Background Thread 1 ] DEBUG FXGLAssetLoaderServi - User app class for loading assets: class com.oop2.typewiz.GameplayComponents.Game
05:29:39.986 [FXGL Background Thread 1 ] DEBUG GameApplicationServi - Applying CSS: fxgl_dark.css
05:29:39.987 [FXGL Background Thread 1 ] DEBUG FXGLAssetLoaderServi - Loading from file system: jar:file:///C:/Users/Ruhmer%20Jairus/.m2/repository/com/github/almasb/fxgl/21.1/fxgl-21.1.jar!/fxglassets/ui/css/fxgl_dark.css
05:29:40.025 [FXGL Background Thread 1 ] DEBUG GameApplicationServi - Initializing application scenes
05:29:40.078 [FXGL Background Thread 1 ] DEBUG GameWorld            - Game world initialized
05:29:40.139 [FXGL Background Thread 1 ] DEBUG PhysicsWorld         - Physics world initialized: appHeight=720, physics.ppm=50.0
05:29:40.139 [FXGL Background Thread 1 ] DEBUG PhysicsWorld         - Using strategy: BRUTE_FORCE
05:29:40.144 [FXGL Background Thread 1 ] DEBUG GameScene            - Game scene initialized: 1280x720
05:29:40.152 [FXGL Background Thread 1 ] DEBUG FXGL.DefaultMenu     - createMenuBodyGameMenu()
05:29:40.163 [FXGL Background Thread 1 ] DEBUG FXGL.DefaultMenu     - createOptionsMenu()
05:29:40.170 [FXGL Background Thread 1 ] DEBUG FXGLAssetLoaderServi - Loading from file system: jar:file:///C:/Users/Ruhmer%20Jairus/.m2/repository/com/github/almasb/fxgl/21.1/fxgl-21.1.jar!/fxglassets/textures/particles/smoke.png
05:29:40.262 [FXGL Background Thread 1 ] DEBUG FXGLAssetLoaderServi - Loading from file system: jar:file:///C:/Users/Ruhmer%20Jairus/.m2/repository/com/github/almasb/fxgl/21.1/fxgl-21.1.jar!/fxglassets/textures/particles/trace_horizontal.png
05:29:40.286 [FXGL Background Thread 1 ] DEBUG GameApplicationServi - Application scenes initialized
05:29:40.298 [FXGL Background Thread 1 ] DEBUG SystemBundleService  - Loading FXGL system data
05:29:40.301 [FXGL Background Thread 1 ] DEBUG FileSystemAccess     - Reading from: C:\Users\Ruhmer Jairus\OOP2-Capstone\system\fxgl.bundle
05:29:40.309 [FXGL Background Thread 1 ] DEBUG SystemBundleService  - Bundle FXGL: {}
05:29:40.310 [FXGL Background Thread 1 ] DEBUG UpdaterService       - Checking for updates
05:29:40.312 [FXGL Background Thread 4 ] DEBUG FXGLApplication      - Loading fonts
05:29:40.313 [FXGL Background Thread 1 ] DEBUG FXGLApplication      - Loading default localization
05:29:40.313 [FXGL Background Thread 4 ] DEBUG FXGLAssetLoaderServi - Loading from file system: jar:file:///C:/Users/Ruhmer%20Jairus/.m2/repository/com/github/almasb/fxgl/21.1/fxgl-21.1.jar!/fxglassets/ui/fonts/VarelaRound-Regular.ttf
05:29:40.313 [FXGL Background Thread 1 ] DEBUG FXGLAssetLoaderServi - Loading from file system: jar:file:///C:/Users/Ruhmer%20Jairus/.m2/repository/com/github/almasb/fxgl/21.1/fxgl-21.1.jar!/fxglassets/languages/english.lang
05:29:40.350 [FXGL Background Thread 4 ] DEBUG FXGLAssetLoaderServi - Loading from file system: jar:file:///C:/Users/Ruhmer%20Jairus/.m2/repository/com/github/almasb/fxgl/21.1/fxgl-21.1.jar!/fxglassets/ui/fonts/Abel-Regular.ttf
05:29:40.353 [FXGL Background Thread 4 ] DEBUG FXGLAssetLoaderServi - Loading from file system: jar:file:///C:/Users/Ruhmer%20Jairus/.m2/repository/com/github/almasb/fxgl/21.1/fxgl-21.1.jar!/fxglassets/ui/fonts/TerminalLandMono-Regular.otf
05:29:40.353 [FXGL Background Thread 1 ] INFO  FXGLApplication      - FXGL initialization took: 0.413 sec
05:29:40.355 [JavaFX Application Thread] DEBUG FXGLAssetLoaderServi - Loading from file system: jar:file:///C:/Users/Ruhmer%20Jairus/.m2/repository/com/github/almasb/fxgl/21.1/fxgl-21.1.jar!/fxglassets/textures/fxgl_icon.png
05:29:40.356 [FXGL Background Thread 4 ] DEBUG FXGLAssetLoaderServi - Loading from file system: jar:file:///C:/Users/Ruhmer%20Jairus/.m2/repository/com/github/almasb/fxgl/21.1/fxgl-21.1.jar!/fxglassets/ui/fonts/Courier-Prime.ttf
05:29:40.374 [JavaFX Application Thread] DEBUG FXGLAssetLoaderServi - Loading from file system: jar:file:///C:/Users/Ruhmer%20Jairus/.m2/repository/com/github/almasb/fxgl/21.1/fxgl-21.1.jar!/fxglassets/textures/fxgl_default_cursor.png
05:29:40.399 [JavaFX Application Thread] DEBUG Input                - Registered new binding: Screenshot - CTRL+8
05:29:40.399 [JavaFX Application Thread] DEBUG Input                - Registered new binding: System info dump - CTRL+9
05:29:40.400 [JavaFX Application Thread] DEBUG Input                - Registered new binding: Restart - CTRL+R
05:29:40.402 [JavaFX Application Thread] DEBUG Input                - Registered new binding: Toggle Debug Camera - CTRL+7
05:29:40.407 [JavaFX Application Thread] DEBUG LoopRunner           - Starting loop
05:29:40.407 [JavaFX Application Thread] DEBUG LoopRunner           - Initializing JavaFX AnimationTimerLoop
05:29:40.409 [JavaFX Application Thread] DEBUG GameApplicationServi - Starting new game
05:29:40.410 [JavaFX Application Thread] DEBUG Input                - Clearing active input actions
05:29:40.423 [JavaFX Application Thread] DEBUG GameApplicationServi - Removing overlay from FXGLStartupScene and adding to FXGLLoadingScene
05:29:40.424 [JavaFX Application Thread] DEBUG PrimaryStageWindow   - FXGLStartupScene -> FXGLLoadingScene
05:29:40.424 [JavaFX Application Thread] DEBUG GameApplicationServi - Clearing previous game
05:29:40.424 [JavaFX Application Thread] DEBUG GameScene            - Clearing game scene
05:29:40.424 [JavaFX Application Thread] DEBUG GameWorld            - Clearing game world
05:29:40.424 [JavaFX Application Thread] DEBUG PhysicsWorld         - Clearing physics world
05:29:40.426 [FXGL Background Thread 4 ] DEBUG FXGLApplication      - Initializing game
05:29:40.428 [JavaFX Application Thread] DEBUG FXGLApplication      - Registering font factories with UI factory
05:29:40.428 [FXGL Background Thread 4 ] DEBUG FXGLAssetLoaderServi - Loading from file system: file:/C:/Users/Ruhmer%20Jairus/OOP2-Capstone/target/classes/assets/textures/background-and-platforms/bg-winter_1280_720.png
05:29:40.468 [FXGL Background Thread 4 ] DEBUG FXGLAssetLoaderServi - Loading from file system: file:/C:/Users/Ruhmer%20Jairus/OOP2-Capstone/target/classes/assets/textures/background-and-platforms/hdlargerplatform-winter.png
05:29:40.566 [FXGL Background Thread 4 ] DEBUG FXGLAssetLoaderServi - Loading from file system: file:/C:/Users/Ruhmer%20Jairus/OOP2-Capstone/target/classes/assets/textures/wizard/wizard.png
05:29:40.682 [FXGL Background Thread 4 ] INFO  FXGLApplication      - Game initialization took: 0.257 sec
05:29:40.686 [JavaFX Application Thread] DEBUG Input                - Clearing active input actions
05:29:40.701 [JavaFX Application Thread] DEBUG GameApplicationServi - Removing overlay from FXGLLoadingScene and adding to GameScene
05:29:40.702 [JavaFX Application Thread] DEBUG PrimaryStageWindow   - FXGLLoadingScene -> GameScene
05:29:43.312 [FXGL Background Thread 3 ] DEBUG Engine               - Logging environment variables
05:29:43.312 [FXGL Background Thread 3 ] DEBUG Engine               - achievements: []
05:29:43.312 [FXGL Background Thread 3 ] DEBUG Engine               - actualHeight: 720.0
05:29:43.313 [FXGL Background Thread 3 ] DEBUG Engine               - actualHeightProperty: ReadOnlyDoubleProperty [value: 720.0]
05:29:43.313 [FXGL Background Thread 3 ] DEBUG Engine               - actualWidth: 1280.0
05:29:43.313 [FXGL Background Thread 3 ] DEBUG Engine               - actualWidthProperty: ReadOnlyDoubleProperty [value: 1280.0]
05:29:43.313 [FXGL Background Thread 3 ] DEBUG Engine               - appIcon: fxgl_icon.png
05:29:43.313 [FXGL Background Thread 3 ] DEBUG Engine               - applicationMode: DEVELOPER
05:29:43.313 [FXGL Background Thread 3 ] DEBUG Engine               - cSSList: [fxgl_dark.css]
05:29:43.313 [FXGL Background Thread 3 ] DEBUG Engine               - collisionDetectionStrategy: BRUTE_FORCE
05:29:43.313 [FXGL Background Thread 3 ] DEBUG Engine               - configClass: Optional.empty
05:29:43.313 [FXGL Background Thread 3 ] DEBUG Engine               - credits: []
05:29:43.313 [FXGL Background Thread 3 ] DEBUG Engine               - defaultCursor: CursorInfo(imageName=fxgl_default_cursor.png, hotspotX=7.0, hotspotY=6.0)
05:29:43.313 [FXGL Background Thread 3 ] DEBUG Engine               - devBBoxColorProperty: ObjectProperty [value: 0xff0000ff]
05:29:43.313 [FXGL Background Thread 3 ] DEBUG Engine               - devEnableDebugCameraProperty: BooleanProperty [value: false]
05:29:43.314 [FXGL Background Thread 3 ] DEBUG Engine               - devSensorColorProperty: ObjectProperty [value: 0xffff00ff]
05:29:43.314 [FXGL Background Thread 3 ] DEBUG Engine               - devShowBBoxProperty: BooleanProperty [value: false]
05:29:43.314 [FXGL Background Thread 3 ] DEBUG Engine               - devShowPositionProperty: BooleanProperty [value: false]
05:29:43.314 [FXGL Background Thread 3 ] DEBUG Engine               - enabledMenuItems: []
05:29:43.314 [FXGL Background Thread 3 ] DEBUG Engine               - engineServices: [class com.almasb.fxgl.app.services.FXGLAssetLoaderService, class com.almasb.fxgl.app.FXGLApplication$GameApplicationService, class com.almasb.fxgl.app.services.FXGLDialogService, class com.almasb.fxgl.app.services.IOTaskExecutorService, class com.almasb.fxgl.io.FileSystemService, class com.almasb.fxgl.localization.LocalizationService, class com.almasb.fxgl.app.services.SystemBundleService, class com.almasb.fxgl.profile.SaveLoadService, class com.almasb.fxgl.ui.FXGLUIFactoryServiceProvider, class com.almasb.fxgl.ui.FXGLDialogFactoryServiceProvider, class com.almasb.fxgl.audio.AudioPlayer, class com.almasb.fxgl.notification.impl.NotificationServiceProvider, class com.almasb.fxgl.achievement.AchievementService, class com.almasb.fxgl.cutscene.CutsceneService, class com.almasb.fxgl.minigames.MiniGameService, class com.almasb.fxgl.net.NetService, class com.almasb.fxgl.app.services.UpdaterService, class com.almasb.fxgl.dev.DevService]
05:29:43.314 [FXGL Background Thread 3 ] DEBUG Engine               - fontGame: Abel-Regular.ttf
05:29:43.314 [FXGL Background Thread 3 ] DEBUG Engine               - fontMono: TerminalLandMono-Regular.otf
05:29:43.314 [FXGL Background Thread 3 ] DEBUG Engine               - fontSizeScaleUI: 1.0
05:29:43.314 [FXGL Background Thread 3 ] DEBUG Engine               - fontText: Courier-Prime.ttf
05:29:43.314 [FXGL Background Thread 3 ] DEBUG Engine               - fontUI: VarelaRound-Regular.ttf
05:29:43.314 [FXGL Background Thread 3 ] DEBUG Engine               - fullScreen: BooleanProperty [value: false]
05:29:43.314 [FXGL Background Thread 3 ] DEBUG Engine               - gameDifficulty: MEDIUM
05:29:43.314 [FXGL Background Thread 3 ] DEBUG Engine               - gameDifficultyProperty: ObjectProperty [value: MEDIUM]
05:29:43.314 [FXGL Background Thread 3 ] DEBUG Engine               - globalMusicVolume: 0.5
05:29:43.314 [FXGL Background Thread 3 ] DEBUG Engine               - globalMusicVolumeProperty: DoubleProperty [value: 0.5]
05:29:43.314 [FXGL Background Thread 3 ] DEBUG Engine               - globalSoundVolume: 0.5
05:29:43.314 [FXGL Background Thread 3 ] DEBUG Engine               - globalSoundVolumeProperty: DoubleProperty [value: 0.5]
05:29:43.314 [FXGL Background Thread 3 ] DEBUG Engine               - height: 720
05:29:43.314 [FXGL Background Thread 3 ] DEBUG Engine               - is3D: false
05:29:43.314 [FXGL Background Thread 3 ] DEBUG Engine               - isAndroid: false
05:29:43.314 [FXGL Background Thread 3 ] DEBUG Engine               - isBrowser: false
05:29:43.314 [FXGL Background Thread 3 ] DEBUG Engine               - isClickFeedbackEnabled: false
05:29:43.314 [FXGL Background Thread 3 ] DEBUG Engine               - isCloseConfirmation: false
05:29:43.314 [FXGL Background Thread 3 ] DEBUG Engine               - isDesktop: true
05:29:43.315 [FXGL Background Thread 3 ] DEBUG Engine               - isDeveloperMenuEnabled: false
05:29:43.315 [FXGL Background Thread 3 ] DEBUG Engine               - isEmbedded: false
05:29:43.315 [FXGL Background Thread 3 ] DEBUG Engine               - isEntityPreloadEnabled: true
05:29:43.315 [FXGL Background Thread 3 ] DEBUG Engine               - isExperimentalTiledLargeMap: false
05:29:43.315 [FXGL Background Thread 3 ] DEBUG Engine               - isFileSystemWriteAllowed: true
05:29:43.315 [FXGL Background Thread 3 ] DEBUG Engine               - isFullScreenAllowed: false
05:29:43.315 [FXGL Background Thread 3 ] DEBUG Engine               - isFullScreenFromStart: false
05:29:43.315 [FXGL Background Thread 3 ] DEBUG Engine               - isGameMenuEnabled: true
05:29:43.315 [FXGL Background Thread 3 ] DEBUG Engine               - isIOS: false
05:29:43.315 [FXGL Background Thread 3 ] DEBUG Engine               - isIntroEnabled: false
05:29:43.315 [FXGL Background Thread 3 ] DEBUG Engine               - isLinux: false
05:29:43.315 [FXGL Background Thread 3 ] DEBUG Engine               - isMac: false
05:29:43.315 [FXGL Background Thread 3 ] DEBUG Engine               - isMainMenuEnabled: false
05:29:43.315 [FXGL Background Thread 3 ] DEBUG Engine               - isManualResizeEnabled: false
05:29:43.315 [FXGL Background Thread 3 ] DEBUG Engine               - isMobile: false
05:29:43.315 [FXGL Background Thread 3 ] DEBUG Engine               - isNative: false
05:29:43.315 [FXGL Background Thread 3 ] DEBUG Engine               - isPauseMusicWhenMinimized: true
05:29:43.315 [FXGL Background Thread 3 ] DEBUG Engine               - isPreserveResizeRatio: false
05:29:43.315 [FXGL Background Thread 3 ] DEBUG Engine               - isProfilingEnabled: false
05:29:43.315 [FXGL Background Thread 3 ] DEBUG Engine               - isScaleAffectedOnResize: true
05:29:43.315 [FXGL Background Thread 3 ] DEBUG Engine               - isSingleStep: false
05:29:43.315 [FXGL Background Thread 3 ] DEBUG Engine               - isUserProfileEnabled: false
05:29:43.315 [FXGL Background Thread 3 ] DEBUG Engine               - isWindows: true
05:29:43.315 [FXGL Background Thread 3 ] DEBUG Engine               - language: ObjectProperty [value: ENGLISH]
05:29:43.315 [FXGL Background Thread 3 ] DEBUG Engine               - menuKey: ESCAPE
05:29:43.315 [FXGL Background Thread 3 ] DEBUG Engine               - mouseSensitivity: 0.2
05:29:43.315 [FXGL Background Thread 3 ] DEBUG Engine               - notificationViewClass: class com.almasb.fxgl.notification.view.XboxNotificationView
05:29:43.315 [FXGL Background Thread 3 ] DEBUG Engine               - pixelsPerMeter: 50.0
05:29:43.315 [FXGL Background Thread 3 ] DEBUG Engine               - platform: WINDOWS
05:29:43.315 [FXGL Background Thread 3 ] DEBUG Engine               - prefHeightProperty: ReadOnlyDoubleProperty [value: 720.0]
05:29:43.316 [FXGL Background Thread 3 ] DEBUG Engine               - prefWidthProperty: ReadOnlyDoubleProperty [value: 1280.0]
05:29:43.316 [FXGL Background Thread 3 ] DEBUG Engine               - profileDir: profiles/
05:29:43.316 [FXGL Background Thread 3 ] DEBUG Engine               - profileName: StringProperty [value: DEFAULT]
05:29:43.316 [FXGL Background Thread 3 ] DEBUG Engine               - randomSeed: -1
05:29:43.316 [FXGL Background Thread 3 ] DEBUG Engine               - runtimeInfo: RuntimeInfo(platform=WINDOWS, version=21.1, build=27.03.2024 07.52)
05:29:43.316 [FXGL Background Thread 3 ] DEBUG Engine               - saveFileExt: sav
05:29:43.316 [FXGL Background Thread 3 ] DEBUG Engine               - scaledHeightProp$fxgl: DoubleProperty [bound, value: 720.0]
05:29:43.316 [FXGL Background Thread 3 ] DEBUG Engine               - scaledWidthProp$fxgl: DoubleProperty [bound, value: 1280.0]
05:29:43.316 [FXGL Background Thread 3 ] DEBUG Engine               - sceneFactory: com.almasb.fxgl.app.scene.SceneFactory@4f60e45a
05:29:43.316 [FXGL Background Thread 3 ] DEBUG Engine               - secondsIn24h: 60
05:29:43.316 [FXGL Background Thread 3 ] DEBUG Engine               - soundMenuBack: menu/back.wav
05:29:43.316 [FXGL Background Thread 3 ] DEBUG Engine               - soundMenuPress: menu/press.wav
05:29:43.316 [FXGL Background Thread 3 ] DEBUG Engine               - soundMenuSelect: menu/select.wav
05:29:43.316 [FXGL Background Thread 3 ] DEBUG Engine               - soundNotification: core/notification.wav
05:29:43.316 [FXGL Background Thread 3 ] DEBUG Engine               - stageStyle: DECORATED
05:29:43.316 [FXGL Background Thread 3 ] DEBUG Engine               - supportedLanguages: [ENGLISH, FRENCH, GERMAN, HUNGARIAN, RUSSIAN]
05:29:43.316 [FXGL Background Thread 3 ] DEBUG Engine               - ticksPerSecond: -1
05:29:43.316 [FXGL Background Thread 3 ] DEBUG Engine               - title: TypeWiz - Winter Theme
05:29:43.316 [FXGL Background Thread 3 ] DEBUG Engine               - urlGithub: https://github.com/AlmasB/FXGL
05:29:43.316 [FXGL Background Thread 3 ] DEBUG Engine               - urlLeaderboard: http://fxgl-top.herokuapp.com/
05:29:43.317 [FXGL Background Thread 3 ] DEBUG Engine               - urlPOM: https://raw.githubusercontent.com/AlmasB/FXGL/release/README.md
05:29:43.317 [FXGL Background Thread 3 ] DEBUG Engine               - userAppClass: class com.oop2.typewiz.GameplayComponents.Game
05:29:43.317 [FXGL Background Thread 3 ] DEBUG Engine               - version: 0.0
05:29:43.317 [FXGL Background Thread 3 ] DEBUG Engine               - versionCheckDays: 7
05:29:43.317 [FXGL Background Thread 3 ] DEBUG Engine               - width: 1280
05:29:43.317 [FXGL Background Thread 3 ] DEBUG Engine               - Logging services
05:29:43.317 [FXGL Background Thread 3 ] DEBUG Engine               - class com.almasb.fxgl.app.services.FXGLAssetLoaderService
05:29:43.317 [FXGL Background Thread 3 ] DEBUG Engine               - class com.almasb.fxgl.app.FXGLApplication$GameApplicationService
05:29:43.317 [FXGL Background Thread 3 ] DEBUG Engine               - class com.almasb.fxgl.app.services.FXGLDialogService
05:29:43.317 [FXGL Background Thread 3 ] DEBUG Engine               - class com.almasb.fxgl.app.services.IOTaskExecutorService
05:29:43.317 [FXGL Background Thread 3 ] DEBUG Engine               - class com.almasb.fxgl.io.FileSystemService
05:29:43.317 [FXGL Background Thread 3 ] DEBUG Engine               - class com.almasb.fxgl.localization.LocalizationService
05:29:43.317 [FXGL Background Thread 3 ] DEBUG Engine               - class com.almasb.fxgl.app.services.SystemBundleService
05:29:43.317 [FXGL Background Thread 3 ] DEBUG Engine               - class com.almasb.fxgl.profile.SaveLoadService
05:29:43.317 [FXGL Background Thread 3 ] DEBUG Engine               - class com.almasb.fxgl.ui.FXGLUIFactoryServiceProvider
05:29:43.317 [FXGL Background Thread 3 ] DEBUG Engine               - class com.almasb.fxgl.ui.FXGLDialogFactoryServiceProvider
05:29:43.317 [FXGL Background Thread 3 ] DEBUG Engine               - class com.almasb.fxgl.audio.AudioPlayer
05:29:43.317 [FXGL Background Thread 3 ] DEBUG Engine               - class com.almasb.fxgl.notification.impl.NotificationServiceProvider
05:29:43.317 [FXGL Background Thread 3 ] DEBUG Engine               - class com.almasb.fxgl.achievement.AchievementService
05:29:43.317 [FXGL Background Thread 3 ] DEBUG Engine               - class com.almasb.fxgl.cutscene.CutsceneService
05:29:43.317 [FXGL Background Thread 3 ] DEBUG Engine               - class com.almasb.fxgl.minigames.MiniGameService
05:29:43.317 [FXGL Background Thread 3 ] DEBUG Engine               - class com.almasb.fxgl.net.NetService
05:29:43.317 [FXGL Background Thread 3 ] DEBUG Engine               - class com.almasb.fxgl.app.services.UpdaterService
05:29:43.317 [FXGL Background Thread 3 ] DEBUG Engine               - class com.almasb.fxgl.dev.DevService
05:29:44.473 [JavaFX Application Thread] DEBUG FXGLApplication      - Exiting FXGL
05:29:44.473 [JavaFX Application Thread] DEBUG LoopRunner           - Stopping loop
05:29:44.473 [JavaFX Application Thread] DEBUG SystemBundleService  - Saving FXGL system data
05:29:44.475 [JavaFX Application Thread] DEBUG FileSystemAccess     - Writing to: C:\Users\Ruhmer Jairus\OOP2-Capstone\system\fxgl.bundle
05:29:44.477 [JavaFX Application Thread] DEBUG Async                - Shutting down background threads
05:29:44.477 [JavaFX Application Thread] DEBUG PrimaryStageWindow   - Closing main window
05:29:44.489 [JavaFX Application Thread] DEBUG Logger               - Closing Logger
