15:39:24.164 [main                     ] DEBUG Logger               - Configured Logger
15:39:24.189 [main                     ] DEBUG GameApplication      - Logging settings
Title: TypeWiz
Version: 0.0
Width: 1280
Height: 720
Fullscreen: true
Intro: false
Profiling: false
Single step:false
App Mode: DEVELOPER
Menu Key: ESCAPE
Stage Style: DECORATED
Scene Factory: class com.oop2.typewiz.util.CustomSceneFactory

15:39:24.439 [JavaFX Application Thread] DEBUG FXGLApplication      - Initializing FXGL
15:39:24.442 [JavaFX Application Thread] INFO  Engine               - FXGL-21.1 (27.03.2024 07.52) on WINDOWS (J:21.0.3 FX:19)
15:39:24.443 [JavaFX Application Thread] DEBUG Engine               - JRE Vendor Name: Oracle Corporation
15:39:24.443 [JavaFX Application Thread] DEBUG Engine               - Running on OS: Windows 11 version 10.0
15:39:24.443 [JavaFX Application Thread] DEBUG Engine               - Architecture: amd64
15:39:24.443 [JavaFX Application Thread] INFO  Engine               - Source code and latest versions at: https://github.com/AlmasB/FXGL
15:39:24.443 [JavaFX Application Thread] INFO  Engine               -       Ask questions and discuss at: https://github.com/AlmasB/FXGL/discussions
15:39:24.443 [JavaFX Application Thread] INFO  Engine               -              Join the FXGL chat at: https://gitter.im/AlmasB/FXGL
15:39:24.509 [JavaFX Application Thread] DEBUG PrimaryStageWindow   - Creating a JavaFX scene
15:39:24.545 [JavaFX Application Thread] DEBUG PrimaryStageWindow   - Target settings size: 1280.0 x 720.0
15:39:24.546 [JavaFX Application Thread] DEBUG PrimaryStageWindow   - Scaled scene size:    1280.0 x 720.0
15:39:24.546 [JavaFX Application Thread] DEBUG PrimaryStageWindow   - Scaled ratio: (1.0, 1.0)
15:39:24.547 [JavaFX Application Thread] DEBUG PrimaryStageWindow   - Set initial scene to FXGLStartupScene
15:39:24.550 [JavaFX Application Thread] DEBUG PrimaryStageWindow   - Opening main window
15:39:24.615 [JavaFX Application Thread] DEBUG PrimaryStageWindow   - Window border size: (14.4000244140625, 37.5999755859375)
15:39:24.615 [JavaFX Application Thread] DEBUG PrimaryStageWindow   - Scaled size: 1280.0 x 720.0
15:39:24.616 [JavaFX Application Thread] DEBUG PrimaryStageWindow   - Scaled ratio: (1.0, 1.0)
15:39:24.616 [JavaFX Application Thread] DEBUG PrimaryStageWindow   - Scene size: 1280.0 x 720.0
15:39:24.616 [JavaFX Application Thread] DEBUG PrimaryStageWindow   - Stage size: 1294.4000244140625 x 757.5999755859375
15:39:24.694 [JavaFX Application Thread] DEBUG PrimaryStageWindow   - Going fullscreen
15:39:24.702 [FXGL Background Thread 1 ] DEBUG Engine               - Initializing environment variables
15:39:24.749 [FXGL Background Thread 1 ] DEBUG FXGLAssetLoaderServi - User app class for loading assets: class com.oop2.typewiz.TypeWizApp
15:39:24.749 [FXGL Background Thread 1 ] DEBUG GameApplicationServi - Applying CSS: fxgl_dark.css
15:39:24.750 [FXGL Background Thread 1 ] DEBUG FXGLAssetLoaderServi - Loading from file system: jar:file:///C:/Users/Ruhmer%20Jairus/.m2/repository/com/github/almasb/fxgl/21.1/fxgl-21.1.jar!/fxglassets/ui/css/fxgl_dark.css
15:39:24.791 [FXGL Background Thread 1 ] DEBUG GameApplicationServi - Initializing application scenes
15:39:24.848 [FXGL Background Thread 1 ] DEBUG GameWorld            - Game world initialized
15:39:24.908 [FXGL Background Thread 1 ] DEBUG PhysicsWorld         - Physics world initialized: appHeight=720, physics.ppm=50.0
15:39:24.909 [FXGL Background Thread 1 ] DEBUG PhysicsWorld         - Using strategy: BRUTE_FORCE
15:39:24.913 [FXGL Background Thread 1 ] DEBUG GameScene            - Game scene initialized: 1280x720
15:39:25.144 [FXGL Background Thread 1 ] DEBUG GameApplicationServi - Application scenes initialized
15:39:25.153 [FXGL Background Thread 1 ] DEBUG SystemBundleService  - Loading FXGL system data
15:39:25.156 [FXGL Background Thread 1 ] DEBUG FileSystemAccess     - Reading from: C:\Users\Ruhmer Jairus\OOP2-Capstone\system\fxgl.bundle
15:39:25.162 [FXGL Background Thread 1 ] DEBUG SystemBundleService  - Bundle FXGL: {}
15:39:25.162 [FXGL Background Thread 1 ] DEBUG UpdaterService       - Checking for updates
15:39:25.165 [FXGL Background Thread 4 ] DEBUG FXGLApplication      - Loading fonts
15:39:25.166 [FXGL Background Thread 4 ] DEBUG FXGLAssetLoaderServi - Loading from file system: jar:file:///C:/Users/Ruhmer%20Jairus/.m2/repository/com/github/almasb/fxgl/21.1/fxgl-21.1.jar!/fxglassets/ui/fonts/VarelaRound-Regular.ttf
15:39:25.166 [FXGL Background Thread 1 ] DEBUG FXGLApplication      - Loading default localization
15:39:25.167 [FXGL Background Thread 1 ] DEBUG FXGLAssetLoaderServi - Loading from file system: jar:file:///C:/Users/Ruhmer%20Jairus/.m2/repository/com/github/almasb/fxgl/21.1/fxgl-21.1.jar!/fxglassets/languages/english.lang
15:39:25.183 [FXGL Background Thread 1 ] INFO  FXGLApplication      - FXGL initialization took: 0.481 sec
15:39:25.185 [JavaFX Application Thread] DEBUG FXGLAssetLoaderServi - Loading from file system: jar:file:///C:/Users/Ruhmer%20Jairus/.m2/repository/com/github/almasb/fxgl/21.1/fxgl-21.1.jar!/fxglassets/textures/fxgl_icon.png
15:39:25.195 [FXGL Background Thread 4 ] DEBUG FXGLAssetLoaderServi - Loading from file system: jar:file:///C:/Users/Ruhmer%20Jairus/.m2/repository/com/github/almasb/fxgl/21.1/fxgl-21.1.jar!/fxglassets/ui/fonts/Abel-Regular.ttf
15:39:25.198 [JavaFX Application Thread] DEBUG FXGLAssetLoaderServi - Loading from file system: jar:file:///C:/Users/Ruhmer%20Jairus/.m2/repository/com/github/almasb/fxgl/21.1/fxgl-21.1.jar!/fxglassets/textures/fxgl_default_cursor.png
15:39:25.198 [FXGL Background Thread 4 ] DEBUG FXGLAssetLoaderServi - Loading from file system: jar:file:///C:/Users/Ruhmer%20Jairus/.m2/repository/com/github/almasb/fxgl/21.1/fxgl-21.1.jar!/fxglassets/ui/fonts/TerminalLandMono-Regular.otf
15:39:25.201 [FXGL Background Thread 4 ] DEBUG FXGLAssetLoaderServi - Loading from file system: jar:file:///C:/Users/Ruhmer%20Jairus/.m2/repository/com/github/almasb/fxgl/21.1/fxgl-21.1.jar!/fxglassets/ui/fonts/Courier-Prime.ttf
15:39:25.206 [JavaFX Application Thread] DEBUG Input                - Registered new binding: Screenshot - CTRL+8
15:39:25.207 [JavaFX Application Thread] DEBUG Input                - Registered new binding: System info dump - CTRL+9
15:39:25.207 [JavaFX Application Thread] DEBUG Input                - Registered new binding: Restart - CTRL+R
15:39:25.208 [JavaFX Application Thread] DEBUG Input                - Registered new binding: Toggle Debug Camera - CTRL+7
15:39:25.210 [JavaFX Application Thread] DEBUG LoopRunner           - Starting loop
15:39:25.210 [JavaFX Application Thread] DEBUG LoopRunner           - Initializing JavaFX AnimationTimerLoop
15:39:25.212 [JavaFX Application Thread] DEBUG Input                - Clearing active input actions
15:39:25.220 [JavaFX Application Thread] DEBUG GameApplicationServi - Removing overlay from FXGLStartupScene and adding to FXGLMainMenuDummyScene
15:39:25.220 [JavaFX Application Thread] DEBUG PrimaryStageWindow   - FXGLStartupScene -> FXGLMainMenuDummyScene
15:39:25.220 [JavaFX Application Thread] DEBUG PrimaryStageWindow   - Push state: LoginScreen
15:39:25.221 [JavaFX Application Thread] DEBUG Input                - Clearing active input actions
15:39:25.239 [JavaFX Application Thread] DEBUG GameApplicationServi - Removing overlay from FXGLMainMenuDummyScene and adding to LoginScreen
15:39:25.239 [JavaFX Application Thread] DEBUG PrimaryStageWindow   - FXGLMainMenuDummyScene -> LoginScreen
15:39:25.537 [JavaFX Application Thread] DEBUG FXGLApplication      - Registering font factories with UI factory
15:39:26.765 [JavaFX Application Thread] DEBUG FXGLAssetLoaderServi - Loading from file system: file:/C:/Users/Ruhmer%20Jairus/OOP2-Capstone/target/classes/assets/sounds/sound-library/hover.wav
15:39:27.018 [JavaFX Application Thread] DEBUG FXGLAssetLoaderServi - Loading from file system: file:/C:/Users/Ruhmer%20Jairus/OOP2-Capstone/target/classes/assets/sounds/sound-library/click.wav
15:39:27.024 [JavaFX Application Thread] DEBUG FXGLAssetLoaderServi - Loading from file system: file:/C:/Users/Ruhmer%20Jairus/OOP2-Capstone/target/classes/assets/music/magic.wav
15:39:27.183 [JavaFX Application Thread] DEBUG AudioPlayer          - Playing music com.almasb.fxgl.audio.Music@713ec29e
15:39:27.227 [JavaFX Application Thread] DEBUG PrimaryStageWindow   - Push state: LoadingScreen
15:39:27.227 [JavaFX Application Thread] DEBUG Input                - Clearing active input actions
15:39:27.228 [JavaFX Application Thread] DEBUG GameApplicationServi - Removing overlay from LoginScreen and adding to LoadingScreen
15:39:27.228 [JavaFX Application Thread] DEBUG PrimaryStageWindow   - LoginScreen -> LoadingScreen
15:39:27.228 [JavaFX Application Thread] DEBUG FXGLAssetLoaderServi - Loading from file system: file:/C:/Users/Ruhmer%20Jairus/OOP2-Capstone/target/classes/assets/textures/magicbook.png
15:39:27.232 [JavaFX Application Thread] DEBUG FXGLAssetLoaderServi - Loading from file system: file:/C:/Users/Ruhmer%20Jairus/OOP2-Capstone/target/classes/assets/textures/magicbook_hover.png
15:39:28.166 [FXGL Background Thread 3 ] DEBUG Engine               - Logging environment variables
15:39:28.166 [FXGL Background Thread 3 ] DEBUG Engine               - achievements: []
15:39:28.166 [FXGL Background Thread 3 ] DEBUG Engine               - actualHeight: 864.0
15:39:28.166 [FXGL Background Thread 3 ] DEBUG Engine               - actualHeightProperty: ReadOnlyDoubleProperty [value: 864.0]
15:39:28.166 [FXGL Background Thread 3 ] DEBUG Engine               - actualWidth: 1536.0
15:39:28.166 [FXGL Background Thread 3 ] DEBUG Engine               - actualWidthProperty: ReadOnlyDoubleProperty [value: 1536.0]
15:39:28.166 [FXGL Background Thread 3 ] DEBUG Engine               - appIcon: fxgl_icon.png
15:39:28.166 [FXGL Background Thread 3 ] DEBUG Engine               - applicationMode: DEVELOPER
15:39:28.167 [FXGL Background Thread 3 ] DEBUG Engine               - cSSList: [fxgl_dark.css]
15:39:28.167 [FXGL Background Thread 3 ] DEBUG Engine               - collisionDetectionStrategy: BRUTE_FORCE
15:39:28.167 [FXGL Background Thread 3 ] DEBUG Engine               - configClass: Optional.empty
15:39:28.167 [FXGL Background Thread 3 ] DEBUG Engine               - credits: []
15:39:28.169 [FXGL Background Thread 3 ] DEBUG Engine               - defaultCursor: CursorInfo(imageName=fxgl_default_cursor.png, hotspotX=7.0, hotspotY=6.0)
15:39:28.169 [FXGL Background Thread 3 ] DEBUG Engine               - devBBoxColorProperty: ObjectProperty [value: 0xff0000ff]
15:39:28.169 [FXGL Background Thread 3 ] DEBUG Engine               - devEnableDebugCameraProperty: BooleanProperty [value: false]
15:39:28.169 [FXGL Background Thread 3 ] DEBUG Engine               - devSensorColorProperty: ObjectProperty [value: 0xffff00ff]
15:39:28.169 [FXGL Background Thread 3 ] DEBUG Engine               - devShowBBoxProperty: BooleanProperty [value: false]
15:39:28.169 [FXGL Background Thread 3 ] DEBUG Engine               - devShowPositionProperty: BooleanProperty [value: false]
15:39:28.169 [FXGL Background Thread 3 ] DEBUG Engine               - enabledMenuItems: []
15:39:28.170 [FXGL Background Thread 3 ] DEBUG Engine               - engineServices: [class com.almasb.fxgl.app.services.FXGLAssetLoaderService, class com.almasb.fxgl.app.FXGLApplication$GameApplicationService, class com.almasb.fxgl.app.services.FXGLDialogService, class com.almasb.fxgl.app.services.IOTaskExecutorService, class com.almasb.fxgl.io.FileSystemService, class com.almasb.fxgl.localization.LocalizationService, class com.almasb.fxgl.app.services.SystemBundleService, class com.almasb.fxgl.profile.SaveLoadService, class com.almasb.fxgl.ui.FXGLUIFactoryServiceProvider, class com.almasb.fxgl.ui.FXGLDialogFactoryServiceProvider, class com.almasb.fxgl.audio.AudioPlayer, class com.almasb.fxgl.notification.impl.NotificationServiceProvider, class com.almasb.fxgl.achievement.AchievementService, class com.almasb.fxgl.cutscene.CutsceneService, class com.almasb.fxgl.minigames.MiniGameService, class com.almasb.fxgl.net.NetService, class com.almasb.fxgl.app.services.UpdaterService, class com.almasb.fxgl.dev.DevService]
15:39:28.170 [FXGL Background Thread 3 ] DEBUG Engine               - fontGame: Abel-Regular.ttf
15:39:28.170 [FXGL Background Thread 3 ] DEBUG Engine               - fontMono: TerminalLandMono-Regular.otf
15:39:28.170 [FXGL Background Thread 3 ] DEBUG Engine               - fontSizeScaleUI: 1.0
15:39:28.170 [FXGL Background Thread 3 ] DEBUG Engine               - fontText: Courier-Prime.ttf
15:39:28.170 [FXGL Background Thread 3 ] DEBUG Engine               - fontUI: VarelaRound-Regular.ttf
15:39:28.170 [FXGL Background Thread 3 ] DEBUG Engine               - fullScreen: BooleanProperty [value: true]
15:39:28.170 [FXGL Background Thread 3 ] DEBUG Engine               - gameDifficulty: MEDIUM
15:39:28.170 [FXGL Background Thread 3 ] DEBUG Engine               - gameDifficultyProperty: ObjectProperty [value: MEDIUM]
15:39:28.170 [FXGL Background Thread 3 ] DEBUG Engine               - globalMusicVolume: 0.5
15:39:28.170 [FXGL Background Thread 3 ] DEBUG Engine               - globalMusicVolumeProperty: DoubleProperty [value: 0.5]
15:39:28.170 [FXGL Background Thread 3 ] DEBUG Engine               - globalSoundVolume: 0.5
15:39:28.170 [FXGL Background Thread 3 ] DEBUG Engine               - globalSoundVolumeProperty: DoubleProperty [value: 0.5]
15:39:28.170 [FXGL Background Thread 3 ] DEBUG Engine               - height: 720
15:39:28.170 [FXGL Background Thread 3 ] DEBUG Engine               - is3D: false
15:39:28.170 [FXGL Background Thread 3 ] DEBUG Engine               - isAndroid: false
15:39:28.170 [FXGL Background Thread 3 ] DEBUG Engine               - isBrowser: false
15:39:28.170 [FXGL Background Thread 3 ] DEBUG Engine               - isClickFeedbackEnabled: false
15:39:28.170 [FXGL Background Thread 3 ] DEBUG Engine               - isCloseConfirmation: false
15:39:28.170 [FXGL Background Thread 3 ] DEBUG Engine               - isDesktop: true
15:39:28.170 [FXGL Background Thread 3 ] DEBUG Engine               - isDeveloperMenuEnabled: false
15:39:28.170 [FXGL Background Thread 3 ] DEBUG Engine               - isEmbedded: false
15:39:28.170 [FXGL Background Thread 3 ] DEBUG Engine               - isEntityPreloadEnabled: true
15:39:28.170 [FXGL Background Thread 3 ] DEBUG Engine               - isExperimentalTiledLargeMap: false
15:39:28.170 [FXGL Background Thread 3 ] DEBUG Engine               - isFileSystemWriteAllowed: true
15:39:28.170 [FXGL Background Thread 3 ] DEBUG Engine               - isFullScreenAllowed: true
15:39:28.170 [FXGL Background Thread 3 ] DEBUG Engine               - isFullScreenFromStart: true
15:39:28.170 [FXGL Background Thread 3 ] DEBUG Engine               - isGameMenuEnabled: false
15:39:28.170 [FXGL Background Thread 3 ] DEBUG Engine               - isIOS: false
15:39:28.170 [FXGL Background Thread 3 ] DEBUG Engine               - isIntroEnabled: false
15:39:28.170 [FXGL Background Thread 3 ] DEBUG Engine               - isLinux: false
15:39:28.170 [FXGL Background Thread 3 ] DEBUG Engine               - isMac: false
15:39:28.171 [FXGL Background Thread 3 ] DEBUG Engine               - isMainMenuEnabled: true
15:39:28.171 [FXGL Background Thread 3 ] DEBUG Engine               - isManualResizeEnabled: false
15:39:28.171 [FXGL Background Thread 3 ] DEBUG Engine               - isMobile: false
15:39:28.171 [FXGL Background Thread 3 ] DEBUG Engine               - isNative: false
15:39:28.171 [FXGL Background Thread 3 ] DEBUG Engine               - isPauseMusicWhenMinimized: true
15:39:28.171 [FXGL Background Thread 3 ] DEBUG Engine               - isPreserveResizeRatio: false
15:39:28.171 [FXGL Background Thread 3 ] DEBUG Engine               - isProfilingEnabled: false
15:39:28.171 [FXGL Background Thread 3 ] DEBUG Engine               - isScaleAffectedOnResize: true
15:39:28.171 [FXGL Background Thread 3 ] DEBUG Engine               - isSingleStep: false
15:39:28.171 [FXGL Background Thread 3 ] DEBUG Engine               - isUserProfileEnabled: false
15:39:28.171 [FXGL Background Thread 3 ] DEBUG Engine               - isWindows: true
15:39:28.171 [FXGL Background Thread 3 ] DEBUG Engine               - language: ObjectProperty [value: ENGLISH]
15:39:28.171 [FXGL Background Thread 3 ] DEBUG Engine               - menuKey: ESCAPE
15:39:28.171 [FXGL Background Thread 3 ] DEBUG Engine               - mouseSensitivity: 0.2
15:39:28.171 [FXGL Background Thread 3 ] DEBUG Engine               - notificationViewClass: class com.almasb.fxgl.notification.view.XboxNotificationView
15:39:28.171 [FXGL Background Thread 3 ] DEBUG Engine               - pixelsPerMeter: 50.0
15:39:28.171 [FXGL Background Thread 3 ] DEBUG Engine               - platform: WINDOWS
15:39:28.171 [FXGL Background Thread 3 ] DEBUG Engine               - prefHeightProperty: ReadOnlyDoubleProperty [value: 720.0]
15:39:28.171 [FXGL Background Thread 3 ] DEBUG Engine               - prefWidthProperty: ReadOnlyDoubleProperty [value: 1280.0]
15:39:28.171 [FXGL Background Thread 3 ] DEBUG Engine               - profileDir: profiles/
15:39:28.171 [FXGL Background Thread 3 ] DEBUG Engine               - profileName: StringProperty [value: DEFAULT]
15:39:28.171 [FXGL Background Thread 3 ] DEBUG Engine               - randomSeed: -1
15:39:28.172 [FXGL Background Thread 3 ] DEBUG Engine               - runtimeInfo: RuntimeInfo(platform=WINDOWS, version=21.1, build=27.03.2024 07.52)
15:39:28.172 [FXGL Background Thread 3 ] DEBUG Engine               - saveFileExt: sav
15:39:28.172 [FXGL Background Thread 3 ] DEBUG Engine               - scaledHeightProp$fxgl: DoubleProperty [bound, value: 864.0]
15:39:28.172 [FXGL Background Thread 3 ] DEBUG Engine               - scaledWidthProp$fxgl: DoubleProperty [bound, value: 1536.0]
15:39:28.172 [FXGL Background Thread 3 ] DEBUG Engine               - sceneFactory: com.oop2.typewiz.util.CustomSceneFactory@5f326e71
15:39:28.172 [FXGL Background Thread 3 ] DEBUG Engine               - secondsIn24h: 60
15:39:28.172 [FXGL Background Thread 3 ] DEBUG Engine               - soundMenuBack: menu/back.wav
15:39:28.172 [FXGL Background Thread 3 ] DEBUG Engine               - soundMenuPress: menu/press.wav
15:39:28.172 [FXGL Background Thread 3 ] DEBUG Engine               - soundMenuSelect: menu/select.wav
15:39:28.172 [FXGL Background Thread 3 ] DEBUG Engine               - soundNotification: core/notification.wav
15:39:28.172 [FXGL Background Thread 3 ] DEBUG Engine               - stageStyle: DECORATED
15:39:28.172 [FXGL Background Thread 3 ] DEBUG Engine               - supportedLanguages: [ENGLISH, FRENCH, GERMAN, HUNGARIAN, RUSSIAN]
15:39:28.172 [FXGL Background Thread 3 ] DEBUG Engine               - ticksPerSecond: -1
15:39:28.172 [FXGL Background Thread 3 ] DEBUG Engine               - title: TypeWiz
15:39:28.172 [FXGL Background Thread 3 ] DEBUG Engine               - urlGithub: https://github.com/AlmasB/FXGL
15:39:28.172 [FXGL Background Thread 3 ] DEBUG Engine               - urlLeaderboard: http://fxgl-top.herokuapp.com/
15:39:28.172 [FXGL Background Thread 3 ] DEBUG Engine               - urlPOM: https://raw.githubusercontent.com/AlmasB/FXGL/release/README.md
15:39:28.172 [FXGL Background Thread 3 ] DEBUG Engine               - userAppClass: class com.oop2.typewiz.TypeWizApp
15:39:28.172 [FXGL Background Thread 3 ] DEBUG Engine               - version: 0.0
15:39:28.172 [FXGL Background Thread 3 ] DEBUG Engine               - versionCheckDays: 7
15:39:28.172 [FXGL Background Thread 3 ] DEBUG Engine               - width: 1280
15:39:28.172 [FXGL Background Thread 3 ] DEBUG Engine               - Logging services
15:39:28.172 [FXGL Background Thread 3 ] DEBUG Engine               - class com.almasb.fxgl.app.services.FXGLAssetLoaderService
15:39:28.172 [FXGL Background Thread 3 ] DEBUG Engine               - class com.almasb.fxgl.app.FXGLApplication$GameApplicationService
15:39:28.172 [FXGL Background Thread 3 ] DEBUG Engine               - class com.almasb.fxgl.app.services.FXGLDialogService
15:39:28.172 [FXGL Background Thread 3 ] DEBUG Engine               - class com.almasb.fxgl.app.services.IOTaskExecutorService
15:39:28.172 [FXGL Background Thread 3 ] DEBUG Engine               - class com.almasb.fxgl.io.FileSystemService
15:39:28.172 [FXGL Background Thread 3 ] DEBUG Engine               - class com.almasb.fxgl.localization.LocalizationService
15:39:28.172 [FXGL Background Thread 3 ] DEBUG Engine               - class com.almasb.fxgl.app.services.SystemBundleService
15:39:28.172 [FXGL Background Thread 3 ] DEBUG Engine               - class com.almasb.fxgl.profile.SaveLoadService
15:39:28.172 [FXGL Background Thread 3 ] DEBUG Engine               - class com.almasb.fxgl.ui.FXGLUIFactoryServiceProvider
15:39:28.172 [FXGL Background Thread 3 ] DEBUG Engine               - class com.almasb.fxgl.ui.FXGLDialogFactoryServiceProvider
15:39:28.172 [FXGL Background Thread 3 ] DEBUG Engine               - class com.almasb.fxgl.audio.AudioPlayer
15:39:28.172 [FXGL Background Thread 3 ] DEBUG Engine               - class com.almasb.fxgl.notification.impl.NotificationServiceProvider
15:39:28.172 [FXGL Background Thread 3 ] DEBUG Engine               - class com.almasb.fxgl.achievement.AchievementService
15:39:28.172 [FXGL Background Thread 3 ] DEBUG Engine               - class com.almasb.fxgl.cutscene.CutsceneService
15:39:28.172 [FXGL Background Thread 3 ] DEBUG Engine               - class com.almasb.fxgl.minigames.MiniGameService
15:39:28.172 [FXGL Background Thread 3 ] DEBUG Engine               - class com.almasb.fxgl.net.NetService
15:39:28.172 [FXGL Background Thread 3 ] DEBUG Engine               - class com.almasb.fxgl.app.services.UpdaterService
15:39:28.173 [FXGL Background Thread 3 ] DEBUG Engine               - class com.almasb.fxgl.dev.DevService
15:39:30.243 [JavaFX Application Thread] DEBUG FXGLAssetLoaderServi - Loading from file system: file:/C:/Users/Ruhmer%20Jairus/OOP2-Capstone/target/classes/assets/music/bgm.mp3
15:39:30.247 [JavaFX Application Thread] DEBUG FXGLAssetLoaderServi - Loading from file system: file:/C:/Users/Ruhmer%20Jairus/OOP2-Capstone/target/classes/assets/music/bgm2.mp3
15:39:30.252 [JavaFX Application Thread] DEBUG FXGLAssetLoaderServi - Loading from file system: file:/C:/Users/Ruhmer%20Jairus/OOP2-Capstone/target/classes/assets/sounds/sound-library/type.mp3
15:39:30.254 [JavaFX Application Thread] DEBUG FXGLAssetLoaderServi - Loading from file system: file:/C:/Users/Ruhmer%20Jairus/OOP2-Capstone/target/classes/assets/sounds/sound-library/death.mp3
15:39:30.255 [JavaFX Application Thread] DEBUG FXGLAssetLoaderServi - Loading from file system: file:/C:/Users/Ruhmer%20Jairus/OOP2-Capstone/target/classes/assets/sounds/sound-library/gameover.wav
15:39:30.258 [JavaFX Application Thread] DEBUG FXGLAssetLoaderServi - Loading from file system: file:/C:/Users/Ruhmer%20Jairus/OOP2-Capstone/target/classes/assets/sounds/sound-library/victory.mp3
15:39:30.260 [JavaFX Application Thread] DEBUG FXGLAssetLoaderServi - Loading from file system: file:/C:/Users/Ruhmer%20Jairus/OOP2-Capstone/target/classes/assets/sounds/sound-library/wave.mp3
15:39:30.262 [JavaFX Application Thread] DEBUG FXGLAssetLoaderServi - Loading from file system: file:/C:/Users/Ruhmer%20Jairus/OOP2-Capstone/target/classes/assets/sounds/sound-library/flappingsfx.wav
15:39:30.265 [JavaFX Application Thread] DEBUG FXGLAssetLoaderServi - Loading from file system: file:/C:/Users/Ruhmer%20Jairus/OOP2-Capstone/target/classes/assets/sounds/sound-library/error.mp3
15:39:30.267 [JavaFX Application Thread] DEBUG FXGLAssetLoaderServi - Loading from file system: file:/C:/Users/Ruhmer%20Jairus/OOP2-Capstone/target/classes/assets/sounds/sound-library/spacebar.mp3
15:39:30.268 [JavaFX Application Thread] DEBUG FXGLAssetLoaderServi - Loading from file system: file:/C:/Users/Ruhmer%20Jairus/OOP2-Capstone/target/classes/assets/sounds/sound-library/shift.mp3
15:39:30.270 [JavaFX Application Thread] DEBUG FXGLAssetLoaderServi - Loading from file system: file:/C:/Users/Ruhmer%20Jairus/OOP2-Capstone/target/classes/assets/sounds/sound-library/damage.mp3
15:39:30.271 [JavaFX Application Thread] DEBUG AudioPlayer          - Playing music com.almasb.fxgl.audio.Music@7087c178
15:39:30.276 [JavaFX Application Thread] DEBUG AudioPlayer          - Playing music com.almasb.fxgl.audio.Music@7087c178
15:39:30.276 [JavaFX Application Thread] DEBUG PrimaryStageWindow   - Push state: MainMenuScreen
15:39:30.276 [JavaFX Application Thread] DEBUG Input                - Clearing active input actions
15:39:30.276 [JavaFX Application Thread] DEBUG GameApplicationServi - Removing overlay from LoadingScreen and adding to MainMenuScreen
15:39:30.277 [JavaFX Application Thread] DEBUG PrimaryStageWindow   - LoadingScreen -> MainMenuScreen
15:39:31.596 [JavaFX Application Thread] DEBUG PrimaryStageWindow   - Push state: HowToPlayScreen
15:39:31.597 [JavaFX Application Thread] DEBUG Input                - Clearing active input actions
15:39:31.597 [JavaFX Application Thread] DEBUG GameApplicationServi - Removing overlay from MainMenuScreen and adding to HowToPlayScreen
15:39:31.598 [JavaFX Application Thread] DEBUG PrimaryStageWindow   - MainMenuScreen -> HowToPlayScreen
15:39:32.581 [JavaFX Application Thread] DEBUG PrimaryStageWindow   - Pop state: HowToPlayScreen
15:39:32.581 [JavaFX Application Thread] DEBUG Input                - Clearing active input actions
15:39:32.582 [JavaFX Application Thread] DEBUG GameApplicationServi - Removing overlay from HowToPlayScreen and adding to MainMenuScreen
15:39:32.582 [JavaFX Application Thread] DEBUG PrimaryStageWindow   - MainMenuScreen <- HowToPlayScreen
15:39:34.218 [JavaFX Application Thread] DEBUG PrimaryStageWindow   - Push state: CreditsScreen
15:39:34.218 [JavaFX Application Thread] DEBUG Input                - Clearing active input actions
15:39:34.218 [JavaFX Application Thread] DEBUG GameApplicationServi - Removing overlay from MainMenuScreen and adding to CreditsScreen
15:39:34.219 [JavaFX Application Thread] DEBUG PrimaryStageWindow   - MainMenuScreen -> CreditsScreen
15:39:34.853 [JavaFX Application Thread] DEBUG PrimaryStageWindow   - Pop state: CreditsScreen
15:39:34.853 [JavaFX Application Thread] DEBUG Input                - Clearing active input actions
15:39:34.854 [JavaFX Application Thread] DEBUG GameApplicationServi - Removing overlay from CreditsScreen and adding to MainMenuScreen
15:39:34.854 [JavaFX Application Thread] DEBUG PrimaryStageWindow   - MainMenuScreen <- CreditsScreen
15:39:35.813 [JavaFX Application Thread] DEBUG PrimaryStageWindow   - Push state: DifficultyMenuScreen
15:39:35.813 [JavaFX Application Thread] DEBUG Input                - Clearing active input actions
15:39:35.813 [JavaFX Application Thread] DEBUG GameApplicationServi - Removing overlay from MainMenuScreen and adding to DifficultyMenuScreen
15:39:35.813 [JavaFX Application Thread] DEBUG PrimaryStageWindow   - MainMenuScreen -> DifficultyMenuScreen
15:39:36.550 [JavaFX Application Thread] DEBUG GameApplicationServi - Starting new game
15:39:36.551 [JavaFX Application Thread] DEBUG PrimaryStageWindow   - Pop state: DifficultyMenuScreen
15:39:36.551 [JavaFX Application Thread] DEBUG Input                - Clearing active input actions
15:39:36.551 [JavaFX Application Thread] DEBUG GameApplicationServi - Removing overlay from DifficultyMenuScreen and adding to MainMenuScreen
15:39:36.551 [JavaFX Application Thread] DEBUG PrimaryStageWindow   - MainMenuScreen <- DifficultyMenuScreen
15:39:36.553 [JavaFX Application Thread] DEBUG PrimaryStageWindow   - Pop state: MainMenuScreen
15:39:36.553 [JavaFX Application Thread] DEBUG Input                - Clearing active input actions
15:39:36.553 [JavaFX Application Thread] DEBUG GameApplicationServi - Removing overlay from MainMenuScreen and adding to LoadingScreen
15:39:36.553 [JavaFX Application Thread] DEBUG PrimaryStageWindow   - LoadingScreen <- MainMenuScreen
15:39:36.553 [JavaFX Application Thread] DEBUG PrimaryStageWindow   - Pop state: LoadingScreen
15:39:36.553 [JavaFX Application Thread] DEBUG Input                - Clearing active input actions
15:39:36.553 [JavaFX Application Thread] DEBUG GameApplicationServi - Removing overlay from LoadingScreen and adding to LoginScreen
15:39:36.553 [JavaFX Application Thread] DEBUG PrimaryStageWindow   - LoginScreen <- LoadingScreen
15:39:36.553 [JavaFX Application Thread] DEBUG PrimaryStageWindow   - Pop state: LoginScreen
15:39:36.553 [JavaFX Application Thread] DEBUG Input                - Clearing active input actions
15:39:36.553 [JavaFX Application Thread] DEBUG GameApplicationServi - Removing overlay from LoginScreen and adding to FXGLMainMenuDummyScene
15:39:36.553 [JavaFX Application Thread] DEBUG PrimaryStageWindow   - FXGLMainMenuDummyScene <- LoginScreen
15:39:36.553 [JavaFX Application Thread] DEBUG Input                - Clearing active input actions
15:39:36.557 [JavaFX Application Thread] DEBUG GameApplicationServi - Removing overlay from FXGLMainMenuDummyScene and adding to FXGLLoadingScene
15:39:36.558 [JavaFX Application Thread] DEBUG PrimaryStageWindow   - FXGLMainMenuDummyScene -> FXGLLoadingScene
15:39:36.558 [JavaFX Application Thread] DEBUG GameApplicationServi - Clearing previous game
15:39:36.558 [JavaFX Application Thread] DEBUG GameScene            - Clearing game scene
15:39:36.558 [JavaFX Application Thread] DEBUG GameWorld            - Clearing game world
15:39:36.558 [JavaFX Application Thread] DEBUG PhysicsWorld         - Clearing physics world
15:39:36.560 [FXGL Background Thread 2 ] DEBUG FXGLApplication      - Initializing game
15:39:36.568 [JavaFX Application Thread] DEBUG LoopRunner           - Stopping loop
15:39:36.569 [JavaFX Application Thread] FATAL FXGLApplication      - Uncaught Exception:
java.lang.RuntimeException: Initialization failed
	at com.almasb.fxgl.all@21.1/com.almasb.fxgl.app.FXGLApplication$InitAppTask.failed(FXGLApplication.kt:347)
	at javafx.graphics@19/javafx.concurrent.Task.setState(Task.java:710)
	at javafx.graphics@19/javafx.concurrent.Task$TaskCallable.lambda$call$2(Task.java:1456)
	at javafx.graphics@19/com.sun.javafx.application.PlatformImpl.lambda$runLater$10(PlatformImpl.java:457)
	at java.base/java.security.AccessController.doPrivileged(AccessController.java:400)
	at javafx.graphics@19/com.sun.javafx.application.PlatformImpl.lambda$runLater$11(PlatformImpl.java:456)
	at javafx.graphics@19/com.sun.glass.ui.InvokeLaterDispatcher$Future.run(InvokeLaterDispatcher.java:96)
	at javafx.graphics@19/com.sun.glass.ui.win.WinApplication._runLoop(Native Method)
	at javafx.graphics@19/com.sun.glass.ui.win.WinApplication.lambda$runLoop$3(WinApplication.java:184)
	at java.base/java.lang.Thread.run(Thread.java:1583)
Caused by: java.lang.IllegalArgumentException: Property difficulty does not exist
	at com.almasb.fxgl.core@21.1/com.almasb.fxgl.core.collection.PropertyMap.get(PropertyMap.kt:298)
	at com.almasb.fxgl.core@21.1/com.almasb.fxgl.core.collection.PropertyMap.objectProperty(PropertyMap.kt:198)
	at com.almasb.fxgl.core@21.1/com.almasb.fxgl.core.collection.PropertyMap.getObject(PropertyMap.kt:187)
	at TypeWiz/com.oop2.typewiz.TypeWizApp.initializeManagers(TypeWizApp.java:137)
	at TypeWiz/com.oop2.typewiz.TypeWizApp.initGame(TypeWizApp.java:97)
	at com.almasb.fxgl.all@21.1/com.almasb.fxgl.app.FXGLApplication$InitAppTask.initGame(FXGLApplication.kt:343)
	at com.almasb.fxgl.all@21.1/com.almasb.fxgl.app.FXGLApplication$InitAppTask.call(FXGLApplication.kt:321)
	at com.almasb.fxgl.all@21.1/com.almasb.fxgl.app.FXGLApplication$InitAppTask.call(FXGLApplication.kt:313)
	at javafx.graphics@19/javafx.concurrent.Task$TaskCallable.call(Task.java:1426)
	at java.base/java.util.concurrent.FutureTask.run(FutureTask.java:317)
	at java.base/java.util.concurrent.Executors$RunnableAdapter.call(Executors.java:572)
	at java.base/java.util.concurrent.FutureTask.run(FutureTask.java:317)
	at java.base/java.util.concurrent.ThreadPoolExecutor.runWorker(ThreadPoolExecutor.java:1144)
	at java.base/java.util.concurrent.ThreadPoolExecutor$Worker.run(ThreadPoolExecutor.java:642)
	... 1 more

15:39:36.570 [JavaFX Application Thread] FATAL FXGLApplication      - Application will now exit
15:39:36.577 [JavaFX Application Thread] DEBUG PrimaryStageWindow   - Push state: ErrorSubScene
15:39:36.577 [JavaFX Application Thread] DEBUG Input                - Clearing active input actions
15:39:36.579 [JavaFX Application Thread] DEBUG GameApplicationServi - Removing overlay from FXGLLoadingScene and adding to ErrorSubScene
15:39:36.580 [JavaFX Application Thread] DEBUG PrimaryStageWindow   - FXGLLoadingScene -> ErrorSubScene
15:39:38.553 [JavaFX Application Thread] DEBUG AudioPlayer          - Stopping music com.almasb.fxgl.audio.Music@7087c178
15:39:38.560 [JavaFX Application Thread] DEBUG AudioPlayer          - Stopping music com.almasb.fxgl.audio.Music@7087c178
15:41:05.022 [JavaFX Application Thread] DEBUG FXGLApplication      - Exiting FXGL
15:41:05.022 [JavaFX Application Thread] DEBUG Async                - Shutting down background threads
15:41:05.022 [JavaFX Application Thread] DEBUG PrimaryStageWindow   - Closing main window
15:41:05.042 [JavaFX Application Thread] DEBUG Logger               - Closing Logger
