01:50:39.190 [main                     ] DEBUG Logger               - Configured Logger
01:50:39.360 [main                     ] DEBUG GameApplication      - Logging settings
Title: TypeWiz
Version: 0.0
Width: 1280
Height: 720
Fullscreen: true
Intro: false
Profiling: false
Single step:false
App Mode: DEVELOPER
Menu Key: ESCAPE
Stage Style: DECORATED
Scene Factory: class com.oop2.typewiz.util.CustomSceneFactory

01:50:40.217 [JavaFX Application Thread] DEBUG FXGLApplication      - Initializing FXGL
01:50:40.225 [JavaFX Application Thread] INFO  Engine               - FXGL-21.1 (27.03.2024 07.52) on MAC (J:23.0.1 FX:19)
01:50:40.226 [JavaFX Application Thread] DEBUG Engine               - JRE Vendor Name: Oracle Corporation
01:50:40.226 [JavaFX Application Thread] DEBUG Engine               - Running on OS: Mac OS X version 10.15.7
01:50:40.226 [JavaFX Application Thread] DEBUG Engine               - Architecture: x86_64
01:50:40.227 [JavaFX Application Thread] INFO  Engine               - Source code and latest versions at: https://github.com/AlmasB/FXGL
01:50:40.227 [JavaFX Application Thread] INFO  Engine               -       Ask questions and discuss at: https://github.com/AlmasB/FXGL/discussions
01:50:40.227 [JavaFX Application Thread] INFO  Engine               -              Join the FXGL chat at: https://gitter.im/AlmasB/FXGL
01:50:40.416 [JavaFX Application Thread] DEBUG PrimaryStageWindow   - Creating a JavaFX scene
01:50:40.647 [JavaFX Application Thread] DEBUG PrimaryStageWindow   - Target settings size: 1280.0 x 720.0
01:50:40.648 [JavaFX Application Thread] DEBUG PrimaryStageWindow   - Scaled scene size:    1280.0 x 720.0
01:50:40.648 [JavaFX Application Thread] DEBUG PrimaryStageWindow   - Scaled ratio: (1.0, 1.0)
01:50:40.650 [JavaFX Application Thread] DEBUG PrimaryStageWindow   - Set initial scene to FXGLStartupScene
01:50:40.667 [JavaFX Application Thread] DEBUG PrimaryStageWindow   - Opening main window
01:50:41.218 [JavaFX Application Thread] DEBUG PrimaryStageWindow   - Window border size: (0.0, 22.0)
01:50:41.218 [JavaFX Application Thread] DEBUG PrimaryStageWindow   - Scaled size: 1280.0 x 720.0
01:50:41.218 [JavaFX Application Thread] DEBUG PrimaryStageWindow   - Scaled ratio: (1.0, 1.0)
01:50:41.219 [JavaFX Application Thread] DEBUG PrimaryStageWindow   - Scene size: 1280.0 x 720.0
01:50:41.219 [JavaFX Application Thread] DEBUG PrimaryStageWindow   - Stage size: 1280.0 x 742.0
01:50:42.294 [JavaFX Application Thread] DEBUG PrimaryStageWindow   - Going fullscreen
01:50:42.308 [FXGL Background Thread 1 ] DEBUG Engine               - Initializing environment variables
01:50:42.487 [FXGL Background Thread 1 ] DEBUG FXGLAssetLoaderServi - User app class for loading assets: class com.oop2.typewiz.TypeWizApp
01:50:42.488 [FXGL Background Thread 1 ] DEBUG GameApplicationServi - Applying CSS: fxgl_dark.css
01:50:42.489 [FXGL Background Thread 1 ] DEBUG FXGLAssetLoaderServi - Loading from file system: jar:file:///Users/archiecabiso/.m2/repository/com/github/almasb/fxgl/21.1/fxgl-21.1.jar!/fxglassets/ui/css/fxgl_dark.css
01:50:42.719 [FXGL Background Thread 1 ] DEBUG GameApplicationServi - Initializing application scenes
01:50:43.666 [FXGL Background Thread 1 ] DEBUG GameWorld            - Game world initialized
01:50:43.733 [FXGL Background Thread 1 ] DEBUG PhysicsWorld         - Physics world initialized: appHeight=720, physics.ppm=50.0
01:50:43.733 [FXGL Background Thread 1 ] DEBUG PhysicsWorld         - Using strategy: BRUTE_FORCE
01:50:43.739 [FXGL Background Thread 1 ] DEBUG GameScene            - Game scene initialized: 1280x720
01:50:44.178 [FXGL Background Thread 1 ] DEBUG FXGL.DefaultMenu     - createMenuBodyGameMenu()
01:50:44.189 [FXGL Background Thread 1 ] DEBUG FXGL.DefaultMenu     - createOptionsMenu()
01:50:44.203 [FXGL Background Thread 1 ] DEBUG FXGLAssetLoaderServi - Loading from file system: jar:file:///Users/archiecabiso/.m2/repository/com/github/almasb/fxgl/21.1/fxgl-21.1.jar!/fxglassets/textures/particles/smoke.png
01:50:44.314 [FXGL Background Thread 1 ] DEBUG FXGLAssetLoaderServi - Loading from file system: jar:file:///Users/archiecabiso/.m2/repository/com/github/almasb/fxgl/21.1/fxgl-21.1.jar!/fxglassets/textures/particles/trace_horizontal.png
01:50:44.334 [FXGL Background Thread 1 ] DEBUG GameApplicationServi - Application scenes initialized
01:50:44.350 [FXGL Background Thread 1 ] DEBUG SystemBundleService  - Loading FXGL system data
01:50:44.356 [FXGL Background Thread 1 ] DEBUG FileSystemAccess     - Reading from: /Users/archiecabiso/Documents/2nd Year - CS/2nd Sem/CSIT228/OOP2-Capstone/system/fxgl.bundle
01:50:44.367 [FXGL Background Thread 1 ] DEBUG SystemBundleService  - Bundle FXGL: {}
01:50:44.367 [FXGL Background Thread 1 ] DEBUG UpdaterService       - Checking for updates
01:50:44.373 [FXGL Background Thread 4 ] DEBUG FXGLApplication      - Loading fonts
01:50:44.373 [FXGL Background Thread 4 ] DEBUG FXGLAssetLoaderServi - Loading from file system: jar:file:///Users/archiecabiso/.m2/repository/com/github/almasb/fxgl/21.1/fxgl-21.1.jar!/fxglassets/ui/fonts/VarelaRound-Regular.ttf
01:50:44.374 [FXGL Background Thread 1 ] DEBUG FXGLApplication      - Loading default localization
01:50:44.375 [FXGL Background Thread 1 ] DEBUG FXGLAssetLoaderServi - Loading from file system: jar:file:///Users/archiecabiso/.m2/repository/com/github/almasb/fxgl/21.1/fxgl-21.1.jar!/fxglassets/languages/english.lang
01:50:44.398 [FXGL Background Thread 4 ] DEBUG FXGLAssetLoaderServi - Loading from file system: jar:file:///Users/archiecabiso/.m2/repository/com/github/almasb/fxgl/21.1/fxgl-21.1.jar!/fxglassets/ui/fonts/Abel-Regular.ttf
01:50:44.402 [FXGL Background Thread 4 ] DEBUG FXGLAssetLoaderServi - Loading from file system: jar:file:///Users/archiecabiso/.m2/repository/com/github/almasb/fxgl/21.1/fxgl-21.1.jar!/fxglassets/ui/fonts/TerminalLandMono-Regular.otf
01:50:44.406 [FXGL Background Thread 4 ] DEBUG FXGLAssetLoaderServi - Loading from file system: jar:file:///Users/archiecabiso/.m2/repository/com/github/almasb/fxgl/21.1/fxgl-21.1.jar!/fxglassets/ui/fonts/Courier-Prime.ttf
01:50:44.412 [JavaFX Application Thread] DEBUG FXGLApplication      - Registering font factories with UI factory
01:50:44.418 [FXGL Background Thread 1 ] INFO  FXGLApplication      - FXGL initialization took: 2.110 sec
01:50:44.420 [JavaFX Application Thread] DEBUG FXGLAssetLoaderServi - Loading from file system: jar:file:///Users/archiecabiso/.m2/repository/com/github/almasb/fxgl/21.1/fxgl-21.1.jar!/fxglassets/textures/fxgl_icon.png
01:50:44.448 [JavaFX Application Thread] DEBUG FXGLAssetLoaderServi - Loading from file system: jar:file:///Users/archiecabiso/.m2/repository/com/github/almasb/fxgl/21.1/fxgl-21.1.jar!/fxglassets/textures/fxgl_default_cursor.png
01:50:44.464 [JavaFX Application Thread] DEBUG Input                - Registered new binding: Screenshot - CTRL+8
01:50:44.465 [JavaFX Application Thread] DEBUG Input                - Registered new binding: System info dump - CTRL+9
01:50:44.466 [JavaFX Application Thread] DEBUG Input                - Registered new binding: Restart - CTRL+R
01:50:44.466 [JavaFX Application Thread] DEBUG Input                - Registered new binding: Toggle Debug Camera - CTRL+7
01:50:44.472 [JavaFX Application Thread] DEBUG LoopRunner           - Starting loop
01:50:44.472 [JavaFX Application Thread] DEBUG LoopRunner           - Initializing JavaFX AnimationTimerLoop
01:50:44.477 [JavaFX Application Thread] DEBUG Input                - Clearing active input actions
01:50:44.490 [JavaFX Application Thread] DEBUG GameApplicationServi - Removing overlay from FXGLStartupScene and adding to FXGLMainMenuDummyScene
01:50:44.490 [JavaFX Application Thread] DEBUG PrimaryStageWindow   - FXGLStartupScene -> FXGLMainMenuDummyScene
01:50:44.491 [JavaFX Application Thread] DEBUG PrimaryStageWindow   - Push state: LoginScreen
01:50:44.491 [JavaFX Application Thread] DEBUG Input                - Clearing active input actions
01:50:44.512 [JavaFX Application Thread] DEBUG GameApplicationServi - Removing overlay from FXGLMainMenuDummyScene and adding to LoginScreen
01:50:44.513 [JavaFX Application Thread] DEBUG PrimaryStageWindow   - FXGLMainMenuDummyScene -> LoginScreen
01:50:47.228 [JavaFX Application Thread] DEBUG FXGLAssetLoaderServi - Loading from file system: file:/Users/archiecabiso/Documents/2nd%20Year%20-%20CS/2nd%20Sem/CSIT228/OOP2-Capstone/target/classes/assets/sounds/sound-library/hover.wav
01:50:47.374 [FXGL Background Thread 3 ] DEBUG Engine               - Logging environment variables
01:50:47.380 [FXGL Background Thread 3 ] DEBUG Engine               - achievements: []
01:50:47.380 [FXGL Background Thread 3 ] DEBUG Engine               - actualHeight: 800.0
01:50:47.380 [FXGL Background Thread 3 ] DEBUG Engine               - actualHeightProperty: ReadOnlyDoubleProperty [value: 800.0]
01:50:47.381 [FXGL Background Thread 3 ] DEBUG Engine               - actualWidth: 1280.0
01:50:47.381 [FXGL Background Thread 3 ] DEBUG Engine               - actualWidthProperty: ReadOnlyDoubleProperty [value: 1280.0]
01:50:47.381 [FXGL Background Thread 3 ] DEBUG Engine               - appIcon: fxgl_icon.png
01:50:47.381 [FXGL Background Thread 3 ] DEBUG Engine               - applicationMode: DEVELOPER
01:50:47.381 [FXGL Background Thread 3 ] DEBUG Engine               - cSSList: [fxgl_dark.css]
01:50:47.381 [FXGL Background Thread 3 ] DEBUG Engine               - collisionDetectionStrategy: BRUTE_FORCE
01:50:47.382 [FXGL Background Thread 3 ] DEBUG Engine               - configClass: Optional.empty
01:50:47.382 [FXGL Background Thread 3 ] DEBUG Engine               - credits: []
01:50:47.382 [FXGL Background Thread 3 ] DEBUG Engine               - defaultCursor: CursorInfo(imageName=fxgl_default_cursor.png, hotspotX=7.0, hotspotY=6.0)
01:50:47.383 [FXGL Background Thread 3 ] DEBUG Engine               - devBBoxColorProperty: ObjectProperty [value: 0xff0000ff]
01:50:47.383 [FXGL Background Thread 3 ] DEBUG Engine               - devEnableDebugCameraProperty: BooleanProperty [value: false]
01:50:47.383 [FXGL Background Thread 3 ] DEBUG Engine               - devSensorColorProperty: ObjectProperty [value: 0xffff00ff]
01:50:47.383 [FXGL Background Thread 3 ] DEBUG Engine               - devShowBBoxProperty: BooleanProperty [value: false]
01:50:47.383 [FXGL Background Thread 3 ] DEBUG Engine               - devShowPositionProperty: BooleanProperty [value: false]
01:50:47.384 [FXGL Background Thread 3 ] DEBUG Engine               - enabledMenuItems: []
01:50:47.384 [FXGL Background Thread 3 ] DEBUG Engine               - engineServices: [class com.almasb.fxgl.app.services.FXGLAssetLoaderService, class com.almasb.fxgl.app.FXGLApplication$GameApplicationService, class com.almasb.fxgl.app.services.FXGLDialogService, class com.almasb.fxgl.app.services.IOTaskExecutorService, class com.almasb.fxgl.io.FileSystemService, class com.almasb.fxgl.localization.LocalizationService, class com.almasb.fxgl.app.services.SystemBundleService, class com.almasb.fxgl.profile.SaveLoadService, class com.almasb.fxgl.ui.FXGLUIFactoryServiceProvider, class com.almasb.fxgl.ui.FXGLDialogFactoryServiceProvider, class com.almasb.fxgl.audio.AudioPlayer, class com.almasb.fxgl.notification.impl.NotificationServiceProvider, class com.almasb.fxgl.achievement.AchievementService, class com.almasb.fxgl.cutscene.CutsceneService, class com.almasb.fxgl.minigames.MiniGameService, class com.almasb.fxgl.net.NetService, class com.almasb.fxgl.app.services.UpdaterService, class com.almasb.fxgl.dev.DevService]
01:50:47.384 [FXGL Background Thread 3 ] DEBUG Engine               - fontGame: Abel-Regular.ttf
01:50:47.384 [FXGL Background Thread 3 ] DEBUG Engine               - fontMono: TerminalLandMono-Regular.otf
01:50:47.384 [FXGL Background Thread 3 ] DEBUG Engine               - fontSizeScaleUI: 1.0
01:50:47.384 [FXGL Background Thread 3 ] DEBUG Engine               - fontText: Courier-Prime.ttf
01:50:47.384 [FXGL Background Thread 3 ] DEBUG Engine               - fontUI: VarelaRound-Regular.ttf
01:50:47.384 [FXGL Background Thread 3 ] DEBUG Engine               - fullScreen: BooleanProperty [value: true]
01:50:47.385 [FXGL Background Thread 3 ] DEBUG Engine               - gameDifficulty: MEDIUM
01:50:47.385 [FXGL Background Thread 3 ] DEBUG Engine               - gameDifficultyProperty: ObjectProperty [value: MEDIUM]
01:50:47.385 [FXGL Background Thread 3 ] DEBUG Engine               - globalMusicVolume: 0.5
01:50:47.385 [FXGL Background Thread 3 ] DEBUG Engine               - globalMusicVolumeProperty: DoubleProperty [value: 0.5]
01:50:47.385 [FXGL Background Thread 3 ] DEBUG Engine               - globalSoundVolume: 0.5
01:50:47.385 [FXGL Background Thread 3 ] DEBUG Engine               - globalSoundVolumeProperty: DoubleProperty [value: 0.5]
01:50:47.385 [FXGL Background Thread 3 ] DEBUG Engine               - height: 720
01:50:47.386 [FXGL Background Thread 3 ] DEBUG Engine               - is3D: false
01:50:47.386 [FXGL Background Thread 3 ] DEBUG Engine               - isAndroid: false
01:50:47.386 [FXGL Background Thread 3 ] DEBUG Engine               - isBrowser: false
01:50:47.386 [FXGL Background Thread 3 ] DEBUG Engine               - isClickFeedbackEnabled: false
01:50:47.386 [FXGL Background Thread 3 ] DEBUG Engine               - isCloseConfirmation: false
01:50:47.386 [FXGL Background Thread 3 ] DEBUG Engine               - isDesktop: true
01:50:47.386 [FXGL Background Thread 3 ] DEBUG Engine               - isDeveloperMenuEnabled: false
01:50:47.386 [FXGL Background Thread 3 ] DEBUG Engine               - isEmbedded: false
01:50:47.386 [FXGL Background Thread 3 ] DEBUG Engine               - isEntityPreloadEnabled: true
01:50:47.386 [FXGL Background Thread 3 ] DEBUG Engine               - isExperimentalTiledLargeMap: false
01:50:47.389 [FXGL Background Thread 3 ] DEBUG Engine               - isFileSystemWriteAllowed: true
01:50:47.389 [FXGL Background Thread 3 ] DEBUG Engine               - isFullScreenAllowed: true
01:50:47.390 [FXGL Background Thread 3 ] DEBUG Engine               - isFullScreenFromStart: true
01:50:47.390 [FXGL Background Thread 3 ] DEBUG Engine               - isGameMenuEnabled: true
01:50:47.390 [FXGL Background Thread 3 ] DEBUG Engine               - isIOS: false
01:50:47.390 [FXGL Background Thread 3 ] DEBUG Engine               - isIntroEnabled: false
01:50:47.390 [FXGL Background Thread 3 ] DEBUG Engine               - isLinux: false
01:50:47.390 [FXGL Background Thread 3 ] DEBUG Engine               - isMac: true
01:50:47.391 [FXGL Background Thread 3 ] DEBUG Engine               - isMainMenuEnabled: true
01:50:47.391 [FXGL Background Thread 3 ] DEBUG Engine               - isManualResizeEnabled: false
01:50:47.391 [FXGL Background Thread 3 ] DEBUG Engine               - isMobile: false
01:50:47.392 [FXGL Background Thread 3 ] DEBUG Engine               - isNative: false
01:50:47.392 [FXGL Background Thread 3 ] DEBUG Engine               - isPauseMusicWhenMinimized: true
01:50:47.392 [FXGL Background Thread 3 ] DEBUG Engine               - isPreserveResizeRatio: false
01:50:47.392 [FXGL Background Thread 3 ] DEBUG Engine               - isProfilingEnabled: false
01:50:47.392 [FXGL Background Thread 3 ] DEBUG Engine               - isScaleAffectedOnResize: true
01:50:47.392 [FXGL Background Thread 3 ] DEBUG Engine               - isSingleStep: false
01:50:47.392 [FXGL Background Thread 3 ] DEBUG Engine               - isUserProfileEnabled: false
01:50:47.393 [FXGL Background Thread 3 ] DEBUG Engine               - isWindows: false
01:50:47.393 [FXGL Background Thread 3 ] DEBUG Engine               - language: ObjectProperty [value: ENGLISH]
01:50:47.393 [FXGL Background Thread 3 ] DEBUG Engine               - menuKey: ESCAPE
01:50:47.393 [FXGL Background Thread 3 ] DEBUG Engine               - mouseSensitivity: 0.2
01:50:47.394 [FXGL Background Thread 3 ] DEBUG Engine               - notificationViewClass: class com.almasb.fxgl.notification.view.XboxNotificationView
01:50:47.394 [FXGL Background Thread 3 ] DEBUG Engine               - pixelsPerMeter: 50.0
01:50:47.394 [FXGL Background Thread 3 ] DEBUG Engine               - platform: MAC
01:50:47.394 [FXGL Background Thread 3 ] DEBUG Engine               - prefHeightProperty: ReadOnlyDoubleProperty [value: 720.0]
01:50:47.394 [FXGL Background Thread 3 ] DEBUG Engine               - prefWidthProperty: ReadOnlyDoubleProperty [value: 1280.0]
01:50:47.394 [FXGL Background Thread 3 ] DEBUG Engine               - profileDir: profiles/
01:50:47.394 [FXGL Background Thread 3 ] DEBUG Engine               - profileName: StringProperty [value: DEFAULT]
01:50:47.394 [FXGL Background Thread 3 ] DEBUG Engine               - randomSeed: -1
01:50:47.395 [FXGL Background Thread 3 ] DEBUG Engine               - runtimeInfo: RuntimeInfo(platform=MAC, version=21.1, build=27.03.2024 07.52)
01:50:47.395 [FXGL Background Thread 3 ] DEBUG Engine               - saveFileExt: sav
01:50:47.396 [FXGL Background Thread 3 ] DEBUG Engine               - scaledHeightProp$fxgl: DoubleProperty [bound, value: 800.0]
01:50:47.396 [FXGL Background Thread 3 ] DEBUG Engine               - scaledWidthProp$fxgl: DoubleProperty [bound, value: 1280.0]
01:50:47.396 [FXGL Background Thread 3 ] DEBUG Engine               - sceneFactory: com.oop2.typewiz.util.CustomSceneFactory@2989cc5d
01:50:47.396 [FXGL Background Thread 3 ] DEBUG Engine               - secondsIn24h: 60
01:50:47.396 [FXGL Background Thread 3 ] DEBUG Engine               - soundMenuBack: menu/back.wav
01:50:47.396 [FXGL Background Thread 3 ] DEBUG Engine               - soundMenuPress: menu/press.wav
01:50:47.396 [FXGL Background Thread 3 ] DEBUG Engine               - soundMenuSelect: menu/select.wav
01:50:47.396 [FXGL Background Thread 3 ] DEBUG Engine               - soundNotification: core/notification.wav
01:50:47.396 [FXGL Background Thread 3 ] DEBUG Engine               - stageStyle: DECORATED
01:50:47.397 [FXGL Background Thread 3 ] DEBUG Engine               - supportedLanguages: [ENGLISH, FRENCH, GERMAN, HUNGARIAN, RUSSIAN]
01:50:47.397 [FXGL Background Thread 3 ] DEBUG Engine               - ticksPerSecond: -1
01:50:47.397 [FXGL Background Thread 3 ] DEBUG Engine               - title: TypeWiz
01:50:47.397 [FXGL Background Thread 3 ] DEBUG Engine               - urlGithub: https://github.com/AlmasB/FXGL
01:50:47.397 [FXGL Background Thread 3 ] DEBUG Engine               - urlLeaderboard: http://fxgl-top.herokuapp.com/
01:50:47.397 [FXGL Background Thread 3 ] DEBUG Engine               - urlPOM: https://raw.githubusercontent.com/AlmasB/FXGL/release/README.md
01:50:47.397 [FXGL Background Thread 3 ] DEBUG Engine               - userAppClass: class com.oop2.typewiz.TypeWizApp
01:50:47.397 [FXGL Background Thread 3 ] DEBUG Engine               - version: 0.0
01:50:47.397 [FXGL Background Thread 3 ] DEBUG Engine               - versionCheckDays: 7
01:50:47.397 [FXGL Background Thread 3 ] DEBUG Engine               - width: 1280
01:50:47.397 [FXGL Background Thread 3 ] DEBUG Engine               - Logging services
01:50:47.397 [FXGL Background Thread 3 ] DEBUG Engine               - class com.almasb.fxgl.app.services.FXGLAssetLoaderService
01:50:47.397 [FXGL Background Thread 3 ] DEBUG Engine               - class com.almasb.fxgl.app.FXGLApplication$GameApplicationService
01:50:47.397 [FXGL Background Thread 3 ] DEBUG Engine               - class com.almasb.fxgl.app.services.FXGLDialogService
01:50:47.397 [FXGL Background Thread 3 ] DEBUG Engine               - class com.almasb.fxgl.app.services.IOTaskExecutorService
01:50:47.398 [FXGL Background Thread 3 ] DEBUG Engine               - class com.almasb.fxgl.io.FileSystemService
01:50:47.398 [FXGL Background Thread 3 ] DEBUG Engine               - class com.almasb.fxgl.localization.LocalizationService
01:50:47.398 [FXGL Background Thread 3 ] DEBUG Engine               - class com.almasb.fxgl.app.services.SystemBundleService
01:50:47.398 [FXGL Background Thread 3 ] DEBUG Engine               - class com.almasb.fxgl.profile.SaveLoadService
01:50:47.398 [FXGL Background Thread 3 ] DEBUG Engine               - class com.almasb.fxgl.ui.FXGLUIFactoryServiceProvider
01:50:47.398 [FXGL Background Thread 3 ] DEBUG Engine               - class com.almasb.fxgl.ui.FXGLDialogFactoryServiceProvider
01:50:47.398 [FXGL Background Thread 3 ] DEBUG Engine               - class com.almasb.fxgl.audio.AudioPlayer
01:50:47.398 [FXGL Background Thread 3 ] DEBUG Engine               - class com.almasb.fxgl.notification.impl.NotificationServiceProvider
01:50:47.398 [FXGL Background Thread 3 ] DEBUG Engine               - class com.almasb.fxgl.achievement.AchievementService
01:50:47.398 [FXGL Background Thread 3 ] DEBUG Engine               - class com.almasb.fxgl.cutscene.CutsceneService
01:50:47.399 [FXGL Background Thread 3 ] DEBUG Engine               - class com.almasb.fxgl.minigames.MiniGameService
01:50:47.399 [FXGL Background Thread 3 ] DEBUG Engine               - class com.almasb.fxgl.net.NetService
01:50:47.399 [FXGL Background Thread 3 ] DEBUG Engine               - class com.almasb.fxgl.app.services.UpdaterService
01:50:47.399 [FXGL Background Thread 3 ] DEBUG Engine               - class com.almasb.fxgl.dev.DevService
01:50:48.068 [JavaFX Application Thread] DEBUG FXGLAssetLoaderServi - Loading from file system: file:/Users/archiecabiso/Documents/2nd%20Year%20-%20CS/2nd%20Sem/CSIT228/OOP2-Capstone/target/classes/assets/sounds/sound-library/click.wav
01:50:48.390 [JavaFX Application Thread] DEBUG PrimaryStageWindow   - Push state: RegisterScreen
01:50:48.390 [JavaFX Application Thread] DEBUG Input                - Clearing active input actions
01:50:48.394 [JavaFX Application Thread] DEBUG GameApplicationServi - Removing overlay from LoginScreen and adding to RegisterScreen
01:50:48.394 [JavaFX Application Thread] DEBUG PrimaryStageWindow   - LoginScreen -> RegisterScreen
01:50:48.395 [JavaFX Application Thread] DEBUG FXGLAssetLoaderServi - Loading from file system: file:/Users/archiecabiso/Documents/2nd%20Year%20-%20CS/2nd%20Sem/CSIT228/OOP2-Capstone/target/classes/assets/textures/magicbook.png
01:50:48.401 [JavaFX Application Thread] DEBUG FXGLAssetLoaderServi - Loading from file system: file:/Users/archiecabiso/Documents/2nd%20Year%20-%20CS/2nd%20Sem/CSIT228/OOP2-Capstone/target/classes/assets/textures/magicbook_hover.png
01:50:51.062 [JavaFX Application Thread] DEBUG PrimaryStageWindow   - Push state: LoginScreen
01:50:51.063 [JavaFX Application Thread] DEBUG Input                - Clearing active input actions
01:50:51.064 [JavaFX Application Thread] DEBUG GameApplicationServi - Removing overlay from RegisterScreen and adding to LoginScreen
01:50:51.064 [JavaFX Application Thread] DEBUG PrimaryStageWindow   - RegisterScreen -> LoginScreen
01:50:56.209 [JavaFX Application Thread] DEBUG FXGLAssetLoaderServi - Loading from file system: file:/Users/archiecabiso/Documents/2nd%20Year%20-%20CS/2nd%20Sem/CSIT228/OOP2-Capstone/target/classes/assets/music/magic.wav
01:50:56.236 [JavaFX Application Thread] DEBUG AudioPlayer          - Playing music com.almasb.fxgl.audio.Music@340a23e
01:50:56.312 [JavaFX Application Thread] DEBUG PrimaryStageWindow   - Push state: LoadingScreen
01:50:56.312 [JavaFX Application Thread] DEBUG Input                - Clearing active input actions
01:50:56.313 [JavaFX Application Thread] DEBUG GameApplicationServi - Removing overlay from LoginScreen and adding to LoadingScreen
01:50:56.314 [JavaFX Application Thread] DEBUG PrimaryStageWindow   - LoginScreen -> LoadingScreen
01:50:59.337 [JavaFX Application Thread] DEBUG FXGLAssetLoaderServi - Loading from file system: file:/Users/archiecabiso/Documents/2nd%20Year%20-%20CS/2nd%20Sem/CSIT228/OOP2-Capstone/target/classes/assets/music/bgm.mp3
01:50:59.345 [JavaFX Application Thread] DEBUG AudioPlayer          - Playing music com.almasb.fxgl.audio.Music@171e4589
01:50:59.345 [JavaFX Application Thread] DEBUG PrimaryStageWindow   - Push state: MainMenuScreen
01:50:59.346 [JavaFX Application Thread] DEBUG Input                - Clearing active input actions
01:50:59.347 [JavaFX Application Thread] DEBUG GameApplicationServi - Removing overlay from LoadingScreen and adding to MainMenuScreen
01:50:59.347 [JavaFX Application Thread] DEBUG PrimaryStageWindow   - LoadingScreen -> MainMenuScreen
01:51:01.621 [JavaFX Application Thread] DEBUG PrimaryStageWindow   - Push state: DifficultyMenuScreen
01:51:01.622 [JavaFX Application Thread] DEBUG Input                - Clearing active input actions
01:51:01.623 [JavaFX Application Thread] DEBUG GameApplicationServi - Removing overlay from MainMenuScreen and adding to DifficultyMenuScreen
01:51:01.623 [JavaFX Application Thread] DEBUG PrimaryStageWindow   - MainMenuScreen -> DifficultyMenuScreen
01:51:02.974 [JavaFX Application Thread] DEBUG GameApplicationServi - Starting new game
01:51:02.976 [JavaFX Application Thread] DEBUG PrimaryStageWindow   - Pop state: DifficultyMenuScreen
01:51:02.976 [JavaFX Application Thread] DEBUG Input                - Clearing active input actions
01:51:02.978 [JavaFX Application Thread] DEBUG GameApplicationServi - Removing overlay from DifficultyMenuScreen and adding to MainMenuScreen
01:51:02.979 [JavaFX Application Thread] DEBUG PrimaryStageWindow   - MainMenuScreen <- DifficultyMenuScreen
01:51:02.982 [JavaFX Application Thread] DEBUG PrimaryStageWindow   - Pop state: MainMenuScreen
01:51:02.982 [JavaFX Application Thread] DEBUG Input                - Clearing active input actions
01:51:02.983 [JavaFX Application Thread] DEBUG GameApplicationServi - Removing overlay from MainMenuScreen and adding to LoadingScreen
01:51:02.983 [JavaFX Application Thread] DEBUG PrimaryStageWindow   - LoadingScreen <- MainMenuScreen
01:51:02.984 [JavaFX Application Thread] DEBUG PrimaryStageWindow   - Pop state: LoadingScreen
01:51:02.984 [JavaFX Application Thread] DEBUG Input                - Clearing active input actions
01:51:02.984 [JavaFX Application Thread] DEBUG GameApplicationServi - Removing overlay from LoadingScreen and adding to LoginScreen
01:51:02.984 [JavaFX Application Thread] DEBUG PrimaryStageWindow   - LoginScreen <- LoadingScreen
01:51:02.984 [JavaFX Application Thread] DEBUG PrimaryStageWindow   - Pop state: LoginScreen
01:51:02.984 [JavaFX Application Thread] DEBUG Input                - Clearing active input actions
01:51:02.985 [JavaFX Application Thread] DEBUG GameApplicationServi - Removing overlay from LoginScreen and adding to RegisterScreen
01:51:02.986 [JavaFX Application Thread] DEBUG PrimaryStageWindow   - RegisterScreen <- LoginScreen
01:51:02.986 [JavaFX Application Thread] DEBUG PrimaryStageWindow   - Pop state: RegisterScreen
01:51:02.987 [JavaFX Application Thread] DEBUG Input                - Clearing active input actions
01:51:02.987 [JavaFX Application Thread] DEBUG GameApplicationServi - Removing overlay from RegisterScreen and adding to LoginScreen
01:51:02.988 [JavaFX Application Thread] DEBUG PrimaryStageWindow   - LoginScreen <- RegisterScreen
01:51:02.988 [JavaFX Application Thread] DEBUG PrimaryStageWindow   - Pop state: LoginScreen
01:51:02.988 [JavaFX Application Thread] DEBUG Input                - Clearing active input actions
01:51:02.990 [JavaFX Application Thread] DEBUG GameApplicationServi - Removing overlay from LoginScreen and adding to FXGLMainMenuDummyScene
01:51:02.990 [JavaFX Application Thread] DEBUG PrimaryStageWindow   - FXGLMainMenuDummyScene <- LoginScreen
01:51:02.991 [JavaFX Application Thread] DEBUG Input                - Clearing active input actions
01:51:03.005 [JavaFX Application Thread] DEBUG GameApplicationServi - Removing overlay from FXGLMainMenuDummyScene and adding to FXGLLoadingScene
01:51:03.006 [JavaFX Application Thread] DEBUG PrimaryStageWindow   - FXGLMainMenuDummyScene -> FXGLLoadingScene
01:51:03.006 [JavaFX Application Thread] DEBUG GameApplicationServi - Clearing previous game
01:51:03.006 [JavaFX Application Thread] DEBUG GameScene            - Clearing game scene
01:51:03.006 [JavaFX Application Thread] DEBUG GameWorld            - Clearing game world
01:51:03.007 [JavaFX Application Thread] DEBUG PhysicsWorld         - Clearing physics world
01:51:03.010 [FXGL Background Thread 2 ] DEBUG FXGLApplication      - Initializing game
01:51:03.069 [FXGL Background Thread 2 ] DEBUG FXGLAssetLoaderServi - Loading from file system: file:/Users/archiecabiso/Documents/2nd%20Year%20-%20CS/2nd%20Sem/CSIT228/OOP2-Capstone/target/classes/assets/textures/background-and-platforms/bg-midnightpurple_1280_720.png
01:51:03.229 [FXGL Background Thread 2 ] DEBUG FXGLAssetLoaderServi - Loading from file system: file:/Users/archiecabiso/Documents/2nd%20Year%20-%20CS/2nd%20Sem/CSIT228/OOP2-Capstone/target/classes/assets/textures/background-and-platforms/hdlargerplatform-purple.png
01:51:03.450 [FXGL Background Thread 2 ] DEBUG FXGLAssetLoaderServi - Loading from file system: file:/Users/archiecabiso/Documents/2nd%20Year%20-%20CS/2nd%20Sem/CSIT228/OOP2-Capstone/target/classes/assets/textures/wizard/wizard.png
01:51:03.638 [FXGL Background Thread 2 ] DEBUG FXGLAssetLoaderServi - Loading from file system: file:/Users/archiecabiso/Documents/2nd%20Year%20-%20CS/2nd%20Sem/CSIT228/OOP2-Capstone/target/classes/assets/textures/mobs/gargoyle/gargoyle.png
01:51:03.670 [FXGL Background Thread 2 ] DEBUG FXGLAssetLoaderServi - Loading from file system: file:/Users/archiecabiso/Documents/2nd%20Year%20-%20CS/2nd%20Sem/CSIT228/OOP2-Capstone/target/classes/assets/textures/mobs/grimouge/grimouge.png
01:51:03.739 [FXGL Background Thread 2 ] DEBUG FXGLAssetLoaderServi - Loading from file system: file:/Users/archiecabiso/Documents/2nd%20Year%20-%20CS/2nd%20Sem/CSIT228/OOP2-Capstone/target/classes/assets/textures/mobs/vyleye/vyleye.png
01:51:03.887 [FXGL Background Thread 2 ] INFO  FXGLApplication      - Game initialization took: 0.878 sec
01:51:03.888 [JavaFX Application Thread] DEBUG Input                - Clearing active input actions
01:51:03.897 [JavaFX Application Thread] DEBUG GameApplicationServi - Removing overlay from FXGLLoadingScene and adding to GameScene
01:51:03.897 [JavaFX Application Thread] DEBUG PrimaryStageWindow   - FXGLLoadingScene -> GameScene
01:51:04.989 [JavaFX Application Thread] DEBUG AudioPlayer          - Stopping music com.almasb.fxgl.audio.Music@171e4589
01:52:33.847 [JavaFX Application Thread] DEBUG FXGLApplication      - Exiting FXGL
01:52:33.847 [JavaFX Application Thread] DEBUG LoopRunner           - Stopping loop
01:52:33.847 [JavaFX Application Thread] DEBUG SystemBundleService  - Saving FXGL system data
01:52:33.852 [JavaFX Application Thread] DEBUG FileSystemAccess     - Writing to: /Users/archiecabiso/Documents/2nd Year - CS/2nd Sem/CSIT228/OOP2-Capstone/system/fxgl.bundle
01:52:33.856 [JavaFX Application Thread] DEBUG Async                - Shutting down background threads
01:52:33.856 [JavaFX Application Thread] DEBUG PrimaryStageWindow   - Closing main window
01:52:34.519 [JavaFX Application Thread] DEBUG Logger               - Closing Logger
