23:13:16.980 [main                     ] DEBUG Logger               - Configured Logger
23:13:17.034 [main                     ] DEBUG GameApplication      - Logging settings
Title: TypeWiz
Version: 0.0
Width: 1550
Height: 800
Fullscreen: false
Intro: false
Profiling: false
Single step:false
App Mode: DEVELOPER
Menu Key: ESCAPE
Stage Style: DECORATED
Scene Factory: class com.almasb.fxgl.app.scene.SceneFactory

23:13:17.830 [JavaFX Application Thread] DEBUG FXGLApplication      - Initializing FXGL
23:13:17.839 [JavaFX Application Thread] INFO  Engine               - FXGL-21.1 (27.03.2024 07.52) on MAC (J:23.0.1 FX:19)
23:13:17.840 [JavaFX Application Thread] DEBUG Engine               - JRE Vendor Name: Oracle Corporation
23:13:17.840 [JavaFX Application Thread] DEBUG Engine               - Running on OS: Mac OS X version 10.15.7
23:13:17.840 [JavaFX Application Thread] DEBUG Engine               - Architecture: x86_64
23:13:17.840 [JavaFX Application Thread] INFO  Engine               - Source code and latest versions at: https://github.com/AlmasB/FXGL
23:13:17.841 [JavaFX Application Thread] INFO  Engine               -       Ask questions and discuss at: https://github.com/AlmasB/FXGL/discussions
23:13:17.841 [JavaFX Application Thread] INFO  Engine               -              Join the FXGL chat at: https://gitter.im/AlmasB/FXGL
23:13:18.007 [JavaFX Application Thread] DEBUG PrimaryStageWindow   - Creating a JavaFX scene
23:13:18.007 [JavaFX Application Thread] DEBUG PrimaryStageWindow   - Target size > screen size
23:13:18.095 [JavaFX Application Thread] DEBUG PrimaryStageWindow   - Target settings size: 1550.0 x 800.0
23:13:18.096 [JavaFX Application Thread] DEBUG PrimaryStageWindow   - Scaled scene size:    1255.0 x 660.0
23:13:18.096 [JavaFX Application Thread] DEBUG PrimaryStageWindow   - Scaled ratio: (0.8096774193548387, 0.825)
23:13:18.098 [JavaFX Application Thread] DEBUG PrimaryStageWindow   - Set initial scene to FXGLStartupScene
23:13:18.106 [JavaFX Application Thread] DEBUG PrimaryStageWindow   - Opening main window
23:13:18.222 [JavaFX Application Thread] DEBUG PrimaryStageWindow   - Window border size: (0.0, 22.0)
23:13:18.222 [JavaFX Application Thread] DEBUG PrimaryStageWindow   - Scaled size: 1255.0 x 660.0
23:13:18.223 [JavaFX Application Thread] DEBUG PrimaryStageWindow   - Scaled ratio: (0.8096774193548387, 0.825)
23:13:18.223 [JavaFX Application Thread] DEBUG PrimaryStageWindow   - Scene size: 1255.0 x 660.0
23:13:18.224 [JavaFX Application Thread] DEBUG PrimaryStageWindow   - Stage size: 1255.0 x 682.0
23:13:18.234 [FXGL Background Thread 1 ] DEBUG Engine               - Initializing environment variables
23:13:18.373 [FXGL Background Thread 1 ] DEBUG FXGLAssetLoaderServi - User app class for loading assets: class com.oop2.typewiz.TypeWizApp
23:13:18.373 [FXGL Background Thread 1 ] DEBUG GameApplicationServi - Applying CSS: fxgl_dark.css
23:13:18.375 [FXGL Background Thread 1 ] DEBUG FXGLAssetLoaderServi - Loading from file system: jar:file:///Users/archiecabiso/.m2/repository/com/github/almasb/fxgl/21.1/fxgl-21.1.jar!/fxglassets/ui/css/fxgl_dark.css
23:13:18.529 [FXGL Background Thread 1 ] DEBUG GameApplicationServi - Initializing application scenes
23:13:19.203 [FXGL Background Thread 1 ] DEBUG GameWorld            - Game world initialized
23:13:19.279 [FXGL Background Thread 1 ] DEBUG PhysicsWorld         - Physics world initialized: appHeight=800, physics.ppm=50.0
23:13:19.279 [FXGL Background Thread 1 ] DEBUG PhysicsWorld         - Using strategy: BRUTE_FORCE
23:13:19.283 [FXGL Background Thread 1 ] DEBUG GameScene            - Game scene initialized: 1550x800
23:13:19.296 [FXGL Background Thread 1 ] DEBUG FXGL.DefaultMenu     - createMenuBodyGameMenu()
23:13:19.317 [FXGL Background Thread 1 ] DEBUG FXGL.DefaultMenu     - createOptionsMenu()
23:13:19.332 [FXGL Background Thread 1 ] DEBUG FXGLAssetLoaderServi - Loading from file system: jar:file:///Users/archiecabiso/.m2/repository/com/github/almasb/fxgl/21.1/fxgl-21.1.jar!/fxglassets/textures/particles/smoke.png
23:13:19.452 [FXGL Background Thread 1 ] DEBUG FXGLAssetLoaderServi - Loading from file system: jar:file:///Users/archiecabiso/.m2/repository/com/github/almasb/fxgl/21.1/fxgl-21.1.jar!/fxglassets/textures/particles/trace_horizontal.png
23:13:19.482 [FXGL Background Thread 1 ] DEBUG GameApplicationServi - Application scenes initialized
23:13:19.497 [FXGL Background Thread 1 ] DEBUG SystemBundleService  - Loading FXGL system data
23:13:19.502 [FXGL Background Thread 1 ] DEBUG FileSystemAccess     - Reading from: /Users/archiecabiso/Documents/2nd Year - CS/2nd Sem/CSIT228/OOP2-Capstone/system/fxgl.bundle
23:13:19.510 [FXGL Background Thread 1 ] DEBUG SystemBundleService  - Bundle FXGL: {}
23:13:19.510 [FXGL Background Thread 1 ] DEBUG UpdaterService       - Checking for updates
23:13:19.517 [FXGL Background Thread 4 ] DEBUG FXGLApplication      - Loading fonts
23:13:19.518 [FXGL Background Thread 4 ] DEBUG FXGLAssetLoaderServi - Loading from file system: jar:file:///Users/archiecabiso/.m2/repository/com/github/almasb/fxgl/21.1/fxgl-21.1.jar!/fxglassets/ui/fonts/VarelaRound-Regular.ttf
23:13:19.518 [FXGL Background Thread 1 ] DEBUG FXGLApplication      - Loading default localization
23:13:19.519 [FXGL Background Thread 1 ] DEBUG FXGLAssetLoaderServi - Loading from file system: jar:file:///Users/archiecabiso/.m2/repository/com/github/almasb/fxgl/21.1/fxgl-21.1.jar!/fxglassets/languages/english.lang
23:13:19.535 [FXGL Background Thread 4 ] DEBUG FXGLAssetLoaderServi - Loading from file system: jar:file:///Users/archiecabiso/.m2/repository/com/github/almasb/fxgl/21.1/fxgl-21.1.jar!/fxglassets/ui/fonts/Abel-Regular.ttf
23:13:19.541 [FXGL Background Thread 4 ] DEBUG FXGLAssetLoaderServi - Loading from file system: jar:file:///Users/archiecabiso/.m2/repository/com/github/almasb/fxgl/21.1/fxgl-21.1.jar!/fxglassets/ui/fonts/TerminalLandMono-Regular.otf
23:13:19.543 [FXGL Background Thread 1 ] INFO  FXGLApplication      - FXGL initialization took: 1.309 sec
23:13:19.544 [JavaFX Application Thread] DEBUG FXGLAssetLoaderServi - Loading from file system: jar:file:///Users/archiecabiso/.m2/repository/com/github/almasb/fxgl/21.1/fxgl-21.1.jar!/fxglassets/textures/fxgl_icon.png
23:13:19.545 [FXGL Background Thread 4 ] DEBUG FXGLAssetLoaderServi - Loading from file system: jar:file:///Users/archiecabiso/.m2/repository/com/github/almasb/fxgl/21.1/fxgl-21.1.jar!/fxglassets/ui/fonts/Courier-Prime.ttf
23:13:19.582 [JavaFX Application Thread] DEBUG FXGLAssetLoaderServi - Loading from file system: jar:file:///Users/archiecabiso/.m2/repository/com/github/almasb/fxgl/21.1/fxgl-21.1.jar!/fxglassets/textures/fxgl_default_cursor.png
23:13:19.597 [JavaFX Application Thread] DEBUG Input                - Registered new binding: Screenshot - CTRL+8
23:13:19.598 [JavaFX Application Thread] DEBUG Input                - Registered new binding: System info dump - CTRL+9
23:13:19.598 [JavaFX Application Thread] DEBUG Input                - Registered new binding: Restart - CTRL+R
23:13:19.599 [JavaFX Application Thread] DEBUG Input                - Registered new binding: Toggle Debug Camera - CTRL+7
23:13:19.602 [JavaFX Application Thread] DEBUG LoopRunner           - Starting loop
23:13:19.603 [JavaFX Application Thread] DEBUG LoopRunner           - Initializing JavaFX AnimationTimerLoop
23:13:19.604 [JavaFX Application Thread] DEBUG GameApplicationServi - Starting new game
23:13:19.605 [JavaFX Application Thread] DEBUG Input                - Clearing active input actions
23:13:19.623 [JavaFX Application Thread] DEBUG GameApplicationServi - Removing overlay from FXGLStartupScene and adding to FXGLLoadingScene
23:13:19.623 [JavaFX Application Thread] DEBUG PrimaryStageWindow   - FXGLStartupScene -> FXGLLoadingScene
23:13:19.624 [JavaFX Application Thread] DEBUG GameApplicationServi - Clearing previous game
23:13:19.624 [JavaFX Application Thread] DEBUG GameScene            - Clearing game scene
23:13:19.624 [JavaFX Application Thread] DEBUG GameWorld            - Clearing game world
23:13:19.624 [JavaFX Application Thread] DEBUG PhysicsWorld         - Clearing physics world
23:13:19.627 [FXGL Background Thread 4 ] DEBUG FXGLApplication      - Initializing game
23:13:19.638 [JavaFX Application Thread] DEBUG FXGLApplication      - Registering font factories with UI factory
23:13:20.915 [FXGL Background Thread 4 ] INFO  FXGLApplication      - Game initialization took: 1.288 sec
23:13:20.916 [JavaFX Application Thread] DEBUG Input                - Clearing active input actions
23:13:20.945 [JavaFX Application Thread] DEBUG GameApplicationServi - Removing overlay from FXGLLoadingScene and adding to GameScene
23:13:20.945 [JavaFX Application Thread] DEBUG PrimaryStageWindow   - FXGLLoadingScene -> GameScene
23:13:22.519 [FXGL Background Thread 3 ] DEBUG Engine               - Logging environment variables
23:13:22.522 [FXGL Background Thread 3 ] DEBUG Engine               - achievements: []
23:13:22.522 [FXGL Background Thread 3 ] DEBUG Engine               - actualHeight: 660.0
23:13:22.523 [FXGL Background Thread 3 ] DEBUG Engine               - actualHeightProperty: ReadOnlyDoubleProperty [value: 660.0]
23:13:22.523 [FXGL Background Thread 3 ] DEBUG Engine               - actualWidth: 1255.0
23:13:22.523 [FXGL Background Thread 3 ] DEBUG Engine               - actualWidthProperty: ReadOnlyDoubleProperty [value: 1255.0]
23:13:22.524 [FXGL Background Thread 3 ] DEBUG Engine               - appIcon: fxgl_icon.png
23:13:22.524 [FXGL Background Thread 3 ] DEBUG Engine               - applicationMode: DEVELOPER
23:13:22.524 [FXGL Background Thread 3 ] DEBUG Engine               - cSSList: [fxgl_dark.css]
23:13:22.524 [FXGL Background Thread 3 ] DEBUG Engine               - collisionDetectionStrategy: BRUTE_FORCE
23:13:22.524 [FXGL Background Thread 3 ] DEBUG Engine               - configClass: Optional.empty
23:13:22.524 [FXGL Background Thread 3 ] DEBUG Engine               - credits: []
23:13:22.525 [FXGL Background Thread 3 ] DEBUG Engine               - defaultCursor: CursorInfo(imageName=fxgl_default_cursor.png, hotspotX=7.0, hotspotY=6.0)
23:13:22.525 [FXGL Background Thread 3 ] DEBUG Engine               - devBBoxColorProperty: ObjectProperty [value: 0xff0000ff]
23:13:22.525 [FXGL Background Thread 3 ] DEBUG Engine               - devEnableDebugCameraProperty: BooleanProperty [value: false]
23:13:22.526 [FXGL Background Thread 3 ] DEBUG Engine               - devSensorColorProperty: ObjectProperty [value: 0xffff00ff]
23:13:22.526 [FXGL Background Thread 3 ] DEBUG Engine               - devShowBBoxProperty: BooleanProperty [value: false]
23:13:22.526 [FXGL Background Thread 3 ] DEBUG Engine               - devShowPositionProperty: BooleanProperty [value: false]
23:13:22.526 [FXGL Background Thread 3 ] DEBUG Engine               - enabledMenuItems: []
23:13:22.526 [FXGL Background Thread 3 ] DEBUG Engine               - engineServices: [class com.almasb.fxgl.app.services.FXGLAssetLoaderService, class com.almasb.fxgl.app.FXGLApplication$GameApplicationService, class com.almasb.fxgl.app.services.FXGLDialogService, class com.almasb.fxgl.app.services.IOTaskExecutorService, class com.almasb.fxgl.io.FileSystemService, class com.almasb.fxgl.localization.LocalizationService, class com.almasb.fxgl.app.services.SystemBundleService, class com.almasb.fxgl.profile.SaveLoadService, class com.almasb.fxgl.ui.FXGLUIFactoryServiceProvider, class com.almasb.fxgl.ui.FXGLDialogFactoryServiceProvider, class com.almasb.fxgl.audio.AudioPlayer, class com.almasb.fxgl.notification.impl.NotificationServiceProvider, class com.almasb.fxgl.achievement.AchievementService, class com.almasb.fxgl.cutscene.CutsceneService, class com.almasb.fxgl.minigames.MiniGameService, class com.almasb.fxgl.net.NetService, class com.almasb.fxgl.app.services.UpdaterService, class com.almasb.fxgl.dev.DevService]
23:13:22.526 [FXGL Background Thread 3 ] DEBUG Engine               - fontGame: Abel-Regular.ttf
23:13:22.526 [FXGL Background Thread 3 ] DEBUG Engine               - fontMono: TerminalLandMono-Regular.otf
23:13:22.527 [FXGL Background Thread 3 ] DEBUG Engine               - fontSizeScaleUI: 1.0
23:13:22.527 [FXGL Background Thread 3 ] DEBUG Engine               - fontText: Courier-Prime.ttf
23:13:22.527 [FXGL Background Thread 3 ] DEBUG Engine               - fontUI: VarelaRound-Regular.ttf
23:13:22.527 [FXGL Background Thread 3 ] DEBUG Engine               - fullScreen: BooleanProperty [value: false]
23:13:22.527 [FXGL Background Thread 3 ] DEBUG Engine               - gameDifficulty: MEDIUM
23:13:22.527 [FXGL Background Thread 3 ] DEBUG Engine               - gameDifficultyProperty: ObjectProperty [value: MEDIUM]
23:13:22.527 [FXGL Background Thread 3 ] DEBUG Engine               - globalMusicVolume: 0.5
23:13:22.528 [FXGL Background Thread 3 ] DEBUG Engine               - globalMusicVolumeProperty: DoubleProperty [value: 0.5]
23:13:22.528 [FXGL Background Thread 3 ] DEBUG Engine               - globalSoundVolume: 0.5
23:13:22.528 [FXGL Background Thread 3 ] DEBUG Engine               - globalSoundVolumeProperty: DoubleProperty [value: 0.5]
23:13:22.528 [FXGL Background Thread 3 ] DEBUG Engine               - height: 800
23:13:22.529 [FXGL Background Thread 3 ] DEBUG Engine               - is3D: false
23:13:22.529 [FXGL Background Thread 3 ] DEBUG Engine               - isAndroid: false
23:13:22.529 [FXGL Background Thread 3 ] DEBUG Engine               - isBrowser: false
23:13:22.530 [FXGL Background Thread 3 ] DEBUG Engine               - isClickFeedbackEnabled: false
23:13:22.531 [FXGL Background Thread 3 ] DEBUG Engine               - isCloseConfirmation: false
23:13:22.531 [FXGL Background Thread 3 ] DEBUG Engine               - isDesktop: true
23:13:22.532 [FXGL Background Thread 3 ] DEBUG Engine               - isDeveloperMenuEnabled: false
23:13:22.532 [FXGL Background Thread 3 ] DEBUG Engine               - isEmbedded: false
23:13:22.532 [FXGL Background Thread 3 ] DEBUG Engine               - isEntityPreloadEnabled: true
23:13:22.532 [FXGL Background Thread 3 ] DEBUG Engine               - isExperimentalTiledLargeMap: false
23:13:22.532 [FXGL Background Thread 3 ] DEBUG Engine               - isFileSystemWriteAllowed: true
23:13:22.532 [FXGL Background Thread 3 ] DEBUG Engine               - isFullScreenAllowed: false
23:13:22.532 [FXGL Background Thread 3 ] DEBUG Engine               - isFullScreenFromStart: false
23:13:22.533 [FXGL Background Thread 3 ] DEBUG Engine               - isGameMenuEnabled: true
23:13:22.533 [FXGL Background Thread 3 ] DEBUG Engine               - isIOS: false
23:13:22.533 [FXGL Background Thread 3 ] DEBUG Engine               - isIntroEnabled: false
23:13:22.533 [FXGL Background Thread 3 ] DEBUG Engine               - isLinux: false
23:13:22.533 [FXGL Background Thread 3 ] DEBUG Engine               - isMac: true
23:13:22.533 [FXGL Background Thread 3 ] DEBUG Engine               - isMainMenuEnabled: false
23:13:22.533 [FXGL Background Thread 3 ] DEBUG Engine               - isManualResizeEnabled: false
23:13:22.533 [FXGL Background Thread 3 ] DEBUG Engine               - isMobile: false
23:13:22.533 [FXGL Background Thread 3 ] DEBUG Engine               - isNative: false
23:13:22.533 [FXGL Background Thread 3 ] DEBUG Engine               - isPauseMusicWhenMinimized: true
23:13:22.534 [FXGL Background Thread 3 ] DEBUG Engine               - isPreserveResizeRatio: false
23:13:22.534 [FXGL Background Thread 3 ] DEBUG Engine               - isProfilingEnabled: false
23:13:22.534 [FXGL Background Thread 3 ] DEBUG Engine               - isScaleAffectedOnResize: true
23:13:22.534 [FXGL Background Thread 3 ] DEBUG Engine               - isSingleStep: false
23:13:22.534 [FXGL Background Thread 3 ] DEBUG Engine               - isUserProfileEnabled: false
23:13:22.534 [FXGL Background Thread 3 ] DEBUG Engine               - isWindows: false
23:13:22.534 [FXGL Background Thread 3 ] DEBUG Engine               - language: ObjectProperty [value: ENGLISH]
23:13:22.534 [FXGL Background Thread 3 ] DEBUG Engine               - menuKey: ESCAPE
23:13:22.534 [FXGL Background Thread 3 ] DEBUG Engine               - mouseSensitivity: 0.2
23:13:22.535 [FXGL Background Thread 3 ] DEBUG Engine               - notificationViewClass: class com.almasb.fxgl.notification.view.XboxNotificationView
23:13:22.535 [FXGL Background Thread 3 ] DEBUG Engine               - pixelsPerMeter: 50.0
23:13:22.535 [FXGL Background Thread 3 ] DEBUG Engine               - platform: MAC
23:13:22.535 [FXGL Background Thread 3 ] DEBUG Engine               - prefHeightProperty: ReadOnlyDoubleProperty [value: 800.0]
23:13:22.535 [FXGL Background Thread 3 ] DEBUG Engine               - prefWidthProperty: ReadOnlyDoubleProperty [value: 1550.0]
23:13:22.535 [FXGL Background Thread 3 ] DEBUG Engine               - profileDir: profiles/
23:13:22.536 [FXGL Background Thread 3 ] DEBUG Engine               - profileName: StringProperty [value: DEFAULT]
23:13:22.536 [FXGL Background Thread 3 ] DEBUG Engine               - randomSeed: -1
23:13:22.536 [FXGL Background Thread 3 ] DEBUG Engine               - runtimeInfo: RuntimeInfo(platform=MAC, version=21.1, build=27.03.2024 07.52)
23:13:22.537 [FXGL Background Thread 3 ] DEBUG Engine               - saveFileExt: sav
23:13:22.538 [FXGL Background Thread 3 ] DEBUG Engine               - scaledHeightProp$fxgl: DoubleProperty [bound, value: 660.0]
23:13:22.539 [FXGL Background Thread 3 ] DEBUG Engine               - scaledWidthProp$fxgl: DoubleProperty [bound, value: 1255.0]
23:13:22.539 [FXGL Background Thread 3 ] DEBUG Engine               - sceneFactory: com.almasb.fxgl.app.scene.SceneFactory@7c05e969
23:13:22.540 [FXGL Background Thread 3 ] DEBUG Engine               - secondsIn24h: 60
23:13:22.541 [FXGL Background Thread 3 ] DEBUG Engine               - soundMenuBack: menu/back.wav
23:13:22.541 [FXGL Background Thread 3 ] DEBUG Engine               - soundMenuPress: menu/press.wav
23:13:22.542 [FXGL Background Thread 3 ] DEBUG Engine               - soundMenuSelect: menu/select.wav
23:13:22.542 [FXGL Background Thread 3 ] DEBUG Engine               - soundNotification: core/notification.wav
23:13:22.542 [FXGL Background Thread 3 ] DEBUG Engine               - stageStyle: DECORATED
23:13:22.542 [FXGL Background Thread 3 ] DEBUG Engine               - supportedLanguages: [ENGLISH, FRENCH, GERMAN, HUNGARIAN, RUSSIAN]
23:13:22.542 [FXGL Background Thread 3 ] DEBUG Engine               - ticksPerSecond: -1
23:13:22.542 [FXGL Background Thread 3 ] DEBUG Engine               - title: TypeWiz
23:13:22.542 [FXGL Background Thread 3 ] DEBUG Engine               - urlGithub: https://github.com/AlmasB/FXGL
23:13:22.542 [FXGL Background Thread 3 ] DEBUG Engine               - urlLeaderboard: http://fxgl-top.herokuapp.com/
23:13:22.542 [FXGL Background Thread 3 ] DEBUG Engine               - urlPOM: https://raw.githubusercontent.com/AlmasB/FXGL/release/README.md
23:13:22.542 [FXGL Background Thread 3 ] DEBUG Engine               - userAppClass: class com.oop2.typewiz.TypeWizApp
23:13:22.542 [FXGL Background Thread 3 ] DEBUG Engine               - version: 0.0
23:13:22.542 [FXGL Background Thread 3 ] DEBUG Engine               - versionCheckDays: 7
23:13:22.543 [FXGL Background Thread 3 ] DEBUG Engine               - width: 1550
23:13:22.543 [FXGL Background Thread 3 ] DEBUG Engine               - Logging services
23:13:22.543 [FXGL Background Thread 3 ] DEBUG Engine               - class com.almasb.fxgl.app.services.FXGLAssetLoaderService
23:13:22.543 [FXGL Background Thread 3 ] DEBUG Engine               - class com.almasb.fxgl.app.FXGLApplication$GameApplicationService
23:13:22.543 [FXGL Background Thread 3 ] DEBUG Engine               - class com.almasb.fxgl.app.services.FXGLDialogService
23:13:22.543 [FXGL Background Thread 3 ] DEBUG Engine               - class com.almasb.fxgl.app.services.IOTaskExecutorService
23:13:22.543 [FXGL Background Thread 3 ] DEBUG Engine               - class com.almasb.fxgl.io.FileSystemService
23:13:22.543 [FXGL Background Thread 3 ] DEBUG Engine               - class com.almasb.fxgl.localization.LocalizationService
23:13:22.543 [FXGL Background Thread 3 ] DEBUG Engine               - class com.almasb.fxgl.app.services.SystemBundleService
23:13:22.544 [FXGL Background Thread 3 ] DEBUG Engine               - class com.almasb.fxgl.profile.SaveLoadService
23:13:22.544 [FXGL Background Thread 3 ] DEBUG Engine               - class com.almasb.fxgl.ui.FXGLUIFactoryServiceProvider
23:13:22.544 [FXGL Background Thread 3 ] DEBUG Engine               - class com.almasb.fxgl.ui.FXGLDialogFactoryServiceProvider
23:13:22.544 [FXGL Background Thread 3 ] DEBUG Engine               - class com.almasb.fxgl.audio.AudioPlayer
23:13:22.544 [FXGL Background Thread 3 ] DEBUG Engine               - class com.almasb.fxgl.notification.impl.NotificationServiceProvider
23:13:22.544 [FXGL Background Thread 3 ] DEBUG Engine               - class com.almasb.fxgl.achievement.AchievementService
23:13:22.544 [FXGL Background Thread 3 ] DEBUG Engine               - class com.almasb.fxgl.cutscene.CutsceneService
23:13:22.544 [FXGL Background Thread 3 ] DEBUG Engine               - class com.almasb.fxgl.minigames.MiniGameService
23:13:22.544 [FXGL Background Thread 3 ] DEBUG Engine               - class com.almasb.fxgl.net.NetService
23:13:22.544 [FXGL Background Thread 3 ] DEBUG Engine               - class com.almasb.fxgl.app.services.UpdaterService
23:13:22.544 [FXGL Background Thread 3 ] DEBUG Engine               - class com.almasb.fxgl.dev.DevService
23:13:23.570 [JavaFX Application Thread] DEBUG FXGLAssetLoaderServi - Loading from file system: file:/Users/archiecabiso/Documents/2nd%20Year%20-%20CS/2nd%20Sem/CSIT228/OOP2-Capstone/target/classes/assets/sounds/sound-library/hover.wav
23:14:22.870 [JavaFX Application Thread] DEBUG FXGLApplication      - Exiting FXGL
23:14:22.870 [JavaFX Application Thread] DEBUG LoopRunner           - Stopping loop
23:14:22.870 [JavaFX Application Thread] DEBUG SystemBundleService  - Saving FXGL system data
23:14:22.872 [JavaFX Application Thread] DEBUG FileSystemAccess     - Writing to: /Users/archiecabiso/Documents/2nd Year - CS/2nd Sem/CSIT228/OOP2-Capstone/system/fxgl.bundle
23:14:22.875 [JavaFX Application Thread] DEBUG Async                - Shutting down background threads
23:14:22.875 [JavaFX Application Thread] DEBUG PrimaryStageWindow   - Closing main window
23:14:22.882 [JavaFX Application Thread] DEBUG Logger               - Closing Logger
