23:36:03.516 [main                     ] DEBUG Logger               - Configured Logger
23:36:03.576 [main                     ] DEBUG GameApplication      - Logging settings
Title: TypeWiz Login
Version: 0.0
Width: 1280
Height: 720
Fullscreen: true
Intro: false
Profiling: false
Single step:false
App Mode: DEVELOPER
Menu Key: ESCAPE
Stage Style: DECORATED
Scene Factory: class com.oop2.typewiz.util.CustomSceneFactory

23:36:04.420 [JavaFX Application Thread] DEBUG FXGLApplication      - Initializing FXGL
23:36:04.428 [JavaFX Application Thread] INFO  Engine               - FXGL-21.1 (27.03.2024 07.52) on MAC (J:23.0.1 FX:19)
23:36:04.429 [JavaFX Application Thread] DEBUG Engine               - JRE Vendor Name: Oracle Corporation
23:36:04.430 [JavaFX Application Thread] DEBUG Engine               - Running on OS: Mac OS X version 10.15.7
23:36:04.430 [JavaFX Application Thread] DEBUG Engine               - Architecture: x86_64
23:36:04.430 [JavaFX Application Thread] INFO  Engine               - Source code and latest versions at: https://github.com/AlmasB/FXGL
23:36:04.430 [JavaFX Application Thread] INFO  Engine               -       Ask questions and discuss at: https://github.com/AlmasB/FXGL/discussions
23:36:04.430 [JavaFX Application Thread] INFO  Engine               -              Join the FXGL chat at: https://gitter.im/AlmasB/FXGL
23:36:04.817 [JavaFX Application Thread] DEBUG PrimaryStageWindow   - Creating a JavaFX scene
23:36:05.015 [JavaFX Application Thread] DEBUG PrimaryStageWindow   - Target settings size: 1280.0 x 720.0
23:36:05.015 [JavaFX Application Thread] DEBUG PrimaryStageWindow   - Scaled scene size:    1280.0 x 720.0
23:36:05.016 [JavaFX Application Thread] DEBUG PrimaryStageWindow   - Scaled ratio: (1.0, 1.0)
23:36:05.057 [JavaFX Application Thread] DEBUG PrimaryStageWindow   - Set initial scene to FXGLStartupScene
23:36:05.072 [JavaFX Application Thread] DEBUG PrimaryStageWindow   - Opening main window
23:36:05.388 [JavaFX Application Thread] DEBUG PrimaryStageWindow   - Window border size: (0.0, 22.0)
23:36:05.389 [JavaFX Application Thread] DEBUG PrimaryStageWindow   - Scaled size: 1280.0 x 720.0
23:36:05.390 [JavaFX Application Thread] DEBUG PrimaryStageWindow   - Scaled ratio: (1.0, 1.0)
23:36:05.390 [JavaFX Application Thread] DEBUG PrimaryStageWindow   - Scene size: 1280.0 x 720.0
23:36:05.391 [JavaFX Application Thread] DEBUG PrimaryStageWindow   - Stage size: 1280.0 x 742.0
23:36:06.192 [JavaFX Application Thread] DEBUG PrimaryStageWindow   - Going fullscreen
23:36:06.205 [FXGL Background Thread 1 ] DEBUG Engine               - Initializing environment variables
23:36:06.435 [FXGL Background Thread 1 ] DEBUG FXGLAssetLoaderServi - User app class for loading assets: class com.oop2.typewiz.TypeWizApp
23:36:06.435 [FXGL Background Thread 1 ] DEBUG GameApplicationServi - Applying CSS: fxgl_dark.css
23:36:06.437 [FXGL Background Thread 1 ] DEBUG FXGLAssetLoaderServi - Loading from file system: jar:file:///Users/archiecabiso/.m2/repository/com/github/almasb/fxgl/21.1/fxgl-21.1.jar!/fxglassets/ui/css/fxgl_dark.css
23:36:06.669 [FXGL Background Thread 1 ] DEBUG GameApplicationServi - Initializing application scenes
23:36:07.644 [FXGL Background Thread 1 ] DEBUG GameWorld            - Game world initialized
23:36:07.730 [FXGL Background Thread 1 ] DEBUG PhysicsWorld         - Physics world initialized: appHeight=720, physics.ppm=50.0
23:36:07.730 [FXGL Background Thread 1 ] DEBUG PhysicsWorld         - Using strategy: BRUTE_FORCE
23:36:07.738 [FXGL Background Thread 1 ] DEBUG GameScene            - Game scene initialized: 1280x720
23:36:08.156 [FXGL Background Thread 1 ] DEBUG GameApplicationServi - Application scenes initialized
23:36:08.173 [FXGL Background Thread 1 ] DEBUG SystemBundleService  - Loading FXGL system data
23:36:08.180 [FXGL Background Thread 1 ] DEBUG FileSystemAccess     - Reading from: /Users/archiecabiso/Documents/2nd Year - CS/2nd Sem/CSIT228/OOP2-Capstone/system/fxgl.bundle
23:36:08.191 [FXGL Background Thread 1 ] DEBUG SystemBundleService  - Bundle FXGL: {}
23:36:08.191 [FXGL Background Thread 1 ] DEBUG UpdaterService       - Checking for updates
23:36:08.196 [FXGL Background Thread 4 ] DEBUG FXGLApplication      - Loading fonts
23:36:08.197 [FXGL Background Thread 4 ] DEBUG FXGLAssetLoaderServi - Loading from file system: jar:file:///Users/archiecabiso/.m2/repository/com/github/almasb/fxgl/21.1/fxgl-21.1.jar!/fxglassets/ui/fonts/VarelaRound-Regular.ttf
23:36:08.198 [FXGL Background Thread 1 ] DEBUG FXGLApplication      - Loading default localization
23:36:08.200 [FXGL Background Thread 1 ] DEBUG FXGLAssetLoaderServi - Loading from file system: jar:file:///Users/archiecabiso/.m2/repository/com/github/almasb/fxgl/21.1/fxgl-21.1.jar!/fxglassets/languages/english.lang
23:36:08.219 [FXGL Background Thread 4 ] DEBUG FXGLAssetLoaderServi - Loading from file system: jar:file:///Users/archiecabiso/.m2/repository/com/github/almasb/fxgl/21.1/fxgl-21.1.jar!/fxglassets/ui/fonts/Abel-Regular.ttf
23:36:08.223 [FXGL Background Thread 4 ] DEBUG FXGLAssetLoaderServi - Loading from file system: jar:file:///Users/archiecabiso/.m2/repository/com/github/almasb/fxgl/21.1/fxgl-21.1.jar!/fxglassets/ui/fonts/TerminalLandMono-Regular.otf
23:36:08.227 [FXGL Background Thread 4 ] DEBUG FXGLAssetLoaderServi - Loading from file system: jar:file:///Users/archiecabiso/.m2/repository/com/github/almasb/fxgl/21.1/fxgl-21.1.jar!/fxglassets/ui/fonts/Courier-Prime.ttf
23:36:08.236 [JavaFX Application Thread] DEBUG FXGLApplication      - Registering font factories with UI factory
23:36:08.248 [FXGL Background Thread 1 ] INFO  FXGLApplication      - FXGL initialization took: 2.043 sec
23:36:08.249 [JavaFX Application Thread] DEBUG FXGLAssetLoaderServi - Loading from file system: jar:file:///Users/archiecabiso/.m2/repository/com/github/almasb/fxgl/21.1/fxgl-21.1.jar!/fxglassets/textures/fxgl_icon.png
23:36:08.285 [JavaFX Application Thread] DEBUG FXGLAssetLoaderServi - Loading from file system: jar:file:///Users/archiecabiso/.m2/repository/com/github/almasb/fxgl/21.1/fxgl-21.1.jar!/fxglassets/textures/fxgl_default_cursor.png
23:36:08.299 [JavaFX Application Thread] DEBUG Input                - Registered new binding: Screenshot - CTRL+8
23:36:08.300 [JavaFX Application Thread] DEBUG Input                - Registered new binding: System info dump - CTRL+9
23:36:08.300 [JavaFX Application Thread] DEBUG Input                - Registered new binding: Restart - CTRL+R
23:36:08.301 [JavaFX Application Thread] DEBUG Input                - Registered new binding: Toggle Debug Camera - CTRL+7
23:36:08.305 [JavaFX Application Thread] DEBUG LoopRunner           - Starting loop
23:36:08.305 [JavaFX Application Thread] DEBUG LoopRunner           - Initializing JavaFX AnimationTimerLoop
23:36:08.308 [JavaFX Application Thread] DEBUG Input                - Clearing active input actions
23:36:08.322 [JavaFX Application Thread] DEBUG GameApplicationServi - Removing overlay from FXGLStartupScene and adding to FXGLMainMenuDummyScene
23:36:08.323 [JavaFX Application Thread] DEBUG PrimaryStageWindow   - FXGLStartupScene -> FXGLMainMenuDummyScene
23:36:08.323 [JavaFX Application Thread] DEBUG PrimaryStageWindow   - Push state: LoginScreen
23:36:08.324 [JavaFX Application Thread] DEBUG Input                - Clearing active input actions
23:36:08.347 [JavaFX Application Thread] DEBUG GameApplicationServi - Removing overlay from FXGLMainMenuDummyScene and adding to LoginScreen
23:36:08.348 [JavaFX Application Thread] DEBUG PrimaryStageWindow   - FXGLMainMenuDummyScene -> LoginScreen
23:36:11.196 [FXGL Background Thread 3 ] DEBUG Engine               - Logging environment variables
23:36:11.197 [FXGL Background Thread 3 ] DEBUG Engine               - achievements: []
23:36:11.197 [FXGL Background Thread 3 ] DEBUG Engine               - actualHeight: 800.0
23:36:11.198 [FXGL Background Thread 3 ] DEBUG Engine               - actualHeightProperty: ReadOnlyDoubleProperty [value: 800.0]
23:36:11.198 [FXGL Background Thread 3 ] DEBUG Engine               - actualWidth: 1280.0
23:36:11.198 [FXGL Background Thread 3 ] DEBUG Engine               - actualWidthProperty: ReadOnlyDoubleProperty [value: 1280.0]
23:36:11.198 [FXGL Background Thread 3 ] DEBUG Engine               - appIcon: fxgl_icon.png
23:36:11.198 [FXGL Background Thread 3 ] DEBUG Engine               - applicationMode: DEVELOPER
23:36:11.198 [FXGL Background Thread 3 ] DEBUG Engine               - cSSList: [fxgl_dark.css]
23:36:11.198 [FXGL Background Thread 3 ] DEBUG Engine               - collisionDetectionStrategy: BRUTE_FORCE
23:36:11.198 [FXGL Background Thread 3 ] DEBUG Engine               - configClass: Optional.empty
23:36:11.198 [FXGL Background Thread 3 ] DEBUG Engine               - credits: []
23:36:11.201 [FXGL Background Thread 3 ] DEBUG Engine               - defaultCursor: CursorInfo(imageName=fxgl_default_cursor.png, hotspotX=7.0, hotspotY=6.0)
23:36:11.202 [FXGL Background Thread 3 ] DEBUG Engine               - devBBoxColorProperty: ObjectProperty [value: 0xff0000ff]
23:36:11.202 [FXGL Background Thread 3 ] DEBUG Engine               - devEnableDebugCameraProperty: BooleanProperty [value: false]
23:36:11.202 [FXGL Background Thread 3 ] DEBUG Engine               - devSensorColorProperty: ObjectProperty [value: 0xffff00ff]
23:36:11.202 [FXGL Background Thread 3 ] DEBUG Engine               - devShowBBoxProperty: BooleanProperty [value: false]
23:36:11.202 [FXGL Background Thread 3 ] DEBUG Engine               - devShowPositionProperty: BooleanProperty [value: false]
23:36:11.202 [FXGL Background Thread 3 ] DEBUG Engine               - enabledMenuItems: []
23:36:11.202 [FXGL Background Thread 3 ] DEBUG Engine               - engineServices: [class com.almasb.fxgl.app.services.FXGLAssetLoaderService, class com.almasb.fxgl.app.FXGLApplication$GameApplicationService, class com.almasb.fxgl.app.services.FXGLDialogService, class com.almasb.fxgl.app.services.IOTaskExecutorService, class com.almasb.fxgl.io.FileSystemService, class com.almasb.fxgl.localization.LocalizationService, class com.almasb.fxgl.app.services.SystemBundleService, class com.almasb.fxgl.profile.SaveLoadService, class com.almasb.fxgl.ui.FXGLUIFactoryServiceProvider, class com.almasb.fxgl.ui.FXGLDialogFactoryServiceProvider, class com.almasb.fxgl.audio.AudioPlayer, class com.almasb.fxgl.notification.impl.NotificationServiceProvider, class com.almasb.fxgl.achievement.AchievementService, class com.almasb.fxgl.cutscene.CutsceneService, class com.almasb.fxgl.minigames.MiniGameService, class com.almasb.fxgl.net.NetService, class com.almasb.fxgl.app.services.UpdaterService, class com.almasb.fxgl.dev.DevService]
23:36:11.203 [FXGL Background Thread 3 ] DEBUG Engine               - fontGame: Abel-Regular.ttf
23:36:11.203 [FXGL Background Thread 3 ] DEBUG Engine               - fontMono: TerminalLandMono-Regular.otf
23:36:11.203 [FXGL Background Thread 3 ] DEBUG Engine               - fontSizeScaleUI: 1.0
23:36:11.203 [FXGL Background Thread 3 ] DEBUG Engine               - fontText: Courier-Prime.ttf
23:36:11.203 [FXGL Background Thread 3 ] DEBUG Engine               - fontUI: VarelaRound-Regular.ttf
23:36:11.203 [FXGL Background Thread 3 ] DEBUG Engine               - fullScreen: BooleanProperty [value: true]
23:36:11.203 [FXGL Background Thread 3 ] DEBUG Engine               - gameDifficulty: MEDIUM
23:36:11.203 [FXGL Background Thread 3 ] DEBUG Engine               - gameDifficultyProperty: ObjectProperty [value: MEDIUM]
23:36:11.203 [FXGL Background Thread 3 ] DEBUG Engine               - globalMusicVolume: 0.5
23:36:11.203 [FXGL Background Thread 3 ] DEBUG Engine               - globalMusicVolumeProperty: DoubleProperty [value: 0.5]
23:36:11.204 [FXGL Background Thread 3 ] DEBUG Engine               - globalSoundVolume: 0.5
23:36:11.204 [FXGL Background Thread 3 ] DEBUG Engine               - globalSoundVolumeProperty: DoubleProperty [value: 0.5]
23:36:11.204 [FXGL Background Thread 3 ] DEBUG Engine               - height: 720
23:36:11.204 [FXGL Background Thread 3 ] DEBUG Engine               - is3D: false
23:36:11.204 [FXGL Background Thread 3 ] DEBUG Engine               - isAndroid: false
23:36:11.204 [FXGL Background Thread 3 ] DEBUG Engine               - isBrowser: false
23:36:11.204 [FXGL Background Thread 3 ] DEBUG Engine               - isClickFeedbackEnabled: false
23:36:11.204 [FXGL Background Thread 3 ] DEBUG Engine               - isCloseConfirmation: false
23:36:11.204 [FXGL Background Thread 3 ] DEBUG Engine               - isDesktop: true
23:36:11.204 [FXGL Background Thread 3 ] DEBUG Engine               - isDeveloperMenuEnabled: false
23:36:11.205 [FXGL Background Thread 3 ] DEBUG Engine               - isEmbedded: false
23:36:11.205 [FXGL Background Thread 3 ] DEBUG Engine               - isEntityPreloadEnabled: true
23:36:11.205 [FXGL Background Thread 3 ] DEBUG Engine               - isExperimentalTiledLargeMap: false
23:36:11.205 [FXGL Background Thread 3 ] DEBUG Engine               - isFileSystemWriteAllowed: true
23:36:11.205 [FXGL Background Thread 3 ] DEBUG Engine               - isFullScreenAllowed: true
23:36:11.205 [FXGL Background Thread 3 ] DEBUG Engine               - isFullScreenFromStart: true
23:36:11.205 [FXGL Background Thread 3 ] DEBUG Engine               - isGameMenuEnabled: false
23:36:11.205 [FXGL Background Thread 3 ] DEBUG Engine               - isIOS: false
23:36:11.205 [FXGL Background Thread 3 ] DEBUG Engine               - isIntroEnabled: false
23:36:11.205 [FXGL Background Thread 3 ] DEBUG Engine               - isLinux: false
23:36:11.205 [FXGL Background Thread 3 ] DEBUG Engine               - isMac: true
23:36:11.205 [FXGL Background Thread 3 ] DEBUG Engine               - isMainMenuEnabled: true
23:36:11.205 [FXGL Background Thread 3 ] DEBUG Engine               - isManualResizeEnabled: false
23:36:11.205 [FXGL Background Thread 3 ] DEBUG Engine               - isMobile: false
23:36:11.206 [FXGL Background Thread 3 ] DEBUG Engine               - isNative: false
23:36:11.206 [FXGL Background Thread 3 ] DEBUG Engine               - isPauseMusicWhenMinimized: true
23:36:11.206 [FXGL Background Thread 3 ] DEBUG Engine               - isPreserveResizeRatio: false
23:36:11.206 [FXGL Background Thread 3 ] DEBUG Engine               - isProfilingEnabled: false
23:36:11.206 [FXGL Background Thread 3 ] DEBUG Engine               - isScaleAffectedOnResize: true
23:36:11.206 [FXGL Background Thread 3 ] DEBUG Engine               - isSingleStep: false
23:36:11.206 [FXGL Background Thread 3 ] DEBUG Engine               - isUserProfileEnabled: false
23:36:11.206 [FXGL Background Thread 3 ] DEBUG Engine               - isWindows: false
23:36:11.206 [FXGL Background Thread 3 ] DEBUG Engine               - language: ObjectProperty [value: ENGLISH]
23:36:11.206 [FXGL Background Thread 3 ] DEBUG Engine               - menuKey: ESCAPE
23:36:11.206 [FXGL Background Thread 3 ] DEBUG Engine               - mouseSensitivity: 0.2
23:36:11.206 [FXGL Background Thread 3 ] DEBUG Engine               - notificationViewClass: class com.almasb.fxgl.notification.view.XboxNotificationView
23:36:11.207 [FXGL Background Thread 3 ] DEBUG Engine               - pixelsPerMeter: 50.0
23:36:11.207 [FXGL Background Thread 3 ] DEBUG Engine               - platform: MAC
23:36:11.207 [FXGL Background Thread 3 ] DEBUG Engine               - prefHeightProperty: ReadOnlyDoubleProperty [value: 720.0]
23:36:11.207 [FXGL Background Thread 3 ] DEBUG Engine               - prefWidthProperty: ReadOnlyDoubleProperty [value: 1280.0]
23:36:11.207 [FXGL Background Thread 3 ] DEBUG Engine               - profileDir: profiles/
23:36:11.208 [FXGL Background Thread 3 ] DEBUG Engine               - profileName: StringProperty [value: DEFAULT]
23:36:11.208 [FXGL Background Thread 3 ] DEBUG Engine               - randomSeed: -1
23:36:11.208 [FXGL Background Thread 3 ] DEBUG Engine               - runtimeInfo: RuntimeInfo(platform=MAC, version=21.1, build=27.03.2024 07.52)
23:36:11.208 [FXGL Background Thread 3 ] DEBUG Engine               - saveFileExt: sav
23:36:11.209 [FXGL Background Thread 3 ] DEBUG Engine               - scaledHeightProp$fxgl: DoubleProperty [bound, value: 800.0]
23:36:11.209 [FXGL Background Thread 3 ] DEBUG Engine               - scaledWidthProp$fxgl: DoubleProperty [bound, value: 1280.0]
23:36:11.209 [FXGL Background Thread 3 ] DEBUG Engine               - sceneFactory: com.oop2.typewiz.util.CustomSceneFactory@2e1e0ba1
23:36:11.209 [FXGL Background Thread 3 ] DEBUG Engine               - secondsIn24h: 60
23:36:11.209 [FXGL Background Thread 3 ] DEBUG Engine               - soundMenuBack: menu/back.wav
23:36:11.209 [FXGL Background Thread 3 ] DEBUG Engine               - soundMenuPress: menu/press.wav
23:36:11.209 [FXGL Background Thread 3 ] DEBUG Engine               - soundMenuSelect: menu/select.wav
23:36:11.209 [FXGL Background Thread 3 ] DEBUG Engine               - soundNotification: core/notification.wav
23:36:11.209 [FXGL Background Thread 3 ] DEBUG Engine               - stageStyle: DECORATED
23:36:11.210 [FXGL Background Thread 3 ] DEBUG Engine               - supportedLanguages: [ENGLISH, FRENCH, GERMAN, HUNGARIAN, RUSSIAN]
23:36:11.210 [FXGL Background Thread 3 ] DEBUG Engine               - ticksPerSecond: -1
23:36:11.210 [FXGL Background Thread 3 ] DEBUG Engine               - title: TypeWiz Login
23:36:11.210 [FXGL Background Thread 3 ] DEBUG Engine               - urlGithub: https://github.com/AlmasB/FXGL
23:36:11.210 [FXGL Background Thread 3 ] DEBUG Engine               - urlLeaderboard: http://fxgl-top.herokuapp.com/
23:36:11.210 [FXGL Background Thread 3 ] DEBUG Engine               - urlPOM: https://raw.githubusercontent.com/AlmasB/FXGL/release/README.md
23:36:11.210 [FXGL Background Thread 3 ] DEBUG Engine               - userAppClass: class com.oop2.typewiz.TypeWizApp
23:36:11.210 [FXGL Background Thread 3 ] DEBUG Engine               - version: 0.0
23:36:11.210 [FXGL Background Thread 3 ] DEBUG Engine               - versionCheckDays: 7
23:36:11.210 [FXGL Background Thread 3 ] DEBUG Engine               - width: 1280
23:36:11.210 [FXGL Background Thread 3 ] DEBUG Engine               - Logging services
23:36:11.210 [FXGL Background Thread 3 ] DEBUG Engine               - class com.almasb.fxgl.app.services.FXGLAssetLoaderService
23:36:11.210 [FXGL Background Thread 3 ] DEBUG Engine               - class com.almasb.fxgl.app.FXGLApplication$GameApplicationService
23:36:11.211 [FXGL Background Thread 3 ] DEBUG Engine               - class com.almasb.fxgl.app.services.FXGLDialogService
23:36:11.211 [FXGL Background Thread 3 ] DEBUG Engine               - class com.almasb.fxgl.app.services.IOTaskExecutorService
23:36:11.211 [FXGL Background Thread 3 ] DEBUG Engine               - class com.almasb.fxgl.io.FileSystemService
23:36:11.211 [FXGL Background Thread 3 ] DEBUG Engine               - class com.almasb.fxgl.localization.LocalizationService
23:36:11.211 [FXGL Background Thread 3 ] DEBUG Engine               - class com.almasb.fxgl.app.services.SystemBundleService
23:36:11.211 [FXGL Background Thread 3 ] DEBUG Engine               - class com.almasb.fxgl.profile.SaveLoadService
23:36:11.211 [FXGL Background Thread 3 ] DEBUG Engine               - class com.almasb.fxgl.ui.FXGLUIFactoryServiceProvider
23:36:11.212 [FXGL Background Thread 3 ] DEBUG Engine               - class com.almasb.fxgl.ui.FXGLDialogFactoryServiceProvider
23:36:11.213 [FXGL Background Thread 3 ] DEBUG Engine               - class com.almasb.fxgl.audio.AudioPlayer
23:36:11.213 [FXGL Background Thread 3 ] DEBUG Engine               - class com.almasb.fxgl.notification.impl.NotificationServiceProvider
23:36:11.213 [FXGL Background Thread 3 ] DEBUG Engine               - class com.almasb.fxgl.achievement.AchievementService
23:36:11.213 [FXGL Background Thread 3 ] DEBUG Engine               - class com.almasb.fxgl.cutscene.CutsceneService
23:36:11.213 [FXGL Background Thread 3 ] DEBUG Engine               - class com.almasb.fxgl.minigames.MiniGameService
23:36:11.213 [FXGL Background Thread 3 ] DEBUG Engine               - class com.almasb.fxgl.net.NetService
23:36:11.214 [FXGL Background Thread 3 ] DEBUG Engine               - class com.almasb.fxgl.app.services.UpdaterService
23:36:11.214 [FXGL Background Thread 3 ] DEBUG Engine               - class com.almasb.fxgl.dev.DevService
23:36:20.415 [JavaFX Application Thread] DEBUG FXGLApplication      - Exiting FXGL
23:36:20.415 [JavaFX Application Thread] DEBUG LoopRunner           - Stopping loop
23:36:20.415 [JavaFX Application Thread] DEBUG SystemBundleService  - Saving FXGL system data
23:36:20.417 [JavaFX Application Thread] DEBUG FileSystemAccess     - Writing to: /Users/archiecabiso/Documents/2nd Year - CS/2nd Sem/CSIT228/OOP2-Capstone/system/fxgl.bundle
23:36:20.419 [JavaFX Application Thread] DEBUG Async                - Shutting down background threads
23:36:20.419 [JavaFX Application Thread] DEBUG PrimaryStageWindow   - Closing main window
23:36:21.142 [JavaFX Application Thread] DEBUG Logger               - Closing Logger
