11:41:30.378 [main                     ] DEBUG Logger               - Configured Logger
11:41:30.498 [main                     ] DEBUG GameApplication      - Logging settings
Title: TypeWiz
Version: 0.0
Width: 800
Height: 600
Fullscreen: false
Intro: false
Profiling: false
Single step:false
App Mode: DEVELOPER
Menu Key: ESCAPE
Stage Style: DECORATED
Scene Factory: class com.almasb.fxgl.app.scene.SceneFactory

11:41:31.710 [JavaFX Application Thread] DEBUG FXGLApplication      - Initializing FXGL
11:41:31.737 [JavaFX Application Thread] INFO  Engine               - FXGL-17.2 (20.08.2022 16.50) on MAC (J:23.0.1 FX:19)
11:41:31.740 [JavaFX Application Thread] DEBUG Engine               - JRE Vendor Name: Oracle Corporation
11:41:31.747 [JavaFX Application Thread] DEBUG Engine               - Running on OS: Mac OS X version 10.15.7
11:41:31.748 [JavaFX Application Thread] DEBUG Engine               - Architecture: x86_64
11:41:31.748 [JavaFX Application Thread] INFO  Engine               - Source code and latest versions at: https://github.com/AlmasB/FXGL
11:41:31.750 [JavaFX Application Thread] INFO  Engine               -       Ask questions and discuss at: https://github.com/AlmasB/FXGL/discussions
11:41:31.750 [JavaFX Application Thread] INFO  Engine               -              Join the FXGL chat at: https://gitter.im/AlmasB/FXGL
11:41:32.375 [JavaFX Application Thread] DEBUG PrimaryStageWindow   - Creating a JavaFX scene
11:41:32.678 [JavaFX Application Thread] DEBUG PrimaryStageWindow   - Target settings size: 800.0 x 600.0
11:41:32.679 [JavaFX Application Thread] DEBUG PrimaryStageWindow   - Scaled scene size:    800.0 x 600.0
11:41:32.679 [JavaFX Application Thread] DEBUG PrimaryStageWindow   - Scaled ratio: (1.0, 1.0)
11:41:32.707 [JavaFX Application Thread] DEBUG PrimaryStageWindow   - Set initial scene to FXGLStartupScene
11:41:32.746 [JavaFX Application Thread] DEBUG PrimaryStageWindow   - Opening main window
11:41:33.040 [JavaFX Application Thread] DEBUG PrimaryStageWindow   - Window border size: (0.0, 22.0)
11:41:33.041 [JavaFX Application Thread] DEBUG PrimaryStageWindow   - Scaled size: 800.0 x 600.0
11:41:33.041 [JavaFX Application Thread] DEBUG PrimaryStageWindow   - Scaled ratio: (1.0, 1.0)
11:41:33.042 [JavaFX Application Thread] DEBUG PrimaryStageWindow   - Scene size: 800.0 x 600.0
11:41:33.043 [JavaFX Application Thread] DEBUG PrimaryStageWindow   - Stage size: 800.0 x 622.0
11:41:33.060 [FXGL Background Thread 1 ] DEBUG Engine               - Initializing environment variables
11:41:33.518 [FXGL Background Thread 1 ] DEBUG FXGLAssetLoaderServi - User app class for loading assets: class com.oop2.typewiz.Gameplay
11:41:33.565 [FXGL Background Thread 1 ] DEBUG GameApplicationServi - Applying CSS: fxgl_dark.css
11:41:33.595 [FXGL Background Thread 1 ] DEBUG FXGLAssetLoaderServi - Loading from file system: jar:file:///Users/archiecabiso/.m2/repository/com/github/almasb/fxgl/17.2/fxgl-17.2.jar!/fxglassets/ui/css/fxgl_dark.css
11:41:33.905 [FXGL Background Thread 1 ] DEBUG GameApplicationServi - Initializing application scenes
11:41:35.588 [FXGL Background Thread 1 ] DEBUG GameWorld            - Game world initialized
11:41:35.778 [FXGL Background Thread 1 ] DEBUG PhysicsWorld         - Physics world initialized: appHeight=600, physics.ppm=50.0
11:41:35.778 [FXGL Background Thread 1 ] DEBUG PhysicsWorld         - Using strategy: BRUTE_FORCE
11:41:35.796 [FXGL Background Thread 1 ] DEBUG GameScene            - Game scene initialized: 800x600
11:41:35.840 [FXGL Background Thread 1 ] DEBUG FXGL.DefaultMenu     - createMenuBodyGameMenu()
11:41:35.887 [FXGL Background Thread 1 ] DEBUG FXGL.DefaultMenu     - createOptionsMenu()
11:41:35.917 [FXGL Background Thread 1 ] DEBUG FXGLAssetLoaderServi - Loading from file system: jar:file:///Users/archiecabiso/.m2/repository/com/github/almasb/fxgl/17.2/fxgl-17.2.jar!/fxglassets/textures/particles/smoke.png
11:41:36.348 [FXGL Background Thread 1 ] DEBUG FXGLAssetLoaderServi - Loading from file system: jar:file:///Users/archiecabiso/.m2/repository/com/github/almasb/fxgl/17.2/fxgl-17.2.jar!/fxglassets/textures/particles/trace_horizontal.png
11:41:36.454 [FXGL Background Thread 1 ] DEBUG GameApplicationServi - Application scenes initialized
11:41:36.501 [FXGL Background Thread 1 ] DEBUG SystemBundleService  - Loading FXGL system data
11:41:36.514 [FXGL Background Thread 1 ] DEBUG FileSystemAccess     - Reading from: /Users/archiecabiso/Documents/2nd Year - CS/2nd Sem/CSIT228/OOP2-Capstone/system/fxgl.bundle
11:41:36.536 [FXGL Background Thread 1 ] DEBUG SystemBundleService  - Bundle FXGL: {}
11:41:36.536 [FXGL Background Thread 1 ] DEBUG UpdaterService       - Checking for updates
11:41:36.549 [FXGL Background Thread 4 ] DEBUG FXGLApplication      - Loading fonts
11:41:36.550 [FXGL Background Thread 4 ] DEBUG FXGLAssetLoaderServi - Loading from file system: jar:file:///Users/archiecabiso/.m2/repository/com/github/almasb/fxgl/17.2/fxgl-17.2.jar!/fxglassets/ui/fonts/VarelaRound-Regular.ttf
11:41:36.555 [FXGL Background Thread 1 ] DEBUG FXGLApplication      - Loading default localization
11:41:36.556 [FXGL Background Thread 1 ] DEBUG FXGLAssetLoaderServi - Loading from file system: jar:file:///Users/archiecabiso/.m2/repository/com/github/almasb/fxgl/17.2/fxgl-17.2.jar!/fxglassets/languages/english.lang
11:41:36.576 [FXGL Background Thread 4 ] DEBUG FXGLAssetLoaderServi - Loading from file system: jar:file:///Users/archiecabiso/.m2/repository/com/github/almasb/fxgl/17.2/fxgl-17.2.jar!/fxglassets/ui/fonts/Abel-Regular.ttf
11:41:36.581 [FXGL Background Thread 4 ] DEBUG FXGLAssetLoaderServi - Loading from file system: jar:file:///Users/archiecabiso/.m2/repository/com/github/almasb/fxgl/17.2/fxgl-17.2.jar!/fxglassets/ui/fonts/TerminalLandMono-Regular.otf
11:41:36.595 [FXGL Background Thread 4 ] DEBUG FXGLAssetLoaderServi - Loading from file system: jar:file:///Users/archiecabiso/.m2/repository/com/github/almasb/fxgl/17.2/fxgl-17.2.jar!/fxglassets/ui/fonts/Courier-Prime.ttf
11:41:36.614 [JavaFX Application Thread] DEBUG FXGLApplication      - Registering font factories with UI factory
11:41:36.662 [FXGL Background Thread 1 ] INFO  FXGLApplication      - FXGL initialization took: 3.601 sec
11:41:36.665 [JavaFX Application Thread] DEBUG FXGLAssetLoaderServi - Loading from file system: jar:file:///Users/archiecabiso/.m2/repository/com/github/almasb/fxgl/17.2/fxgl-17.2.jar!/fxglassets/textures/fxgl_icon.png
11:41:36.736 [JavaFX Application Thread] DEBUG FXGLAssetLoaderServi - Loading from file system: jar:file:///Users/archiecabiso/.m2/repository/com/github/almasb/fxgl/17.2/fxgl-17.2.jar!/fxglassets/textures/fxgl_default_cursor.png
11:41:36.764 [JavaFX Application Thread] DEBUG Input                - Registered new binding: Screenshot - CTRL+8
11:41:36.765 [JavaFX Application Thread] DEBUG Input                - Registered new binding: System info dump - CTRL+9
11:41:36.766 [JavaFX Application Thread] DEBUG Input                - Registered new binding: Restart - CTRL+R
11:41:36.767 [JavaFX Application Thread] DEBUG Input                - Registered new binding: Toggle Debug Camera - CTRL+7
11:41:36.771 [JavaFX Application Thread] DEBUG LoopRunner           - Starting loop
11:41:36.771 [JavaFX Application Thread] DEBUG LoopRunner           - Initializing JavaFX AnimationTimerLoop
11:41:36.774 [JavaFX Application Thread] DEBUG GameApplicationServi - Starting new game
11:41:36.775 [JavaFX Application Thread] DEBUG Input                - Clearing active input actions
11:41:36.802 [JavaFX Application Thread] DEBUG GameApplicationServi - Removing overlay from FXGLStartupScene and adding to FXGLLoadingScene
11:41:36.803 [JavaFX Application Thread] DEBUG PrimaryStageWindow   - FXGLStartupScene -> FXGLLoadingScene
11:41:36.803 [JavaFX Application Thread] DEBUG GameApplicationServi - Clearing previous game
11:41:36.803 [JavaFX Application Thread] DEBUG GameScene            - Clearing game scene
11:41:36.804 [JavaFX Application Thread] DEBUG GameWorld            - Clearing game world
11:41:36.804 [JavaFX Application Thread] DEBUG PhysicsWorld         - Clearing physics world
11:41:36.808 [FXGL Background Thread 1 ] DEBUG FXGLApplication      - Initializing game
11:41:36.853 [FXGL Background Thread 1 ] WARN  FXGLAssetLoaderServi - Asset "/assets/textures/com/oop2/typewiz/assets/typewiz_logo.png" was not found!
11:41:36.854 [FXGL Background Thread 1 ] WARN  FXGLAssetLoaderServi - Failed to load IMAGE
11:41:37.195 [FXGL Background Thread 1 ] INFO  FXGLApplication      - Game initialization took: 0.387 sec
11:41:37.254 [JavaFX Application Thread] DEBUG Input                - Clearing active input actions
11:41:37.273 [JavaFX Application Thread] DEBUG GameApplicationServi - Removing overlay from FXGLLoadingScene and adding to GameScene
11:41:37.274 [JavaFX Application Thread] DEBUG PrimaryStageWindow   - FXGLLoadingScene -> GameScene
11:41:39.545 [FXGL Background Thread 3 ] DEBUG Engine               - Logging environment variables
11:41:39.546 [FXGL Background Thread 3 ] DEBUG Engine               - achievements: []
11:41:39.546 [FXGL Background Thread 3 ] DEBUG Engine               - actualHeight: 600.0
11:41:39.546 [FXGL Background Thread 3 ] DEBUG Engine               - actualHeightProperty: ReadOnlyDoubleProperty [value: 600.0]
11:41:39.546 [FXGL Background Thread 3 ] DEBUG Engine               - actualWidth: 800.0
11:41:39.547 [FXGL Background Thread 3 ] DEBUG Engine               - actualWidthProperty: ReadOnlyDoubleProperty [value: 800.0]
11:41:39.547 [FXGL Background Thread 3 ] DEBUG Engine               - appIcon: fxgl_icon.png
11:41:39.548 [FXGL Background Thread 3 ] DEBUG Engine               - applicationMode: DEVELOPER
11:41:39.548 [FXGL Background Thread 3 ] DEBUG Engine               - cSSList: [fxgl_dark.css]
11:41:39.548 [FXGL Background Thread 3 ] DEBUG Engine               - collisionDetectionStrategy: BRUTE_FORCE
11:41:39.548 [FXGL Background Thread 3 ] DEBUG Engine               - configClass: Optional.empty
11:41:39.548 [FXGL Background Thread 3 ] DEBUG Engine               - credits: []
11:41:39.549 [FXGL Background Thread 3 ] DEBUG Engine               - defaultCursor: CursorInfo(imageName=fxgl_default_cursor.png, hotspotX=7.0, hotspotY=6.0)
11:41:39.549 [FXGL Background Thread 3 ] DEBUG Engine               - devBBoxColorProperty: ObjectProperty [value: 0xff0000ff]
11:41:39.549 [FXGL Background Thread 3 ] DEBUG Engine               - devEnableDebugCameraProperty: BooleanProperty [value: false]
11:41:39.550 [FXGL Background Thread 3 ] DEBUG Engine               - devSensorColorProperty: ObjectProperty [value: 0xffff00ff]
11:41:39.550 [FXGL Background Thread 3 ] DEBUG Engine               - devShowBBoxProperty: BooleanProperty [value: false]
11:41:39.550 [FXGL Background Thread 3 ] DEBUG Engine               - devShowPositionProperty: BooleanProperty [value: false]
11:41:39.550 [FXGL Background Thread 3 ] DEBUG Engine               - enabledMenuItems: []
11:41:39.550 [FXGL Background Thread 3 ] DEBUG Engine               - engineServices: [class com.almasb.fxgl.app.services.FXGLAssetLoaderService, class com.almasb.fxgl.app.FXGLApplication$GameApplicationService, class com.almasb.fxgl.app.services.FXGLDialogService, class com.almasb.fxgl.app.services.IOTaskExecutorService, class com.almasb.fxgl.io.FileSystemService, class com.almasb.fxgl.localization.LocalizationService, class com.almasb.fxgl.app.services.SystemBundleService, class com.almasb.fxgl.profile.SaveLoadService, class com.almasb.fxgl.ui.FXGLUIFactoryServiceProvider, class com.almasb.fxgl.ui.FXGLDialogFactoryServiceProvider, class com.almasb.fxgl.audio.AudioPlayer, class com.almasb.fxgl.notification.impl.NotificationServiceProvider, class com.almasb.fxgl.achievement.AchievementService, class com.almasb.fxgl.cutscene.CutsceneService, class com.almasb.fxgl.minigames.MiniGameService, class com.almasb.fxgl.net.NetService, class com.almasb.fxgl.app.services.UpdaterService, class com.almasb.fxgl.dev.DevService]
11:41:39.550 [FXGL Background Thread 3 ] DEBUG Engine               - fontGame: Abel-Regular.ttf
11:41:39.550 [FXGL Background Thread 3 ] DEBUG Engine               - fontMono: TerminalLandMono-Regular.otf
11:41:39.550 [FXGL Background Thread 3 ] DEBUG Engine               - fontText: Courier-Prime.ttf
11:41:39.551 [FXGL Background Thread 3 ] DEBUG Engine               - fontUI: VarelaRound-Regular.ttf
11:41:39.551 [FXGL Background Thread 3 ] DEBUG Engine               - fullScreen: BooleanProperty [value: false]
11:41:39.551 [FXGL Background Thread 3 ] DEBUG Engine               - gameDifficulty: MEDIUM
11:41:39.551 [FXGL Background Thread 3 ] DEBUG Engine               - gameDifficultyProperty: ObjectProperty [value: MEDIUM]
11:41:39.551 [FXGL Background Thread 3 ] DEBUG Engine               - globalMusicVolume: 0.5
11:41:39.551 [FXGL Background Thread 3 ] DEBUG Engine               - globalMusicVolumeProperty: DoubleProperty [value: 0.5]
11:41:39.552 [FXGL Background Thread 3 ] DEBUG Engine               - globalSoundVolume: 0.5
11:41:39.552 [FXGL Background Thread 3 ] DEBUG Engine               - globalSoundVolumeProperty: DoubleProperty [value: 0.5]
11:41:39.552 [FXGL Background Thread 3 ] DEBUG Engine               - height: 600
11:41:39.552 [FXGL Background Thread 3 ] DEBUG Engine               - is3D: false
11:41:39.552 [FXGL Background Thread 3 ] DEBUG Engine               - isAndroid: false
11:41:39.552 [FXGL Background Thread 3 ] DEBUG Engine               - isBrowser: false
11:41:39.552 [FXGL Background Thread 3 ] DEBUG Engine               - isClickFeedbackEnabled: false
11:41:39.552 [FXGL Background Thread 3 ] DEBUG Engine               - isCloseConfirmation: false
11:41:39.553 [FXGL Background Thread 3 ] DEBUG Engine               - isDesktop: true
11:41:39.553 [FXGL Background Thread 3 ] DEBUG Engine               - isDeveloperMenuEnabled: false
11:41:39.553 [FXGL Background Thread 3 ] DEBUG Engine               - isEmbedded: false
11:41:39.553 [FXGL Background Thread 3 ] DEBUG Engine               - isEntityPreloadEnabled: true
11:41:39.553 [FXGL Background Thread 3 ] DEBUG Engine               - isExperimentalTiledLargeMap: false
11:41:39.553 [FXGL Background Thread 3 ] DEBUG Engine               - isFileSystemWriteAllowed: true
11:41:39.553 [FXGL Background Thread 3 ] DEBUG Engine               - isFullScreenAllowed: false
11:41:39.553 [FXGL Background Thread 3 ] DEBUG Engine               - isFullScreenFromStart: false
11:41:39.553 [FXGL Background Thread 3 ] DEBUG Engine               - isGameMenuEnabled: true
11:41:39.553 [FXGL Background Thread 3 ] DEBUG Engine               - isIOS: false
11:41:39.554 [FXGL Background Thread 3 ] DEBUG Engine               - isIntroEnabled: false
11:41:39.554 [FXGL Background Thread 3 ] DEBUG Engine               - isLinux: false
11:41:39.554 [FXGL Background Thread 3 ] DEBUG Engine               - isMac: true
11:41:39.554 [FXGL Background Thread 3 ] DEBUG Engine               - isMainMenuEnabled: false
11:41:39.554 [FXGL Background Thread 3 ] DEBUG Engine               - isManualResizeEnabled: false
11:41:39.554 [FXGL Background Thread 3 ] DEBUG Engine               - isMobile: false
11:41:39.554 [FXGL Background Thread 3 ] DEBUG Engine               - isNative: false
11:41:39.554 [FXGL Background Thread 3 ] DEBUG Engine               - isPauseMusicWhenMinimized: true
11:41:39.554 [FXGL Background Thread 3 ] DEBUG Engine               - isPreserveResizeRatio: false
11:41:39.554 [FXGL Background Thread 3 ] DEBUG Engine               - isProfilingEnabled: false
11:41:39.555 [FXGL Background Thread 3 ] DEBUG Engine               - isScaleAffectedOnResize: true
11:41:39.555 [FXGL Background Thread 3 ] DEBUG Engine               - isSingleStep: false
11:41:39.555 [FXGL Background Thread 3 ] DEBUG Engine               - isUserProfileEnabled: false
11:41:39.555 [FXGL Background Thread 3 ] DEBUG Engine               - isWindows: false
11:41:39.555 [FXGL Background Thread 3 ] DEBUG Engine               - language: ObjectProperty [value: ENGLISH]
11:41:39.555 [FXGL Background Thread 3 ] DEBUG Engine               - menuKey: ESCAPE
11:41:39.555 [FXGL Background Thread 3 ] DEBUG Engine               - mouseSensitivity: 0.2
11:41:39.555 [FXGL Background Thread 3 ] DEBUG Engine               - notificationViewClass: class com.almasb.fxgl.notification.view.XboxNotificationView
11:41:39.555 [FXGL Background Thread 3 ] DEBUG Engine               - pixelsPerMeter: 50.0
11:41:39.556 [FXGL Background Thread 3 ] DEBUG Engine               - platform: MAC
11:41:39.556 [FXGL Background Thread 3 ] DEBUG Engine               - prefHeightProperty: ReadOnlyDoubleProperty [value: 600.0]
11:41:39.556 [FXGL Background Thread 3 ] DEBUG Engine               - prefWidthProperty: ReadOnlyDoubleProperty [value: 800.0]
11:41:39.556 [FXGL Background Thread 3 ] DEBUG Engine               - profileDir: profiles/
11:41:39.556 [FXGL Background Thread 3 ] DEBUG Engine               - profileName: StringProperty [value: DEFAULT]
11:41:39.556 [FXGL Background Thread 3 ] DEBUG Engine               - randomSeed: -1
11:41:39.556 [FXGL Background Thread 3 ] DEBUG Engine               - runtimeInfo: RuntimeInfo(platform=MAC, version=17.2, build=20.08.2022 16.50)
11:41:39.557 [FXGL Background Thread 3 ] DEBUG Engine               - saveFileExt: sav
11:41:39.557 [FXGL Background Thread 3 ] DEBUG Engine               - scaledHeightProp$fxgl: DoubleProperty [bound, value: 600.0]
11:41:39.557 [FXGL Background Thread 3 ] DEBUG Engine               - scaledWidthProp$fxgl: DoubleProperty [bound, value: 800.0]
11:41:39.557 [FXGL Background Thread 3 ] DEBUG Engine               - sceneFactory: com.almasb.fxgl.app.scene.SceneFactory@6d189fc0
11:41:39.557 [FXGL Background Thread 3 ] DEBUG Engine               - secondsIn24h: 60
11:41:39.557 [FXGL Background Thread 3 ] DEBUG Engine               - soundMenuBack: menu/back.wav
11:41:39.557 [FXGL Background Thread 3 ] DEBUG Engine               - soundMenuPress: menu/press.wav
11:41:39.557 [FXGL Background Thread 3 ] DEBUG Engine               - soundMenuSelect: menu/select.wav
11:41:39.557 [FXGL Background Thread 3 ] DEBUG Engine               - soundNotification: core/notification.wav
11:41:39.557 [FXGL Background Thread 3 ] DEBUG Engine               - stageStyle: DECORATED
11:41:39.558 [FXGL Background Thread 3 ] DEBUG Engine               - supportedLanguages: [ENGLISH, FRENCH, GERMAN, HUNGARIAN, RUSSIAN]
11:41:39.558 [FXGL Background Thread 3 ] DEBUG Engine               - ticksPerSecond: -1
11:41:39.558 [FXGL Background Thread 3 ] DEBUG Engine               - title: TypeWiz
11:41:39.558 [FXGL Background Thread 3 ] DEBUG Engine               - urlGithub: https://github.com/AlmasB/FXGL
11:41:39.558 [FXGL Background Thread 3 ] DEBUG Engine               - urlLeaderboard: http://fxgl-top.herokuapp.com/
11:41:39.558 [FXGL Background Thread 3 ] DEBUG Engine               - urlPOM: https://raw.githubusercontent.com/AlmasB/FXGL/release/README.md
11:41:39.558 [FXGL Background Thread 3 ] DEBUG Engine               - userAppClass: class com.oop2.typewiz.Gameplay
11:41:39.558 [FXGL Background Thread 3 ] DEBUG Engine               - version: 0.0
11:41:39.558 [FXGL Background Thread 3 ] DEBUG Engine               - versionCheckDays: 7
11:41:39.558 [FXGL Background Thread 3 ] DEBUG Engine               - width: 800
11:41:39.558 [FXGL Background Thread 3 ] DEBUG Engine               - Logging services
11:41:39.558 [FXGL Background Thread 3 ] DEBUG Engine               - class com.almasb.fxgl.app.services.FXGLAssetLoaderService
11:41:39.558 [FXGL Background Thread 3 ] DEBUG Engine               - class com.almasb.fxgl.app.FXGLApplication$GameApplicationService
11:41:39.559 [FXGL Background Thread 3 ] DEBUG Engine               - class com.almasb.fxgl.app.services.FXGLDialogService
11:41:39.559 [FXGL Background Thread 3 ] DEBUG Engine               - class com.almasb.fxgl.app.services.IOTaskExecutorService
11:41:39.559 [FXGL Background Thread 3 ] DEBUG Engine               - class com.almasb.fxgl.io.FileSystemService
11:41:39.559 [FXGL Background Thread 3 ] DEBUG Engine               - class com.almasb.fxgl.localization.LocalizationService
11:41:39.559 [FXGL Background Thread 3 ] DEBUG Engine               - class com.almasb.fxgl.app.services.SystemBundleService
11:41:39.559 [FXGL Background Thread 3 ] DEBUG Engine               - class com.almasb.fxgl.profile.SaveLoadService
11:41:39.559 [FXGL Background Thread 3 ] DEBUG Engine               - class com.almasb.fxgl.ui.FXGLUIFactoryServiceProvider
11:41:39.559 [FXGL Background Thread 3 ] DEBUG Engine               - class com.almasb.fxgl.ui.FXGLDialogFactoryServiceProvider
11:41:39.559 [FXGL Background Thread 3 ] DEBUG Engine               - class com.almasb.fxgl.audio.AudioPlayer
11:41:39.559 [FXGL Background Thread 3 ] DEBUG Engine               - class com.almasb.fxgl.notification.impl.NotificationServiceProvider
11:41:39.559 [FXGL Background Thread 3 ] DEBUG Engine               - class com.almasb.fxgl.achievement.AchievementService
11:41:39.559 [FXGL Background Thread 3 ] DEBUG Engine               - class com.almasb.fxgl.cutscene.CutsceneService
11:41:39.559 [FXGL Background Thread 3 ] DEBUG Engine               - class com.almasb.fxgl.minigames.MiniGameService
11:41:39.560 [FXGL Background Thread 3 ] DEBUG Engine               - class com.almasb.fxgl.net.NetService
11:41:39.560 [FXGL Background Thread 3 ] DEBUG Engine               - class com.almasb.fxgl.app.services.UpdaterService
11:41:39.560 [FXGL Background Thread 3 ] DEBUG Engine               - class com.almasb.fxgl.dev.DevService
11:41:40.714 [FXGL Background Thread 2 ] INFO  UpdaterService       - Your current version:  17.2
11:41:40.714 [FXGL Background Thread 2 ] INFO  UpdaterService       - Latest stable version: 21.1
11:41:43.575 [JavaFX Application Thread] DEBUG FXGLApplication      - Exiting FXGL
11:41:43.575 [JavaFX Application Thread] DEBUG LoopRunner           - Stopping loop
11:41:43.576 [JavaFX Application Thread] DEBUG SystemBundleService  - Saving FXGL system data
11:41:43.578 [JavaFX Application Thread] DEBUG FileSystemAccess     - Writing to: /Users/archiecabiso/Documents/2nd Year - CS/2nd Sem/CSIT228/OOP2-Capstone/system/fxgl.bundle
11:41:43.581 [JavaFX Application Thread] DEBUG Async                - Shutting down background threads
11:41:43.581 [JavaFX Application Thread] DEBUG PrimaryStageWindow   - Closing main window
11:41:43.591 [JavaFX Application Thread] DEBUG Logger               - Closing Logger
