11:03:58.973 [main                     ] DEBUG Logger               - Configured Logger
11:03:59.023 [main                     ] DEBUG GameApplication      - Logging settings
Title: Typing Master
Version: 0.0
Width: 800
Height: 600
Fullscreen: false
Intro: false
Profiling: false
Single step:false
App Mode: DEVELOPER
Menu Key: ESCAPE
Stage Style: DECORATED
Scene Factory: class com.almasb.fxgl.app.scene.SceneFactory

11:03:59.404 [JavaFX Application Thread] DEBUG FXGLApplication      - Initializing FXGL
11:03:59.411 [JavaFX Application Thread] INFO  Engine               - FXGL-17.2 (20.08.2022 16.50) on WINDOWS (J:21.0.3 FX:19)
11:03:59.412 [JavaFX Application Thread] DEBUG Engine               - JRE Vendor Name: Oracle Corporation
11:03:59.412 [JavaFX Application Thread] DEBUG Engine               - Running on OS: Windows 11 version 10.0
11:03:59.412 [JavaFX Application Thread] DEBUG Engine               - Architecture: amd64
11:03:59.412 [JavaFX Application Thread] INFO  Engine               - Source code and latest versions at: https://github.com/AlmasB/FXGL
11:03:59.414 [JavaFX Application Thread] INFO  Engine               -       Ask questions and discuss at: https://github.com/AlmasB/FXGL/discussions
11:03:59.414 [JavaFX Application Thread] INFO  Engine               -              Join the FXGL chat at: https://gitter.im/AlmasB/FXGL
11:03:59.519 [JavaFX Application Thread] DEBUG PrimaryStageWindow   - Creating a JavaFX scene
11:03:59.576 [JavaFX Application Thread] DEBUG PrimaryStageWindow   - Target settings size: 800.0 x 600.0
11:03:59.576 [JavaFX Application Thread] DEBUG PrimaryStageWindow   - Scaled scene size:    800.0 x 600.0
11:03:59.576 [JavaFX Application Thread] DEBUG PrimaryStageWindow   - Scaled ratio: (1.0, 1.0)
11:03:59.583 [JavaFX Application Thread] DEBUG PrimaryStageWindow   - Set initial scene to FXGLStartupScene
11:03:59.587 [JavaFX Application Thread] DEBUG PrimaryStageWindow   - Opening main window
11:03:59.686 [JavaFX Application Thread] DEBUG PrimaryStageWindow   - Window border size: (14.4000244140625, 37.5999755859375)
11:03:59.687 [JavaFX Application Thread] DEBUG PrimaryStageWindow   - Scaled size: 800.0 x 600.0
11:03:59.687 [JavaFX Application Thread] DEBUG PrimaryStageWindow   - Scaled ratio: (1.0, 1.0)
11:03:59.687 [JavaFX Application Thread] DEBUG PrimaryStageWindow   - Scene size: 800.0 x 600.0
11:03:59.688 [JavaFX Application Thread] DEBUG PrimaryStageWindow   - Stage size: 814.4000244140625 x 637.5999755859375
11:03:59.699 [FXGL Background Thread 1 ] DEBUG Engine               - Initializing environment variables
11:03:59.770 [FXGL Background Thread 1 ] DEBUG FXGLAssetLoaderServi - User app class for loading assets: class com.oop2.typewiz.Gameplay
11:03:59.771 [FXGL Background Thread 1 ] DEBUG GameApplicationServi - Applying CSS: fxgl_dark.css
11:03:59.772 [FXGL Background Thread 1 ] DEBUG FXGLAssetLoaderServi - Loading from file system: jar:file:///C:/Users/Ruhmer%20Jairus/.m2/repository/com/github/almasb/fxgl/17.2/fxgl-17.2.jar!/fxglassets/ui/css/fxgl_dark.css
11:03:59.835 [FXGL Background Thread 1 ] DEBUG GameApplicationServi - Initializing application scenes
11:03:59.936 [FXGL Background Thread 1 ] DEBUG GameWorld            - Game world initialized
11:04:00.049 [FXGL Background Thread 1 ] DEBUG PhysicsWorld         - Physics world initialized: appHeight=600, physics.ppm=50.0
11:04:00.050 [FXGL Background Thread 1 ] DEBUG PhysicsWorld         - Using strategy: BRUTE_FORCE
11:04:00.056 [FXGL Background Thread 1 ] DEBUG GameScene            - Game scene initialized: 800x600
11:04:00.072 [FXGL Background Thread 1 ] DEBUG FXGL.DefaultMenu     - createMenuBodyGameMenu()
11:04:00.089 [FXGL Background Thread 1 ] DEBUG FXGL.DefaultMenu     - createOptionsMenu()
11:04:00.102 [FXGL Background Thread 1 ] DEBUG FXGLAssetLoaderServi - Loading from file system: jar:file:///C:/Users/Ruhmer%20Jairus/.m2/repository/com/github/almasb/fxgl/17.2/fxgl-17.2.jar!/fxglassets/textures/particles/smoke.png
11:04:00.317 [FXGL Background Thread 1 ] DEBUG FXGLAssetLoaderServi - Loading from file system: jar:file:///C:/Users/Ruhmer%20Jairus/.m2/repository/com/github/almasb/fxgl/17.2/fxgl-17.2.jar!/fxglassets/textures/particles/trace_horizontal.png
11:04:00.370 [FXGL Background Thread 1 ] DEBUG GameApplicationServi - Application scenes initialized
11:04:00.391 [FXGL Background Thread 1 ] DEBUG SystemBundleService  - Loading FXGL system data
11:04:00.397 [FXGL Background Thread 1 ] DEBUG FileSystemAccess     - Reading from: C:\Users\Ruhmer Jairus\Documents\Cursor\OOP2-Capstone\system\fxgl.bundle
11:04:00.411 [FXGL Background Thread 1 ] DEBUG SystemBundleService  - Bundle FXGL: {}
11:04:00.412 [FXGL Background Thread 1 ] DEBUG UpdaterService       - Checking for updates
11:04:00.418 [FXGL Background Thread 4 ] DEBUG FXGLApplication      - Loading fonts
11:04:00.419 [FXGL Background Thread 1 ] DEBUG FXGLApplication      - Loading default localization
11:04:00.419 [FXGL Background Thread 4 ] DEBUG FXGLAssetLoaderServi - Loading from file system: jar:file:///C:/Users/Ruhmer%20Jairus/.m2/repository/com/github/almasb/fxgl/17.2/fxgl-17.2.jar!/fxglassets/ui/fonts/VarelaRound-Regular.ttf
11:04:00.420 [FXGL Background Thread 1 ] DEBUG FXGLAssetLoaderServi - Loading from file system: jar:file:///C:/Users/Ruhmer%20Jairus/.m2/repository/com/github/almasb/fxgl/17.2/fxgl-17.2.jar!/fxglassets/languages/english.lang
11:04:00.493 [FXGL Background Thread 4 ] DEBUG FXGLAssetLoaderServi - Loading from file system: jar:file:///C:/Users/Ruhmer%20Jairus/.m2/repository/com/github/almasb/fxgl/17.2/fxgl-17.2.jar!/fxglassets/ui/fonts/Abel-Regular.ttf
11:04:00.498 [FXGL Background Thread 4 ] DEBUG FXGLAssetLoaderServi - Loading from file system: jar:file:///C:/Users/Ruhmer%20Jairus/.m2/repository/com/github/almasb/fxgl/17.2/fxgl-17.2.jar!/fxglassets/ui/fonts/TerminalLandMono-Regular.otf
11:04:00.504 [FXGL Background Thread 4 ] DEBUG FXGLAssetLoaderServi - Loading from file system: jar:file:///C:/Users/Ruhmer%20Jairus/.m2/repository/com/github/almasb/fxgl/17.2/fxgl-17.2.jar!/fxglassets/ui/fonts/Courier-Prime.ttf
11:04:00.515 [JavaFX Application Thread] DEBUG FXGLApplication      - Registering font factories with UI factory
11:04:00.516 [FXGL Background Thread 1 ] INFO  FXGLApplication      - FXGL initialization took: 0.816 sec
11:04:00.519 [JavaFX Application Thread] DEBUG FXGLAssetLoaderServi - Loading from file system: jar:file:///C:/Users/Ruhmer%20Jairus/.m2/repository/com/github/almasb/fxgl/17.2/fxgl-17.2.jar!/fxglassets/textures/fxgl_icon.png
11:04:00.543 [JavaFX Application Thread] DEBUG FXGLAssetLoaderServi - Loading from file system: jar:file:///C:/Users/Ruhmer%20Jairus/.m2/repository/com/github/almasb/fxgl/17.2/fxgl-17.2.jar!/fxglassets/textures/fxgl_default_cursor.png
11:04:00.574 [JavaFX Application Thread] DEBUG Input                - Registered new binding: Screenshot - CTRL+8
11:04:00.577 [JavaFX Application Thread] DEBUG Input                - Registered new binding: System info dump - CTRL+9
11:04:00.578 [JavaFX Application Thread] DEBUG Input                - Registered new binding: Restart - CTRL+R
11:04:00.581 [JavaFX Application Thread] DEBUG Input                - Registered new binding: Toggle Debug Camera - CTRL+7
11:04:00.589 [JavaFX Application Thread] DEBUG LoopRunner           - Starting loop
11:04:00.589 [JavaFX Application Thread] DEBUG LoopRunner           - Initializing JavaFX AnimationTimerLoop
11:04:00.594 [JavaFX Application Thread] DEBUG GameApplicationServi - Starting new game
11:04:00.595 [JavaFX Application Thread] DEBUG Input                - Clearing active input actions
11:04:00.623 [JavaFX Application Thread] DEBUG GameApplicationServi - Removing overlay from FXGLStartupScene and adding to FXGLLoadingScene
11:04:00.624 [JavaFX Application Thread] DEBUG PrimaryStageWindow   - FXGLStartupScene -> FXGLLoadingScene
11:04:00.624 [JavaFX Application Thread] DEBUG GameApplicationServi - Clearing previous game
11:04:00.624 [JavaFX Application Thread] DEBUG GameScene            - Clearing game scene
11:04:00.624 [JavaFX Application Thread] DEBUG GameWorld            - Clearing game world
11:04:00.624 [JavaFX Application Thread] DEBUG PhysicsWorld         - Clearing physics world
11:04:00.631 [FXGL Background Thread 1 ] DEBUG FXGLApplication      - Initializing game
11:04:00.693 [FXGL Background Thread 1 ] INFO  FXGLApplication      - Game initialization took: 0.062 sec
11:04:00.738 [JavaFX Application Thread] DEBUG Input                - Clearing active input actions
11:04:00.748 [JavaFX Application Thread] DEBUG GameApplicationServi - Removing overlay from FXGLLoadingScene and adding to GameScene
11:04:00.748 [JavaFX Application Thread] DEBUG PrimaryStageWindow   - FXGLLoadingScene -> GameScene
11:04:01.180 [FXGL Background Thread 2 ] INFO  UpdaterService       - Your current version:  17.2
11:04:01.181 [FXGL Background Thread 2 ] INFO  UpdaterService       - Latest stable version: 21.1
11:04:03.415 [FXGL Background Thread 3 ] DEBUG Engine               - Logging environment variables
11:04:03.415 [FXGL Background Thread 3 ] DEBUG Engine               - achievements: []
11:04:03.415 [FXGL Background Thread 3 ] DEBUG Engine               - actualHeight: 600.0
11:04:03.415 [FXGL Background Thread 3 ] DEBUG Engine               - actualHeightProperty: ReadOnlyDoubleProperty [value: 600.0]
11:04:03.415 [FXGL Background Thread 3 ] DEBUG Engine               - actualWidth: 800.0
11:04:03.416 [FXGL Background Thread 3 ] DEBUG Engine               - actualWidthProperty: ReadOnlyDoubleProperty [value: 800.0]
11:04:03.416 [FXGL Background Thread 3 ] DEBUG Engine               - appIcon: fxgl_icon.png
11:04:03.416 [FXGL Background Thread 3 ] DEBUG Engine               - applicationMode: DEVELOPER
11:04:03.416 [FXGL Background Thread 3 ] DEBUG Engine               - cSSList: [fxgl_dark.css]
11:04:03.416 [FXGL Background Thread 3 ] DEBUG Engine               - collisionDetectionStrategy: BRUTE_FORCE
11:04:03.416 [FXGL Background Thread 3 ] DEBUG Engine               - configClass: Optional.empty
11:04:03.416 [FXGL Background Thread 3 ] DEBUG Engine               - credits: []
11:04:03.417 [FXGL Background Thread 3 ] DEBUG Engine               - defaultCursor: CursorInfo(imageName=fxgl_default_cursor.png, hotspotX=7.0, hotspotY=6.0)
11:04:03.417 [FXGL Background Thread 3 ] DEBUG Engine               - devBBoxColorProperty: ObjectProperty [value: 0xff0000ff]
11:04:03.418 [FXGL Background Thread 3 ] DEBUG Engine               - devEnableDebugCameraProperty: BooleanProperty [value: false]
11:04:03.418 [FXGL Background Thread 3 ] DEBUG Engine               - devSensorColorProperty: ObjectProperty [value: 0xffff00ff]
11:04:03.418 [FXGL Background Thread 3 ] DEBUG Engine               - devShowBBoxProperty: BooleanProperty [value: false]
11:04:03.418 [FXGL Background Thread 3 ] DEBUG Engine               - devShowPositionProperty: BooleanProperty [value: false]
11:04:03.418 [FXGL Background Thread 3 ] DEBUG Engine               - enabledMenuItems: []
11:04:03.418 [FXGL Background Thread 3 ] DEBUG Engine               - engineServices: [class com.almasb.fxgl.app.services.FXGLAssetLoaderService, class com.almasb.fxgl.app.FXGLApplication$GameApplicationService, class com.almasb.fxgl.app.services.FXGLDialogService, class com.almasb.fxgl.app.services.IOTaskExecutorService, class com.almasb.fxgl.io.FileSystemService, class com.almasb.fxgl.localization.LocalizationService, class com.almasb.fxgl.app.services.SystemBundleService, class com.almasb.fxgl.profile.SaveLoadService, class com.almasb.fxgl.ui.FXGLUIFactoryServiceProvider, class com.almasb.fxgl.ui.FXGLDialogFactoryServiceProvider, class com.almasb.fxgl.audio.AudioPlayer, class com.almasb.fxgl.notification.impl.NotificationServiceProvider, class com.almasb.fxgl.achievement.AchievementService, class com.almasb.fxgl.cutscene.CutsceneService, class com.almasb.fxgl.minigames.MiniGameService, class com.almasb.fxgl.net.NetService, class com.almasb.fxgl.app.services.UpdaterService, class com.almasb.fxgl.dev.DevService]
11:04:03.418 [FXGL Background Thread 3 ] DEBUG Engine               - fontGame: Abel-Regular.ttf
11:04:03.418 [FXGL Background Thread 3 ] DEBUG Engine               - fontMono: TerminalLandMono-Regular.otf
11:04:03.418 [FXGL Background Thread 3 ] DEBUG Engine               - fontText: Courier-Prime.ttf
11:04:03.418 [FXGL Background Thread 3 ] DEBUG Engine               - fontUI: VarelaRound-Regular.ttf
11:04:03.418 [FXGL Background Thread 3 ] DEBUG Engine               - fullScreen: BooleanProperty [value: false]
11:04:03.418 [FXGL Background Thread 3 ] DEBUG Engine               - gameDifficulty: MEDIUM
11:04:03.418 [FXGL Background Thread 3 ] DEBUG Engine               - gameDifficultyProperty: ObjectProperty [value: MEDIUM]
11:04:03.419 [FXGL Background Thread 3 ] DEBUG Engine               - globalMusicVolume: 0.5
11:04:03.419 [FXGL Background Thread 3 ] DEBUG Engine               - globalMusicVolumeProperty: DoubleProperty [value: 0.5]
11:04:03.419 [FXGL Background Thread 3 ] DEBUG Engine               - globalSoundVolume: 0.5
11:04:03.419 [FXGL Background Thread 3 ] DEBUG Engine               - globalSoundVolumeProperty: DoubleProperty [value: 0.5]
11:04:03.419 [FXGL Background Thread 3 ] DEBUG Engine               - height: 600
11:04:03.419 [FXGL Background Thread 3 ] DEBUG Engine               - is3D: false
11:04:03.419 [FXGL Background Thread 3 ] DEBUG Engine               - isAndroid: false
11:04:03.419 [FXGL Background Thread 3 ] DEBUG Engine               - isBrowser: false
11:04:03.419 [FXGL Background Thread 3 ] DEBUG Engine               - isClickFeedbackEnabled: false
11:04:03.419 [FXGL Background Thread 3 ] DEBUG Engine               - isCloseConfirmation: false
11:04:03.419 [FXGL Background Thread 3 ] DEBUG Engine               - isDesktop: true
11:04:03.420 [FXGL Background Thread 3 ] DEBUG Engine               - isDeveloperMenuEnabled: false
11:04:03.420 [FXGL Background Thread 3 ] DEBUG Engine               - isEmbedded: false
11:04:03.420 [FXGL Background Thread 3 ] DEBUG Engine               - isEntityPreloadEnabled: true
11:04:03.420 [FXGL Background Thread 3 ] DEBUG Engine               - isExperimentalTiledLargeMap: false
11:04:03.420 [FXGL Background Thread 3 ] DEBUG Engine               - isFileSystemWriteAllowed: true
11:04:03.420 [FXGL Background Thread 3 ] DEBUG Engine               - isFullScreenAllowed: false
11:04:03.420 [FXGL Background Thread 3 ] DEBUG Engine               - isFullScreenFromStart: false
11:04:03.420 [FXGL Background Thread 3 ] DEBUG Engine               - isGameMenuEnabled: true
11:04:03.420 [FXGL Background Thread 3 ] DEBUG Engine               - isIOS: false
11:04:03.420 [FXGL Background Thread 3 ] DEBUG Engine               - isIntroEnabled: false
11:04:03.420 [FXGL Background Thread 3 ] DEBUG Engine               - isLinux: false
11:04:03.420 [FXGL Background Thread 3 ] DEBUG Engine               - isMac: false
11:04:03.420 [FXGL Background Thread 3 ] DEBUG Engine               - isMainMenuEnabled: false
11:04:03.420 [FXGL Background Thread 3 ] DEBUG Engine               - isManualResizeEnabled: false
11:04:03.420 [FXGL Background Thread 3 ] DEBUG Engine               - isMobile: false
11:04:03.420 [FXGL Background Thread 3 ] DEBUG Engine               - isNative: false
11:04:03.420 [FXGL Background Thread 3 ] DEBUG Engine               - isPauseMusicWhenMinimized: true
11:04:03.420 [FXGL Background Thread 3 ] DEBUG Engine               - isPreserveResizeRatio: false
11:04:03.420 [FXGL Background Thread 3 ] DEBUG Engine               - isProfilingEnabled: false
11:04:03.421 [FXGL Background Thread 3 ] DEBUG Engine               - isScaleAffectedOnResize: true
11:04:03.421 [FXGL Background Thread 3 ] DEBUG Engine               - isSingleStep: false
11:04:03.421 [FXGL Background Thread 3 ] DEBUG Engine               - isUserProfileEnabled: false
11:04:03.421 [FXGL Background Thread 3 ] DEBUG Engine               - isWindows: true
11:04:03.421 [FXGL Background Thread 3 ] DEBUG Engine               - language: ObjectProperty [value: ENGLISH]
11:04:03.421 [FXGL Background Thread 3 ] DEBUG Engine               - menuKey: ESCAPE
11:04:03.421 [FXGL Background Thread 3 ] DEBUG Engine               - mouseSensitivity: 0.2
11:04:03.421 [FXGL Background Thread 3 ] DEBUG Engine               - notificationViewClass: class com.almasb.fxgl.notification.view.XboxNotificationView
11:04:03.421 [FXGL Background Thread 3 ] DEBUG Engine               - pixelsPerMeter: 50.0
11:04:03.421 [FXGL Background Thread 3 ] DEBUG Engine               - platform: WINDOWS
11:04:03.421 [FXGL Background Thread 3 ] DEBUG Engine               - prefHeightProperty: ReadOnlyDoubleProperty [value: 600.0]
11:04:03.421 [FXGL Background Thread 3 ] DEBUG Engine               - prefWidthProperty: ReadOnlyDoubleProperty [value: 800.0]
11:04:03.421 [FXGL Background Thread 3 ] DEBUG Engine               - profileDir: profiles/
11:04:03.421 [FXGL Background Thread 3 ] DEBUG Engine               - profileName: StringProperty [value: DEFAULT]
11:04:03.421 [FXGL Background Thread 3 ] DEBUG Engine               - randomSeed: -1
11:04:03.422 [FXGL Background Thread 3 ] DEBUG Engine               - runtimeInfo: RuntimeInfo(platform=WINDOWS, version=17.2, build=20.08.2022 16.50)
11:04:03.422 [FXGL Background Thread 3 ] DEBUG Engine               - saveFileExt: sav
11:04:03.422 [FXGL Background Thread 3 ] DEBUG Engine               - scaledHeightProp$fxgl: DoubleProperty [bound, value: 600.0]
11:04:03.422 [FXGL Background Thread 3 ] DEBUG Engine               - scaledWidthProp$fxgl: DoubleProperty [bound, value: 800.0]
11:04:03.422 [FXGL Background Thread 3 ] DEBUG Engine               - sceneFactory: com.almasb.fxgl.app.scene.SceneFactory@1d21f9e7
11:04:03.422 [FXGL Background Thread 3 ] DEBUG Engine               - secondsIn24h: 60
11:04:03.422 [FXGL Background Thread 3 ] DEBUG Engine               - soundMenuBack: menu/back.wav
11:04:03.422 [FXGL Background Thread 3 ] DEBUG Engine               - soundMenuPress: menu/press.wav
11:04:03.422 [FXGL Background Thread 3 ] DEBUG Engine               - soundMenuSelect: menu/select.wav
11:04:03.422 [FXGL Background Thread 3 ] DEBUG Engine               - soundNotification: core/notification.wav
11:04:03.422 [FXGL Background Thread 3 ] DEBUG Engine               - stageStyle: DECORATED
11:04:03.422 [FXGL Background Thread 3 ] DEBUG Engine               - supportedLanguages: [ENGLISH, FRENCH, GERMAN, HUNGARIAN, RUSSIAN]
11:04:03.422 [FXGL Background Thread 3 ] DEBUG Engine               - ticksPerSecond: -1
11:04:03.422 [FXGL Background Thread 3 ] DEBUG Engine               - title: Typing Master
11:04:03.422 [FXGL Background Thread 3 ] DEBUG Engine               - urlGithub: https://github.com/AlmasB/FXGL
11:04:03.422 [FXGL Background Thread 3 ] DEBUG Engine               - urlLeaderboard: http://fxgl-top.herokuapp.com/
11:04:03.422 [FXGL Background Thread 3 ] DEBUG Engine               - urlPOM: https://raw.githubusercontent.com/AlmasB/FXGL/release/README.md
11:04:03.423 [FXGL Background Thread 3 ] DEBUG Engine               - userAppClass: class com.oop2.typewiz.Gameplay
11:04:03.423 [FXGL Background Thread 3 ] DEBUG Engine               - version: 0.0
11:04:03.423 [FXGL Background Thread 3 ] DEBUG Engine               - versionCheckDays: 7
11:04:03.423 [FXGL Background Thread 3 ] DEBUG Engine               - width: 800
11:04:03.423 [FXGL Background Thread 3 ] DEBUG Engine               - Logging services
11:04:03.423 [FXGL Background Thread 3 ] DEBUG Engine               - class com.almasb.fxgl.app.services.FXGLAssetLoaderService
11:04:03.423 [FXGL Background Thread 3 ] DEBUG Engine               - class com.almasb.fxgl.app.FXGLApplication$GameApplicationService
11:04:03.423 [FXGL Background Thread 3 ] DEBUG Engine               - class com.almasb.fxgl.app.services.FXGLDialogService
11:04:03.423 [FXGL Background Thread 3 ] DEBUG Engine               - class com.almasb.fxgl.app.services.IOTaskExecutorService
11:04:03.423 [FXGL Background Thread 3 ] DEBUG Engine               - class com.almasb.fxgl.io.FileSystemService
11:04:03.423 [FXGL Background Thread 3 ] DEBUG Engine               - class com.almasb.fxgl.localization.LocalizationService
11:04:03.423 [FXGL Background Thread 3 ] DEBUG Engine               - class com.almasb.fxgl.app.services.SystemBundleService
11:04:03.423 [FXGL Background Thread 3 ] DEBUG Engine               - class com.almasb.fxgl.profile.SaveLoadService
11:04:03.423 [FXGL Background Thread 3 ] DEBUG Engine               - class com.almasb.fxgl.ui.FXGLUIFactoryServiceProvider
11:04:03.423 [FXGL Background Thread 3 ] DEBUG Engine               - class com.almasb.fxgl.ui.FXGLDialogFactoryServiceProvider
11:04:03.423 [FXGL Background Thread 3 ] DEBUG Engine               - class com.almasb.fxgl.audio.AudioPlayer
11:04:03.423 [FXGL Background Thread 3 ] DEBUG Engine               - class com.almasb.fxgl.notification.impl.NotificationServiceProvider
11:04:03.423 [FXGL Background Thread 3 ] DEBUG Engine               - class com.almasb.fxgl.achievement.AchievementService
11:04:03.423 [FXGL Background Thread 3 ] DEBUG Engine               - class com.almasb.fxgl.cutscene.CutsceneService
11:04:03.423 [FXGL Background Thread 3 ] DEBUG Engine               - class com.almasb.fxgl.minigames.MiniGameService
11:04:03.423 [FXGL Background Thread 3 ] DEBUG Engine               - class com.almasb.fxgl.net.NetService
11:04:03.423 [FXGL Background Thread 3 ] DEBUG Engine               - class com.almasb.fxgl.app.services.UpdaterService
11:04:03.423 [FXGL Background Thread 3 ] DEBUG Engine               - class com.almasb.fxgl.dev.DevService
11:04:15.221 [JavaFX Application Thread] DEBUG FXGLApplication      - Exiting FXGL
11:04:15.221 [JavaFX Application Thread] DEBUG LoopRunner           - Stopping loop
11:04:15.221 [JavaFX Application Thread] DEBUG SystemBundleService  - Saving FXGL system data
11:04:15.224 [JavaFX Application Thread] DEBUG FileSystemAccess     - Writing to: C:\Users\Ruhmer Jairus\Documents\Cursor\OOP2-Capstone\system\fxgl.bundle
11:04:15.227 [JavaFX Application Thread] DEBUG Async                - Shutting down background threads
11:04:15.227 [JavaFX Application Thread] DEBUG PrimaryStageWindow   - Closing main window
11:04:15.253 [JavaFX Application Thread] DEBUG Logger               - Closing Logger
