23:53:08.229 [main                     ] DEBUG Logger               - Configured Logger
23:53:08.322 [main                     ] DEBUG GameApplication      - Logging settings
Title: TypeWiz Login
Version: 0.0
Width: 1280
Height: 720
Fullscreen: true
Intro: false
Profiling: false
Single step:false
App Mode: DEVELOPER
Menu Key: ESCAPE
Stage Style: DECORATED
Scene Factory: class com.oop2.typewiz.util.CustomSceneFactory

23:53:09.098 [JavaFX Application Thread] DEBUG FXGLApplication      - Initializing FXGL
23:53:09.106 [JavaFX Application Thread] INFO  Engine               - FXGL-21.1 (27.03.2024 07.52) on MAC (J:23.0.1 FX:19)
23:53:09.106 [JavaFX Application Thread] DEBUG Engine               - JRE Vendor Name: Oracle Corporation
23:53:09.107 [JavaFX Application Thread] DEBUG Engine               - Running on OS: Mac OS X version 10.15.7
23:53:09.107 [JavaFX Application Thread] DEBUG Engine               - Architecture: x86_64
23:53:09.107 [JavaFX Application Thread] INFO  Engine               - Source code and latest versions at: https://github.com/AlmasB/FXGL
23:53:09.108 [JavaFX Application Thread] INFO  Engine               -       Ask questions and discuss at: https://github.com/AlmasB/FXGL/discussions
23:53:09.108 [JavaFX Application Thread] INFO  Engine               -              Join the FXGL chat at: https://gitter.im/AlmasB/FXGL
23:53:09.502 [JavaFX Application Thread] DEBUG PrimaryStageWindow   - Creating a JavaFX scene
23:53:09.627 [JavaFX Application Thread] DEBUG PrimaryStageWindow   - Target settings size: 1280.0 x 720.0
23:53:09.627 [JavaFX Application Thread] DEBUG PrimaryStageWindow   - Scaled scene size:    1280.0 x 720.0
23:53:09.628 [JavaFX Application Thread] DEBUG PrimaryStageWindow   - Scaled ratio: (1.0, 1.0)
23:53:09.630 [JavaFX Application Thread] DEBUG PrimaryStageWindow   - Set initial scene to FXGLStartupScene
23:53:09.647 [JavaFX Application Thread] DEBUG PrimaryStageWindow   - Opening main window
23:53:10.076 [JavaFX Application Thread] DEBUG PrimaryStageWindow   - Window border size: (0.0, 22.0)
23:53:10.076 [JavaFX Application Thread] DEBUG PrimaryStageWindow   - Scaled size: 1280.0 x 720.0
23:53:10.076 [JavaFX Application Thread] DEBUG PrimaryStageWindow   - Scaled ratio: (1.0, 1.0)
23:53:10.077 [JavaFX Application Thread] DEBUG PrimaryStageWindow   - Scene size: 1280.0 x 720.0
23:53:10.077 [JavaFX Application Thread] DEBUG PrimaryStageWindow   - Stage size: 1280.0 x 742.0
23:53:10.969 [JavaFX Application Thread] DEBUG PrimaryStageWindow   - Going fullscreen
23:53:10.988 [FXGL Background Thread 1 ] DEBUG Engine               - Initializing environment variables
23:53:11.268 [FXGL Background Thread 1 ] DEBUG FXGLAssetLoaderServi - User app class for loading assets: class com.oop2.typewiz.TypeWizApp
23:53:11.269 [FXGL Background Thread 1 ] DEBUG GameApplicationServi - Applying CSS: fxgl_dark.css
23:53:11.270 [FXGL Background Thread 1 ] DEBUG FXGLAssetLoaderServi - Loading from file system: jar:file:///Users/archiecabiso/.m2/repository/com/github/almasb/fxgl/21.1/fxgl-21.1.jar!/fxglassets/ui/css/fxgl_dark.css
23:53:11.452 [FXGL Background Thread 1 ] DEBUG GameApplicationServi - Initializing application scenes
23:53:12.581 [FXGL Background Thread 1 ] DEBUG GameWorld            - Game world initialized
23:53:12.664 [FXGL Background Thread 1 ] DEBUG PhysicsWorld         - Physics world initialized: appHeight=720, physics.ppm=50.0
23:53:12.664 [FXGL Background Thread 1 ] DEBUG PhysicsWorld         - Using strategy: BRUTE_FORCE
23:53:12.675 [FXGL Background Thread 1 ] DEBUG GameScene            - Game scene initialized: 1280x720
23:53:13.218 [FXGL Background Thread 1 ] DEBUG GameApplicationServi - Application scenes initialized
23:53:13.239 [FXGL Background Thread 1 ] DEBUG SystemBundleService  - Loading FXGL system data
23:53:13.245 [FXGL Background Thread 1 ] DEBUG FileSystemAccess     - Reading from: /Users/archiecabiso/Documents/2nd Year - CS/2nd Sem/CSIT228/OOP2-Capstone/system/fxgl.bundle
23:53:13.255 [FXGL Background Thread 1 ] DEBUG SystemBundleService  - Bundle FXGL: {}
23:53:13.255 [FXGL Background Thread 1 ] DEBUG UpdaterService       - Checking for updates
23:53:13.276 [FXGL Background Thread 4 ] DEBUG FXGLApplication      - Loading fonts
23:53:13.277 [FXGL Background Thread 4 ] DEBUG FXGLAssetLoaderServi - Loading from file system: jar:file:///Users/archiecabiso/.m2/repository/com/github/almasb/fxgl/21.1/fxgl-21.1.jar!/fxglassets/ui/fonts/VarelaRound-Regular.ttf
23:53:13.283 [FXGL Background Thread 1 ] DEBUG FXGLApplication      - Loading default localization
23:53:13.284 [FXGL Background Thread 1 ] DEBUG FXGLAssetLoaderServi - Loading from file system: jar:file:///Users/archiecabiso/.m2/repository/com/github/almasb/fxgl/21.1/fxgl-21.1.jar!/fxglassets/languages/english.lang
23:53:13.297 [FXGL Background Thread 4 ] DEBUG FXGLAssetLoaderServi - Loading from file system: jar:file:///Users/archiecabiso/.m2/repository/com/github/almasb/fxgl/21.1/fxgl-21.1.jar!/fxglassets/ui/fonts/Abel-Regular.ttf
23:53:13.301 [FXGL Background Thread 4 ] DEBUG FXGLAssetLoaderServi - Loading from file system: jar:file:///Users/archiecabiso/.m2/repository/com/github/almasb/fxgl/21.1/fxgl-21.1.jar!/fxglassets/ui/fonts/TerminalLandMono-Regular.otf
23:53:13.305 [FXGL Background Thread 4 ] DEBUG FXGLAssetLoaderServi - Loading from file system: jar:file:///Users/archiecabiso/.m2/repository/com/github/almasb/fxgl/21.1/fxgl-21.1.jar!/fxglassets/ui/fonts/Courier-Prime.ttf
23:53:13.312 [JavaFX Application Thread] DEBUG FXGLApplication      - Registering font factories with UI factory
23:53:13.330 [FXGL Background Thread 1 ] INFO  FXGLApplication      - FXGL initialization took: 2.342 sec
23:53:13.332 [JavaFX Application Thread] DEBUG FXGLAssetLoaderServi - Loading from file system: jar:file:///Users/archiecabiso/.m2/repository/com/github/almasb/fxgl/21.1/fxgl-21.1.jar!/fxglassets/textures/fxgl_icon.png
23:53:13.365 [JavaFX Application Thread] DEBUG FXGLAssetLoaderServi - Loading from file system: jar:file:///Users/archiecabiso/.m2/repository/com/github/almasb/fxgl/21.1/fxgl-21.1.jar!/fxglassets/textures/fxgl_default_cursor.png
23:53:13.381 [JavaFX Application Thread] DEBUG Input                - Registered new binding: Screenshot - CTRL+8
23:53:13.381 [JavaFX Application Thread] DEBUG Input                - Registered new binding: System info dump - CTRL+9
23:53:13.382 [JavaFX Application Thread] DEBUG Input                - Registered new binding: Restart - CTRL+R
23:53:13.383 [JavaFX Application Thread] DEBUG Input                - Registered new binding: Toggle Debug Camera - CTRL+7
23:53:13.385 [JavaFX Application Thread] DEBUG LoopRunner           - Starting loop
23:53:13.386 [JavaFX Application Thread] DEBUG LoopRunner           - Initializing JavaFX AnimationTimerLoop
23:53:13.389 [JavaFX Application Thread] DEBUG Input                - Clearing active input actions
23:53:13.403 [JavaFX Application Thread] DEBUG GameApplicationServi - Removing overlay from FXGLStartupScene and adding to FXGLMainMenuDummyScene
23:53:13.403 [JavaFX Application Thread] DEBUG PrimaryStageWindow   - FXGLStartupScene -> FXGLMainMenuDummyScene
23:53:13.404 [JavaFX Application Thread] DEBUG PrimaryStageWindow   - Push state: LoginScreen
23:53:13.404 [JavaFX Application Thread] DEBUG Input                - Clearing active input actions
23:53:13.433 [JavaFX Application Thread] DEBUG GameApplicationServi - Removing overlay from FXGLMainMenuDummyScene and adding to LoginScreen
23:53:13.435 [JavaFX Application Thread] DEBUG PrimaryStageWindow   - FXGLMainMenuDummyScene -> LoginScreen
23:53:15.259 [JavaFX Application Thread] DEBUG FXGLAssetLoaderServi - Loading from file system: file:/Users/archiecabiso/Documents/2nd%20Year%20-%20CS/2nd%20Sem/CSIT228/OOP2-Capstone/target/classes/assets/sounds/sound-library/hover.wav
23:53:16.192 [JavaFX Application Thread] DEBUG FXGLAssetLoaderServi - Loading from file system: file:/Users/archiecabiso/Documents/2nd%20Year%20-%20CS/2nd%20Sem/CSIT228/OOP2-Capstone/target/classes/assets/sounds/sound-library/click.wav
23:53:16.200 [JavaFX Application Thread] DEBUG PrimaryStageWindow   - Push state: RegisterScreen
23:53:16.200 [JavaFX Application Thread] DEBUG Input                - Clearing active input actions
23:53:16.200 [JavaFX Application Thread] DEBUG GameApplicationServi - Removing overlay from LoginScreen and adding to RegisterScreen
23:53:16.201 [JavaFX Application Thread] DEBUG PrimaryStageWindow   - LoginScreen -> RegisterScreen
23:53:16.201 [JavaFX Application Thread] DEBUG FXGLAssetLoaderServi - Loading from file system: file:/Users/archiecabiso/Documents/2nd%20Year%20-%20CS/2nd%20Sem/CSIT228/OOP2-Capstone/target/classes/assets/textures/magicbook.png
23:53:16.207 [JavaFX Application Thread] DEBUG FXGLAssetLoaderServi - Loading from file system: file:/Users/archiecabiso/Documents/2nd%20Year%20-%20CS/2nd%20Sem/CSIT228/OOP2-Capstone/target/classes/assets/textures/magicbook_hover.png
23:53:16.275 [FXGL Background Thread 3 ] DEBUG Engine               - Logging environment variables
23:53:16.276 [FXGL Background Thread 3 ] DEBUG Engine               - achievements: []
23:53:16.276 [FXGL Background Thread 3 ] DEBUG Engine               - actualHeight: 800.0
23:53:16.276 [FXGL Background Thread 3 ] DEBUG Engine               - actualHeightProperty: ReadOnlyDoubleProperty [value: 800.0]
23:53:16.276 [FXGL Background Thread 3 ] DEBUG Engine               - actualWidth: 1280.0
23:53:16.276 [FXGL Background Thread 3 ] DEBUG Engine               - actualWidthProperty: ReadOnlyDoubleProperty [value: 1280.0]
23:53:16.276 [FXGL Background Thread 3 ] DEBUG Engine               - appIcon: fxgl_icon.png
23:53:16.276 [FXGL Background Thread 3 ] DEBUG Engine               - applicationMode: DEVELOPER
23:53:16.276 [FXGL Background Thread 3 ] DEBUG Engine               - cSSList: [fxgl_dark.css]
23:53:16.277 [FXGL Background Thread 3 ] DEBUG Engine               - collisionDetectionStrategy: BRUTE_FORCE
23:53:16.277 [FXGL Background Thread 3 ] DEBUG Engine               - configClass: Optional.empty
23:53:16.277 [FXGL Background Thread 3 ] DEBUG Engine               - credits: []
23:53:16.279 [FXGL Background Thread 3 ] DEBUG Engine               - defaultCursor: CursorInfo(imageName=fxgl_default_cursor.png, hotspotX=7.0, hotspotY=6.0)
23:53:16.279 [FXGL Background Thread 3 ] DEBUG Engine               - devBBoxColorProperty: ObjectProperty [value: 0xff0000ff]
23:53:16.280 [FXGL Background Thread 3 ] DEBUG Engine               - devEnableDebugCameraProperty: BooleanProperty [value: false]
23:53:16.280 [FXGL Background Thread 3 ] DEBUG Engine               - devSensorColorProperty: ObjectProperty [value: 0xffff00ff]
23:53:16.280 [FXGL Background Thread 3 ] DEBUG Engine               - devShowBBoxProperty: BooleanProperty [value: false]
23:53:16.280 [FXGL Background Thread 3 ] DEBUG Engine               - devShowPositionProperty: BooleanProperty [value: false]
23:53:16.280 [FXGL Background Thread 3 ] DEBUG Engine               - enabledMenuItems: []
23:53:16.280 [FXGL Background Thread 3 ] DEBUG Engine               - engineServices: [class com.almasb.fxgl.app.services.FXGLAssetLoaderService, class com.almasb.fxgl.app.FXGLApplication$GameApplicationService, class com.almasb.fxgl.app.services.FXGLDialogService, class com.almasb.fxgl.app.services.IOTaskExecutorService, class com.almasb.fxgl.io.FileSystemService, class com.almasb.fxgl.localization.LocalizationService, class com.almasb.fxgl.app.services.SystemBundleService, class com.almasb.fxgl.profile.SaveLoadService, class com.almasb.fxgl.ui.FXGLUIFactoryServiceProvider, class com.almasb.fxgl.ui.FXGLDialogFactoryServiceProvider, class com.almasb.fxgl.audio.AudioPlayer, class com.almasb.fxgl.notification.impl.NotificationServiceProvider, class com.almasb.fxgl.achievement.AchievementService, class com.almasb.fxgl.cutscene.CutsceneService, class com.almasb.fxgl.minigames.MiniGameService, class com.almasb.fxgl.net.NetService, class com.almasb.fxgl.app.services.UpdaterService, class com.almasb.fxgl.dev.DevService]
23:53:16.280 [FXGL Background Thread 3 ] DEBUG Engine               - fontGame: Abel-Regular.ttf
23:53:16.281 [FXGL Background Thread 3 ] DEBUG Engine               - fontMono: TerminalLandMono-Regular.otf
23:53:16.281 [FXGL Background Thread 3 ] DEBUG Engine               - fontSizeScaleUI: 1.0
23:53:16.281 [FXGL Background Thread 3 ] DEBUG Engine               - fontText: Courier-Prime.ttf
23:53:16.281 [FXGL Background Thread 3 ] DEBUG Engine               - fontUI: VarelaRound-Regular.ttf
23:53:16.281 [FXGL Background Thread 3 ] DEBUG Engine               - fullScreen: BooleanProperty [value: true]
23:53:16.281 [FXGL Background Thread 3 ] DEBUG Engine               - gameDifficulty: MEDIUM
23:53:16.281 [FXGL Background Thread 3 ] DEBUG Engine               - gameDifficultyProperty: ObjectProperty [value: MEDIUM]
23:53:16.281 [FXGL Background Thread 3 ] DEBUG Engine               - globalMusicVolume: 0.5
23:53:16.281 [FXGL Background Thread 3 ] DEBUG Engine               - globalMusicVolumeProperty: DoubleProperty [value: 0.5]
23:53:16.282 [FXGL Background Thread 3 ] DEBUG Engine               - globalSoundVolume: 0.5
23:53:16.282 [FXGL Background Thread 3 ] DEBUG Engine               - globalSoundVolumeProperty: DoubleProperty [value: 0.5]
23:53:16.282 [FXGL Background Thread 3 ] DEBUG Engine               - height: 720
23:53:16.282 [FXGL Background Thread 3 ] DEBUG Engine               - is3D: false
23:53:16.282 [FXGL Background Thread 3 ] DEBUG Engine               - isAndroid: false
23:53:16.282 [FXGL Background Thread 3 ] DEBUG Engine               - isBrowser: false
23:53:16.282 [FXGL Background Thread 3 ] DEBUG Engine               - isClickFeedbackEnabled: false
23:53:16.282 [FXGL Background Thread 3 ] DEBUG Engine               - isCloseConfirmation: false
23:53:16.282 [FXGL Background Thread 3 ] DEBUG Engine               - isDesktop: true
23:53:16.282 [FXGL Background Thread 3 ] DEBUG Engine               - isDeveloperMenuEnabled: false
23:53:16.282 [FXGL Background Thread 3 ] DEBUG Engine               - isEmbedded: false
23:53:16.283 [FXGL Background Thread 3 ] DEBUG Engine               - isEntityPreloadEnabled: true
23:53:16.283 [FXGL Background Thread 3 ] DEBUG Engine               - isExperimentalTiledLargeMap: false
23:53:16.283 [FXGL Background Thread 3 ] DEBUG Engine               - isFileSystemWriteAllowed: true
23:53:16.283 [FXGL Background Thread 3 ] DEBUG Engine               - isFullScreenAllowed: true
23:53:16.283 [FXGL Background Thread 3 ] DEBUG Engine               - isFullScreenFromStart: true
23:53:16.283 [FXGL Background Thread 3 ] DEBUG Engine               - isGameMenuEnabled: false
23:53:16.283 [FXGL Background Thread 3 ] DEBUG Engine               - isIOS: false
23:53:16.283 [FXGL Background Thread 3 ] DEBUG Engine               - isIntroEnabled: false
23:53:16.283 [FXGL Background Thread 3 ] DEBUG Engine               - isLinux: false
23:53:16.283 [FXGL Background Thread 3 ] DEBUG Engine               - isMac: true
23:53:16.283 [FXGL Background Thread 3 ] DEBUG Engine               - isMainMenuEnabled: true
23:53:16.283 [FXGL Background Thread 3 ] DEBUG Engine               - isManualResizeEnabled: false
23:53:16.283 [FXGL Background Thread 3 ] DEBUG Engine               - isMobile: false
23:53:16.284 [FXGL Background Thread 3 ] DEBUG Engine               - isNative: false
23:53:16.284 [FXGL Background Thread 3 ] DEBUG Engine               - isPauseMusicWhenMinimized: true
23:53:16.284 [FXGL Background Thread 3 ] DEBUG Engine               - isPreserveResizeRatio: false
23:53:16.284 [FXGL Background Thread 3 ] DEBUG Engine               - isProfilingEnabled: false
23:53:16.284 [FXGL Background Thread 3 ] DEBUG Engine               - isScaleAffectedOnResize: true
23:53:16.284 [FXGL Background Thread 3 ] DEBUG Engine               - isSingleStep: false
23:53:16.284 [FXGL Background Thread 3 ] DEBUG Engine               - isUserProfileEnabled: false
23:53:16.284 [FXGL Background Thread 3 ] DEBUG Engine               - isWindows: false
23:53:16.284 [FXGL Background Thread 3 ] DEBUG Engine               - language: ObjectProperty [value: ENGLISH]
23:53:16.285 [FXGL Background Thread 3 ] DEBUG Engine               - menuKey: ESCAPE
23:53:16.285 [FXGL Background Thread 3 ] DEBUG Engine               - mouseSensitivity: 0.2
23:53:16.285 [FXGL Background Thread 3 ] DEBUG Engine               - notificationViewClass: class com.almasb.fxgl.notification.view.XboxNotificationView
23:53:16.285 [FXGL Background Thread 3 ] DEBUG Engine               - pixelsPerMeter: 50.0
23:53:16.285 [FXGL Background Thread 3 ] DEBUG Engine               - platform: MAC
23:53:16.285 [FXGL Background Thread 3 ] DEBUG Engine               - prefHeightProperty: ReadOnlyDoubleProperty [value: 720.0]
23:53:16.285 [FXGL Background Thread 3 ] DEBUG Engine               - prefWidthProperty: ReadOnlyDoubleProperty [value: 1280.0]
23:53:16.285 [FXGL Background Thread 3 ] DEBUG Engine               - profileDir: profiles/
23:53:16.285 [FXGL Background Thread 3 ] DEBUG Engine               - profileName: StringProperty [value: DEFAULT]
23:53:16.285 [FXGL Background Thread 3 ] DEBUG Engine               - randomSeed: -1
23:53:16.286 [FXGL Background Thread 3 ] DEBUG Engine               - runtimeInfo: RuntimeInfo(platform=MAC, version=21.1, build=27.03.2024 07.52)
23:53:16.286 [FXGL Background Thread 3 ] DEBUG Engine               - saveFileExt: sav
23:53:16.286 [FXGL Background Thread 3 ] DEBUG Engine               - scaledHeightProp$fxgl: DoubleProperty [bound, value: 800.0]
23:53:16.286 [FXGL Background Thread 3 ] DEBUG Engine               - scaledWidthProp$fxgl: DoubleProperty [bound, value: 1280.0]
23:53:16.286 [FXGL Background Thread 3 ] DEBUG Engine               - sceneFactory: com.oop2.typewiz.util.CustomSceneFactory@7ea69982
23:53:16.286 [FXGL Background Thread 3 ] DEBUG Engine               - secondsIn24h: 60
23:53:16.286 [FXGL Background Thread 3 ] DEBUG Engine               - soundMenuBack: menu/back.wav
23:53:16.287 [FXGL Background Thread 3 ] DEBUG Engine               - soundMenuPress: menu/press.wav
23:53:16.287 [FXGL Background Thread 3 ] DEBUG Engine               - soundMenuSelect: menu/select.wav
23:53:16.287 [FXGL Background Thread 3 ] DEBUG Engine               - soundNotification: core/notification.wav
23:53:16.287 [FXGL Background Thread 3 ] DEBUG Engine               - stageStyle: DECORATED
23:53:16.287 [FXGL Background Thread 3 ] DEBUG Engine               - supportedLanguages: [ENGLISH, FRENCH, GERMAN, HUNGARIAN, RUSSIAN]
23:53:16.287 [FXGL Background Thread 3 ] DEBUG Engine               - ticksPerSecond: -1
23:53:16.287 [FXGL Background Thread 3 ] DEBUG Engine               - title: TypeWiz Login
23:53:16.287 [FXGL Background Thread 3 ] DEBUG Engine               - urlGithub: https://github.com/AlmasB/FXGL
23:53:16.288 [FXGL Background Thread 3 ] DEBUG Engine               - urlLeaderboard: http://fxgl-top.herokuapp.com/
23:53:16.288 [FXGL Background Thread 3 ] DEBUG Engine               - urlPOM: https://raw.githubusercontent.com/AlmasB/FXGL/release/README.md
23:53:16.288 [FXGL Background Thread 3 ] DEBUG Engine               - userAppClass: class com.oop2.typewiz.TypeWizApp
23:53:16.288 [FXGL Background Thread 3 ] DEBUG Engine               - version: 0.0
23:53:16.288 [FXGL Background Thread 3 ] DEBUG Engine               - versionCheckDays: 7
23:53:16.288 [FXGL Background Thread 3 ] DEBUG Engine               - width: 1280
23:53:16.288 [FXGL Background Thread 3 ] DEBUG Engine               - Logging services
23:53:16.288 [FXGL Background Thread 3 ] DEBUG Engine               - class com.almasb.fxgl.app.services.FXGLAssetLoaderService
23:53:16.288 [FXGL Background Thread 3 ] DEBUG Engine               - class com.almasb.fxgl.app.FXGLApplication$GameApplicationService
23:53:16.289 [FXGL Background Thread 3 ] DEBUG Engine               - class com.almasb.fxgl.app.services.FXGLDialogService
23:53:16.289 [FXGL Background Thread 3 ] DEBUG Engine               - class com.almasb.fxgl.app.services.IOTaskExecutorService
23:53:16.289 [FXGL Background Thread 3 ] DEBUG Engine               - class com.almasb.fxgl.io.FileSystemService
23:53:16.289 [FXGL Background Thread 3 ] DEBUG Engine               - class com.almasb.fxgl.localization.LocalizationService
23:53:16.289 [FXGL Background Thread 3 ] DEBUG Engine               - class com.almasb.fxgl.app.services.SystemBundleService
23:53:16.289 [FXGL Background Thread 3 ] DEBUG Engine               - class com.almasb.fxgl.profile.SaveLoadService
23:53:16.289 [FXGL Background Thread 3 ] DEBUG Engine               - class com.almasb.fxgl.ui.FXGLUIFactoryServiceProvider
23:53:16.289 [FXGL Background Thread 3 ] DEBUG Engine               - class com.almasb.fxgl.ui.FXGLDialogFactoryServiceProvider
23:53:16.289 [FXGL Background Thread 3 ] DEBUG Engine               - class com.almasb.fxgl.audio.AudioPlayer
23:53:16.289 [FXGL Background Thread 3 ] DEBUG Engine               - class com.almasb.fxgl.notification.impl.NotificationServiceProvider
23:53:16.289 [FXGL Background Thread 3 ] DEBUG Engine               - class com.almasb.fxgl.achievement.AchievementService
23:53:16.289 [FXGL Background Thread 3 ] DEBUG Engine               - class com.almasb.fxgl.cutscene.CutsceneService
23:53:16.289 [FXGL Background Thread 3 ] DEBUG Engine               - class com.almasb.fxgl.minigames.MiniGameService
23:53:16.290 [FXGL Background Thread 3 ] DEBUG Engine               - class com.almasb.fxgl.net.NetService
23:53:16.290 [FXGL Background Thread 3 ] DEBUG Engine               - class com.almasb.fxgl.app.services.UpdaterService
23:53:16.290 [FXGL Background Thread 3 ] DEBUG Engine               - class com.almasb.fxgl.dev.DevService
23:53:17.001 [JavaFX Application Thread] DEBUG PrimaryStageWindow   - Push state: RegisterScreen
23:53:17.001 [JavaFX Application Thread] DEBUG Input                - Clearing active input actions
23:53:17.002 [JavaFX Application Thread] DEBUG GameApplicationServi - Removing overlay from RegisterScreen and adding to RegisterScreen
23:53:17.002 [JavaFX Application Thread] DEBUG PrimaryStageWindow   - RegisterScreen -> RegisterScreen
23:53:45.333 [JavaFX Application Thread] DEBUG FXGLApplication      - Exiting FXGL
23:53:45.334 [JavaFX Application Thread] DEBUG LoopRunner           - Stopping loop
23:53:45.334 [JavaFX Application Thread] DEBUG SystemBundleService  - Saving FXGL system data
23:53:45.336 [JavaFX Application Thread] DEBUG FileSystemAccess     - Writing to: /Users/archiecabiso/Documents/2nd Year - CS/2nd Sem/CSIT228/OOP2-Capstone/system/fxgl.bundle
23:53:45.339 [JavaFX Application Thread] DEBUG Async                - Shutting down background threads
23:53:45.339 [JavaFX Application Thread] DEBUG PrimaryStageWindow   - Closing main window
23:53:45.986 [JavaFX Application Thread] DEBUG Logger               - Closing Logger
