20:44:00.926 [main                     ] DEBUG Logger               - Configured Logger
20:44:00.957 [main                     ] DEBUG GameApplication      - Logging settings
Title: TypeWiz - Winter Theme
Version: 0.0
Width: 1280
Height: 720
Fullscreen: false
Intro: false
Profiling: false
Single step:false
App Mode: DEVELOPER
Menu Key: ESCAPE
Stage Style: DECORATED
Scene Factory: class com.almasb.fxgl.app.scene.SceneFactory

20:44:01.212 [JavaFX Application Thread] DEBUG FXGLApplication      - Initializing FXGL
20:44:01.215 [JavaFX Application Thread] INFO  Engine               - FXGL-21.1 (27.03.2024 07.52) on WINDOWS (J:21.0.3 FX:19)
20:44:01.216 [JavaFX Application Thread] DEBUG Engine               - JRE Vendor Name: Oracle Corporation
20:44:01.216 [JavaFX Application Thread] DEBUG Engine               - Running on OS: Windows 11 version 10.0
20:44:01.216 [JavaFX Application Thread] DEBUG Engine               - Architecture: amd64
20:44:01.216 [JavaFX Application Thread] INFO  Engine               - Source code and latest versions at: https://github.com/AlmasB/FXGL
20:44:01.216 [JavaFX Application Thread] INFO  Engine               -       Ask questions and discuss at: https://github.com/AlmasB/FXGL/discussions
20:44:01.216 [JavaFX Application Thread] INFO  Engine               -              Join the FXGL chat at: https://gitter.im/AlmasB/FXGL
20:44:01.279 [JavaFX Application Thread] DEBUG PrimaryStageWindow   - Creating a JavaFX scene
20:44:01.313 [JavaFX Application Thread] DEBUG PrimaryStageWindow   - Target settings size: 1280.0 x 720.0
20:44:01.313 [JavaFX Application Thread] DEBUG PrimaryStageWindow   - Scaled scene size:    1280.0 x 720.0
20:44:01.313 [JavaFX Application Thread] DEBUG PrimaryStageWindow   - Scaled ratio: (1.0, 1.0)
20:44:01.314 [JavaFX Application Thread] DEBUG PrimaryStageWindow   - Set initial scene to FXGLStartupScene
20:44:01.316 [JavaFX Application Thread] DEBUG PrimaryStageWindow   - Opening main window
20:44:01.379 [JavaFX Application Thread] DEBUG PrimaryStageWindow   - Window border size: (14.4000244140625, 37.5999755859375)
20:44:01.379 [JavaFX Application Thread] DEBUG PrimaryStageWindow   - Scaled size: 1280.0 x 720.0
20:44:01.379 [JavaFX Application Thread] DEBUG PrimaryStageWindow   - Scaled ratio: (1.0, 1.0)
20:44:01.379 [JavaFX Application Thread] DEBUG PrimaryStageWindow   - Scene size: 1280.0 x 720.0
20:44:01.380 [JavaFX Application Thread] DEBUG PrimaryStageWindow   - Stage size: 1294.4000244140625 x 757.5999755859375
20:44:01.386 [FXGL Background Thread 1 ] DEBUG Engine               - Initializing environment variables
20:44:01.427 [FXGL Background Thread 1 ] DEBUG FXGLAssetLoaderServi - User app class for loading assets: class com.oop2.typewiz.GameplayComponents.Game
20:44:01.427 [FXGL Background Thread 1 ] DEBUG GameApplicationServi - Applying CSS: fxgl_dark.css
20:44:01.428 [FXGL Background Thread 1 ] DEBUG FXGLAssetLoaderServi - Loading from file system: jar:file:///C:/Users/Ruhmer%20Jairus/.m2/repository/com/github/almasb/fxgl/21.1/fxgl-21.1.jar!/fxglassets/ui/css/fxgl_dark.css
20:44:01.472 [FXGL Background Thread 1 ] DEBUG GameApplicationServi - Initializing application scenes
20:44:01.516 [FXGL Background Thread 1 ] DEBUG GameWorld            - Game world initialized
20:44:01.565 [FXGL Background Thread 1 ] DEBUG PhysicsWorld         - Physics world initialized: appHeight=720, physics.ppm=50.0
20:44:01.565 [FXGL Background Thread 1 ] DEBUG PhysicsWorld         - Using strategy: BRUTE_FORCE
20:44:01.568 [FXGL Background Thread 1 ] DEBUG GameScene            - Game scene initialized: 1280x720
20:44:01.568 [FXGL Background Thread 1 ] DEBUG GameApplicationServi - Application scenes initialized
20:44:01.579 [FXGL Background Thread 1 ] DEBUG SystemBundleService  - Loading FXGL system data
20:44:01.583 [FXGL Background Thread 1 ] DEBUG FileSystemAccess     - Reading from: C:\Users\Ruhmer Jairus\OOP2-Capstone\system\fxgl.bundle
20:44:01.590 [FXGL Background Thread 1 ] DEBUG SystemBundleService  - Bundle FXGL: {}
20:44:01.590 [FXGL Background Thread 1 ] DEBUG UpdaterService       - Checking for updates
20:44:01.593 [FXGL Background Thread 4 ] DEBUG FXGLApplication      - Loading fonts
20:44:01.593 [FXGL Background Thread 4 ] DEBUG FXGLAssetLoaderServi - Loading from file system: jar:file:///C:/Users/Ruhmer%20Jairus/.m2/repository/com/github/almasb/fxgl/21.1/fxgl-21.1.jar!/fxglassets/ui/fonts/VarelaRound-Regular.ttf
20:44:01.593 [FXGL Background Thread 1 ] DEBUG FXGLApplication      - Loading default localization
20:44:01.593 [FXGL Background Thread 1 ] DEBUG FXGLAssetLoaderServi - Loading from file system: jar:file:///C:/Users/Ruhmer%20Jairus/.m2/repository/com/github/almasb/fxgl/21.1/fxgl-21.1.jar!/fxglassets/languages/english.lang
20:44:01.614 [FXGL Background Thread 1 ] INFO  FXGLApplication      - FXGL initialization took: 0.228 sec
20:44:01.615 [JavaFX Application Thread] DEBUG FXGLAssetLoaderServi - Loading from file system: jar:file:///C:/Users/Ruhmer%20Jairus/.m2/repository/com/github/almasb/fxgl/21.1/fxgl-21.1.jar!/fxglassets/textures/fxgl_icon.png
20:44:01.620 [FXGL Background Thread 4 ] DEBUG FXGLAssetLoaderServi - Loading from file system: jar:file:///C:/Users/Ruhmer%20Jairus/.m2/repository/com/github/almasb/fxgl/21.1/fxgl-21.1.jar!/fxglassets/ui/fonts/Abel-Regular.ttf
20:44:01.622 [FXGL Background Thread 4 ] DEBUG FXGLAssetLoaderServi - Loading from file system: jar:file:///C:/Users/Ruhmer%20Jairus/.m2/repository/com/github/almasb/fxgl/21.1/fxgl-21.1.jar!/fxglassets/ui/fonts/TerminalLandMono-Regular.otf
20:44:01.625 [FXGL Background Thread 4 ] DEBUG FXGLAssetLoaderServi - Loading from file system: jar:file:///C:/Users/Ruhmer%20Jairus/.m2/repository/com/github/almasb/fxgl/21.1/fxgl-21.1.jar!/fxglassets/ui/fonts/Courier-Prime.ttf
20:44:01.649 [JavaFX Application Thread] DEBUG FXGLAssetLoaderServi - Loading from file system: jar:file:///C:/Users/Ruhmer%20Jairus/.m2/repository/com/github/almasb/fxgl/21.1/fxgl-21.1.jar!/fxglassets/textures/fxgl_default_cursor.png
20:44:01.658 [JavaFX Application Thread] DEBUG Input                - Registered new binding: Screenshot - CTRL+8
20:44:01.658 [JavaFX Application Thread] DEBUG Input                - Registered new binding: System info dump - CTRL+9
20:44:01.658 [JavaFX Application Thread] DEBUG Input                - Registered new binding: Restart - CTRL+R
20:44:01.659 [JavaFX Application Thread] DEBUG Input                - Registered new binding: Toggle Debug Camera - CTRL+7
20:44:01.660 [JavaFX Application Thread] DEBUG LoopRunner           - Starting loop
20:44:01.660 [JavaFX Application Thread] DEBUG LoopRunner           - Initializing JavaFX AnimationTimerLoop
20:44:01.662 [JavaFX Application Thread] DEBUG GameApplicationServi - Starting new game
20:44:01.662 [JavaFX Application Thread] DEBUG Input                - Clearing active input actions
20:44:01.673 [JavaFX Application Thread] DEBUG GameApplicationServi - Removing overlay from FXGLStartupScene and adding to FXGLLoadingScene
20:44:01.675 [JavaFX Application Thread] DEBUG PrimaryStageWindow   - FXGLStartupScene -> FXGLLoadingScene
20:44:01.675 [JavaFX Application Thread] DEBUG GameApplicationServi - Clearing previous game
20:44:01.675 [JavaFX Application Thread] DEBUG GameScene            - Clearing game scene
20:44:01.675 [JavaFX Application Thread] DEBUG GameWorld            - Clearing game world
20:44:01.675 [JavaFX Application Thread] DEBUG PhysicsWorld         - Clearing physics world
20:44:01.677 [FXGL Background Thread 4 ] DEBUG FXGLApplication      - Initializing game
20:44:01.679 [JavaFX Application Thread] DEBUG FXGLApplication      - Registering font factories with UI factory
20:44:01.681 [FXGL Background Thread 4 ] DEBUG FXGLAssetLoaderServi - Loading from file system: file:/C:/Users/Ruhmer%20Jairus/OOP2-Capstone/target/classes/assets/textures/background-and-platforms/bg-winter_1280_720.png
20:44:01.715 [FXGL Background Thread 4 ] DEBUG FXGLAssetLoaderServi - Loading from file system: file:/C:/Users/Ruhmer%20Jairus/OOP2-Capstone/target/classes/assets/textures/background-and-platforms/hdlargerplatform-winter.png
20:44:01.785 [FXGL Background Thread 4 ] DEBUG FXGLAssetLoaderServi - Loading from file system: file:/C:/Users/Ruhmer%20Jairus/OOP2-Capstone/target/classes/assets/textures/wizard/wizard.png
20:44:01.881 [FXGL Background Thread 4 ] WARN  GameWorld            - Attempted to remove entity which is not active
20:44:01.882 [FXGL Background Thread 4 ] WARN  GameWorld            - Attempted to remove entity which is not active
20:44:01.883 [FXGL Background Thread 4 ] WARN  GameWorld            - Attempted to remove entity which is not active
20:44:01.884 [FXGL Background Thread 4 ] WARN  GameWorld            - Attempted to remove entity which is not active
20:44:01.885 [FXGL Background Thread 4 ] WARN  GameWorld            - Attempted to remove entity which is not active
20:44:01.886 [FXGL Background Thread 4 ] WARN  GameWorld            - Attempted to remove entity which is not active
20:44:01.887 [FXGL Background Thread 4 ] WARN  GameWorld            - Attempted to remove entity which is not active
20:44:01.887 [FXGL Background Thread 4 ] WARN  GameWorld            - Attempted to remove entity which is not active
20:44:01.888 [FXGL Background Thread 4 ] WARN  GameWorld            - Attempted to remove entity which is not active
20:44:01.888 [FXGL Background Thread 4 ] WARN  GameWorld            - Attempted to remove entity which is not active
20:44:01.898 [FXGL Background Thread 4 ] DEBUG FXGLAssetLoaderServi - Loading from file system: file:/C:/Users/Ruhmer%20Jairus/OOP2-Capstone/target/classes/assets/textures/mobs/gargoyle/gargoyle.png
20:44:01.935 [FXGL Background Thread 4 ] INFO  FXGLApplication      - Game initialization took: 0.258 sec
20:44:01.935 [JavaFX Application Thread] DEBUG Input                - Clearing active input actions
20:44:01.945 [JavaFX Application Thread] DEBUG GameApplicationServi - Removing overlay from FXGLLoadingScene and adding to GameScene
20:44:01.946 [JavaFX Application Thread] DEBUG PrimaryStageWindow   - FXGLLoadingScene -> GameScene
20:44:04.593 [FXGL Background Thread 3 ] DEBUG Engine               - Logging environment variables
20:44:04.593 [FXGL Background Thread 3 ] DEBUG Engine               - achievements: []
20:44:04.593 [FXGL Background Thread 3 ] DEBUG Engine               - actualHeight: 720.0
20:44:04.593 [FXGL Background Thread 3 ] DEBUG Engine               - actualHeightProperty: ReadOnlyDoubleProperty [value: 720.0]
20:44:04.593 [FXGL Background Thread 3 ] DEBUG Engine               - actualWidth: 1280.0
20:44:04.593 [FXGL Background Thread 3 ] DEBUG Engine               - actualWidthProperty: ReadOnlyDoubleProperty [value: 1280.0]
20:44:04.593 [FXGL Background Thread 3 ] DEBUG Engine               - appIcon: fxgl_icon.png
20:44:04.593 [FXGL Background Thread 3 ] DEBUG Engine               - applicationMode: DEVELOPER
20:44:04.594 [FXGL Background Thread 3 ] DEBUG Engine               - cSSList: [fxgl_dark.css]
20:44:04.594 [FXGL Background Thread 3 ] DEBUG Engine               - collisionDetectionStrategy: BRUTE_FORCE
20:44:04.594 [FXGL Background Thread 3 ] DEBUG Engine               - configClass: Optional.empty
20:44:04.594 [FXGL Background Thread 3 ] DEBUG Engine               - credits: []
20:44:04.595 [FXGL Background Thread 3 ] DEBUG Engine               - defaultCursor: CursorInfo(imageName=fxgl_default_cursor.png, hotspotX=7.0, hotspotY=6.0)
20:44:04.595 [FXGL Background Thread 3 ] DEBUG Engine               - devBBoxColorProperty: ObjectProperty [value: 0xff0000ff]
20:44:04.595 [FXGL Background Thread 3 ] DEBUG Engine               - devEnableDebugCameraProperty: BooleanProperty [value: false]
20:44:04.595 [FXGL Background Thread 3 ] DEBUG Engine               - devSensorColorProperty: ObjectProperty [value: 0xffff00ff]
20:44:04.595 [FXGL Background Thread 3 ] DEBUG Engine               - devShowBBoxProperty: BooleanProperty [value: false]
20:44:04.595 [FXGL Background Thread 3 ] DEBUG Engine               - devShowPositionProperty: BooleanProperty [value: false]
20:44:04.596 [FXGL Background Thread 3 ] DEBUG Engine               - enabledMenuItems: []
20:44:04.596 [FXGL Background Thread 3 ] DEBUG Engine               - engineServices: [class com.almasb.fxgl.app.services.FXGLAssetLoaderService, class com.almasb.fxgl.app.FXGLApplication$GameApplicationService, class com.almasb.fxgl.app.services.FXGLDialogService, class com.almasb.fxgl.app.services.IOTaskExecutorService, class com.almasb.fxgl.io.FileSystemService, class com.almasb.fxgl.localization.LocalizationService, class com.almasb.fxgl.app.services.SystemBundleService, class com.almasb.fxgl.profile.SaveLoadService, class com.almasb.fxgl.ui.FXGLUIFactoryServiceProvider, class com.almasb.fxgl.ui.FXGLDialogFactoryServiceProvider, class com.almasb.fxgl.audio.AudioPlayer, class com.almasb.fxgl.notification.impl.NotificationServiceProvider, class com.almasb.fxgl.achievement.AchievementService, class com.almasb.fxgl.cutscene.CutsceneService, class com.almasb.fxgl.minigames.MiniGameService, class com.almasb.fxgl.net.NetService, class com.almasb.fxgl.app.services.UpdaterService, class com.almasb.fxgl.dev.DevService]
20:44:04.596 [FXGL Background Thread 3 ] DEBUG Engine               - fontGame: Abel-Regular.ttf
20:44:04.596 [FXGL Background Thread 3 ] DEBUG Engine               - fontMono: TerminalLandMono-Regular.otf
20:44:04.596 [FXGL Background Thread 3 ] DEBUG Engine               - fontSizeScaleUI: 1.0
20:44:04.596 [FXGL Background Thread 3 ] DEBUG Engine               - fontText: Courier-Prime.ttf
20:44:04.596 [FXGL Background Thread 3 ] DEBUG Engine               - fontUI: VarelaRound-Regular.ttf
20:44:04.596 [FXGL Background Thread 3 ] DEBUG Engine               - fullScreen: BooleanProperty [value: false]
20:44:04.596 [FXGL Background Thread 3 ] DEBUG Engine               - gameDifficulty: MEDIUM
20:44:04.596 [FXGL Background Thread 3 ] DEBUG Engine               - gameDifficultyProperty: ObjectProperty [value: MEDIUM]
20:44:04.596 [FXGL Background Thread 3 ] DEBUG Engine               - globalMusicVolume: 0.5
20:44:04.596 [FXGL Background Thread 3 ] DEBUG Engine               - globalMusicVolumeProperty: DoubleProperty [value: 0.5]
20:44:04.596 [FXGL Background Thread 3 ] DEBUG Engine               - globalSoundVolume: 0.5
20:44:04.596 [FXGL Background Thread 3 ] DEBUG Engine               - globalSoundVolumeProperty: DoubleProperty [value: 0.5]
20:44:04.596 [FXGL Background Thread 3 ] DEBUG Engine               - height: 720
20:44:04.596 [FXGL Background Thread 3 ] DEBUG Engine               - is3D: false
20:44:04.596 [FXGL Background Thread 3 ] DEBUG Engine               - isAndroid: false
20:44:04.596 [FXGL Background Thread 3 ] DEBUG Engine               - isBrowser: false
20:44:04.596 [FXGL Background Thread 3 ] DEBUG Engine               - isClickFeedbackEnabled: false
20:44:04.596 [FXGL Background Thread 3 ] DEBUG Engine               - isCloseConfirmation: false
20:44:04.596 [FXGL Background Thread 3 ] DEBUG Engine               - isDesktop: true
20:44:04.597 [FXGL Background Thread 3 ] DEBUG Engine               - isDeveloperMenuEnabled: false
20:44:04.597 [FXGL Background Thread 3 ] DEBUG Engine               - isEmbedded: false
20:44:04.597 [FXGL Background Thread 3 ] DEBUG Engine               - isEntityPreloadEnabled: true
20:44:04.597 [FXGL Background Thread 3 ] DEBUG Engine               - isExperimentalTiledLargeMap: false
20:44:04.597 [FXGL Background Thread 3 ] DEBUG Engine               - isFileSystemWriteAllowed: true
20:44:04.597 [FXGL Background Thread 3 ] DEBUG Engine               - isFullScreenAllowed: false
20:44:04.597 [FXGL Background Thread 3 ] DEBUG Engine               - isFullScreenFromStart: false
20:44:04.597 [FXGL Background Thread 3 ] DEBUG Engine               - isGameMenuEnabled: false
20:44:04.597 [FXGL Background Thread 3 ] DEBUG Engine               - isIOS: false
20:44:04.597 [FXGL Background Thread 3 ] DEBUG Engine               - isIntroEnabled: false
20:44:04.597 [FXGL Background Thread 3 ] DEBUG Engine               - isLinux: false
20:44:04.597 [FXGL Background Thread 3 ] DEBUG Engine               - isMac: false
20:44:04.597 [FXGL Background Thread 3 ] DEBUG Engine               - isMainMenuEnabled: false
20:44:04.597 [FXGL Background Thread 3 ] DEBUG Engine               - isManualResizeEnabled: false
20:44:04.597 [FXGL Background Thread 3 ] DEBUG Engine               - isMobile: false
20:44:04.597 [FXGL Background Thread 3 ] DEBUG Engine               - isNative: false
20:44:04.597 [FXGL Background Thread 3 ] DEBUG Engine               - isPauseMusicWhenMinimized: true
20:44:04.597 [FXGL Background Thread 3 ] DEBUG Engine               - isPreserveResizeRatio: true
20:44:04.597 [FXGL Background Thread 3 ] DEBUG Engine               - isProfilingEnabled: false
20:44:04.597 [FXGL Background Thread 3 ] DEBUG Engine               - isScaleAffectedOnResize: true
20:44:04.597 [FXGL Background Thread 3 ] DEBUG Engine               - isSingleStep: false
20:44:04.597 [FXGL Background Thread 3 ] DEBUG Engine               - isUserProfileEnabled: false
20:44:04.597 [FXGL Background Thread 3 ] DEBUG Engine               - isWindows: true
20:44:04.597 [FXGL Background Thread 3 ] DEBUG Engine               - language: ObjectProperty [value: ENGLISH]
20:44:04.597 [FXGL Background Thread 3 ] DEBUG Engine               - menuKey: ESCAPE
20:44:04.597 [FXGL Background Thread 3 ] DEBUG Engine               - mouseSensitivity: 0.2
20:44:04.597 [FXGL Background Thread 3 ] DEBUG Engine               - notificationViewClass: class com.almasb.fxgl.notification.view.XboxNotificationView
20:44:04.597 [FXGL Background Thread 3 ] DEBUG Engine               - pixelsPerMeter: 50.0
20:44:04.597 [FXGL Background Thread 3 ] DEBUG Engine               - platform: WINDOWS
20:44:04.597 [FXGL Background Thread 3 ] DEBUG Engine               - prefHeightProperty: ReadOnlyDoubleProperty [value: 720.0]
20:44:04.597 [FXGL Background Thread 3 ] DEBUG Engine               - prefWidthProperty: ReadOnlyDoubleProperty [value: 1280.0]
20:44:04.597 [FXGL Background Thread 3 ] DEBUG Engine               - profileDir: profiles/
20:44:04.598 [FXGL Background Thread 3 ] DEBUG Engine               - profileName: StringProperty [value: DEFAULT]
20:44:04.598 [FXGL Background Thread 3 ] DEBUG Engine               - randomSeed: -1
20:44:04.598 [FXGL Background Thread 3 ] DEBUG Engine               - runtimeInfo: RuntimeInfo(platform=WINDOWS, version=21.1, build=27.03.2024 07.52)
20:44:04.598 [FXGL Background Thread 3 ] DEBUG Engine               - saveFileExt: sav
20:44:04.598 [FXGL Background Thread 3 ] DEBUG Engine               - scaledHeightProp$fxgl: DoubleProperty [bound, value: 720.0]
20:44:04.598 [FXGL Background Thread 3 ] DEBUG Engine               - scaledWidthProp$fxgl: DoubleProperty [bound, value: 1280.0]
20:44:04.598 [FXGL Background Thread 3 ] DEBUG Engine               - sceneFactory: com.almasb.fxgl.app.scene.SceneFactory@82b621d
20:44:04.598 [FXGL Background Thread 3 ] DEBUG Engine               - secondsIn24h: 60
20:44:04.598 [FXGL Background Thread 3 ] DEBUG Engine               - soundMenuBack: menu/back.wav
20:44:04.598 [FXGL Background Thread 3 ] DEBUG Engine               - soundMenuPress: menu/press.wav
20:44:04.598 [FXGL Background Thread 3 ] DEBUG Engine               - soundMenuSelect: menu/select.wav
20:44:04.598 [FXGL Background Thread 3 ] DEBUG Engine               - soundNotification: core/notification.wav
20:44:04.598 [FXGL Background Thread 3 ] DEBUG Engine               - stageStyle: DECORATED
20:44:04.598 [FXGL Background Thread 3 ] DEBUG Engine               - supportedLanguages: [ENGLISH, FRENCH, GERMAN, HUNGARIAN, RUSSIAN]
20:44:04.598 [FXGL Background Thread 3 ] DEBUG Engine               - ticksPerSecond: -1
20:44:04.598 [FXGL Background Thread 3 ] DEBUG Engine               - title: TypeWiz - Winter Theme
20:44:04.598 [FXGL Background Thread 3 ] DEBUG Engine               - urlGithub: https://github.com/AlmasB/FXGL
20:44:04.598 [FXGL Background Thread 3 ] DEBUG Engine               - urlLeaderboard: http://fxgl-top.herokuapp.com/
20:44:04.598 [FXGL Background Thread 3 ] DEBUG Engine               - urlPOM: https://raw.githubusercontent.com/AlmasB/FXGL/release/README.md
20:44:04.598 [FXGL Background Thread 3 ] DEBUG Engine               - userAppClass: class com.oop2.typewiz.GameplayComponents.Game
20:44:04.598 [FXGL Background Thread 3 ] DEBUG Engine               - version: 0.0
20:44:04.598 [FXGL Background Thread 3 ] DEBUG Engine               - versionCheckDays: 7
20:44:04.598 [FXGL Background Thread 3 ] DEBUG Engine               - width: 1280
20:44:04.598 [FXGL Background Thread 3 ] DEBUG Engine               - Logging services
20:44:04.598 [FXGL Background Thread 3 ] DEBUG Engine               - class com.almasb.fxgl.app.services.FXGLAssetLoaderService
20:44:04.598 [FXGL Background Thread 3 ] DEBUG Engine               - class com.almasb.fxgl.app.FXGLApplication$GameApplicationService
20:44:04.598 [FXGL Background Thread 3 ] DEBUG Engine               - class com.almasb.fxgl.app.services.FXGLDialogService
20:44:04.598 [FXGL Background Thread 3 ] DEBUG Engine               - class com.almasb.fxgl.app.services.IOTaskExecutorService
20:44:04.598 [FXGL Background Thread 3 ] DEBUG Engine               - class com.almasb.fxgl.io.FileSystemService
20:44:04.598 [FXGL Background Thread 3 ] DEBUG Engine               - class com.almasb.fxgl.localization.LocalizationService
20:44:04.598 [FXGL Background Thread 3 ] DEBUG Engine               - class com.almasb.fxgl.app.services.SystemBundleService
20:44:04.598 [FXGL Background Thread 3 ] DEBUG Engine               - class com.almasb.fxgl.profile.SaveLoadService
20:44:04.598 [FXGL Background Thread 3 ] DEBUG Engine               - class com.almasb.fxgl.ui.FXGLUIFactoryServiceProvider
20:44:04.598 [FXGL Background Thread 3 ] DEBUG Engine               - class com.almasb.fxgl.ui.FXGLDialogFactoryServiceProvider
20:44:04.598 [FXGL Background Thread 3 ] DEBUG Engine               - class com.almasb.fxgl.audio.AudioPlayer
20:44:04.598 [FXGL Background Thread 3 ] DEBUG Engine               - class com.almasb.fxgl.notification.impl.NotificationServiceProvider
20:44:04.598 [FXGL Background Thread 3 ] DEBUG Engine               - class com.almasb.fxgl.achievement.AchievementService
20:44:04.598 [FXGL Background Thread 3 ] DEBUG Engine               - class com.almasb.fxgl.cutscene.CutsceneService
20:44:04.599 [FXGL Background Thread 3 ] DEBUG Engine               - class com.almasb.fxgl.minigames.MiniGameService
20:44:04.599 [FXGL Background Thread 3 ] DEBUG Engine               - class com.almasb.fxgl.net.NetService
20:44:04.599 [FXGL Background Thread 3 ] DEBUG Engine               - class com.almasb.fxgl.app.services.UpdaterService
20:44:04.599 [FXGL Background Thread 3 ] DEBUG Engine               - class com.almasb.fxgl.dev.DevService
20:44:13.822 [JavaFX Application Thread] DEBUG FXGLApplication      - Exiting FXGL
20:44:13.822 [JavaFX Application Thread] DEBUG LoopRunner           - Stopping loop
20:44:13.822 [JavaFX Application Thread] DEBUG SystemBundleService  - Saving FXGL system data
20:44:13.825 [JavaFX Application Thread] DEBUG FileSystemAccess     - Writing to: C:\Users\Ruhmer Jairus\OOP2-Capstone\system\fxgl.bundle
20:44:13.827 [JavaFX Application Thread] DEBUG Async                - Shutting down background threads
20:44:13.827 [JavaFX Application Thread] DEBUG PrimaryStageWindow   - Closing main window
20:44:13.839 [JavaFX Application Thread] DEBUG Logger               - Closing Logger
