23:02:44.883 [main                     ] DEBUG Logger               - Configured Logger
23:02:44.908 [main                     ] DEBUG GameApplication      - Logging settings
Title: TypeWiz Login
Version: 0.0
Width: 1550
Height: 800
Fullscreen: false
Intro: false
Profiling: false
Single step:false
App Mode: DEVELOPER
Menu Key: ESCAPE
Stage Style: DECORATED
Scene Factory: class com.oop2.typewiz.util.CustomSceneFactory

23:02:45.170 [JavaFX Application Thread] DEBUG FXGLApplication      - Initializing FXGL
23:02:45.173 [JavaFX Application Thread] INFO  Engine               - FXGL-21.1 (27.03.2024 07.52) on WINDOWS (J:21.0.3 FX:19)
23:02:45.173 [JavaFX Application Thread] DEBUG Engine               - JRE Vendor Name: Oracle Corporation
23:02:45.173 [JavaFX Application Thread] DEBUG Engine               - Running on OS: Windows 11 version 10.0
23:02:45.174 [JavaFX Application Thread] DEBUG Engine               - Architecture: amd64
23:02:45.174 [JavaFX Application Thread] INFO  Engine               - Source code and latest versions at: https://github.com/AlmasB/FXGL
23:02:45.174 [JavaFX Application Thread] INFO  Engine               -       Ask questions and discuss at: https://github.com/AlmasB/FXGL/discussions
23:02:45.174 [JavaFX Application Thread] INFO  Engine               -              Join the FXGL chat at: https://gitter.im/AlmasB/FXGL
23:02:45.241 [JavaFX Application Thread] DEBUG PrimaryStageWindow   - Creating a JavaFX scene
23:02:45.241 [JavaFX Application Thread] DEBUG PrimaryStageWindow   - Target size > screen size
23:02:45.275 [JavaFX Application Thread] DEBUG PrimaryStageWindow   - Target settings size: 1550.0 x 800.0
23:02:45.276 [JavaFX Application Thread] DEBUG PrimaryStageWindow   - Scaled scene size:    1511.0 x 792.0
23:02:45.276 [JavaFX Application Thread] DEBUG PrimaryStageWindow   - Scaled ratio: (0.9748387096774194, 0.99)
23:02:45.277 [JavaFX Application Thread] DEBUG PrimaryStageWindow   - Set initial scene to FXGLStartupScene
23:02:45.279 [JavaFX Application Thread] DEBUG PrimaryStageWindow   - Opening main window
23:02:45.340 [JavaFX Application Thread] DEBUG PrimaryStageWindow   - Window border size: (14.5999755859375, 37.5999755859375)
23:02:45.341 [JavaFX Application Thread] DEBUG PrimaryStageWindow   - Scaled size: 1511.0 x 792.0
23:02:45.341 [JavaFX Application Thread] DEBUG PrimaryStageWindow   - Scaled ratio: (0.9748387096774194, 0.99)
23:02:45.341 [JavaFX Application Thread] DEBUG PrimaryStageWindow   - Scene size: 1511.0 x 792.0
23:02:45.341 [JavaFX Application Thread] DEBUG PrimaryStageWindow   - Stage size: 1525.5999755859375 x 829.5999755859375
23:02:45.345 [FXGL Background Thread 1 ] DEBUG Engine               - Initializing environment variables
23:02:45.383 [FXGL Background Thread 1 ] DEBUG FXGLAssetLoaderServi - User app class for loading assets: class com.oop2.typewiz.TypeWizApp
23:02:45.383 [FXGL Background Thread 1 ] DEBUG GameApplicationServi - Applying CSS: fxgl_dark.css
23:02:45.384 [FXGL Background Thread 1 ] DEBUG FXGLAssetLoaderServi - Loading from file system: jar:file:///C:/Users/Ruhmer%20Jairus/.m2/repository/com/github/almasb/fxgl/21.1/fxgl-21.1.jar!/fxglassets/ui/css/fxgl_dark.css
23:02:45.422 [FXGL Background Thread 1 ] DEBUG GameApplicationServi - Initializing application scenes
23:02:45.472 [FXGL Background Thread 1 ] DEBUG GameWorld            - Game world initialized
23:02:45.529 [FXGL Background Thread 1 ] DEBUG PhysicsWorld         - Physics world initialized: appHeight=800, physics.ppm=50.0
23:02:45.529 [FXGL Background Thread 1 ] DEBUG PhysicsWorld         - Using strategy: BRUTE_FORCE
23:02:45.532 [FXGL Background Thread 1 ] DEBUG GameScene            - Game scene initialized: 1550x800
23:02:45.758 [FXGL Background Thread 1 ] DEBUG GameApplicationServi - Application scenes initialized
23:02:45.766 [FXGL Background Thread 1 ] DEBUG SystemBundleService  - Loading FXGL system data
23:02:45.769 [FXGL Background Thread 1 ] DEBUG FileSystemAccess     - Reading from: C:\Users\Ruhmer Jairus\OOP2-Capstone\system\fxgl.bundle
23:02:45.776 [FXGL Background Thread 1 ] DEBUG SystemBundleService  - Bundle FXGL: {}
23:02:45.776 [FXGL Background Thread 1 ] DEBUG UpdaterService       - Checking for updates
23:02:45.779 [FXGL Background Thread 4 ] DEBUG FXGLApplication      - Loading fonts
23:02:45.781 [FXGL Background Thread 1 ] DEBUG FXGLApplication      - Loading default localization
23:02:45.781 [FXGL Background Thread 4 ] DEBUG FXGLAssetLoaderServi - Loading from file system: jar:file:///C:/Users/Ruhmer%20Jairus/.m2/repository/com/github/almasb/fxgl/21.1/fxgl-21.1.jar!/fxglassets/ui/fonts/VarelaRound-Regular.ttf
23:02:45.781 [FXGL Background Thread 1 ] DEBUG FXGLAssetLoaderServi - Loading from file system: jar:file:///C:/Users/Ruhmer%20Jairus/.m2/repository/com/github/almasb/fxgl/21.1/fxgl-21.1.jar!/fxglassets/languages/english.lang
23:02:45.810 [FXGL Background Thread 4 ] DEBUG FXGLAssetLoaderServi - Loading from file system: jar:file:///C:/Users/Ruhmer%20Jairus/.m2/repository/com/github/almasb/fxgl/21.1/fxgl-21.1.jar!/fxglassets/ui/fonts/Abel-Regular.ttf
23:02:45.813 [FXGL Background Thread 4 ] DEBUG FXGLAssetLoaderServi - Loading from file system: jar:file:///C:/Users/Ruhmer%20Jairus/.m2/repository/com/github/almasb/fxgl/21.1/fxgl-21.1.jar!/fxglassets/ui/fonts/TerminalLandMono-Regular.otf
23:02:45.815 [JavaFX Application Thread] DEBUG FXGLAssetLoaderServi - Loading from file system: jar:file:///C:/Users/Ruhmer%20Jairus/.m2/repository/com/github/almasb/fxgl/21.1/fxgl-21.1.jar!/fxglassets/textures/fxgl_icon.png
23:02:45.816 [FXGL Background Thread 4 ] DEBUG FXGLAssetLoaderServi - Loading from file system: jar:file:///C:/Users/Ruhmer%20Jairus/.m2/repository/com/github/almasb/fxgl/21.1/fxgl-21.1.jar!/fxglassets/ui/fonts/Courier-Prime.ttf
23:02:45.826 [JavaFX Application Thread] DEBUG FXGLAssetLoaderServi - Loading from file system: jar:file:///C:/Users/Ruhmer%20Jairus/.m2/repository/com/github/almasb/fxgl/21.1/fxgl-21.1.jar!/fxglassets/textures/fxgl_default_cursor.png
23:02:45.836 [JavaFX Application Thread] DEBUG Input                - Registered new binding: Screenshot - CTRL+8
23:02:45.836 [JavaFX Application Thread] DEBUG Input                - Registered new binding: System info dump - CTRL+9
23:02:45.836 [JavaFX Application Thread] DEBUG Input                - Registered new binding: Restart - CTRL+R
23:02:45.838 [JavaFX Application Thread] DEBUG Input                - Registered new binding: Toggle Debug Camera - CTRL+7
23:02:45.841 [JavaFX Application Thread] DEBUG LoopRunner           - Starting loop
23:02:45.841 [JavaFX Application Thread] DEBUG LoopRunner           - Initializing JavaFX AnimationTimerLoop
23:02:45.846 [JavaFX Application Thread] DEBUG Input                - Clearing active input actions
23:02:45.853 [JavaFX Application Thread] DEBUG GameApplicationServi - Removing overlay from FXGLStartupScene and adding to FXGLMainMenuDummyScene
23:02:45.853 [JavaFX Application Thread] DEBUG PrimaryStageWindow   - FXGLStartupScene -> FXGLMainMenuDummyScene
23:02:45.853 [JavaFX Application Thread] DEBUG PrimaryStageWindow   - Push state: LoginScreen
23:02:45.853 [JavaFX Application Thread] DEBUG Input                - Clearing active input actions
23:02:45.871 [JavaFX Application Thread] DEBUG GameApplicationServi - Removing overlay from FXGLMainMenuDummyScene and adding to LoginScreen
23:02:45.871 [JavaFX Application Thread] DEBUG PrimaryStageWindow   - FXGLMainMenuDummyScene -> LoginScreen
23:02:46.189 [JavaFX Application Thread] DEBUG FXGLApplication      - Registering font factories with UI factory
23:02:48.780 [FXGL Background Thread 3 ] DEBUG Engine               - Logging environment variables
23:02:48.780 [FXGL Background Thread 3 ] DEBUG Engine               - achievements: []
23:02:48.780 [FXGL Background Thread 3 ] DEBUG Engine               - actualHeight: 792.0
23:02:48.780 [FXGL Background Thread 3 ] DEBUG Engine               - actualHeightProperty: ReadOnlyDoubleProperty [value: 792.0]
23:02:48.780 [FXGL Background Thread 3 ] DEBUG Engine               - actualWidth: 1511.0
23:02:48.781 [FXGL Background Thread 3 ] DEBUG Engine               - actualWidthProperty: ReadOnlyDoubleProperty [value: 1511.0]
23:02:48.781 [FXGL Background Thread 3 ] DEBUG Engine               - appIcon: fxgl_icon.png
23:02:48.781 [FXGL Background Thread 3 ] DEBUG Engine               - applicationMode: DEVELOPER
23:02:48.781 [FXGL Background Thread 3 ] DEBUG Engine               - cSSList: [fxgl_dark.css]
23:02:48.781 [FXGL Background Thread 3 ] DEBUG Engine               - collisionDetectionStrategy: BRUTE_FORCE
23:02:48.781 [FXGL Background Thread 3 ] DEBUG Engine               - configClass: Optional.empty
23:02:48.781 [FXGL Background Thread 3 ] DEBUG Engine               - credits: []
23:02:48.782 [FXGL Background Thread 3 ] DEBUG Engine               - defaultCursor: CursorInfo(imageName=fxgl_default_cursor.png, hotspotX=7.0, hotspotY=6.0)
23:02:48.782 [FXGL Background Thread 3 ] DEBUG Engine               - devBBoxColorProperty: ObjectProperty [value: 0xff0000ff]
23:02:48.782 [FXGL Background Thread 3 ] DEBUG Engine               - devEnableDebugCameraProperty: BooleanProperty [value: false]
23:02:48.782 [FXGL Background Thread 3 ] DEBUG Engine               - devSensorColorProperty: ObjectProperty [value: 0xffff00ff]
23:02:48.782 [FXGL Background Thread 3 ] DEBUG Engine               - devShowBBoxProperty: BooleanProperty [value: false]
23:02:48.782 [FXGL Background Thread 3 ] DEBUG Engine               - devShowPositionProperty: BooleanProperty [value: false]
23:02:48.782 [FXGL Background Thread 3 ] DEBUG Engine               - enabledMenuItems: []
23:02:48.782 [FXGL Background Thread 3 ] DEBUG Engine               - engineServices: [class com.almasb.fxgl.app.services.FXGLAssetLoaderService, class com.almasb.fxgl.app.FXGLApplication$GameApplicationService, class com.almasb.fxgl.app.services.FXGLDialogService, class com.almasb.fxgl.app.services.IOTaskExecutorService, class com.almasb.fxgl.io.FileSystemService, class com.almasb.fxgl.localization.LocalizationService, class com.almasb.fxgl.app.services.SystemBundleService, class com.almasb.fxgl.profile.SaveLoadService, class com.almasb.fxgl.ui.FXGLUIFactoryServiceProvider, class com.almasb.fxgl.ui.FXGLDialogFactoryServiceProvider, class com.almasb.fxgl.audio.AudioPlayer, class com.almasb.fxgl.notification.impl.NotificationServiceProvider, class com.almasb.fxgl.achievement.AchievementService, class com.almasb.fxgl.cutscene.CutsceneService, class com.almasb.fxgl.minigames.MiniGameService, class com.almasb.fxgl.net.NetService, class com.almasb.fxgl.app.services.UpdaterService, class com.almasb.fxgl.dev.DevService]
23:02:48.782 [FXGL Background Thread 3 ] DEBUG Engine               - fontGame: Abel-Regular.ttf
23:02:48.782 [FXGL Background Thread 3 ] DEBUG Engine               - fontMono: TerminalLandMono-Regular.otf
23:02:48.782 [FXGL Background Thread 3 ] DEBUG Engine               - fontSizeScaleUI: 1.0
23:02:48.782 [FXGL Background Thread 3 ] DEBUG Engine               - fontText: Courier-Prime.ttf
23:02:48.782 [FXGL Background Thread 3 ] DEBUG Engine               - fontUI: VarelaRound-Regular.ttf
23:02:48.782 [FXGL Background Thread 3 ] DEBUG Engine               - fullScreen: BooleanProperty [value: false]
23:02:48.783 [FXGL Background Thread 3 ] DEBUG Engine               - gameDifficulty: MEDIUM
23:02:48.783 [FXGL Background Thread 3 ] DEBUG Engine               - gameDifficultyProperty: ObjectProperty [value: MEDIUM]
23:02:48.783 [FXGL Background Thread 3 ] DEBUG Engine               - globalMusicVolume: 0.5
23:02:48.783 [FXGL Background Thread 3 ] DEBUG Engine               - globalMusicVolumeProperty: DoubleProperty [value: 0.5]
23:02:48.783 [FXGL Background Thread 3 ] DEBUG Engine               - globalSoundVolume: 0.5
23:02:48.783 [FXGL Background Thread 3 ] DEBUG Engine               - globalSoundVolumeProperty: DoubleProperty [value: 0.5]
23:02:48.783 [FXGL Background Thread 3 ] DEBUG Engine               - height: 800
23:02:48.783 [FXGL Background Thread 3 ] DEBUG Engine               - is3D: false
23:02:48.783 [FXGL Background Thread 3 ] DEBUG Engine               - isAndroid: false
23:02:48.783 [FXGL Background Thread 3 ] DEBUG Engine               - isBrowser: false
23:02:48.783 [FXGL Background Thread 3 ] DEBUG Engine               - isClickFeedbackEnabled: false
23:02:48.783 [FXGL Background Thread 3 ] DEBUG Engine               - isCloseConfirmation: false
23:02:48.783 [FXGL Background Thread 3 ] DEBUG Engine               - isDesktop: true
23:02:48.783 [FXGL Background Thread 3 ] DEBUG Engine               - isDeveloperMenuEnabled: false
23:02:48.783 [FXGL Background Thread 3 ] DEBUG Engine               - isEmbedded: false
23:02:48.783 [FXGL Background Thread 3 ] DEBUG Engine               - isEntityPreloadEnabled: true
23:02:48.783 [FXGL Background Thread 3 ] DEBUG Engine               - isExperimentalTiledLargeMap: false
23:02:48.783 [FXGL Background Thread 3 ] DEBUG Engine               - isFileSystemWriteAllowed: true
23:02:48.783 [FXGL Background Thread 3 ] DEBUG Engine               - isFullScreenAllowed: false
23:02:48.783 [FXGL Background Thread 3 ] DEBUG Engine               - isFullScreenFromStart: false
23:02:48.783 [FXGL Background Thread 3 ] DEBUG Engine               - isGameMenuEnabled: false
23:02:48.783 [FXGL Background Thread 3 ] DEBUG Engine               - isIOS: false
23:02:48.783 [FXGL Background Thread 3 ] DEBUG Engine               - isIntroEnabled: false
23:02:48.783 [FXGL Background Thread 3 ] DEBUG Engine               - isLinux: false
23:02:48.783 [FXGL Background Thread 3 ] DEBUG Engine               - isMac: false
23:02:48.784 [FXGL Background Thread 3 ] DEBUG Engine               - isMainMenuEnabled: true
23:02:48.784 [FXGL Background Thread 3 ] DEBUG Engine               - isManualResizeEnabled: false
23:02:48.784 [FXGL Background Thread 3 ] DEBUG Engine               - isMobile: false
23:02:48.784 [FXGL Background Thread 3 ] DEBUG Engine               - isNative: false
23:02:48.784 [FXGL Background Thread 3 ] DEBUG Engine               - isPauseMusicWhenMinimized: true
23:02:48.784 [FXGL Background Thread 3 ] DEBUG Engine               - isPreserveResizeRatio: false
23:02:48.784 [FXGL Background Thread 3 ] DEBUG Engine               - isProfilingEnabled: false
23:02:48.784 [FXGL Background Thread 3 ] DEBUG Engine               - isScaleAffectedOnResize: true
23:02:48.784 [FXGL Background Thread 3 ] DEBUG Engine               - isSingleStep: false
23:02:48.784 [FXGL Background Thread 3 ] DEBUG Engine               - isUserProfileEnabled: false
23:02:48.784 [FXGL Background Thread 3 ] DEBUG Engine               - isWindows: true
23:02:48.784 [FXGL Background Thread 3 ] DEBUG Engine               - language: ObjectProperty [value: ENGLISH]
23:02:48.784 [FXGL Background Thread 3 ] DEBUG Engine               - menuKey: ESCAPE
23:02:48.784 [FXGL Background Thread 3 ] DEBUG Engine               - mouseSensitivity: 0.2
23:02:48.784 [FXGL Background Thread 3 ] DEBUG Engine               - notificationViewClass: class com.almasb.fxgl.notification.view.XboxNotificationView
23:02:48.784 [FXGL Background Thread 3 ] DEBUG Engine               - pixelsPerMeter: 50.0
23:02:48.784 [FXGL Background Thread 3 ] DEBUG Engine               - platform: WINDOWS
23:02:48.784 [FXGL Background Thread 3 ] DEBUG Engine               - prefHeightProperty: ReadOnlyDoubleProperty [value: 800.0]
23:02:48.784 [FXGL Background Thread 3 ] DEBUG Engine               - prefWidthProperty: ReadOnlyDoubleProperty [value: 1550.0]
23:02:48.784 [FXGL Background Thread 3 ] DEBUG Engine               - profileDir: profiles/
23:02:48.784 [FXGL Background Thread 3 ] DEBUG Engine               - profileName: StringProperty [value: DEFAULT]
23:02:48.784 [FXGL Background Thread 3 ] DEBUG Engine               - randomSeed: -1
23:02:48.785 [FXGL Background Thread 3 ] DEBUG Engine               - runtimeInfo: RuntimeInfo(platform=WINDOWS, version=21.1, build=27.03.2024 07.52)
23:02:48.785 [FXGL Background Thread 3 ] DEBUG Engine               - saveFileExt: sav
23:02:48.785 [FXGL Background Thread 3 ] DEBUG Engine               - scaledHeightProp$fxgl: DoubleProperty [bound, value: 792.0]
23:02:48.785 [FXGL Background Thread 3 ] DEBUG Engine               - scaledWidthProp$fxgl: DoubleProperty [bound, value: 1511.0]
23:02:48.785 [FXGL Background Thread 3 ] DEBUG Engine               - sceneFactory: com.oop2.typewiz.util.CustomSceneFactory@10c35c27
23:02:48.785 [FXGL Background Thread 3 ] DEBUG Engine               - secondsIn24h: 60
23:02:48.785 [FXGL Background Thread 3 ] DEBUG Engine               - soundMenuBack: menu/back.wav
23:02:48.785 [FXGL Background Thread 3 ] DEBUG Engine               - soundMenuPress: menu/press.wav
23:02:48.785 [FXGL Background Thread 3 ] DEBUG Engine               - soundMenuSelect: menu/select.wav
23:02:48.785 [FXGL Background Thread 3 ] DEBUG Engine               - soundNotification: core/notification.wav
23:02:48.785 [FXGL Background Thread 3 ] DEBUG Engine               - stageStyle: DECORATED
23:02:48.785 [FXGL Background Thread 3 ] DEBUG Engine               - supportedLanguages: [ENGLISH, FRENCH, GERMAN, HUNGARIAN, RUSSIAN]
23:02:48.785 [FXGL Background Thread 3 ] DEBUG Engine               - ticksPerSecond: -1
23:02:48.785 [FXGL Background Thread 3 ] DEBUG Engine               - title: TypeWiz Login
23:02:48.785 [FXGL Background Thread 3 ] DEBUG Engine               - urlGithub: https://github.com/AlmasB/FXGL
23:02:48.785 [FXGL Background Thread 3 ] DEBUG Engine               - urlLeaderboard: http://fxgl-top.herokuapp.com/
23:02:48.785 [FXGL Background Thread 3 ] DEBUG Engine               - urlPOM: https://raw.githubusercontent.com/AlmasB/FXGL/release/README.md
23:02:48.785 [FXGL Background Thread 3 ] DEBUG Engine               - userAppClass: class com.oop2.typewiz.TypeWizApp
23:02:48.785 [FXGL Background Thread 3 ] DEBUG Engine               - version: 0.0
23:02:48.785 [FXGL Background Thread 3 ] DEBUG Engine               - versionCheckDays: 7
23:02:48.785 [FXGL Background Thread 3 ] DEBUG Engine               - width: 1550
23:02:48.785 [FXGL Background Thread 3 ] DEBUG Engine               - Logging services
23:02:48.785 [FXGL Background Thread 3 ] DEBUG Engine               - class com.almasb.fxgl.app.services.FXGLAssetLoaderService
23:02:48.785 [FXGL Background Thread 3 ] DEBUG Engine               - class com.almasb.fxgl.app.FXGLApplication$GameApplicationService
23:02:48.785 [FXGL Background Thread 3 ] DEBUG Engine               - class com.almasb.fxgl.app.services.FXGLDialogService
23:02:48.785 [FXGL Background Thread 3 ] DEBUG Engine               - class com.almasb.fxgl.app.services.IOTaskExecutorService
23:02:48.785 [FXGL Background Thread 3 ] DEBUG Engine               - class com.almasb.fxgl.io.FileSystemService
23:02:48.785 [FXGL Background Thread 3 ] DEBUG Engine               - class com.almasb.fxgl.localization.LocalizationService
23:02:48.785 [FXGL Background Thread 3 ] DEBUG Engine               - class com.almasb.fxgl.app.services.SystemBundleService
23:02:48.785 [FXGL Background Thread 3 ] DEBUG Engine               - class com.almasb.fxgl.profile.SaveLoadService
23:02:48.785 [FXGL Background Thread 3 ] DEBUG Engine               - class com.almasb.fxgl.ui.FXGLUIFactoryServiceProvider
23:02:48.785 [FXGL Background Thread 3 ] DEBUG Engine               - class com.almasb.fxgl.ui.FXGLDialogFactoryServiceProvider
23:02:48.785 [FXGL Background Thread 3 ] DEBUG Engine               - class com.almasb.fxgl.audio.AudioPlayer
23:02:48.785 [FXGL Background Thread 3 ] DEBUG Engine               - class com.almasb.fxgl.notification.impl.NotificationServiceProvider
23:02:48.785 [FXGL Background Thread 3 ] DEBUG Engine               - class com.almasb.fxgl.achievement.AchievementService
23:02:48.785 [FXGL Background Thread 3 ] DEBUG Engine               - class com.almasb.fxgl.cutscene.CutsceneService
23:02:48.785 [FXGL Background Thread 3 ] DEBUG Engine               - class com.almasb.fxgl.minigames.MiniGameService
23:02:48.785 [FXGL Background Thread 3 ] DEBUG Engine               - class com.almasb.fxgl.net.NetService
23:02:48.785 [FXGL Background Thread 3 ] DEBUG Engine               - class com.almasb.fxgl.app.services.UpdaterService
23:02:48.785 [FXGL Background Thread 3 ] DEBUG Engine               - class com.almasb.fxgl.dev.DevService
23:02:54.354 [JavaFX Application Thread] DEBUG FXGLApplication      - Exiting FXGL
23:02:54.354 [JavaFX Application Thread] DEBUG LoopRunner           - Stopping loop
23:02:54.354 [JavaFX Application Thread] DEBUG SystemBundleService  - Saving FXGL system data
23:02:54.355 [JavaFX Application Thread] DEBUG FileSystemAccess     - Writing to: C:\Users\Ruhmer Jairus\OOP2-Capstone\system\fxgl.bundle
23:02:54.357 [JavaFX Application Thread] DEBUG Async                - Shutting down background threads
23:02:54.357 [JavaFX Application Thread] DEBUG PrimaryStageWindow   - Closing main window
23:02:54.369 [JavaFX Application Thread] DEBUG Logger               - Closing Logger
