22:20:57.446 [main                     ] DEBUG Logger               - Configured Logger
22:20:57.519 [main                     ] DEBUG GameApplication      - Logging settings
Title: TypeWiz - Winter Theme
Version: 0.0
Width: 1280
Height: 720
Fullscreen: false
Intro: false
Profiling: false
Single step:false
App Mode: DEVELOPER
Menu Key: ESCAPE
Stage Style: DECORATED
Scene Factory: class com.almasb.fxgl.app.scene.SceneFactory

22:20:58.427 [JavaFX Application Thread] DEBUG FXGLApplication      - Initializing FXGL
22:20:58.435 [JavaFX Application Thread] INFO  Engine               - FXGL-21.1 (27.03.2024 07.52) on MAC (J:23.0.1 FX:19)
22:20:58.436 [JavaFX Application Thread] DEBUG Engine               - JRE Vendor Name: Oracle Corporation
22:20:58.436 [JavaFX Application Thread] DEBUG Engine               - Running on OS: Mac OS X version 10.15.7
22:20:58.436 [JavaFX Application Thread] DEBUG Engine               - Architecture: x86_64
22:20:58.436 [JavaFX Application Thread] INFO  Engine               - Source code and latest versions at: https://github.com/AlmasB/FXGL
22:20:58.436 [JavaFX Application Thread] INFO  Engine               -       Ask questions and discuss at: https://github.com/AlmasB/FXGL/discussions
22:20:58.437 [JavaFX Application Thread] INFO  Engine               -              Join the FXGL chat at: https://gitter.im/AlmasB/FXGL
22:20:58.801 [JavaFX Application Thread] DEBUG PrimaryStageWindow   - Creating a JavaFX scene
22:20:58.950 [JavaFX Application Thread] DEBUG PrimaryStageWindow   - Target settings size: 1280.0 x 720.0
22:20:58.950 [JavaFX Application Thread] DEBUG PrimaryStageWindow   - Scaled scene size:    1280.0 x 720.0
22:20:58.950 [JavaFX Application Thread] DEBUG PrimaryStageWindow   - Scaled ratio: (1.0, 1.0)
22:20:58.952 [JavaFX Application Thread] DEBUG PrimaryStageWindow   - Set initial scene to FXGLStartupScene
22:20:58.964 [JavaFX Application Thread] DEBUG PrimaryStageWindow   - Opening main window
22:20:59.347 [JavaFX Application Thread] DEBUG PrimaryStageWindow   - Window border size: (0.0, 22.0)
22:20:59.347 [JavaFX Application Thread] DEBUG PrimaryStageWindow   - Scaled size: 1280.0 x 720.0
22:20:59.348 [JavaFX Application Thread] DEBUG PrimaryStageWindow   - Scaled ratio: (1.0, 1.0)
22:20:59.348 [JavaFX Application Thread] DEBUG PrimaryStageWindow   - Scene size: 1280.0 x 720.0
22:20:59.349 [JavaFX Application Thread] DEBUG PrimaryStageWindow   - Stage size: 1280.0 x 742.0
22:20:59.362 [FXGL Background Thread 1 ] DEBUG Engine               - Initializing environment variables
22:20:59.673 [FXGL Background Thread 1 ] DEBUG FXGLAssetLoaderServi - User app class for loading assets: class com.oop2.typewiz.GameplayComponents.Game
22:20:59.673 [FXGL Background Thread 1 ] DEBUG GameApplicationServi - Applying CSS: fxgl_dark.css
22:20:59.678 [FXGL Background Thread 1 ] DEBUG FXGLAssetLoaderServi - Loading from file system: jar:file:///Users/archiecabiso/.m2/repository/com/github/almasb/fxgl/21.1/fxgl-21.1.jar!/fxglassets/ui/css/fxgl_dark.css
22:20:59.878 [FXGL Background Thread 1 ] DEBUG GameApplicationServi - Initializing application scenes
22:21:00.973 [FXGL Background Thread 1 ] DEBUG GameWorld            - Game world initialized
22:21:01.112 [FXGL Background Thread 1 ] DEBUG PhysicsWorld         - Physics world initialized: appHeight=720, physics.ppm=50.0
22:21:01.112 [FXGL Background Thread 1 ] DEBUG PhysicsWorld         - Using strategy: BRUTE_FORCE
22:21:01.134 [FXGL Background Thread 1 ] DEBUG GameScene            - Game scene initialized: 1280x720
22:21:01.134 [FXGL Background Thread 1 ] DEBUG GameApplicationServi - Application scenes initialized
22:21:01.173 [FXGL Background Thread 1 ] DEBUG SystemBundleService  - Loading FXGL system data
22:21:01.173 [JavaFX Application Thread] DEBUG FXGLApplication      - Exiting FXGL
22:21:01.173 [JavaFX Application Thread] DEBUG LoopRunner           - Stopping loop
22:21:01.173 [JavaFX Application Thread] DEBUG LoopRunner           - Initializing JavaFX AnimationTimerLoop
22:21:01.175 [JavaFX Application Thread] DEBUG SystemBundleService  - Saving FXGL system data
22:21:01.182 [FXGL Background Thread 1 ] DEBUG FileSystemAccess     - Reading from: /Users/archiecabiso/Documents/2nd Year - CS/2nd Sem/CSIT228/OOP2-Capstone/system/fxgl.bundle
22:21:01.197 [FXGL Background Thread 1 ] DEBUG SystemBundleService  - Bundle FXGL: {}
22:21:01.197 [FXGL Background Thread 1 ] DEBUG UpdaterService       - Checking for updates
22:21:01.221 [FXGL Background Thread 4 ] DEBUG FXGLApplication      - Loading fonts
22:21:01.221 [FXGL Background Thread 4 ] DEBUG FXGLAssetLoaderServi - Loading from file system: jar:file:///Users/archiecabiso/.m2/repository/com/github/almasb/fxgl/21.1/fxgl-21.1.jar!/fxglassets/ui/fonts/VarelaRound-Regular.ttf
22:21:01.225 [FXGL Background Thread 1 ] DEBUG FXGLApplication      - Loading default localization
22:21:01.226 [FXGL Background Thread 1 ] DEBUG FXGLAssetLoaderServi - Loading from file system: jar:file:///Users/archiecabiso/.m2/repository/com/github/almasb/fxgl/21.1/fxgl-21.1.jar!/fxglassets/languages/english.lang
22:21:01.243 [FXGL Background Thread 4 ] DEBUG FXGLAssetLoaderServi - Loading from file system: jar:file:///Users/archiecabiso/.m2/repository/com/github/almasb/fxgl/21.1/fxgl-21.1.jar!/fxglassets/ui/fonts/Abel-Regular.ttf
22:21:01.247 [FXGL Background Thread 4 ] DEBUG FXGLAssetLoaderServi - Loading from file system: jar:file:///Users/archiecabiso/.m2/repository/com/github/almasb/fxgl/21.1/fxgl-21.1.jar!/fxglassets/ui/fonts/TerminalLandMono-Regular.otf
22:21:01.252 [FXGL Background Thread 4 ] DEBUG FXGLAssetLoaderServi - Loading from file system: jar:file:///Users/archiecabiso/.m2/repository/com/github/almasb/fxgl/21.1/fxgl-21.1.jar!/fxglassets/ui/fonts/Courier-Prime.ttf
22:21:01.259 [JavaFX Application Thread] DEBUG FXGLApplication      - Registering font factories with UI factory
22:21:01.259 [JavaFX Application Thread] DEBUG LoopRunner           - Stopping loop
22:21:01.262 [JavaFX Application Thread] FATAL FXGLApplication      - Uncaught Exception:
kotlin.UninitializedPropertyAccessException: lateinit property bundle has not been initialized
	at com.almasb.fxgl.all@21.1/com.almasb.fxgl.app.services.SystemBundleService.getBundle$fxgl(SystemBundleService.kt:27)
	at com.almasb.fxgl.all@21.1/com.almasb.fxgl.app.services.SystemBundleService.saveSystemData(SystemBundleService.kt:66)
	at com.almasb.fxgl.all@21.1/com.almasb.fxgl.app.services.SystemBundleService.onExit(SystemBundleService.kt:49)
	at com.almasb.fxgl.all@21.1/com.almasb.fxgl.app.Engine.stopLoopAndExitServices(Engine.kt:166)
	at com.almasb.fxgl.all@21.1/com.almasb.fxgl.app.FXGLApplication.exitFXGL(FXGLApplication.kt:299)
	at com.almasb.fxgl.all@21.1/com.almasb.fxgl.dsl.FXGL$Companion$controller$1.exit(FXGL.kt:148)
	at com.almasb.fxgl.all@21.1/com.almasb.fxgl.app.FXGLApplication$GameApplicationService$onInit$2.invoke(FXGLApplication.kt:425)
	at com.almasb.fxgl.all@21.1/com.almasb.fxgl.app.FXGLApplication$GameApplicationService$onInit$2.invoke(FXGLApplication.kt:419)
	at com.almasb.fxgl.all@21.1/com.almasb.fxgl.app.PrimaryStageWindow.initStage$lambda$2$lambda$0(MainWindow.kt:398)
	at javafx.base@19/com.sun.javafx.event.CompositeEventHandler.dispatchBubblingEvent(CompositeEventHandler.java:86)
	at javafx.base@19/com.sun.javafx.event.EventHandlerManager.dispatchBubblingEvent(EventHandlerManager.java:234)
	at javafx.base@19/com.sun.javafx.event.EventHandlerManager.dispatchBubblingEvent(EventHandlerManager.java:191)
	at javafx.base@19/com.sun.javafx.event.CompositeEventDispatcher.dispatchBubblingEvent(CompositeEventDispatcher.java:59)
	at javafx.base@19/com.sun.javafx.event.BasicEventDispatcher.dispatchEvent(BasicEventDispatcher.java:58)
	at javafx.base@19/com.sun.javafx.event.EventDispatchChainImpl.dispatchEvent(EventDispatchChainImpl.java:114)
	at javafx.base@19/com.sun.javafx.event.EventUtil.fireEventImpl(EventUtil.java:74)
	at javafx.base@19/com.sun.javafx.event.EventUtil.fireEvent(EventUtil.java:54)
	at javafx.base@19/javafx.event.Event.fireEvent(Event.java:198)
	at javafx.graphics@19/com.sun.javafx.stage.WindowPeerListener.closing(WindowPeerListener.java:93)
	at javafx.graphics@19/com.sun.javafx.tk.quantum.GlassWindowEventHandler.run(GlassWindowEventHandler.java:147)
	at javafx.graphics@19/com.sun.javafx.tk.quantum.GlassWindowEventHandler.run(GlassWindowEventHandler.java:40)
	at java.base/java.security.AccessController.doPrivileged(AccessController.java:400)
	at javafx.graphics@19/com.sun.javafx.tk.quantum.GlassWindowEventHandler.lambda$handleWindowEvent$4(GlassWindowEventHandler.java:178)
	at javafx.graphics@19/com.sun.javafx.tk.quantum.QuantumToolkit.runWithoutRenderLock(QuantumToolkit.java:424)
	at javafx.graphics@19/com.sun.javafx.tk.quantum.GlassWindowEventHandler.handleWindowEvent(GlassWindowEventHandler.java:176)
	at javafx.graphics@19/com.sun.glass.ui.Window.handleWindowEvent(Window.java:1248)
	at javafx.graphics@19/com.sun.glass.ui.Window.notifyClose(Window.java:1153)

22:21:01.262 [JavaFX Application Thread] FATAL FXGLApplication      - Application will now exit
22:21:01.320 [JavaFX Application Thread] DEBUG PrimaryStageWindow   - Push state: ErrorSubScene
22:21:01.321 [JavaFX Application Thread] DEBUG Input                - Clearing active input actions
22:21:01.327 [FXGL Background Thread 1 ] INFO  FXGLApplication      - FXGL initialization took: 1.964 sec
22:21:01.336 [JavaFX Application Thread] DEBUG GameApplicationServi - Removing overlay from FXGLStartupScene and adding to ErrorSubScene
22:21:01.337 [JavaFX Application Thread] DEBUG PrimaryStageWindow   - FXGLStartupScene -> ErrorSubScene
22:21:01.338 [JavaFX Application Thread] DEBUG FXGLAssetLoaderServi - Loading from file system: jar:file:///Users/archiecabiso/.m2/repository/com/github/almasb/fxgl/21.1/fxgl-21.1.jar!/fxglassets/textures/fxgl_icon.png
22:21:01.438 [JavaFX Application Thread] DEBUG FXGLAssetLoaderServi - Loading from file system: jar:file:///Users/archiecabiso/.m2/repository/com/github/almasb/fxgl/21.1/fxgl-21.1.jar!/fxglassets/textures/fxgl_default_cursor.png
22:21:01.448 [JavaFX Application Thread] DEBUG Input                - Registered new binding: Screenshot - CTRL+8
22:21:01.449 [JavaFX Application Thread] DEBUG Input                - Registered new binding: System info dump - CTRL+9
22:21:01.449 [JavaFX Application Thread] DEBUG Input                - Registered new binding: Restart - CTRL+R
22:21:01.451 [JavaFX Application Thread] DEBUG Input                - Registered new binding: Toggle Debug Camera - CTRL+7
22:21:01.454 [JavaFX Application Thread] DEBUG LoopRunner           - Starting loop
22:21:01.454 [JavaFX Application Thread] DEBUG GameApplicationServi - Starting new game
22:21:01.522 [JavaFX Application Thread] DEBUG PrimaryStageWindow   - Pop state: ErrorSubScene
22:21:01.524 [JavaFX Application Thread] DEBUG Input                - Clearing active input actions
22:21:01.526 [JavaFX Application Thread] DEBUG GameApplicationServi - Removing overlay from ErrorSubScene and adding to FXGLStartupScene
22:21:01.527 [JavaFX Application Thread] DEBUG PrimaryStageWindow   - FXGLStartupScene <- ErrorSubScene
22:21:01.527 [JavaFX Application Thread] DEBUG Input                - Clearing active input actions
22:21:01.588 [JavaFX Application Thread] DEBUG GameApplicationServi - Removing overlay from FXGLStartupScene and adding to FXGLLoadingScene
22:21:01.589 [JavaFX Application Thread] DEBUG PrimaryStageWindow   - FXGLStartupScene -> FXGLLoadingScene
22:21:01.590 [JavaFX Application Thread] DEBUG GameApplicationServi - Clearing previous game
22:21:01.590 [JavaFX Application Thread] DEBUG GameScene            - Clearing game scene
22:21:01.591 [JavaFX Application Thread] DEBUG GameWorld            - Clearing game world
22:21:01.592 [JavaFX Application Thread] DEBUG PhysicsWorld         - Clearing physics world
22:21:01.594 [FXGL Background Thread 1 ] DEBUG FXGLApplication      - Initializing game
22:21:01.596 [FXGL Background Thread 1 ] DEBUG FXGLAssetLoaderServi - Loading from file system: file:/Users/archiecabiso/Documents/2nd%20Year%20-%20CS/2nd%20Sem/CSIT228/OOP2-Capstone/target/classes/assets/textures/background-and-platforms/bg-winter_1280_720.png
22:21:01.892 [FXGL Background Thread 1 ] DEBUG FXGLAssetLoaderServi - Loading from file system: file:/Users/archiecabiso/Documents/2nd%20Year%20-%20CS/2nd%20Sem/CSIT228/OOP2-Capstone/target/classes/assets/textures/background-and-platforms/hdlargerplatform-winter.png
22:21:02.436 [FXGL Background Thread 1 ] DEBUG FXGLAssetLoaderServi - Loading from file system: file:/Users/archiecabiso/Documents/2nd%20Year%20-%20CS/2nd%20Sem/CSIT228/OOP2-Capstone/target/classes/assets/textures/wizard/wizard.png
22:21:03.413 [FXGL Background Thread 1 ] WARN  GameWorld            - Attempted to remove entity which is not active
22:21:03.415 [FXGL Background Thread 1 ] WARN  GameWorld            - Attempted to remove entity which is not active
22:21:03.417 [FXGL Background Thread 1 ] WARN  GameWorld            - Attempted to remove entity which is not active
22:21:03.419 [FXGL Background Thread 1 ] WARN  GameWorld            - Attempted to remove entity which is not active
22:21:03.420 [FXGL Background Thread 1 ] WARN  GameWorld            - Attempted to remove entity which is not active
22:21:03.421 [FXGL Background Thread 1 ] WARN  GameWorld            - Attempted to remove entity which is not active
22:21:03.425 [FXGL Background Thread 1 ] WARN  GameWorld            - Attempted to remove entity which is not active
22:21:03.427 [FXGL Background Thread 1 ] WARN  GameWorld            - Attempted to remove entity which is not active
22:21:03.432 [FXGL Background Thread 1 ] WARN  GameWorld            - Attempted to remove entity which is not active
22:21:03.438 [FXGL Background Thread 1 ] WARN  GameWorld            - Attempted to remove entity which is not active
22:21:03.443 [FXGL Background Thread 1 ] DEBUG FXGLAssetLoaderServi - Loading from file system: file:/Users/archiecabiso/Documents/2nd%20Year%20-%20CS/2nd%20Sem/CSIT228/OOP2-Capstone/target/classes/assets/textures/mobs/gargoyle/gargoyle.png
22:21:03.845 [FXGL Background Thread 1 ] INFO  FXGLApplication      - Game initialization took: 2.250 sec
22:21:03.866 [JavaFX Application Thread] DEBUG Input                - Clearing active input actions
22:21:03.893 [JavaFX Application Thread] DEBUG GameApplicationServi - Removing overlay from FXGLLoadingScene and adding to GameScene
22:21:03.894 [JavaFX Application Thread] DEBUG PrimaryStageWindow   - FXGLLoadingScene -> GameScene
22:21:04.215 [FXGL Background Thread 3 ] DEBUG Engine               - Logging environment variables
22:21:04.215 [FXGL Background Thread 3 ] DEBUG Engine               - achievements: []
22:21:04.216 [FXGL Background Thread 3 ] DEBUG Engine               - actualHeight: 720.0
22:21:04.216 [FXGL Background Thread 3 ] DEBUG Engine               - actualHeightProperty: ReadOnlyDoubleProperty [value: 720.0]
22:21:04.216 [FXGL Background Thread 3 ] DEBUG Engine               - actualWidth: 1280.0
22:21:04.216 [FXGL Background Thread 3 ] DEBUG Engine               - actualWidthProperty: ReadOnlyDoubleProperty [value: 1280.0]
22:21:04.216 [FXGL Background Thread 3 ] DEBUG Engine               - appIcon: fxgl_icon.png
22:21:04.216 [FXGL Background Thread 3 ] DEBUG Engine               - applicationMode: DEVELOPER
22:21:04.216 [FXGL Background Thread 3 ] DEBUG Engine               - cSSList: [fxgl_dark.css]
22:21:04.216 [FXGL Background Thread 3 ] DEBUG Engine               - collisionDetectionStrategy: BRUTE_FORCE
22:21:04.216 [FXGL Background Thread 3 ] DEBUG Engine               - configClass: Optional.empty
22:21:04.216 [FXGL Background Thread 3 ] DEBUG Engine               - credits: []
22:21:04.218 [FXGL Background Thread 3 ] DEBUG Engine               - defaultCursor: CursorInfo(imageName=fxgl_default_cursor.png, hotspotX=7.0, hotspotY=6.0)
22:21:04.219 [FXGL Background Thread 3 ] DEBUG Engine               - devBBoxColorProperty: ObjectProperty [value: 0xff0000ff]
22:21:04.219 [FXGL Background Thread 3 ] DEBUG Engine               - devEnableDebugCameraProperty: BooleanProperty [value: false]
22:21:04.219 [FXGL Background Thread 3 ] DEBUG Engine               - devSensorColorProperty: ObjectProperty [value: 0xffff00ff]
22:21:04.219 [FXGL Background Thread 3 ] DEBUG Engine               - devShowBBoxProperty: BooleanProperty [value: false]
22:21:04.219 [FXGL Background Thread 3 ] DEBUG Engine               - devShowPositionProperty: BooleanProperty [value: false]
22:21:04.219 [FXGL Background Thread 3 ] DEBUG Engine               - enabledMenuItems: []
22:21:04.220 [FXGL Background Thread 3 ] DEBUG Engine               - engineServices: [class com.almasb.fxgl.app.services.FXGLAssetLoaderService, class com.almasb.fxgl.app.FXGLApplication$GameApplicationService, class com.almasb.fxgl.app.services.FXGLDialogService, class com.almasb.fxgl.app.services.IOTaskExecutorService, class com.almasb.fxgl.io.FileSystemService, class com.almasb.fxgl.localization.LocalizationService, class com.almasb.fxgl.app.services.SystemBundleService, class com.almasb.fxgl.profile.SaveLoadService, class com.almasb.fxgl.ui.FXGLUIFactoryServiceProvider, class com.almasb.fxgl.ui.FXGLDialogFactoryServiceProvider, class com.almasb.fxgl.audio.AudioPlayer, class com.almasb.fxgl.notification.impl.NotificationServiceProvider, class com.almasb.fxgl.achievement.AchievementService, class com.almasb.fxgl.cutscene.CutsceneService, class com.almasb.fxgl.minigames.MiniGameService, class com.almasb.fxgl.net.NetService, class com.almasb.fxgl.app.services.UpdaterService, class com.almasb.fxgl.dev.DevService]
22:21:04.220 [FXGL Background Thread 3 ] DEBUG Engine               - fontGame: Abel-Regular.ttf
22:21:04.220 [FXGL Background Thread 3 ] DEBUG Engine               - fontMono: TerminalLandMono-Regular.otf
22:21:04.220 [FXGL Background Thread 3 ] DEBUG Engine               - fontSizeScaleUI: 1.0
22:21:04.220 [FXGL Background Thread 3 ] DEBUG Engine               - fontText: Courier-Prime.ttf
22:21:04.220 [FXGL Background Thread 3 ] DEBUG Engine               - fontUI: VarelaRound-Regular.ttf
22:21:04.220 [FXGL Background Thread 3 ] DEBUG Engine               - fullScreen: BooleanProperty [value: false]
22:21:04.220 [FXGL Background Thread 3 ] DEBUG Engine               - gameDifficulty: MEDIUM
22:21:04.220 [FXGL Background Thread 3 ] DEBUG Engine               - gameDifficultyProperty: ObjectProperty [value: MEDIUM]
22:21:04.220 [FXGL Background Thread 3 ] DEBUG Engine               - globalMusicVolume: 0.5
22:21:04.220 [FXGL Background Thread 3 ] DEBUG Engine               - globalMusicVolumeProperty: DoubleProperty [value: 0.5]
22:21:04.221 [FXGL Background Thread 3 ] DEBUG Engine               - globalSoundVolume: 0.5
22:21:04.221 [FXGL Background Thread 3 ] DEBUG Engine               - globalSoundVolumeProperty: DoubleProperty [value: 0.5]
22:21:04.221 [FXGL Background Thread 3 ] DEBUG Engine               - height: 720
22:21:04.221 [FXGL Background Thread 3 ] DEBUG Engine               - is3D: false
22:21:04.221 [FXGL Background Thread 3 ] DEBUG Engine               - isAndroid: false
22:21:04.221 [FXGL Background Thread 3 ] DEBUG Engine               - isBrowser: false
22:21:04.221 [FXGL Background Thread 3 ] DEBUG Engine               - isClickFeedbackEnabled: false
22:21:04.221 [FXGL Background Thread 3 ] DEBUG Engine               - isCloseConfirmation: false
22:21:04.221 [FXGL Background Thread 3 ] DEBUG Engine               - isDesktop: true
22:21:04.222 [FXGL Background Thread 3 ] DEBUG Engine               - isDeveloperMenuEnabled: false
22:21:04.222 [FXGL Background Thread 3 ] DEBUG Engine               - isEmbedded: false
22:21:04.222 [FXGL Background Thread 3 ] DEBUG Engine               - isEntityPreloadEnabled: true
22:21:04.222 [FXGL Background Thread 3 ] DEBUG Engine               - isExperimentalTiledLargeMap: false
22:21:04.222 [FXGL Background Thread 3 ] DEBUG Engine               - isFileSystemWriteAllowed: true
22:21:04.222 [FXGL Background Thread 3 ] DEBUG Engine               - isFullScreenAllowed: false
22:21:04.222 [FXGL Background Thread 3 ] DEBUG Engine               - isFullScreenFromStart: false
22:21:04.222 [FXGL Background Thread 3 ] DEBUG Engine               - isGameMenuEnabled: false
22:21:04.222 [FXGL Background Thread 3 ] DEBUG Engine               - isIOS: false
22:21:04.222 [FXGL Background Thread 3 ] DEBUG Engine               - isIntroEnabled: false
22:21:04.222 [FXGL Background Thread 3 ] DEBUG Engine               - isLinux: false
22:21:04.223 [FXGL Background Thread 3 ] DEBUG Engine               - isMac: true
22:21:04.223 [FXGL Background Thread 3 ] DEBUG Engine               - isMainMenuEnabled: false
22:21:04.223 [FXGL Background Thread 3 ] DEBUG Engine               - isManualResizeEnabled: false
22:21:04.223 [FXGL Background Thread 3 ] DEBUG Engine               - isMobile: false
22:21:04.223 [FXGL Background Thread 3 ] DEBUG Engine               - isNative: false
22:21:04.223 [FXGL Background Thread 3 ] DEBUG Engine               - isPauseMusicWhenMinimized: true
22:21:04.223 [FXGL Background Thread 3 ] DEBUG Engine               - isPreserveResizeRatio: true
22:21:04.223 [FXGL Background Thread 3 ] DEBUG Engine               - isProfilingEnabled: false
22:21:04.223 [FXGL Background Thread 3 ] DEBUG Engine               - isScaleAffectedOnResize: true
22:21:04.223 [FXGL Background Thread 3 ] DEBUG Engine               - isSingleStep: false
22:21:04.223 [FXGL Background Thread 3 ] DEBUG Engine               - isUserProfileEnabled: false
22:21:04.223 [FXGL Background Thread 3 ] DEBUG Engine               - isWindows: false
22:21:04.224 [FXGL Background Thread 3 ] DEBUG Engine               - language: ObjectProperty [value: ENGLISH]
22:21:04.224 [FXGL Background Thread 3 ] DEBUG Engine               - menuKey: ESCAPE
22:21:04.224 [FXGL Background Thread 3 ] DEBUG Engine               - mouseSensitivity: 0.2
22:21:04.224 [FXGL Background Thread 3 ] DEBUG Engine               - notificationViewClass: class com.almasb.fxgl.notification.view.XboxNotificationView
22:21:04.224 [FXGL Background Thread 3 ] DEBUG Engine               - pixelsPerMeter: 50.0
22:21:04.224 [FXGL Background Thread 3 ] DEBUG Engine               - platform: MAC
22:21:04.224 [FXGL Background Thread 3 ] DEBUG Engine               - prefHeightProperty: ReadOnlyDoubleProperty [value: 720.0]
22:21:04.224 [FXGL Background Thread 3 ] DEBUG Engine               - prefWidthProperty: ReadOnlyDoubleProperty [value: 1280.0]
22:21:04.224 [FXGL Background Thread 3 ] DEBUG Engine               - profileDir: profiles/
22:21:04.224 [FXGL Background Thread 3 ] DEBUG Engine               - profileName: StringProperty [value: DEFAULT]
22:21:04.224 [FXGL Background Thread 3 ] DEBUG Engine               - randomSeed: -1
22:21:04.225 [FXGL Background Thread 3 ] DEBUG Engine               - runtimeInfo: RuntimeInfo(platform=MAC, version=21.1, build=27.03.2024 07.52)
22:21:04.225 [FXGL Background Thread 3 ] DEBUG Engine               - saveFileExt: sav
22:21:04.225 [FXGL Background Thread 3 ] DEBUG Engine               - scaledHeightProp$fxgl: DoubleProperty [bound, value: 720.0]
22:21:04.226 [FXGL Background Thread 3 ] DEBUG Engine               - scaledWidthProp$fxgl: DoubleProperty [bound, value: 1280.0]
22:21:04.226 [FXGL Background Thread 3 ] DEBUG Engine               - sceneFactory: com.almasb.fxgl.app.scene.SceneFactory@29d05158
22:21:04.226 [FXGL Background Thread 3 ] DEBUG Engine               - secondsIn24h: 60
22:21:04.226 [FXGL Background Thread 3 ] DEBUG Engine               - soundMenuBack: menu/back.wav
22:21:04.226 [FXGL Background Thread 3 ] DEBUG Engine               - soundMenuPress: menu/press.wav
22:21:04.226 [FXGL Background Thread 3 ] DEBUG Engine               - soundMenuSelect: menu/select.wav
22:21:04.226 [FXGL Background Thread 3 ] DEBUG Engine               - soundNotification: core/notification.wav
22:21:04.226 [FXGL Background Thread 3 ] DEBUG Engine               - stageStyle: DECORATED
22:21:04.226 [FXGL Background Thread 3 ] DEBUG Engine               - supportedLanguages: [ENGLISH, FRENCH, GERMAN, HUNGARIAN, RUSSIAN]
22:21:04.226 [FXGL Background Thread 3 ] DEBUG Engine               - ticksPerSecond: -1
22:21:04.226 [FXGL Background Thread 3 ] DEBUG Engine               - title: TypeWiz - Winter Theme
22:21:04.227 [FXGL Background Thread 3 ] DEBUG Engine               - urlGithub: https://github.com/AlmasB/FXGL
22:21:04.227 [FXGL Background Thread 3 ] DEBUG Engine               - urlLeaderboard: http://fxgl-top.herokuapp.com/
22:21:04.227 [FXGL Background Thread 3 ] DEBUG Engine               - urlPOM: https://raw.githubusercontent.com/AlmasB/FXGL/release/README.md
22:21:04.227 [FXGL Background Thread 3 ] DEBUG Engine               - userAppClass: class com.oop2.typewiz.GameplayComponents.Game
22:21:04.227 [FXGL Background Thread 3 ] DEBUG Engine               - version: 0.0
22:21:04.227 [FXGL Background Thread 3 ] DEBUG Engine               - versionCheckDays: 7
22:21:04.227 [FXGL Background Thread 3 ] DEBUG Engine               - width: 1280
22:21:04.227 [FXGL Background Thread 3 ] DEBUG Engine               - Logging services
22:21:04.227 [FXGL Background Thread 3 ] DEBUG Engine               - class com.almasb.fxgl.app.services.FXGLAssetLoaderService
22:21:04.227 [FXGL Background Thread 3 ] DEBUG Engine               - class com.almasb.fxgl.app.FXGLApplication$GameApplicationService
22:21:04.227 [FXGL Background Thread 3 ] DEBUG Engine               - class com.almasb.fxgl.app.services.FXGLDialogService
22:21:04.227 [FXGL Background Thread 3 ] DEBUG Engine               - class com.almasb.fxgl.app.services.IOTaskExecutorService
22:21:04.227 [FXGL Background Thread 3 ] DEBUG Engine               - class com.almasb.fxgl.io.FileSystemService
22:21:04.227 [FXGL Background Thread 3 ] DEBUG Engine               - class com.almasb.fxgl.localization.LocalizationService
22:21:04.228 [FXGL Background Thread 3 ] DEBUG Engine               - class com.almasb.fxgl.app.services.SystemBundleService
22:21:04.228 [FXGL Background Thread 3 ] DEBUG Engine               - class com.almasb.fxgl.profile.SaveLoadService
22:21:04.228 [FXGL Background Thread 3 ] DEBUG Engine               - class com.almasb.fxgl.ui.FXGLUIFactoryServiceProvider
22:21:04.228 [FXGL Background Thread 3 ] DEBUG Engine               - class com.almasb.fxgl.ui.FXGLDialogFactoryServiceProvider
22:21:04.228 [FXGL Background Thread 3 ] DEBUG Engine               - class com.almasb.fxgl.audio.AudioPlayer
22:21:04.228 [FXGL Background Thread 3 ] DEBUG Engine               - class com.almasb.fxgl.notification.impl.NotificationServiceProvider
22:21:04.228 [FXGL Background Thread 3 ] DEBUG Engine               - class com.almasb.fxgl.achievement.AchievementService
22:21:04.228 [FXGL Background Thread 3 ] DEBUG Engine               - class com.almasb.fxgl.cutscene.CutsceneService
22:21:04.228 [FXGL Background Thread 3 ] DEBUG Engine               - class com.almasb.fxgl.minigames.MiniGameService
22:21:04.228 [FXGL Background Thread 3 ] DEBUG Engine               - class com.almasb.fxgl.net.NetService
22:21:04.228 [FXGL Background Thread 3 ] DEBUG Engine               - class com.almasb.fxgl.app.services.UpdaterService
22:21:04.228 [FXGL Background Thread 3 ] DEBUG Engine               - class com.almasb.fxgl.dev.DevService
22:21:32.736 [JavaFX Application Thread] DEBUG FXGLApplication      - Exiting FXGL
22:21:32.736 [JavaFX Application Thread] DEBUG Async                - Shutting down background threads
22:21:32.737 [JavaFX Application Thread] DEBUG PrimaryStageWindow   - Closing main window
22:21:32.795 [JavaFX Application Thread] DEBUG Logger               - Closing Logger
