16:30:58.760 [main                     ] DEBUG Logger               - Configured Logger
16:30:58.839 [main                     ] DEBUG GameApplication      - Logging settings
Title: TypeWiz - Winter Theme
Version: 0.0
Width: 1280
Height: 720
Fullscreen: false
Intro: false
Profiling: false
Single step:false
App Mode: DEVELOPER
Menu Key: ESCAPE
Stage Style: DECORATED
Scene Factory: class com.almasb.fxgl.app.scene.SceneFactory

16:30:59.895 [JavaFX Application Thread] DEBUG FXGLApplication      - Initializing FXGL
16:30:59.906 [JavaFX Application Thread] INFO  Engine               - FXGL-21.1 (27.03.2024 07.52) on MAC (J:23.0.1 FX:19)
16:30:59.908 [JavaFX Application Thread] DEBUG Engine               - JRE Vendor Name: Oracle Corporation
16:30:59.909 [JavaFX Application Thread] DEBUG Engine               - Running on OS: Mac OS X version 10.15.7
16:30:59.909 [JavaFX Application Thread] DEBUG Engine               - Architecture: x86_64
16:30:59.909 [JavaFX Application Thread] INFO  Engine               - Source code and latest versions at: https://github.com/AlmasB/FXGL
16:30:59.910 [JavaFX Application Thread] INFO  Engine               -       Ask questions and discuss at: https://github.com/AlmasB/FXGL/discussions
16:30:59.910 [JavaFX Application Thread] INFO  Engine               -              Join the FXGL chat at: https://gitter.im/AlmasB/FXGL
16:31:00.270 [JavaFX Application Thread] DEBUG PrimaryStageWindow   - Creating a JavaFX scene
16:31:00.526 [JavaFX Application Thread] DEBUG PrimaryStageWindow   - Target settings size: 1280.0 x 720.0
16:31:00.526 [JavaFX Application Thread] DEBUG PrimaryStageWindow   - Scaled scene size:    1280.0 x 720.0
16:31:00.527 [JavaFX Application Thread] DEBUG PrimaryStageWindow   - Scaled ratio: (1.0, 1.0)
16:31:00.529 [JavaFX Application Thread] DEBUG PrimaryStageWindow   - Set initial scene to FXGLStartupScene
16:31:00.539 [JavaFX Application Thread] DEBUG PrimaryStageWindow   - Opening main window
16:31:00.919 [JavaFX Application Thread] DEBUG PrimaryStageWindow   - Window border size: (0.0, 22.0)
16:31:00.920 [JavaFX Application Thread] DEBUG PrimaryStageWindow   - Scaled size: 1280.0 x 720.0
16:31:00.920 [JavaFX Application Thread] DEBUG PrimaryStageWindow   - Scaled ratio: (1.0, 1.0)
16:31:00.921 [JavaFX Application Thread] DEBUG PrimaryStageWindow   - Scene size: 1280.0 x 720.0
16:31:00.921 [JavaFX Application Thread] DEBUG PrimaryStageWindow   - Stage size: 1280.0 x 742.0
16:31:00.938 [FXGL Background Thread 1 ] DEBUG Engine               - Initializing environment variables
16:31:01.382 [FXGL Background Thread 1 ] DEBUG FXGLAssetLoaderServi - User app class for loading assets: class com.oop2.typewiz.GameplayComponents.Game
16:31:01.382 [FXGL Background Thread 1 ] DEBUG GameApplicationServi - Applying CSS: fxgl_dark.css
16:31:01.384 [FXGL Background Thread 1 ] DEBUG FXGLAssetLoaderServi - Loading from file system: jar:file:///Users/archiecabiso/.m2/repository/com/github/almasb/fxgl/21.1/fxgl-21.1.jar!/fxglassets/ui/css/fxgl_dark.css
16:31:01.570 [FXGL Background Thread 1 ] DEBUG GameApplicationServi - Initializing application scenes
16:31:02.824 [FXGL Background Thread 1 ] DEBUG GameWorld            - Game world initialized
16:31:03.056 [FXGL Background Thread 1 ] DEBUG PhysicsWorld         - Physics world initialized: appHeight=720, physics.ppm=50.0
16:31:03.056 [FXGL Background Thread 1 ] DEBUG PhysicsWorld         - Using strategy: BRUTE_FORCE
16:31:03.064 [FXGL Background Thread 1 ] DEBUG GameScene            - Game scene initialized: 1280x720
16:31:03.064 [FXGL Background Thread 1 ] DEBUG GameApplicationServi - Application scenes initialized
16:31:03.107 [FXGL Background Thread 1 ] DEBUG SystemBundleService  - Loading FXGL system data
16:31:03.149 [FXGL Background Thread 1 ] DEBUG FileSystemAccess     - Reading from: /Users/archiecabiso/Documents/2nd Year - CS/2nd Sem/CSIT228/OOP2-Capstone/system/fxgl.bundle
16:31:03.164 [FXGL Background Thread 1 ] DEBUG SystemBundleService  - Bundle FXGL: {}
16:31:03.164 [FXGL Background Thread 1 ] DEBUG UpdaterService       - Checking for updates
16:31:03.178 [FXGL Background Thread 4 ] DEBUG FXGLApplication      - Loading fonts
16:31:03.178 [FXGL Background Thread 4 ] DEBUG FXGLAssetLoaderServi - Loading from file system: jar:file:///Users/archiecabiso/.m2/repository/com/github/almasb/fxgl/21.1/fxgl-21.1.jar!/fxglassets/ui/fonts/VarelaRound-Regular.ttf
16:31:03.180 [FXGL Background Thread 1 ] DEBUG FXGLApplication      - Loading default localization
16:31:03.181 [FXGL Background Thread 1 ] DEBUG FXGLAssetLoaderServi - Loading from file system: jar:file:///Users/archiecabiso/.m2/repository/com/github/almasb/fxgl/21.1/fxgl-21.1.jar!/fxglassets/languages/english.lang
16:31:03.204 [FXGL Background Thread 4 ] DEBUG FXGLAssetLoaderServi - Loading from file system: jar:file:///Users/archiecabiso/.m2/repository/com/github/almasb/fxgl/21.1/fxgl-21.1.jar!/fxglassets/ui/fonts/Abel-Regular.ttf
16:31:03.209 [FXGL Background Thread 4 ] DEBUG FXGLAssetLoaderServi - Loading from file system: jar:file:///Users/archiecabiso/.m2/repository/com/github/almasb/fxgl/21.1/fxgl-21.1.jar!/fxglassets/ui/fonts/TerminalLandMono-Regular.otf
16:31:03.214 [FXGL Background Thread 4 ] DEBUG FXGLAssetLoaderServi - Loading from file system: jar:file:///Users/archiecabiso/.m2/repository/com/github/almasb/fxgl/21.1/fxgl-21.1.jar!/fxglassets/ui/fonts/Courier-Prime.ttf
16:31:03.222 [JavaFX Application Thread] DEBUG FXGLApplication      - Registering font factories with UI factory
16:31:03.254 [FXGL Background Thread 1 ] INFO  FXGLApplication      - FXGL initialization took: 2.315 sec
16:31:03.259 [JavaFX Application Thread] DEBUG FXGLAssetLoaderServi - Loading from file system: jar:file:///Users/archiecabiso/.m2/repository/com/github/almasb/fxgl/21.1/fxgl-21.1.jar!/fxglassets/textures/fxgl_icon.png
16:31:03.385 [JavaFX Application Thread] DEBUG FXGLAssetLoaderServi - Loading from file system: jar:file:///Users/archiecabiso/.m2/repository/com/github/almasb/fxgl/21.1/fxgl-21.1.jar!/fxglassets/textures/fxgl_default_cursor.png
16:31:03.404 [JavaFX Application Thread] DEBUG Input                - Registered new binding: Screenshot - CTRL+8
16:31:03.404 [JavaFX Application Thread] DEBUG Input                - Registered new binding: System info dump - CTRL+9
16:31:03.405 [JavaFX Application Thread] DEBUG Input                - Registered new binding: Restart - CTRL+R
16:31:03.405 [JavaFX Application Thread] DEBUG Input                - Registered new binding: Toggle Debug Camera - CTRL+7
16:31:03.409 [JavaFX Application Thread] DEBUG LoopRunner           - Starting loop
16:31:03.409 [JavaFX Application Thread] DEBUG LoopRunner           - Initializing JavaFX AnimationTimerLoop
16:31:03.411 [JavaFX Application Thread] DEBUG GameApplicationServi - Starting new game
16:31:03.412 [JavaFX Application Thread] DEBUG Input                - Clearing active input actions
16:31:03.427 [JavaFX Application Thread] DEBUG GameApplicationServi - Removing overlay from FXGLStartupScene and adding to FXGLLoadingScene
16:31:03.428 [JavaFX Application Thread] DEBUG PrimaryStageWindow   - FXGLStartupScene -> FXGLLoadingScene
16:31:03.428 [JavaFX Application Thread] DEBUG GameApplicationServi - Clearing previous game
16:31:03.428 [JavaFX Application Thread] DEBUG GameScene            - Clearing game scene
16:31:03.428 [JavaFX Application Thread] DEBUG GameWorld            - Clearing game world
16:31:03.428 [JavaFX Application Thread] DEBUG PhysicsWorld         - Clearing physics world
16:31:03.431 [FXGL Background Thread 1 ] DEBUG FXGLApplication      - Initializing game
16:31:03.488 [FXGL Background Thread 1 ] DEBUG FXGLAssetLoaderServi - Loading from file system: file:/Users/archiecabiso/Documents/2nd%20Year%20-%20CS/2nd%20Sem/CSIT228/OOP2-Capstone/target/classes/assets/textures/background-and-platforms/bg-winter_1280_720.png
16:31:04.017 [FXGL Background Thread 1 ] DEBUG FXGLAssetLoaderServi - Loading from file system: file:/Users/archiecabiso/Documents/2nd%20Year%20-%20CS/2nd%20Sem/CSIT228/OOP2-Capstone/target/classes/assets/textures/background-and-platforms/hdlargerplatform-winter.png
16:31:04.486 [FXGL Background Thread 1 ] DEBUG FXGLAssetLoaderServi - Loading from file system: file:/Users/archiecabiso/Documents/2nd%20Year%20-%20CS/2nd%20Sem/CSIT228/OOP2-Capstone/target/classes/assets/textures/wizard/wizard.png
16:31:05.126 [FXGL Background Thread 1 ] DEBUG FXGLAssetLoaderServi - Loading from file system: file:/Users/archiecabiso/Documents/2nd%20Year%20-%20CS/2nd%20Sem/CSIT228/OOP2-Capstone/target/classes/assets/textures/mobs/gargoyle/gargoyle.png
16:31:05.295 [FXGL Background Thread 1 ] INFO  FXGLApplication      - Game initialization took: 1.863 sec
16:31:05.297 [JavaFX Application Thread] DEBUG Input                - Clearing active input actions
16:31:05.313 [JavaFX Application Thread] DEBUG GameApplicationServi - Removing overlay from FXGLLoadingScene and adding to GameScene
16:31:05.313 [JavaFX Application Thread] DEBUG PrimaryStageWindow   - FXGLLoadingScene -> GameScene
16:31:06.174 [FXGL Background Thread 3 ] DEBUG Engine               - Logging environment variables
16:31:06.175 [FXGL Background Thread 3 ] DEBUG Engine               - achievements: []
16:31:06.175 [FXGL Background Thread 3 ] DEBUG Engine               - actualHeight: 720.0
16:31:06.175 [FXGL Background Thread 3 ] DEBUG Engine               - actualHeightProperty: ReadOnlyDoubleProperty [value: 720.0]
16:31:06.175 [FXGL Background Thread 3 ] DEBUG Engine               - actualWidth: 1280.0
16:31:06.176 [FXGL Background Thread 3 ] DEBUG Engine               - actualWidthProperty: ReadOnlyDoubleProperty [value: 1280.0]
16:31:06.176 [FXGL Background Thread 3 ] DEBUG Engine               - appIcon: fxgl_icon.png
16:31:06.176 [FXGL Background Thread 3 ] DEBUG Engine               - applicationMode: DEVELOPER
16:31:06.176 [FXGL Background Thread 3 ] DEBUG Engine               - cSSList: [fxgl_dark.css]
16:31:06.176 [FXGL Background Thread 3 ] DEBUG Engine               - collisionDetectionStrategy: BRUTE_FORCE
16:31:06.176 [FXGL Background Thread 3 ] DEBUG Engine               - configClass: Optional.empty
16:31:06.176 [FXGL Background Thread 3 ] DEBUG Engine               - credits: []
16:31:06.181 [FXGL Background Thread 3 ] DEBUG Engine               - defaultCursor: CursorInfo(imageName=fxgl_default_cursor.png, hotspotX=7.0, hotspotY=6.0)
16:31:06.182 [FXGL Background Thread 3 ] DEBUG Engine               - devBBoxColorProperty: ObjectProperty [value: 0xff0000ff]
16:31:06.183 [FXGL Background Thread 3 ] DEBUG Engine               - devEnableDebugCameraProperty: BooleanProperty [value: false]
16:31:06.183 [FXGL Background Thread 3 ] DEBUG Engine               - devSensorColorProperty: ObjectProperty [value: 0xffff00ff]
16:31:06.184 [FXGL Background Thread 3 ] DEBUG Engine               - devShowBBoxProperty: BooleanProperty [value: false]
16:31:06.185 [FXGL Background Thread 3 ] DEBUG Engine               - devShowPositionProperty: BooleanProperty [value: false]
16:31:06.186 [FXGL Background Thread 3 ] DEBUG Engine               - enabledMenuItems: []
16:31:06.186 [FXGL Background Thread 3 ] DEBUG Engine               - engineServices: [class com.almasb.fxgl.app.services.FXGLAssetLoaderService, class com.almasb.fxgl.app.FXGLApplication$GameApplicationService, class com.almasb.fxgl.app.services.FXGLDialogService, class com.almasb.fxgl.app.services.IOTaskExecutorService, class com.almasb.fxgl.io.FileSystemService, class com.almasb.fxgl.localization.LocalizationService, class com.almasb.fxgl.app.services.SystemBundleService, class com.almasb.fxgl.profile.SaveLoadService, class com.almasb.fxgl.ui.FXGLUIFactoryServiceProvider, class com.almasb.fxgl.ui.FXGLDialogFactoryServiceProvider, class com.almasb.fxgl.audio.AudioPlayer, class com.almasb.fxgl.notification.impl.NotificationServiceProvider, class com.almasb.fxgl.achievement.AchievementService, class com.almasb.fxgl.cutscene.CutsceneService, class com.almasb.fxgl.minigames.MiniGameService, class com.almasb.fxgl.net.NetService, class com.almasb.fxgl.app.services.UpdaterService, class com.almasb.fxgl.dev.DevService]
16:31:06.187 [FXGL Background Thread 3 ] DEBUG Engine               - fontGame: Abel-Regular.ttf
16:31:06.187 [FXGL Background Thread 3 ] DEBUG Engine               - fontMono: TerminalLandMono-Regular.otf
16:31:06.187 [FXGL Background Thread 3 ] DEBUG Engine               - fontSizeScaleUI: 1.0
16:31:06.187 [FXGL Background Thread 3 ] DEBUG Engine               - fontText: Courier-Prime.ttf
16:31:06.187 [FXGL Background Thread 3 ] DEBUG Engine               - fontUI: VarelaRound-Regular.ttf
16:31:06.187 [FXGL Background Thread 3 ] DEBUG Engine               - fullScreen: BooleanProperty [value: false]
16:31:06.187 [FXGL Background Thread 3 ] DEBUG Engine               - gameDifficulty: MEDIUM
16:31:06.187 [FXGL Background Thread 3 ] DEBUG Engine               - gameDifficultyProperty: ObjectProperty [value: MEDIUM]
16:31:06.187 [FXGL Background Thread 3 ] DEBUG Engine               - globalMusicVolume: 0.5
16:31:06.188 [FXGL Background Thread 3 ] DEBUG Engine               - globalMusicVolumeProperty: DoubleProperty [value: 0.5]
16:31:06.188 [FXGL Background Thread 3 ] DEBUG Engine               - globalSoundVolume: 0.5
16:31:06.188 [FXGL Background Thread 3 ] DEBUG Engine               - globalSoundVolumeProperty: DoubleProperty [value: 0.5]
16:31:06.188 [FXGL Background Thread 3 ] DEBUG Engine               - height: 720
16:31:06.188 [FXGL Background Thread 3 ] DEBUG Engine               - is3D: false
16:31:06.188 [FXGL Background Thread 3 ] DEBUG Engine               - isAndroid: false
16:31:06.188 [FXGL Background Thread 3 ] DEBUG Engine               - isBrowser: false
16:31:06.188 [FXGL Background Thread 3 ] DEBUG Engine               - isClickFeedbackEnabled: false
16:31:06.188 [FXGL Background Thread 3 ] DEBUG Engine               - isCloseConfirmation: false
16:31:06.188 [FXGL Background Thread 3 ] DEBUG Engine               - isDesktop: true
16:31:06.189 [FXGL Background Thread 3 ] DEBUG Engine               - isDeveloperMenuEnabled: false
16:31:06.189 [FXGL Background Thread 3 ] DEBUG Engine               - isEmbedded: false
16:31:06.189 [FXGL Background Thread 3 ] DEBUG Engine               - isEntityPreloadEnabled: true
16:31:06.189 [FXGL Background Thread 3 ] DEBUG Engine               - isExperimentalTiledLargeMap: false
16:31:06.189 [FXGL Background Thread 3 ] DEBUG Engine               - isFileSystemWriteAllowed: true
16:31:06.189 [FXGL Background Thread 3 ] DEBUG Engine               - isFullScreenAllowed: false
16:31:06.189 [FXGL Background Thread 3 ] DEBUG Engine               - isFullScreenFromStart: false
16:31:06.189 [FXGL Background Thread 3 ] DEBUG Engine               - isGameMenuEnabled: false
16:31:06.189 [FXGL Background Thread 3 ] DEBUG Engine               - isIOS: false
16:31:06.189 [FXGL Background Thread 3 ] DEBUG Engine               - isIntroEnabled: false
16:31:06.190 [FXGL Background Thread 3 ] DEBUG Engine               - isLinux: false
16:31:06.190 [FXGL Background Thread 3 ] DEBUG Engine               - isMac: true
16:31:06.190 [FXGL Background Thread 3 ] DEBUG Engine               - isMainMenuEnabled: false
16:31:06.190 [FXGL Background Thread 3 ] DEBUG Engine               - isManualResizeEnabled: false
16:31:06.190 [FXGL Background Thread 3 ] DEBUG Engine               - isMobile: false
16:31:06.190 [FXGL Background Thread 3 ] DEBUG Engine               - isNative: false
16:31:06.190 [FXGL Background Thread 3 ] DEBUG Engine               - isPauseMusicWhenMinimized: true
16:31:06.191 [FXGL Background Thread 3 ] DEBUG Engine               - isPreserveResizeRatio: true
16:31:06.191 [FXGL Background Thread 3 ] DEBUG Engine               - isProfilingEnabled: false
16:31:06.191 [FXGL Background Thread 3 ] DEBUG Engine               - isScaleAffectedOnResize: true
16:31:06.191 [FXGL Background Thread 3 ] DEBUG Engine               - isSingleStep: false
16:31:06.191 [FXGL Background Thread 3 ] DEBUG Engine               - isUserProfileEnabled: false
16:31:06.191 [FXGL Background Thread 3 ] DEBUG Engine               - isWindows: false
16:31:06.191 [FXGL Background Thread 3 ] DEBUG Engine               - language: ObjectProperty [value: ENGLISH]
16:31:06.191 [FXGL Background Thread 3 ] DEBUG Engine               - menuKey: ESCAPE
16:31:06.191 [FXGL Background Thread 3 ] DEBUG Engine               - mouseSensitivity: 0.2
16:31:06.192 [FXGL Background Thread 3 ] DEBUG Engine               - notificationViewClass: class com.almasb.fxgl.notification.view.XboxNotificationView
16:31:06.192 [FXGL Background Thread 3 ] DEBUG Engine               - pixelsPerMeter: 50.0
16:31:06.192 [FXGL Background Thread 3 ] DEBUG Engine               - platform: MAC
16:31:06.192 [FXGL Background Thread 3 ] DEBUG Engine               - prefHeightProperty: ReadOnlyDoubleProperty [value: 720.0]
16:31:06.192 [FXGL Background Thread 3 ] DEBUG Engine               - prefWidthProperty: ReadOnlyDoubleProperty [value: 1280.0]
16:31:06.192 [FXGL Background Thread 3 ] DEBUG Engine               - profileDir: profiles/
16:31:06.192 [FXGL Background Thread 3 ] DEBUG Engine               - profileName: StringProperty [value: DEFAULT]
16:31:06.192 [FXGL Background Thread 3 ] DEBUG Engine               - randomSeed: -1
16:31:06.193 [FXGL Background Thread 3 ] DEBUG Engine               - runtimeInfo: RuntimeInfo(platform=MAC, version=21.1, build=27.03.2024 07.52)
16:31:06.193 [FXGL Background Thread 3 ] DEBUG Engine               - saveFileExt: sav
16:31:06.193 [FXGL Background Thread 3 ] DEBUG Engine               - scaledHeightProp$fxgl: DoubleProperty [bound, value: 720.0]
16:31:06.193 [FXGL Background Thread 3 ] DEBUG Engine               - scaledWidthProp$fxgl: DoubleProperty [bound, value: 1280.0]
16:31:06.193 [FXGL Background Thread 3 ] DEBUG Engine               - sceneFactory: com.almasb.fxgl.app.scene.SceneFactory@148e85dd
16:31:06.193 [FXGL Background Thread 3 ] DEBUG Engine               - secondsIn24h: 60
16:31:06.194 [FXGL Background Thread 3 ] DEBUG Engine               - soundMenuBack: menu/back.wav
16:31:06.194 [FXGL Background Thread 3 ] DEBUG Engine               - soundMenuPress: menu/press.wav
16:31:06.194 [FXGL Background Thread 3 ] DEBUG Engine               - soundMenuSelect: menu/select.wav
16:31:06.194 [FXGL Background Thread 3 ] DEBUG Engine               - soundNotification: core/notification.wav
16:31:06.194 [FXGL Background Thread 3 ] DEBUG Engine               - stageStyle: DECORATED
16:31:06.194 [FXGL Background Thread 3 ] DEBUG Engine               - supportedLanguages: [ENGLISH, FRENCH, GERMAN, HUNGARIAN, RUSSIAN]
16:31:06.194 [FXGL Background Thread 3 ] DEBUG Engine               - ticksPerSecond: -1
16:31:06.194 [FXGL Background Thread 3 ] DEBUG Engine               - title: TypeWiz - Winter Theme
16:31:06.194 [FXGL Background Thread 3 ] DEBUG Engine               - urlGithub: https://github.com/AlmasB/FXGL
16:31:06.194 [FXGL Background Thread 3 ] DEBUG Engine               - urlLeaderboard: http://fxgl-top.herokuapp.com/
16:31:06.194 [FXGL Background Thread 3 ] DEBUG Engine               - urlPOM: https://raw.githubusercontent.com/AlmasB/FXGL/release/README.md
16:31:06.194 [FXGL Background Thread 3 ] DEBUG Engine               - userAppClass: class com.oop2.typewiz.GameplayComponents.Game
16:31:06.195 [FXGL Background Thread 3 ] DEBUG Engine               - version: 0.0
16:31:06.195 [FXGL Background Thread 3 ] DEBUG Engine               - versionCheckDays: 7
16:31:06.195 [FXGL Background Thread 3 ] DEBUG Engine               - width: 1280
16:31:06.195 [FXGL Background Thread 3 ] DEBUG Engine               - Logging services
16:31:06.195 [FXGL Background Thread 3 ] DEBUG Engine               - class com.almasb.fxgl.app.services.FXGLAssetLoaderService
16:31:06.195 [FXGL Background Thread 3 ] DEBUG Engine               - class com.almasb.fxgl.app.FXGLApplication$GameApplicationService
16:31:06.195 [FXGL Background Thread 3 ] DEBUG Engine               - class com.almasb.fxgl.app.services.FXGLDialogService
16:31:06.195 [FXGL Background Thread 3 ] DEBUG Engine               - class com.almasb.fxgl.app.services.IOTaskExecutorService
16:31:06.195 [FXGL Background Thread 3 ] DEBUG Engine               - class com.almasb.fxgl.io.FileSystemService
16:31:06.195 [FXGL Background Thread 3 ] DEBUG Engine               - class com.almasb.fxgl.localization.LocalizationService
16:31:06.196 [FXGL Background Thread 3 ] DEBUG Engine               - class com.almasb.fxgl.app.services.SystemBundleService
16:31:06.196 [FXGL Background Thread 3 ] DEBUG Engine               - class com.almasb.fxgl.profile.SaveLoadService
16:31:06.196 [FXGL Background Thread 3 ] DEBUG Engine               - class com.almasb.fxgl.ui.FXGLUIFactoryServiceProvider
16:31:06.196 [FXGL Background Thread 3 ] DEBUG Engine               - class com.almasb.fxgl.ui.FXGLDialogFactoryServiceProvider
16:31:06.196 [FXGL Background Thread 3 ] DEBUG Engine               - class com.almasb.fxgl.audio.AudioPlayer
16:31:06.196 [FXGL Background Thread 3 ] DEBUG Engine               - class com.almasb.fxgl.notification.impl.NotificationServiceProvider
16:31:06.196 [FXGL Background Thread 3 ] DEBUG Engine               - class com.almasb.fxgl.achievement.AchievementService
16:31:06.196 [FXGL Background Thread 3 ] DEBUG Engine               - class com.almasb.fxgl.cutscene.CutsceneService
16:31:06.196 [FXGL Background Thread 3 ] DEBUG Engine               - class com.almasb.fxgl.minigames.MiniGameService
16:31:06.197 [FXGL Background Thread 3 ] DEBUG Engine               - class com.almasb.fxgl.net.NetService
16:31:06.197 [FXGL Background Thread 3 ] DEBUG Engine               - class com.almasb.fxgl.app.services.UpdaterService
16:31:06.197 [FXGL Background Thread 3 ] DEBUG Engine               - class com.almasb.fxgl.dev.DevService
16:31:58.928 [JavaFX Application Thread] DEBUG FXGLApplication      - Exiting FXGL
16:31:58.928 [JavaFX Application Thread] DEBUG LoopRunner           - Stopping loop
16:31:58.929 [JavaFX Application Thread] DEBUG SystemBundleService  - Saving FXGL system data
16:31:58.932 [JavaFX Application Thread] DEBUG FileSystemAccess     - Writing to: /Users/archiecabiso/Documents/2nd Year - CS/2nd Sem/CSIT228/OOP2-Capstone/system/fxgl.bundle
16:31:58.936 [JavaFX Application Thread] DEBUG Async                - Shutting down background threads
16:31:58.936 [JavaFX Application Thread] DEBUG PrimaryStageWindow   - Closing main window
16:31:58.943 [JavaFX Application Thread] DEBUG Logger               - Closing Logger
