18:11:19.998 [main                     ] DEBUG Logger               - Configured Logger
18:11:20.024 [main                     ] DEBUG GameApplication      - Logging settings
Title: TypeWiz - Winter Theme
Version: 0.0
Width: 1280
Height: 720
Fullscreen: true
Intro: false
Profiling: false
Single step:false
App Mode: DEVELOPER
Menu Key: ESCAPE
Stage Style: DECORATED
Scene Factory: class com.almasb.fxgl.app.scene.SceneFactory

18:11:20.281 [JavaFX Application Thread] DEBUG FXGLApplication      - Initializing FXGL
18:11:20.285 [JavaFX Application Thread] INFO  Engine               - FXGL-21.1 (27.03.2024 07.52) on WINDOWS (J:21.0.3 FX:19)
18:11:20.286 [JavaFX Application Thread] DEBUG Engine               - JRE Vendor Name: Oracle Corporation
18:11:20.286 [JavaFX Application Thread] DEBUG Engine               - Running on OS: Windows 11 version 10.0
18:11:20.286 [JavaFX Application Thread] DEBUG Engine               - Architecture: amd64
18:11:20.286 [JavaFX Application Thread] INFO  Engine               - Source code and latest versions at: https://github.com/AlmasB/FXGL
18:11:20.286 [JavaFX Application Thread] INFO  Engine               -       Ask questions and discuss at: https://github.com/AlmasB/FXGL/discussions
18:11:20.286 [JavaFX Application Thread] INFO  Engine               -              Join the FXGL chat at: https://gitter.im/AlmasB/FXGL
18:11:20.350 [JavaFX Application Thread] DEBUG PrimaryStageWindow   - Creating a JavaFX scene
18:11:20.387 [JavaFX Application Thread] DEBUG PrimaryStageWindow   - Target settings size: 1280.0 x 720.0
18:11:20.387 [JavaFX Application Thread] DEBUG PrimaryStageWindow   - Scaled scene size:    1280.0 x 720.0
18:11:20.387 [JavaFX Application Thread] DEBUG PrimaryStageWindow   - Scaled ratio: (1.0, 1.0)
18:11:20.388 [JavaFX Application Thread] DEBUG PrimaryStageWindow   - Set initial scene to FXGLStartupScene
18:11:20.392 [JavaFX Application Thread] DEBUG PrimaryStageWindow   - Opening main window
18:11:20.452 [JavaFX Application Thread] DEBUG PrimaryStageWindow   - Window border size: (14.4000244140625, 37.5999755859375)
18:11:20.452 [JavaFX Application Thread] DEBUG PrimaryStageWindow   - Scaled size: 1280.0 x 720.0
18:11:20.452 [JavaFX Application Thread] DEBUG PrimaryStageWindow   - Scaled ratio: (1.0, 1.0)
18:11:20.452 [JavaFX Application Thread] DEBUG PrimaryStageWindow   - Scene size: 1280.0 x 720.0
18:11:20.453 [JavaFX Application Thread] DEBUG PrimaryStageWindow   - Stage size: 1294.4000244140625 x 757.5999755859375
18:11:20.520 [JavaFX Application Thread] DEBUG PrimaryStageWindow   - Going fullscreen
18:11:20.531 [FXGL Background Thread 1 ] DEBUG Engine               - Initializing environment variables
18:11:20.582 [FXGL Background Thread 1 ] DEBUG FXGLAssetLoaderServi - User app class for loading assets: class com.oop2.typewiz.GameplayComponents.Game
18:11:20.582 [FXGL Background Thread 1 ] DEBUG GameApplicationServi - Applying CSS: fxgl_dark.css
18:11:20.584 [FXGL Background Thread 1 ] DEBUG FXGLAssetLoaderServi - Loading from file system: jar:file:///C:/Users/Ruhmer%20Jairus/.m2/repository/com/github/almasb/fxgl/21.1/fxgl-21.1.jar!/fxglassets/ui/css/fxgl_dark.css
18:11:20.628 [FXGL Background Thread 1 ] DEBUG GameApplicationServi - Initializing application scenes
18:11:20.696 [FXGL Background Thread 1 ] DEBUG GameWorld            - Game world initialized
18:11:20.757 [FXGL Background Thread 1 ] DEBUG PhysicsWorld         - Physics world initialized: appHeight=720, physics.ppm=50.0
18:11:20.758 [FXGL Background Thread 1 ] DEBUG PhysicsWorld         - Using strategy: BRUTE_FORCE
18:11:20.761 [FXGL Background Thread 1 ] DEBUG GameScene            - Game scene initialized: 1280x720
18:11:20.761 [FXGL Background Thread 1 ] DEBUG GameApplicationServi - Application scenes initialized
18:11:20.775 [FXGL Background Thread 1 ] DEBUG SystemBundleService  - Loading FXGL system data
18:11:20.777 [FXGL Background Thread 1 ] DEBUG FileSystemAccess     - Reading from: C:\Users\Ruhmer Jairus\OOP2-Capstone\system\fxgl.bundle
18:11:20.783 [FXGL Background Thread 1 ] DEBUG SystemBundleService  - Bundle FXGL: {}
18:11:20.784 [FXGL Background Thread 1 ] DEBUG UpdaterService       - Checking for updates
18:11:20.787 [FXGL Background Thread 4 ] DEBUG FXGLApplication      - Loading fonts
18:11:20.787 [FXGL Background Thread 1 ] DEBUG FXGLApplication      - Loading default localization
18:11:20.787 [FXGL Background Thread 4 ] DEBUG FXGLAssetLoaderServi - Loading from file system: jar:file:///C:/Users/Ruhmer%20Jairus/.m2/repository/com/github/almasb/fxgl/21.1/fxgl-21.1.jar!/fxglassets/ui/fonts/VarelaRound-Regular.ttf
18:11:20.788 [FXGL Background Thread 1 ] DEBUG FXGLAssetLoaderServi - Loading from file system: jar:file:///C:/Users/Ruhmer%20Jairus/.m2/repository/com/github/almasb/fxgl/21.1/fxgl-21.1.jar!/fxglassets/languages/english.lang
18:11:20.816 [FXGL Background Thread 1 ] INFO  FXGLApplication      - FXGL initialization took: 0.285 sec
18:11:20.818 [JavaFX Application Thread] DEBUG FXGLAssetLoaderServi - Loading from file system: jar:file:///C:/Users/Ruhmer%20Jairus/.m2/repository/com/github/almasb/fxgl/21.1/fxgl-21.1.jar!/fxglassets/textures/fxgl_icon.png
18:11:20.823 [FXGL Background Thread 4 ] DEBUG FXGLAssetLoaderServi - Loading from file system: jar:file:///C:/Users/Ruhmer%20Jairus/.m2/repository/com/github/almasb/fxgl/21.1/fxgl-21.1.jar!/fxglassets/ui/fonts/Abel-Regular.ttf
18:11:20.826 [FXGL Background Thread 4 ] DEBUG FXGLAssetLoaderServi - Loading from file system: jar:file:///C:/Users/Ruhmer%20Jairus/.m2/repository/com/github/almasb/fxgl/21.1/fxgl-21.1.jar!/fxglassets/ui/fonts/TerminalLandMono-Regular.otf
18:11:20.830 [FXGL Background Thread 4 ] DEBUG FXGLAssetLoaderServi - Loading from file system: jar:file:///C:/Users/Ruhmer%20Jairus/.m2/repository/com/github/almasb/fxgl/21.1/fxgl-21.1.jar!/fxglassets/ui/fonts/Courier-Prime.ttf
18:11:20.869 [JavaFX Application Thread] DEBUG FXGLAssetLoaderServi - Loading from file system: jar:file:///C:/Users/Ruhmer%20Jairus/.m2/repository/com/github/almasb/fxgl/21.1/fxgl-21.1.jar!/fxglassets/textures/fxgl_default_cursor.png
18:11:20.876 [JavaFX Application Thread] DEBUG Input                - Registered new binding: Screenshot - CTRL+8
18:11:20.877 [JavaFX Application Thread] DEBUG Input                - Registered new binding: System info dump - CTRL+9
18:11:20.877 [JavaFX Application Thread] DEBUG Input                - Registered new binding: Restart - CTRL+R
18:11:20.877 [JavaFX Application Thread] DEBUG Input                - Registered new binding: Toggle Debug Camera - CTRL+7
18:11:20.880 [JavaFX Application Thread] DEBUG LoopRunner           - Starting loop
18:11:20.880 [JavaFX Application Thread] DEBUG LoopRunner           - Initializing JavaFX AnimationTimerLoop
18:11:20.882 [JavaFX Application Thread] DEBUG GameApplicationServi - Starting new game
18:11:20.882 [JavaFX Application Thread] DEBUG Input                - Clearing active input actions
18:11:20.899 [JavaFX Application Thread] DEBUG GameApplicationServi - Removing overlay from FXGLStartupScene and adding to FXGLLoadingScene
18:11:20.900 [JavaFX Application Thread] DEBUG PrimaryStageWindow   - FXGLStartupScene -> FXGLLoadingScene
18:11:20.900 [JavaFX Application Thread] DEBUG GameApplicationServi - Clearing previous game
18:11:20.900 [JavaFX Application Thread] DEBUG GameScene            - Clearing game scene
18:11:20.900 [JavaFX Application Thread] DEBUG GameWorld            - Clearing game world
18:11:20.900 [JavaFX Application Thread] DEBUG PhysicsWorld         - Clearing physics world
18:11:20.903 [FXGL Background Thread 4 ] DEBUG FXGLApplication      - Initializing game
18:11:20.905 [JavaFX Application Thread] DEBUG FXGLApplication      - Registering font factories with UI factory
18:11:20.966 [JavaFX Application Thread] DEBUG LoopRunner           - Stopping loop
18:11:20.969 [JavaFX Application Thread] FATAL FXGLApplication      - Uncaught Exception:
java.lang.RuntimeException: Initialization failed
	at com.almasb.fxgl.all@21.1/com.almasb.fxgl.app.FXGLApplication$InitAppTask.failed(FXGLApplication.kt:347)
	at javafx.graphics@19/javafx.concurrent.Task.setState(Task.java:710)
	at javafx.graphics@19/javafx.concurrent.Task$TaskCallable.lambda$call$2(Task.java:1456)
	at javafx.graphics@19/com.sun.javafx.application.PlatformImpl.lambda$runLater$10(PlatformImpl.java:457)
	at java.base/java.security.AccessController.doPrivileged(AccessController.java:400)
	at javafx.graphics@19/com.sun.javafx.application.PlatformImpl.lambda$runLater$11(PlatformImpl.java:456)
	at javafx.graphics@19/com.sun.glass.ui.InvokeLaterDispatcher$Future.run(InvokeLaterDispatcher.java:96)
	at javafx.graphics@19/com.sun.glass.ui.win.WinApplication._runLoop(Native Method)
	at javafx.graphics@19/com.sun.glass.ui.win.WinApplication.lambda$runLoop$3(WinApplication.java:184)
	at java.base/java.lang.Thread.run(Thread.java:1583)
Caused by: java.lang.Error: Unresolved compilation problems: 
	The type com.almasb.fxgl.entity.Entity is not accessible
	The type javafx.geometry.Rectangle2D is not accessible
	Entity cannot be resolved to a type
	Rectangle2D cannot be resolved to a type
	Entity cannot be resolved to a type
	Rectangle2D cannot be resolved to a type
	Rectangle2D cannot be resolved to a type
	Entity cannot be resolved to a type
	Entity cannot be resolved to a type
	Entity cannot be resolved to a type
	Entity cannot be resolved to a type
	Entity cannot be resolved to a type
	Entity cannot be resolved to a type
	Rectangle2D cannot be resolved to a type
	Entity cannot be resolved to a type
	Entity cannot be resolved to a type
	Entity cannot be resolved to a type
	Entity cannot be resolved to a type
	Rectangle2D cannot be resolved to a type
	Entity cannot be resolved to a type
	Entity cannot be resolved to a type
	Entity cannot be resolved to a type

	at TypeWiz/com.oop2.typewiz.GameplayComponents.SpatialPartitioning.<init>(SpatialPartitioning.java:3)
	at TypeWiz/com.oop2.typewiz.GameplayComponents.EntityManager.<init>(EntityManager.java:47)
	at TypeWiz/com.oop2.typewiz.GameplayComponents.Game.initializeManagers(Game.java:117)
	at TypeWiz/com.oop2.typewiz.GameplayComponents.Game.initGame(Game.java:78)
	at com.almasb.fxgl.all@21.1/com.almasb.fxgl.app.FXGLApplication$InitAppTask.initGame(FXGLApplication.kt:343)
	at com.almasb.fxgl.all@21.1/com.almasb.fxgl.app.FXGLApplication$InitAppTask.call(FXGLApplication.kt:321)
	at com.almasb.fxgl.all@21.1/com.almasb.fxgl.app.FXGLApplication$InitAppTask.call(FXGLApplication.kt:313)
	at javafx.graphics@19/javafx.concurrent.Task$TaskCallable.call(Task.java:1426)
	at java.base/java.util.concurrent.FutureTask.run(FutureTask.java:317)
	at java.base/java.util.concurrent.Executors$RunnableAdapter.call(Executors.java:572)
	at java.base/java.util.concurrent.FutureTask.run(FutureTask.java:317)
	at java.base/java.util.concurrent.ThreadPoolExecutor.runWorker(ThreadPoolExecutor.java:1144)
	at java.base/java.util.concurrent.ThreadPoolExecutor$Worker.run(ThreadPoolExecutor.java:642)
	... 1 more

18:11:20.976 [JavaFX Application Thread] FATAL FXGLApplication      - Application will now exit
18:11:21.011 [JavaFX Application Thread] DEBUG PrimaryStageWindow   - Push state: ErrorSubScene
18:11:21.012 [JavaFX Application Thread] DEBUG Input                - Clearing active input actions
18:11:21.021 [JavaFX Application Thread] DEBUG GameApplicationServi - Removing overlay from FXGLLoadingScene and adding to ErrorSubScene
18:11:21.022 [JavaFX Application Thread] DEBUG PrimaryStageWindow   - FXGLLoadingScene -> ErrorSubScene
18:11:23.788 [FXGL Background Thread 3 ] DEBUG Engine               - Logging environment variables
18:11:23.788 [FXGL Background Thread 3 ] DEBUG Engine               - achievements: []
18:11:23.788 [FXGL Background Thread 3 ] DEBUG Engine               - actualHeight: 864.0
18:11:23.788 [FXGL Background Thread 3 ] DEBUG Engine               - actualHeightProperty: ReadOnlyDoubleProperty [value: 864.0]
18:11:23.788 [FXGL Background Thread 3 ] DEBUG Engine               - actualWidth: 1536.0
18:11:23.788 [FXGL Background Thread 3 ] DEBUG Engine               - actualWidthProperty: ReadOnlyDoubleProperty [value: 1536.0]
18:11:23.789 [FXGL Background Thread 3 ] DEBUG Engine               - appIcon: fxgl_icon.png
18:11:23.789 [FXGL Background Thread 3 ] DEBUG Engine               - applicationMode: DEVELOPER
18:11:23.789 [FXGL Background Thread 3 ] DEBUG Engine               - cSSList: [fxgl_dark.css]
18:11:23.789 [FXGL Background Thread 3 ] DEBUG Engine               - collisionDetectionStrategy: BRUTE_FORCE
18:11:23.789 [FXGL Background Thread 3 ] DEBUG Engine               - configClass: Optional.empty
18:11:23.789 [FXGL Background Thread 3 ] DEBUG Engine               - credits: []
18:11:23.790 [FXGL Background Thread 3 ] DEBUG Engine               - defaultCursor: CursorInfo(imageName=fxgl_default_cursor.png, hotspotX=7.0, hotspotY=6.0)
18:11:23.790 [FXGL Background Thread 3 ] DEBUG Engine               - devBBoxColorProperty: ObjectProperty [value: 0xff0000ff]
18:11:23.790 [FXGL Background Thread 3 ] DEBUG Engine               - devEnableDebugCameraProperty: BooleanProperty [value: false]
18:11:23.790 [FXGL Background Thread 3 ] DEBUG Engine               - devSensorColorProperty: ObjectProperty [value: 0xffff00ff]
18:11:23.790 [FXGL Background Thread 3 ] DEBUG Engine               - devShowBBoxProperty: BooleanProperty [value: false]
18:11:23.790 [FXGL Background Thread 3 ] DEBUG Engine               - devShowPositionProperty: BooleanProperty [value: false]
18:11:23.790 [FXGL Background Thread 3 ] DEBUG Engine               - enabledMenuItems: []
18:11:23.790 [FXGL Background Thread 3 ] DEBUG Engine               - engineServices: [class com.almasb.fxgl.app.services.FXGLAssetLoaderService, class com.almasb.fxgl.app.FXGLApplication$GameApplicationService, class com.almasb.fxgl.app.services.FXGLDialogService, class com.almasb.fxgl.app.services.IOTaskExecutorService, class com.almasb.fxgl.io.FileSystemService, class com.almasb.fxgl.localization.LocalizationService, class com.almasb.fxgl.app.services.SystemBundleService, class com.almasb.fxgl.profile.SaveLoadService, class com.almasb.fxgl.ui.FXGLUIFactoryServiceProvider, class com.almasb.fxgl.ui.FXGLDialogFactoryServiceProvider, class com.almasb.fxgl.audio.AudioPlayer, class com.almasb.fxgl.notification.impl.NotificationServiceProvider, class com.almasb.fxgl.achievement.AchievementService, class com.almasb.fxgl.cutscene.CutsceneService, class com.almasb.fxgl.minigames.MiniGameService, class com.almasb.fxgl.net.NetService, class com.almasb.fxgl.app.services.UpdaterService, class com.almasb.fxgl.dev.DevService]
18:11:23.790 [FXGL Background Thread 3 ] DEBUG Engine               - fontGame: Abel-Regular.ttf
18:11:23.790 [FXGL Background Thread 3 ] DEBUG Engine               - fontMono: TerminalLandMono-Regular.otf
18:11:23.790 [FXGL Background Thread 3 ] DEBUG Engine               - fontSizeScaleUI: 1.0
18:11:23.790 [FXGL Background Thread 3 ] DEBUG Engine               - fontText: Courier-Prime.ttf
18:11:23.790 [FXGL Background Thread 3 ] DEBUG Engine               - fontUI: VarelaRound-Regular.ttf
18:11:23.790 [FXGL Background Thread 3 ] DEBUG Engine               - fullScreen: BooleanProperty [value: true]
18:11:23.790 [FXGL Background Thread 3 ] DEBUG Engine               - gameDifficulty: MEDIUM
18:11:23.790 [FXGL Background Thread 3 ] DEBUG Engine               - gameDifficultyProperty: ObjectProperty [value: MEDIUM]
18:11:23.790 [FXGL Background Thread 3 ] DEBUG Engine               - globalMusicVolume: 0.5
18:11:23.791 [FXGL Background Thread 3 ] DEBUG Engine               - globalMusicVolumeProperty: DoubleProperty [value: 0.5]
18:11:23.791 [FXGL Background Thread 3 ] DEBUG Engine               - globalSoundVolume: 0.5
18:11:23.791 [FXGL Background Thread 3 ] DEBUG Engine               - globalSoundVolumeProperty: DoubleProperty [value: 0.5]
18:11:23.791 [FXGL Background Thread 3 ] DEBUG Engine               - height: 720
18:11:23.791 [FXGL Background Thread 3 ] DEBUG Engine               - is3D: false
18:11:23.791 [FXGL Background Thread 3 ] DEBUG Engine               - isAndroid: false
18:11:23.791 [FXGL Background Thread 3 ] DEBUG Engine               - isBrowser: false
18:11:23.791 [FXGL Background Thread 3 ] DEBUG Engine               - isClickFeedbackEnabled: false
18:11:23.791 [FXGL Background Thread 3 ] DEBUG Engine               - isCloseConfirmation: false
18:11:23.791 [FXGL Background Thread 3 ] DEBUG Engine               - isDesktop: true
18:11:23.791 [FXGL Background Thread 3 ] DEBUG Engine               - isDeveloperMenuEnabled: false
18:11:23.791 [FXGL Background Thread 3 ] DEBUG Engine               - isEmbedded: false
18:11:23.791 [FXGL Background Thread 3 ] DEBUG Engine               - isEntityPreloadEnabled: true
18:11:23.791 [FXGL Background Thread 3 ] DEBUG Engine               - isExperimentalTiledLargeMap: false
18:11:23.791 [FXGL Background Thread 3 ] DEBUG Engine               - isFileSystemWriteAllowed: true
18:11:23.791 [FXGL Background Thread 3 ] DEBUG Engine               - isFullScreenAllowed: true
18:11:23.791 [FXGL Background Thread 3 ] DEBUG Engine               - isFullScreenFromStart: true
18:11:23.791 [FXGL Background Thread 3 ] DEBUG Engine               - isGameMenuEnabled: false
18:11:23.791 [FXGL Background Thread 3 ] DEBUG Engine               - isIOS: false
18:11:23.791 [FXGL Background Thread 3 ] DEBUG Engine               - isIntroEnabled: false
18:11:23.791 [FXGL Background Thread 3 ] DEBUG Engine               - isLinux: false
18:11:23.791 [FXGL Background Thread 3 ] DEBUG Engine               - isMac: false
18:11:23.791 [FXGL Background Thread 3 ] DEBUG Engine               - isMainMenuEnabled: false
18:11:23.791 [FXGL Background Thread 3 ] DEBUG Engine               - isManualResizeEnabled: true
18:11:23.791 [FXGL Background Thread 3 ] DEBUG Engine               - isMobile: false
18:11:23.791 [FXGL Background Thread 3 ] DEBUG Engine               - isNative: false
18:11:23.791 [FXGL Background Thread 3 ] DEBUG Engine               - isPauseMusicWhenMinimized: true
18:11:23.791 [FXGL Background Thread 3 ] DEBUG Engine               - isPreserveResizeRatio: true
18:11:23.791 [FXGL Background Thread 3 ] DEBUG Engine               - isProfilingEnabled: false
18:11:23.791 [FXGL Background Thread 3 ] DEBUG Engine               - isScaleAffectedOnResize: true
18:11:23.791 [FXGL Background Thread 3 ] DEBUG Engine               - isSingleStep: false
18:11:23.792 [FXGL Background Thread 3 ] DEBUG Engine               - isUserProfileEnabled: false
18:11:23.792 [FXGL Background Thread 3 ] DEBUG Engine               - isWindows: true
18:11:23.792 [FXGL Background Thread 3 ] DEBUG Engine               - language: ObjectProperty [value: ENGLISH]
18:11:23.792 [FXGL Background Thread 3 ] DEBUG Engine               - menuKey: ESCAPE
18:11:23.792 [FXGL Background Thread 3 ] DEBUG Engine               - mouseSensitivity: 0.2
18:11:23.792 [FXGL Background Thread 3 ] DEBUG Engine               - notificationViewClass: class com.almasb.fxgl.notification.view.XboxNotificationView
18:11:23.792 [FXGL Background Thread 3 ] DEBUG Engine               - pixelsPerMeter: 50.0
18:11:23.792 [FXGL Background Thread 3 ] DEBUG Engine               - platform: WINDOWS
18:11:23.792 [FXGL Background Thread 3 ] DEBUG Engine               - prefHeightProperty: ReadOnlyDoubleProperty [value: 720.0]
18:11:23.792 [FXGL Background Thread 3 ] DEBUG Engine               - prefWidthProperty: ReadOnlyDoubleProperty [value: 1280.0]
18:11:23.792 [FXGL Background Thread 3 ] DEBUG Engine               - profileDir: profiles/
18:11:23.792 [FXGL Background Thread 3 ] DEBUG Engine               - profileName: StringProperty [value: DEFAULT]
18:11:23.792 [FXGL Background Thread 3 ] DEBUG Engine               - randomSeed: -1
18:11:23.792 [FXGL Background Thread 3 ] DEBUG Engine               - runtimeInfo: RuntimeInfo(platform=WINDOWS, version=21.1, build=27.03.2024 07.52)
18:11:23.792 [FXGL Background Thread 3 ] DEBUG Engine               - saveFileExt: sav
18:11:23.792 [FXGL Background Thread 3 ] DEBUG Engine               - scaledHeightProp$fxgl: DoubleProperty [bound, value: 864.0]
18:11:23.792 [FXGL Background Thread 3 ] DEBUG Engine               - scaledWidthProp$fxgl: DoubleProperty [bound, value: 1536.0]
18:11:23.792 [FXGL Background Thread 3 ] DEBUG Engine               - sceneFactory: com.almasb.fxgl.app.scene.SceneFactory@42960983
18:11:23.792 [FXGL Background Thread 3 ] DEBUG Engine               - secondsIn24h: 60
18:11:23.792 [FXGL Background Thread 3 ] DEBUG Engine               - soundMenuBack: menu/back.wav
18:11:23.792 [FXGL Background Thread 3 ] DEBUG Engine               - soundMenuPress: menu/press.wav
18:11:23.792 [FXGL Background Thread 3 ] DEBUG Engine               - soundMenuSelect: menu/select.wav
18:11:23.793 [FXGL Background Thread 3 ] DEBUG Engine               - soundNotification: core/notification.wav
18:11:23.793 [FXGL Background Thread 3 ] DEBUG Engine               - stageStyle: DECORATED
18:11:23.793 [FXGL Background Thread 3 ] DEBUG Engine               - supportedLanguages: [ENGLISH, FRENCH, GERMAN, HUNGARIAN, RUSSIAN]
18:11:23.793 [FXGL Background Thread 3 ] DEBUG Engine               - ticksPerSecond: -1
18:11:23.800 [FXGL Background Thread 3 ] DEBUG Engine               - title: TypeWiz - Winter Theme
18:11:23.800 [FXGL Background Thread 3 ] DEBUG Engine               - urlGithub: https://github.com/AlmasB/FXGL
18:11:23.800 [FXGL Background Thread 3 ] DEBUG Engine               - urlLeaderboard: http://fxgl-top.herokuapp.com/
18:11:23.800 [FXGL Background Thread 3 ] DEBUG Engine               - urlPOM: https://raw.githubusercontent.com/AlmasB/FXGL/release/README.md
18:11:23.800 [FXGL Background Thread 3 ] DEBUG Engine               - userAppClass: class com.oop2.typewiz.GameplayComponents.Game
18:11:23.800 [FXGL Background Thread 3 ] DEBUG Engine               - version: 0.0
18:11:23.800 [FXGL Background Thread 3 ] DEBUG Engine               - versionCheckDays: 7
18:11:23.800 [FXGL Background Thread 3 ] DEBUG Engine               - width: 1280
18:11:23.800 [FXGL Background Thread 3 ] DEBUG Engine               - Logging services
18:11:23.800 [FXGL Background Thread 3 ] DEBUG Engine               - class com.almasb.fxgl.app.services.FXGLAssetLoaderService
18:11:23.800 [FXGL Background Thread 3 ] DEBUG Engine               - class com.almasb.fxgl.app.FXGLApplication$GameApplicationService
18:11:23.800 [FXGL Background Thread 3 ] DEBUG Engine               - class com.almasb.fxgl.app.services.FXGLDialogService
18:11:23.800 [FXGL Background Thread 3 ] DEBUG Engine               - class com.almasb.fxgl.app.services.IOTaskExecutorService
18:11:23.800 [FXGL Background Thread 3 ] DEBUG Engine               - class com.almasb.fxgl.io.FileSystemService
18:11:23.800 [FXGL Background Thread 3 ] DEBUG Engine               - class com.almasb.fxgl.localization.LocalizationService
18:11:23.800 [FXGL Background Thread 3 ] DEBUG Engine               - class com.almasb.fxgl.app.services.SystemBundleService
18:11:23.800 [FXGL Background Thread 3 ] DEBUG Engine               - class com.almasb.fxgl.profile.SaveLoadService
18:11:23.800 [FXGL Background Thread 3 ] DEBUG Engine               - class com.almasb.fxgl.ui.FXGLUIFactoryServiceProvider
18:11:23.800 [FXGL Background Thread 3 ] DEBUG Engine               - class com.almasb.fxgl.ui.FXGLDialogFactoryServiceProvider
18:11:23.800 [FXGL Background Thread 3 ] DEBUG Engine               - class com.almasb.fxgl.audio.AudioPlayer
18:11:23.800 [FXGL Background Thread 3 ] DEBUG Engine               - class com.almasb.fxgl.notification.impl.NotificationServiceProvider
18:11:23.800 [FXGL Background Thread 3 ] DEBUG Engine               - class com.almasb.fxgl.achievement.AchievementService
18:11:23.800 [FXGL Background Thread 3 ] DEBUG Engine               - class com.almasb.fxgl.cutscene.CutsceneService
18:11:23.801 [FXGL Background Thread 3 ] DEBUG Engine               - class com.almasb.fxgl.minigames.MiniGameService
18:11:23.801 [FXGL Background Thread 3 ] DEBUG Engine               - class com.almasb.fxgl.net.NetService
18:11:23.801 [FXGL Background Thread 3 ] DEBUG Engine               - class com.almasb.fxgl.app.services.UpdaterService
18:11:23.801 [FXGL Background Thread 3 ] DEBUG Engine               - class com.almasb.fxgl.dev.DevService
18:11:27.724 [JavaFX Application Thread] DEBUG FXGLApplication      - Exiting FXGL
18:11:27.724 [JavaFX Application Thread] DEBUG Async                - Shutting down background threads
18:11:27.724 [JavaFX Application Thread] DEBUG PrimaryStageWindow   - Closing main window
18:11:27.749 [JavaFX Application Thread] DEBUG Logger               - Closing Logger
