22:20:01.375 [main                     ] DEBUG Logger               - Configured Logger
22:20:01.484 [main                     ] DEBUG GameApplication      - Logging settings
Title: TypeWiz - Winter Theme
Version: 0.0
Width: 1280
Height: 720
Fullscreen: false
Intro: false
Profiling: false
Single step:false
App Mode: DEVELOPER
Menu Key: ESCAPE
Stage Style: DECORATED
Scene Factory: class com.almasb.fxgl.app.scene.SceneFactory

22:20:02.404 [JavaFX Application Thread] DEBUG FXGLApplication      - Initializing FXGL
22:20:02.413 [JavaFX Application Thread] INFO  Engine               - FXGL-21.1 (27.03.2024 07.52) on MAC (J:23.0.1 FX:19)
22:20:02.414 [JavaFX Application Thread] DEBUG Engine               - JRE Vendor Name: Oracle Corporation
22:20:02.415 [JavaFX Application Thread] DEBUG Engine               - Running on OS: Mac OS X version 10.15.7
22:20:02.415 [JavaFX Application Thread] DEBUG Engine               - Architecture: x86_64
22:20:02.415 [JavaFX Application Thread] INFO  Engine               - Source code and latest versions at: https://github.com/AlmasB/FXGL
22:20:02.415 [JavaFX Application Thread] INFO  Engine               -       Ask questions and discuss at: https://github.com/AlmasB/FXGL/discussions
22:20:02.416 [JavaFX Application Thread] INFO  Engine               -              Join the FXGL chat at: https://gitter.im/AlmasB/FXGL
22:20:02.771 [JavaFX Application Thread] DEBUG PrimaryStageWindow   - Creating a JavaFX scene
22:20:02.979 [JavaFX Application Thread] DEBUG PrimaryStageWindow   - Target settings size: 1280.0 x 720.0
22:20:02.979 [JavaFX Application Thread] DEBUG PrimaryStageWindow   - Scaled scene size:    1280.0 x 720.0
22:20:02.980 [JavaFX Application Thread] DEBUG PrimaryStageWindow   - Scaled ratio: (1.0, 1.0)
22:20:03.003 [JavaFX Application Thread] DEBUG PrimaryStageWindow   - Set initial scene to FXGLStartupScene
22:20:03.022 [JavaFX Application Thread] DEBUG PrimaryStageWindow   - Opening main window
22:20:03.364 [JavaFX Application Thread] DEBUG PrimaryStageWindow   - Window border size: (0.0, 22.0)
22:20:03.365 [JavaFX Application Thread] DEBUG PrimaryStageWindow   - Scaled size: 1280.0 x 720.0
22:20:03.365 [JavaFX Application Thread] DEBUG PrimaryStageWindow   - Scaled ratio: (1.0, 1.0)
22:20:03.366 [JavaFX Application Thread] DEBUG PrimaryStageWindow   - Scene size: 1280.0 x 720.0
22:20:03.366 [JavaFX Application Thread] DEBUG PrimaryStageWindow   - Stage size: 1280.0 x 742.0
22:20:03.380 [FXGL Background Thread 1 ] DEBUG Engine               - Initializing environment variables
22:20:03.697 [FXGL Background Thread 1 ] DEBUG FXGLAssetLoaderServi - User app class for loading assets: class com.oop2.typewiz.GameplayComponents.Game
22:20:03.697 [FXGL Background Thread 1 ] DEBUG GameApplicationServi - Applying CSS: fxgl_dark.css
22:20:03.699 [FXGL Background Thread 1 ] DEBUG FXGLAssetLoaderServi - Loading from file system: jar:file:///Users/archiecabiso/.m2/repository/com/github/almasb/fxgl/21.1/fxgl-21.1.jar!/fxglassets/ui/css/fxgl_dark.css
22:20:03.875 [FXGL Background Thread 1 ] DEBUG GameApplicationServi - Initializing application scenes
22:20:05.013 [FXGL Background Thread 1 ] DEBUG GameWorld            - Game world initialized
22:20:05.171 [FXGL Background Thread 1 ] DEBUG PhysicsWorld         - Physics world initialized: appHeight=720, physics.ppm=50.0
22:20:05.172 [FXGL Background Thread 1 ] DEBUG PhysicsWorld         - Using strategy: BRUTE_FORCE
22:20:05.183 [FXGL Background Thread 1 ] DEBUG GameScene            - Game scene initialized: 1280x720
22:20:05.183 [FXGL Background Thread 1 ] DEBUG GameApplicationServi - Application scenes initialized
22:20:05.230 [FXGL Background Thread 1 ] DEBUG SystemBundleService  - Loading FXGL system data
22:20:05.239 [FXGL Background Thread 1 ] DEBUG FileSystemAccess     - Reading from: /Users/archiecabiso/Documents/2nd Year - CS/2nd Sem/CSIT228/OOP2-Capstone/system/fxgl.bundle
22:20:05.252 [FXGL Background Thread 1 ] DEBUG SystemBundleService  - Bundle FXGL: {}
22:20:05.253 [FXGL Background Thread 1 ] DEBUG UpdaterService       - Checking for updates
22:20:05.267 [FXGL Background Thread 4 ] DEBUG FXGLApplication      - Loading fonts
22:20:05.268 [FXGL Background Thread 4 ] DEBUG FXGLAssetLoaderServi - Loading from file system: jar:file:///Users/archiecabiso/.m2/repository/com/github/almasb/fxgl/21.1/fxgl-21.1.jar!/fxglassets/ui/fonts/VarelaRound-Regular.ttf
22:20:05.269 [FXGL Background Thread 1 ] DEBUG FXGLApplication      - Loading default localization
22:20:05.270 [FXGL Background Thread 1 ] DEBUG FXGLAssetLoaderServi - Loading from file system: jar:file:///Users/archiecabiso/.m2/repository/com/github/almasb/fxgl/21.1/fxgl-21.1.jar!/fxglassets/languages/english.lang
22:20:05.289 [FXGL Background Thread 4 ] DEBUG FXGLAssetLoaderServi - Loading from file system: jar:file:///Users/archiecabiso/.m2/repository/com/github/almasb/fxgl/21.1/fxgl-21.1.jar!/fxglassets/ui/fonts/Abel-Regular.ttf
22:20:05.293 [FXGL Background Thread 4 ] DEBUG FXGLAssetLoaderServi - Loading from file system: jar:file:///Users/archiecabiso/.m2/repository/com/github/almasb/fxgl/21.1/fxgl-21.1.jar!/fxglassets/ui/fonts/TerminalLandMono-Regular.otf
22:20:05.297 [FXGL Background Thread 4 ] DEBUG FXGLAssetLoaderServi - Loading from file system: jar:file:///Users/archiecabiso/.m2/repository/com/github/almasb/fxgl/21.1/fxgl-21.1.jar!/fxglassets/ui/fonts/Courier-Prime.ttf
22:20:05.304 [JavaFX Application Thread] DEBUG FXGLApplication      - Registering font factories with UI factory
22:20:05.324 [FXGL Background Thread 1 ] INFO  FXGLApplication      - FXGL initialization took: 1.943 sec
22:20:05.325 [JavaFX Application Thread] DEBUG FXGLAssetLoaderServi - Loading from file system: jar:file:///Users/archiecabiso/.m2/repository/com/github/almasb/fxgl/21.1/fxgl-21.1.jar!/fxglassets/textures/fxgl_icon.png
22:20:05.424 [JavaFX Application Thread] DEBUG FXGLAssetLoaderServi - Loading from file system: jar:file:///Users/archiecabiso/.m2/repository/com/github/almasb/fxgl/21.1/fxgl-21.1.jar!/fxglassets/textures/fxgl_default_cursor.png
22:20:05.450 [JavaFX Application Thread] DEBUG Input                - Registered new binding: Screenshot - CTRL+8
22:20:05.450 [JavaFX Application Thread] DEBUG Input                - Registered new binding: System info dump - CTRL+9
22:20:05.451 [JavaFX Application Thread] DEBUG Input                - Registered new binding: Restart - CTRL+R
22:20:05.451 [JavaFX Application Thread] DEBUG Input                - Registered new binding: Toggle Debug Camera - CTRL+7
22:20:05.455 [JavaFX Application Thread] DEBUG LoopRunner           - Starting loop
22:20:05.455 [JavaFX Application Thread] DEBUG LoopRunner           - Initializing JavaFX AnimationTimerLoop
22:20:05.456 [JavaFX Application Thread] DEBUG GameApplicationServi - Starting new game
22:20:05.457 [JavaFX Application Thread] DEBUG Input                - Clearing active input actions
22:20:05.475 [JavaFX Application Thread] DEBUG GameApplicationServi - Removing overlay from FXGLStartupScene and adding to FXGLLoadingScene
22:20:05.476 [JavaFX Application Thread] DEBUG PrimaryStageWindow   - FXGLStartupScene -> FXGLLoadingScene
22:20:05.476 [JavaFX Application Thread] DEBUG GameApplicationServi - Clearing previous game
22:20:05.476 [JavaFX Application Thread] DEBUG GameScene            - Clearing game scene
22:20:05.477 [JavaFX Application Thread] DEBUG GameWorld            - Clearing game world
22:20:05.477 [JavaFX Application Thread] DEBUG PhysicsWorld         - Clearing physics world
22:20:05.479 [FXGL Background Thread 1 ] DEBUG FXGLApplication      - Initializing game
22:20:05.482 [FXGL Background Thread 1 ] DEBUG FXGLAssetLoaderServi - Loading from file system: file:/Users/archiecabiso/Documents/2nd%20Year%20-%20CS/2nd%20Sem/CSIT228/OOP2-Capstone/target/classes/assets/textures/background-and-platforms/bg-winter_1280_720.png
22:20:05.720 [FXGL Background Thread 1 ] DEBUG FXGLAssetLoaderServi - Loading from file system: file:/Users/archiecabiso/Documents/2nd%20Year%20-%20CS/2nd%20Sem/CSIT228/OOP2-Capstone/target/classes/assets/textures/background-and-platforms/hdlargerplatform-winter.png
22:20:06.495 [FXGL Background Thread 1 ] DEBUG FXGLAssetLoaderServi - Loading from file system: file:/Users/archiecabiso/Documents/2nd%20Year%20-%20CS/2nd%20Sem/CSIT228/OOP2-Capstone/target/classes/assets/textures/wizard/wizard.png
22:20:07.382 [FXGL Background Thread 1 ] WARN  GameWorld            - Attempted to remove entity which is not active
22:20:07.384 [FXGL Background Thread 1 ] WARN  GameWorld            - Attempted to remove entity which is not active
22:20:07.395 [FXGL Background Thread 1 ] WARN  GameWorld            - Attempted to remove entity which is not active
22:20:07.397 [FXGL Background Thread 1 ] WARN  GameWorld            - Attempted to remove entity which is not active
22:20:07.399 [FXGL Background Thread 1 ] WARN  GameWorld            - Attempted to remove entity which is not active
22:20:07.401 [FXGL Background Thread 1 ] WARN  GameWorld            - Attempted to remove entity which is not active
22:20:07.451 [FXGL Background Thread 1 ] WARN  GameWorld            - Attempted to remove entity which is not active
22:20:07.457 [FXGL Background Thread 1 ] WARN  GameWorld            - Attempted to remove entity which is not active
22:20:07.508 [FXGL Background Thread 1 ] WARN  GameWorld            - Attempted to remove entity which is not active
22:20:07.510 [FXGL Background Thread 1 ] WARN  GameWorld            - Attempted to remove entity which is not active
22:20:07.530 [FXGL Background Thread 1 ] DEBUG FXGLAssetLoaderServi - Loading from file system: file:/Users/archiecabiso/Documents/2nd%20Year%20-%20CS/2nd%20Sem/CSIT228/OOP2-Capstone/target/classes/assets/textures/mobs/gargoyle/gargoyle.png
22:20:07.916 [FXGL Background Thread 1 ] INFO  FXGLApplication      - Game initialization took: 2.436 sec
22:20:07.918 [JavaFX Application Thread] DEBUG Input                - Clearing active input actions
22:20:07.931 [JavaFX Application Thread] DEBUG GameApplicationServi - Removing overlay from FXGLLoadingScene and adding to GameScene
22:20:07.932 [JavaFX Application Thread] DEBUG PrimaryStageWindow   - FXGLLoadingScene -> GameScene
22:20:08.260 [FXGL Background Thread 3 ] DEBUG Engine               - Logging environment variables
22:20:08.261 [FXGL Background Thread 3 ] DEBUG Engine               - achievements: []
22:20:08.262 [FXGL Background Thread 3 ] DEBUG Engine               - actualHeight: 720.0
22:20:08.262 [FXGL Background Thread 3 ] DEBUG Engine               - actualHeightProperty: ReadOnlyDoubleProperty [value: 720.0]
22:20:08.262 [FXGL Background Thread 3 ] DEBUG Engine               - actualWidth: 1280.0
22:20:08.262 [FXGL Background Thread 3 ] DEBUG Engine               - actualWidthProperty: ReadOnlyDoubleProperty [value: 1280.0]
22:20:08.262 [FXGL Background Thread 3 ] DEBUG Engine               - appIcon: fxgl_icon.png
22:20:08.263 [FXGL Background Thread 3 ] DEBUG Engine               - applicationMode: DEVELOPER
22:20:08.263 [FXGL Background Thread 3 ] DEBUG Engine               - cSSList: [fxgl_dark.css]
22:20:08.263 [FXGL Background Thread 3 ] DEBUG Engine               - collisionDetectionStrategy: BRUTE_FORCE
22:20:08.263 [FXGL Background Thread 3 ] DEBUG Engine               - configClass: Optional.empty
22:20:08.263 [FXGL Background Thread 3 ] DEBUG Engine               - credits: []
22:20:08.266 [FXGL Background Thread 3 ] DEBUG Engine               - defaultCursor: CursorInfo(imageName=fxgl_default_cursor.png, hotspotX=7.0, hotspotY=6.0)
22:20:08.266 [FXGL Background Thread 3 ] DEBUG Engine               - devBBoxColorProperty: ObjectProperty [value: 0xff0000ff]
22:20:08.266 [FXGL Background Thread 3 ] DEBUG Engine               - devEnableDebugCameraProperty: BooleanProperty [value: false]
22:20:08.266 [FXGL Background Thread 3 ] DEBUG Engine               - devSensorColorProperty: ObjectProperty [value: 0xffff00ff]
22:20:08.266 [FXGL Background Thread 3 ] DEBUG Engine               - devShowBBoxProperty: BooleanProperty [value: false]
22:20:08.267 [FXGL Background Thread 3 ] DEBUG Engine               - devShowPositionProperty: BooleanProperty [value: false]
22:20:08.267 [FXGL Background Thread 3 ] DEBUG Engine               - enabledMenuItems: []
22:20:08.267 [FXGL Background Thread 3 ] DEBUG Engine               - engineServices: [class com.almasb.fxgl.app.services.FXGLAssetLoaderService, class com.almasb.fxgl.app.FXGLApplication$GameApplicationService, class com.almasb.fxgl.app.services.FXGLDialogService, class com.almasb.fxgl.app.services.IOTaskExecutorService, class com.almasb.fxgl.io.FileSystemService, class com.almasb.fxgl.localization.LocalizationService, class com.almasb.fxgl.app.services.SystemBundleService, class com.almasb.fxgl.profile.SaveLoadService, class com.almasb.fxgl.ui.FXGLUIFactoryServiceProvider, class com.almasb.fxgl.ui.FXGLDialogFactoryServiceProvider, class com.almasb.fxgl.audio.AudioPlayer, class com.almasb.fxgl.notification.impl.NotificationServiceProvider, class com.almasb.fxgl.achievement.AchievementService, class com.almasb.fxgl.cutscene.CutsceneService, class com.almasb.fxgl.minigames.MiniGameService, class com.almasb.fxgl.net.NetService, class com.almasb.fxgl.app.services.UpdaterService, class com.almasb.fxgl.dev.DevService]
22:20:08.267 [FXGL Background Thread 3 ] DEBUG Engine               - fontGame: Abel-Regular.ttf
22:20:08.267 [FXGL Background Thread 3 ] DEBUG Engine               - fontMono: TerminalLandMono-Regular.otf
22:20:08.267 [FXGL Background Thread 3 ] DEBUG Engine               - fontSizeScaleUI: 1.0
22:20:08.267 [FXGL Background Thread 3 ] DEBUG Engine               - fontText: Courier-Prime.ttf
22:20:08.267 [FXGL Background Thread 3 ] DEBUG Engine               - fontUI: VarelaRound-Regular.ttf
22:20:08.267 [FXGL Background Thread 3 ] DEBUG Engine               - fullScreen: BooleanProperty [value: false]
22:20:08.267 [FXGL Background Thread 3 ] DEBUG Engine               - gameDifficulty: MEDIUM
22:20:08.268 [FXGL Background Thread 3 ] DEBUG Engine               - gameDifficultyProperty: ObjectProperty [value: MEDIUM]
22:20:08.268 [FXGL Background Thread 3 ] DEBUG Engine               - globalMusicVolume: 0.5
22:20:08.268 [FXGL Background Thread 3 ] DEBUG Engine               - globalMusicVolumeProperty: DoubleProperty [value: 0.5]
22:20:08.268 [FXGL Background Thread 3 ] DEBUG Engine               - globalSoundVolume: 0.5
22:20:08.268 [FXGL Background Thread 3 ] DEBUG Engine               - globalSoundVolumeProperty: DoubleProperty [value: 0.5]
22:20:08.268 [FXGL Background Thread 3 ] DEBUG Engine               - height: 720
22:20:08.268 [FXGL Background Thread 3 ] DEBUG Engine               - is3D: false
22:20:08.268 [FXGL Background Thread 3 ] DEBUG Engine               - isAndroid: false
22:20:08.268 [FXGL Background Thread 3 ] DEBUG Engine               - isBrowser: false
22:20:08.268 [FXGL Background Thread 3 ] DEBUG Engine               - isClickFeedbackEnabled: false
22:20:08.269 [FXGL Background Thread 3 ] DEBUG Engine               - isCloseConfirmation: false
22:20:08.269 [FXGL Background Thread 3 ] DEBUG Engine               - isDesktop: true
22:20:08.269 [FXGL Background Thread 3 ] DEBUG Engine               - isDeveloperMenuEnabled: false
22:20:08.269 [FXGL Background Thread 3 ] DEBUG Engine               - isEmbedded: false
22:20:08.269 [FXGL Background Thread 3 ] DEBUG Engine               - isEntityPreloadEnabled: true
22:20:08.269 [FXGL Background Thread 3 ] DEBUG Engine               - isExperimentalTiledLargeMap: false
22:20:08.269 [FXGL Background Thread 3 ] DEBUG Engine               - isFileSystemWriteAllowed: true
22:20:08.269 [FXGL Background Thread 3 ] DEBUG Engine               - isFullScreenAllowed: false
22:20:08.269 [FXGL Background Thread 3 ] DEBUG Engine               - isFullScreenFromStart: false
22:20:08.269 [FXGL Background Thread 3 ] DEBUG Engine               - isGameMenuEnabled: false
22:20:08.269 [FXGL Background Thread 3 ] DEBUG Engine               - isIOS: false
22:20:08.270 [FXGL Background Thread 3 ] DEBUG Engine               - isIntroEnabled: false
22:20:08.270 [FXGL Background Thread 3 ] DEBUG Engine               - isLinux: false
22:20:08.270 [FXGL Background Thread 3 ] DEBUG Engine               - isMac: true
22:20:08.270 [FXGL Background Thread 3 ] DEBUG Engine               - isMainMenuEnabled: false
22:20:08.270 [FXGL Background Thread 3 ] DEBUG Engine               - isManualResizeEnabled: false
22:20:08.270 [FXGL Background Thread 3 ] DEBUG Engine               - isMobile: false
22:20:08.270 [FXGL Background Thread 3 ] DEBUG Engine               - isNative: false
22:20:08.270 [FXGL Background Thread 3 ] DEBUG Engine               - isPauseMusicWhenMinimized: true
22:20:08.270 [FXGL Background Thread 3 ] DEBUG Engine               - isPreserveResizeRatio: true
22:20:08.271 [FXGL Background Thread 3 ] DEBUG Engine               - isProfilingEnabled: false
22:20:08.271 [FXGL Background Thread 3 ] DEBUG Engine               - isScaleAffectedOnResize: true
22:20:08.271 [FXGL Background Thread 3 ] DEBUG Engine               - isSingleStep: false
22:20:08.271 [FXGL Background Thread 3 ] DEBUG Engine               - isUserProfileEnabled: false
22:20:08.271 [FXGL Background Thread 3 ] DEBUG Engine               - isWindows: false
22:20:08.271 [FXGL Background Thread 3 ] DEBUG Engine               - language: ObjectProperty [value: ENGLISH]
22:20:08.271 [FXGL Background Thread 3 ] DEBUG Engine               - menuKey: ESCAPE
22:20:08.271 [FXGL Background Thread 3 ] DEBUG Engine               - mouseSensitivity: 0.2
22:20:08.272 [FXGL Background Thread 3 ] DEBUG Engine               - notificationViewClass: class com.almasb.fxgl.notification.view.XboxNotificationView
22:20:08.272 [FXGL Background Thread 3 ] DEBUG Engine               - pixelsPerMeter: 50.0
22:20:08.272 [FXGL Background Thread 3 ] DEBUG Engine               - platform: MAC
22:20:08.272 [FXGL Background Thread 3 ] DEBUG Engine               - prefHeightProperty: ReadOnlyDoubleProperty [value: 720.0]
22:20:08.272 [FXGL Background Thread 3 ] DEBUG Engine               - prefWidthProperty: ReadOnlyDoubleProperty [value: 1280.0]
22:20:08.272 [FXGL Background Thread 3 ] DEBUG Engine               - profileDir: profiles/
22:20:08.272 [FXGL Background Thread 3 ] DEBUG Engine               - profileName: StringProperty [value: DEFAULT]
22:20:08.273 [FXGL Background Thread 3 ] DEBUG Engine               - randomSeed: -1
22:20:08.274 [FXGL Background Thread 3 ] DEBUG Engine               - runtimeInfo: RuntimeInfo(platform=MAC, version=21.1, build=27.03.2024 07.52)
22:20:08.274 [FXGL Background Thread 3 ] DEBUG Engine               - saveFileExt: sav
22:20:08.275 [FXGL Background Thread 3 ] DEBUG Engine               - scaledHeightProp$fxgl: DoubleProperty [bound, value: 720.0]
22:20:08.275 [FXGL Background Thread 3 ] DEBUG Engine               - scaledWidthProp$fxgl: DoubleProperty [bound, value: 1280.0]
22:20:08.275 [FXGL Background Thread 3 ] DEBUG Engine               - sceneFactory: com.almasb.fxgl.app.scene.SceneFactory@4d8c6c19
22:20:08.275 [FXGL Background Thread 3 ] DEBUG Engine               - secondsIn24h: 60
22:20:08.275 [FXGL Background Thread 3 ] DEBUG Engine               - soundMenuBack: menu/back.wav
22:20:08.275 [FXGL Background Thread 3 ] DEBUG Engine               - soundMenuPress: menu/press.wav
22:20:08.275 [FXGL Background Thread 3 ] DEBUG Engine               - soundMenuSelect: menu/select.wav
22:20:08.276 [FXGL Background Thread 3 ] DEBUG Engine               - soundNotification: core/notification.wav
22:20:08.276 [FXGL Background Thread 3 ] DEBUG Engine               - stageStyle: DECORATED
22:20:08.276 [FXGL Background Thread 3 ] DEBUG Engine               - supportedLanguages: [ENGLISH, FRENCH, GERMAN, HUNGARIAN, RUSSIAN]
22:20:08.276 [FXGL Background Thread 3 ] DEBUG Engine               - ticksPerSecond: -1
22:20:08.276 [FXGL Background Thread 3 ] DEBUG Engine               - title: TypeWiz - Winter Theme
22:20:08.276 [FXGL Background Thread 3 ] DEBUG Engine               - urlGithub: https://github.com/AlmasB/FXGL
22:20:08.276 [FXGL Background Thread 3 ] DEBUG Engine               - urlLeaderboard: http://fxgl-top.herokuapp.com/
22:20:08.276 [FXGL Background Thread 3 ] DEBUG Engine               - urlPOM: https://raw.githubusercontent.com/AlmasB/FXGL/release/README.md
22:20:08.277 [FXGL Background Thread 3 ] DEBUG Engine               - userAppClass: class com.oop2.typewiz.GameplayComponents.Game
22:20:08.277 [FXGL Background Thread 3 ] DEBUG Engine               - version: 0.0
22:20:08.277 [FXGL Background Thread 3 ] DEBUG Engine               - versionCheckDays: 7
22:20:08.277 [FXGL Background Thread 3 ] DEBUG Engine               - width: 1280
22:20:08.277 [FXGL Background Thread 3 ] DEBUG Engine               - Logging services
22:20:08.277 [FXGL Background Thread 3 ] DEBUG Engine               - class com.almasb.fxgl.app.services.FXGLAssetLoaderService
22:20:08.277 [FXGL Background Thread 3 ] DEBUG Engine               - class com.almasb.fxgl.app.FXGLApplication$GameApplicationService
22:20:08.277 [FXGL Background Thread 3 ] DEBUG Engine               - class com.almasb.fxgl.app.services.FXGLDialogService
22:20:08.277 [FXGL Background Thread 3 ] DEBUG Engine               - class com.almasb.fxgl.app.services.IOTaskExecutorService
22:20:08.278 [FXGL Background Thread 3 ] DEBUG Engine               - class com.almasb.fxgl.io.FileSystemService
22:20:08.278 [FXGL Background Thread 3 ] DEBUG Engine               - class com.almasb.fxgl.localization.LocalizationService
22:20:08.278 [FXGL Background Thread 3 ] DEBUG Engine               - class com.almasb.fxgl.app.services.SystemBundleService
22:20:08.278 [FXGL Background Thread 3 ] DEBUG Engine               - class com.almasb.fxgl.profile.SaveLoadService
22:20:08.278 [FXGL Background Thread 3 ] DEBUG Engine               - class com.almasb.fxgl.ui.FXGLUIFactoryServiceProvider
22:20:08.278 [FXGL Background Thread 3 ] DEBUG Engine               - class com.almasb.fxgl.ui.FXGLDialogFactoryServiceProvider
22:20:08.278 [FXGL Background Thread 3 ] DEBUG Engine               - class com.almasb.fxgl.audio.AudioPlayer
22:20:08.278 [FXGL Background Thread 3 ] DEBUG Engine               - class com.almasb.fxgl.notification.impl.NotificationServiceProvider
22:20:08.278 [FXGL Background Thread 3 ] DEBUG Engine               - class com.almasb.fxgl.achievement.AchievementService
22:20:08.278 [FXGL Background Thread 3 ] DEBUG Engine               - class com.almasb.fxgl.cutscene.CutsceneService
22:20:08.278 [FXGL Background Thread 3 ] DEBUG Engine               - class com.almasb.fxgl.minigames.MiniGameService
22:20:08.278 [FXGL Background Thread 3 ] DEBUG Engine               - class com.almasb.fxgl.net.NetService
22:20:08.279 [FXGL Background Thread 3 ] DEBUG Engine               - class com.almasb.fxgl.app.services.UpdaterService
22:20:08.279 [FXGL Background Thread 3 ] DEBUG Engine               - class com.almasb.fxgl.dev.DevService
22:20:40.826 [JavaFX Application Thread] DEBUG FXGLApplication      - Exiting FXGL
22:20:40.826 [JavaFX Application Thread] DEBUG LoopRunner           - Stopping loop
22:20:40.826 [JavaFX Application Thread] DEBUG SystemBundleService  - Saving FXGL system data
22:20:40.829 [JavaFX Application Thread] DEBUG FileSystemAccess     - Writing to: /Users/archiecabiso/Documents/2nd Year - CS/2nd Sem/CSIT228/OOP2-Capstone/system/fxgl.bundle
22:20:40.832 [JavaFX Application Thread] DEBUG Async                - Shutting down background threads
22:20:40.832 [JavaFX Application Thread] DEBUG PrimaryStageWindow   - Closing main window
22:20:40.840 [JavaFX Application Thread] DEBUG Logger               - Closing Logger
