11:45:04.959 [main                     ] DEBUG Logger               - Configured Logger
11:45:05.037 [main                     ] DEBUG GameApplication      - Logging settings
Title: TypeWiz
Version: 0.0
Width: 800
Height: 600
Fullscreen: false
Intro: false
Profiling: false
Single step:false
App Mode: DEVELOPER
Menu Key: ESCAPE
Stage Style: DECORATED
Scene Factory: class com.almasb.fxgl.app.scene.SceneFactory

11:45:05.758 [JavaFX Application Thread] DEBUG FXGLApplication      - Initializing FXGL
11:45:05.766 [JavaFX Application Thread] INFO  Engine               - FXGL-17.2 (20.08.2022 16.50) on MAC (J:23.0.1 FX:19)
11:45:05.767 [JavaFX Application Thread] DEBUG Engine               - JRE Vendor Name: Oracle Corporation
11:45:05.768 [JavaFX Application Thread] DEBUG Engine               - Running on OS: Mac OS X version 10.15.7
11:45:05.768 [JavaFX Application Thread] DEBUG Engine               - Architecture: x86_64
11:45:05.768 [JavaFX Application Thread] INFO  Engine               - Source code and latest versions at: https://github.com/AlmasB/FXGL
11:45:05.768 [JavaFX Application Thread] INFO  Engine               -       Ask questions and discuss at: https://github.com/AlmasB/FXGL/discussions
11:45:05.769 [JavaFX Application Thread] INFO  Engine               -              Join the FXGL chat at: https://gitter.im/AlmasB/FXGL
11:45:05.978 [JavaFX Application Thread] DEBUG PrimaryStageWindow   - Creating a JavaFX scene
11:45:06.241 [JavaFX Application Thread] DEBUG PrimaryStageWindow   - Target settings size: 800.0 x 600.0
11:45:06.242 [JavaFX Application Thread] DEBUG PrimaryStageWindow   - Scaled scene size:    800.0 x 600.0
11:45:06.242 [JavaFX Application Thread] DEBUG PrimaryStageWindow   - Scaled ratio: (1.0, 1.0)
11:45:06.245 [JavaFX Application Thread] DEBUG PrimaryStageWindow   - Set initial scene to FXGLStartupScene
11:45:06.299 [JavaFX Application Thread] DEBUG PrimaryStageWindow   - Opening main window
11:45:06.530 [JavaFX Application Thread] DEBUG PrimaryStageWindow   - Window border size: (0.0, 22.0)
11:45:06.531 [JavaFX Application Thread] DEBUG PrimaryStageWindow   - Scaled size: 800.0 x 600.0
11:45:06.532 [JavaFX Application Thread] DEBUG PrimaryStageWindow   - Scaled ratio: (1.0, 1.0)
11:45:06.532 [JavaFX Application Thread] DEBUG PrimaryStageWindow   - Scene size: 800.0 x 600.0
11:45:06.533 [JavaFX Application Thread] DEBUG PrimaryStageWindow   - Stage size: 800.0 x 622.0
11:45:06.558 [FXGL Background Thread 1 ] DEBUG Engine               - Initializing environment variables
11:45:06.843 [FXGL Background Thread 1 ] DEBUG FXGLAssetLoaderServi - User app class for loading assets: class com.oop2.typewiz.Gameplay
11:45:06.844 [FXGL Background Thread 1 ] DEBUG GameApplicationServi - Applying CSS: fxgl_dark.css
11:45:06.845 [FXGL Background Thread 1 ] DEBUG FXGLAssetLoaderServi - Loading from file system: jar:file:///Users/archiecabiso/.m2/repository/com/github/almasb/fxgl/17.2/fxgl-17.2.jar!/fxglassets/ui/css/fxgl_dark.css
11:45:07.047 [FXGL Background Thread 1 ] DEBUG GameApplicationServi - Initializing application scenes
11:45:08.030 [FXGL Background Thread 1 ] DEBUG GameWorld            - Game world initialized
11:45:08.277 [FXGL Background Thread 1 ] DEBUG PhysicsWorld         - Physics world initialized: appHeight=600, physics.ppm=50.0
11:45:08.277 [FXGL Background Thread 1 ] DEBUG PhysicsWorld         - Using strategy: BRUTE_FORCE
11:45:08.287 [FXGL Background Thread 1 ] DEBUG GameScene            - Game scene initialized: 800x600
11:45:08.311 [FXGL Background Thread 1 ] DEBUG FXGL.DefaultMenu     - createMenuBodyGameMenu()
11:45:08.350 [FXGL Background Thread 1 ] DEBUG FXGL.DefaultMenu     - createOptionsMenu()
11:45:08.373 [FXGL Background Thread 1 ] DEBUG FXGLAssetLoaderServi - Loading from file system: jar:file:///Users/archiecabiso/.m2/repository/com/github/almasb/fxgl/17.2/fxgl-17.2.jar!/fxglassets/textures/particles/smoke.png
11:45:08.563 [FXGL Background Thread 1 ] DEBUG FXGLAssetLoaderServi - Loading from file system: jar:file:///Users/archiecabiso/.m2/repository/com/github/almasb/fxgl/17.2/fxgl-17.2.jar!/fxglassets/textures/particles/trace_horizontal.png
11:45:08.598 [FXGL Background Thread 1 ] DEBUG GameApplicationServi - Application scenes initialized
11:45:08.627 [FXGL Background Thread 1 ] DEBUG SystemBundleService  - Loading FXGL system data
11:45:08.634 [FXGL Background Thread 1 ] DEBUG FileSystemAccess     - Reading from: /Users/archiecabiso/Documents/2nd Year - CS/2nd Sem/CSIT228/OOP2-Capstone/system/fxgl.bundle
11:45:08.645 [FXGL Background Thread 1 ] DEBUG SystemBundleService  - Bundle FXGL: {}
11:45:08.646 [FXGL Background Thread 1 ] DEBUG UpdaterService       - Checking for updates
11:45:08.653 [FXGL Background Thread 4 ] DEBUG FXGLApplication      - Loading fonts
11:45:08.653 [FXGL Background Thread 4 ] DEBUG FXGLAssetLoaderServi - Loading from file system: jar:file:///Users/archiecabiso/.m2/repository/com/github/almasb/fxgl/17.2/fxgl-17.2.jar!/fxglassets/ui/fonts/VarelaRound-Regular.ttf
11:45:08.655 [FXGL Background Thread 1 ] DEBUG FXGLApplication      - Loading default localization
11:45:08.655 [FXGL Background Thread 1 ] DEBUG FXGLAssetLoaderServi - Loading from file system: jar:file:///Users/archiecabiso/.m2/repository/com/github/almasb/fxgl/17.2/fxgl-17.2.jar!/fxglassets/languages/english.lang
11:45:08.669 [FXGL Background Thread 4 ] DEBUG FXGLAssetLoaderServi - Loading from file system: jar:file:///Users/archiecabiso/.m2/repository/com/github/almasb/fxgl/17.2/fxgl-17.2.jar!/fxglassets/ui/fonts/Abel-Regular.ttf
11:45:08.673 [FXGL Background Thread 4 ] DEBUG FXGLAssetLoaderServi - Loading from file system: jar:file:///Users/archiecabiso/.m2/repository/com/github/almasb/fxgl/17.2/fxgl-17.2.jar!/fxglassets/ui/fonts/TerminalLandMono-Regular.otf
11:45:08.678 [FXGL Background Thread 4 ] DEBUG FXGLAssetLoaderServi - Loading from file system: jar:file:///Users/archiecabiso/.m2/repository/com/github/almasb/fxgl/17.2/fxgl-17.2.jar!/fxglassets/ui/fonts/Courier-Prime.ttf
11:45:08.685 [JavaFX Application Thread] DEBUG FXGLApplication      - Registering font factories with UI factory
11:45:08.705 [FXGL Background Thread 1 ] INFO  FXGLApplication      - FXGL initialization took: 2.147 sec
11:45:08.707 [JavaFX Application Thread] DEBUG FXGLAssetLoaderServi - Loading from file system: jar:file:///Users/archiecabiso/.m2/repository/com/github/almasb/fxgl/17.2/fxgl-17.2.jar!/fxglassets/textures/fxgl_icon.png
11:45:08.754 [JavaFX Application Thread] DEBUG FXGLAssetLoaderServi - Loading from file system: jar:file:///Users/archiecabiso/.m2/repository/com/github/almasb/fxgl/17.2/fxgl-17.2.jar!/fxglassets/textures/fxgl_default_cursor.png
11:45:08.771 [JavaFX Application Thread] DEBUG Input                - Registered new binding: Screenshot - CTRL+8
11:45:08.771 [JavaFX Application Thread] DEBUG Input                - Registered new binding: System info dump - CTRL+9
11:45:08.772 [JavaFX Application Thread] DEBUG Input                - Registered new binding: Restart - CTRL+R
11:45:08.773 [JavaFX Application Thread] DEBUG Input                - Registered new binding: Toggle Debug Camera - CTRL+7
11:45:08.776 [JavaFX Application Thread] DEBUG LoopRunner           - Starting loop
11:45:08.776 [JavaFX Application Thread] DEBUG LoopRunner           - Initializing JavaFX AnimationTimerLoop
11:45:08.778 [JavaFX Application Thread] DEBUG GameApplicationServi - Starting new game
11:45:08.779 [JavaFX Application Thread] DEBUG Input                - Clearing active input actions
11:45:08.798 [JavaFX Application Thread] DEBUG GameApplicationServi - Removing overlay from FXGLStartupScene and adding to FXGLLoadingScene
11:45:08.799 [JavaFX Application Thread] DEBUG PrimaryStageWindow   - FXGLStartupScene -> FXGLLoadingScene
11:45:08.799 [JavaFX Application Thread] DEBUG GameApplicationServi - Clearing previous game
11:45:08.799 [JavaFX Application Thread] DEBUG GameScene            - Clearing game scene
11:45:08.799 [JavaFX Application Thread] DEBUG GameWorld            - Clearing game world
11:45:08.800 [JavaFX Application Thread] DEBUG PhysicsWorld         - Clearing physics world
11:45:08.834 [FXGL Background Thread 1 ] DEBUG FXGLApplication      - Initializing game
11:45:08.894 [FXGL Background Thread 1 ] WARN  FXGLAssetLoaderServi - Asset "/assets/textures/typewiz_logo.png" was not found!
11:45:08.898 [FXGL Background Thread 1 ] WARN  FXGLAssetLoaderServi - Failed to load IMAGE
11:45:09.084 [FXGL Background Thread 1 ] INFO  FXGLApplication      - Game initialization took: 0.250 sec
11:45:09.086 [JavaFX Application Thread] DEBUG Input                - Clearing active input actions
11:45:09.103 [JavaFX Application Thread] DEBUG GameApplicationServi - Removing overlay from FXGLLoadingScene and adding to GameScene
11:45:09.103 [JavaFX Application Thread] DEBUG PrimaryStageWindow   - FXGLLoadingScene -> GameScene
11:45:10.006 [FXGL Background Thread 2 ] INFO  UpdaterService       - Your current version:  17.2
11:45:10.007 [FXGL Background Thread 2 ] INFO  UpdaterService       - Latest stable version: 21.1
11:45:10.980 [JavaFX Application Thread] DEBUG FXGLApplication      - Exiting FXGL
11:45:10.981 [JavaFX Application Thread] DEBUG LoopRunner           - Stopping loop
11:45:10.981 [JavaFX Application Thread] DEBUG SystemBundleService  - Saving FXGL system data
11:45:10.983 [JavaFX Application Thread] DEBUG FileSystemAccess     - Writing to: /Users/archiecabiso/Documents/2nd Year - CS/2nd Sem/CSIT228/OOP2-Capstone/system/fxgl.bundle
11:45:10.985 [JavaFX Application Thread] DEBUG Async                - Shutting down background threads
11:45:10.986 [JavaFX Application Thread] DEBUG PrimaryStageWindow   - Closing main window
11:45:10.992 [JavaFX Application Thread] DEBUG Logger               - Closing Logger
