05:38:01.626 [main                     ] DEBUG Logger               - Configured Logger
05:38:01.653 [main                     ] DEBUG GameApplication      - Logging settings
Title: TypeWiz - Winter Theme
Version: 0.0
Width: 1280
Height: 720
Fullscreen: false
Intro: false
Profiling: false
Single step:false
App Mode: DEVELOPER
Menu Key: ESCAPE
Stage Style: DECORATED
Scene Factory: class com.almasb.fxgl.app.scene.SceneFactory

05:38:01.906 [JavaFX Application Thread] DEBUG FXGLApplication      - Initializing FXGL
05:38:01.909 [JavaFX Application Thread] INFO  Engine               - FXGL-21.1 (27.03.2024 07.52) on WINDOWS (J:21.0.3 FX:19)
05:38:01.910 [JavaFX Application Thread] DEBUG Engine               - JRE Vendor Name: Oracle Corporation
05:38:01.910 [JavaFX Application Thread] DEBUG Engine               - Running on OS: Windows 11 version 10.0
05:38:01.910 [JavaFX Application Thread] DEBUG Engine               - Architecture: amd64
05:38:01.910 [JavaFX Application Thread] INFO  Engine               - Source code and latest versions at: https://github.com/AlmasB/FXGL
05:38:01.911 [JavaFX Application Thread] INFO  Engine               -       Ask questions and discuss at: https://github.com/AlmasB/FXGL/discussions
05:38:01.911 [JavaFX Application Thread] INFO  Engine               -              Join the FXGL chat at: https://gitter.im/AlmasB/FXGL
05:38:01.977 [JavaFX Application Thread] DEBUG PrimaryStageWindow   - Creating a JavaFX scene
05:38:02.012 [JavaFX Application Thread] DEBUG PrimaryStageWindow   - Target settings size: 1280.0 x 720.0
05:38:02.012 [JavaFX Application Thread] DEBUG PrimaryStageWindow   - Scaled scene size:    1280.0 x 720.0
05:38:02.012 [JavaFX Application Thread] DEBUG PrimaryStageWindow   - Scaled ratio: (1.0, 1.0)
05:38:02.013 [JavaFX Application Thread] DEBUG PrimaryStageWindow   - Set initial scene to FXGLStartupScene
05:38:02.015 [JavaFX Application Thread] DEBUG PrimaryStageWindow   - Opening main window
05:38:02.083 [JavaFX Application Thread] DEBUG PrimaryStageWindow   - Window border size: (14.4000244140625, 37.5999755859375)
05:38:02.083 [JavaFX Application Thread] DEBUG PrimaryStageWindow   - Scaled size: 1280.0 x 720.0
05:38:02.083 [JavaFX Application Thread] DEBUG PrimaryStageWindow   - Scaled ratio: (1.0, 1.0)
05:38:02.084 [JavaFX Application Thread] DEBUG PrimaryStageWindow   - Scene size: 1280.0 x 720.0
05:38:02.084 [JavaFX Application Thread] DEBUG PrimaryStageWindow   - Stage size: 1294.4000244140625 x 757.5999755859375
05:38:02.091 [FXGL Background Thread 1 ] DEBUG Engine               - Initializing environment variables
05:38:02.138 [FXGL Background Thread 1 ] DEBUG FXGLAssetLoaderServi - User app class for loading assets: class com.oop2.typewiz.GameplayComponents.Game
05:38:02.138 [FXGL Background Thread 1 ] DEBUG GameApplicationServi - Applying CSS: fxgl_dark.css
05:38:02.139 [FXGL Background Thread 1 ] DEBUG FXGLAssetLoaderServi - Loading from file system: jar:file:///C:/Users/Ruhmer%20Jairus/.m2/repository/com/github/almasb/fxgl/21.1/fxgl-21.1.jar!/fxglassets/ui/css/fxgl_dark.css
05:38:02.186 [FXGL Background Thread 1 ] DEBUG GameApplicationServi - Initializing application scenes
05:38:02.244 [FXGL Background Thread 1 ] DEBUG GameWorld            - Game world initialized
05:38:02.327 [FXGL Background Thread 1 ] DEBUG PhysicsWorld         - Physics world initialized: appHeight=720, physics.ppm=50.0
05:38:02.328 [FXGL Background Thread 1 ] DEBUG PhysicsWorld         - Using strategy: BRUTE_FORCE
05:38:02.335 [FXGL Background Thread 1 ] DEBUG GameScene            - Game scene initialized: 1280x720
05:38:02.345 [FXGL Background Thread 1 ] DEBUG FXGL.DefaultMenu     - createMenuBodyGameMenu()
05:38:02.354 [FXGL Background Thread 1 ] DEBUG FXGL.DefaultMenu     - createOptionsMenu()
05:38:02.361 [FXGL Background Thread 1 ] DEBUG FXGLAssetLoaderServi - Loading from file system: jar:file:///C:/Users/Ruhmer%20Jairus/.m2/repository/com/github/almasb/fxgl/21.1/fxgl-21.1.jar!/fxglassets/textures/particles/smoke.png
05:38:02.445 [FXGL Background Thread 1 ] DEBUG FXGLAssetLoaderServi - Loading from file system: jar:file:///C:/Users/Ruhmer%20Jairus/.m2/repository/com/github/almasb/fxgl/21.1/fxgl-21.1.jar!/fxglassets/textures/particles/trace_horizontal.png
05:38:02.470 [FXGL Background Thread 1 ] DEBUG GameApplicationServi - Application scenes initialized
05:38:02.483 [FXGL Background Thread 1 ] DEBUG SystemBundleService  - Loading FXGL system data
05:38:02.486 [FXGL Background Thread 1 ] DEBUG FileSystemAccess     - Reading from: C:\Users\Ruhmer Jairus\OOP2-Capstone\system\fxgl.bundle
05:38:02.497 [FXGL Background Thread 1 ] DEBUG SystemBundleService  - Bundle FXGL: {}
05:38:02.497 [FXGL Background Thread 1 ] DEBUG UpdaterService       - Checking for updates
05:38:02.499 [FXGL Background Thread 4 ] DEBUG FXGLApplication      - Loading fonts
05:38:02.499 [FXGL Background Thread 1 ] DEBUG FXGLApplication      - Loading default localization
05:38:02.499 [FXGL Background Thread 4 ] DEBUG FXGLAssetLoaderServi - Loading from file system: jar:file:///C:/Users/Ruhmer%20Jairus/.m2/repository/com/github/almasb/fxgl/21.1/fxgl-21.1.jar!/fxglassets/ui/fonts/VarelaRound-Regular.ttf
05:38:02.500 [FXGL Background Thread 1 ] DEBUG FXGLAssetLoaderServi - Loading from file system: jar:file:///C:/Users/Ruhmer%20Jairus/.m2/repository/com/github/almasb/fxgl/21.1/fxgl-21.1.jar!/fxglassets/languages/english.lang
05:38:02.535 [FXGL Background Thread 4 ] DEBUG FXGLAssetLoaderServi - Loading from file system: jar:file:///C:/Users/Ruhmer%20Jairus/.m2/repository/com/github/almasb/fxgl/21.1/fxgl-21.1.jar!/fxglassets/ui/fonts/Abel-Regular.ttf
05:38:02.538 [FXGL Background Thread 4 ] DEBUG FXGLAssetLoaderServi - Loading from file system: jar:file:///C:/Users/Ruhmer%20Jairus/.m2/repository/com/github/almasb/fxgl/21.1/fxgl-21.1.jar!/fxglassets/ui/fonts/TerminalLandMono-Regular.otf
05:38:02.541 [FXGL Background Thread 4 ] DEBUG FXGLAssetLoaderServi - Loading from file system: jar:file:///C:/Users/Ruhmer%20Jairus/.m2/repository/com/github/almasb/fxgl/21.1/fxgl-21.1.jar!/fxglassets/ui/fonts/Courier-Prime.ttf
05:38:02.548 [JavaFX Application Thread] DEBUG FXGLApplication      - Registering font factories with UI factory
05:38:02.549 [FXGL Background Thread 1 ] INFO  FXGLApplication      - FXGL initialization took: 0.459 sec
05:38:02.550 [JavaFX Application Thread] DEBUG FXGLAssetLoaderServi - Loading from file system: jar:file:///C:/Users/Ruhmer%20Jairus/.m2/repository/com/github/almasb/fxgl/21.1/fxgl-21.1.jar!/fxglassets/textures/fxgl_icon.png
05:38:02.569 [JavaFX Application Thread] DEBUG FXGLAssetLoaderServi - Loading from file system: jar:file:///C:/Users/Ruhmer%20Jairus/.m2/repository/com/github/almasb/fxgl/21.1/fxgl-21.1.jar!/fxglassets/textures/fxgl_default_cursor.png
05:38:02.584 [JavaFX Application Thread] DEBUG Input                - Registered new binding: Screenshot - CTRL+8
05:38:02.585 [JavaFX Application Thread] DEBUG Input                - Registered new binding: System info dump - CTRL+9
05:38:02.586 [JavaFX Application Thread] DEBUG Input                - Registered new binding: Restart - CTRL+R
05:38:02.587 [JavaFX Application Thread] DEBUG Input                - Registered new binding: Toggle Debug Camera - CTRL+7
05:38:02.593 [JavaFX Application Thread] DEBUG LoopRunner           - Starting loop
05:38:02.593 [JavaFX Application Thread] DEBUG LoopRunner           - Initializing JavaFX AnimationTimerLoop
05:38:02.595 [JavaFX Application Thread] DEBUG GameApplicationServi - Starting new game
05:38:02.597 [JavaFX Application Thread] DEBUG Input                - Clearing active input actions
05:38:02.611 [JavaFX Application Thread] DEBUG GameApplicationServi - Removing overlay from FXGLStartupScene and adding to FXGLLoadingScene
05:38:02.612 [JavaFX Application Thread] DEBUG PrimaryStageWindow   - FXGLStartupScene -> FXGLLoadingScene
05:38:02.612 [JavaFX Application Thread] DEBUG GameApplicationServi - Clearing previous game
05:38:02.612 [JavaFX Application Thread] DEBUG GameScene            - Clearing game scene
05:38:02.612 [JavaFX Application Thread] DEBUG GameWorld            - Clearing game world
05:38:02.612 [JavaFX Application Thread] DEBUG PhysicsWorld         - Clearing physics world
05:38:02.615 [FXGL Background Thread 1 ] DEBUG FXGLApplication      - Initializing game
05:38:02.616 [FXGL Background Thread 1 ] DEBUG FXGLAssetLoaderServi - Loading from file system: file:/C:/Users/Ruhmer%20Jairus/OOP2-Capstone/target/classes/assets/textures/background-and-platforms/bg-winter_1280_720.png
05:38:02.662 [FXGL Background Thread 1 ] DEBUG FXGLAssetLoaderServi - Loading from file system: file:/C:/Users/Ruhmer%20Jairus/OOP2-Capstone/target/classes/assets/textures/background-and-platforms/hdlargerplatform-winter.png
05:38:02.763 [FXGL Background Thread 1 ] DEBUG FXGLAssetLoaderServi - Loading from file system: file:/C:/Users/Ruhmer%20Jairus/OOP2-Capstone/target/classes/assets/textures/wizard/wizard.png
05:38:02.854 [FXGL Background Thread 1 ] INFO  FXGLApplication      - Game initialization took: 0.239 sec
05:38:02.855 [JavaFX Application Thread] DEBUG Input                - Clearing active input actions
05:38:02.867 [JavaFX Application Thread] DEBUG GameApplicationServi - Removing overlay from FXGLLoadingScene and adding to GameScene
05:38:02.868 [JavaFX Application Thread] DEBUG PrimaryStageWindow   - FXGLLoadingScene -> GameScene
05:38:05.499 [FXGL Background Thread 3 ] DEBUG Engine               - Logging environment variables
05:38:05.499 [FXGL Background Thread 3 ] DEBUG Engine               - achievements: []
05:38:05.499 [FXGL Background Thread 3 ] DEBUG Engine               - actualHeight: 720.0
05:38:05.499 [FXGL Background Thread 3 ] DEBUG Engine               - actualHeightProperty: ReadOnlyDoubleProperty [value: 720.0]
05:38:05.499 [FXGL Background Thread 3 ] DEBUG Engine               - actualWidth: 1280.0
05:38:05.499 [FXGL Background Thread 3 ] DEBUG Engine               - actualWidthProperty: ReadOnlyDoubleProperty [value: 1280.0]
05:38:05.499 [FXGL Background Thread 3 ] DEBUG Engine               - appIcon: fxgl_icon.png
05:38:05.500 [FXGL Background Thread 3 ] DEBUG Engine               - applicationMode: DEVELOPER
05:38:05.500 [FXGL Background Thread 3 ] DEBUG Engine               - cSSList: [fxgl_dark.css]
05:38:05.500 [FXGL Background Thread 3 ] DEBUG Engine               - collisionDetectionStrategy: BRUTE_FORCE
05:38:05.500 [FXGL Background Thread 3 ] DEBUG Engine               - configClass: Optional.empty
05:38:05.500 [FXGL Background Thread 3 ] DEBUG Engine               - credits: []
05:38:05.500 [FXGL Background Thread 3 ] DEBUG Engine               - defaultCursor: CursorInfo(imageName=fxgl_default_cursor.png, hotspotX=7.0, hotspotY=6.0)
05:38:05.500 [FXGL Background Thread 3 ] DEBUG Engine               - devBBoxColorProperty: ObjectProperty [value: 0xff0000ff]
05:38:05.500 [FXGL Background Thread 3 ] DEBUG Engine               - devEnableDebugCameraProperty: BooleanProperty [value: false]
05:38:05.500 [FXGL Background Thread 3 ] DEBUG Engine               - devSensorColorProperty: ObjectProperty [value: 0xffff00ff]
05:38:05.500 [FXGL Background Thread 3 ] DEBUG Engine               - devShowBBoxProperty: BooleanProperty [value: false]
05:38:05.500 [FXGL Background Thread 3 ] DEBUG Engine               - devShowPositionProperty: BooleanProperty [value: false]
05:38:05.500 [FXGL Background Thread 3 ] DEBUG Engine               - enabledMenuItems: []
05:38:05.500 [FXGL Background Thread 3 ] DEBUG Engine               - engineServices: [class com.almasb.fxgl.app.services.FXGLAssetLoaderService, class com.almasb.fxgl.app.FXGLApplication$GameApplicationService, class com.almasb.fxgl.app.services.FXGLDialogService, class com.almasb.fxgl.app.services.IOTaskExecutorService, class com.almasb.fxgl.io.FileSystemService, class com.almasb.fxgl.localization.LocalizationService, class com.almasb.fxgl.app.services.SystemBundleService, class com.almasb.fxgl.profile.SaveLoadService, class com.almasb.fxgl.ui.FXGLUIFactoryServiceProvider, class com.almasb.fxgl.ui.FXGLDialogFactoryServiceProvider, class com.almasb.fxgl.audio.AudioPlayer, class com.almasb.fxgl.notification.impl.NotificationServiceProvider, class com.almasb.fxgl.achievement.AchievementService, class com.almasb.fxgl.cutscene.CutsceneService, class com.almasb.fxgl.minigames.MiniGameService, class com.almasb.fxgl.net.NetService, class com.almasb.fxgl.app.services.UpdaterService, class com.almasb.fxgl.dev.DevService]
05:38:05.500 [FXGL Background Thread 3 ] DEBUG Engine               - fontGame: Abel-Regular.ttf
05:38:05.500 [FXGL Background Thread 3 ] DEBUG Engine               - fontMono: TerminalLandMono-Regular.otf
05:38:05.500 [FXGL Background Thread 3 ] DEBUG Engine               - fontSizeScaleUI: 1.0
05:38:05.500 [FXGL Background Thread 3 ] DEBUG Engine               - fontText: Courier-Prime.ttf
05:38:05.500 [FXGL Background Thread 3 ] DEBUG Engine               - fontUI: VarelaRound-Regular.ttf
05:38:05.500 [FXGL Background Thread 3 ] DEBUG Engine               - fullScreen: BooleanProperty [value: false]
05:38:05.501 [FXGL Background Thread 3 ] DEBUG Engine               - gameDifficulty: MEDIUM
05:38:05.501 [FXGL Background Thread 3 ] DEBUG Engine               - gameDifficultyProperty: ObjectProperty [value: MEDIUM]
05:38:05.501 [FXGL Background Thread 3 ] DEBUG Engine               - globalMusicVolume: 0.5
05:38:05.501 [FXGL Background Thread 3 ] DEBUG Engine               - globalMusicVolumeProperty: DoubleProperty [value: 0.5]
05:38:05.501 [FXGL Background Thread 3 ] DEBUG Engine               - globalSoundVolume: 0.5
05:38:05.501 [FXGL Background Thread 3 ] DEBUG Engine               - globalSoundVolumeProperty: DoubleProperty [value: 0.5]
05:38:05.501 [FXGL Background Thread 3 ] DEBUG Engine               - height: 720
05:38:05.501 [FXGL Background Thread 3 ] DEBUG Engine               - is3D: false
05:38:05.501 [FXGL Background Thread 3 ] DEBUG Engine               - isAndroid: false
05:38:05.501 [FXGL Background Thread 3 ] DEBUG Engine               - isBrowser: false
05:38:05.501 [FXGL Background Thread 3 ] DEBUG Engine               - isClickFeedbackEnabled: false
05:38:05.501 [FXGL Background Thread 3 ] DEBUG Engine               - isCloseConfirmation: false
05:38:05.501 [FXGL Background Thread 3 ] DEBUG Engine               - isDesktop: true
05:38:05.501 [FXGL Background Thread 3 ] DEBUG Engine               - isDeveloperMenuEnabled: false
05:38:05.501 [FXGL Background Thread 3 ] DEBUG Engine               - isEmbedded: false
05:38:05.501 [FXGL Background Thread 3 ] DEBUG Engine               - isEntityPreloadEnabled: true
05:38:05.501 [FXGL Background Thread 3 ] DEBUG Engine               - isExperimentalTiledLargeMap: false
05:38:05.501 [FXGL Background Thread 3 ] DEBUG Engine               - isFileSystemWriteAllowed: true
05:38:05.501 [FXGL Background Thread 3 ] DEBUG Engine               - isFullScreenAllowed: false
05:38:05.501 [FXGL Background Thread 3 ] DEBUG Engine               - isFullScreenFromStart: false
05:38:05.501 [FXGL Background Thread 3 ] DEBUG Engine               - isGameMenuEnabled: true
05:38:05.501 [FXGL Background Thread 3 ] DEBUG Engine               - isIOS: false
05:38:05.501 [FXGL Background Thread 3 ] DEBUG Engine               - isIntroEnabled: false
05:38:05.501 [FXGL Background Thread 3 ] DEBUG Engine               - isLinux: false
05:38:05.501 [FXGL Background Thread 3 ] DEBUG Engine               - isMac: false
05:38:05.501 [FXGL Background Thread 3 ] DEBUG Engine               - isMainMenuEnabled: false
05:38:05.501 [FXGL Background Thread 3 ] DEBUG Engine               - isManualResizeEnabled: false
05:38:05.501 [FXGL Background Thread 3 ] DEBUG Engine               - isMobile: false
05:38:05.501 [FXGL Background Thread 3 ] DEBUG Engine               - isNative: false
05:38:05.501 [FXGL Background Thread 3 ] DEBUG Engine               - isPauseMusicWhenMinimized: true
05:38:05.502 [FXGL Background Thread 3 ] DEBUG Engine               - isPreserveResizeRatio: false
05:38:05.502 [FXGL Background Thread 3 ] DEBUG Engine               - isProfilingEnabled: false
05:38:05.502 [FXGL Background Thread 3 ] DEBUG Engine               - isScaleAffectedOnResize: true
05:38:05.502 [FXGL Background Thread 3 ] DEBUG Engine               - isSingleStep: false
05:38:05.502 [FXGL Background Thread 3 ] DEBUG Engine               - isUserProfileEnabled: false
05:38:05.502 [FXGL Background Thread 3 ] DEBUG Engine               - isWindows: true
05:38:05.502 [FXGL Background Thread 3 ] DEBUG Engine               - language: ObjectProperty [value: ENGLISH]
05:38:05.502 [FXGL Background Thread 3 ] DEBUG Engine               - menuKey: ESCAPE
05:38:05.502 [FXGL Background Thread 3 ] DEBUG Engine               - mouseSensitivity: 0.2
05:38:05.502 [FXGL Background Thread 3 ] DEBUG Engine               - notificationViewClass: class com.almasb.fxgl.notification.view.XboxNotificationView
05:38:05.502 [FXGL Background Thread 3 ] DEBUG Engine               - pixelsPerMeter: 50.0
05:38:05.502 [FXGL Background Thread 3 ] DEBUG Engine               - platform: WINDOWS
05:38:05.502 [FXGL Background Thread 3 ] DEBUG Engine               - prefHeightProperty: ReadOnlyDoubleProperty [value: 720.0]
05:38:05.502 [FXGL Background Thread 3 ] DEBUG Engine               - prefWidthProperty: ReadOnlyDoubleProperty [value: 1280.0]
05:38:05.502 [FXGL Background Thread 3 ] DEBUG Engine               - profileDir: profiles/
05:38:05.502 [FXGL Background Thread 3 ] DEBUG Engine               - profileName: StringProperty [value: DEFAULT]
05:38:05.502 [FXGL Background Thread 3 ] DEBUG Engine               - randomSeed: -1
05:38:05.502 [FXGL Background Thread 3 ] DEBUG Engine               - runtimeInfo: RuntimeInfo(platform=WINDOWS, version=21.1, build=27.03.2024 07.52)
05:38:05.502 [FXGL Background Thread 3 ] DEBUG Engine               - saveFileExt: sav
05:38:05.502 [FXGL Background Thread 3 ] DEBUG Engine               - scaledHeightProp$fxgl: DoubleProperty [bound, value: 720.0]
05:38:05.502 [FXGL Background Thread 3 ] DEBUG Engine               - scaledWidthProp$fxgl: DoubleProperty [bound, value: 1280.0]
05:38:05.502 [FXGL Background Thread 3 ] DEBUG Engine               - sceneFactory: com.almasb.fxgl.app.scene.SceneFactory@3b2cee99
05:38:05.502 [FXGL Background Thread 3 ] DEBUG Engine               - secondsIn24h: 60
05:38:05.502 [FXGL Background Thread 3 ] DEBUG Engine               - soundMenuBack: menu/back.wav
05:38:05.503 [FXGL Background Thread 3 ] DEBUG Engine               - soundMenuPress: menu/press.wav
05:38:05.503 [FXGL Background Thread 3 ] DEBUG Engine               - soundMenuSelect: menu/select.wav
05:38:05.503 [FXGL Background Thread 3 ] DEBUG Engine               - soundNotification: core/notification.wav
05:38:05.503 [FXGL Background Thread 3 ] DEBUG Engine               - stageStyle: DECORATED
05:38:05.503 [FXGL Background Thread 3 ] DEBUG Engine               - supportedLanguages: [ENGLISH, FRENCH, GERMAN, HUNGARIAN, RUSSIAN]
05:38:05.503 [FXGL Background Thread 3 ] DEBUG Engine               - ticksPerSecond: -1
05:38:05.503 [FXGL Background Thread 3 ] DEBUG Engine               - title: TypeWiz - Winter Theme
05:38:05.503 [FXGL Background Thread 3 ] DEBUG Engine               - urlGithub: https://github.com/AlmasB/FXGL
05:38:05.503 [FXGL Background Thread 3 ] DEBUG Engine               - urlLeaderboard: http://fxgl-top.herokuapp.com/
05:38:05.503 [FXGL Background Thread 3 ] DEBUG Engine               - urlPOM: https://raw.githubusercontent.com/AlmasB/FXGL/release/README.md
05:38:05.503 [FXGL Background Thread 3 ] DEBUG Engine               - userAppClass: class com.oop2.typewiz.GameplayComponents.Game
05:38:05.503 [FXGL Background Thread 3 ] DEBUG Engine               - version: 0.0
05:38:05.503 [FXGL Background Thread 3 ] DEBUG Engine               - versionCheckDays: 7
05:38:05.503 [FXGL Background Thread 3 ] DEBUG Engine               - width: 1280
05:38:05.503 [FXGL Background Thread 3 ] DEBUG Engine               - Logging services
05:38:05.503 [FXGL Background Thread 3 ] DEBUG Engine               - class com.almasb.fxgl.app.services.FXGLAssetLoaderService
05:38:05.503 [FXGL Background Thread 3 ] DEBUG Engine               - class com.almasb.fxgl.app.FXGLApplication$GameApplicationService
05:38:05.503 [FXGL Background Thread 3 ] DEBUG Engine               - class com.almasb.fxgl.app.services.FXGLDialogService
05:38:05.503 [FXGL Background Thread 3 ] DEBUG Engine               - class com.almasb.fxgl.app.services.IOTaskExecutorService
05:38:05.503 [FXGL Background Thread 3 ] DEBUG Engine               - class com.almasb.fxgl.io.FileSystemService
05:38:05.503 [FXGL Background Thread 3 ] DEBUG Engine               - class com.almasb.fxgl.localization.LocalizationService
05:38:05.503 [FXGL Background Thread 3 ] DEBUG Engine               - class com.almasb.fxgl.app.services.SystemBundleService
05:38:05.503 [FXGL Background Thread 3 ] DEBUG Engine               - class com.almasb.fxgl.profile.SaveLoadService
05:38:05.503 [FXGL Background Thread 3 ] DEBUG Engine               - class com.almasb.fxgl.ui.FXGLUIFactoryServiceProvider
05:38:05.503 [FXGL Background Thread 3 ] DEBUG Engine               - class com.almasb.fxgl.ui.FXGLDialogFactoryServiceProvider
05:38:05.503 [FXGL Background Thread 3 ] DEBUG Engine               - class com.almasb.fxgl.audio.AudioPlayer
05:38:05.503 [FXGL Background Thread 3 ] DEBUG Engine               - class com.almasb.fxgl.notification.impl.NotificationServiceProvider
05:38:05.503 [FXGL Background Thread 3 ] DEBUG Engine               - class com.almasb.fxgl.achievement.AchievementService
05:38:05.503 [FXGL Background Thread 3 ] DEBUG Engine               - class com.almasb.fxgl.cutscene.CutsceneService
05:38:05.503 [FXGL Background Thread 3 ] DEBUG Engine               - class com.almasb.fxgl.minigames.MiniGameService
05:38:05.503 [FXGL Background Thread 3 ] DEBUG Engine               - class com.almasb.fxgl.net.NetService
05:38:05.504 [FXGL Background Thread 3 ] DEBUG Engine               - class com.almasb.fxgl.app.services.UpdaterService
05:38:05.504 [FXGL Background Thread 3 ] DEBUG Engine               - class com.almasb.fxgl.dev.DevService
05:38:52.579 [JavaFX Application Thread] DEBUG FXGLApplication      - Exiting FXGL
05:38:52.579 [JavaFX Application Thread] DEBUG LoopRunner           - Stopping loop
05:38:52.579 [JavaFX Application Thread] DEBUG SystemBundleService  - Saving FXGL system data
05:38:52.581 [JavaFX Application Thread] DEBUG FileSystemAccess     - Writing to: C:\Users\Ruhmer Jairus\OOP2-Capstone\system\fxgl.bundle
05:38:52.582 [JavaFX Application Thread] DEBUG Async                - Shutting down background threads
05:38:52.582 [JavaFX Application Thread] DEBUG PrimaryStageWindow   - Closing main window
05:38:52.597 [JavaFX Application Thread] DEBUG Logger               - Closing Logger
