22:53:08.384 [main                     ] DEBUG Logger               - Configured Logger
22:53:08.701 [main                     ] DEBUG GameApplication      - Logging settings
Title: TypeWiz
Version: 0.0
Width: 1550
Height: 800
Fullscreen: false
Intro: false
Profiling: false
Single step:false
App Mode: DEVELOPER
Menu Key: ESCAPE
Stage Style: DECORATED
Scene Factory: class com.almasb.fxgl.app.scene.SceneFactory

22:53:10.553 [JavaFX Application Thread] DEBUG FXGLApplication      - Initializing FXGL
22:53:10.568 [JavaFX Application Thread] INFO  Engine               - FXGL-21.1 (27.03.2024 07.52) on MAC (J:23.0.1 FX:19)
22:53:10.570 [JavaFX Application Thread] DEBUG Engine               - JRE Vendor Name: Oracle Corporation
22:53:10.571 [JavaFX Application Thread] DEBUG Engine               - Running on OS: Mac OS X version 10.15.7
22:53:10.571 [JavaFX Application Thread] DEBUG Engine               - Architecture: x86_64
22:53:10.571 [JavaFX Application Thread] INFO  Engine               - Source code and latest versions at: https://github.com/AlmasB/FXGL
22:53:10.571 [JavaFX Application Thread] INFO  Engine               -       Ask questions and discuss at: https://github.com/AlmasB/FXGL/discussions
22:53:10.571 [JavaFX Application Thread] INFO  Engine               -              Join the FXGL chat at: https://gitter.im/AlmasB/FXGL
22:53:11.233 [JavaFX Application Thread] DEBUG PrimaryStageWindow   - Creating a JavaFX scene
22:53:11.233 [JavaFX Application Thread] DEBUG PrimaryStageWindow   - Target size > screen size
22:53:11.569 [JavaFX Application Thread] DEBUG PrimaryStageWindow   - Target settings size: 1550.0 x 800.0
22:53:11.601 [JavaFX Application Thread] DEBUG PrimaryStageWindow   - Scaled scene size:    1255.0 x 660.0
22:53:11.601 [JavaFX Application Thread] DEBUG PrimaryStageWindow   - Scaled ratio: (0.8096774193548387, 0.825)
22:53:11.618 [JavaFX Application Thread] DEBUG PrimaryStageWindow   - Set initial scene to FXGLStartupScene
22:53:11.651 [JavaFX Application Thread] DEBUG PrimaryStageWindow   - Opening main window
22:53:11.888 [JavaFX Application Thread] DEBUG PrimaryStageWindow   - Window border size: (0.0, 22.0)
22:53:11.889 [JavaFX Application Thread] DEBUG PrimaryStageWindow   - Scaled size: 1255.0 x 660.0
22:53:11.889 [JavaFX Application Thread] DEBUG PrimaryStageWindow   - Scaled ratio: (0.8096774193548387, 0.825)
22:53:11.890 [JavaFX Application Thread] DEBUG PrimaryStageWindow   - Scene size: 1255.0 x 660.0
22:53:11.890 [JavaFX Application Thread] DEBUG PrimaryStageWindow   - Stage size: 1255.0 x 682.0
22:53:11.903 [FXGL Background Thread 1 ] DEBUG Engine               - Initializing environment variables
22:53:12.226 [FXGL Background Thread 1 ] DEBUG FXGLAssetLoaderServi - User app class for loading assets: class com.oop2.typewiz.TypeWizApp
22:53:12.226 [FXGL Background Thread 1 ] DEBUG GameApplicationServi - Applying CSS: fxgl_dark.css
22:53:12.228 [FXGL Background Thread 1 ] DEBUG FXGLAssetLoaderServi - Loading from file system: jar:file:///Users/archiecabiso/.m2/repository/com/github/almasb/fxgl/21.1/fxgl-21.1.jar!/fxglassets/ui/css/fxgl_dark.css
22:53:12.426 [FXGL Background Thread 1 ] DEBUG GameApplicationServi - Initializing application scenes
22:53:12.949 [JavaFX Application Thread] DEBUG FXGLApplication      - Exiting FXGL
22:53:12.949 [JavaFX Application Thread] DEBUG LoopRunner           - Stopping loop
22:53:12.949 [JavaFX Application Thread] DEBUG LoopRunner           - Initializing JavaFX AnimationTimerLoop
22:53:12.951 [JavaFX Application Thread] DEBUG SystemBundleService  - Saving FXGL system data
22:53:13.584 [FXGL Background Thread 1 ] DEBUG GameWorld            - Game world initialized
22:53:13.679 [FXGL Background Thread 1 ] DEBUG PhysicsWorld         - Physics world initialized: appHeight=800, physics.ppm=50.0
22:53:13.680 [FXGL Background Thread 1 ] DEBUG PhysicsWorld         - Using strategy: BRUTE_FORCE
22:53:13.685 [FXGL Background Thread 1 ] DEBUG GameScene            - Game scene initialized: 1550x800
22:53:13.702 [FXGL Background Thread 1 ] DEBUG FXGL.DefaultMenu     - createMenuBodyGameMenu()
22:53:13.742 [FXGL Background Thread 1 ] DEBUG FXGL.DefaultMenu     - createOptionsMenu()
22:53:13.760 [FXGL Background Thread 1 ] DEBUG FXGLAssetLoaderServi - Loading from file system: jar:file:///Users/archiecabiso/.m2/repository/com/github/almasb/fxgl/21.1/fxgl-21.1.jar!/fxglassets/textures/particles/smoke.png
22:53:13.944 [FXGL Background Thread 1 ] DEBUG FXGLAssetLoaderServi - Loading from file system: jar:file:///Users/archiecabiso/.m2/repository/com/github/almasb/fxgl/21.1/fxgl-21.1.jar!/fxglassets/textures/particles/trace_horizontal.png
22:53:13.985 [FXGL Background Thread 1 ] DEBUG GameApplicationServi - Application scenes initialized
22:53:14.002 [FXGL Background Thread 1 ] DEBUG SystemBundleService  - Loading FXGL system data
22:53:14.009 [FXGL Background Thread 1 ] DEBUG FileSystemAccess     - Reading from: /Users/archiecabiso/Documents/2nd Year - CS/2nd Sem/CSIT228/OOP2-Capstone/system/fxgl.bundle
22:53:14.025 [FXGL Background Thread 1 ] DEBUG SystemBundleService  - Bundle FXGL: {}
22:53:14.028 [FXGL Background Thread 1 ] DEBUG UpdaterService       - Checking for updates
22:53:14.036 [FXGL Background Thread 4 ] DEBUG FXGLApplication      - Loading fonts
22:53:14.036 [FXGL Background Thread 4 ] DEBUG FXGLAssetLoaderServi - Loading from file system: jar:file:///Users/archiecabiso/.m2/repository/com/github/almasb/fxgl/21.1/fxgl-21.1.jar!/fxglassets/ui/fonts/VarelaRound-Regular.ttf
22:53:14.038 [FXGL Background Thread 1 ] DEBUG FXGLApplication      - Loading default localization
22:53:14.039 [FXGL Background Thread 1 ] DEBUG FXGLAssetLoaderServi - Loading from file system: jar:file:///Users/archiecabiso/.m2/repository/com/github/almasb/fxgl/21.1/fxgl-21.1.jar!/fxglassets/languages/english.lang
22:53:14.061 [FXGL Background Thread 4 ] DEBUG FXGLAssetLoaderServi - Loading from file system: jar:file:///Users/archiecabiso/.m2/repository/com/github/almasb/fxgl/21.1/fxgl-21.1.jar!/fxglassets/ui/fonts/Abel-Regular.ttf
22:53:14.065 [FXGL Background Thread 4 ] DEBUG FXGLAssetLoaderServi - Loading from file system: jar:file:///Users/archiecabiso/.m2/repository/com/github/almasb/fxgl/21.1/fxgl-21.1.jar!/fxglassets/ui/fonts/TerminalLandMono-Regular.otf
22:53:14.071 [FXGL Background Thread 4 ] DEBUG FXGLAssetLoaderServi - Loading from file system: jar:file:///Users/archiecabiso/.m2/repository/com/github/almasb/fxgl/21.1/fxgl-21.1.jar!/fxglassets/ui/fonts/Courier-Prime.ttf
22:53:14.079 [JavaFX Application Thread] DEBUG FXGLApplication      - Registering font factories with UI factory
22:53:14.082 [JavaFX Application Thread] DEBUG LoopRunner           - Stopping loop
22:53:14.084 [JavaFX Application Thread] FATAL FXGLApplication      - Uncaught Exception:
kotlin.UninitializedPropertyAccessException: lateinit property bundle has not been initialized
	at com.almasb.fxgl.all@21.1/com.almasb.fxgl.app.services.SystemBundleService.getBundle$fxgl(SystemBundleService.kt:27)
	at com.almasb.fxgl.all@21.1/com.almasb.fxgl.app.services.SystemBundleService.saveSystemData(SystemBundleService.kt:66)
	at com.almasb.fxgl.all@21.1/com.almasb.fxgl.app.services.SystemBundleService.onExit(SystemBundleService.kt:49)
	at com.almasb.fxgl.all@21.1/com.almasb.fxgl.app.Engine.stopLoopAndExitServices(Engine.kt:166)
	at com.almasb.fxgl.all@21.1/com.almasb.fxgl.app.FXGLApplication.exitFXGL(FXGLApplication.kt:299)
	at com.almasb.fxgl.all@21.1/com.almasb.fxgl.dsl.FXGL$Companion$controller$1.exit(FXGL.kt:148)
	at com.almasb.fxgl.all@21.1/com.almasb.fxgl.app.FXGLApplication$GameApplicationService$onInit$2.invoke(FXGLApplication.kt:425)
	at com.almasb.fxgl.all@21.1/com.almasb.fxgl.app.FXGLApplication$GameApplicationService$onInit$2.invoke(FXGLApplication.kt:419)
	at com.almasb.fxgl.all@21.1/com.almasb.fxgl.app.PrimaryStageWindow.initStage$lambda$2$lambda$0(MainWindow.kt:398)
	at javafx.base@19/com.sun.javafx.event.CompositeEventHandler.dispatchBubblingEvent(CompositeEventHandler.java:86)
	at javafx.base@19/com.sun.javafx.event.EventHandlerManager.dispatchBubblingEvent(EventHandlerManager.java:234)
	at javafx.base@19/com.sun.javafx.event.EventHandlerManager.dispatchBubblingEvent(EventHandlerManager.java:191)
	at javafx.base@19/com.sun.javafx.event.CompositeEventDispatcher.dispatchBubblingEvent(CompositeEventDispatcher.java:59)
	at javafx.base@19/com.sun.javafx.event.BasicEventDispatcher.dispatchEvent(BasicEventDispatcher.java:58)
	at javafx.base@19/com.sun.javafx.event.EventDispatchChainImpl.dispatchEvent(EventDispatchChainImpl.java:114)
	at javafx.base@19/com.sun.javafx.event.EventUtil.fireEventImpl(EventUtil.java:74)
	at javafx.base@19/com.sun.javafx.event.EventUtil.fireEvent(EventUtil.java:54)
	at javafx.base@19/javafx.event.Event.fireEvent(Event.java:198)
	at javafx.graphics@19/com.sun.javafx.stage.WindowPeerListener.closing(WindowPeerListener.java:93)
	at javafx.graphics@19/com.sun.javafx.tk.quantum.GlassWindowEventHandler.run(GlassWindowEventHandler.java:147)
	at javafx.graphics@19/com.sun.javafx.tk.quantum.GlassWindowEventHandler.run(GlassWindowEventHandler.java:40)
	at java.base/java.security.AccessController.doPrivileged(AccessController.java:400)
	at javafx.graphics@19/com.sun.javafx.tk.quantum.GlassWindowEventHandler.lambda$handleWindowEvent$4(GlassWindowEventHandler.java:178)
	at javafx.graphics@19/com.sun.javafx.tk.quantum.QuantumToolkit.runWithoutRenderLock(QuantumToolkit.java:424)
	at javafx.graphics@19/com.sun.javafx.tk.quantum.GlassWindowEventHandler.handleWindowEvent(GlassWindowEventHandler.java:176)
	at javafx.graphics@19/com.sun.glass.ui.Window.handleWindowEvent(Window.java:1248)
	at javafx.graphics@19/com.sun.glass.ui.Window.notifyClose(Window.java:1153)

22:53:14.084 [JavaFX Application Thread] FATAL FXGLApplication      - Application will now exit
22:53:14.099 [FXGL Background Thread 1 ] INFO  FXGLApplication      - FXGL initialization took: 2.194 sec
22:53:14.125 [JavaFX Application Thread] DEBUG PrimaryStageWindow   - Push state: ErrorSubScene
22:53:14.126 [JavaFX Application Thread] DEBUG Input                - Clearing active input actions
22:53:14.139 [JavaFX Application Thread] DEBUG GameApplicationServi - Removing overlay from FXGLStartupScene and adding to ErrorSubScene
22:53:14.140 [JavaFX Application Thread] DEBUG PrimaryStageWindow   - FXGLStartupScene -> ErrorSubScene
22:53:14.141 [JavaFX Application Thread] DEBUG FXGLAssetLoaderServi - Loading from file system: jar:file:///Users/archiecabiso/.m2/repository/com/github/almasb/fxgl/21.1/fxgl-21.1.jar!/fxglassets/textures/fxgl_icon.png
22:53:14.189 [JavaFX Application Thread] DEBUG FXGLAssetLoaderServi - Loading from file system: jar:file:///Users/archiecabiso/.m2/repository/com/github/almasb/fxgl/21.1/fxgl-21.1.jar!/fxglassets/textures/fxgl_default_cursor.png
22:53:14.197 [JavaFX Application Thread] DEBUG Input                - Registered new binding: Screenshot - CTRL+8
22:53:14.198 [JavaFX Application Thread] DEBUG Input                - Registered new binding: System info dump - CTRL+9
22:53:14.198 [JavaFX Application Thread] DEBUG Input                - Registered new binding: Restart - CTRL+R
22:53:14.199 [JavaFX Application Thread] DEBUG Input                - Registered new binding: Toggle Debug Camera - CTRL+7
22:53:14.203 [JavaFX Application Thread] DEBUG LoopRunner           - Starting loop
22:53:14.203 [JavaFX Application Thread] DEBUG GameApplicationServi - Starting new game
22:53:14.204 [JavaFX Application Thread] DEBUG PrimaryStageWindow   - Pop state: ErrorSubScene
22:53:14.204 [JavaFX Application Thread] DEBUG Input                - Clearing active input actions
22:53:14.205 [JavaFX Application Thread] DEBUG GameApplicationServi - Removing overlay from ErrorSubScene and adding to FXGLStartupScene
22:53:14.205 [JavaFX Application Thread] DEBUG PrimaryStageWindow   - FXGLStartupScene <- ErrorSubScene
22:53:14.206 [JavaFX Application Thread] DEBUG Input                - Clearing active input actions
22:53:14.242 [JavaFX Application Thread] DEBUG GameApplicationServi - Removing overlay from FXGLStartupScene and adding to FXGLLoadingScene
22:53:14.243 [JavaFX Application Thread] DEBUG PrimaryStageWindow   - FXGLStartupScene -> FXGLLoadingScene
22:53:14.243 [JavaFX Application Thread] DEBUG GameApplicationServi - Clearing previous game
22:53:14.243 [JavaFX Application Thread] DEBUG GameScene            - Clearing game scene
22:53:14.243 [JavaFX Application Thread] DEBUG GameWorld            - Clearing game world
22:53:14.243 [JavaFX Application Thread] DEBUG PhysicsWorld         - Clearing physics world
22:53:14.259 [FXGL Background Thread 1 ] DEBUG FXGLApplication      - Initializing game
22:53:16.571 [FXGL Background Thread 1 ] INFO  FXGLApplication      - Game initialization took: 2.312 sec
22:53:16.573 [JavaFX Application Thread] DEBUG Input                - Clearing active input actions
22:53:16.595 [JavaFX Application Thread] DEBUG GameApplicationServi - Removing overlay from FXGLLoadingScene and adding to GameScene
22:53:16.596 [JavaFX Application Thread] DEBUG PrimaryStageWindow   - FXGLLoadingScene -> GameScene
22:53:17.034 [FXGL Background Thread 3 ] DEBUG Engine               - Logging environment variables
22:53:17.036 [FXGL Background Thread 3 ] DEBUG Engine               - achievements: []
22:53:17.036 [FXGL Background Thread 3 ] DEBUG Engine               - actualHeight: 660.0
22:53:17.036 [FXGL Background Thread 3 ] DEBUG Engine               - actualHeightProperty: ReadOnlyDoubleProperty [value: 660.0]
22:53:17.036 [FXGL Background Thread 3 ] DEBUG Engine               - actualWidth: 1255.0
22:53:17.036 [FXGL Background Thread 3 ] DEBUG Engine               - actualWidthProperty: ReadOnlyDoubleProperty [value: 1255.0]
22:53:17.036 [FXGL Background Thread 3 ] DEBUG Engine               - appIcon: fxgl_icon.png
22:53:17.036 [FXGL Background Thread 3 ] DEBUG Engine               - applicationMode: DEVELOPER
22:53:17.036 [FXGL Background Thread 3 ] DEBUG Engine               - cSSList: [fxgl_dark.css]
22:53:17.036 [FXGL Background Thread 3 ] DEBUG Engine               - collisionDetectionStrategy: BRUTE_FORCE
22:53:17.036 [FXGL Background Thread 3 ] DEBUG Engine               - configClass: Optional.empty
22:53:17.037 [FXGL Background Thread 3 ] DEBUG Engine               - credits: []
22:53:17.037 [FXGL Background Thread 3 ] DEBUG Engine               - defaultCursor: CursorInfo(imageName=fxgl_default_cursor.png, hotspotX=7.0, hotspotY=6.0)
22:53:17.037 [FXGL Background Thread 3 ] DEBUG Engine               - devBBoxColorProperty: ObjectProperty [value: 0xff0000ff]
22:53:17.037 [FXGL Background Thread 3 ] DEBUG Engine               - devEnableDebugCameraProperty: BooleanProperty [value: false]
22:53:17.037 [FXGL Background Thread 3 ] DEBUG Engine               - devSensorColorProperty: ObjectProperty [value: 0xffff00ff]
22:53:17.038 [FXGL Background Thread 3 ] DEBUG Engine               - devShowBBoxProperty: BooleanProperty [value: false]
22:53:17.038 [FXGL Background Thread 3 ] DEBUG Engine               - devShowPositionProperty: BooleanProperty [value: false]
22:53:17.038 [FXGL Background Thread 3 ] DEBUG Engine               - enabledMenuItems: []
22:53:17.038 [FXGL Background Thread 3 ] DEBUG Engine               - engineServices: [class com.almasb.fxgl.app.services.FXGLAssetLoaderService, class com.almasb.fxgl.app.FXGLApplication$GameApplicationService, class com.almasb.fxgl.app.services.FXGLDialogService, class com.almasb.fxgl.app.services.IOTaskExecutorService, class com.almasb.fxgl.io.FileSystemService, class com.almasb.fxgl.localization.LocalizationService, class com.almasb.fxgl.app.services.SystemBundleService, class com.almasb.fxgl.profile.SaveLoadService, class com.almasb.fxgl.ui.FXGLUIFactoryServiceProvider, class com.almasb.fxgl.ui.FXGLDialogFactoryServiceProvider, class com.almasb.fxgl.audio.AudioPlayer, class com.almasb.fxgl.notification.impl.NotificationServiceProvider, class com.almasb.fxgl.achievement.AchievementService, class com.almasb.fxgl.cutscene.CutsceneService, class com.almasb.fxgl.minigames.MiniGameService, class com.almasb.fxgl.net.NetService, class com.almasb.fxgl.app.services.UpdaterService, class com.almasb.fxgl.dev.DevService]
22:53:17.038 [FXGL Background Thread 3 ] DEBUG Engine               - fontGame: Abel-Regular.ttf
22:53:17.038 [FXGL Background Thread 3 ] DEBUG Engine               - fontMono: TerminalLandMono-Regular.otf
22:53:17.038 [FXGL Background Thread 3 ] DEBUG Engine               - fontSizeScaleUI: 1.0
22:53:17.038 [FXGL Background Thread 3 ] DEBUG Engine               - fontText: Courier-Prime.ttf
22:53:17.038 [FXGL Background Thread 3 ] DEBUG Engine               - fontUI: VarelaRound-Regular.ttf
22:53:17.038 [FXGL Background Thread 3 ] DEBUG Engine               - fullScreen: BooleanProperty [value: false]
22:53:17.038 [FXGL Background Thread 3 ] DEBUG Engine               - gameDifficulty: MEDIUM
22:53:17.038 [FXGL Background Thread 3 ] DEBUG Engine               - gameDifficultyProperty: ObjectProperty [value: MEDIUM]
22:53:17.039 [FXGL Background Thread 3 ] DEBUG Engine               - globalMusicVolume: 0.5
22:53:17.039 [FXGL Background Thread 3 ] DEBUG Engine               - globalMusicVolumeProperty: DoubleProperty [value: 0.5]
22:53:17.039 [FXGL Background Thread 3 ] DEBUG Engine               - globalSoundVolume: 0.5
22:53:17.039 [FXGL Background Thread 3 ] DEBUG Engine               - globalSoundVolumeProperty: DoubleProperty [value: 0.5]
22:53:17.039 [FXGL Background Thread 3 ] DEBUG Engine               - height: 800
22:53:17.039 [FXGL Background Thread 3 ] DEBUG Engine               - is3D: false
22:53:17.039 [FXGL Background Thread 3 ] DEBUG Engine               - isAndroid: false
22:53:17.039 [FXGL Background Thread 3 ] DEBUG Engine               - isBrowser: false
22:53:17.039 [FXGL Background Thread 3 ] DEBUG Engine               - isClickFeedbackEnabled: false
22:53:17.039 [FXGL Background Thread 3 ] DEBUG Engine               - isCloseConfirmation: false
22:53:17.039 [FXGL Background Thread 3 ] DEBUG Engine               - isDesktop: true
22:53:17.039 [FXGL Background Thread 3 ] DEBUG Engine               - isDeveloperMenuEnabled: false
22:53:17.040 [FXGL Background Thread 3 ] DEBUG Engine               - isEmbedded: false
22:53:17.040 [FXGL Background Thread 3 ] DEBUG Engine               - isEntityPreloadEnabled: true
22:53:17.040 [FXGL Background Thread 3 ] DEBUG Engine               - isExperimentalTiledLargeMap: false
22:53:17.040 [FXGL Background Thread 3 ] DEBUG Engine               - isFileSystemWriteAllowed: true
22:53:17.040 [FXGL Background Thread 3 ] DEBUG Engine               - isFullScreenAllowed: false
22:53:17.040 [FXGL Background Thread 3 ] DEBUG Engine               - isFullScreenFromStart: false
22:53:17.040 [FXGL Background Thread 3 ] DEBUG Engine               - isGameMenuEnabled: true
22:53:17.040 [FXGL Background Thread 3 ] DEBUG Engine               - isIOS: false
22:53:17.040 [FXGL Background Thread 3 ] DEBUG Engine               - isIntroEnabled: false
22:53:17.040 [FXGL Background Thread 3 ] DEBUG Engine               - isLinux: false
22:53:17.041 [FXGL Background Thread 3 ] DEBUG Engine               - isMac: true
22:53:17.041 [FXGL Background Thread 3 ] DEBUG Engine               - isMainMenuEnabled: false
22:53:17.041 [FXGL Background Thread 3 ] DEBUG Engine               - isManualResizeEnabled: false
22:53:17.041 [FXGL Background Thread 3 ] DEBUG Engine               - isMobile: false
22:53:17.041 [FXGL Background Thread 3 ] DEBUG Engine               - isNative: false
22:53:17.041 [FXGL Background Thread 3 ] DEBUG Engine               - isPauseMusicWhenMinimized: true
22:53:17.041 [FXGL Background Thread 3 ] DEBUG Engine               - isPreserveResizeRatio: false
22:53:17.041 [FXGL Background Thread 3 ] DEBUG Engine               - isProfilingEnabled: false
22:53:17.041 [FXGL Background Thread 3 ] DEBUG Engine               - isScaleAffectedOnResize: true
22:53:17.041 [FXGL Background Thread 3 ] DEBUG Engine               - isSingleStep: false
22:53:17.041 [FXGL Background Thread 3 ] DEBUG Engine               - isUserProfileEnabled: false
22:53:17.041 [FXGL Background Thread 3 ] DEBUG Engine               - isWindows: false
22:53:17.042 [FXGL Background Thread 3 ] DEBUG Engine               - language: ObjectProperty [value: ENGLISH]
22:53:17.042 [FXGL Background Thread 3 ] DEBUG Engine               - menuKey: ESCAPE
22:53:17.042 [FXGL Background Thread 3 ] DEBUG Engine               - mouseSensitivity: 0.2
22:53:17.042 [FXGL Background Thread 3 ] DEBUG Engine               - notificationViewClass: class com.almasb.fxgl.notification.view.XboxNotificationView
22:53:17.042 [FXGL Background Thread 3 ] DEBUG Engine               - pixelsPerMeter: 50.0
22:53:17.042 [FXGL Background Thread 3 ] DEBUG Engine               - platform: MAC
22:53:17.042 [FXGL Background Thread 3 ] DEBUG Engine               - prefHeightProperty: ReadOnlyDoubleProperty [value: 800.0]
22:53:17.042 [FXGL Background Thread 3 ] DEBUG Engine               - prefWidthProperty: ReadOnlyDoubleProperty [value: 1550.0]
22:53:17.042 [FXGL Background Thread 3 ] DEBUG Engine               - profileDir: profiles/
22:53:17.042 [FXGL Background Thread 3 ] DEBUG Engine               - profileName: StringProperty [value: DEFAULT]
22:53:17.042 [FXGL Background Thread 3 ] DEBUG Engine               - randomSeed: -1
22:53:17.043 [FXGL Background Thread 3 ] DEBUG Engine               - runtimeInfo: RuntimeInfo(platform=MAC, version=21.1, build=27.03.2024 07.52)
22:53:17.043 [FXGL Background Thread 3 ] DEBUG Engine               - saveFileExt: sav
22:53:17.043 [FXGL Background Thread 3 ] DEBUG Engine               - scaledHeightProp$fxgl: DoubleProperty [bound, value: 660.0]
22:53:17.043 [FXGL Background Thread 3 ] DEBUG Engine               - scaledWidthProp$fxgl: DoubleProperty [bound, value: 1255.0]
22:53:17.043 [FXGL Background Thread 3 ] DEBUG Engine               - sceneFactory: com.almasb.fxgl.app.scene.SceneFactory@35186c88
22:53:17.043 [FXGL Background Thread 3 ] DEBUG Engine               - secondsIn24h: 60
22:53:17.043 [FXGL Background Thread 3 ] DEBUG Engine               - soundMenuBack: menu/back.wav
22:53:17.044 [FXGL Background Thread 3 ] DEBUG Engine               - soundMenuPress: menu/press.wav
22:53:17.044 [FXGL Background Thread 3 ] DEBUG Engine               - soundMenuSelect: menu/select.wav
22:53:17.044 [FXGL Background Thread 3 ] DEBUG Engine               - soundNotification: core/notification.wav
22:53:17.044 [FXGL Background Thread 3 ] DEBUG Engine               - stageStyle: DECORATED
22:53:17.044 [FXGL Background Thread 3 ] DEBUG Engine               - supportedLanguages: [ENGLISH, FRENCH, GERMAN, HUNGARIAN, RUSSIAN]
22:53:17.044 [FXGL Background Thread 3 ] DEBUG Engine               - ticksPerSecond: -1
22:53:17.044 [FXGL Background Thread 3 ] DEBUG Engine               - title: TypeWiz
22:53:17.044 [FXGL Background Thread 3 ] DEBUG Engine               - urlGithub: https://github.com/AlmasB/FXGL
22:53:17.045 [FXGL Background Thread 3 ] DEBUG Engine               - urlLeaderboard: http://fxgl-top.herokuapp.com/
22:53:17.045 [FXGL Background Thread 3 ] DEBUG Engine               - urlPOM: https://raw.githubusercontent.com/AlmasB/FXGL/release/README.md
22:53:17.045 [FXGL Background Thread 3 ] DEBUG Engine               - userAppClass: class com.oop2.typewiz.TypeWizApp
22:53:17.045 [FXGL Background Thread 3 ] DEBUG Engine               - version: 0.0
22:53:17.045 [FXGL Background Thread 3 ] DEBUG Engine               - versionCheckDays: 7
22:53:17.045 [FXGL Background Thread 3 ] DEBUG Engine               - width: 1550
22:53:17.045 [FXGL Background Thread 3 ] DEBUG Engine               - Logging services
22:53:17.045 [FXGL Background Thread 3 ] DEBUG Engine               - class com.almasb.fxgl.app.services.FXGLAssetLoaderService
22:53:17.045 [FXGL Background Thread 3 ] DEBUG Engine               - class com.almasb.fxgl.app.FXGLApplication$GameApplicationService
22:53:17.045 [FXGL Background Thread 3 ] DEBUG Engine               - class com.almasb.fxgl.app.services.FXGLDialogService
22:53:17.045 [FXGL Background Thread 3 ] DEBUG Engine               - class com.almasb.fxgl.app.services.IOTaskExecutorService
22:53:17.045 [FXGL Background Thread 3 ] DEBUG Engine               - class com.almasb.fxgl.io.FileSystemService
22:53:17.045 [FXGL Background Thread 3 ] DEBUG Engine               - class com.almasb.fxgl.localization.LocalizationService
22:53:17.045 [FXGL Background Thread 3 ] DEBUG Engine               - class com.almasb.fxgl.app.services.SystemBundleService
22:53:17.046 [FXGL Background Thread 3 ] DEBUG Engine               - class com.almasb.fxgl.profile.SaveLoadService
22:53:17.046 [FXGL Background Thread 3 ] DEBUG Engine               - class com.almasb.fxgl.ui.FXGLUIFactoryServiceProvider
22:53:17.046 [FXGL Background Thread 3 ] DEBUG Engine               - class com.almasb.fxgl.ui.FXGLDialogFactoryServiceProvider
22:53:17.046 [FXGL Background Thread 3 ] DEBUG Engine               - class com.almasb.fxgl.audio.AudioPlayer
22:53:17.046 [FXGL Background Thread 3 ] DEBUG Engine               - class com.almasb.fxgl.notification.impl.NotificationServiceProvider
22:53:17.046 [FXGL Background Thread 3 ] DEBUG Engine               - class com.almasb.fxgl.achievement.AchievementService
22:53:17.046 [FXGL Background Thread 3 ] DEBUG Engine               - class com.almasb.fxgl.cutscene.CutsceneService
22:53:17.046 [FXGL Background Thread 3 ] DEBUG Engine               - class com.almasb.fxgl.minigames.MiniGameService
22:53:17.046 [FXGL Background Thread 3 ] DEBUG Engine               - class com.almasb.fxgl.net.NetService
22:53:17.046 [FXGL Background Thread 3 ] DEBUG Engine               - class com.almasb.fxgl.app.services.UpdaterService
22:53:17.046 [FXGL Background Thread 3 ] DEBUG Engine               - class com.almasb.fxgl.dev.DevService
22:54:29.220 [JavaFX Application Thread] DEBUG FXGLAssetLoaderServi - Loading from file system: file:/Users/archiecabiso/Documents/2nd%20Year%20-%20CS/2nd%20Sem/CSIT228/OOP2-Capstone/target/classes/assets/sounds/sound-library/hover.wav
22:55:47.568 [JavaFX Application Thread] DEBUG FXGLApplication      - Exiting FXGL
22:55:47.569 [JavaFX Application Thread] DEBUG Async                - Shutting down background threads
22:55:47.570 [JavaFX Application Thread] DEBUG PrimaryStageWindow   - Closing main window
22:55:47.580 [JavaFX Application Thread] DEBUG Logger               - Closing Logger
