17:55:00.450 [main                     ] DEBUG Logger               - Configured Logger
17:55:00.470 [main                     ] DEBUG GameApplication      - Logging settings
Title: TypeWiz - Winter Theme
Version: 0.0
Width: 1280
Height: 720
Fullscreen: false
Intro: false
Profiling: false
Single step:false
App Mode: DEVELOPER
Menu Key: ESCAPE
Stage Style: DECORATED
Scene Factory: class com.almasb.fxgl.app.scene.SceneFactory

17:55:00.731 [JavaFX Application Thread] DEBUG FXGLApplication      - Initializing FXGL
17:55:00.734 [JavaFX Application Thread] INFO  Engine               - FXGL-21.1 (27.03.2024 07.52) on WINDOWS (J:21.0.3 FX:19)
17:55:00.735 [JavaFX Application Thread] DEBUG Engine               - JRE Vendor Name: Oracle Corporation
17:55:00.735 [JavaFX Application Thread] DEBUG Engine               - Running on OS: Windows 11 version 10.0
17:55:00.735 [JavaFX Application Thread] DEBUG Engine               - Architecture: amd64
17:55:00.735 [JavaFX Application Thread] INFO  Engine               - Source code and latest versions at: https://github.com/AlmasB/FXGL
17:55:00.735 [JavaFX Application Thread] INFO  Engine               -       Ask questions and discuss at: https://github.com/AlmasB/FXGL/discussions
17:55:00.735 [JavaFX Application Thread] INFO  Engine               -              Join the FXGL chat at: https://gitter.im/AlmasB/FXGL
17:55:00.802 [JavaFX Application Thread] DEBUG PrimaryStageWindow   - Creating a JavaFX scene
17:55:00.836 [JavaFX Application Thread] DEBUG PrimaryStageWindow   - Target settings size: 1280.0 x 720.0
17:55:00.836 [JavaFX Application Thread] DEBUG PrimaryStageWindow   - Scaled scene size:    1280.0 x 720.0
17:55:00.836 [JavaFX Application Thread] DEBUG PrimaryStageWindow   - Scaled ratio: (1.0, 1.0)
17:55:00.837 [JavaFX Application Thread] DEBUG PrimaryStageWindow   - Set initial scene to FXGLStartupScene
17:55:00.839 [JavaFX Application Thread] DEBUG PrimaryStageWindow   - Opening main window
17:55:00.902 [JavaFX Application Thread] DEBUG PrimaryStageWindow   - Window border size: (14.4000244140625, 37.5999755859375)
17:55:00.902 [JavaFX Application Thread] DEBUG PrimaryStageWindow   - Scaled size: 1280.0 x 720.0
17:55:00.902 [JavaFX Application Thread] DEBUG PrimaryStageWindow   - Scaled ratio: (1.0, 1.0)
17:55:00.903 [JavaFX Application Thread] DEBUG PrimaryStageWindow   - Scene size: 1280.0 x 720.0
17:55:00.903 [JavaFX Application Thread] DEBUG PrimaryStageWindow   - Stage size: 1294.4000244140625 x 757.5999755859375
17:55:00.908 [FXGL Background Thread 1 ] DEBUG Engine               - Initializing environment variables
17:55:00.949 [FXGL Background Thread 1 ] DEBUG FXGLAssetLoaderServi - User app class for loading assets: class com.oop2.typewiz.GameplayComponents.Game
17:55:00.949 [FXGL Background Thread 1 ] DEBUG GameApplicationServi - Applying CSS: fxgl_dark.css
17:55:00.950 [FXGL Background Thread 1 ] DEBUG FXGLAssetLoaderServi - Loading from file system: jar:file:///C:/Users/Ruhmer%20Jairus/.m2/repository/com/github/almasb/fxgl/21.1/fxgl-21.1.jar!/fxglassets/ui/css/fxgl_dark.css
17:55:00.988 [FXGL Background Thread 1 ] DEBUG GameApplicationServi - Initializing application scenes
17:55:01.031 [FXGL Background Thread 1 ] DEBUG GameWorld            - Game world initialized
17:55:01.085 [FXGL Background Thread 1 ] DEBUG PhysicsWorld         - Physics world initialized: appHeight=720, physics.ppm=50.0
17:55:01.085 [FXGL Background Thread 1 ] DEBUG PhysicsWorld         - Using strategy: BRUTE_FORCE
17:55:01.089 [FXGL Background Thread 1 ] DEBUG GameScene            - Game scene initialized: 1280x720
17:55:01.089 [FXGL Background Thread 1 ] DEBUG GameApplicationServi - Application scenes initialized
17:55:01.100 [FXGL Background Thread 1 ] DEBUG SystemBundleService  - Loading FXGL system data
17:55:01.103 [FXGL Background Thread 1 ] DEBUG FileSystemAccess     - Reading from: C:\Users\Ruhmer Jairus\OOP2-Capstone\system\fxgl.bundle
17:55:01.109 [FXGL Background Thread 1 ] DEBUG SystemBundleService  - Bundle FXGL: {}
17:55:01.109 [FXGL Background Thread 1 ] DEBUG UpdaterService       - Checking for updates
17:55:01.112 [FXGL Background Thread 4 ] DEBUG FXGLApplication      - Loading fonts
17:55:01.112 [FXGL Background Thread 1 ] DEBUG FXGLApplication      - Loading default localization
17:55:01.113 [FXGL Background Thread 4 ] DEBUG FXGLAssetLoaderServi - Loading from file system: jar:file:///C:/Users/Ruhmer%20Jairus/.m2/repository/com/github/almasb/fxgl/21.1/fxgl-21.1.jar!/fxglassets/ui/fonts/VarelaRound-Regular.ttf
17:55:01.113 [FXGL Background Thread 1 ] DEBUG FXGLAssetLoaderServi - Loading from file system: jar:file:///C:/Users/Ruhmer%20Jairus/.m2/repository/com/github/almasb/fxgl/21.1/fxgl-21.1.jar!/fxglassets/languages/english.lang
17:55:01.137 [FXGL Background Thread 1 ] INFO  FXGLApplication      - FXGL initialization took: 0.229 sec
17:55:01.138 [JavaFX Application Thread] DEBUG FXGLAssetLoaderServi - Loading from file system: jar:file:///C:/Users/Ruhmer%20Jairus/.m2/repository/com/github/almasb/fxgl/21.1/fxgl-21.1.jar!/fxglassets/textures/fxgl_icon.png
17:55:01.143 [FXGL Background Thread 4 ] DEBUG FXGLAssetLoaderServi - Loading from file system: jar:file:///C:/Users/Ruhmer%20Jairus/.m2/repository/com/github/almasb/fxgl/21.1/fxgl-21.1.jar!/fxglassets/ui/fonts/Abel-Regular.ttf
17:55:01.147 [FXGL Background Thread 4 ] DEBUG FXGLAssetLoaderServi - Loading from file system: jar:file:///C:/Users/Ruhmer%20Jairus/.m2/repository/com/github/almasb/fxgl/21.1/fxgl-21.1.jar!/fxglassets/ui/fonts/TerminalLandMono-Regular.otf
17:55:01.150 [FXGL Background Thread 4 ] DEBUG FXGLAssetLoaderServi - Loading from file system: jar:file:///C:/Users/Ruhmer%20Jairus/.m2/repository/com/github/almasb/fxgl/21.1/fxgl-21.1.jar!/fxglassets/ui/fonts/Courier-Prime.ttf
17:55:01.174 [JavaFX Application Thread] DEBUG FXGLAssetLoaderServi - Loading from file system: jar:file:///C:/Users/Ruhmer%20Jairus/.m2/repository/com/github/almasb/fxgl/21.1/fxgl-21.1.jar!/fxglassets/textures/fxgl_default_cursor.png
17:55:01.182 [JavaFX Application Thread] DEBUG Input                - Registered new binding: Screenshot - CTRL+8
17:55:01.182 [JavaFX Application Thread] DEBUG Input                - Registered new binding: System info dump - CTRL+9
17:55:01.183 [JavaFX Application Thread] DEBUG Input                - Registered new binding: Restart - CTRL+R
17:55:01.183 [JavaFX Application Thread] DEBUG Input                - Registered new binding: Toggle Debug Camera - CTRL+7
17:55:01.185 [JavaFX Application Thread] DEBUG LoopRunner           - Starting loop
17:55:01.185 [JavaFX Application Thread] DEBUG LoopRunner           - Initializing JavaFX AnimationTimerLoop
17:55:01.186 [JavaFX Application Thread] DEBUG GameApplicationServi - Starting new game
17:55:01.186 [JavaFX Application Thread] DEBUG Input                - Clearing active input actions
17:55:01.198 [JavaFX Application Thread] DEBUG GameApplicationServi - Removing overlay from FXGLStartupScene and adding to FXGLLoadingScene
17:55:01.198 [JavaFX Application Thread] DEBUG PrimaryStageWindow   - FXGLStartupScene -> FXGLLoadingScene
17:55:01.198 [JavaFX Application Thread] DEBUG GameApplicationServi - Clearing previous game
17:55:01.198 [JavaFX Application Thread] DEBUG GameScene            - Clearing game scene
17:55:01.198 [JavaFX Application Thread] DEBUG GameWorld            - Clearing game world
17:55:01.198 [JavaFX Application Thread] DEBUG PhysicsWorld         - Clearing physics world
17:55:01.201 [FXGL Background Thread 4 ] DEBUG FXGLApplication      - Initializing game
17:55:01.201 [JavaFX Application Thread] DEBUG FXGLApplication      - Registering font factories with UI factory
17:55:01.204 [FXGL Background Thread 4 ] DEBUG FXGLAssetLoaderServi - Loading from file system: file:/C:/Users/Ruhmer%20Jairus/OOP2-Capstone/target/classes/assets/textures/background-and-platforms/bg-winter_1280_720.png
17:55:01.245 [FXGL Background Thread 4 ] DEBUG FXGLAssetLoaderServi - Loading from file system: file:/C:/Users/Ruhmer%20Jairus/OOP2-Capstone/target/classes/assets/textures/background-and-platforms/hdlargerplatform-winter.png
17:55:01.316 [FXGL Background Thread 4 ] DEBUG FXGLAssetLoaderServi - Loading from file system: file:/C:/Users/Ruhmer%20Jairus/OOP2-Capstone/target/classes/assets/textures/wizard/wizard.png
17:55:01.387 [FXGL Background Thread 4 ] WARN  GameWorld            - Attempted to remove entity which is not active
17:55:01.388 [FXGL Background Thread 4 ] WARN  GameWorld            - Attempted to remove entity which is not active
17:55:01.388 [FXGL Background Thread 4 ] WARN  GameWorld            - Attempted to remove entity which is not active
17:55:01.389 [FXGL Background Thread 4 ] WARN  GameWorld            - Attempted to remove entity which is not active
17:55:01.390 [FXGL Background Thread 4 ] WARN  GameWorld            - Attempted to remove entity which is not active
17:55:01.390 [FXGL Background Thread 4 ] WARN  GameWorld            - Attempted to remove entity which is not active
17:55:01.391 [FXGL Background Thread 4 ] WARN  GameWorld            - Attempted to remove entity which is not active
17:55:01.392 [FXGL Background Thread 4 ] WARN  GameWorld            - Attempted to remove entity which is not active
17:55:01.392 [FXGL Background Thread 4 ] WARN  GameWorld            - Attempted to remove entity which is not active
17:55:01.393 [FXGL Background Thread 4 ] WARN  GameWorld            - Attempted to remove entity which is not active
17:55:01.400 [FXGL Background Thread 4 ] DEBUG FXGLAssetLoaderServi - Loading from file system: file:/C:/Users/Ruhmer%20Jairus/OOP2-Capstone/target/classes/assets/textures/mobs/gargoyle/gargoyle.png
17:55:01.419 [FXGL Background Thread 4 ] INFO  FXGLApplication      - Game initialization took: 0.218 sec
17:55:01.420 [JavaFX Application Thread] DEBUG Input                - Clearing active input actions
17:55:01.428 [JavaFX Application Thread] DEBUG GameApplicationServi - Removing overlay from FXGLLoadingScene and adding to GameScene
17:55:01.429 [JavaFX Application Thread] DEBUG PrimaryStageWindow   - FXGLLoadingScene -> GameScene
17:55:04.112 [FXGL Background Thread 3 ] DEBUG Engine               - Logging environment variables
17:55:04.113 [FXGL Background Thread 3 ] DEBUG Engine               - achievements: []
17:55:04.113 [FXGL Background Thread 3 ] DEBUG Engine               - actualHeight: 720.0
17:55:04.113 [FXGL Background Thread 3 ] DEBUG Engine               - actualHeightProperty: ReadOnlyDoubleProperty [value: 720.0]
17:55:04.113 [FXGL Background Thread 3 ] DEBUG Engine               - actualWidth: 1280.0
17:55:04.113 [FXGL Background Thread 3 ] DEBUG Engine               - actualWidthProperty: ReadOnlyDoubleProperty [value: 1280.0]
17:55:04.113 [FXGL Background Thread 3 ] DEBUG Engine               - appIcon: fxgl_icon.png
17:55:04.113 [FXGL Background Thread 3 ] DEBUG Engine               - applicationMode: DEVELOPER
17:55:04.113 [FXGL Background Thread 3 ] DEBUG Engine               - cSSList: [fxgl_dark.css]
17:55:04.113 [FXGL Background Thread 3 ] DEBUG Engine               - collisionDetectionStrategy: BRUTE_FORCE
17:55:04.113 [FXGL Background Thread 3 ] DEBUG Engine               - configClass: Optional.empty
17:55:04.113 [FXGL Background Thread 3 ] DEBUG Engine               - credits: []
17:55:04.116 [FXGL Background Thread 3 ] DEBUG Engine               - defaultCursor: CursorInfo(imageName=fxgl_default_cursor.png, hotspotX=7.0, hotspotY=6.0)
17:55:04.116 [FXGL Background Thread 3 ] DEBUG Engine               - devBBoxColorProperty: ObjectProperty [value: 0xff0000ff]
17:55:04.116 [FXGL Background Thread 3 ] DEBUG Engine               - devEnableDebugCameraProperty: BooleanProperty [value: false]
17:55:04.116 [FXGL Background Thread 3 ] DEBUG Engine               - devSensorColorProperty: ObjectProperty [value: 0xffff00ff]
17:55:04.116 [FXGL Background Thread 3 ] DEBUG Engine               - devShowBBoxProperty: BooleanProperty [value: false]
17:55:04.116 [FXGL Background Thread 3 ] DEBUG Engine               - devShowPositionProperty: BooleanProperty [value: false]
17:55:04.116 [FXGL Background Thread 3 ] DEBUG Engine               - enabledMenuItems: []
17:55:04.116 [FXGL Background Thread 3 ] DEBUG Engine               - engineServices: [class com.almasb.fxgl.app.services.FXGLAssetLoaderService, class com.almasb.fxgl.app.FXGLApplication$GameApplicationService, class com.almasb.fxgl.app.services.FXGLDialogService, class com.almasb.fxgl.app.services.IOTaskExecutorService, class com.almasb.fxgl.io.FileSystemService, class com.almasb.fxgl.localization.LocalizationService, class com.almasb.fxgl.app.services.SystemBundleService, class com.almasb.fxgl.profile.SaveLoadService, class com.almasb.fxgl.ui.FXGLUIFactoryServiceProvider, class com.almasb.fxgl.ui.FXGLDialogFactoryServiceProvider, class com.almasb.fxgl.audio.AudioPlayer, class com.almasb.fxgl.notification.impl.NotificationServiceProvider, class com.almasb.fxgl.achievement.AchievementService, class com.almasb.fxgl.cutscene.CutsceneService, class com.almasb.fxgl.minigames.MiniGameService, class com.almasb.fxgl.net.NetService, class com.almasb.fxgl.app.services.UpdaterService, class com.almasb.fxgl.dev.DevService]
17:55:04.116 [FXGL Background Thread 3 ] DEBUG Engine               - fontGame: Abel-Regular.ttf
17:55:04.116 [FXGL Background Thread 3 ] DEBUG Engine               - fontMono: TerminalLandMono-Regular.otf
17:55:04.117 [FXGL Background Thread 3 ] DEBUG Engine               - fontSizeScaleUI: 1.0
17:55:04.117 [FXGL Background Thread 3 ] DEBUG Engine               - fontText: Courier-Prime.ttf
17:55:04.117 [FXGL Background Thread 3 ] DEBUG Engine               - fontUI: VarelaRound-Regular.ttf
17:55:04.117 [FXGL Background Thread 3 ] DEBUG Engine               - fullScreen: BooleanProperty [value: false]
17:55:04.117 [FXGL Background Thread 3 ] DEBUG Engine               - gameDifficulty: MEDIUM
17:55:04.117 [FXGL Background Thread 3 ] DEBUG Engine               - gameDifficultyProperty: ObjectProperty [value: MEDIUM]
17:55:04.117 [FXGL Background Thread 3 ] DEBUG Engine               - globalMusicVolume: 0.5
17:55:04.117 [FXGL Background Thread 3 ] DEBUG Engine               - globalMusicVolumeProperty: DoubleProperty [value: 0.5]
17:55:04.117 [FXGL Background Thread 3 ] DEBUG Engine               - globalSoundVolume: 0.5
17:55:04.117 [FXGL Background Thread 3 ] DEBUG Engine               - globalSoundVolumeProperty: DoubleProperty [value: 0.5]
17:55:04.117 [FXGL Background Thread 3 ] DEBUG Engine               - height: 720
17:55:04.117 [FXGL Background Thread 3 ] DEBUG Engine               - is3D: false
17:55:04.117 [FXGL Background Thread 3 ] DEBUG Engine               - isAndroid: false
17:55:04.117 [FXGL Background Thread 3 ] DEBUG Engine               - isBrowser: false
17:55:04.117 [FXGL Background Thread 3 ] DEBUG Engine               - isClickFeedbackEnabled: false
17:55:04.117 [FXGL Background Thread 3 ] DEBUG Engine               - isCloseConfirmation: false
17:55:04.117 [FXGL Background Thread 3 ] DEBUG Engine               - isDesktop: true
17:55:04.117 [FXGL Background Thread 3 ] DEBUG Engine               - isDeveloperMenuEnabled: false
17:55:04.117 [FXGL Background Thread 3 ] DEBUG Engine               - isEmbedded: false
17:55:04.117 [FXGL Background Thread 3 ] DEBUG Engine               - isEntityPreloadEnabled: true
17:55:04.117 [FXGL Background Thread 3 ] DEBUG Engine               - isExperimentalTiledLargeMap: false
17:55:04.117 [FXGL Background Thread 3 ] DEBUG Engine               - isFileSystemWriteAllowed: true
17:55:04.117 [FXGL Background Thread 3 ] DEBUG Engine               - isFullScreenAllowed: false
17:55:04.117 [FXGL Background Thread 3 ] DEBUG Engine               - isFullScreenFromStart: false
17:55:04.117 [FXGL Background Thread 3 ] DEBUG Engine               - isGameMenuEnabled: false
17:55:04.117 [FXGL Background Thread 3 ] DEBUG Engine               - isIOS: false
17:55:04.117 [FXGL Background Thread 3 ] DEBUG Engine               - isIntroEnabled: false
17:55:04.118 [FXGL Background Thread 3 ] DEBUG Engine               - isLinux: false
17:55:04.118 [FXGL Background Thread 3 ] DEBUG Engine               - isMac: false
17:55:04.118 [FXGL Background Thread 3 ] DEBUG Engine               - isMainMenuEnabled: false
17:55:04.118 [FXGL Background Thread 3 ] DEBUG Engine               - isManualResizeEnabled: false
17:55:04.118 [FXGL Background Thread 3 ] DEBUG Engine               - isMobile: false
17:55:04.118 [FXGL Background Thread 3 ] DEBUG Engine               - isNative: false
17:55:04.118 [FXGL Background Thread 3 ] DEBUG Engine               - isPauseMusicWhenMinimized: true
17:55:04.118 [FXGL Background Thread 3 ] DEBUG Engine               - isPreserveResizeRatio: true
17:55:04.118 [FXGL Background Thread 3 ] DEBUG Engine               - isProfilingEnabled: false
17:55:04.118 [FXGL Background Thread 3 ] DEBUG Engine               - isScaleAffectedOnResize: true
17:55:04.118 [FXGL Background Thread 3 ] DEBUG Engine               - isSingleStep: false
17:55:04.118 [FXGL Background Thread 3 ] DEBUG Engine               - isUserProfileEnabled: false
17:55:04.118 [FXGL Background Thread 3 ] DEBUG Engine               - isWindows: true
17:55:04.118 [FXGL Background Thread 3 ] DEBUG Engine               - language: ObjectProperty [value: ENGLISH]
17:55:04.118 [FXGL Background Thread 3 ] DEBUG Engine               - menuKey: ESCAPE
17:55:04.118 [FXGL Background Thread 3 ] DEBUG Engine               - mouseSensitivity: 0.2
17:55:04.118 [FXGL Background Thread 3 ] DEBUG Engine               - notificationViewClass: class com.almasb.fxgl.notification.view.XboxNotificationView
17:55:04.118 [FXGL Background Thread 3 ] DEBUG Engine               - pixelsPerMeter: 50.0
17:55:04.118 [FXGL Background Thread 3 ] DEBUG Engine               - platform: WINDOWS
17:55:04.118 [FXGL Background Thread 3 ] DEBUG Engine               - prefHeightProperty: ReadOnlyDoubleProperty [value: 720.0]
17:55:04.118 [FXGL Background Thread 3 ] DEBUG Engine               - prefWidthProperty: ReadOnlyDoubleProperty [value: 1280.0]
17:55:04.118 [FXGL Background Thread 3 ] DEBUG Engine               - profileDir: profiles/
17:55:04.118 [FXGL Background Thread 3 ] DEBUG Engine               - profileName: StringProperty [value: DEFAULT]
17:55:04.118 [FXGL Background Thread 3 ] DEBUG Engine               - randomSeed: -1
17:55:04.118 [FXGL Background Thread 3 ] DEBUG Engine               - runtimeInfo: RuntimeInfo(platform=WINDOWS, version=21.1, build=27.03.2024 07.52)
17:55:04.118 [FXGL Background Thread 3 ] DEBUG Engine               - saveFileExt: sav
17:55:04.119 [FXGL Background Thread 3 ] DEBUG Engine               - scaledHeightProp$fxgl: DoubleProperty [bound, value: 720.0]
17:55:04.119 [FXGL Background Thread 3 ] DEBUG Engine               - scaledWidthProp$fxgl: DoubleProperty [bound, value: 1280.0]
17:55:04.119 [FXGL Background Thread 3 ] DEBUG Engine               - sceneFactory: com.almasb.fxgl.app.scene.SceneFactory@70e22ed3
17:55:04.119 [FXGL Background Thread 3 ] DEBUG Engine               - secondsIn24h: 60
17:55:04.119 [FXGL Background Thread 3 ] DEBUG Engine               - soundMenuBack: menu/back.wav
17:55:04.119 [FXGL Background Thread 3 ] DEBUG Engine               - soundMenuPress: menu/press.wav
17:55:04.119 [FXGL Background Thread 3 ] DEBUG Engine               - soundMenuSelect: menu/select.wav
17:55:04.119 [FXGL Background Thread 3 ] DEBUG Engine               - soundNotification: core/notification.wav
17:55:04.119 [FXGL Background Thread 3 ] DEBUG Engine               - stageStyle: DECORATED
17:55:04.119 [FXGL Background Thread 3 ] DEBUG Engine               - supportedLanguages: [ENGLISH, FRENCH, GERMAN, HUNGARIAN, RUSSIAN]
17:55:04.119 [FXGL Background Thread 3 ] DEBUG Engine               - ticksPerSecond: -1
17:55:04.119 [FXGL Background Thread 3 ] DEBUG Engine               - title: TypeWiz - Winter Theme
17:55:04.119 [FXGL Background Thread 3 ] DEBUG Engine               - urlGithub: https://github.com/AlmasB/FXGL
17:55:04.119 [FXGL Background Thread 3 ] DEBUG Engine               - urlLeaderboard: http://fxgl-top.herokuapp.com/
17:55:04.119 [FXGL Background Thread 3 ] DEBUG Engine               - urlPOM: https://raw.githubusercontent.com/AlmasB/FXGL/release/README.md
17:55:04.119 [FXGL Background Thread 3 ] DEBUG Engine               - userAppClass: class com.oop2.typewiz.GameplayComponents.Game
17:55:04.119 [FXGL Background Thread 3 ] DEBUG Engine               - version: 0.0
17:55:04.119 [FXGL Background Thread 3 ] DEBUG Engine               - versionCheckDays: 7
17:55:04.119 [FXGL Background Thread 3 ] DEBUG Engine               - width: 1280
17:55:04.119 [FXGL Background Thread 3 ] DEBUG Engine               - Logging services
17:55:04.119 [FXGL Background Thread 3 ] DEBUG Engine               - class com.almasb.fxgl.app.services.FXGLAssetLoaderService
17:55:04.119 [FXGL Background Thread 3 ] DEBUG Engine               - class com.almasb.fxgl.app.FXGLApplication$GameApplicationService
17:55:04.119 [FXGL Background Thread 3 ] DEBUG Engine               - class com.almasb.fxgl.app.services.FXGLDialogService
17:55:04.119 [FXGL Background Thread 3 ] DEBUG Engine               - class com.almasb.fxgl.app.services.IOTaskExecutorService
17:55:04.119 [FXGL Background Thread 3 ] DEBUG Engine               - class com.almasb.fxgl.io.FileSystemService
17:55:04.119 [FXGL Background Thread 3 ] DEBUG Engine               - class com.almasb.fxgl.localization.LocalizationService
17:55:04.119 [FXGL Background Thread 3 ] DEBUG Engine               - class com.almasb.fxgl.app.services.SystemBundleService
17:55:04.119 [FXGL Background Thread 3 ] DEBUG Engine               - class com.almasb.fxgl.profile.SaveLoadService
17:55:04.119 [FXGL Background Thread 3 ] DEBUG Engine               - class com.almasb.fxgl.ui.FXGLUIFactoryServiceProvider
17:55:04.119 [FXGL Background Thread 3 ] DEBUG Engine               - class com.almasb.fxgl.ui.FXGLDialogFactoryServiceProvider
17:55:04.119 [FXGL Background Thread 3 ] DEBUG Engine               - class com.almasb.fxgl.audio.AudioPlayer
17:55:04.119 [FXGL Background Thread 3 ] DEBUG Engine               - class com.almasb.fxgl.notification.impl.NotificationServiceProvider
17:55:04.119 [FXGL Background Thread 3 ] DEBUG Engine               - class com.almasb.fxgl.achievement.AchievementService
17:55:04.119 [FXGL Background Thread 3 ] DEBUG Engine               - class com.almasb.fxgl.cutscene.CutsceneService
17:55:04.119 [FXGL Background Thread 3 ] DEBUG Engine               - class com.almasb.fxgl.minigames.MiniGameService
17:55:04.119 [FXGL Background Thread 3 ] DEBUG Engine               - class com.almasb.fxgl.net.NetService
17:55:04.119 [FXGL Background Thread 3 ] DEBUG Engine               - class com.almasb.fxgl.app.services.UpdaterService
17:55:04.119 [FXGL Background Thread 3 ] DEBUG Engine               - class com.almasb.fxgl.dev.DevService
17:55:29.073 [JavaFX Application Thread] DEBUG LoopRunner           - Stopping loop
17:55:29.074 [JavaFX Application Thread] FATAL FXGLApplication      - Uncaught Exception:
java.lang.IllegalArgumentException: Property word does not exist
	at com.almasb.fxgl.core@21.1/com.almasb.fxgl.core.collection.PropertyMap.get(PropertyMap.kt:298)
	at com.almasb.fxgl.core@21.1/com.almasb.fxgl.core.collection.PropertyMap.stringProperty(PropertyMap.kt:195)
	at com.almasb.fxgl.core@21.1/com.almasb.fxgl.core.collection.PropertyMap.getString(PropertyMap.kt:185)
	at com.almasb.fxgl.entity@21.1/com.almasb.fxgl.entity.Entity.getString(Entity.java:324)
	at TypeWiz/com.oop2.typewiz.GameplayComponents.Game.lambda$0(Game.java:739)
	at com.almasb.fxgl.core@21.1/com.almasb.fxgl.input.Input.fire(Input.kt:259)
	at com.almasb.fxgl.core@21.1/com.almasb.fxgl.input.Input.fireEventViaHandlers(Input.kt:241)
	at com.almasb.fxgl.all@21.1/com.almasb.fxgl.app.PrimaryStageWindow$4$1.invoke(MainWindow.kt:330)
	at com.almasb.fxgl.all@21.1/com.almasb.fxgl.app.PrimaryStageWindow$4$1.invoke(MainWindow.kt:330)
	at com.almasb.fxgl.core@21.1/com.almasb.fxgl.core.fsm.StateMachine.runOnActiveStates(StateMachine.kt:69)
	at com.almasb.fxgl.all@21.1/com.almasb.fxgl.app.PrimaryStageWindow$4.invoke(MainWindow.kt:330)
	at com.almasb.fxgl.all@21.1/com.almasb.fxgl.app.PrimaryStageWindow$4.invoke(MainWindow.kt:323)
	at com.almasb.fxgl.all@21.1/com.almasb.fxgl.app.MainWindow.addGlobalHandler$lambda$4(MainWindow.kt:251)
	at javafx.base@19/com.sun.javafx.event.CompositeEventHandler$NormalEventHandlerRecord.handleBubblingEvent(CompositeEventHandler.java:247)
	at javafx.base@19/com.sun.javafx.event.CompositeEventHandler.dispatchBubblingEvent(CompositeEventHandler.java:80)
	at javafx.base@19/com.sun.javafx.event.EventHandlerManager.dispatchBubblingEvent(EventHandlerManager.java:234)
	at javafx.base@19/com.sun.javafx.event.EventHandlerManager.dispatchBubblingEvent(EventHandlerManager.java:191)
	at javafx.base@19/com.sun.javafx.event.CompositeEventDispatcher.dispatchBubblingEvent(CompositeEventDispatcher.java:59)
	at javafx.base@19/com.sun.javafx.event.BasicEventDispatcher.dispatchEvent(BasicEventDispatcher.java:58)
	at javafx.base@19/com.sun.javafx.event.EventDispatchChainImpl.dispatchEvent(EventDispatchChainImpl.java:114)
	at javafx.base@19/com.sun.javafx.event.BasicEventDispatcher.dispatchEvent(BasicEventDispatcher.java:56)
	at javafx.base@19/com.sun.javafx.event.EventDispatchChainImpl.dispatchEvent(EventDispatchChainImpl.java:114)
	at javafx.base@19/com.sun.javafx.event.EventUtil.fireEventImpl(EventUtil.java:74)
	at javafx.base@19/com.sun.javafx.event.EventUtil.fireEvent(EventUtil.java:54)
	at javafx.base@19/javafx.event.Event.fireEvent(Event.java:198)
	at javafx.graphics@19/javafx.scene.Scene$KeyHandler.process(Scene.java:4113)
	at javafx.graphics@19/javafx.scene.Scene.processKeyEvent(Scene.java:2159)
	at javafx.graphics@19/javafx.scene.Scene$ScenePeerListener.keyEvent(Scene.java:2627)
	at javafx.graphics@19/com.sun.javafx.tk.quantum.GlassViewEventHandler$KeyEventNotification.run(GlassViewEventHandler.java:218)
	at javafx.graphics@19/com.sun.javafx.tk.quantum.GlassViewEventHandler$KeyEventNotification.run(GlassViewEventHandler.java:150)
	at java.base/java.security.AccessController.doPrivileged(AccessController.java:400)
	at javafx.graphics@19/com.sun.javafx.tk.quantum.GlassViewEventHandler.lambda$handleKeyEvent$1(GlassViewEventHandler.java:250)
	at javafx.graphics@19/com.sun.javafx.tk.quantum.QuantumToolkit.runWithoutRenderLock(QuantumToolkit.java:424)
	at javafx.graphics@19/com.sun.javafx.tk.quantum.GlassViewEventHandler.handleKeyEvent(GlassViewEventHandler.java:249)
	at javafx.graphics@19/com.sun.glass.ui.View.handleKeyEvent(View.java:542)
	at javafx.graphics@19/com.sun.glass.ui.View.notifyKey(View.java:966)
	at javafx.graphics@19/com.sun.glass.ui.win.WinApplication._runLoop(Native Method)
	at javafx.graphics@19/com.sun.glass.ui.win.WinApplication.lambda$runLoop$3(WinApplication.java:184)
	at java.base/java.lang.Thread.run(Thread.java:1583)

17:55:29.075 [JavaFX Application Thread] FATAL FXGLApplication      - Application will now exit
17:55:29.090 [JavaFX Application Thread] DEBUG PrimaryStageWindow   - Push state: ErrorSubScene
17:55:29.090 [JavaFX Application Thread] DEBUG Input                - Clearing active input actions
17:55:29.093 [JavaFX Application Thread] DEBUG GameApplicationServi - Removing overlay from GameScene and adding to ErrorSubScene
17:55:29.093 [JavaFX Application Thread] DEBUG PrimaryStageWindow   - GameScene -> ErrorSubScene
17:55:37.163 [JavaFX Application Thread] DEBUG FXGLApplication      - Exiting FXGL
17:55:37.163 [JavaFX Application Thread] DEBUG Async                - Shutting down background threads
17:55:37.164 [JavaFX Application Thread] DEBUG PrimaryStageWindow   - Closing main window
17:55:37.175 [JavaFX Application Thread] DEBUG Logger               - Closing Logger
