15:51:16.904 [main                     ] DEBUG Logger               - Configured Logger
15:51:16.930 [main                     ] DEBUG GameApplication      - Logging settings
Title: TypeWiz - Winter Theme
Version: 0.0
Width: 1280
Height: 720
Fullscreen: false
Intro: false
Profiling: false
Single step:false
App Mode: DEVELOPER
Menu Key: ESCAPE
Stage Style: DECORATED
Scene Factory: class com.almasb.fxgl.app.scene.SceneFactory

15:51:17.220 [JavaFX Application Thread] DEBUG FXGLApplication      - Initializing FXGL
15:51:17.224 [JavaFX Application Thread] INFO  Engine               - FXGL-21.1 (27.03.2024 07.52) on WINDOWS (J:21.0.3 FX:19)
15:51:17.225 [JavaFX Application Thread] DEBUG Engine               - JRE Vendor Name: Oracle Corporation
15:51:17.225 [JavaFX Application Thread] DEBUG Engine               - Running on OS: Windows 11 version 10.0
15:51:17.225 [JavaFX Application Thread] DEBUG Engine               - Architecture: amd64
15:51:17.225 [JavaFX Application Thread] INFO  Engine               - Source code and latest versions at: https://github.com/AlmasB/FXGL
15:51:17.225 [JavaFX Application Thread] INFO  Engine               -       Ask questions and discuss at: https://github.com/AlmasB/FXGL/discussions
15:51:17.226 [JavaFX Application Thread] INFO  Engine               -              Join the FXGL chat at: https://gitter.im/AlmasB/FXGL
15:51:17.299 [JavaFX Application Thread] DEBUG PrimaryStageWindow   - Creating a JavaFX scene
15:51:17.338 [JavaFX Application Thread] DEBUG PrimaryStageWindow   - Target settings size: 1280.0 x 720.0
15:51:17.338 [JavaFX Application Thread] DEBUG PrimaryStageWindow   - Scaled scene size:    1280.0 x 720.0
15:51:17.340 [JavaFX Application Thread] DEBUG PrimaryStageWindow   - Scaled ratio: (1.0, 1.0)
15:51:17.340 [JavaFX Application Thread] DEBUG PrimaryStageWindow   - Set initial scene to FXGLStartupScene
15:51:17.343 [JavaFX Application Thread] DEBUG PrimaryStageWindow   - Opening main window
15:51:17.413 [JavaFX Application Thread] DEBUG PrimaryStageWindow   - Window border size: (14.4000244140625, 37.5999755859375)
15:51:17.414 [JavaFX Application Thread] DEBUG PrimaryStageWindow   - Scaled size: 1280.0 x 720.0
15:51:17.414 [JavaFX Application Thread] DEBUG PrimaryStageWindow   - Scaled ratio: (1.0, 1.0)
15:51:17.414 [JavaFX Application Thread] DEBUG PrimaryStageWindow   - Scene size: 1280.0 x 720.0
15:51:17.414 [JavaFX Application Thread] DEBUG PrimaryStageWindow   - Stage size: 1294.4000244140625 x 757.5999755859375
15:51:17.423 [FXGL Background Thread 1 ] DEBUG Engine               - Initializing environment variables
15:51:17.477 [FXGL Background Thread 1 ] DEBUG FXGLAssetLoaderServi - User app class for loading assets: class com.oop2.typewiz.GameplayComponents.Game
15:51:17.477 [FXGL Background Thread 1 ] DEBUG GameApplicationServi - Applying CSS: fxgl_dark.css
15:51:17.478 [FXGL Background Thread 1 ] DEBUG FXGLAssetLoaderServi - Loading from file system: jar:file:///C:/Users/Ruhmer%20Jairus/.m2/repository/com/github/almasb/fxgl/21.1/fxgl-21.1.jar!/fxglassets/ui/css/fxgl_dark.css
15:51:17.533 [FXGL Background Thread 1 ] DEBUG GameApplicationServi - Initializing application scenes
15:51:17.591 [FXGL Background Thread 1 ] DEBUG GameWorld            - Game world initialized
15:51:17.648 [FXGL Background Thread 1 ] DEBUG PhysicsWorld         - Physics world initialized: appHeight=720, physics.ppm=50.0
15:51:17.649 [FXGL Background Thread 1 ] DEBUG PhysicsWorld         - Using strategy: BRUTE_FORCE
15:51:17.652 [FXGL Background Thread 1 ] DEBUG GameScene            - Game scene initialized: 1280x720
15:51:17.652 [FXGL Background Thread 1 ] DEBUG GameApplicationServi - Application scenes initialized
15:51:17.666 [FXGL Background Thread 1 ] DEBUG SystemBundleService  - Loading FXGL system data
15:51:17.669 [FXGL Background Thread 1 ] DEBUG FileSystemAccess     - Reading from: C:\Users\Ruhmer Jairus\OOP2-Capstone\system\fxgl.bundle
15:51:17.675 [FXGL Background Thread 1 ] DEBUG SystemBundleService  - Bundle FXGL: {}
15:51:17.675 [FXGL Background Thread 1 ] DEBUG UpdaterService       - Checking for updates
15:51:17.678 [FXGL Background Thread 4 ] DEBUG FXGLApplication      - Loading fonts
15:51:17.678 [FXGL Background Thread 1 ] DEBUG FXGLApplication      - Loading default localization
15:51:17.678 [FXGL Background Thread 4 ] DEBUG FXGLAssetLoaderServi - Loading from file system: jar:file:///C:/Users/Ruhmer%20Jairus/.m2/repository/com/github/almasb/fxgl/21.1/fxgl-21.1.jar!/fxglassets/ui/fonts/VarelaRound-Regular.ttf
15:51:17.678 [FXGL Background Thread 1 ] DEBUG FXGLAssetLoaderServi - Loading from file system: jar:file:///C:/Users/Ruhmer%20Jairus/.m2/repository/com/github/almasb/fxgl/21.1/fxgl-21.1.jar!/fxglassets/languages/english.lang
15:51:17.700 [FXGL Background Thread 1 ] INFO  FXGLApplication      - FXGL initialization took: 0.277 sec
15:51:17.701 [JavaFX Application Thread] DEBUG FXGLAssetLoaderServi - Loading from file system: jar:file:///C:/Users/Ruhmer%20Jairus/.m2/repository/com/github/almasb/fxgl/21.1/fxgl-21.1.jar!/fxglassets/textures/fxgl_icon.png
15:51:17.709 [FXGL Background Thread 4 ] DEBUG FXGLAssetLoaderServi - Loading from file system: jar:file:///C:/Users/Ruhmer%20Jairus/.m2/repository/com/github/almasb/fxgl/21.1/fxgl-21.1.jar!/fxglassets/ui/fonts/Abel-Regular.ttf
15:51:17.713 [FXGL Background Thread 4 ] DEBUG FXGLAssetLoaderServi - Loading from file system: jar:file:///C:/Users/Ruhmer%20Jairus/.m2/repository/com/github/almasb/fxgl/21.1/fxgl-21.1.jar!/fxglassets/ui/fonts/TerminalLandMono-Regular.otf
15:51:17.716 [FXGL Background Thread 4 ] DEBUG FXGLAssetLoaderServi - Loading from file system: jar:file:///C:/Users/Ruhmer%20Jairus/.m2/repository/com/github/almasb/fxgl/21.1/fxgl-21.1.jar!/fxglassets/ui/fonts/Courier-Prime.ttf
15:51:17.739 [JavaFX Application Thread] DEBUG FXGLAssetLoaderServi - Loading from file system: jar:file:///C:/Users/Ruhmer%20Jairus/.m2/repository/com/github/almasb/fxgl/21.1/fxgl-21.1.jar!/fxglassets/textures/fxgl_default_cursor.png
15:51:17.754 [JavaFX Application Thread] DEBUG Input                - Registered new binding: Screenshot - CTRL+8
15:51:17.754 [JavaFX Application Thread] DEBUG Input                - Registered new binding: System info dump - CTRL+9
15:51:17.755 [JavaFX Application Thread] DEBUG Input                - Registered new binding: Restart - CTRL+R
15:51:17.756 [JavaFX Application Thread] DEBUG Input                - Registered new binding: Toggle Debug Camera - CTRL+7
15:51:17.760 [JavaFX Application Thread] DEBUG LoopRunner           - Starting loop
15:51:17.760 [JavaFX Application Thread] DEBUG LoopRunner           - Initializing JavaFX AnimationTimerLoop
15:51:17.761 [JavaFX Application Thread] DEBUG GameApplicationServi - Starting new game
15:51:17.761 [JavaFX Application Thread] DEBUG Input                - Clearing active input actions
15:51:17.772 [JavaFX Application Thread] DEBUG GameApplicationServi - Removing overlay from FXGLStartupScene and adding to FXGLLoadingScene
15:51:17.773 [JavaFX Application Thread] DEBUG PrimaryStageWindow   - FXGLStartupScene -> FXGLLoadingScene
15:51:17.773 [JavaFX Application Thread] DEBUG GameApplicationServi - Clearing previous game
15:51:17.773 [JavaFX Application Thread] DEBUG GameScene            - Clearing game scene
15:51:17.773 [JavaFX Application Thread] DEBUG GameWorld            - Clearing game world
15:51:17.773 [JavaFX Application Thread] DEBUG PhysicsWorld         - Clearing physics world
15:51:17.776 [FXGL Background Thread 4 ] DEBUG FXGLApplication      - Initializing game
15:51:17.776 [JavaFX Application Thread] DEBUG FXGLApplication      - Registering font factories with UI factory
15:51:17.786 [FXGL Background Thread 4 ] DEBUG FXGLAssetLoaderServi - Loading from file system: file:/C:/Users/Ruhmer%20Jairus/OOP2-Capstone/target/classes/assets/textures/background-and-platforms/bg-winter_1280_720.png
15:51:17.842 [FXGL Background Thread 4 ] DEBUG FXGLAssetLoaderServi - Loading from file system: file:/C:/Users/Ruhmer%20Jairus/OOP2-Capstone/target/classes/assets/textures/background-and-platforms/hdlargerplatform-winter.png
15:51:17.936 [FXGL Background Thread 4 ] DEBUG FXGLAssetLoaderServi - Loading from file system: file:/C:/Users/Ruhmer%20Jairus/OOP2-Capstone/target/classes/assets/textures/wizard/wizard.png
15:51:18.040 [FXGL Background Thread 4 ] DEBUG FXGLAssetLoaderServi - Loading from file system: file:/C:/Users/Ruhmer%20Jairus/OOP2-Capstone/target/classes/assets/textures/mobs/gargoyle/gargoyle.png
15:51:18.067 [JavaFX Application Thread] DEBUG LoopRunner           - Stopping loop
15:51:18.073 [JavaFX Application Thread] FATAL FXGLApplication      - Uncaught Exception:
java.lang.RuntimeException: Initialization failed
	at com.almasb.fxgl.all@21.1/com.almasb.fxgl.app.FXGLApplication$InitAppTask.failed(FXGLApplication.kt:347)
	at javafx.graphics@19/javafx.concurrent.Task.setState(Task.java:710)
	at javafx.graphics@19/javafx.concurrent.Task$TaskCallable.lambda$call$2(Task.java:1456)
	at javafx.graphics@19/com.sun.javafx.application.PlatformImpl.lambda$runLater$10(PlatformImpl.java:457)
	at java.base/java.security.AccessController.doPrivileged(AccessController.java:400)
	at javafx.graphics@19/com.sun.javafx.application.PlatformImpl.lambda$runLater$11(PlatformImpl.java:456)
	at javafx.graphics@19/com.sun.glass.ui.InvokeLaterDispatcher$Future.run(InvokeLaterDispatcher.java:96)
	at javafx.graphics@19/com.sun.glass.ui.win.WinApplication._runLoop(Native Method)
	at javafx.graphics@19/com.sun.glass.ui.win.WinApplication.lambda$runLoop$3(WinApplication.java:184)
	at java.base/java.lang.Thread.run(Thread.java:1583)
Caused by: java.lang.IllegalArgumentException: Property playerManager does not exist
	at com.almasb.fxgl.core@21.1/com.almasb.fxgl.core.collection.PropertyMap.get(PropertyMap.kt:298)
	at com.almasb.fxgl.core@21.1/com.almasb.fxgl.core.collection.PropertyMap.objectProperty(PropertyMap.kt:198)
	at com.almasb.fxgl.core@21.1/com.almasb.fxgl.core.collection.PropertyMap.getObject(PropertyMap.kt:187)
	at TypeWiz/com.oop2.typewiz.GameplayComponents.UIFactory.createUI(UIFactory.java:572)
	at TypeWiz/com.oop2.typewiz.GameplayComponents.Game.setupGameEnvironment(Game.java:101)
	at TypeWiz/com.oop2.typewiz.GameplayComponents.Game.initGame(Game.java:74)
	at com.almasb.fxgl.all@21.1/com.almasb.fxgl.app.FXGLApplication$InitAppTask.initGame(FXGLApplication.kt:343)
	at com.almasb.fxgl.all@21.1/com.almasb.fxgl.app.FXGLApplication$InitAppTask.call(FXGLApplication.kt:321)
	at com.almasb.fxgl.all@21.1/com.almasb.fxgl.app.FXGLApplication$InitAppTask.call(FXGLApplication.kt:313)
	at javafx.graphics@19/javafx.concurrent.Task$TaskCallable.call(Task.java:1426)
	at java.base/java.util.concurrent.FutureTask.run(FutureTask.java:317)
	at java.base/java.util.concurrent.Executors$RunnableAdapter.call(Executors.java:572)
	at java.base/java.util.concurrent.FutureTask.run(FutureTask.java:317)
	at java.base/java.util.concurrent.ThreadPoolExecutor.runWorker(ThreadPoolExecutor.java:1144)
	at java.base/java.util.concurrent.ThreadPoolExecutor$Worker.run(ThreadPoolExecutor.java:642)
	... 1 more

15:51:18.074 [JavaFX Application Thread] FATAL FXGLApplication      - Application will now exit
15:51:18.108 [JavaFX Application Thread] DEBUG PrimaryStageWindow   - Push state: ErrorSubScene
15:51:18.109 [JavaFX Application Thread] DEBUG Input                - Clearing active input actions
15:51:18.123 [JavaFX Application Thread] DEBUG GameApplicationServi - Removing overlay from FXGLLoadingScene and adding to ErrorSubScene
15:51:18.123 [JavaFX Application Thread] DEBUG PrimaryStageWindow   - FXGLLoadingScene -> ErrorSubScene
15:51:20.680 [FXGL Background Thread 3 ] DEBUG Engine               - Logging environment variables
15:51:20.680 [FXGL Background Thread 3 ] DEBUG Engine               - achievements: []
15:51:20.680 [FXGL Background Thread 3 ] DEBUG Engine               - actualHeight: 720.0
15:51:20.680 [FXGL Background Thread 3 ] DEBUG Engine               - actualHeightProperty: ReadOnlyDoubleProperty [value: 720.0]
15:51:20.680 [FXGL Background Thread 3 ] DEBUG Engine               - actualWidth: 1280.0
15:51:20.680 [FXGL Background Thread 3 ] DEBUG Engine               - actualWidthProperty: ReadOnlyDoubleProperty [value: 1280.0]
15:51:20.680 [FXGL Background Thread 3 ] DEBUG Engine               - appIcon: fxgl_icon.png
15:51:20.680 [FXGL Background Thread 3 ] DEBUG Engine               - applicationMode: DEVELOPER
15:51:20.680 [FXGL Background Thread 3 ] DEBUG Engine               - cSSList: [fxgl_dark.css]
15:51:20.680 [FXGL Background Thread 3 ] DEBUG Engine               - collisionDetectionStrategy: BRUTE_FORCE
15:51:20.680 [FXGL Background Thread 3 ] DEBUG Engine               - configClass: Optional.empty
15:51:20.680 [FXGL Background Thread 3 ] DEBUG Engine               - credits: []
15:51:20.682 [FXGL Background Thread 3 ] DEBUG Engine               - defaultCursor: CursorInfo(imageName=fxgl_default_cursor.png, hotspotX=7.0, hotspotY=6.0)
15:51:20.683 [FXGL Background Thread 3 ] DEBUG Engine               - devBBoxColorProperty: ObjectProperty [value: 0xff0000ff]
15:51:20.683 [FXGL Background Thread 3 ] DEBUG Engine               - devEnableDebugCameraProperty: BooleanProperty [value: false]
15:51:20.683 [FXGL Background Thread 3 ] DEBUG Engine               - devSensorColorProperty: ObjectProperty [value: 0xffff00ff]
15:51:20.683 [FXGL Background Thread 3 ] DEBUG Engine               - devShowBBoxProperty: BooleanProperty [value: false]
15:51:20.683 [FXGL Background Thread 3 ] DEBUG Engine               - devShowPositionProperty: BooleanProperty [value: false]
15:51:20.683 [FXGL Background Thread 3 ] DEBUG Engine               - enabledMenuItems: []
15:51:20.683 [FXGL Background Thread 3 ] DEBUG Engine               - engineServices: [class com.almasb.fxgl.app.services.FXGLAssetLoaderService, class com.almasb.fxgl.app.FXGLApplication$GameApplicationService, class com.almasb.fxgl.app.services.FXGLDialogService, class com.almasb.fxgl.app.services.IOTaskExecutorService, class com.almasb.fxgl.io.FileSystemService, class com.almasb.fxgl.localization.LocalizationService, class com.almasb.fxgl.app.services.SystemBundleService, class com.almasb.fxgl.profile.SaveLoadService, class com.almasb.fxgl.ui.FXGLUIFactoryServiceProvider, class com.almasb.fxgl.ui.FXGLDialogFactoryServiceProvider, class com.almasb.fxgl.audio.AudioPlayer, class com.almasb.fxgl.notification.impl.NotificationServiceProvider, class com.almasb.fxgl.achievement.AchievementService, class com.almasb.fxgl.cutscene.CutsceneService, class com.almasb.fxgl.minigames.MiniGameService, class com.almasb.fxgl.net.NetService, class com.almasb.fxgl.app.services.UpdaterService, class com.almasb.fxgl.dev.DevService]
15:51:20.683 [FXGL Background Thread 3 ] DEBUG Engine               - fontGame: Abel-Regular.ttf
15:51:20.684 [FXGL Background Thread 3 ] DEBUG Engine               - fontMono: TerminalLandMono-Regular.otf
15:51:20.684 [FXGL Background Thread 3 ] DEBUG Engine               - fontSizeScaleUI: 1.0
15:51:20.684 [FXGL Background Thread 3 ] DEBUG Engine               - fontText: Courier-Prime.ttf
15:51:20.684 [FXGL Background Thread 3 ] DEBUG Engine               - fontUI: VarelaRound-Regular.ttf
15:51:20.684 [FXGL Background Thread 3 ] DEBUG Engine               - fullScreen: BooleanProperty [value: false]
15:51:20.684 [FXGL Background Thread 3 ] DEBUG Engine               - gameDifficulty: MEDIUM
15:51:20.684 [FXGL Background Thread 3 ] DEBUG Engine               - gameDifficultyProperty: ObjectProperty [value: MEDIUM]
15:51:20.684 [FXGL Background Thread 3 ] DEBUG Engine               - globalMusicVolume: 0.5
15:51:20.684 [FXGL Background Thread 3 ] DEBUG Engine               - globalMusicVolumeProperty: DoubleProperty [value: 0.5]
15:51:20.684 [FXGL Background Thread 3 ] DEBUG Engine               - globalSoundVolume: 0.5
15:51:20.684 [FXGL Background Thread 3 ] DEBUG Engine               - globalSoundVolumeProperty: DoubleProperty [value: 0.5]
15:51:20.684 [FXGL Background Thread 3 ] DEBUG Engine               - height: 720
15:51:20.684 [FXGL Background Thread 3 ] DEBUG Engine               - is3D: false
15:51:20.684 [FXGL Background Thread 3 ] DEBUG Engine               - isAndroid: false
15:51:20.684 [FXGL Background Thread 3 ] DEBUG Engine               - isBrowser: false
15:51:20.684 [FXGL Background Thread 3 ] DEBUG Engine               - isClickFeedbackEnabled: false
15:51:20.684 [FXGL Background Thread 3 ] DEBUG Engine               - isCloseConfirmation: false
15:51:20.684 [FXGL Background Thread 3 ] DEBUG Engine               - isDesktop: true
15:51:20.684 [FXGL Background Thread 3 ] DEBUG Engine               - isDeveloperMenuEnabled: false
15:51:20.684 [FXGL Background Thread 3 ] DEBUG Engine               - isEmbedded: false
15:51:20.684 [FXGL Background Thread 3 ] DEBUG Engine               - isEntityPreloadEnabled: true
15:51:20.684 [FXGL Background Thread 3 ] DEBUG Engine               - isExperimentalTiledLargeMap: false
15:51:20.684 [FXGL Background Thread 3 ] DEBUG Engine               - isFileSystemWriteAllowed: true
15:51:20.684 [FXGL Background Thread 3 ] DEBUG Engine               - isFullScreenAllowed: false
15:51:20.684 [FXGL Background Thread 3 ] DEBUG Engine               - isFullScreenFromStart: false
15:51:20.684 [FXGL Background Thread 3 ] DEBUG Engine               - isGameMenuEnabled: false
15:51:20.684 [FXGL Background Thread 3 ] DEBUG Engine               - isIOS: false
15:51:20.685 [FXGL Background Thread 3 ] DEBUG Engine               - isIntroEnabled: false
15:51:20.685 [FXGL Background Thread 3 ] DEBUG Engine               - isLinux: false
15:51:20.685 [FXGL Background Thread 3 ] DEBUG Engine               - isMac: false
15:51:20.685 [FXGL Background Thread 3 ] DEBUG Engine               - isMainMenuEnabled: false
15:51:20.685 [FXGL Background Thread 3 ] DEBUG Engine               - isManualResizeEnabled: false
15:51:20.685 [FXGL Background Thread 3 ] DEBUG Engine               - isMobile: false
15:51:20.685 [FXGL Background Thread 3 ] DEBUG Engine               - isNative: false
15:51:20.685 [FXGL Background Thread 3 ] DEBUG Engine               - isPauseMusicWhenMinimized: true
15:51:20.685 [FXGL Background Thread 3 ] DEBUG Engine               - isPreserveResizeRatio: true
15:51:20.685 [FXGL Background Thread 3 ] DEBUG Engine               - isProfilingEnabled: false
15:51:20.685 [FXGL Background Thread 3 ] DEBUG Engine               - isScaleAffectedOnResize: true
15:51:20.685 [FXGL Background Thread 3 ] DEBUG Engine               - isSingleStep: false
15:51:20.685 [FXGL Background Thread 3 ] DEBUG Engine               - isUserProfileEnabled: false
15:51:20.685 [FXGL Background Thread 3 ] DEBUG Engine               - isWindows: true
15:51:20.685 [FXGL Background Thread 3 ] DEBUG Engine               - language: ObjectProperty [value: ENGLISH]
15:51:20.685 [FXGL Background Thread 3 ] DEBUG Engine               - menuKey: ESCAPE
15:51:20.685 [FXGL Background Thread 3 ] DEBUG Engine               - mouseSensitivity: 0.2
15:51:20.685 [FXGL Background Thread 3 ] DEBUG Engine               - notificationViewClass: class com.almasb.fxgl.notification.view.XboxNotificationView
15:51:20.685 [FXGL Background Thread 3 ] DEBUG Engine               - pixelsPerMeter: 50.0
15:51:20.685 [FXGL Background Thread 3 ] DEBUG Engine               - platform: WINDOWS
15:51:20.685 [FXGL Background Thread 3 ] DEBUG Engine               - prefHeightProperty: ReadOnlyDoubleProperty [value: 720.0]
15:51:20.685 [FXGL Background Thread 3 ] DEBUG Engine               - prefWidthProperty: ReadOnlyDoubleProperty [value: 1280.0]
15:51:20.685 [FXGL Background Thread 3 ] DEBUG Engine               - profileDir: profiles/
15:51:20.685 [FXGL Background Thread 3 ] DEBUG Engine               - profileName: StringProperty [value: DEFAULT]
15:51:20.685 [FXGL Background Thread 3 ] DEBUG Engine               - randomSeed: -1
15:51:20.686 [FXGL Background Thread 3 ] DEBUG Engine               - runtimeInfo: RuntimeInfo(platform=WINDOWS, version=21.1, build=27.03.2024 07.52)
15:51:20.686 [FXGL Background Thread 3 ] DEBUG Engine               - saveFileExt: sav
15:51:20.686 [FXGL Background Thread 3 ] DEBUG Engine               - scaledHeightProp$fxgl: DoubleProperty [bound, value: 720.0]
15:51:20.686 [FXGL Background Thread 3 ] DEBUG Engine               - scaledWidthProp$fxgl: DoubleProperty [bound, value: 1280.0]
15:51:20.686 [FXGL Background Thread 3 ] DEBUG Engine               - sceneFactory: com.almasb.fxgl.app.scene.SceneFactory@1b1f608b
15:51:20.686 [FXGL Background Thread 3 ] DEBUG Engine               - secondsIn24h: 60
15:51:20.686 [FXGL Background Thread 3 ] DEBUG Engine               - soundMenuBack: menu/back.wav
15:51:20.686 [FXGL Background Thread 3 ] DEBUG Engine               - soundMenuPress: menu/press.wav
15:51:20.686 [FXGL Background Thread 3 ] DEBUG Engine               - soundMenuSelect: menu/select.wav
15:51:20.686 [FXGL Background Thread 3 ] DEBUG Engine               - soundNotification: core/notification.wav
15:51:20.686 [FXGL Background Thread 3 ] DEBUG Engine               - stageStyle: DECORATED
15:51:20.686 [FXGL Background Thread 3 ] DEBUG Engine               - supportedLanguages: [ENGLISH, FRENCH, GERMAN, HUNGARIAN, RUSSIAN]
15:51:20.686 [FXGL Background Thread 3 ] DEBUG Engine               - ticksPerSecond: -1
15:51:20.686 [FXGL Background Thread 3 ] DEBUG Engine               - title: TypeWiz - Winter Theme
15:51:20.686 [FXGL Background Thread 3 ] DEBUG Engine               - urlGithub: https://github.com/AlmasB/FXGL
15:51:20.686 [FXGL Background Thread 3 ] DEBUG Engine               - urlLeaderboard: http://fxgl-top.herokuapp.com/
15:51:20.686 [FXGL Background Thread 3 ] DEBUG Engine               - urlPOM: https://raw.githubusercontent.com/AlmasB/FXGL/release/README.md
15:51:20.686 [FXGL Background Thread 3 ] DEBUG Engine               - userAppClass: class com.oop2.typewiz.GameplayComponents.Game
15:51:20.686 [FXGL Background Thread 3 ] DEBUG Engine               - version: 0.0
15:51:20.686 [FXGL Background Thread 3 ] DEBUG Engine               - versionCheckDays: 7
15:51:20.686 [FXGL Background Thread 3 ] DEBUG Engine               - width: 1280
15:51:20.686 [FXGL Background Thread 3 ] DEBUG Engine               - Logging services
15:51:20.686 [FXGL Background Thread 3 ] DEBUG Engine               - class com.almasb.fxgl.app.services.FXGLAssetLoaderService
15:51:20.686 [FXGL Background Thread 3 ] DEBUG Engine               - class com.almasb.fxgl.app.FXGLApplication$GameApplicationService
15:51:20.686 [FXGL Background Thread 3 ] DEBUG Engine               - class com.almasb.fxgl.app.services.FXGLDialogService
15:51:20.686 [FXGL Background Thread 3 ] DEBUG Engine               - class com.almasb.fxgl.app.services.IOTaskExecutorService
15:51:20.686 [FXGL Background Thread 3 ] DEBUG Engine               - class com.almasb.fxgl.io.FileSystemService
15:51:20.686 [FXGL Background Thread 3 ] DEBUG Engine               - class com.almasb.fxgl.localization.LocalizationService
15:51:20.686 [FXGL Background Thread 3 ] DEBUG Engine               - class com.almasb.fxgl.app.services.SystemBundleService
15:51:20.686 [FXGL Background Thread 3 ] DEBUG Engine               - class com.almasb.fxgl.profile.SaveLoadService
15:51:20.686 [FXGL Background Thread 3 ] DEBUG Engine               - class com.almasb.fxgl.ui.FXGLUIFactoryServiceProvider
15:51:20.686 [FXGL Background Thread 3 ] DEBUG Engine               - class com.almasb.fxgl.ui.FXGLDialogFactoryServiceProvider
15:51:20.686 [FXGL Background Thread 3 ] DEBUG Engine               - class com.almasb.fxgl.audio.AudioPlayer
15:51:20.686 [FXGL Background Thread 3 ] DEBUG Engine               - class com.almasb.fxgl.notification.impl.NotificationServiceProvider
15:51:20.686 [FXGL Background Thread 3 ] DEBUG Engine               - class com.almasb.fxgl.achievement.AchievementService
15:51:20.686 [FXGL Background Thread 3 ] DEBUG Engine               - class com.almasb.fxgl.cutscene.CutsceneService
15:51:20.686 [FXGL Background Thread 3 ] DEBUG Engine               - class com.almasb.fxgl.minigames.MiniGameService
15:51:20.686 [FXGL Background Thread 3 ] DEBUG Engine               - class com.almasb.fxgl.net.NetService
15:51:20.686 [FXGL Background Thread 3 ] DEBUG Engine               - class com.almasb.fxgl.app.services.UpdaterService
15:51:20.686 [FXGL Background Thread 3 ] DEBUG Engine               - class com.almasb.fxgl.dev.DevService
15:51:23.037 [JavaFX Application Thread] DEBUG FXGLApplication      - Exiting FXGL
15:51:23.037 [JavaFX Application Thread] DEBUG Async                - Shutting down background threads
15:51:23.037 [JavaFX Application Thread] DEBUG PrimaryStageWindow   - Closing main window
15:51:23.050 [JavaFX Application Thread] DEBUG Logger               - Closing Logger
