03:50:03.401 [main                     ] DEBUG Logger               - Configured Logger
03:50:03.424 [main                     ] DEBUG GameApplication      - Logging settings
Title: TypeWiz - Winter Theme
Version: 0.0
Width: 1280
Height: 720
Fullscreen: false
Intro: false
Profiling: false
Single step:false
App Mode: DEVELOPER
Menu Key: ESCAPE
Stage Style: DECORATED
Scene Factory: class com.almasb.fxgl.app.scene.SceneFactory

03:50:03.687 [JavaFX Application Thread] DEBUG FXGLApplication      - Initializing FXGL
03:50:03.690 [JavaFX Application Thread] INFO  Engine               - FXGL-21.1 (27.03.2024 07.52) on WINDOWS (J:21.0.3 FX:19)
03:50:03.691 [JavaFX Application Thread] DEBUG Engine               - JRE Vendor Name: Oracle Corporation
03:50:03.691 [JavaFX Application Thread] DEBUG Engine               - Running on OS: Windows 11 version 10.0
03:50:03.691 [JavaFX Application Thread] DEBUG Engine               - Architecture: amd64
03:50:03.691 [JavaFX Application Thread] INFO  Engine               - Source code and latest versions at: https://github.com/AlmasB/FXGL
03:50:03.691 [JavaFX Application Thread] INFO  Engine               -       Ask questions and discuss at: https://github.com/AlmasB/FXGL/discussions
03:50:03.692 [JavaFX Application Thread] INFO  Engine               -              Join the FXGL chat at: https://gitter.im/AlmasB/FXGL
03:50:03.759 [JavaFX Application Thread] DEBUG PrimaryStageWindow   - Creating a JavaFX scene
03:50:03.792 [JavaFX Application Thread] DEBUG PrimaryStageWindow   - Target settings size: 1280.0 x 720.0
03:50:03.793 [JavaFX Application Thread] DEBUG PrimaryStageWindow   - Scaled scene size:    1280.0 x 720.0
03:50:03.793 [JavaFX Application Thread] DEBUG PrimaryStageWindow   - Scaled ratio: (1.0, 1.0)
03:50:03.794 [JavaFX Application Thread] DEBUG PrimaryStageWindow   - Set initial scene to FXGLStartupScene
03:50:03.796 [JavaFX Application Thread] DEBUG PrimaryStageWindow   - Opening main window
03:50:03.860 [JavaFX Application Thread] DEBUG PrimaryStageWindow   - Window border size: (14.4000244140625, 37.5999755859375)
03:50:03.860 [JavaFX Application Thread] DEBUG PrimaryStageWindow   - Scaled size: 1280.0 x 720.0
03:50:03.861 [JavaFX Application Thread] DEBUG PrimaryStageWindow   - Scaled ratio: (1.0, 1.0)
03:50:03.861 [JavaFX Application Thread] DEBUG PrimaryStageWindow   - Scene size: 1280.0 x 720.0
03:50:03.861 [JavaFX Application Thread] DEBUG PrimaryStageWindow   - Stage size: 1294.4000244140625 x 757.5999755859375
03:50:03.867 [FXGL Background Thread 1 ] DEBUG Engine               - Initializing environment variables
03:50:03.914 [FXGL Background Thread 1 ] DEBUG FXGLAssetLoaderServi - User app class for loading assets: class com.oop2.typewiz.GameplayComponents.Game
03:50:03.914 [FXGL Background Thread 1 ] DEBUG GameApplicationServi - Applying CSS: fxgl_dark.css
03:50:03.915 [FXGL Background Thread 1 ] DEBUG FXGLAssetLoaderServi - Loading from file system: jar:file:///C:/Users/Ruhmer%20Jairus/.m2/repository/com/github/almasb/fxgl/21.1/fxgl-21.1.jar!/fxglassets/ui/css/fxgl_dark.css
03:50:03.956 [FXGL Background Thread 1 ] DEBUG GameApplicationServi - Initializing application scenes
03:50:04.009 [FXGL Background Thread 1 ] DEBUG GameWorld            - Game world initialized
03:50:04.074 [FXGL Background Thread 1 ] DEBUG PhysicsWorld         - Physics world initialized: appHeight=720, physics.ppm=50.0
03:50:04.074 [FXGL Background Thread 1 ] DEBUG PhysicsWorld         - Using strategy: BRUTE_FORCE
03:50:04.079 [FXGL Background Thread 1 ] DEBUG GameScene            - Game scene initialized: 1280x720
03:50:04.088 [FXGL Background Thread 1 ] DEBUG FXGL.DefaultMenu     - createMenuBodyGameMenu()
03:50:04.096 [FXGL Background Thread 1 ] DEBUG FXGL.DefaultMenu     - createOptionsMenu()
03:50:04.104 [FXGL Background Thread 1 ] DEBUG FXGLAssetLoaderServi - Loading from file system: jar:file:///C:/Users/Ruhmer%20Jairus/.m2/repository/com/github/almasb/fxgl/21.1/fxgl-21.1.jar!/fxglassets/textures/particles/smoke.png
03:50:04.197 [FXGL Background Thread 1 ] DEBUG FXGLAssetLoaderServi - Loading from file system: jar:file:///C:/Users/Ruhmer%20Jairus/.m2/repository/com/github/almasb/fxgl/21.1/fxgl-21.1.jar!/fxglassets/textures/particles/trace_horizontal.png
03:50:04.224 [FXGL Background Thread 1 ] DEBUG GameApplicationServi - Application scenes initialized
03:50:04.233 [FXGL Background Thread 1 ] DEBUG SystemBundleService  - Loading FXGL system data
03:50:04.238 [FXGL Background Thread 1 ] DEBUG FileSystemAccess     - Reading from: C:\Users\Ruhmer Jairus\OOP2-Capstone\system\fxgl.bundle
03:50:04.246 [FXGL Background Thread 1 ] DEBUG SystemBundleService  - Bundle FXGL: {}
03:50:04.246 [FXGL Background Thread 1 ] DEBUG UpdaterService       - Checking for updates
03:50:04.248 [FXGL Background Thread 4 ] DEBUG FXGLApplication      - Loading fonts
03:50:04.248 [FXGL Background Thread 4 ] DEBUG FXGLAssetLoaderServi - Loading from file system: jar:file:///C:/Users/Ruhmer%20Jairus/.m2/repository/com/github/almasb/fxgl/21.1/fxgl-21.1.jar!/fxglassets/ui/fonts/VarelaRound-Regular.ttf
03:50:04.248 [FXGL Background Thread 1 ] DEBUG FXGLApplication      - Loading default localization
03:50:04.250 [FXGL Background Thread 1 ] DEBUG FXGLAssetLoaderServi - Loading from file system: jar:file:///C:/Users/Ruhmer%20Jairus/.m2/repository/com/github/almasb/fxgl/21.1/fxgl-21.1.jar!/fxglassets/languages/english.lang
03:50:04.280 [FXGL Background Thread 4 ] DEBUG FXGLAssetLoaderServi - Loading from file system: jar:file:///C:/Users/Ruhmer%20Jairus/.m2/repository/com/github/almasb/fxgl/21.1/fxgl-21.1.jar!/fxglassets/ui/fonts/Abel-Regular.ttf
03:50:04.284 [FXGL Background Thread 4 ] DEBUG FXGLAssetLoaderServi - Loading from file system: jar:file:///C:/Users/Ruhmer%20Jairus/.m2/repository/com/github/almasb/fxgl/21.1/fxgl-21.1.jar!/fxglassets/ui/fonts/TerminalLandMono-Regular.otf
03:50:04.286 [FXGL Background Thread 1 ] INFO  FXGLApplication      - FXGL initialization took: 0.419 sec
03:50:04.287 [FXGL Background Thread 4 ] DEBUG FXGLAssetLoaderServi - Loading from file system: jar:file:///C:/Users/Ruhmer%20Jairus/.m2/repository/com/github/almasb/fxgl/21.1/fxgl-21.1.jar!/fxglassets/ui/fonts/Courier-Prime.ttf
03:50:04.287 [JavaFX Application Thread] DEBUG FXGLAssetLoaderServi - Loading from file system: jar:file:///C:/Users/Ruhmer%20Jairus/.m2/repository/com/github/almasb/fxgl/21.1/fxgl-21.1.jar!/fxglassets/textures/fxgl_icon.png
03:50:04.309 [JavaFX Application Thread] DEBUG FXGLAssetLoaderServi - Loading from file system: jar:file:///C:/Users/Ruhmer%20Jairus/.m2/repository/com/github/almasb/fxgl/21.1/fxgl-21.1.jar!/fxglassets/textures/fxgl_default_cursor.png
03:50:04.318 [JavaFX Application Thread] DEBUG Input                - Registered new binding: Screenshot - CTRL+8
03:50:04.319 [JavaFX Application Thread] DEBUG Input                - Registered new binding: System info dump - CTRL+9
03:50:04.319 [JavaFX Application Thread] DEBUG Input                - Registered new binding: Restart - CTRL+R
03:50:04.321 [JavaFX Application Thread] DEBUG Input                - Registered new binding: Toggle Debug Camera - CTRL+7
03:50:04.327 [JavaFX Application Thread] DEBUG LoopRunner           - Starting loop
03:50:04.327 [JavaFX Application Thread] DEBUG LoopRunner           - Initializing JavaFX AnimationTimerLoop
03:50:04.329 [JavaFX Application Thread] DEBUG GameApplicationServi - Starting new game
03:50:04.330 [JavaFX Application Thread] DEBUG Input                - Clearing active input actions
03:50:04.345 [JavaFX Application Thread] DEBUG GameApplicationServi - Removing overlay from FXGLStartupScene and adding to FXGLLoadingScene
03:50:04.345 [JavaFX Application Thread] DEBUG PrimaryStageWindow   - FXGLStartupScene -> FXGLLoadingScene
03:50:04.345 [JavaFX Application Thread] DEBUG GameApplicationServi - Clearing previous game
03:50:04.345 [JavaFX Application Thread] DEBUG GameScene            - Clearing game scene
03:50:04.346 [JavaFX Application Thread] DEBUG GameWorld            - Clearing game world
03:50:04.346 [JavaFX Application Thread] DEBUG PhysicsWorld         - Clearing physics world
03:50:04.348 [JavaFX Application Thread] DEBUG FXGLApplication      - Registering font factories with UI factory
03:50:04.348 [FXGL Background Thread 4 ] DEBUG FXGLApplication      - Initializing game
03:50:04.351 [FXGL Background Thread 4 ] DEBUG FXGLAssetLoaderServi - Loading from file system: file:/C:/Users/Ruhmer%20Jairus/OOP2-Capstone/target/classes/assets/textures/background-and-platforms/bg-winter_1280_720.png
03:50:04.394 [FXGL Background Thread 4 ] DEBUG FXGLAssetLoaderServi - Loading from file system: file:/C:/Users/Ruhmer%20Jairus/OOP2-Capstone/target/classes/assets/textures/background-and-platforms/hdlargerplatform-winter.png
03:50:04.486 [FXGL Background Thread 4 ] INFO  FXGLApplication      - Game initialization took: 0.138 sec
03:50:04.502 [JavaFX Application Thread] DEBUG Input                - Clearing active input actions
03:50:04.510 [JavaFX Application Thread] DEBUG GameApplicationServi - Removing overlay from FXGLLoadingScene and adding to GameScene
03:50:04.511 [JavaFX Application Thread] DEBUG PrimaryStageWindow   - FXGLLoadingScene -> GameScene
03:50:07.250 [FXGL Background Thread 3 ] DEBUG Engine               - Logging environment variables
03:50:07.250 [FXGL Background Thread 3 ] DEBUG Engine               - achievements: []
03:50:07.250 [FXGL Background Thread 3 ] DEBUG Engine               - actualHeight: 720.0
03:50:07.251 [FXGL Background Thread 3 ] DEBUG Engine               - actualHeightProperty: ReadOnlyDoubleProperty [value: 720.0]
03:50:07.251 [FXGL Background Thread 3 ] DEBUG Engine               - actualWidth: 1280.0
03:50:07.251 [FXGL Background Thread 3 ] DEBUG Engine               - actualWidthProperty: ReadOnlyDoubleProperty [value: 1280.0]
03:50:07.251 [FXGL Background Thread 3 ] DEBUG Engine               - appIcon: fxgl_icon.png
03:50:07.251 [FXGL Background Thread 3 ] DEBUG Engine               - applicationMode: DEVELOPER
03:50:07.251 [FXGL Background Thread 3 ] DEBUG Engine               - cSSList: [fxgl_dark.css]
03:50:07.251 [FXGL Background Thread 3 ] DEBUG Engine               - collisionDetectionStrategy: BRUTE_FORCE
03:50:07.251 [FXGL Background Thread 3 ] DEBUG Engine               - configClass: Optional.empty
03:50:07.251 [FXGL Background Thread 3 ] DEBUG Engine               - credits: []
03:50:07.251 [FXGL Background Thread 3 ] DEBUG Engine               - defaultCursor: CursorInfo(imageName=fxgl_default_cursor.png, hotspotX=7.0, hotspotY=6.0)
03:50:07.251 [FXGL Background Thread 3 ] DEBUG Engine               - devBBoxColorProperty: ObjectProperty [value: 0xff0000ff]
03:50:07.251 [FXGL Background Thread 3 ] DEBUG Engine               - devEnableDebugCameraProperty: BooleanProperty [value: false]
03:50:07.252 [FXGL Background Thread 3 ] DEBUG Engine               - devSensorColorProperty: ObjectProperty [value: 0xffff00ff]
03:50:07.252 [FXGL Background Thread 3 ] DEBUG Engine               - devShowBBoxProperty: BooleanProperty [value: false]
03:50:07.252 [FXGL Background Thread 3 ] DEBUG Engine               - devShowPositionProperty: BooleanProperty [value: false]
03:50:07.252 [FXGL Background Thread 3 ] DEBUG Engine               - enabledMenuItems: []
03:50:07.252 [FXGL Background Thread 3 ] DEBUG Engine               - engineServices: [class com.almasb.fxgl.app.services.FXGLAssetLoaderService, class com.almasb.fxgl.app.FXGLApplication$GameApplicationService, class com.almasb.fxgl.app.services.FXGLDialogService, class com.almasb.fxgl.app.services.IOTaskExecutorService, class com.almasb.fxgl.io.FileSystemService, class com.almasb.fxgl.localization.LocalizationService, class com.almasb.fxgl.app.services.SystemBundleService, class com.almasb.fxgl.profile.SaveLoadService, class com.almasb.fxgl.ui.FXGLUIFactoryServiceProvider, class com.almasb.fxgl.ui.FXGLDialogFactoryServiceProvider, class com.almasb.fxgl.audio.AudioPlayer, class com.almasb.fxgl.notification.impl.NotificationServiceProvider, class com.almasb.fxgl.achievement.AchievementService, class com.almasb.fxgl.cutscene.CutsceneService, class com.almasb.fxgl.minigames.MiniGameService, class com.almasb.fxgl.net.NetService, class com.almasb.fxgl.app.services.UpdaterService, class com.almasb.fxgl.dev.DevService]
03:50:07.252 [FXGL Background Thread 3 ] DEBUG Engine               - fontGame: Abel-Regular.ttf
03:50:07.252 [FXGL Background Thread 3 ] DEBUG Engine               - fontMono: TerminalLandMono-Regular.otf
03:50:07.252 [FXGL Background Thread 3 ] DEBUG Engine               - fontSizeScaleUI: 1.0
03:50:07.252 [FXGL Background Thread 3 ] DEBUG Engine               - fontText: Courier-Prime.ttf
03:50:07.252 [FXGL Background Thread 3 ] DEBUG Engine               - fontUI: VarelaRound-Regular.ttf
03:50:07.252 [FXGL Background Thread 3 ] DEBUG Engine               - fullScreen: BooleanProperty [value: false]
03:50:07.252 [FXGL Background Thread 3 ] DEBUG Engine               - gameDifficulty: MEDIUM
03:50:07.252 [FXGL Background Thread 3 ] DEBUG Engine               - gameDifficultyProperty: ObjectProperty [value: MEDIUM]
03:50:07.252 [FXGL Background Thread 3 ] DEBUG Engine               - globalMusicVolume: 0.5
03:50:07.252 [FXGL Background Thread 3 ] DEBUG Engine               - globalMusicVolumeProperty: DoubleProperty [value: 0.5]
03:50:07.252 [FXGL Background Thread 3 ] DEBUG Engine               - globalSoundVolume: 0.5
03:50:07.253 [FXGL Background Thread 3 ] DEBUG Engine               - globalSoundVolumeProperty: DoubleProperty [value: 0.5]
03:50:07.253 [FXGL Background Thread 3 ] DEBUG Engine               - height: 720
03:50:07.253 [FXGL Background Thread 3 ] DEBUG Engine               - is3D: false
03:50:07.253 [FXGL Background Thread 3 ] DEBUG Engine               - isAndroid: false
03:50:07.253 [FXGL Background Thread 3 ] DEBUG Engine               - isBrowser: false
03:50:07.253 [FXGL Background Thread 3 ] DEBUG Engine               - isClickFeedbackEnabled: false
03:50:07.253 [FXGL Background Thread 3 ] DEBUG Engine               - isCloseConfirmation: false
03:50:07.253 [FXGL Background Thread 3 ] DEBUG Engine               - isDesktop: true
03:50:07.253 [FXGL Background Thread 3 ] DEBUG Engine               - isDeveloperMenuEnabled: false
03:50:07.253 [FXGL Background Thread 3 ] DEBUG Engine               - isEmbedded: false
03:50:07.253 [FXGL Background Thread 3 ] DEBUG Engine               - isEntityPreloadEnabled: true
03:50:07.253 [FXGL Background Thread 3 ] DEBUG Engine               - isExperimentalTiledLargeMap: false
03:50:07.253 [FXGL Background Thread 3 ] DEBUG Engine               - isFileSystemWriteAllowed: true
03:50:07.253 [FXGL Background Thread 3 ] DEBUG Engine               - isFullScreenAllowed: false
03:50:07.253 [FXGL Background Thread 3 ] DEBUG Engine               - isFullScreenFromStart: false
03:50:07.253 [FXGL Background Thread 3 ] DEBUG Engine               - isGameMenuEnabled: true
03:50:07.253 [FXGL Background Thread 3 ] DEBUG Engine               - isIOS: false
03:50:07.253 [FXGL Background Thread 3 ] DEBUG Engine               - isIntroEnabled: false
03:50:07.253 [FXGL Background Thread 3 ] DEBUG Engine               - isLinux: false
03:50:07.253 [FXGL Background Thread 3 ] DEBUG Engine               - isMac: false
03:50:07.253 [FXGL Background Thread 3 ] DEBUG Engine               - isMainMenuEnabled: false
03:50:07.253 [FXGL Background Thread 3 ] DEBUG Engine               - isManualResizeEnabled: false
03:50:07.253 [FXGL Background Thread 3 ] DEBUG Engine               - isMobile: false
03:50:07.253 [FXGL Background Thread 3 ] DEBUG Engine               - isNative: false
03:50:07.253 [FXGL Background Thread 3 ] DEBUG Engine               - isPauseMusicWhenMinimized: true
03:50:07.253 [FXGL Background Thread 3 ] DEBUG Engine               - isPreserveResizeRatio: false
03:50:07.253 [FXGL Background Thread 3 ] DEBUG Engine               - isProfilingEnabled: false
03:50:07.253 [FXGL Background Thread 3 ] DEBUG Engine               - isScaleAffectedOnResize: true
03:50:07.253 [FXGL Background Thread 3 ] DEBUG Engine               - isSingleStep: false
03:50:07.253 [FXGL Background Thread 3 ] DEBUG Engine               - isUserProfileEnabled: false
03:50:07.254 [FXGL Background Thread 3 ] DEBUG Engine               - isWindows: true
03:50:07.254 [FXGL Background Thread 3 ] DEBUG Engine               - language: ObjectProperty [value: ENGLISH]
03:50:07.254 [FXGL Background Thread 3 ] DEBUG Engine               - menuKey: ESCAPE
03:50:07.254 [FXGL Background Thread 3 ] DEBUG Engine               - mouseSensitivity: 0.2
03:50:07.254 [FXGL Background Thread 3 ] DEBUG Engine               - notificationViewClass: class com.almasb.fxgl.notification.view.XboxNotificationView
03:50:07.254 [FXGL Background Thread 3 ] DEBUG Engine               - pixelsPerMeter: 50.0
03:50:07.254 [FXGL Background Thread 3 ] DEBUG Engine               - platform: WINDOWS
03:50:07.254 [FXGL Background Thread 3 ] DEBUG Engine               - prefHeightProperty: ReadOnlyDoubleProperty [value: 720.0]
03:50:07.254 [FXGL Background Thread 3 ] DEBUG Engine               - prefWidthProperty: ReadOnlyDoubleProperty [value: 1280.0]
03:50:07.254 [FXGL Background Thread 3 ] DEBUG Engine               - profileDir: profiles/
03:50:07.254 [FXGL Background Thread 3 ] DEBUG Engine               - profileName: StringProperty [value: DEFAULT]
03:50:07.254 [FXGL Background Thread 3 ] DEBUG Engine               - randomSeed: -1
03:50:07.254 [FXGL Background Thread 3 ] DEBUG Engine               - runtimeInfo: RuntimeInfo(platform=WINDOWS, version=21.1, build=27.03.2024 07.52)
03:50:07.254 [FXGL Background Thread 3 ] DEBUG Engine               - saveFileExt: sav
03:50:07.254 [FXGL Background Thread 3 ] DEBUG Engine               - scaledHeightProp$fxgl: DoubleProperty [bound, value: 720.0]
03:50:07.254 [FXGL Background Thread 3 ] DEBUG Engine               - scaledWidthProp$fxgl: DoubleProperty [bound, value: 1280.0]
03:50:07.254 [FXGL Background Thread 3 ] DEBUG Engine               - sceneFactory: com.almasb.fxgl.app.scene.SceneFactory@625672f5
03:50:07.254 [FXGL Background Thread 3 ] DEBUG Engine               - secondsIn24h: 60
03:50:07.254 [FXGL Background Thread 3 ] DEBUG Engine               - soundMenuBack: menu/back.wav
03:50:07.254 [FXGL Background Thread 3 ] DEBUG Engine               - soundMenuPress: menu/press.wav
03:50:07.254 [FXGL Background Thread 3 ] DEBUG Engine               - soundMenuSelect: menu/select.wav
03:50:07.254 [FXGL Background Thread 3 ] DEBUG Engine               - soundNotification: core/notification.wav
03:50:07.254 [FXGL Background Thread 3 ] DEBUG Engine               - stageStyle: DECORATED
03:50:07.254 [FXGL Background Thread 3 ] DEBUG Engine               - supportedLanguages: [ENGLISH, FRENCH, GERMAN, HUNGARIAN, RUSSIAN]
03:50:07.255 [FXGL Background Thread 3 ] DEBUG Engine               - ticksPerSecond: -1
03:50:07.255 [FXGL Background Thread 3 ] DEBUG Engine               - title: TypeWiz - Winter Theme
03:50:07.255 [FXGL Background Thread 3 ] DEBUG Engine               - urlGithub: https://github.com/AlmasB/FXGL
03:50:07.255 [FXGL Background Thread 3 ] DEBUG Engine               - urlLeaderboard: http://fxgl-top.herokuapp.com/
03:50:07.255 [FXGL Background Thread 3 ] DEBUG Engine               - urlPOM: https://raw.githubusercontent.com/AlmasB/FXGL/release/README.md
03:50:07.255 [FXGL Background Thread 3 ] DEBUG Engine               - userAppClass: class com.oop2.typewiz.GameplayComponents.Game
03:50:07.255 [FXGL Background Thread 3 ] DEBUG Engine               - version: 0.0
03:50:07.255 [FXGL Background Thread 3 ] DEBUG Engine               - versionCheckDays: 7
03:50:07.255 [FXGL Background Thread 3 ] DEBUG Engine               - width: 1280
03:50:07.255 [FXGL Background Thread 3 ] DEBUG Engine               - Logging services
03:50:07.255 [FXGL Background Thread 3 ] DEBUG Engine               - class com.almasb.fxgl.app.services.FXGLAssetLoaderService
03:50:07.255 [FXGL Background Thread 3 ] DEBUG Engine               - class com.almasb.fxgl.app.FXGLApplication$GameApplicationService
03:50:07.255 [FXGL Background Thread 3 ] DEBUG Engine               - class com.almasb.fxgl.app.services.FXGLDialogService
03:50:07.255 [FXGL Background Thread 3 ] DEBUG Engine               - class com.almasb.fxgl.app.services.IOTaskExecutorService
03:50:07.255 [FXGL Background Thread 3 ] DEBUG Engine               - class com.almasb.fxgl.io.FileSystemService
03:50:07.255 [FXGL Background Thread 3 ] DEBUG Engine               - class com.almasb.fxgl.localization.LocalizationService
03:50:07.255 [FXGL Background Thread 3 ] DEBUG Engine               - class com.almasb.fxgl.app.services.SystemBundleService
03:50:07.255 [FXGL Background Thread 3 ] DEBUG Engine               - class com.almasb.fxgl.profile.SaveLoadService
03:50:07.255 [FXGL Background Thread 3 ] DEBUG Engine               - class com.almasb.fxgl.ui.FXGLUIFactoryServiceProvider
03:50:07.255 [FXGL Background Thread 3 ] DEBUG Engine               - class com.almasb.fxgl.ui.FXGLDialogFactoryServiceProvider
03:50:07.255 [FXGL Background Thread 3 ] DEBUG Engine               - class com.almasb.fxgl.audio.AudioPlayer
03:50:07.255 [FXGL Background Thread 3 ] DEBUG Engine               - class com.almasb.fxgl.notification.impl.NotificationServiceProvider
03:50:07.255 [FXGL Background Thread 3 ] DEBUG Engine               - class com.almasb.fxgl.achievement.AchievementService
03:50:07.255 [FXGL Background Thread 3 ] DEBUG Engine               - class com.almasb.fxgl.cutscene.CutsceneService
03:50:07.255 [FXGL Background Thread 3 ] DEBUG Engine               - class com.almasb.fxgl.minigames.MiniGameService
03:50:07.255 [FXGL Background Thread 3 ] DEBUG Engine               - class com.almasb.fxgl.net.NetService
03:50:07.255 [FXGL Background Thread 3 ] DEBUG Engine               - class com.almasb.fxgl.app.services.UpdaterService
03:50:07.255 [FXGL Background Thread 3 ] DEBUG Engine               - class com.almasb.fxgl.dev.DevService
03:50:16.212 [JavaFX Application Thread] DEBUG FXGLApplication      - Exiting FXGL
03:50:16.212 [JavaFX Application Thread] DEBUG LoopRunner           - Stopping loop
03:50:16.212 [JavaFX Application Thread] DEBUG SystemBundleService  - Saving FXGL system data
03:50:16.214 [JavaFX Application Thread] DEBUG FileSystemAccess     - Writing to: C:\Users\Ruhmer Jairus\OOP2-Capstone\system\fxgl.bundle
03:50:16.217 [JavaFX Application Thread] DEBUG Async                - Shutting down background threads
03:50:16.217 [JavaFX Application Thread] DEBUG PrimaryStageWindow   - Closing main window
03:50:16.228 [JavaFX Application Thread] DEBUG Logger               - Closing Logger
