00:38:03.453 [main                     ] DEBUG Logger               - Configured Logger
00:38:03.477 [main                     ] DEBUG GameApplication      - Logging settings
Title: TypeWiz - Winter Theme
Version: 0.0
Width: 1280
Height: 720
Fullscreen: true
Intro: false
Profiling: false
Single step:false
App Mode: DEVELOPER
Menu Key: ESCAPE
Stage Style: DECORATED
Scene Factory: class com.almasb.fxgl.app.scene.SceneFactory

00:38:03.730 [JavaFX Application Thread] DEBUG FXGLApplication      - Initializing FXGL
00:38:03.734 [JavaFX Application Thread] INFO  Engine               - FXGL-21.1 (27.03.2024 07.52) on WINDOWS (J:21.0.3 FX:19)
00:38:03.734 [JavaFX Application Thread] DEBUG Engine               - JRE Vendor Name: Oracle Corporation
00:38:03.734 [JavaFX Application Thread] DEBUG Engine               - Running on OS: Windows 11 version 10.0
00:38:03.734 [JavaFX Application Thread] DEBUG Engine               - Architecture: amd64
00:38:03.734 [JavaFX Application Thread] INFO  Engine               - Source code and latest versions at: https://github.com/AlmasB/FXGL
00:38:03.735 [JavaFX Application Thread] INFO  Engine               -       Ask questions and discuss at: https://github.com/AlmasB/FXGL/discussions
00:38:03.735 [JavaFX Application Thread] INFO  Engine               -              Join the FXGL chat at: https://gitter.im/AlmasB/FXGL
00:38:03.800 [JavaFX Application Thread] DEBUG PrimaryStageWindow   - Creating a JavaFX scene
00:38:03.833 [JavaFX Application Thread] DEBUG PrimaryStageWindow   - Target settings size: 1280.0 x 720.0
00:38:03.833 [JavaFX Application Thread] DEBUG PrimaryStageWindow   - Scaled scene size:    1280.0 x 720.0
00:38:03.834 [JavaFX Application Thread] DEBUG PrimaryStageWindow   - Scaled ratio: (1.0, 1.0)
00:38:03.834 [JavaFX Application Thread] DEBUG PrimaryStageWindow   - Set initial scene to FXGLStartupScene
00:38:03.838 [JavaFX Application Thread] DEBUG PrimaryStageWindow   - Opening main window
00:38:03.896 [JavaFX Application Thread] DEBUG PrimaryStageWindow   - Window border size: (14.4000244140625, 37.5999755859375)
00:38:03.897 [JavaFX Application Thread] DEBUG PrimaryStageWindow   - Scaled size: 1280.0 x 720.0
00:38:03.897 [JavaFX Application Thread] DEBUG PrimaryStageWindow   - Scaled ratio: (1.0, 1.0)
00:38:03.897 [JavaFX Application Thread] DEBUG PrimaryStageWindow   - Scene size: 1280.0 x 720.0
00:38:03.897 [JavaFX Application Thread] DEBUG PrimaryStageWindow   - Stage size: 1294.4000244140625 x 757.5999755859375
00:38:03.948 [JavaFX Application Thread] DEBUG PrimaryStageWindow   - Going fullscreen
00:38:03.955 [FXGL Background Thread 1 ] DEBUG Engine               - Initializing environment variables
00:38:03.997 [FXGL Background Thread 1 ] DEBUG FXGLAssetLoaderServi - User app class for loading assets: class com.oop2.typewiz.GameplayComponents.Game
00:38:03.997 [FXGL Background Thread 1 ] DEBUG GameApplicationServi - Applying CSS: fxgl_dark.css
00:38:03.997 [FXGL Background Thread 1 ] DEBUG FXGLAssetLoaderServi - Loading from file system: jar:file:///C:/Users/Ruhmer%20Jairus/.m2/repository/com/github/almasb/fxgl/21.1/fxgl-21.1.jar!/fxglassets/ui/css/fxgl_dark.css
00:38:04.034 [FXGL Background Thread 1 ] DEBUG GameApplicationServi - Initializing application scenes
00:38:04.095 [FXGL Background Thread 1 ] DEBUG GameWorld            - Game world initialized
00:38:04.158 [FXGL Background Thread 1 ] DEBUG PhysicsWorld         - Physics world initialized: appHeight=720, physics.ppm=50.0
00:38:04.158 [FXGL Background Thread 1 ] DEBUG PhysicsWorld         - Using strategy: BRUTE_FORCE
00:38:04.160 [FXGL Background Thread 1 ] DEBUG GameScene            - Game scene initialized: 1280x720
00:38:04.160 [FXGL Background Thread 1 ] DEBUG GameApplicationServi - Application scenes initialized
00:38:04.171 [FXGL Background Thread 1 ] DEBUG SystemBundleService  - Loading FXGL system data
00:38:04.174 [FXGL Background Thread 1 ] DEBUG FileSystemAccess     - Reading from: C:\Users\Ruhmer Jairus\OOP2-Capstone\system\fxgl.bundle
00:38:04.180 [FXGL Background Thread 1 ] DEBUG SystemBundleService  - Bundle FXGL: {}
00:38:04.180 [FXGL Background Thread 1 ] DEBUG UpdaterService       - Checking for updates
00:38:04.183 [FXGL Background Thread 4 ] DEBUG FXGLApplication      - Loading fonts
00:38:04.184 [FXGL Background Thread 4 ] DEBUG FXGLAssetLoaderServi - Loading from file system: jar:file:///C:/Users/Ruhmer%20Jairus/.m2/repository/com/github/almasb/fxgl/21.1/fxgl-21.1.jar!/fxglassets/ui/fonts/VarelaRound-Regular.ttf
00:38:04.184 [FXGL Background Thread 1 ] DEBUG FXGLApplication      - Loading default localization
00:38:04.184 [FXGL Background Thread 1 ] DEBUG FXGLAssetLoaderServi - Loading from file system: jar:file:///C:/Users/Ruhmer%20Jairus/.m2/repository/com/github/almasb/fxgl/21.1/fxgl-21.1.jar!/fxglassets/languages/english.lang
00:38:04.212 [FXGL Background Thread 4 ] DEBUG FXGLAssetLoaderServi - Loading from file system: jar:file:///C:/Users/Ruhmer%20Jairus/.m2/repository/com/github/almasb/fxgl/21.1/fxgl-21.1.jar!/fxglassets/ui/fonts/Abel-Regular.ttf
00:38:04.214 [FXGL Background Thread 4 ] DEBUG FXGLAssetLoaderServi - Loading from file system: jar:file:///C:/Users/Ruhmer%20Jairus/.m2/repository/com/github/almasb/fxgl/21.1/fxgl-21.1.jar!/fxglassets/ui/fonts/TerminalLandMono-Regular.otf
00:38:04.217 [FXGL Background Thread 4 ] DEBUG FXGLAssetLoaderServi - Loading from file system: jar:file:///C:/Users/Ruhmer%20Jairus/.m2/repository/com/github/almasb/fxgl/21.1/fxgl-21.1.jar!/fxglassets/ui/fonts/Courier-Prime.ttf
00:38:04.223 [JavaFX Application Thread] DEBUG FXGLApplication      - Registering font factories with UI factory
00:38:04.224 [FXGL Background Thread 1 ] INFO  FXGLApplication      - FXGL initialization took: 0.269 sec
00:38:04.225 [JavaFX Application Thread] DEBUG FXGLAssetLoaderServi - Loading from file system: jar:file:///C:/Users/Ruhmer%20Jairus/.m2/repository/com/github/almasb/fxgl/21.1/fxgl-21.1.jar!/fxglassets/textures/fxgl_icon.png
00:38:04.260 [JavaFX Application Thread] DEBUG FXGLAssetLoaderServi - Loading from file system: jar:file:///C:/Users/Ruhmer%20Jairus/.m2/repository/com/github/almasb/fxgl/21.1/fxgl-21.1.jar!/fxglassets/textures/fxgl_default_cursor.png
00:38:04.272 [JavaFX Application Thread] DEBUG Input                - Registered new binding: Screenshot - CTRL+8
00:38:04.273 [JavaFX Application Thread] DEBUG Input                - Registered new binding: System info dump - CTRL+9
00:38:04.274 [JavaFX Application Thread] DEBUG Input                - Registered new binding: Restart - CTRL+R
00:38:04.277 [JavaFX Application Thread] DEBUG Input                - Registered new binding: Toggle Debug Camera - CTRL+7
00:38:04.284 [JavaFX Application Thread] DEBUG LoopRunner           - Starting loop
00:38:04.284 [JavaFX Application Thread] DEBUG LoopRunner           - Initializing JavaFX AnimationTimerLoop
00:38:04.289 [JavaFX Application Thread] DEBUG GameApplicationServi - Starting new game
00:38:04.290 [JavaFX Application Thread] DEBUG Input                - Clearing active input actions
00:38:04.301 [JavaFX Application Thread] DEBUG GameApplicationServi - Removing overlay from FXGLStartupScene and adding to FXGLLoadingScene
00:38:04.301 [JavaFX Application Thread] DEBUG PrimaryStageWindow   - FXGLStartupScene -> FXGLLoadingScene
00:38:04.301 [JavaFX Application Thread] DEBUG GameApplicationServi - Clearing previous game
00:38:04.301 [JavaFX Application Thread] DEBUG GameScene            - Clearing game scene
00:38:04.301 [JavaFX Application Thread] DEBUG GameWorld            - Clearing game world
00:38:04.301 [JavaFX Application Thread] DEBUG PhysicsWorld         - Clearing physics world
00:38:04.302 [FXGL Background Thread 1 ] DEBUG FXGLApplication      - Initializing game
00:38:04.321 [FXGL Background Thread 1 ] DEBUG FXGLAssetLoaderServi - Loading from file system: file:/C:/Users/Ruhmer%20Jairus/OOP2-Capstone/target/classes/assets/textures/background-and-platforms/bg-midnightpurple_1280_720.png
00:38:04.385 [FXGL Background Thread 1 ] DEBUG FXGLAssetLoaderServi - Loading from file system: file:/C:/Users/Ruhmer%20Jairus/OOP2-Capstone/target/classes/assets/textures/background-and-platforms/hdlargerplatform-purple.png
00:38:04.456 [FXGL Background Thread 1 ] DEBUG FXGLAssetLoaderServi - Loading from file system: file:/C:/Users/Ruhmer%20Jairus/OOP2-Capstone/target/classes/assets/textures/wizard/wizard.png
00:38:04.591 [FXGL Background Thread 1 ] DEBUG FXGLAssetLoaderServi - Loading from file system: file:/C:/Users/Ruhmer%20Jairus/OOP2-Capstone/target/classes/assets/textures/mobs/gargoyle/gargoyle.png
00:38:04.642 [FXGL Background Thread 1 ] DEBUG FXGLAssetLoaderServi - Loading from file system: file:/C:/Users/Ruhmer%20Jairus/OOP2-Capstone/target/classes/assets/textures/mobs/grimouge/grimouge.png
00:38:04.719 [FXGL Background Thread 1 ] INFO  FXGLApplication      - Game initialization took: 0.416 sec
00:38:04.722 [JavaFX Application Thread] DEBUG Input                - Clearing active input actions
00:38:04.729 [JavaFX Application Thread] DEBUG GameApplicationServi - Removing overlay from FXGLLoadingScene and adding to GameScene
00:38:04.729 [JavaFX Application Thread] DEBUG PrimaryStageWindow   - FXGLLoadingScene -> GameScene
00:38:07.183 [FXGL Background Thread 3 ] DEBUG Engine               - Logging environment variables
00:38:07.183 [FXGL Background Thread 3 ] DEBUG Engine               - achievements: []
00:38:07.183 [FXGL Background Thread 3 ] DEBUG Engine               - actualHeight: 864.0
00:38:07.183 [FXGL Background Thread 3 ] DEBUG Engine               - actualHeightProperty: ReadOnlyDoubleProperty [value: 864.0]
00:38:07.183 [FXGL Background Thread 3 ] DEBUG Engine               - actualWidth: 1536.0
00:38:07.183 [FXGL Background Thread 3 ] DEBUG Engine               - actualWidthProperty: ReadOnlyDoubleProperty [value: 1536.0]
00:38:07.183 [FXGL Background Thread 3 ] DEBUG Engine               - appIcon: fxgl_icon.png
00:38:07.183 [FXGL Background Thread 3 ] DEBUG Engine               - applicationMode: DEVELOPER
00:38:07.183 [FXGL Background Thread 3 ] DEBUG Engine               - cSSList: [fxgl_dark.css]
00:38:07.183 [FXGL Background Thread 3 ] DEBUG Engine               - collisionDetectionStrategy: BRUTE_FORCE
00:38:07.184 [FXGL Background Thread 3 ] DEBUG Engine               - configClass: Optional.empty
00:38:07.184 [FXGL Background Thread 3 ] DEBUG Engine               - credits: []
00:38:07.185 [FXGL Background Thread 3 ] DEBUG Engine               - defaultCursor: CursorInfo(imageName=fxgl_default_cursor.png, hotspotX=7.0, hotspotY=6.0)
00:38:07.186 [FXGL Background Thread 3 ] DEBUG Engine               - devBBoxColorProperty: ObjectProperty [value: 0xff0000ff]
00:38:07.186 [FXGL Background Thread 3 ] DEBUG Engine               - devEnableDebugCameraProperty: BooleanProperty [value: false]
00:38:07.186 [FXGL Background Thread 3 ] DEBUG Engine               - devSensorColorProperty: ObjectProperty [value: 0xffff00ff]
00:38:07.186 [FXGL Background Thread 3 ] DEBUG Engine               - devShowBBoxProperty: BooleanProperty [value: false]
00:38:07.186 [FXGL Background Thread 3 ] DEBUG Engine               - devShowPositionProperty: BooleanProperty [value: false]
00:38:07.186 [FXGL Background Thread 3 ] DEBUG Engine               - enabledMenuItems: []
00:38:07.186 [FXGL Background Thread 3 ] DEBUG Engine               - engineServices: [class com.almasb.fxgl.app.services.FXGLAssetLoaderService, class com.almasb.fxgl.app.FXGLApplication$GameApplicationService, class com.almasb.fxgl.app.services.FXGLDialogService, class com.almasb.fxgl.app.services.IOTaskExecutorService, class com.almasb.fxgl.io.FileSystemService, class com.almasb.fxgl.localization.LocalizationService, class com.almasb.fxgl.app.services.SystemBundleService, class com.almasb.fxgl.profile.SaveLoadService, class com.almasb.fxgl.ui.FXGLUIFactoryServiceProvider, class com.almasb.fxgl.ui.FXGLDialogFactoryServiceProvider, class com.almasb.fxgl.audio.AudioPlayer, class com.almasb.fxgl.notification.impl.NotificationServiceProvider, class com.almasb.fxgl.achievement.AchievementService, class com.almasb.fxgl.cutscene.CutsceneService, class com.almasb.fxgl.minigames.MiniGameService, class com.almasb.fxgl.net.NetService, class com.almasb.fxgl.app.services.UpdaterService, class com.almasb.fxgl.dev.DevService]
00:38:07.186 [FXGL Background Thread 3 ] DEBUG Engine               - fontGame: Abel-Regular.ttf
00:38:07.186 [FXGL Background Thread 3 ] DEBUG Engine               - fontMono: TerminalLandMono-Regular.otf
00:38:07.186 [FXGL Background Thread 3 ] DEBUG Engine               - fontSizeScaleUI: 1.0
00:38:07.186 [FXGL Background Thread 3 ] DEBUG Engine               - fontText: Courier-Prime.ttf
00:38:07.186 [FXGL Background Thread 3 ] DEBUG Engine               - fontUI: VarelaRound-Regular.ttf
00:38:07.186 [FXGL Background Thread 3 ] DEBUG Engine               - fullScreen: BooleanProperty [value: true]
00:38:07.186 [FXGL Background Thread 3 ] DEBUG Engine               - gameDifficulty: MEDIUM
00:38:07.186 [FXGL Background Thread 3 ] DEBUG Engine               - gameDifficultyProperty: ObjectProperty [value: MEDIUM]
00:38:07.187 [FXGL Background Thread 3 ] DEBUG Engine               - globalMusicVolume: 0.5
00:38:07.187 [FXGL Background Thread 3 ] DEBUG Engine               - globalMusicVolumeProperty: DoubleProperty [value: 0.5]
00:38:07.187 [FXGL Background Thread 3 ] DEBUG Engine               - globalSoundVolume: 0.5
00:38:07.187 [FXGL Background Thread 3 ] DEBUG Engine               - globalSoundVolumeProperty: DoubleProperty [value: 0.5]
00:38:07.187 [FXGL Background Thread 3 ] DEBUG Engine               - height: 720
00:38:07.187 [FXGL Background Thread 3 ] DEBUG Engine               - is3D: false
00:38:07.187 [FXGL Background Thread 3 ] DEBUG Engine               - isAndroid: false
00:38:07.187 [FXGL Background Thread 3 ] DEBUG Engine               - isBrowser: false
00:38:07.187 [FXGL Background Thread 3 ] DEBUG Engine               - isClickFeedbackEnabled: false
00:38:07.187 [FXGL Background Thread 3 ] DEBUG Engine               - isCloseConfirmation: false
00:38:07.187 [FXGL Background Thread 3 ] DEBUG Engine               - isDesktop: true
00:38:07.187 [FXGL Background Thread 3 ] DEBUG Engine               - isDeveloperMenuEnabled: false
00:38:07.187 [FXGL Background Thread 3 ] DEBUG Engine               - isEmbedded: false
00:38:07.187 [FXGL Background Thread 3 ] DEBUG Engine               - isEntityPreloadEnabled: true
00:38:07.187 [FXGL Background Thread 3 ] DEBUG Engine               - isExperimentalTiledLargeMap: false
00:38:07.187 [FXGL Background Thread 3 ] DEBUG Engine               - isFileSystemWriteAllowed: true
00:38:07.188 [FXGL Background Thread 3 ] DEBUG Engine               - isFullScreenAllowed: true
00:38:07.188 [FXGL Background Thread 3 ] DEBUG Engine               - isFullScreenFromStart: true
00:38:07.188 [FXGL Background Thread 3 ] DEBUG Engine               - isGameMenuEnabled: false
00:38:07.188 [FXGL Background Thread 3 ] DEBUG Engine               - isIOS: false
00:38:07.188 [FXGL Background Thread 3 ] DEBUG Engine               - isIntroEnabled: false
00:38:07.188 [FXGL Background Thread 3 ] DEBUG Engine               - isLinux: false
00:38:07.188 [FXGL Background Thread 3 ] DEBUG Engine               - isMac: false
00:38:07.188 [FXGL Background Thread 3 ] DEBUG Engine               - isMainMenuEnabled: false
00:38:07.188 [FXGL Background Thread 3 ] DEBUG Engine               - isManualResizeEnabled: true
00:38:07.188 [FXGL Background Thread 3 ] DEBUG Engine               - isMobile: false
00:38:07.188 [FXGL Background Thread 3 ] DEBUG Engine               - isNative: false
00:38:07.188 [FXGL Background Thread 3 ] DEBUG Engine               - isPauseMusicWhenMinimized: true
00:38:07.188 [FXGL Background Thread 3 ] DEBUG Engine               - isPreserveResizeRatio: true
00:38:07.188 [FXGL Background Thread 3 ] DEBUG Engine               - isProfilingEnabled: false
00:38:07.188 [FXGL Background Thread 3 ] DEBUG Engine               - isScaleAffectedOnResize: true
00:38:07.188 [FXGL Background Thread 3 ] DEBUG Engine               - isSingleStep: false
00:38:07.188 [FXGL Background Thread 3 ] DEBUG Engine               - isUserProfileEnabled: false
00:38:07.188 [FXGL Background Thread 3 ] DEBUG Engine               - isWindows: true
00:38:07.188 [FXGL Background Thread 3 ] DEBUG Engine               - language: ObjectProperty [value: ENGLISH]
00:38:07.188 [FXGL Background Thread 3 ] DEBUG Engine               - menuKey: ESCAPE
00:38:07.188 [FXGL Background Thread 3 ] DEBUG Engine               - mouseSensitivity: 0.2
00:38:07.188 [FXGL Background Thread 3 ] DEBUG Engine               - notificationViewClass: class com.almasb.fxgl.notification.view.XboxNotificationView
00:38:07.188 [FXGL Background Thread 3 ] DEBUG Engine               - pixelsPerMeter: 50.0
00:38:07.188 [FXGL Background Thread 3 ] DEBUG Engine               - platform: WINDOWS
00:38:07.188 [FXGL Background Thread 3 ] DEBUG Engine               - prefHeightProperty: ReadOnlyDoubleProperty [value: 720.0]
00:38:07.188 [FXGL Background Thread 3 ] DEBUG Engine               - prefWidthProperty: ReadOnlyDoubleProperty [value: 1280.0]
00:38:07.188 [FXGL Background Thread 3 ] DEBUG Engine               - profileDir: profiles/
00:38:07.188 [FXGL Background Thread 3 ] DEBUG Engine               - profileName: StringProperty [value: DEFAULT]
00:38:07.188 [FXGL Background Thread 3 ] DEBUG Engine               - randomSeed: -1
00:38:07.189 [FXGL Background Thread 3 ] DEBUG Engine               - runtimeInfo: RuntimeInfo(platform=WINDOWS, version=21.1, build=27.03.2024 07.52)
00:38:07.189 [FXGL Background Thread 3 ] DEBUG Engine               - saveFileExt: sav
00:38:07.189 [FXGL Background Thread 3 ] DEBUG Engine               - scaledHeightProp$fxgl: DoubleProperty [bound, value: 864.0]
00:38:07.189 [FXGL Background Thread 3 ] DEBUG Engine               - scaledWidthProp$fxgl: DoubleProperty [bound, value: 1536.0]
00:38:07.189 [FXGL Background Thread 3 ] DEBUG Engine               - sceneFactory: com.almasb.fxgl.app.scene.SceneFactory@3cf5a482
00:38:07.189 [FXGL Background Thread 3 ] DEBUG Engine               - secondsIn24h: 60
00:38:07.189 [FXGL Background Thread 3 ] DEBUG Engine               - soundMenuBack: menu/back.wav
00:38:07.189 [FXGL Background Thread 3 ] DEBUG Engine               - soundMenuPress: menu/press.wav
00:38:07.189 [FXGL Background Thread 3 ] DEBUG Engine               - soundMenuSelect: menu/select.wav
00:38:07.189 [FXGL Background Thread 3 ] DEBUG Engine               - soundNotification: core/notification.wav
00:38:07.189 [FXGL Background Thread 3 ] DEBUG Engine               - stageStyle: DECORATED
00:38:07.189 [FXGL Background Thread 3 ] DEBUG Engine               - supportedLanguages: [ENGLISH, FRENCH, GERMAN, HUNGARIAN, RUSSIAN]
00:38:07.189 [FXGL Background Thread 3 ] DEBUG Engine               - ticksPerSecond: -1
00:38:07.189 [FXGL Background Thread 3 ] DEBUG Engine               - title: TypeWiz - Winter Theme
00:38:07.189 [FXGL Background Thread 3 ] DEBUG Engine               - urlGithub: https://github.com/AlmasB/FXGL
00:38:07.189 [FXGL Background Thread 3 ] DEBUG Engine               - urlLeaderboard: http://fxgl-top.herokuapp.com/
00:38:07.189 [FXGL Background Thread 3 ] DEBUG Engine               - urlPOM: https://raw.githubusercontent.com/AlmasB/FXGL/release/README.md
00:38:07.189 [FXGL Background Thread 3 ] DEBUG Engine               - userAppClass: class com.oop2.typewiz.GameplayComponents.Game
00:38:07.189 [FXGL Background Thread 3 ] DEBUG Engine               - version: 0.0
00:38:07.189 [FXGL Background Thread 3 ] DEBUG Engine               - versionCheckDays: 7
00:38:07.189 [FXGL Background Thread 3 ] DEBUG Engine               - width: 1280
00:38:07.189 [FXGL Background Thread 3 ] DEBUG Engine               - Logging services
00:38:07.189 [FXGL Background Thread 3 ] DEBUG Engine               - class com.almasb.fxgl.app.services.FXGLAssetLoaderService
00:38:07.189 [FXGL Background Thread 3 ] DEBUG Engine               - class com.almasb.fxgl.app.FXGLApplication$GameApplicationService
00:38:07.189 [FXGL Background Thread 3 ] DEBUG Engine               - class com.almasb.fxgl.app.services.FXGLDialogService
00:38:07.189 [FXGL Background Thread 3 ] DEBUG Engine               - class com.almasb.fxgl.app.services.IOTaskExecutorService
00:38:07.189 [FXGL Background Thread 3 ] DEBUG Engine               - class com.almasb.fxgl.io.FileSystemService
00:38:07.189 [FXGL Background Thread 3 ] DEBUG Engine               - class com.almasb.fxgl.localization.LocalizationService
00:38:07.189 [FXGL Background Thread 3 ] DEBUG Engine               - class com.almasb.fxgl.app.services.SystemBundleService
00:38:07.189 [FXGL Background Thread 3 ] DEBUG Engine               - class com.almasb.fxgl.profile.SaveLoadService
00:38:07.189 [FXGL Background Thread 3 ] DEBUG Engine               - class com.almasb.fxgl.ui.FXGLUIFactoryServiceProvider
00:38:07.189 [FXGL Background Thread 3 ] DEBUG Engine               - class com.almasb.fxgl.ui.FXGLDialogFactoryServiceProvider
00:38:07.189 [FXGL Background Thread 3 ] DEBUG Engine               - class com.almasb.fxgl.audio.AudioPlayer
00:38:07.189 [FXGL Background Thread 3 ] DEBUG Engine               - class com.almasb.fxgl.notification.impl.NotificationServiceProvider
00:38:07.189 [FXGL Background Thread 3 ] DEBUG Engine               - class com.almasb.fxgl.achievement.AchievementService
00:38:07.189 [FXGL Background Thread 3 ] DEBUG Engine               - class com.almasb.fxgl.cutscene.CutsceneService
00:38:07.189 [FXGL Background Thread 3 ] DEBUG Engine               - class com.almasb.fxgl.minigames.MiniGameService
00:38:07.189 [FXGL Background Thread 3 ] DEBUG Engine               - class com.almasb.fxgl.net.NetService
00:38:07.190 [FXGL Background Thread 3 ] DEBUG Engine               - class com.almasb.fxgl.app.services.UpdaterService
00:38:07.190 [FXGL Background Thread 3 ] DEBUG Engine               - class com.almasb.fxgl.dev.DevService
00:39:53.248 [JavaFX Application Thread] DEBUG FXGLApplication      - Exiting FXGL
00:39:53.248 [JavaFX Application Thread] DEBUG LoopRunner           - Stopping loop
00:39:53.248 [JavaFX Application Thread] DEBUG SystemBundleService  - Saving FXGL system data
00:39:53.250 [JavaFX Application Thread] DEBUG FileSystemAccess     - Writing to: C:\Users\Ruhmer Jairus\OOP2-Capstone\system\fxgl.bundle
00:39:53.252 [JavaFX Application Thread] DEBUG Async                - Shutting down background threads
00:39:53.253 [JavaFX Application Thread] DEBUG PrimaryStageWindow   - Closing main window
00:39:53.270 [JavaFX Application Thread] DEBUG Logger               - Closing Logger
