14:36:42.517 [main                     ] DEBUG Logger               - Configured Logger
14:36:42.587 [main                     ] DEBUG GameApplication      - Logging settings
Title: TypeWiz
Version: 0.0
Width: 1550
Height: 800
Fullscreen: false
Intro: false
Profiling: false
Single step:false
App Mode: DEVELOPER
Menu Key: ESCAPE
Stage Style: DECORATED
Scene Factory: class com.almasb.fxgl.app.scene.SceneFactory

14:36:43.337 [JavaFX Application Thread] DEBUG FXGLApplication      - Initializing FXGL
14:36:43.345 [JavaFX Application Thread] INFO  Engine               - FXGL-21.1 (27.03.2024 07.52) on MAC (J:23.0.1 FX:19)
14:36:43.345 [JavaFX Application Thread] DEBUG Engine               - JRE Vendor Name: Oracle Corporation
14:36:43.346 [JavaFX Application Thread] DEBUG Engine               - Running on OS: Mac OS X version 10.15.7
14:36:43.346 [JavaFX Application Thread] DEBUG Engine               - Architecture: x86_64
14:36:43.346 [JavaFX Application Thread] INFO  Engine               - Source code and latest versions at: https://github.com/AlmasB/FXGL
14:36:43.346 [JavaFX Application Thread] INFO  Engine               -       Ask questions and discuss at: https://github.com/AlmasB/FXGL/discussions
14:36:43.347 [JavaFX Application Thread] INFO  Engine               -              Join the FXGL chat at: https://gitter.im/AlmasB/FXGL
14:36:43.500 [JavaFX Application Thread] DEBUG PrimaryStageWindow   - Creating a JavaFX scene
14:36:43.501 [JavaFX Application Thread] DEBUG PrimaryStageWindow   - Target size > screen size
14:36:43.630 [JavaFX Application Thread] DEBUG PrimaryStageWindow   - Target settings size: 1550.0 x 800.0
14:36:43.635 [JavaFX Application Thread] DEBUG PrimaryStageWindow   - Scaled scene size:    1255.0 x 660.0
14:36:43.636 [JavaFX Application Thread] DEBUG PrimaryStageWindow   - Scaled ratio: (0.8096774193548387, 0.825)
14:36:43.653 [JavaFX Application Thread] DEBUG PrimaryStageWindow   - Set initial scene to FXGLStartupScene
14:36:43.693 [JavaFX Application Thread] DEBUG PrimaryStageWindow   - Opening main window
14:36:43.887 [JavaFX Application Thread] DEBUG PrimaryStageWindow   - Window border size: (0.0, 22.0)
14:36:43.888 [JavaFX Application Thread] DEBUG PrimaryStageWindow   - Scaled size: 1255.0 x 660.0
14:36:43.889 [JavaFX Application Thread] DEBUG PrimaryStageWindow   - Scaled ratio: (0.8096774193548387, 0.825)
14:36:43.891 [JavaFX Application Thread] DEBUG PrimaryStageWindow   - Scene size: 1255.0 x 660.0
14:36:43.892 [JavaFX Application Thread] DEBUG PrimaryStageWindow   - Stage size: 1255.0 x 682.0
14:36:43.963 [FXGL Background Thread 1 ] DEBUG Engine               - Initializing environment variables
14:36:44.346 [FXGL Background Thread 1 ] DEBUG FXGLAssetLoaderServi - User app class for loading assets: class com.oop2.typewiz.TypeWizApp
14:36:44.346 [FXGL Background Thread 1 ] DEBUG GameApplicationServi - Applying CSS: fxgl_dark.css
14:36:44.348 [FXGL Background Thread 1 ] DEBUG FXGLAssetLoaderServi - Loading from file system: jar:file:///Users/archiecabiso/.m2/repository/com/github/almasb/fxgl/21.1/fxgl-21.1.jar!/fxglassets/ui/css/fxgl_dark.css
14:36:44.461 [FXGL Background Thread 1 ] DEBUG GameApplicationServi - Initializing application scenes
14:36:45.158 [FXGL Background Thread 1 ] DEBUG GameWorld            - Game world initialized
14:36:45.234 [FXGL Background Thread 1 ] DEBUG PhysicsWorld         - Physics world initialized: appHeight=800, physics.ppm=50.0
14:36:45.234 [FXGL Background Thread 1 ] DEBUG PhysicsWorld         - Using strategy: BRUTE_FORCE
14:36:45.241 [FXGL Background Thread 1 ] DEBUG GameScene            - Game scene initialized: 1550x800
14:36:45.257 [FXGL Background Thread 1 ] DEBUG FXGL.DefaultMenu     - createMenuBodyGameMenu()
14:36:45.277 [FXGL Background Thread 1 ] DEBUG FXGL.DefaultMenu     - createOptionsMenu()
14:36:45.291 [FXGL Background Thread 1 ] DEBUG FXGLAssetLoaderServi - Loading from file system: jar:file:///Users/archiecabiso/.m2/repository/com/github/almasb/fxgl/21.1/fxgl-21.1.jar!/fxglassets/textures/particles/smoke.png
14:36:45.444 [FXGL Background Thread 1 ] DEBUG FXGLAssetLoaderServi - Loading from file system: jar:file:///Users/archiecabiso/.m2/repository/com/github/almasb/fxgl/21.1/fxgl-21.1.jar!/fxglassets/textures/particles/trace_horizontal.png
14:36:45.487 [FXGL Background Thread 1 ] DEBUG GameApplicationServi - Application scenes initialized
14:36:45.508 [FXGL Background Thread 1 ] DEBUG SystemBundleService  - Loading FXGL system data
14:36:45.518 [FXGL Background Thread 1 ] DEBUG FileSystemAccess     - Reading from: /Users/archiecabiso/Documents/2nd Year - CS/2nd Sem/CSIT228/OOP2-Capstone/system/fxgl.bundle
14:36:45.528 [FXGL Background Thread 1 ] DEBUG SystemBundleService  - Bundle FXGL: {}
14:36:45.528 [FXGL Background Thread 1 ] DEBUG UpdaterService       - Checking for updates
14:36:45.536 [FXGL Background Thread 4 ] DEBUG FXGLApplication      - Loading fonts
14:36:45.536 [FXGL Background Thread 4 ] DEBUG FXGLAssetLoaderServi - Loading from file system: jar:file:///Users/archiecabiso/.m2/repository/com/github/almasb/fxgl/21.1/fxgl-21.1.jar!/fxglassets/ui/fonts/VarelaRound-Regular.ttf
14:36:45.542 [FXGL Background Thread 1 ] DEBUG FXGLApplication      - Loading default localization
14:36:45.544 [FXGL Background Thread 1 ] DEBUG FXGLAssetLoaderServi - Loading from file system: jar:file:///Users/archiecabiso/.m2/repository/com/github/almasb/fxgl/21.1/fxgl-21.1.jar!/fxglassets/languages/english.lang
14:36:45.555 [FXGL Background Thread 4 ] DEBUG FXGLAssetLoaderServi - Loading from file system: jar:file:///Users/archiecabiso/.m2/repository/com/github/almasb/fxgl/21.1/fxgl-21.1.jar!/fxglassets/ui/fonts/Abel-Regular.ttf
14:36:45.558 [FXGL Background Thread 4 ] DEBUG FXGLAssetLoaderServi - Loading from file system: jar:file:///Users/archiecabiso/.m2/repository/com/github/almasb/fxgl/21.1/fxgl-21.1.jar!/fxglassets/ui/fonts/TerminalLandMono-Regular.otf
14:36:45.562 [FXGL Background Thread 4 ] DEBUG FXGLAssetLoaderServi - Loading from file system: jar:file:///Users/archiecabiso/.m2/repository/com/github/almasb/fxgl/21.1/fxgl-21.1.jar!/fxglassets/ui/fonts/Courier-Prime.ttf
14:36:45.569 [JavaFX Application Thread] DEBUG FXGLApplication      - Registering font factories with UI factory
14:36:45.589 [FXGL Background Thread 1 ] INFO  FXGLApplication      - FXGL initialization took: 1.625 sec
14:36:45.590 [JavaFX Application Thread] DEBUG FXGLAssetLoaderServi - Loading from file system: jar:file:///Users/archiecabiso/.m2/repository/com/github/almasb/fxgl/21.1/fxgl-21.1.jar!/fxglassets/textures/fxgl_icon.png
14:36:45.626 [JavaFX Application Thread] DEBUG FXGLAssetLoaderServi - Loading from file system: jar:file:///Users/archiecabiso/.m2/repository/com/github/almasb/fxgl/21.1/fxgl-21.1.jar!/fxglassets/textures/fxgl_default_cursor.png
14:36:45.644 [JavaFX Application Thread] DEBUG Input                - Registered new binding: Screenshot - CTRL+8
14:36:45.644 [JavaFX Application Thread] DEBUG Input                - Registered new binding: System info dump - CTRL+9
14:36:45.645 [JavaFX Application Thread] DEBUG Input                - Registered new binding: Restart - CTRL+R
14:36:45.646 [JavaFX Application Thread] DEBUG Input                - Registered new binding: Toggle Debug Camera - CTRL+7
14:36:45.650 [JavaFX Application Thread] DEBUG LoopRunner           - Starting loop
14:36:45.650 [JavaFX Application Thread] DEBUG LoopRunner           - Initializing JavaFX AnimationTimerLoop
14:36:45.652 [JavaFX Application Thread] DEBUG GameApplicationServi - Starting new game
14:36:45.653 [JavaFX Application Thread] DEBUG Input                - Clearing active input actions
14:36:45.674 [JavaFX Application Thread] DEBUG GameApplicationServi - Removing overlay from FXGLStartupScene and adding to FXGLLoadingScene
14:36:45.676 [JavaFX Application Thread] DEBUG PrimaryStageWindow   - FXGLStartupScene -> FXGLLoadingScene
14:36:45.676 [JavaFX Application Thread] DEBUG GameApplicationServi - Clearing previous game
14:36:45.676 [JavaFX Application Thread] DEBUG GameScene            - Clearing game scene
14:36:45.677 [JavaFX Application Thread] DEBUG GameWorld            - Clearing game world
14:36:45.677 [JavaFX Application Thread] DEBUG PhysicsWorld         - Clearing physics world
14:36:45.679 [FXGL Background Thread 1 ] DEBUG FXGLApplication      - Initializing game
14:36:46.533 [FXGL Background Thread 1 ] INFO  FXGLApplication      - Game initialization took: 0.853 sec
14:36:46.536 [JavaFX Application Thread] DEBUG Input                - Clearing active input actions
14:36:46.562 [JavaFX Application Thread] DEBUG GameApplicationServi - Removing overlay from FXGLLoadingScene and adding to GameScene
14:36:46.562 [JavaFX Application Thread] DEBUG PrimaryStageWindow   - FXGLLoadingScene -> GameScene
14:36:48.539 [FXGL Background Thread 3 ] DEBUG Engine               - Logging environment variables
14:36:48.540 [FXGL Background Thread 3 ] DEBUG Engine               - achievements: []
14:36:48.540 [FXGL Background Thread 3 ] DEBUG Engine               - actualHeight: 660.0
14:36:48.541 [FXGL Background Thread 3 ] DEBUG Engine               - actualHeightProperty: ReadOnlyDoubleProperty [value: 660.0]
14:36:48.541 [FXGL Background Thread 3 ] DEBUG Engine               - actualWidth: 1255.0
14:36:48.541 [FXGL Background Thread 3 ] DEBUG Engine               - actualWidthProperty: ReadOnlyDoubleProperty [value: 1255.0]
14:36:48.542 [FXGL Background Thread 3 ] DEBUG Engine               - appIcon: fxgl_icon.png
14:36:48.542 [FXGL Background Thread 3 ] DEBUG Engine               - applicationMode: DEVELOPER
14:36:48.542 [FXGL Background Thread 3 ] DEBUG Engine               - cSSList: [fxgl_dark.css]
14:36:48.542 [FXGL Background Thread 3 ] DEBUG Engine               - collisionDetectionStrategy: BRUTE_FORCE
14:36:48.542 [FXGL Background Thread 3 ] DEBUG Engine               - configClass: Optional.empty
14:36:48.542 [FXGL Background Thread 3 ] DEBUG Engine               - credits: []
14:36:48.543 [FXGL Background Thread 3 ] DEBUG Engine               - defaultCursor: CursorInfo(imageName=fxgl_default_cursor.png, hotspotX=7.0, hotspotY=6.0)
14:36:48.544 [FXGL Background Thread 3 ] DEBUG Engine               - devBBoxColorProperty: ObjectProperty [value: 0xff0000ff]
14:36:48.544 [FXGL Background Thread 3 ] DEBUG Engine               - devEnableDebugCameraProperty: BooleanProperty [value: false]
14:36:48.544 [FXGL Background Thread 3 ] DEBUG Engine               - devSensorColorProperty: ObjectProperty [value: 0xffff00ff]
14:36:48.544 [FXGL Background Thread 3 ] DEBUG Engine               - devShowBBoxProperty: BooleanProperty [value: false]
14:36:48.544 [FXGL Background Thread 3 ] DEBUG Engine               - devShowPositionProperty: BooleanProperty [value: false]
14:36:48.544 [FXGL Background Thread 3 ] DEBUG Engine               - enabledMenuItems: []
14:36:48.544 [FXGL Background Thread 3 ] DEBUG Engine               - engineServices: [class com.almasb.fxgl.app.services.FXGLAssetLoaderService, class com.almasb.fxgl.app.FXGLApplication$GameApplicationService, class com.almasb.fxgl.app.services.FXGLDialogService, class com.almasb.fxgl.app.services.IOTaskExecutorService, class com.almasb.fxgl.io.FileSystemService, class com.almasb.fxgl.localization.LocalizationService, class com.almasb.fxgl.app.services.SystemBundleService, class com.almasb.fxgl.profile.SaveLoadService, class com.almasb.fxgl.ui.FXGLUIFactoryServiceProvider, class com.almasb.fxgl.ui.FXGLDialogFactoryServiceProvider, class com.almasb.fxgl.audio.AudioPlayer, class com.almasb.fxgl.notification.impl.NotificationServiceProvider, class com.almasb.fxgl.achievement.AchievementService, class com.almasb.fxgl.cutscene.CutsceneService, class com.almasb.fxgl.minigames.MiniGameService, class com.almasb.fxgl.net.NetService, class com.almasb.fxgl.app.services.UpdaterService, class com.almasb.fxgl.dev.DevService]
14:36:48.544 [FXGL Background Thread 3 ] DEBUG Engine               - fontGame: Abel-Regular.ttf
14:36:48.544 [FXGL Background Thread 3 ] DEBUG Engine               - fontMono: TerminalLandMono-Regular.otf
14:36:48.545 [FXGL Background Thread 3 ] DEBUG Engine               - fontSizeScaleUI: 1.0
14:36:48.545 [FXGL Background Thread 3 ] DEBUG Engine               - fontText: Courier-Prime.ttf
14:36:48.545 [FXGL Background Thread 3 ] DEBUG Engine               - fontUI: VarelaRound-Regular.ttf
14:36:48.545 [FXGL Background Thread 3 ] DEBUG Engine               - fullScreen: BooleanProperty [value: false]
14:36:48.545 [FXGL Background Thread 3 ] DEBUG Engine               - gameDifficulty: MEDIUM
14:36:48.545 [FXGL Background Thread 3 ] DEBUG Engine               - gameDifficultyProperty: ObjectProperty [value: MEDIUM]
14:36:48.545 [FXGL Background Thread 3 ] DEBUG Engine               - globalMusicVolume: 0.5
14:36:48.545 [FXGL Background Thread 3 ] DEBUG Engine               - globalMusicVolumeProperty: DoubleProperty [value: 0.5]
14:36:48.545 [FXGL Background Thread 3 ] DEBUG Engine               - globalSoundVolume: 0.5
14:36:48.546 [FXGL Background Thread 3 ] DEBUG Engine               - globalSoundVolumeProperty: DoubleProperty [value: 0.5]
14:36:48.546 [FXGL Background Thread 3 ] DEBUG Engine               - height: 800
14:36:48.546 [FXGL Background Thread 3 ] DEBUG Engine               - is3D: false
14:36:48.546 [FXGL Background Thread 3 ] DEBUG Engine               - isAndroid: false
14:36:48.546 [FXGL Background Thread 3 ] DEBUG Engine               - isBrowser: false
14:36:48.546 [FXGL Background Thread 3 ] DEBUG Engine               - isClickFeedbackEnabled: false
14:36:48.546 [FXGL Background Thread 3 ] DEBUG Engine               - isCloseConfirmation: false
14:36:48.546 [FXGL Background Thread 3 ] DEBUG Engine               - isDesktop: true
14:36:48.546 [FXGL Background Thread 3 ] DEBUG Engine               - isDeveloperMenuEnabled: false
14:36:48.547 [FXGL Background Thread 3 ] DEBUG Engine               - isEmbedded: false
14:36:48.547 [FXGL Background Thread 3 ] DEBUG Engine               - isEntityPreloadEnabled: true
14:36:48.547 [FXGL Background Thread 3 ] DEBUG Engine               - isExperimentalTiledLargeMap: false
14:36:48.547 [FXGL Background Thread 3 ] DEBUG Engine               - isFileSystemWriteAllowed: true
14:36:48.547 [FXGL Background Thread 3 ] DEBUG Engine               - isFullScreenAllowed: false
14:36:48.547 [FXGL Background Thread 3 ] DEBUG Engine               - isFullScreenFromStart: false
14:36:48.547 [FXGL Background Thread 3 ] DEBUG Engine               - isGameMenuEnabled: true
14:36:48.547 [FXGL Background Thread 3 ] DEBUG Engine               - isIOS: false
14:36:48.547 [FXGL Background Thread 3 ] DEBUG Engine               - isIntroEnabled: false
14:36:48.547 [FXGL Background Thread 3 ] DEBUG Engine               - isLinux: false
14:36:48.548 [FXGL Background Thread 3 ] DEBUG Engine               - isMac: true
14:36:48.548 [FXGL Background Thread 3 ] DEBUG Engine               - isMainMenuEnabled: false
14:36:48.548 [FXGL Background Thread 3 ] DEBUG Engine               - isManualResizeEnabled: false
14:36:48.548 [FXGL Background Thread 3 ] DEBUG Engine               - isMobile: false
14:36:48.548 [FXGL Background Thread 3 ] DEBUG Engine               - isNative: false
14:36:48.548 [FXGL Background Thread 3 ] DEBUG Engine               - isPauseMusicWhenMinimized: true
14:36:48.549 [FXGL Background Thread 3 ] DEBUG Engine               - isPreserveResizeRatio: false
14:36:48.549 [FXGL Background Thread 3 ] DEBUG Engine               - isProfilingEnabled: false
14:36:48.549 [FXGL Background Thread 3 ] DEBUG Engine               - isScaleAffectedOnResize: true
14:36:48.549 [FXGL Background Thread 3 ] DEBUG Engine               - isSingleStep: false
14:36:48.550 [FXGL Background Thread 3 ] DEBUG Engine               - isUserProfileEnabled: false
14:36:48.550 [FXGL Background Thread 3 ] DEBUG Engine               - isWindows: false
14:36:48.550 [FXGL Background Thread 3 ] DEBUG Engine               - language: ObjectProperty [value: ENGLISH]
14:36:48.550 [FXGL Background Thread 3 ] DEBUG Engine               - menuKey: ESCAPE
14:36:48.550 [FXGL Background Thread 3 ] DEBUG Engine               - mouseSensitivity: 0.2
14:36:48.550 [FXGL Background Thread 3 ] DEBUG Engine               - notificationViewClass: class com.almasb.fxgl.notification.view.XboxNotificationView
14:36:48.551 [FXGL Background Thread 3 ] DEBUG Engine               - pixelsPerMeter: 50.0
14:36:48.551 [FXGL Background Thread 3 ] DEBUG Engine               - platform: MAC
14:36:48.551 [FXGL Background Thread 3 ] DEBUG Engine               - prefHeightProperty: ReadOnlyDoubleProperty [value: 800.0]
14:36:48.551 [FXGL Background Thread 3 ] DEBUG Engine               - prefWidthProperty: ReadOnlyDoubleProperty [value: 1550.0]
14:36:48.551 [FXGL Background Thread 3 ] DEBUG Engine               - profileDir: profiles/
14:36:48.552 [FXGL Background Thread 3 ] DEBUG Engine               - profileName: StringProperty [value: DEFAULT]
14:36:48.552 [FXGL Background Thread 3 ] DEBUG Engine               - randomSeed: -1
14:36:48.554 [FXGL Background Thread 3 ] DEBUG Engine               - runtimeInfo: RuntimeInfo(platform=MAC, version=21.1, build=27.03.2024 07.52)
14:36:48.555 [FXGL Background Thread 3 ] DEBUG Engine               - saveFileExt: sav
14:36:48.555 [FXGL Background Thread 3 ] DEBUG Engine               - scaledHeightProp$fxgl: DoubleProperty [bound, value: 660.0]
14:36:48.555 [FXGL Background Thread 3 ] DEBUG Engine               - scaledWidthProp$fxgl: DoubleProperty [bound, value: 1255.0]
14:36:48.555 [FXGL Background Thread 3 ] DEBUG Engine               - sceneFactory: com.almasb.fxgl.app.scene.SceneFactory@33cff7d7
14:36:48.556 [FXGL Background Thread 3 ] DEBUG Engine               - secondsIn24h: 60
14:36:48.556 [FXGL Background Thread 3 ] DEBUG Engine               - soundMenuBack: menu/back.wav
14:36:48.556 [FXGL Background Thread 3 ] DEBUG Engine               - soundMenuPress: menu/press.wav
14:36:48.556 [FXGL Background Thread 3 ] DEBUG Engine               - soundMenuSelect: menu/select.wav
14:36:48.556 [FXGL Background Thread 3 ] DEBUG Engine               - soundNotification: core/notification.wav
14:36:48.556 [FXGL Background Thread 3 ] DEBUG Engine               - stageStyle: DECORATED
14:36:48.556 [FXGL Background Thread 3 ] DEBUG Engine               - supportedLanguages: [ENGLISH, FRENCH, GERMAN, HUNGARIAN, RUSSIAN]
14:36:48.557 [FXGL Background Thread 3 ] DEBUG Engine               - ticksPerSecond: -1
14:36:48.557 [FXGL Background Thread 3 ] DEBUG Engine               - title: TypeWiz
14:36:48.557 [FXGL Background Thread 3 ] DEBUG Engine               - urlGithub: https://github.com/AlmasB/FXGL
14:36:48.557 [FXGL Background Thread 3 ] DEBUG Engine               - urlLeaderboard: http://fxgl-top.herokuapp.com/
14:36:48.557 [FXGL Background Thread 3 ] DEBUG Engine               - urlPOM: https://raw.githubusercontent.com/AlmasB/FXGL/release/README.md
14:36:48.558 [FXGL Background Thread 3 ] DEBUG Engine               - userAppClass: class com.oop2.typewiz.TypeWizApp
14:36:48.558 [FXGL Background Thread 3 ] DEBUG Engine               - version: 0.0
14:36:48.558 [FXGL Background Thread 3 ] DEBUG Engine               - versionCheckDays: 7
14:36:48.559 [FXGL Background Thread 3 ] DEBUG Engine               - width: 1550
14:36:48.559 [FXGL Background Thread 3 ] DEBUG Engine               - Logging services
14:36:48.559 [FXGL Background Thread 3 ] DEBUG Engine               - class com.almasb.fxgl.app.services.FXGLAssetLoaderService
14:36:48.559 [FXGL Background Thread 3 ] DEBUG Engine               - class com.almasb.fxgl.app.FXGLApplication$GameApplicationService
14:36:48.560 [FXGL Background Thread 3 ] DEBUG Engine               - class com.almasb.fxgl.app.services.FXGLDialogService
14:36:48.560 [FXGL Background Thread 3 ] DEBUG Engine               - class com.almasb.fxgl.app.services.IOTaskExecutorService
14:36:48.560 [FXGL Background Thread 3 ] DEBUG Engine               - class com.almasb.fxgl.io.FileSystemService
14:36:48.560 [FXGL Background Thread 3 ] DEBUG Engine               - class com.almasb.fxgl.localization.LocalizationService
14:36:48.560 [FXGL Background Thread 3 ] DEBUG Engine               - class com.almasb.fxgl.app.services.SystemBundleService
14:36:48.560 [FXGL Background Thread 3 ] DEBUG Engine               - class com.almasb.fxgl.profile.SaveLoadService
14:36:48.560 [FXGL Background Thread 3 ] DEBUG Engine               - class com.almasb.fxgl.ui.FXGLUIFactoryServiceProvider
14:36:48.560 [FXGL Background Thread 3 ] DEBUG Engine               - class com.almasb.fxgl.ui.FXGLDialogFactoryServiceProvider
14:36:48.560 [FXGL Background Thread 3 ] DEBUG Engine               - class com.almasb.fxgl.audio.AudioPlayer
14:36:48.561 [FXGL Background Thread 3 ] DEBUG Engine               - class com.almasb.fxgl.notification.impl.NotificationServiceProvider
14:36:48.561 [FXGL Background Thread 3 ] DEBUG Engine               - class com.almasb.fxgl.achievement.AchievementService
14:36:48.561 [FXGL Background Thread 3 ] DEBUG Engine               - class com.almasb.fxgl.cutscene.CutsceneService
14:36:48.561 [FXGL Background Thread 3 ] DEBUG Engine               - class com.almasb.fxgl.minigames.MiniGameService
14:36:48.561 [FXGL Background Thread 3 ] DEBUG Engine               - class com.almasb.fxgl.net.NetService
14:36:48.561 [FXGL Background Thread 3 ] DEBUG Engine               - class com.almasb.fxgl.app.services.UpdaterService
14:36:48.561 [FXGL Background Thread 3 ] DEBUG Engine               - class com.almasb.fxgl.dev.DevService
14:37:02.063 [JavaFX Application Thread] DEBUG PrimaryStageWindow   - Push state: CreditsScreen
14:37:02.065 [JavaFX Application Thread] DEBUG Input                - Clearing active input actions
14:37:02.068 [JavaFX Application Thread] DEBUG GameApplicationServi - Removing overlay from GameScene and adding to CreditsScreen
14:37:02.069 [JavaFX Application Thread] DEBUG PrimaryStageWindow   - GameScene -> CreditsScreen
14:37:10.050 [JavaFX Application Thread] DEBUG PrimaryStageWindow   - Pop state: CreditsScreen
14:37:10.050 [JavaFX Application Thread] DEBUG Input                - Clearing active input actions
14:37:10.051 [JavaFX Application Thread] DEBUG GameApplicationServi - Removing overlay from CreditsScreen and adding to GameScene
14:37:10.052 [JavaFX Application Thread] DEBUG PrimaryStageWindow   - GameScene <- CreditsScreen
14:37:14.807 [JavaFX Application Thread] DEBUG PrimaryStageWindow   - Push state: DialogSubScene
14:37:14.807 [JavaFX Application Thread] DEBUG Input                - Clearing active input actions
14:37:14.809 [JavaFX Application Thread] DEBUG GameApplicationServi - Removing overlay from GameScene and adding to DialogSubScene
14:37:14.809 [JavaFX Application Thread] DEBUG PrimaryStageWindow   - GameScene -> DialogSubScene
14:37:21.666 [JavaFX Application Thread] DEBUG PrimaryStageWindow   - Pop state: DialogSubScene
14:37:21.666 [JavaFX Application Thread] DEBUG Input                - Clearing active input actions
14:37:21.667 [JavaFX Application Thread] DEBUG GameApplicationServi - Removing overlay from DialogSubScene and adding to GameScene
14:37:21.667 [JavaFX Application Thread] DEBUG PrimaryStageWindow   - GameScene <- DialogSubScene
14:37:25.454 [JavaFX Application Thread] DEBUG PrimaryStageWindow   - Push state: DialogSubScene
14:37:25.455 [JavaFX Application Thread] DEBUG Input                - Clearing active input actions
14:37:25.457 [JavaFX Application Thread] DEBUG GameApplicationServi - Removing overlay from GameScene and adding to DialogSubScene
14:37:25.458 [JavaFX Application Thread] DEBUG PrimaryStageWindow   - GameScene -> DialogSubScene
14:37:31.247 [JavaFX Application Thread] DEBUG PrimaryStageWindow   - Pop state: DialogSubScene
14:37:31.247 [JavaFX Application Thread] DEBUG Input                - Clearing active input actions
14:37:31.248 [JavaFX Application Thread] DEBUG GameApplicationServi - Removing overlay from DialogSubScene and adding to GameScene
14:37:31.249 [JavaFX Application Thread] DEBUG PrimaryStageWindow   - GameScene <- DialogSubScene
14:37:34.514 [JavaFX Application Thread] DEBUG PrimaryStageWindow   - Push state: DifficultyMenuScreen
14:37:34.514 [JavaFX Application Thread] DEBUG Input                - Clearing active input actions
14:37:34.516 [JavaFX Application Thread] DEBUG GameApplicationServi - Removing overlay from GameScene and adding to DifficultyMenuScreen
14:37:34.516 [JavaFX Application Thread] DEBUG PrimaryStageWindow   - GameScene -> DifficultyMenuScreen
14:37:38.442 [JavaFX Application Thread] DEBUG GameApplicationServi - Starting new game
14:37:38.442 [JavaFX Application Thread] DEBUG PrimaryStageWindow   - Pop state: DifficultyMenuScreen
14:37:38.442 [JavaFX Application Thread] DEBUG Input                - Clearing active input actions
14:37:38.443 [JavaFX Application Thread] DEBUG GameApplicationServi - Removing overlay from DifficultyMenuScreen and adding to GameScene
14:37:38.444 [JavaFX Application Thread] DEBUG PrimaryStageWindow   - GameScene <- DifficultyMenuScreen
14:37:38.444 [JavaFX Application Thread] DEBUG Input                - Clearing active input actions
14:37:38.470 [JavaFX Application Thread] DEBUG GameApplicationServi - Removing overlay from GameScene and adding to FXGLLoadingScene
14:37:38.470 [JavaFX Application Thread] DEBUG PrimaryStageWindow   - GameScene -> FXGLLoadingScene
14:37:38.470 [JavaFX Application Thread] DEBUG GameApplicationServi - Clearing previous game
14:37:38.471 [JavaFX Application Thread] DEBUG GameScene            - Clearing game scene
14:37:38.471 [JavaFX Application Thread] DEBUG GameWorld            - Clearing game world
14:37:38.472 [JavaFX Application Thread] DEBUG PhysicsWorld         - Clearing physics world
14:37:38.472 [FXGL Background Thread 2 ] DEBUG FXGLApplication      - Initializing game
14:37:38.860 [FXGL Background Thread 2 ] INFO  FXGLApplication      - Game initialization took: 0.388 sec
14:37:38.862 [JavaFX Application Thread] DEBUG Input                - Clearing active input actions
14:37:38.883 [JavaFX Application Thread] DEBUG GameApplicationServi - Removing overlay from FXGLLoadingScene and adding to GameScene
14:37:38.883 [JavaFX Application Thread] DEBUG PrimaryStageWindow   - FXGLLoadingScene -> GameScene
14:37:43.721 [JavaFX Application Thread] DEBUG PrimaryStageWindow   - Push state: DifficultyMenuScreen
14:37:43.721 [JavaFX Application Thread] DEBUG Input                - Clearing active input actions
14:37:43.722 [JavaFX Application Thread] DEBUG GameApplicationServi - Removing overlay from GameScene and adding to DifficultyMenuScreen
14:37:43.723 [JavaFX Application Thread] DEBUG PrimaryStageWindow   - GameScene -> DifficultyMenuScreen
14:37:47.822 [JavaFX Application Thread] DEBUG GameApplicationServi - Starting new game
14:37:47.823 [JavaFX Application Thread] DEBUG PrimaryStageWindow   - Pop state: DifficultyMenuScreen
14:37:47.823 [JavaFX Application Thread] DEBUG Input                - Clearing active input actions
14:37:47.824 [JavaFX Application Thread] DEBUG GameApplicationServi - Removing overlay from DifficultyMenuScreen and adding to GameScene
14:37:47.824 [JavaFX Application Thread] DEBUG PrimaryStageWindow   - GameScene <- DifficultyMenuScreen
14:37:47.824 [JavaFX Application Thread] DEBUG Input                - Clearing active input actions
14:37:47.835 [JavaFX Application Thread] DEBUG GameApplicationServi - Removing overlay from GameScene and adding to FXGLLoadingScene
14:37:47.835 [JavaFX Application Thread] DEBUG PrimaryStageWindow   - GameScene -> FXGLLoadingScene
14:37:47.835 [JavaFX Application Thread] DEBUG GameApplicationServi - Clearing previous game
14:37:47.835 [JavaFX Application Thread] DEBUG GameScene            - Clearing game scene
14:37:47.836 [JavaFX Application Thread] DEBUG GameWorld            - Clearing game world
14:37:47.836 [JavaFX Application Thread] DEBUG PhysicsWorld         - Clearing physics world
14:37:47.836 [FXGL Background Thread 2 ] DEBUG FXGLApplication      - Initializing game
14:37:48.084 [FXGL Background Thread 2 ] INFO  FXGLApplication      - Game initialization took: 0.248 sec
14:37:48.085 [JavaFX Application Thread] DEBUG Input                - Clearing active input actions
14:37:48.098 [JavaFX Application Thread] DEBUG GameApplicationServi - Removing overlay from FXGLLoadingScene and adding to GameScene
14:37:48.098 [JavaFX Application Thread] DEBUG PrimaryStageWindow   - FXGLLoadingScene -> GameScene
14:37:52.441 [JavaFX Application Thread] DEBUG PrimaryStageWindow   - Push state: DifficultyMenuScreen
14:37:52.441 [JavaFX Application Thread] DEBUG Input                - Clearing active input actions
14:37:52.442 [JavaFX Application Thread] DEBUG GameApplicationServi - Removing overlay from GameScene and adding to DifficultyMenuScreen
14:37:52.442 [JavaFX Application Thread] DEBUG PrimaryStageWindow   - GameScene -> DifficultyMenuScreen
14:37:56.478 [JavaFX Application Thread] DEBUG GameApplicationServi - Starting new game
14:37:56.478 [JavaFX Application Thread] DEBUG PrimaryStageWindow   - Pop state: DifficultyMenuScreen
14:37:56.478 [JavaFX Application Thread] DEBUG Input                - Clearing active input actions
14:37:56.479 [JavaFX Application Thread] DEBUG GameApplicationServi - Removing overlay from DifficultyMenuScreen and adding to GameScene
14:37:56.479 [JavaFX Application Thread] DEBUG PrimaryStageWindow   - GameScene <- DifficultyMenuScreen
14:37:56.479 [JavaFX Application Thread] DEBUG Input                - Clearing active input actions
14:37:56.487 [JavaFX Application Thread] DEBUG GameApplicationServi - Removing overlay from GameScene and adding to FXGLLoadingScene
14:37:56.487 [JavaFX Application Thread] DEBUG PrimaryStageWindow   - GameScene -> FXGLLoadingScene
14:37:56.488 [JavaFX Application Thread] DEBUG GameApplicationServi - Clearing previous game
14:37:56.488 [JavaFX Application Thread] DEBUG GameScene            - Clearing game scene
14:37:56.488 [JavaFX Application Thread] DEBUG GameWorld            - Clearing game world
14:37:56.488 [JavaFX Application Thread] DEBUG PhysicsWorld         - Clearing physics world
14:37:56.488 [FXGL Background Thread 2 ] DEBUG FXGLApplication      - Initializing game
14:37:56.765 [FXGL Background Thread 2 ] INFO  FXGLApplication      - Game initialization took: 0.277 sec
14:37:56.765 [JavaFX Application Thread] DEBUG Input                - Clearing active input actions
14:37:56.776 [JavaFX Application Thread] DEBUG GameApplicationServi - Removing overlay from FXGLLoadingScene and adding to GameScene
14:37:56.776 [JavaFX Application Thread] DEBUG PrimaryStageWindow   - FXGLLoadingScene -> GameScene
14:38:07.647 [JavaFX Application Thread] DEBUG FXGLApplication      - Exiting FXGL
14:38:07.647 [JavaFX Application Thread] DEBUG LoopRunner           - Stopping loop
14:38:07.647 [JavaFX Application Thread] DEBUG SystemBundleService  - Saving FXGL system data
14:38:07.651 [JavaFX Application Thread] DEBUG FileSystemAccess     - Writing to: /Users/archiecabiso/Documents/2nd Year - CS/2nd Sem/CSIT228/OOP2-Capstone/system/fxgl.bundle
14:38:07.654 [JavaFX Application Thread] DEBUG Async                - Shutting down background threads
14:38:07.654 [JavaFX Application Thread] DEBUG PrimaryStageWindow   - Closing main window
14:38:07.659 [JavaFX Application Thread] DEBUG Logger               - Closing Logger
