16:03:57.477 [main                     ] DEBUG Logger               - Configured Logger
16:03:57.501 [main                     ] DEBUG GameApplication      - Logging settings
Title: TypeWiz - Winter Theme
Version: 0.0
Width: 1280
Height: 720
Fullscreen: false
Intro: false
Profiling: false
Single step:false
App Mode: DEVELOPER
Menu Key: ESCAPE
Stage Style: DECORATED
Scene Factory: class com.almasb.fxgl.app.scene.SceneFactory

16:03:57.751 [JavaFX Application Thread] DEBUG FXGLApplication      - Initializing FXGL
16:03:57.755 [JavaFX Application Thread] INFO  Engine               - FXGL-21.1 (27.03.2024 07.52) on WINDOWS (J:21.0.3 FX:19)
16:03:57.755 [JavaFX Application Thread] DEBUG Engine               - JRE Vendor Name: Oracle Corporation
16:03:57.755 [JavaFX Application Thread] DEBUG Engine               - Running on OS: Windows 11 version 10.0
16:03:57.756 [JavaFX Application Thread] DEBUG Engine               - Architecture: amd64
16:03:57.756 [JavaFX Application Thread] INFO  Engine               - Source code and latest versions at: https://github.com/AlmasB/FXGL
16:03:57.756 [JavaFX Application Thread] INFO  Engine               -       Ask questions and discuss at: https://github.com/AlmasB/FXGL/discussions
16:03:57.756 [JavaFX Application Thread] INFO  Engine               -              Join the FXGL chat at: https://gitter.im/AlmasB/FXGL
16:03:57.825 [JavaFX Application Thread] DEBUG PrimaryStageWindow   - Creating a JavaFX scene
16:03:57.861 [JavaFX Application Thread] DEBUG PrimaryStageWindow   - Target settings size: 1280.0 x 720.0
16:03:57.862 [JavaFX Application Thread] DEBUG PrimaryStageWindow   - Scaled scene size:    1280.0 x 720.0
16:03:57.862 [JavaFX Application Thread] DEBUG PrimaryStageWindow   - Scaled ratio: (1.0, 1.0)
16:03:57.863 [JavaFX Application Thread] DEBUG PrimaryStageWindow   - Set initial scene to FXGLStartupScene
16:03:57.866 [JavaFX Application Thread] DEBUG PrimaryStageWindow   - Opening main window
16:03:57.935 [JavaFX Application Thread] DEBUG PrimaryStageWindow   - Window border size: (14.4000244140625, 37.5999755859375)
16:03:57.936 [JavaFX Application Thread] DEBUG PrimaryStageWindow   - Scaled size: 1280.0 x 720.0
16:03:57.936 [JavaFX Application Thread] DEBUG PrimaryStageWindow   - Scaled ratio: (1.0, 1.0)
16:03:57.936 [JavaFX Application Thread] DEBUG PrimaryStageWindow   - Scene size: 1280.0 x 720.0
16:03:57.936 [JavaFX Application Thread] DEBUG PrimaryStageWindow   - Stage size: 1294.4000244140625 x 757.5999755859375
16:03:57.944 [FXGL Background Thread 1 ] DEBUG Engine               - Initializing environment variables
16:03:57.993 [FXGL Background Thread 1 ] DEBUG FXGLAssetLoaderServi - User app class for loading assets: class com.oop2.typewiz.GameplayComponents.Game
16:03:57.993 [FXGL Background Thread 1 ] DEBUG GameApplicationServi - Applying CSS: fxgl_dark.css
16:03:57.994 [FXGL Background Thread 1 ] DEBUG FXGLAssetLoaderServi - Loading from file system: jar:file:///C:/Users/Ruhmer%20Jairus/.m2/repository/com/github/almasb/fxgl/21.1/fxgl-21.1.jar!/fxglassets/ui/css/fxgl_dark.css
16:03:58.031 [FXGL Background Thread 1 ] DEBUG GameApplicationServi - Initializing application scenes
16:03:58.085 [FXGL Background Thread 1 ] DEBUG GameWorld            - Game world initialized
16:03:58.147 [FXGL Background Thread 1 ] DEBUG PhysicsWorld         - Physics world initialized: appHeight=720, physics.ppm=50.0
16:03:58.147 [FXGL Background Thread 1 ] DEBUG PhysicsWorld         - Using strategy: BRUTE_FORCE
16:03:58.151 [FXGL Background Thread 1 ] DEBUG GameScene            - Game scene initialized: 1280x720
16:03:58.151 [FXGL Background Thread 1 ] DEBUG GameApplicationServi - Application scenes initialized
16:03:58.165 [FXGL Background Thread 1 ] DEBUG SystemBundleService  - Loading FXGL system data
16:03:58.168 [FXGL Background Thread 1 ] DEBUG FileSystemAccess     - Reading from: C:\Users\Ruhmer Jairus\OOP2-Capstone\system\fxgl.bundle
16:03:58.176 [FXGL Background Thread 1 ] DEBUG SystemBundleService  - Bundle FXGL: {}
16:03:58.176 [FXGL Background Thread 1 ] DEBUG UpdaterService       - Checking for updates
16:03:58.179 [FXGL Background Thread 4 ] DEBUG FXGLApplication      - Loading fonts
16:03:58.180 [FXGL Background Thread 1 ] DEBUG FXGLApplication      - Loading default localization
16:03:58.180 [FXGL Background Thread 1 ] DEBUG FXGLAssetLoaderServi - Loading from file system: jar:file:///C:/Users/Ruhmer%20Jairus/.m2/repository/com/github/almasb/fxgl/21.1/fxgl-21.1.jar!/fxglassets/languages/english.lang
16:03:58.180 [FXGL Background Thread 4 ] DEBUG FXGLAssetLoaderServi - Loading from file system: jar:file:///C:/Users/Ruhmer%20Jairus/.m2/repository/com/github/almasb/fxgl/21.1/fxgl-21.1.jar!/fxglassets/ui/fonts/VarelaRound-Regular.ttf
16:03:58.197 [FXGL Background Thread 1 ] INFO  FXGLApplication      - FXGL initialization took: 0.252 sec
16:03:58.198 [JavaFX Application Thread] DEBUG FXGLAssetLoaderServi - Loading from file system: jar:file:///C:/Users/Ruhmer%20Jairus/.m2/repository/com/github/almasb/fxgl/21.1/fxgl-21.1.jar!/fxglassets/textures/fxgl_icon.png
16:03:58.212 [FXGL Background Thread 4 ] DEBUG FXGLAssetLoaderServi - Loading from file system: jar:file:///C:/Users/Ruhmer%20Jairus/.m2/repository/com/github/almasb/fxgl/21.1/fxgl-21.1.jar!/fxglassets/ui/fonts/Abel-Regular.ttf
16:03:58.215 [FXGL Background Thread 4 ] DEBUG FXGLAssetLoaderServi - Loading from file system: jar:file:///C:/Users/Ruhmer%20Jairus/.m2/repository/com/github/almasb/fxgl/21.1/fxgl-21.1.jar!/fxglassets/ui/fonts/TerminalLandMono-Regular.otf
16:03:58.218 [FXGL Background Thread 4 ] DEBUG FXGLAssetLoaderServi - Loading from file system: jar:file:///C:/Users/Ruhmer%20Jairus/.m2/repository/com/github/almasb/fxgl/21.1/fxgl-21.1.jar!/fxglassets/ui/fonts/Courier-Prime.ttf
16:03:58.243 [JavaFX Application Thread] DEBUG FXGLAssetLoaderServi - Loading from file system: jar:file:///C:/Users/Ruhmer%20Jairus/.m2/repository/com/github/almasb/fxgl/21.1/fxgl-21.1.jar!/fxglassets/textures/fxgl_default_cursor.png
16:03:58.260 [JavaFX Application Thread] DEBUG Input                - Registered new binding: Screenshot - CTRL+8
16:03:58.260 [JavaFX Application Thread] DEBUG Input                - Registered new binding: System info dump - CTRL+9
16:03:58.261 [JavaFX Application Thread] DEBUG Input                - Registered new binding: Restart - CTRL+R
16:03:58.262 [JavaFX Application Thread] DEBUG Input                - Registered new binding: Toggle Debug Camera - CTRL+7
16:03:58.263 [JavaFX Application Thread] DEBUG LoopRunner           - Starting loop
16:03:58.263 [JavaFX Application Thread] DEBUG LoopRunner           - Initializing JavaFX AnimationTimerLoop
16:03:58.266 [JavaFX Application Thread] DEBUG GameApplicationServi - Starting new game
16:03:58.266 [JavaFX Application Thread] DEBUG Input                - Clearing active input actions
16:03:58.282 [JavaFX Application Thread] DEBUG GameApplicationServi - Removing overlay from FXGLStartupScene and adding to FXGLLoadingScene
16:03:58.283 [JavaFX Application Thread] DEBUG PrimaryStageWindow   - FXGLStartupScene -> FXGLLoadingScene
16:03:58.283 [JavaFX Application Thread] DEBUG GameApplicationServi - Clearing previous game
16:03:58.283 [JavaFX Application Thread] DEBUG GameScene            - Clearing game scene
16:03:58.283 [JavaFX Application Thread] DEBUG GameWorld            - Clearing game world
16:03:58.283 [JavaFX Application Thread] DEBUG PhysicsWorld         - Clearing physics world
16:03:58.286 [FXGL Background Thread 4 ] DEBUG FXGLApplication      - Initializing game
16:03:58.286 [JavaFX Application Thread] DEBUG FXGLApplication      - Registering font factories with UI factory
16:03:58.319 [FXGL Background Thread 4 ] DEBUG FXGLAssetLoaderServi - Loading from file system: file:/C:/Users/Ruhmer%20Jairus/OOP2-Capstone/target/classes/assets/textures/background-and-platforms/bg-winter_1280_720.png
16:03:58.371 [FXGL Background Thread 4 ] DEBUG FXGLAssetLoaderServi - Loading from file system: file:/C:/Users/Ruhmer%20Jairus/OOP2-Capstone/target/classes/assets/textures/background-and-platforms/hdlargerplatform-winter.png
16:03:58.477 [FXGL Background Thread 4 ] DEBUG FXGLAssetLoaderServi - Loading from file system: file:/C:/Users/Ruhmer%20Jairus/OOP2-Capstone/target/classes/assets/textures/wizard/wizard.png
16:03:58.573 [FXGL Background Thread 4 ] DEBUG FXGLAssetLoaderServi - Loading from file system: file:/C:/Users/Ruhmer%20Jairus/OOP2-Capstone/target/classes/assets/textures/mobs/gargoyle/gargoyle.png
16:03:58.641 [FXGL Background Thread 4 ] INFO  FXGLApplication      - Game initialization took: 0.355 sec
16:03:58.642 [JavaFX Application Thread] DEBUG Input                - Clearing active input actions
16:03:58.651 [JavaFX Application Thread] DEBUG GameApplicationServi - Removing overlay from FXGLLoadingScene and adding to GameScene
16:03:58.651 [JavaFX Application Thread] DEBUG PrimaryStageWindow   - FXGLLoadingScene -> GameScene
16:04:01.180 [FXGL Background Thread 3 ] DEBUG Engine               - Logging environment variables
16:04:01.180 [FXGL Background Thread 3 ] DEBUG Engine               - achievements: []
16:04:01.180 [FXGL Background Thread 3 ] DEBUG Engine               - actualHeight: 720.0
16:04:01.181 [FXGL Background Thread 3 ] DEBUG Engine               - actualHeightProperty: ReadOnlyDoubleProperty [value: 720.0]
16:04:01.181 [FXGL Background Thread 3 ] DEBUG Engine               - actualWidth: 1280.0
16:04:01.181 [FXGL Background Thread 3 ] DEBUG Engine               - actualWidthProperty: ReadOnlyDoubleProperty [value: 1280.0]
16:04:01.181 [FXGL Background Thread 3 ] DEBUG Engine               - appIcon: fxgl_icon.png
16:04:01.181 [FXGL Background Thread 3 ] DEBUG Engine               - applicationMode: DEVELOPER
16:04:01.181 [FXGL Background Thread 3 ] DEBUG Engine               - cSSList: [fxgl_dark.css]
16:04:01.181 [FXGL Background Thread 3 ] DEBUG Engine               - collisionDetectionStrategy: BRUTE_FORCE
16:04:01.181 [FXGL Background Thread 3 ] DEBUG Engine               - configClass: Optional.empty
16:04:01.181 [FXGL Background Thread 3 ] DEBUG Engine               - credits: []
16:04:01.183 [FXGL Background Thread 3 ] DEBUG Engine               - defaultCursor: CursorInfo(imageName=fxgl_default_cursor.png, hotspotX=7.0, hotspotY=6.0)
16:04:01.183 [FXGL Background Thread 3 ] DEBUG Engine               - devBBoxColorProperty: ObjectProperty [value: 0xff0000ff]
16:04:01.183 [FXGL Background Thread 3 ] DEBUG Engine               - devEnableDebugCameraProperty: BooleanProperty [value: false]
16:04:01.183 [FXGL Background Thread 3 ] DEBUG Engine               - devSensorColorProperty: ObjectProperty [value: 0xffff00ff]
16:04:01.183 [FXGL Background Thread 3 ] DEBUG Engine               - devShowBBoxProperty: BooleanProperty [value: false]
16:04:01.183 [FXGL Background Thread 3 ] DEBUG Engine               - devShowPositionProperty: BooleanProperty [value: false]
16:04:01.183 [FXGL Background Thread 3 ] DEBUG Engine               - enabledMenuItems: []
16:04:01.183 [FXGL Background Thread 3 ] DEBUG Engine               - engineServices: [class com.almasb.fxgl.app.services.FXGLAssetLoaderService, class com.almasb.fxgl.app.FXGLApplication$GameApplicationService, class com.almasb.fxgl.app.services.FXGLDialogService, class com.almasb.fxgl.app.services.IOTaskExecutorService, class com.almasb.fxgl.io.FileSystemService, class com.almasb.fxgl.localization.LocalizationService, class com.almasb.fxgl.app.services.SystemBundleService, class com.almasb.fxgl.profile.SaveLoadService, class com.almasb.fxgl.ui.FXGLUIFactoryServiceProvider, class com.almasb.fxgl.ui.FXGLDialogFactoryServiceProvider, class com.almasb.fxgl.audio.AudioPlayer, class com.almasb.fxgl.notification.impl.NotificationServiceProvider, class com.almasb.fxgl.achievement.AchievementService, class com.almasb.fxgl.cutscene.CutsceneService, class com.almasb.fxgl.minigames.MiniGameService, class com.almasb.fxgl.net.NetService, class com.almasb.fxgl.app.services.UpdaterService, class com.almasb.fxgl.dev.DevService]
16:04:01.183 [FXGL Background Thread 3 ] DEBUG Engine               - fontGame: Abel-Regular.ttf
16:04:01.183 [FXGL Background Thread 3 ] DEBUG Engine               - fontMono: TerminalLandMono-Regular.otf
16:04:01.183 [FXGL Background Thread 3 ] DEBUG Engine               - fontSizeScaleUI: 1.0
16:04:01.183 [FXGL Background Thread 3 ] DEBUG Engine               - fontText: Courier-Prime.ttf
16:04:01.183 [FXGL Background Thread 3 ] DEBUG Engine               - fontUI: VarelaRound-Regular.ttf
16:04:01.183 [FXGL Background Thread 3 ] DEBUG Engine               - fullScreen: BooleanProperty [value: false]
16:04:01.183 [FXGL Background Thread 3 ] DEBUG Engine               - gameDifficulty: MEDIUM
16:04:01.183 [FXGL Background Thread 3 ] DEBUG Engine               - gameDifficultyProperty: ObjectProperty [value: MEDIUM]
16:04:01.183 [FXGL Background Thread 3 ] DEBUG Engine               - globalMusicVolume: 0.5
16:04:01.183 [FXGL Background Thread 3 ] DEBUG Engine               - globalMusicVolumeProperty: DoubleProperty [value: 0.5]
16:04:01.184 [FXGL Background Thread 3 ] DEBUG Engine               - globalSoundVolume: 0.5
16:04:01.184 [FXGL Background Thread 3 ] DEBUG Engine               - globalSoundVolumeProperty: DoubleProperty [value: 0.5]
16:04:01.184 [FXGL Background Thread 3 ] DEBUG Engine               - height: 720
16:04:01.184 [FXGL Background Thread 3 ] DEBUG Engine               - is3D: false
16:04:01.184 [FXGL Background Thread 3 ] DEBUG Engine               - isAndroid: false
16:04:01.184 [FXGL Background Thread 3 ] DEBUG Engine               - isBrowser: false
16:04:01.184 [FXGL Background Thread 3 ] DEBUG Engine               - isClickFeedbackEnabled: false
16:04:01.184 [FXGL Background Thread 3 ] DEBUG Engine               - isCloseConfirmation: false
16:04:01.184 [FXGL Background Thread 3 ] DEBUG Engine               - isDesktop: true
16:04:01.184 [FXGL Background Thread 3 ] DEBUG Engine               - isDeveloperMenuEnabled: false
16:04:01.184 [FXGL Background Thread 3 ] DEBUG Engine               - isEmbedded: false
16:04:01.184 [FXGL Background Thread 3 ] DEBUG Engine               - isEntityPreloadEnabled: true
16:04:01.184 [FXGL Background Thread 3 ] DEBUG Engine               - isExperimentalTiledLargeMap: false
16:04:01.184 [FXGL Background Thread 3 ] DEBUG Engine               - isFileSystemWriteAllowed: true
16:04:01.184 [FXGL Background Thread 3 ] DEBUG Engine               - isFullScreenAllowed: false
16:04:01.184 [FXGL Background Thread 3 ] DEBUG Engine               - isFullScreenFromStart: false
16:04:01.184 [FXGL Background Thread 3 ] DEBUG Engine               - isGameMenuEnabled: false
16:04:01.184 [FXGL Background Thread 3 ] DEBUG Engine               - isIOS: false
16:04:01.184 [FXGL Background Thread 3 ] DEBUG Engine               - isIntroEnabled: false
16:04:01.184 [FXGL Background Thread 3 ] DEBUG Engine               - isLinux: false
16:04:01.184 [FXGL Background Thread 3 ] DEBUG Engine               - isMac: false
16:04:01.184 [FXGL Background Thread 3 ] DEBUG Engine               - isMainMenuEnabled: false
16:04:01.184 [FXGL Background Thread 3 ] DEBUG Engine               - isManualResizeEnabled: false
16:04:01.184 [FXGL Background Thread 3 ] DEBUG Engine               - isMobile: false
16:04:01.184 [FXGL Background Thread 3 ] DEBUG Engine               - isNative: false
16:04:01.184 [FXGL Background Thread 3 ] DEBUG Engine               - isPauseMusicWhenMinimized: true
16:04:01.184 [FXGL Background Thread 3 ] DEBUG Engine               - isPreserveResizeRatio: true
16:04:01.184 [FXGL Background Thread 3 ] DEBUG Engine               - isProfilingEnabled: false
16:04:01.184 [FXGL Background Thread 3 ] DEBUG Engine               - isScaleAffectedOnResize: true
16:04:01.184 [FXGL Background Thread 3 ] DEBUG Engine               - isSingleStep: false
16:04:01.184 [FXGL Background Thread 3 ] DEBUG Engine               - isUserProfileEnabled: false
16:04:01.184 [FXGL Background Thread 3 ] DEBUG Engine               - isWindows: true
16:04:01.184 [FXGL Background Thread 3 ] DEBUG Engine               - language: ObjectProperty [value: ENGLISH]
16:04:01.184 [FXGL Background Thread 3 ] DEBUG Engine               - menuKey: ESCAPE
16:04:01.184 [FXGL Background Thread 3 ] DEBUG Engine               - mouseSensitivity: 0.2
16:04:01.185 [FXGL Background Thread 3 ] DEBUG Engine               - notificationViewClass: class com.almasb.fxgl.notification.view.XboxNotificationView
16:04:01.185 [FXGL Background Thread 3 ] DEBUG Engine               - pixelsPerMeter: 50.0
16:04:01.185 [FXGL Background Thread 3 ] DEBUG Engine               - platform: WINDOWS
16:04:01.185 [FXGL Background Thread 3 ] DEBUG Engine               - prefHeightProperty: ReadOnlyDoubleProperty [value: 720.0]
16:04:01.185 [FXGL Background Thread 3 ] DEBUG Engine               - prefWidthProperty: ReadOnlyDoubleProperty [value: 1280.0]
16:04:01.185 [FXGL Background Thread 3 ] DEBUG Engine               - profileDir: profiles/
16:04:01.185 [FXGL Background Thread 3 ] DEBUG Engine               - profileName: StringProperty [value: DEFAULT]
16:04:01.185 [FXGL Background Thread 3 ] DEBUG Engine               - randomSeed: -1
16:04:01.185 [FXGL Background Thread 3 ] DEBUG Engine               - runtimeInfo: RuntimeInfo(platform=WINDOWS, version=21.1, build=27.03.2024 07.52)
16:04:01.185 [FXGL Background Thread 3 ] DEBUG Engine               - saveFileExt: sav
16:04:01.185 [FXGL Background Thread 3 ] DEBUG Engine               - scaledHeightProp$fxgl: DoubleProperty [bound, value: 720.0]
16:04:01.185 [FXGL Background Thread 3 ] DEBUG Engine               - scaledWidthProp$fxgl: DoubleProperty [bound, value: 1280.0]
16:04:01.185 [FXGL Background Thread 3 ] DEBUG Engine               - sceneFactory: com.almasb.fxgl.app.scene.SceneFactory@f79222e
16:04:01.185 [FXGL Background Thread 3 ] DEBUG Engine               - secondsIn24h: 60
16:04:01.185 [FXGL Background Thread 3 ] DEBUG Engine               - soundMenuBack: menu/back.wav
16:04:01.185 [FXGL Background Thread 3 ] DEBUG Engine               - soundMenuPress: menu/press.wav
16:04:01.185 [FXGL Background Thread 3 ] DEBUG Engine               - soundMenuSelect: menu/select.wav
16:04:01.185 [FXGL Background Thread 3 ] DEBUG Engine               - soundNotification: core/notification.wav
16:04:01.185 [FXGL Background Thread 3 ] DEBUG Engine               - stageStyle: DECORATED
16:04:01.185 [FXGL Background Thread 3 ] DEBUG Engine               - supportedLanguages: [ENGLISH, FRENCH, GERMAN, HUNGARIAN, RUSSIAN]
16:04:01.185 [FXGL Background Thread 3 ] DEBUG Engine               - ticksPerSecond: -1
16:04:01.185 [FXGL Background Thread 3 ] DEBUG Engine               - title: TypeWiz - Winter Theme
16:04:01.185 [FXGL Background Thread 3 ] DEBUG Engine               - urlGithub: https://github.com/AlmasB/FXGL
16:04:01.185 [FXGL Background Thread 3 ] DEBUG Engine               - urlLeaderboard: http://fxgl-top.herokuapp.com/
16:04:01.185 [FXGL Background Thread 3 ] DEBUG Engine               - urlPOM: https://raw.githubusercontent.com/AlmasB/FXGL/release/README.md
16:04:01.185 [FXGL Background Thread 3 ] DEBUG Engine               - userAppClass: class com.oop2.typewiz.GameplayComponents.Game
16:04:01.185 [FXGL Background Thread 3 ] DEBUG Engine               - version: 0.0
16:04:01.185 [FXGL Background Thread 3 ] DEBUG Engine               - versionCheckDays: 7
16:04:01.186 [FXGL Background Thread 3 ] DEBUG Engine               - width: 1280
16:04:01.186 [FXGL Background Thread 3 ] DEBUG Engine               - Logging services
16:04:01.186 [FXGL Background Thread 3 ] DEBUG Engine               - class com.almasb.fxgl.app.services.FXGLAssetLoaderService
16:04:01.186 [FXGL Background Thread 3 ] DEBUG Engine               - class com.almasb.fxgl.app.FXGLApplication$GameApplicationService
16:04:01.186 [FXGL Background Thread 3 ] DEBUG Engine               - class com.almasb.fxgl.app.services.FXGLDialogService
16:04:01.186 [FXGL Background Thread 3 ] DEBUG Engine               - class com.almasb.fxgl.app.services.IOTaskExecutorService
16:04:01.186 [FXGL Background Thread 3 ] DEBUG Engine               - class com.almasb.fxgl.io.FileSystemService
16:04:01.186 [FXGL Background Thread 3 ] DEBUG Engine               - class com.almasb.fxgl.localization.LocalizationService
16:04:01.186 [FXGL Background Thread 3 ] DEBUG Engine               - class com.almasb.fxgl.app.services.SystemBundleService
16:04:01.186 [FXGL Background Thread 3 ] DEBUG Engine               - class com.almasb.fxgl.profile.SaveLoadService
16:04:01.186 [FXGL Background Thread 3 ] DEBUG Engine               - class com.almasb.fxgl.ui.FXGLUIFactoryServiceProvider
16:04:01.186 [FXGL Background Thread 3 ] DEBUG Engine               - class com.almasb.fxgl.ui.FXGLDialogFactoryServiceProvider
16:04:01.186 [FXGL Background Thread 3 ] DEBUG Engine               - class com.almasb.fxgl.audio.AudioPlayer
16:04:01.186 [FXGL Background Thread 3 ] DEBUG Engine               - class com.almasb.fxgl.notification.impl.NotificationServiceProvider
16:04:01.186 [FXGL Background Thread 3 ] DEBUG Engine               - class com.almasb.fxgl.achievement.AchievementService
16:04:01.186 [FXGL Background Thread 3 ] DEBUG Engine               - class com.almasb.fxgl.cutscene.CutsceneService
16:04:01.186 [FXGL Background Thread 3 ] DEBUG Engine               - class com.almasb.fxgl.minigames.MiniGameService
16:04:01.186 [FXGL Background Thread 3 ] DEBUG Engine               - class com.almasb.fxgl.net.NetService
16:04:01.186 [FXGL Background Thread 3 ] DEBUG Engine               - class com.almasb.fxgl.app.services.UpdaterService
16:04:01.186 [FXGL Background Thread 3 ] DEBUG Engine               - class com.almasb.fxgl.dev.DevService
16:05:10.071 [JavaFX Application Thread] DEBUG FXGLApplication      - Exiting FXGL
16:05:10.071 [JavaFX Application Thread] DEBUG LoopRunner           - Stopping loop
16:05:10.071 [JavaFX Application Thread] DEBUG SystemBundleService  - Saving FXGL system data
16:05:10.073 [JavaFX Application Thread] DEBUG FileSystemAccess     - Writing to: C:\Users\Ruhmer Jairus\OOP2-Capstone\system\fxgl.bundle
16:05:10.075 [JavaFX Application Thread] DEBUG Async                - Shutting down background threads
16:05:10.076 [JavaFX Application Thread] DEBUG PrimaryStageWindow   - Closing main window
16:05:10.088 [JavaFX Application Thread] DEBUG Logger               - Closing Logger
