22:57:45.016 [main                     ] DEBUG Logger               - Configured Logger
22:57:45.108 [main                     ] DEBUG GameApplication      - Logging settings
Title: TypeWiz
Version: 0.0
Width: 1550
Height: 800
Fullscreen: false
Intro: false
Profiling: false
Single step:false
App Mode: DEVELOPER
Menu Key: ESCAPE
Stage Style: DECORATED
Scene Factory: class com.almasb.fxgl.app.scene.SceneFactory

22:57:45.803 [JavaFX Application Thread] DEBUG FXGLApplication      - Initializing FXGL
22:57:45.810 [JavaFX Application Thread] INFO  Engine               - FXGL-21.1 (27.03.2024 07.52) on MAC (J:23.0.1 FX:19)
22:57:45.811 [JavaFX Application Thread] DEBUG Engine               - JRE Vendor Name: Oracle Corporation
22:57:45.811 [JavaFX Application Thread] DEBUG Engine               - Running on OS: Mac OS X version 10.15.7
22:57:45.812 [JavaFX Application Thread] DEBUG Engine               - Architecture: x86_64
22:57:45.812 [JavaFX Application Thread] INFO  Engine               - Source code and latest versions at: https://github.com/AlmasB/FXGL
22:57:45.812 [JavaFX Application Thread] INFO  Engine               -       Ask questions and discuss at: https://github.com/AlmasB/FXGL/discussions
22:57:45.812 [JavaFX Application Thread] INFO  Engine               -              Join the FXGL chat at: https://gitter.im/AlmasB/FXGL
22:57:45.967 [JavaFX Application Thread] DEBUG PrimaryStageWindow   - Creating a JavaFX scene
22:57:45.967 [JavaFX Application Thread] DEBUG PrimaryStageWindow   - Target size > screen size
22:57:46.081 [JavaFX Application Thread] DEBUG PrimaryStageWindow   - Target settings size: 1550.0 x 800.0
22:57:46.129 [JavaFX Application Thread] DEBUG PrimaryStageWindow   - Scaled scene size:    1255.0 x 660.0
22:57:46.162 [JavaFX Application Thread] DEBUG PrimaryStageWindow   - Scaled ratio: (0.8096774193548387, 0.825)
22:57:46.171 [JavaFX Application Thread] DEBUG PrimaryStageWindow   - Set initial scene to FXGLStartupScene
22:57:46.181 [JavaFX Application Thread] DEBUG PrimaryStageWindow   - Opening main window
22:57:46.361 [JavaFX Application Thread] DEBUG PrimaryStageWindow   - Window border size: (0.0, 22.0)
22:57:46.362 [JavaFX Application Thread] DEBUG PrimaryStageWindow   - Scaled size: 1255.0 x 660.0
22:57:46.362 [JavaFX Application Thread] DEBUG PrimaryStageWindow   - Scaled ratio: (0.8096774193548387, 0.825)
22:57:46.363 [JavaFX Application Thread] DEBUG PrimaryStageWindow   - Scene size: 1255.0 x 660.0
22:57:46.363 [JavaFX Application Thread] DEBUG PrimaryStageWindow   - Stage size: 1255.0 x 682.0
22:57:46.386 [FXGL Background Thread 1 ] DEBUG Engine               - Initializing environment variables
22:57:46.888 [FXGL Background Thread 1 ] DEBUG FXGLAssetLoaderServi - User app class for loading assets: class com.oop2.typewiz.TypeWizApp
22:57:46.889 [FXGL Background Thread 1 ] DEBUG GameApplicationServi - Applying CSS: fxgl_dark.css
22:57:46.890 [FXGL Background Thread 1 ] DEBUG FXGLAssetLoaderServi - Loading from file system: jar:file:///Users/archiecabiso/.m2/repository/com/github/almasb/fxgl/21.1/fxgl-21.1.jar!/fxglassets/ui/css/fxgl_dark.css
22:57:47.080 [FXGL Background Thread 1 ] DEBUG GameApplicationServi - Initializing application scenes
22:57:48.003 [FXGL Background Thread 1 ] DEBUG GameWorld            - Game world initialized
22:57:48.073 [FXGL Background Thread 1 ] DEBUG PhysicsWorld         - Physics world initialized: appHeight=800, physics.ppm=50.0
22:57:48.073 [FXGL Background Thread 1 ] DEBUG PhysicsWorld         - Using strategy: BRUTE_FORCE
22:57:48.080 [FXGL Background Thread 1 ] DEBUG GameScene            - Game scene initialized: 1550x800
22:57:48.094 [FXGL Background Thread 1 ] DEBUG FXGL.DefaultMenu     - createMenuBodyGameMenu()
22:57:48.109 [FXGL Background Thread 1 ] DEBUG FXGL.DefaultMenu     - createOptionsMenu()
22:57:48.127 [FXGL Background Thread 1 ] DEBUG FXGLAssetLoaderServi - Loading from file system: jar:file:///Users/archiecabiso/.m2/repository/com/github/almasb/fxgl/21.1/fxgl-21.1.jar!/fxglassets/textures/particles/smoke.png
22:57:48.247 [FXGL Background Thread 1 ] DEBUG FXGLAssetLoaderServi - Loading from file system: jar:file:///Users/archiecabiso/.m2/repository/com/github/almasb/fxgl/21.1/fxgl-21.1.jar!/fxglassets/textures/particles/trace_horizontal.png
22:57:48.287 [FXGL Background Thread 1 ] DEBUG GameApplicationServi - Application scenes initialized
22:57:48.305 [FXGL Background Thread 1 ] DEBUG SystemBundleService  - Loading FXGL system data
22:57:48.311 [FXGL Background Thread 1 ] DEBUG FileSystemAccess     - Reading from: /Users/archiecabiso/Documents/2nd Year - CS/2nd Sem/CSIT228/OOP2-Capstone/system/fxgl.bundle
22:57:48.322 [FXGL Background Thread 1 ] DEBUG SystemBundleService  - Bundle FXGL: {}
22:57:48.322 [FXGL Background Thread 1 ] DEBUG UpdaterService       - Checking for updates
22:57:48.332 [FXGL Background Thread 4 ] DEBUG FXGLApplication      - Loading fonts
22:57:48.333 [FXGL Background Thread 4 ] DEBUG FXGLAssetLoaderServi - Loading from file system: jar:file:///Users/archiecabiso/.m2/repository/com/github/almasb/fxgl/21.1/fxgl-21.1.jar!/fxglassets/ui/fonts/VarelaRound-Regular.ttf
22:57:48.346 [FXGL Background Thread 1 ] DEBUG FXGLApplication      - Loading default localization
22:57:48.348 [FXGL Background Thread 1 ] DEBUG FXGLAssetLoaderServi - Loading from file system: jar:file:///Users/archiecabiso/.m2/repository/com/github/almasb/fxgl/21.1/fxgl-21.1.jar!/fxglassets/languages/english.lang
22:57:48.351 [FXGL Background Thread 4 ] DEBUG FXGLAssetLoaderServi - Loading from file system: jar:file:///Users/archiecabiso/.m2/repository/com/github/almasb/fxgl/21.1/fxgl-21.1.jar!/fxglassets/ui/fonts/Abel-Regular.ttf
22:57:48.356 [FXGL Background Thread 4 ] DEBUG FXGLAssetLoaderServi - Loading from file system: jar:file:///Users/archiecabiso/.m2/repository/com/github/almasb/fxgl/21.1/fxgl-21.1.jar!/fxglassets/ui/fonts/TerminalLandMono-Regular.otf
22:57:48.360 [FXGL Background Thread 4 ] DEBUG FXGLAssetLoaderServi - Loading from file system: jar:file:///Users/archiecabiso/.m2/repository/com/github/almasb/fxgl/21.1/fxgl-21.1.jar!/fxglassets/ui/fonts/Courier-Prime.ttf
22:57:48.368 [JavaFX Application Thread] DEBUG FXGLApplication      - Registering font factories with UI factory
22:57:48.381 [FXGL Background Thread 1 ] INFO  FXGLApplication      - FXGL initialization took: 1.994 sec
22:57:48.382 [JavaFX Application Thread] DEBUG FXGLAssetLoaderServi - Loading from file system: jar:file:///Users/archiecabiso/.m2/repository/com/github/almasb/fxgl/21.1/fxgl-21.1.jar!/fxglassets/textures/fxgl_icon.png
22:57:48.426 [JavaFX Application Thread] DEBUG FXGLAssetLoaderServi - Loading from file system: jar:file:///Users/archiecabiso/.m2/repository/com/github/almasb/fxgl/21.1/fxgl-21.1.jar!/fxglassets/textures/fxgl_default_cursor.png
22:57:48.441 [JavaFX Application Thread] DEBUG Input                - Registered new binding: Screenshot - CTRL+8
22:57:48.442 [JavaFX Application Thread] DEBUG Input                - Registered new binding: System info dump - CTRL+9
22:57:48.442 [JavaFX Application Thread] DEBUG Input                - Registered new binding: Restart - CTRL+R
22:57:48.443 [JavaFX Application Thread] DEBUG Input                - Registered new binding: Toggle Debug Camera - CTRL+7
22:57:48.446 [JavaFX Application Thread] DEBUG LoopRunner           - Starting loop
22:57:48.446 [JavaFX Application Thread] DEBUG LoopRunner           - Initializing JavaFX AnimationTimerLoop
22:57:48.448 [JavaFX Application Thread] DEBUG GameApplicationServi - Starting new game
22:57:48.449 [JavaFX Application Thread] DEBUG Input                - Clearing active input actions
22:57:48.468 [JavaFX Application Thread] DEBUG GameApplicationServi - Removing overlay from FXGLStartupScene and adding to FXGLLoadingScene
22:57:48.469 [JavaFX Application Thread] DEBUG PrimaryStageWindow   - FXGLStartupScene -> FXGLLoadingScene
22:57:48.469 [JavaFX Application Thread] DEBUG GameApplicationServi - Clearing previous game
22:57:48.469 [JavaFX Application Thread] DEBUG GameScene            - Clearing game scene
22:57:48.469 [JavaFX Application Thread] DEBUG GameWorld            - Clearing game world
22:57:48.469 [JavaFX Application Thread] DEBUG PhysicsWorld         - Clearing physics world
22:57:48.474 [FXGL Background Thread 1 ] DEBUG FXGLApplication      - Initializing game
22:57:49.944 [FXGL Background Thread 1 ] INFO  FXGLApplication      - Game initialization took: 1.470 sec
22:57:49.945 [JavaFX Application Thread] DEBUG Input                - Clearing active input actions
22:57:49.974 [JavaFX Application Thread] DEBUG GameApplicationServi - Removing overlay from FXGLLoadingScene and adding to GameScene
22:57:49.975 [JavaFX Application Thread] DEBUG PrimaryStageWindow   - FXGLLoadingScene -> GameScene
22:57:51.327 [FXGL Background Thread 3 ] DEBUG Engine               - Logging environment variables
22:57:51.329 [FXGL Background Thread 3 ] DEBUG Engine               - achievements: []
22:57:51.329 [FXGL Background Thread 3 ] DEBUG Engine               - actualHeight: 660.0
22:57:51.329 [FXGL Background Thread 3 ] DEBUG Engine               - actualHeightProperty: ReadOnlyDoubleProperty [value: 660.0]
22:57:51.330 [FXGL Background Thread 3 ] DEBUG Engine               - actualWidth: 1255.0
22:57:51.330 [FXGL Background Thread 3 ] DEBUG Engine               - actualWidthProperty: ReadOnlyDoubleProperty [value: 1255.0]
22:57:51.330 [FXGL Background Thread 3 ] DEBUG Engine               - appIcon: fxgl_icon.png
22:57:51.330 [FXGL Background Thread 3 ] DEBUG Engine               - applicationMode: DEVELOPER
22:57:51.330 [FXGL Background Thread 3 ] DEBUG Engine               - cSSList: [fxgl_dark.css]
22:57:51.330 [FXGL Background Thread 3 ] DEBUG Engine               - collisionDetectionStrategy: BRUTE_FORCE
22:57:51.330 [FXGL Background Thread 3 ] DEBUG Engine               - configClass: Optional.empty
22:57:51.330 [FXGL Background Thread 3 ] DEBUG Engine               - credits: []
22:57:51.331 [FXGL Background Thread 3 ] DEBUG Engine               - defaultCursor: CursorInfo(imageName=fxgl_default_cursor.png, hotspotX=7.0, hotspotY=6.0)
22:57:51.331 [FXGL Background Thread 3 ] DEBUG Engine               - devBBoxColorProperty: ObjectProperty [value: 0xff0000ff]
22:57:51.332 [FXGL Background Thread 3 ] DEBUG Engine               - devEnableDebugCameraProperty: BooleanProperty [value: false]
22:57:51.332 [FXGL Background Thread 3 ] DEBUG Engine               - devSensorColorProperty: ObjectProperty [value: 0xffff00ff]
22:57:51.332 [FXGL Background Thread 3 ] DEBUG Engine               - devShowBBoxProperty: BooleanProperty [value: false]
22:57:51.332 [FXGL Background Thread 3 ] DEBUG Engine               - devShowPositionProperty: BooleanProperty [value: false]
22:57:51.332 [FXGL Background Thread 3 ] DEBUG Engine               - enabledMenuItems: []
22:57:51.332 [FXGL Background Thread 3 ] DEBUG Engine               - engineServices: [class com.almasb.fxgl.app.services.FXGLAssetLoaderService, class com.almasb.fxgl.app.FXGLApplication$GameApplicationService, class com.almasb.fxgl.app.services.FXGLDialogService, class com.almasb.fxgl.app.services.IOTaskExecutorService, class com.almasb.fxgl.io.FileSystemService, class com.almasb.fxgl.localization.LocalizationService, class com.almasb.fxgl.app.services.SystemBundleService, class com.almasb.fxgl.profile.SaveLoadService, class com.almasb.fxgl.ui.FXGLUIFactoryServiceProvider, class com.almasb.fxgl.ui.FXGLDialogFactoryServiceProvider, class com.almasb.fxgl.audio.AudioPlayer, class com.almasb.fxgl.notification.impl.NotificationServiceProvider, class com.almasb.fxgl.achievement.AchievementService, class com.almasb.fxgl.cutscene.CutsceneService, class com.almasb.fxgl.minigames.MiniGameService, class com.almasb.fxgl.net.NetService, class com.almasb.fxgl.app.services.UpdaterService, class com.almasb.fxgl.dev.DevService]
22:57:51.332 [FXGL Background Thread 3 ] DEBUG Engine               - fontGame: Abel-Regular.ttf
22:57:51.332 [FXGL Background Thread 3 ] DEBUG Engine               - fontMono: TerminalLandMono-Regular.otf
22:57:51.333 [FXGL Background Thread 3 ] DEBUG Engine               - fontSizeScaleUI: 1.0
22:57:51.333 [FXGL Background Thread 3 ] DEBUG Engine               - fontText: Courier-Prime.ttf
22:57:51.333 [FXGL Background Thread 3 ] DEBUG Engine               - fontUI: VarelaRound-Regular.ttf
22:57:51.334 [FXGL Background Thread 3 ] DEBUG Engine               - fullScreen: BooleanProperty [value: false]
22:57:51.334 [FXGL Background Thread 3 ] DEBUG Engine               - gameDifficulty: MEDIUM
22:57:51.334 [FXGL Background Thread 3 ] DEBUG Engine               - gameDifficultyProperty: ObjectProperty [value: MEDIUM]
22:57:51.334 [FXGL Background Thread 3 ] DEBUG Engine               - globalMusicVolume: 0.5
22:57:51.335 [FXGL Background Thread 3 ] DEBUG Engine               - globalMusicVolumeProperty: DoubleProperty [value: 0.5]
22:57:51.336 [FXGL Background Thread 3 ] DEBUG Engine               - globalSoundVolume: 0.5
22:57:51.337 [FXGL Background Thread 3 ] DEBUG Engine               - globalSoundVolumeProperty: DoubleProperty [value: 0.5]
22:57:51.338 [FXGL Background Thread 3 ] DEBUG Engine               - height: 800
22:57:51.338 [FXGL Background Thread 3 ] DEBUG Engine               - is3D: false
22:57:51.341 [FXGL Background Thread 3 ] DEBUG Engine               - isAndroid: false
22:57:51.342 [FXGL Background Thread 3 ] DEBUG Engine               - isBrowser: false
22:57:51.342 [FXGL Background Thread 3 ] DEBUG Engine               - isClickFeedbackEnabled: false
22:57:51.342 [FXGL Background Thread 3 ] DEBUG Engine               - isCloseConfirmation: false
22:57:51.342 [FXGL Background Thread 3 ] DEBUG Engine               - isDesktop: true
22:57:51.343 [FXGL Background Thread 3 ] DEBUG Engine               - isDeveloperMenuEnabled: false
22:57:51.343 [FXGL Background Thread 3 ] DEBUG Engine               - isEmbedded: false
22:57:51.343 [FXGL Background Thread 3 ] DEBUG Engine               - isEntityPreloadEnabled: true
22:57:51.343 [FXGL Background Thread 3 ] DEBUG Engine               - isExperimentalTiledLargeMap: false
22:57:51.343 [FXGL Background Thread 3 ] DEBUG Engine               - isFileSystemWriteAllowed: true
22:57:51.343 [FXGL Background Thread 3 ] DEBUG Engine               - isFullScreenAllowed: false
22:57:51.343 [FXGL Background Thread 3 ] DEBUG Engine               - isFullScreenFromStart: false
22:57:51.344 [FXGL Background Thread 3 ] DEBUG Engine               - isGameMenuEnabled: true
22:57:51.344 [FXGL Background Thread 3 ] DEBUG Engine               - isIOS: false
22:57:51.344 [FXGL Background Thread 3 ] DEBUG Engine               - isIntroEnabled: false
22:57:51.344 [FXGL Background Thread 3 ] DEBUG Engine               - isLinux: false
22:57:51.344 [FXGL Background Thread 3 ] DEBUG Engine               - isMac: true
22:57:51.344 [FXGL Background Thread 3 ] DEBUG Engine               - isMainMenuEnabled: false
22:57:51.345 [FXGL Background Thread 3 ] DEBUG Engine               - isManualResizeEnabled: false
22:57:51.345 [FXGL Background Thread 3 ] DEBUG Engine               - isMobile: false
22:57:51.345 [FXGL Background Thread 3 ] DEBUG Engine               - isNative: false
22:57:51.345 [FXGL Background Thread 3 ] DEBUG Engine               - isPauseMusicWhenMinimized: true
22:57:51.345 [FXGL Background Thread 3 ] DEBUG Engine               - isPreserveResizeRatio: false
22:57:51.345 [FXGL Background Thread 3 ] DEBUG Engine               - isProfilingEnabled: false
22:57:51.346 [FXGL Background Thread 3 ] DEBUG Engine               - isScaleAffectedOnResize: true
22:57:51.346 [FXGL Background Thread 3 ] DEBUG Engine               - isSingleStep: false
22:57:51.346 [FXGL Background Thread 3 ] DEBUG Engine               - isUserProfileEnabled: false
22:57:51.346 [FXGL Background Thread 3 ] DEBUG Engine               - isWindows: false
22:57:51.346 [FXGL Background Thread 3 ] DEBUG Engine               - language: ObjectProperty [value: ENGLISH]
22:57:51.346 [FXGL Background Thread 3 ] DEBUG Engine               - menuKey: ESCAPE
22:57:51.346 [FXGL Background Thread 3 ] DEBUG Engine               - mouseSensitivity: 0.2
22:57:51.346 [FXGL Background Thread 3 ] DEBUG Engine               - notificationViewClass: class com.almasb.fxgl.notification.view.XboxNotificationView
22:57:51.347 [FXGL Background Thread 3 ] DEBUG Engine               - pixelsPerMeter: 50.0
22:57:51.347 [FXGL Background Thread 3 ] DEBUG Engine               - platform: MAC
22:57:51.348 [FXGL Background Thread 3 ] DEBUG Engine               - prefHeightProperty: ReadOnlyDoubleProperty [value: 800.0]
22:57:51.348 [FXGL Background Thread 3 ] DEBUG Engine               - prefWidthProperty: ReadOnlyDoubleProperty [value: 1550.0]
22:57:51.348 [FXGL Background Thread 3 ] DEBUG Engine               - profileDir: profiles/
22:57:51.348 [FXGL Background Thread 3 ] DEBUG Engine               - profileName: StringProperty [value: DEFAULT]
22:57:51.348 [FXGL Background Thread 3 ] DEBUG Engine               - randomSeed: -1
22:57:51.349 [FXGL Background Thread 3 ] DEBUG Engine               - runtimeInfo: RuntimeInfo(platform=MAC, version=21.1, build=27.03.2024 07.52)
22:57:51.349 [FXGL Background Thread 3 ] DEBUG Engine               - saveFileExt: sav
22:57:51.350 [FXGL Background Thread 3 ] DEBUG Engine               - scaledHeightProp$fxgl: DoubleProperty [bound, value: 660.0]
22:57:51.350 [FXGL Background Thread 3 ] DEBUG Engine               - scaledWidthProp$fxgl: DoubleProperty [bound, value: 1255.0]
22:57:51.350 [FXGL Background Thread 3 ] DEBUG Engine               - sceneFactory: com.almasb.fxgl.app.scene.SceneFactory@5feaac0
22:57:51.350 [FXGL Background Thread 3 ] DEBUG Engine               - secondsIn24h: 60
22:57:51.352 [FXGL Background Thread 3 ] DEBUG Engine               - soundMenuBack: menu/back.wav
22:57:51.352 [FXGL Background Thread 3 ] DEBUG Engine               - soundMenuPress: menu/press.wav
22:57:51.353 [FXGL Background Thread 3 ] DEBUG Engine               - soundMenuSelect: menu/select.wav
22:57:51.353 [FXGL Background Thread 3 ] DEBUG Engine               - soundNotification: core/notification.wav
22:57:51.353 [FXGL Background Thread 3 ] DEBUG Engine               - stageStyle: DECORATED
22:57:51.354 [FXGL Background Thread 3 ] DEBUG Engine               - supportedLanguages: [ENGLISH, FRENCH, GERMAN, HUNGARIAN, RUSSIAN]
22:57:51.354 [FXGL Background Thread 3 ] DEBUG Engine               - ticksPerSecond: -1
22:57:51.354 [FXGL Background Thread 3 ] DEBUG Engine               - title: TypeWiz
22:57:51.354 [FXGL Background Thread 3 ] DEBUG Engine               - urlGithub: https://github.com/AlmasB/FXGL
22:57:51.354 [FXGL Background Thread 3 ] DEBUG Engine               - urlLeaderboard: http://fxgl-top.herokuapp.com/
22:57:51.354 [FXGL Background Thread 3 ] DEBUG Engine               - urlPOM: https://raw.githubusercontent.com/AlmasB/FXGL/release/README.md
22:57:51.355 [FXGL Background Thread 3 ] DEBUG Engine               - userAppClass: class com.oop2.typewiz.TypeWizApp
22:57:51.355 [FXGL Background Thread 3 ] DEBUG Engine               - version: 0.0
22:57:51.356 [FXGL Background Thread 3 ] DEBUG Engine               - versionCheckDays: 7
22:57:51.357 [FXGL Background Thread 3 ] DEBUG Engine               - width: 1550
22:57:51.357 [FXGL Background Thread 3 ] DEBUG Engine               - Logging services
22:57:51.358 [FXGL Background Thread 3 ] DEBUG Engine               - class com.almasb.fxgl.app.services.FXGLAssetLoaderService
22:57:51.359 [FXGL Background Thread 3 ] DEBUG Engine               - class com.almasb.fxgl.app.FXGLApplication$GameApplicationService
22:57:51.359 [FXGL Background Thread 3 ] DEBUG Engine               - class com.almasb.fxgl.app.services.FXGLDialogService
22:57:51.359 [FXGL Background Thread 3 ] DEBUG Engine               - class com.almasb.fxgl.app.services.IOTaskExecutorService
22:57:51.359 [FXGL Background Thread 3 ] DEBUG Engine               - class com.almasb.fxgl.io.FileSystemService
22:57:51.360 [FXGL Background Thread 3 ] DEBUG Engine               - class com.almasb.fxgl.localization.LocalizationService
22:57:51.360 [FXGL Background Thread 3 ] DEBUG Engine               - class com.almasb.fxgl.app.services.SystemBundleService
22:57:51.361 [FXGL Background Thread 3 ] DEBUG Engine               - class com.almasb.fxgl.profile.SaveLoadService
22:57:51.361 [FXGL Background Thread 3 ] DEBUG Engine               - class com.almasb.fxgl.ui.FXGLUIFactoryServiceProvider
22:57:51.361 [FXGL Background Thread 3 ] DEBUG Engine               - class com.almasb.fxgl.ui.FXGLDialogFactoryServiceProvider
22:57:51.361 [FXGL Background Thread 3 ] DEBUG Engine               - class com.almasb.fxgl.audio.AudioPlayer
22:57:51.361 [FXGL Background Thread 3 ] DEBUG Engine               - class com.almasb.fxgl.notification.impl.NotificationServiceProvider
22:57:51.361 [FXGL Background Thread 3 ] DEBUG Engine               - class com.almasb.fxgl.achievement.AchievementService
22:57:51.361 [FXGL Background Thread 3 ] DEBUG Engine               - class com.almasb.fxgl.cutscene.CutsceneService
22:57:51.361 [FXGL Background Thread 3 ] DEBUG Engine               - class com.almasb.fxgl.minigames.MiniGameService
22:57:51.361 [FXGL Background Thread 3 ] DEBUG Engine               - class com.almasb.fxgl.net.NetService
22:57:51.361 [FXGL Background Thread 3 ] DEBUG Engine               - class com.almasb.fxgl.app.services.UpdaterService
22:57:51.361 [FXGL Background Thread 3 ] DEBUG Engine               - class com.almasb.fxgl.dev.DevService
22:57:57.216 [JavaFX Application Thread] DEBUG FXGLApplication      - Exiting FXGL
22:57:57.217 [JavaFX Application Thread] DEBUG LoopRunner           - Stopping loop
22:57:57.217 [JavaFX Application Thread] DEBUG SystemBundleService  - Saving FXGL system data
22:57:57.220 [JavaFX Application Thread] DEBUG FileSystemAccess     - Writing to: /Users/archiecabiso/Documents/2nd Year - CS/2nd Sem/CSIT228/OOP2-Capstone/system/fxgl.bundle
22:57:57.223 [JavaFX Application Thread] DEBUG Async                - Shutting down background threads
22:57:57.224 [JavaFX Application Thread] DEBUG PrimaryStageWindow   - Closing main window
22:57:57.232 [JavaFX Application Thread] DEBUG Logger               - Closing Logger
