04:10:22.129 [main                     ] DEBUG Logger               - Configured Logger
04:10:22.152 [main                     ] DEBUG GameApplication      - Logging settings
Title: TypeWiz - Winter Theme
Version: 0.0
Width: 1280
Height: 720
Fullscreen: false
Intro: false
Profiling: false
Single step:false
App Mode: DEVELOPER
Menu Key: ESCAPE
Stage Style: DECORATED
Scene Factory: class com.almasb.fxgl.app.scene.SceneFactory

04:10:22.407 [JavaFX Application Thread] DEBUG FXGLApplication      - Initializing FXGL
04:10:22.410 [JavaFX Application Thread] INFO  Engine               - FXGL-21.1 (27.03.2024 07.52) on WINDOWS (J:21.0.3 FX:19)
04:10:22.411 [JavaFX Application Thread] DEBUG Engine               - JRE Vendor Name: Oracle Corporation
04:10:22.411 [JavaFX Application Thread] DEBUG Engine               - Running on OS: Windows 11 version 10.0
04:10:22.411 [JavaFX Application Thread] DEBUG Engine               - Architecture: amd64
04:10:22.411 [JavaFX Application Thread] INFO  Engine               - Source code and latest versions at: https://github.com/AlmasB/FXGL
04:10:22.411 [JavaFX Application Thread] INFO  Engine               -       Ask questions and discuss at: https://github.com/AlmasB/FXGL/discussions
04:10:22.412 [JavaFX Application Thread] INFO  Engine               -              Join the FXGL chat at: https://gitter.im/AlmasB/FXGL
04:10:22.478 [JavaFX Application Thread] DEBUG PrimaryStageWindow   - Creating a JavaFX scene
04:10:22.512 [JavaFX Application Thread] DEBUG PrimaryStageWindow   - Target settings size: 1280.0 x 720.0
04:10:22.513 [JavaFX Application Thread] DEBUG PrimaryStageWindow   - Scaled scene size:    1280.0 x 720.0
04:10:22.513 [JavaFX Application Thread] DEBUG PrimaryStageWindow   - Scaled ratio: (1.0, 1.0)
04:10:22.513 [JavaFX Application Thread] DEBUG PrimaryStageWindow   - Set initial scene to FXGLStartupScene
04:10:22.516 [JavaFX Application Thread] DEBUG PrimaryStageWindow   - Opening main window
04:10:22.581 [JavaFX Application Thread] DEBUG PrimaryStageWindow   - Window border size: (14.4000244140625, 37.5999755859375)
04:10:22.581 [JavaFX Application Thread] DEBUG PrimaryStageWindow   - Scaled size: 1280.0 x 720.0
04:10:22.581 [JavaFX Application Thread] DEBUG PrimaryStageWindow   - Scaled ratio: (1.0, 1.0)
04:10:22.582 [JavaFX Application Thread] DEBUG PrimaryStageWindow   - Scene size: 1280.0 x 720.0
04:10:22.582 [JavaFX Application Thread] DEBUG PrimaryStageWindow   - Stage size: 1294.4000244140625 x 757.5999755859375
04:10:22.588 [FXGL Background Thread 1 ] DEBUG Engine               - Initializing environment variables
04:10:22.631 [FXGL Background Thread 1 ] DEBUG FXGLAssetLoaderServi - User app class for loading assets: class com.oop2.typewiz.GameplayComponents.Game
04:10:22.631 [FXGL Background Thread 1 ] DEBUG GameApplicationServi - Applying CSS: fxgl_dark.css
04:10:22.632 [FXGL Background Thread 1 ] DEBUG FXGLAssetLoaderServi - Loading from file system: jar:file:///C:/Users/Ruhmer%20Jairus/.m2/repository/com/github/almasb/fxgl/21.1/fxgl-21.1.jar!/fxglassets/ui/css/fxgl_dark.css
04:10:22.670 [FXGL Background Thread 1 ] DEBUG GameApplicationServi - Initializing application scenes
04:10:22.722 [FXGL Background Thread 1 ] DEBUG GameWorld            - Game world initialized
04:10:22.780 [FXGL Background Thread 1 ] DEBUG PhysicsWorld         - Physics world initialized: appHeight=720, physics.ppm=50.0
04:10:22.780 [FXGL Background Thread 1 ] DEBUG PhysicsWorld         - Using strategy: BRUTE_FORCE
04:10:22.784 [FXGL Background Thread 1 ] DEBUG GameScene            - Game scene initialized: 1280x720
04:10:22.792 [FXGL Background Thread 1 ] DEBUG FXGL.DefaultMenu     - createMenuBodyGameMenu()
04:10:22.801 [FXGL Background Thread 1 ] DEBUG FXGL.DefaultMenu     - createOptionsMenu()
04:10:22.808 [FXGL Background Thread 1 ] DEBUG FXGLAssetLoaderServi - Loading from file system: jar:file:///C:/Users/Ruhmer%20Jairus/.m2/repository/com/github/almasb/fxgl/21.1/fxgl-21.1.jar!/fxglassets/textures/particles/smoke.png
04:10:22.897 [FXGL Background Thread 1 ] DEBUG FXGLAssetLoaderServi - Loading from file system: jar:file:///C:/Users/Ruhmer%20Jairus/.m2/repository/com/github/almasb/fxgl/21.1/fxgl-21.1.jar!/fxglassets/textures/particles/trace_horizontal.png
04:10:22.921 [FXGL Background Thread 1 ] DEBUG GameApplicationServi - Application scenes initialized
04:10:22.933 [FXGL Background Thread 1 ] DEBUG SystemBundleService  - Loading FXGL system data
04:10:22.937 [FXGL Background Thread 1 ] DEBUG FileSystemAccess     - Reading from: C:\Users\Ruhmer Jairus\OOP2-Capstone\system\fxgl.bundle
04:10:22.945 [FXGL Background Thread 1 ] DEBUG SystemBundleService  - Bundle FXGL: {}
04:10:22.945 [FXGL Background Thread 1 ] DEBUG UpdaterService       - Checking for updates
04:10:22.948 [FXGL Background Thread 4 ] DEBUG FXGLApplication      - Loading fonts
04:10:22.948 [FXGL Background Thread 4 ] DEBUG FXGLAssetLoaderServi - Loading from file system: jar:file:///C:/Users/Ruhmer%20Jairus/.m2/repository/com/github/almasb/fxgl/21.1/fxgl-21.1.jar!/fxglassets/ui/fonts/VarelaRound-Regular.ttf
04:10:22.948 [FXGL Background Thread 1 ] DEBUG FXGLApplication      - Loading default localization
04:10:22.949 [FXGL Background Thread 1 ] DEBUG FXGLAssetLoaderServi - Loading from file system: jar:file:///C:/Users/Ruhmer%20Jairus/.m2/repository/com/github/almasb/fxgl/21.1/fxgl-21.1.jar!/fxglassets/languages/english.lang
04:10:22.983 [FXGL Background Thread 4 ] DEBUG FXGLAssetLoaderServi - Loading from file system: jar:file:///C:/Users/Ruhmer%20Jairus/.m2/repository/com/github/almasb/fxgl/21.1/fxgl-21.1.jar!/fxglassets/ui/fonts/Abel-Regular.ttf
04:10:22.986 [FXGL Background Thread 4 ] DEBUG FXGLAssetLoaderServi - Loading from file system: jar:file:///C:/Users/Ruhmer%20Jairus/.m2/repository/com/github/almasb/fxgl/21.1/fxgl-21.1.jar!/fxglassets/ui/fonts/TerminalLandMono-Regular.otf
04:10:22.989 [FXGL Background Thread 1 ] INFO  FXGLApplication      - FXGL initialization took: 0.401 sec
04:10:22.989 [FXGL Background Thread 4 ] DEBUG FXGLAssetLoaderServi - Loading from file system: jar:file:///C:/Users/Ruhmer%20Jairus/.m2/repository/com/github/almasb/fxgl/21.1/fxgl-21.1.jar!/fxglassets/ui/fonts/Courier-Prime.ttf
04:10:22.990 [JavaFX Application Thread] DEBUG FXGLAssetLoaderServi - Loading from file system: jar:file:///C:/Users/Ruhmer%20Jairus/.m2/repository/com/github/almasb/fxgl/21.1/fxgl-21.1.jar!/fxglassets/textures/fxgl_icon.png
04:10:23.007 [JavaFX Application Thread] DEBUG FXGLAssetLoaderServi - Loading from file system: jar:file:///C:/Users/Ruhmer%20Jairus/.m2/repository/com/github/almasb/fxgl/21.1/fxgl-21.1.jar!/fxglassets/textures/fxgl_default_cursor.png
04:10:23.020 [JavaFX Application Thread] DEBUG Input                - Registered new binding: Screenshot - CTRL+8
04:10:23.021 [JavaFX Application Thread] DEBUG Input                - Registered new binding: System info dump - CTRL+9
04:10:23.021 [JavaFX Application Thread] DEBUG Input                - Registered new binding: Restart - CTRL+R
04:10:23.023 [JavaFX Application Thread] DEBUG Input                - Registered new binding: Toggle Debug Camera - CTRL+7
04:10:23.029 [JavaFX Application Thread] DEBUG LoopRunner           - Starting loop
04:10:23.029 [JavaFX Application Thread] DEBUG LoopRunner           - Initializing JavaFX AnimationTimerLoop
04:10:23.032 [JavaFX Application Thread] DEBUG GameApplicationServi - Starting new game
04:10:23.033 [JavaFX Application Thread] DEBUG Input                - Clearing active input actions
04:10:23.048 [JavaFX Application Thread] DEBUG GameApplicationServi - Removing overlay from FXGLStartupScene and adding to FXGLLoadingScene
04:10:23.049 [JavaFX Application Thread] DEBUG PrimaryStageWindow   - FXGLStartupScene -> FXGLLoadingScene
04:10:23.049 [JavaFX Application Thread] DEBUG GameApplicationServi - Clearing previous game
04:10:23.049 [JavaFX Application Thread] DEBUG GameScene            - Clearing game scene
04:10:23.049 [JavaFX Application Thread] DEBUG GameWorld            - Clearing game world
04:10:23.049 [JavaFX Application Thread] DEBUG PhysicsWorld         - Clearing physics world
04:10:23.052 [FXGL Background Thread 4 ] DEBUG FXGLApplication      - Initializing game
04:10:23.052 [JavaFX Application Thread] DEBUG FXGLApplication      - Registering font factories with UI factory
04:10:23.054 [FXGL Background Thread 4 ] DEBUG FXGLAssetLoaderServi - Loading from file system: file:/C:/Users/Ruhmer%20Jairus/OOP2-Capstone/target/classes/assets/textures/background-and-platforms/bg-winter_1280_720.png
04:10:23.100 [FXGL Background Thread 4 ] DEBUG FXGLAssetLoaderServi - Loading from file system: file:/C:/Users/Ruhmer%20Jairus/OOP2-Capstone/target/classes/assets/textures/background-and-platforms/hdlargerplatform-winter.png
04:10:23.200 [FXGL Background Thread 4 ] INFO  FXGLApplication      - Game initialization took: 0.148 sec
04:10:23.214 [JavaFX Application Thread] DEBUG Input                - Clearing active input actions
04:10:23.221 [JavaFX Application Thread] DEBUG GameApplicationServi - Removing overlay from FXGLLoadingScene and adding to GameScene
04:10:23.222 [JavaFX Application Thread] DEBUG PrimaryStageWindow   - FXGLLoadingScene -> GameScene
04:10:25.354 [JavaFX Application Thread] DEBUG FXGLApplication      - Exiting FXGL
04:10:25.354 [JavaFX Application Thread] DEBUG LoopRunner           - Stopping loop
04:10:25.354 [JavaFX Application Thread] DEBUG SystemBundleService  - Saving FXGL system data
04:10:25.357 [JavaFX Application Thread] DEBUG FileSystemAccess     - Writing to: C:\Users\Ruhmer Jairus\OOP2-Capstone\system\fxgl.bundle
04:10:25.359 [JavaFX Application Thread] DEBUG Async                - Shutting down background threads
04:10:25.359 [JavaFX Application Thread] DEBUG PrimaryStageWindow   - Closing main window
04:10:25.370 [JavaFX Application Thread] DEBUG Logger               - Closing Logger
