01:01:44.258 [main                     ] DEBUG Logger               - Configured Logger
01:01:44.280 [main                     ] DEBUG GameApplication      - Logging settings
Title: TypeWiz - Winter Theme
Version: 0.0
Width: 1280
Height: 720
Fullscreen: true
Intro: false
Profiling: false
Single step:false
App Mode: DEVELOPER
Menu Key: ESCAPE
Stage Style: DECORATED
Scene Factory: class com.almasb.fxgl.app.scene.SceneFactory

01:01:44.529 [JavaFX Application Thread] DEBUG FXGLApplication      - Initializing FXGL
01:01:44.532 [JavaFX Application Thread] INFO  Engine               - FXGL-21.1 (27.03.2024 07.52) on WINDOWS (J:21.0.3 FX:19)
01:01:44.532 [JavaFX Application Thread] DEBUG Engine               - JRE Vendor Name: Oracle Corporation
01:01:44.533 [JavaFX Application Thread] DEBUG Engine               - Running on OS: Windows 11 version 10.0
01:01:44.533 [JavaFX Application Thread] DEBUG Engine               - Architecture: amd64
01:01:44.533 [JavaFX Application Thread] INFO  Engine               - Source code and latest versions at: https://github.com/AlmasB/FXGL
01:01:44.533 [JavaFX Application Thread] INFO  Engine               -       Ask questions and discuss at: https://github.com/AlmasB/FXGL/discussions
01:01:44.533 [JavaFX Application Thread] INFO  Engine               -              Join the FXGL chat at: https://gitter.im/AlmasB/FXGL
01:01:44.598 [JavaFX Application Thread] DEBUG PrimaryStageWindow   - Creating a JavaFX scene
01:01:44.635 [JavaFX Application Thread] DEBUG PrimaryStageWindow   - Target settings size: 1280.0 x 720.0
01:01:44.635 [JavaFX Application Thread] DEBUG PrimaryStageWindow   - Scaled scene size:    1280.0 x 720.0
01:01:44.635 [JavaFX Application Thread] DEBUG PrimaryStageWindow   - Scaled ratio: (1.0, 1.0)
01:01:44.636 [JavaFX Application Thread] DEBUG PrimaryStageWindow   - Set initial scene to FXGLStartupScene
01:01:44.639 [JavaFX Application Thread] DEBUG PrimaryStageWindow   - Opening main window
01:01:44.700 [JavaFX Application Thread] DEBUG PrimaryStageWindow   - Window border size: (14.4000244140625, 37.5999755859375)
01:01:44.701 [JavaFX Application Thread] DEBUG PrimaryStageWindow   - Scaled size: 1280.0 x 720.0
01:01:44.701 [JavaFX Application Thread] DEBUG PrimaryStageWindow   - Scaled ratio: (1.0, 1.0)
01:01:44.701 [JavaFX Application Thread] DEBUG PrimaryStageWindow   - Scene size: 1280.0 x 720.0
01:01:44.701 [JavaFX Application Thread] DEBUG PrimaryStageWindow   - Stage size: 1294.4000244140625 x 757.5999755859375
01:01:44.758 [JavaFX Application Thread] DEBUG PrimaryStageWindow   - Going fullscreen
01:01:44.764 [FXGL Background Thread 1 ] DEBUG Engine               - Initializing environment variables
01:01:44.804 [FXGL Background Thread 1 ] DEBUG FXGLAssetLoaderServi - User app class for loading assets: class com.oop2.typewiz.GameplayComponents.Game
01:01:44.804 [FXGL Background Thread 1 ] DEBUG GameApplicationServi - Applying CSS: fxgl_dark.css
01:01:44.805 [FXGL Background Thread 1 ] DEBUG FXGLAssetLoaderServi - Loading from file system: jar:file:///C:/Users/Ruhmer%20Jairus/.m2/repository/com/github/almasb/fxgl/21.1/fxgl-21.1.jar!/fxglassets/ui/css/fxgl_dark.css
01:01:44.840 [FXGL Background Thread 1 ] DEBUG GameApplicationServi - Initializing application scenes
01:01:44.889 [FXGL Background Thread 1 ] DEBUG GameWorld            - Game world initialized
01:01:44.947 [FXGL Background Thread 1 ] DEBUG PhysicsWorld         - Physics world initialized: appHeight=720, physics.ppm=50.0
01:01:44.947 [FXGL Background Thread 1 ] DEBUG PhysicsWorld         - Using strategy: BRUTE_FORCE
01:01:44.950 [FXGL Background Thread 1 ] DEBUG GameScene            - Game scene initialized: 1280x720
01:01:44.951 [FXGL Background Thread 1 ] DEBUG GameApplicationServi - Application scenes initialized
01:01:44.963 [FXGL Background Thread 1 ] DEBUG SystemBundleService  - Loading FXGL system data
01:01:44.965 [FXGL Background Thread 1 ] DEBUG FileSystemAccess     - Reading from: C:\Users\Ruhmer Jairus\OOP2-Capstone\system\fxgl.bundle
01:01:44.972 [FXGL Background Thread 1 ] DEBUG SystemBundleService  - Bundle FXGL: {}
01:01:44.972 [FXGL Background Thread 1 ] DEBUG UpdaterService       - Checking for updates
01:01:44.977 [FXGL Background Thread 4 ] DEBUG FXGLApplication      - Loading fonts
01:01:44.978 [FXGL Background Thread 4 ] DEBUG FXGLAssetLoaderServi - Loading from file system: jar:file:///C:/Users/Ruhmer%20Jairus/.m2/repository/com/github/almasb/fxgl/21.1/fxgl-21.1.jar!/fxglassets/ui/fonts/VarelaRound-Regular.ttf
01:01:44.978 [FXGL Background Thread 1 ] DEBUG FXGLApplication      - Loading default localization
01:01:44.978 [FXGL Background Thread 1 ] DEBUG FXGLAssetLoaderServi - Loading from file system: jar:file:///C:/Users/Ruhmer%20Jairus/.m2/repository/com/github/almasb/fxgl/21.1/fxgl-21.1.jar!/fxglassets/languages/english.lang
01:01:45.010 [FXGL Background Thread 4 ] DEBUG FXGLAssetLoaderServi - Loading from file system: jar:file:///C:/Users/Ruhmer%20Jairus/.m2/repository/com/github/almasb/fxgl/21.1/fxgl-21.1.jar!/fxglassets/ui/fonts/Abel-Regular.ttf
01:01:45.012 [FXGL Background Thread 4 ] DEBUG FXGLAssetLoaderServi - Loading from file system: jar:file:///C:/Users/Ruhmer%20Jairus/.m2/repository/com/github/almasb/fxgl/21.1/fxgl-21.1.jar!/fxglassets/ui/fonts/TerminalLandMono-Regular.otf
01:01:45.016 [FXGL Background Thread 4 ] DEBUG FXGLAssetLoaderServi - Loading from file system: jar:file:///C:/Users/Ruhmer%20Jairus/.m2/repository/com/github/almasb/fxgl/21.1/fxgl-21.1.jar!/fxglassets/ui/fonts/Courier-Prime.ttf
01:01:45.016 [FXGL Background Thread 1 ] INFO  FXGLApplication      - FXGL initialization took: 0.252 sec
01:01:45.017 [JavaFX Application Thread] DEBUG FXGLAssetLoaderServi - Loading from file system: jar:file:///C:/Users/Ruhmer%20Jairus/.m2/repository/com/github/almasb/fxgl/21.1/fxgl-21.1.jar!/fxglassets/textures/fxgl_icon.png
01:01:45.046 [JavaFX Application Thread] DEBUG FXGLAssetLoaderServi - Loading from file system: jar:file:///C:/Users/Ruhmer%20Jairus/.m2/repository/com/github/almasb/fxgl/21.1/fxgl-21.1.jar!/fxglassets/textures/fxgl_default_cursor.png
01:01:45.054 [JavaFX Application Thread] DEBUG Input                - Registered new binding: Screenshot - CTRL+8
01:01:45.054 [JavaFX Application Thread] DEBUG Input                - Registered new binding: System info dump - CTRL+9
01:01:45.054 [JavaFX Application Thread] DEBUG Input                - Registered new binding: Restart - CTRL+R
01:01:45.054 [JavaFX Application Thread] DEBUG Input                - Registered new binding: Toggle Debug Camera - CTRL+7
01:01:45.058 [JavaFX Application Thread] DEBUG LoopRunner           - Starting loop
01:01:45.059 [JavaFX Application Thread] DEBUG LoopRunner           - Initializing JavaFX AnimationTimerLoop
01:01:45.061 [JavaFX Application Thread] DEBUG GameApplicationServi - Starting new game
01:01:45.062 [JavaFX Application Thread] DEBUG Input                - Clearing active input actions
01:01:45.075 [JavaFX Application Thread] DEBUG GameApplicationServi - Removing overlay from FXGLStartupScene and adding to FXGLLoadingScene
01:01:45.076 [JavaFX Application Thread] DEBUG PrimaryStageWindow   - FXGLStartupScene -> FXGLLoadingScene
01:01:45.076 [JavaFX Application Thread] DEBUG GameApplicationServi - Clearing previous game
01:01:45.076 [JavaFX Application Thread] DEBUG GameScene            - Clearing game scene
01:01:45.076 [JavaFX Application Thread] DEBUG GameWorld            - Clearing game world
01:01:45.076 [JavaFX Application Thread] DEBUG PhysicsWorld         - Clearing physics world
01:01:45.081 [FXGL Background Thread 4 ] DEBUG FXGLApplication      - Initializing game
01:01:45.081 [JavaFX Application Thread] DEBUG FXGLApplication      - Registering font factories with UI factory
01:01:45.105 [FXGL Background Thread 4 ] DEBUG FXGLAssetLoaderServi - Loading from file system: file:/C:/Users/Ruhmer%20Jairus/OOP2-Capstone/target/classes/assets/textures/background-and-platforms/bg-midnightpurple_1280_720.png
01:01:45.190 [FXGL Background Thread 4 ] DEBUG FXGLAssetLoaderServi - Loading from file system: file:/C:/Users/Ruhmer%20Jairus/OOP2-Capstone/target/classes/assets/textures/background-and-platforms/hdlargerplatform-purple.png
01:01:45.279 [FXGL Background Thread 4 ] DEBUG FXGLAssetLoaderServi - Loading from file system: file:/C:/Users/Ruhmer%20Jairus/OOP2-Capstone/target/classes/assets/textures/wizard/wizard.png
01:01:45.412 [FXGL Background Thread 4 ] DEBUG FXGLAssetLoaderServi - Loading from file system: file:/C:/Users/Ruhmer%20Jairus/OOP2-Capstone/target/classes/assets/textures/mobs/gargoyle/gargoyle.png
01:01:45.463 [FXGL Background Thread 4 ] DEBUG FXGLAssetLoaderServi - Loading from file system: file:/C:/Users/Ruhmer%20Jairus/OOP2-Capstone/target/classes/assets/textures/mobs/grimouge/grimouge.png
01:01:45.505 [FXGL Background Thread 4 ] DEBUG FXGLAssetLoaderServi - Loading from file system: file:/C:/Users/Ruhmer%20Jairus/OOP2-Capstone/target/classes/assets/textures/mobs/vyleye/vyleye.png
01:01:45.567 [FXGL Background Thread 4 ] INFO  FXGLApplication      - Game initialization took: 0.487 sec
01:01:45.568 [JavaFX Application Thread] DEBUG Input                - Clearing active input actions
01:01:45.579 [JavaFX Application Thread] DEBUG GameApplicationServi - Removing overlay from FXGLLoadingScene and adding to GameScene
01:01:45.579 [JavaFX Application Thread] DEBUG PrimaryStageWindow   - FXGLLoadingScene -> GameScene
01:01:47.977 [FXGL Background Thread 3 ] DEBUG Engine               - Logging environment variables
01:01:47.977 [FXGL Background Thread 3 ] DEBUG Engine               - achievements: []
01:01:47.977 [FXGL Background Thread 3 ] DEBUG Engine               - actualHeight: 864.0
01:01:47.977 [FXGL Background Thread 3 ] DEBUG Engine               - actualHeightProperty: ReadOnlyDoubleProperty [value: 864.0]
01:01:47.977 [FXGL Background Thread 3 ] DEBUG Engine               - actualWidth: 1536.0
01:01:47.977 [FXGL Background Thread 3 ] DEBUG Engine               - actualWidthProperty: ReadOnlyDoubleProperty [value: 1536.0]
01:01:47.977 [FXGL Background Thread 3 ] DEBUG Engine               - appIcon: fxgl_icon.png
01:01:47.977 [FXGL Background Thread 3 ] DEBUG Engine               - applicationMode: DEVELOPER
01:01:47.978 [FXGL Background Thread 3 ] DEBUG Engine               - cSSList: [fxgl_dark.css]
01:01:47.978 [FXGL Background Thread 3 ] DEBUG Engine               - collisionDetectionStrategy: BRUTE_FORCE
01:01:47.978 [FXGL Background Thread 3 ] DEBUG Engine               - configClass: Optional.empty
01:01:47.978 [FXGL Background Thread 3 ] DEBUG Engine               - credits: []
01:01:47.979 [FXGL Background Thread 3 ] DEBUG Engine               - defaultCursor: CursorInfo(imageName=fxgl_default_cursor.png, hotspotX=7.0, hotspotY=6.0)
01:01:47.979 [FXGL Background Thread 3 ] DEBUG Engine               - devBBoxColorProperty: ObjectProperty [value: 0xff0000ff]
01:01:47.980 [FXGL Background Thread 3 ] DEBUG Engine               - devEnableDebugCameraProperty: BooleanProperty [value: false]
01:01:47.980 [FXGL Background Thread 3 ] DEBUG Engine               - devSensorColorProperty: ObjectProperty [value: 0xffff00ff]
01:01:47.980 [FXGL Background Thread 3 ] DEBUG Engine               - devShowBBoxProperty: BooleanProperty [value: false]
01:01:47.980 [FXGL Background Thread 3 ] DEBUG Engine               - devShowPositionProperty: BooleanProperty [value: false]
01:01:47.980 [FXGL Background Thread 3 ] DEBUG Engine               - enabledMenuItems: []
01:01:47.980 [FXGL Background Thread 3 ] DEBUG Engine               - engineServices: [class com.almasb.fxgl.app.services.FXGLAssetLoaderService, class com.almasb.fxgl.app.FXGLApplication$GameApplicationService, class com.almasb.fxgl.app.services.FXGLDialogService, class com.almasb.fxgl.app.services.IOTaskExecutorService, class com.almasb.fxgl.io.FileSystemService, class com.almasb.fxgl.localization.LocalizationService, class com.almasb.fxgl.app.services.SystemBundleService, class com.almasb.fxgl.profile.SaveLoadService, class com.almasb.fxgl.ui.FXGLUIFactoryServiceProvider, class com.almasb.fxgl.ui.FXGLDialogFactoryServiceProvider, class com.almasb.fxgl.audio.AudioPlayer, class com.almasb.fxgl.notification.impl.NotificationServiceProvider, class com.almasb.fxgl.achievement.AchievementService, class com.almasb.fxgl.cutscene.CutsceneService, class com.almasb.fxgl.minigames.MiniGameService, class com.almasb.fxgl.net.NetService, class com.almasb.fxgl.app.services.UpdaterService, class com.almasb.fxgl.dev.DevService]
01:01:47.980 [FXGL Background Thread 3 ] DEBUG Engine               - fontGame: Abel-Regular.ttf
01:01:47.980 [FXGL Background Thread 3 ] DEBUG Engine               - fontMono: TerminalLandMono-Regular.otf
01:01:47.980 [FXGL Background Thread 3 ] DEBUG Engine               - fontSizeScaleUI: 1.0
01:01:47.980 [FXGL Background Thread 3 ] DEBUG Engine               - fontText: Courier-Prime.ttf
01:01:47.980 [FXGL Background Thread 3 ] DEBUG Engine               - fontUI: VarelaRound-Regular.ttf
01:01:47.980 [FXGL Background Thread 3 ] DEBUG Engine               - fullScreen: BooleanProperty [value: true]
01:01:47.980 [FXGL Background Thread 3 ] DEBUG Engine               - gameDifficulty: MEDIUM
01:01:47.980 [FXGL Background Thread 3 ] DEBUG Engine               - gameDifficultyProperty: ObjectProperty [value: MEDIUM]
01:01:47.980 [FXGL Background Thread 3 ] DEBUG Engine               - globalMusicVolume: 0.5
01:01:47.980 [FXGL Background Thread 3 ] DEBUG Engine               - globalMusicVolumeProperty: DoubleProperty [value: 0.5]
01:01:47.980 [FXGL Background Thread 3 ] DEBUG Engine               - globalSoundVolume: 0.5
01:01:47.980 [FXGL Background Thread 3 ] DEBUG Engine               - globalSoundVolumeProperty: DoubleProperty [value: 0.5]
01:01:47.980 [FXGL Background Thread 3 ] DEBUG Engine               - height: 720
01:01:47.981 [FXGL Background Thread 3 ] DEBUG Engine               - is3D: false
01:01:47.981 [FXGL Background Thread 3 ] DEBUG Engine               - isAndroid: false
01:01:47.981 [FXGL Background Thread 3 ] DEBUG Engine               - isBrowser: false
01:01:47.981 [FXGL Background Thread 3 ] DEBUG Engine               - isClickFeedbackEnabled: false
01:01:47.981 [FXGL Background Thread 3 ] DEBUG Engine               - isCloseConfirmation: false
01:01:47.981 [FXGL Background Thread 3 ] DEBUG Engine               - isDesktop: true
01:01:47.981 [FXGL Background Thread 3 ] DEBUG Engine               - isDeveloperMenuEnabled: false
01:01:47.981 [FXGL Background Thread 3 ] DEBUG Engine               - isEmbedded: false
01:01:47.981 [FXGL Background Thread 3 ] DEBUG Engine               - isEntityPreloadEnabled: true
01:01:47.981 [FXGL Background Thread 3 ] DEBUG Engine               - isExperimentalTiledLargeMap: false
01:01:47.981 [FXGL Background Thread 3 ] DEBUG Engine               - isFileSystemWriteAllowed: true
01:01:47.981 [FXGL Background Thread 3 ] DEBUG Engine               - isFullScreenAllowed: true
01:01:47.981 [FXGL Background Thread 3 ] DEBUG Engine               - isFullScreenFromStart: true
01:01:47.981 [FXGL Background Thread 3 ] DEBUG Engine               - isGameMenuEnabled: false
01:01:47.981 [FXGL Background Thread 3 ] DEBUG Engine               - isIOS: false
01:01:47.981 [FXGL Background Thread 3 ] DEBUG Engine               - isIntroEnabled: false
01:01:47.981 [FXGL Background Thread 3 ] DEBUG Engine               - isLinux: false
01:01:47.982 [FXGL Background Thread 3 ] DEBUG Engine               - isMac: false
01:01:47.982 [FXGL Background Thread 3 ] DEBUG Engine               - isMainMenuEnabled: false
01:01:47.982 [FXGL Background Thread 3 ] DEBUG Engine               - isManualResizeEnabled: true
01:01:47.982 [FXGL Background Thread 3 ] DEBUG Engine               - isMobile: false
01:01:47.982 [FXGL Background Thread 3 ] DEBUG Engine               - isNative: false
01:01:47.982 [FXGL Background Thread 3 ] DEBUG Engine               - isPauseMusicWhenMinimized: true
01:01:47.982 [FXGL Background Thread 3 ] DEBUG Engine               - isPreserveResizeRatio: true
01:01:47.982 [FXGL Background Thread 3 ] DEBUG Engine               - isProfilingEnabled: false
01:01:47.982 [FXGL Background Thread 3 ] DEBUG Engine               - isScaleAffectedOnResize: true
01:01:47.982 [FXGL Background Thread 3 ] DEBUG Engine               - isSingleStep: false
01:01:47.982 [FXGL Background Thread 3 ] DEBUG Engine               - isUserProfileEnabled: false
01:01:47.982 [FXGL Background Thread 3 ] DEBUG Engine               - isWindows: true
01:01:47.982 [FXGL Background Thread 3 ] DEBUG Engine               - language: ObjectProperty [value: ENGLISH]
01:01:47.982 [FXGL Background Thread 3 ] DEBUG Engine               - menuKey: ESCAPE
01:01:47.982 [FXGL Background Thread 3 ] DEBUG Engine               - mouseSensitivity: 0.2
01:01:47.982 [FXGL Background Thread 3 ] DEBUG Engine               - notificationViewClass: class com.almasb.fxgl.notification.view.XboxNotificationView
01:01:47.982 [FXGL Background Thread 3 ] DEBUG Engine               - pixelsPerMeter: 50.0
01:01:47.982 [FXGL Background Thread 3 ] DEBUG Engine               - platform: WINDOWS
01:01:47.982 [FXGL Background Thread 3 ] DEBUG Engine               - prefHeightProperty: ReadOnlyDoubleProperty [value: 720.0]
01:01:47.982 [FXGL Background Thread 3 ] DEBUG Engine               - prefWidthProperty: ReadOnlyDoubleProperty [value: 1280.0]
01:01:47.982 [FXGL Background Thread 3 ] DEBUG Engine               - profileDir: profiles/
01:01:47.982 [FXGL Background Thread 3 ] DEBUG Engine               - profileName: StringProperty [value: DEFAULT]
01:01:47.982 [FXGL Background Thread 3 ] DEBUG Engine               - randomSeed: -1
01:01:47.982 [FXGL Background Thread 3 ] DEBUG Engine               - runtimeInfo: RuntimeInfo(platform=WINDOWS, version=21.1, build=27.03.2024 07.52)
01:01:47.982 [FXGL Background Thread 3 ] DEBUG Engine               - saveFileExt: sav
01:01:47.982 [FXGL Background Thread 3 ] DEBUG Engine               - scaledHeightProp$fxgl: DoubleProperty [bound, value: 864.0]
01:01:47.982 [FXGL Background Thread 3 ] DEBUG Engine               - scaledWidthProp$fxgl: DoubleProperty [bound, value: 1536.0]
01:01:47.982 [FXGL Background Thread 3 ] DEBUG Engine               - sceneFactory: com.almasb.fxgl.app.scene.SceneFactory@77c66578
01:01:47.982 [FXGL Background Thread 3 ] DEBUG Engine               - secondsIn24h: 60
01:01:47.982 [FXGL Background Thread 3 ] DEBUG Engine               - soundMenuBack: menu/back.wav
01:01:47.982 [FXGL Background Thread 3 ] DEBUG Engine               - soundMenuPress: menu/press.wav
01:01:47.982 [FXGL Background Thread 3 ] DEBUG Engine               - soundMenuSelect: menu/select.wav
01:01:47.982 [FXGL Background Thread 3 ] DEBUG Engine               - soundNotification: core/notification.wav
01:01:47.982 [FXGL Background Thread 3 ] DEBUG Engine               - stageStyle: DECORATED
01:01:47.982 [FXGL Background Thread 3 ] DEBUG Engine               - supportedLanguages: [ENGLISH, FRENCH, GERMAN, HUNGARIAN, RUSSIAN]
01:01:47.983 [FXGL Background Thread 3 ] DEBUG Engine               - ticksPerSecond: -1
01:01:47.983 [FXGL Background Thread 3 ] DEBUG Engine               - title: TypeWiz - Winter Theme
01:01:47.983 [FXGL Background Thread 3 ] DEBUG Engine               - urlGithub: https://github.com/AlmasB/FXGL
01:01:47.983 [FXGL Background Thread 3 ] DEBUG Engine               - urlLeaderboard: http://fxgl-top.herokuapp.com/
01:01:47.983 [FXGL Background Thread 3 ] DEBUG Engine               - urlPOM: https://raw.githubusercontent.com/AlmasB/FXGL/release/README.md
01:01:47.983 [FXGL Background Thread 3 ] DEBUG Engine               - userAppClass: class com.oop2.typewiz.GameplayComponents.Game
01:01:47.983 [FXGL Background Thread 3 ] DEBUG Engine               - version: 0.0
01:01:47.983 [FXGL Background Thread 3 ] DEBUG Engine               - versionCheckDays: 7
01:01:47.983 [FXGL Background Thread 3 ] DEBUG Engine               - width: 1280
01:01:47.983 [FXGL Background Thread 3 ] DEBUG Engine               - Logging services
01:01:47.983 [FXGL Background Thread 3 ] DEBUG Engine               - class com.almasb.fxgl.app.services.FXGLAssetLoaderService
01:01:47.983 [FXGL Background Thread 3 ] DEBUG Engine               - class com.almasb.fxgl.app.FXGLApplication$GameApplicationService
01:01:47.983 [FXGL Background Thread 3 ] DEBUG Engine               - class com.almasb.fxgl.app.services.FXGLDialogService
01:01:47.983 [FXGL Background Thread 3 ] DEBUG Engine               - class com.almasb.fxgl.app.services.IOTaskExecutorService
01:01:47.983 [FXGL Background Thread 3 ] DEBUG Engine               - class com.almasb.fxgl.io.FileSystemService
01:01:47.983 [FXGL Background Thread 3 ] DEBUG Engine               - class com.almasb.fxgl.localization.LocalizationService
01:01:47.983 [FXGL Background Thread 3 ] DEBUG Engine               - class com.almasb.fxgl.app.services.SystemBundleService
01:01:47.983 [FXGL Background Thread 3 ] DEBUG Engine               - class com.almasb.fxgl.profile.SaveLoadService
01:01:47.983 [FXGL Background Thread 3 ] DEBUG Engine               - class com.almasb.fxgl.ui.FXGLUIFactoryServiceProvider
01:01:47.983 [FXGL Background Thread 3 ] DEBUG Engine               - class com.almasb.fxgl.ui.FXGLDialogFactoryServiceProvider
01:01:47.983 [FXGL Background Thread 3 ] DEBUG Engine               - class com.almasb.fxgl.audio.AudioPlayer
01:01:47.983 [FXGL Background Thread 3 ] DEBUG Engine               - class com.almasb.fxgl.notification.impl.NotificationServiceProvider
01:01:47.983 [FXGL Background Thread 3 ] DEBUG Engine               - class com.almasb.fxgl.achievement.AchievementService
01:01:47.983 [FXGL Background Thread 3 ] DEBUG Engine               - class com.almasb.fxgl.cutscene.CutsceneService
01:01:47.983 [FXGL Background Thread 3 ] DEBUG Engine               - class com.almasb.fxgl.minigames.MiniGameService
01:01:47.983 [FXGL Background Thread 3 ] DEBUG Engine               - class com.almasb.fxgl.net.NetService
01:01:47.983 [FXGL Background Thread 3 ] DEBUG Engine               - class com.almasb.fxgl.app.services.UpdaterService
01:01:47.983 [FXGL Background Thread 3 ] DEBUG Engine               - class com.almasb.fxgl.dev.DevService
01:04:43.312 [JavaFX Application Thread] DEBUG FXGLApplication      - Exiting FXGL
01:04:43.312 [JavaFX Application Thread] DEBUG LoopRunner           - Stopping loop
01:04:43.312 [JavaFX Application Thread] DEBUG SystemBundleService  - Saving FXGL system data
01:04:43.314 [JavaFX Application Thread] DEBUG FileSystemAccess     - Writing to: C:\Users\Ruhmer Jairus\OOP2-Capstone\system\fxgl.bundle
01:04:43.316 [JavaFX Application Thread] DEBUG Async                - Shutting down background threads
01:04:43.316 [JavaFX Application Thread] DEBUG PrimaryStageWindow   - Closing main window
01:04:43.324 [JavaFX Application Thread] DEBUG Logger               - Closing Logger
