00:19:10.806 [main                     ] DEBUG Logger               - Configured Logger
00:19:10.855 [main                     ] DEBUG GameApplication      - Logging settings
Title: TypeWiz
Version: 0.0
Width: 1550
Height: 800
Fullscreen: false
Intro: false
Profiling: false
Single step:false
App Mode: DEVELOPER
Menu Key: ESCAPE
Stage Style: DECORATED
Scene Factory: class com.almasb.fxgl.app.scene.SceneFactory

00:19:11.536 [JavaFX Application Thread] DEBUG FXGLApplication      - Initializing FXGL
00:19:11.545 [JavaFX Application Thread] INFO  Engine               - FXGL-21.1 (27.03.2024 07.52) on MAC (J:23.0.1 FX:19)
00:19:11.546 [JavaFX Application Thread] DEBUG Engine               - JRE Vendor Name: Oracle Corporation
00:19:11.547 [JavaFX Application Thread] DEBUG Engine               - Running on OS: Mac OS X version 10.15.7
00:19:11.547 [JavaFX Application Thread] DEBUG Engine               - Architecture: x86_64
00:19:11.547 [JavaFX Application Thread] INFO  Engine               - Source code and latest versions at: https://github.com/AlmasB/FXGL
00:19:11.547 [JavaFX Application Thread] INFO  Engine               -       Ask questions and discuss at: https://github.com/AlmasB/FXGL/discussions
00:19:11.548 [JavaFX Application Thread] INFO  Engine               -              Join the FXGL chat at: https://gitter.im/AlmasB/FXGL
00:19:11.848 [JavaFX Application Thread] DEBUG PrimaryStageWindow   - Creating a JavaFX scene
00:19:11.849 [JavaFX Application Thread] DEBUG PrimaryStageWindow   - Target size > screen size
00:19:12.051 [JavaFX Application Thread] DEBUG PrimaryStageWindow   - Target settings size: 1550.0 x 800.0
00:19:12.052 [JavaFX Application Thread] DEBUG PrimaryStageWindow   - Scaled scene size:    1255.0 x 660.0
00:19:12.053 [JavaFX Application Thread] DEBUG PrimaryStageWindow   - Scaled ratio: (0.8096774193548387, 0.825)
00:19:12.064 [JavaFX Application Thread] DEBUG PrimaryStageWindow   - Set initial scene to FXGLStartupScene
00:19:12.104 [JavaFX Application Thread] DEBUG PrimaryStageWindow   - Opening main window
00:19:12.308 [JavaFX Application Thread] DEBUG PrimaryStageWindow   - Window border size: (0.0, 22.0)
00:19:12.310 [JavaFX Application Thread] DEBUG PrimaryStageWindow   - Scaled size: 1255.0 x 660.0
00:19:12.310 [JavaFX Application Thread] DEBUG PrimaryStageWindow   - Scaled ratio: (0.8096774193548387, 0.825)
00:19:12.311 [JavaFX Application Thread] DEBUG PrimaryStageWindow   - Scene size: 1255.0 x 660.0
00:19:12.311 [JavaFX Application Thread] DEBUG PrimaryStageWindow   - Stage size: 1255.0 x 682.0
00:19:12.326 [FXGL Background Thread 1 ] DEBUG Engine               - Initializing environment variables
00:19:12.545 [FXGL Background Thread 1 ] DEBUG FXGLAssetLoaderServi - User app class for loading assets: class com.oop2.typewiz.TypeWizApp
00:19:12.546 [FXGL Background Thread 1 ] DEBUG GameApplicationServi - Applying CSS: fxgl_dark.css
00:19:12.550 [FXGL Background Thread 1 ] DEBUG FXGLAssetLoaderServi - Loading from file system: jar:file:///Users/archiecabiso/.m2/repository/com/github/almasb/fxgl/21.1/fxgl-21.1.jar!/fxglassets/ui/css/fxgl_dark.css
00:19:12.689 [FXGL Background Thread 1 ] DEBUG GameApplicationServi - Initializing application scenes
00:19:13.476 [FXGL Background Thread 1 ] DEBUG GameWorld            - Game world initialized
00:19:13.537 [FXGL Background Thread 1 ] DEBUG PhysicsWorld         - Physics world initialized: appHeight=800, physics.ppm=50.0
00:19:13.537 [FXGL Background Thread 1 ] DEBUG PhysicsWorld         - Using strategy: BRUTE_FORCE
00:19:13.542 [FXGL Background Thread 1 ] DEBUG GameScene            - Game scene initialized: 1550x800
00:19:13.554 [FXGL Background Thread 1 ] DEBUG FXGL.DefaultMenu     - createMenuBodyGameMenu()
00:19:13.575 [FXGL Background Thread 1 ] DEBUG FXGL.DefaultMenu     - createOptionsMenu()
00:19:13.588 [FXGL Background Thread 1 ] DEBUG FXGLAssetLoaderServi - Loading from file system: jar:file:///Users/archiecabiso/.m2/repository/com/github/almasb/fxgl/21.1/fxgl-21.1.jar!/fxglassets/textures/particles/smoke.png
00:19:13.715 [FXGL Background Thread 1 ] DEBUG FXGLAssetLoaderServi - Loading from file system: jar:file:///Users/archiecabiso/.m2/repository/com/github/almasb/fxgl/21.1/fxgl-21.1.jar!/fxglassets/textures/particles/trace_horizontal.png
00:19:13.751 [FXGL Background Thread 1 ] DEBUG GameApplicationServi - Application scenes initialized
00:19:13.767 [FXGL Background Thread 1 ] DEBUG SystemBundleService  - Loading FXGL system data
00:19:13.772 [FXGL Background Thread 1 ] DEBUG FileSystemAccess     - Reading from: /Users/archiecabiso/Documents/2nd Year - CS/2nd Sem/CSIT228/OOP2-Capstone/system/fxgl.bundle
00:19:13.786 [FXGL Background Thread 1 ] DEBUG SystemBundleService  - Bundle FXGL: {}
00:19:13.786 [FXGL Background Thread 1 ] DEBUG UpdaterService       - Checking for updates
00:19:13.791 [FXGL Background Thread 4 ] DEBUG FXGLApplication      - Loading fonts
00:19:13.791 [FXGL Background Thread 4 ] DEBUG FXGLAssetLoaderServi - Loading from file system: jar:file:///Users/archiecabiso/.m2/repository/com/github/almasb/fxgl/21.1/fxgl-21.1.jar!/fxglassets/ui/fonts/VarelaRound-Regular.ttf
00:19:13.794 [FXGL Background Thread 1 ] DEBUG FXGLApplication      - Loading default localization
00:19:13.795 [FXGL Background Thread 1 ] DEBUG FXGLAssetLoaderServi - Loading from file system: jar:file:///Users/archiecabiso/.m2/repository/com/github/almasb/fxgl/21.1/fxgl-21.1.jar!/fxglassets/languages/english.lang
00:19:13.805 [FXGL Background Thread 4 ] DEBUG FXGLAssetLoaderServi - Loading from file system: jar:file:///Users/archiecabiso/.m2/repository/com/github/almasb/fxgl/21.1/fxgl-21.1.jar!/fxglassets/ui/fonts/Abel-Regular.ttf
00:19:13.809 [FXGL Background Thread 4 ] DEBUG FXGLAssetLoaderServi - Loading from file system: jar:file:///Users/archiecabiso/.m2/repository/com/github/almasb/fxgl/21.1/fxgl-21.1.jar!/fxglassets/ui/fonts/TerminalLandMono-Regular.otf
00:19:13.813 [FXGL Background Thread 4 ] DEBUG FXGLAssetLoaderServi - Loading from file system: jar:file:///Users/archiecabiso/.m2/repository/com/github/almasb/fxgl/21.1/fxgl-21.1.jar!/fxglassets/ui/fonts/Courier-Prime.ttf
00:19:13.820 [JavaFX Application Thread] DEBUG FXGLApplication      - Registering font factories with UI factory
00:19:13.842 [FXGL Background Thread 1 ] INFO  FXGLApplication      - FXGL initialization took: 1.516 sec
00:19:13.844 [JavaFX Application Thread] DEBUG FXGLAssetLoaderServi - Loading from file system: jar:file:///Users/archiecabiso/.m2/repository/com/github/almasb/fxgl/21.1/fxgl-21.1.jar!/fxglassets/textures/fxgl_icon.png
00:19:13.877 [JavaFX Application Thread] DEBUG FXGLAssetLoaderServi - Loading from file system: jar:file:///Users/archiecabiso/.m2/repository/com/github/almasb/fxgl/21.1/fxgl-21.1.jar!/fxglassets/textures/fxgl_default_cursor.png
00:19:13.892 [JavaFX Application Thread] DEBUG Input                - Registered new binding: Screenshot - CTRL+8
00:19:13.893 [JavaFX Application Thread] DEBUG Input                - Registered new binding: System info dump - CTRL+9
00:19:13.893 [JavaFX Application Thread] DEBUG Input                - Registered new binding: Restart - CTRL+R
00:19:13.894 [JavaFX Application Thread] DEBUG Input                - Registered new binding: Toggle Debug Camera - CTRL+7
00:19:13.898 [JavaFX Application Thread] DEBUG LoopRunner           - Starting loop
00:19:13.898 [JavaFX Application Thread] DEBUG LoopRunner           - Initializing JavaFX AnimationTimerLoop
00:19:13.899 [JavaFX Application Thread] DEBUG GameApplicationServi - Starting new game
00:19:13.900 [JavaFX Application Thread] DEBUG Input                - Clearing active input actions
00:19:13.916 [JavaFX Application Thread] DEBUG GameApplicationServi - Removing overlay from FXGLStartupScene and adding to FXGLLoadingScene
00:19:13.916 [JavaFX Application Thread] DEBUG PrimaryStageWindow   - FXGLStartupScene -> FXGLLoadingScene
00:19:13.917 [JavaFX Application Thread] DEBUG GameApplicationServi - Clearing previous game
00:19:13.917 [JavaFX Application Thread] DEBUG GameScene            - Clearing game scene
00:19:13.917 [JavaFX Application Thread] DEBUG GameWorld            - Clearing game world
00:19:13.917 [JavaFX Application Thread] DEBUG PhysicsWorld         - Clearing physics world
00:19:13.949 [FXGL Background Thread 1 ] DEBUG FXGLApplication      - Initializing game
00:19:13.969 [FXGL Background Thread 1 ] DEBUG FXGLAssetLoaderServi - Loading from file system: file:/Users/archiecabiso/Documents/2nd%20Year%20-%20CS/2nd%20Sem/CSIT228/OOP2-Capstone/target/classes/assets/textures/magicbook.png
00:19:13.983 [FXGL Background Thread 1 ] DEBUG FXGLAssetLoaderServi - Loading from file system: file:/Users/archiecabiso/Documents/2nd%20Year%20-%20CS/2nd%20Sem/CSIT228/OOP2-Capstone/target/classes/assets/textures/magicbook_hover.png
00:19:14.938 [FXGL Background Thread 1 ] INFO  FXGLApplication      - Game initialization took: 0.989 sec
00:19:14.941 [JavaFX Application Thread] DEBUG Input                - Clearing active input actions
00:19:14.967 [JavaFX Application Thread] DEBUG GameApplicationServi - Removing overlay from FXGLLoadingScene and adding to GameScene
00:19:14.968 [JavaFX Application Thread] DEBUG PrimaryStageWindow   - FXGLLoadingScene -> GameScene
00:19:16.790 [FXGL Background Thread 3 ] DEBUG Engine               - Logging environment variables
00:19:16.796 [FXGL Background Thread 3 ] DEBUG Engine               - achievements: []
00:19:16.798 [FXGL Background Thread 3 ] DEBUG Engine               - actualHeight: 660.0
00:19:16.798 [FXGL Background Thread 3 ] DEBUG Engine               - actualHeightProperty: ReadOnlyDoubleProperty [value: 660.0]
00:19:16.799 [FXGL Background Thread 3 ] DEBUG Engine               - actualWidth: 1255.0
00:19:16.799 [FXGL Background Thread 3 ] DEBUG Engine               - actualWidthProperty: ReadOnlyDoubleProperty [value: 1255.0]
00:19:16.800 [FXGL Background Thread 3 ] DEBUG Engine               - appIcon: fxgl_icon.png
00:19:16.800 [FXGL Background Thread 3 ] DEBUG Engine               - applicationMode: DEVELOPER
00:19:16.800 [FXGL Background Thread 3 ] DEBUG Engine               - cSSList: [fxgl_dark.css]
00:19:16.801 [FXGL Background Thread 3 ] DEBUG Engine               - collisionDetectionStrategy: BRUTE_FORCE
00:19:16.801 [FXGL Background Thread 3 ] DEBUG Engine               - configClass: Optional.empty
00:19:16.801 [FXGL Background Thread 3 ] DEBUG Engine               - credits: []
00:19:16.802 [FXGL Background Thread 3 ] DEBUG Engine               - defaultCursor: CursorInfo(imageName=fxgl_default_cursor.png, hotspotX=7.0, hotspotY=6.0)
00:19:16.802 [FXGL Background Thread 3 ] DEBUG Engine               - devBBoxColorProperty: ObjectProperty [value: 0xff0000ff]
00:19:16.802 [FXGL Background Thread 3 ] DEBUG Engine               - devEnableDebugCameraProperty: BooleanProperty [value: false]
00:19:16.803 [FXGL Background Thread 3 ] DEBUG Engine               - devSensorColorProperty: ObjectProperty [value: 0xffff00ff]
00:19:16.803 [FXGL Background Thread 3 ] DEBUG Engine               - devShowBBoxProperty: BooleanProperty [value: false]
00:19:16.803 [FXGL Background Thread 3 ] DEBUG Engine               - devShowPositionProperty: BooleanProperty [value: false]
00:19:16.803 [FXGL Background Thread 3 ] DEBUG Engine               - enabledMenuItems: []
00:19:16.803 [FXGL Background Thread 3 ] DEBUG Engine               - engineServices: [class com.almasb.fxgl.app.services.FXGLAssetLoaderService, class com.almasb.fxgl.app.FXGLApplication$GameApplicationService, class com.almasb.fxgl.app.services.FXGLDialogService, class com.almasb.fxgl.app.services.IOTaskExecutorService, class com.almasb.fxgl.io.FileSystemService, class com.almasb.fxgl.localization.LocalizationService, class com.almasb.fxgl.app.services.SystemBundleService, class com.almasb.fxgl.profile.SaveLoadService, class com.almasb.fxgl.ui.FXGLUIFactoryServiceProvider, class com.almasb.fxgl.ui.FXGLDialogFactoryServiceProvider, class com.almasb.fxgl.audio.AudioPlayer, class com.almasb.fxgl.notification.impl.NotificationServiceProvider, class com.almasb.fxgl.achievement.AchievementService, class com.almasb.fxgl.cutscene.CutsceneService, class com.almasb.fxgl.minigames.MiniGameService, class com.almasb.fxgl.net.NetService, class com.almasb.fxgl.app.services.UpdaterService, class com.almasb.fxgl.dev.DevService]
00:19:16.803 [FXGL Background Thread 3 ] DEBUG Engine               - fontGame: Abel-Regular.ttf
00:19:16.804 [FXGL Background Thread 3 ] DEBUG Engine               - fontMono: TerminalLandMono-Regular.otf
00:19:16.804 [FXGL Background Thread 3 ] DEBUG Engine               - fontSizeScaleUI: 1.0
00:19:16.804 [FXGL Background Thread 3 ] DEBUG Engine               - fontText: Courier-Prime.ttf
00:19:16.804 [FXGL Background Thread 3 ] DEBUG Engine               - fontUI: VarelaRound-Regular.ttf
00:19:16.804 [FXGL Background Thread 3 ] DEBUG Engine               - fullScreen: BooleanProperty [value: false]
00:19:16.804 [FXGL Background Thread 3 ] DEBUG Engine               - gameDifficulty: MEDIUM
00:19:16.804 [FXGL Background Thread 3 ] DEBUG Engine               - gameDifficultyProperty: ObjectProperty [value: MEDIUM]
00:19:16.805 [FXGL Background Thread 3 ] DEBUG Engine               - globalMusicVolume: 0.5
00:19:16.805 [FXGL Background Thread 3 ] DEBUG Engine               - globalMusicVolumeProperty: DoubleProperty [value: 0.5]
00:19:16.805 [FXGL Background Thread 3 ] DEBUG Engine               - globalSoundVolume: 0.5
00:19:16.805 [FXGL Background Thread 3 ] DEBUG Engine               - globalSoundVolumeProperty: DoubleProperty [value: 0.5]
00:19:16.805 [FXGL Background Thread 3 ] DEBUG Engine               - height: 800
00:19:16.805 [FXGL Background Thread 3 ] DEBUG Engine               - is3D: false
00:19:16.805 [FXGL Background Thread 3 ] DEBUG Engine               - isAndroid: false
00:19:16.805 [FXGL Background Thread 3 ] DEBUG Engine               - isBrowser: false
00:19:16.806 [FXGL Background Thread 3 ] DEBUG Engine               - isClickFeedbackEnabled: false
00:19:16.806 [FXGL Background Thread 3 ] DEBUG Engine               - isCloseConfirmation: false
00:19:16.806 [FXGL Background Thread 3 ] DEBUG Engine               - isDesktop: true
00:19:16.806 [FXGL Background Thread 3 ] DEBUG Engine               - isDeveloperMenuEnabled: false
00:19:16.806 [FXGL Background Thread 3 ] DEBUG Engine               - isEmbedded: false
00:19:16.806 [FXGL Background Thread 3 ] DEBUG Engine               - isEntityPreloadEnabled: true
00:19:16.806 [FXGL Background Thread 3 ] DEBUG Engine               - isExperimentalTiledLargeMap: false
00:19:16.806 [FXGL Background Thread 3 ] DEBUG Engine               - isFileSystemWriteAllowed: true
00:19:16.807 [FXGL Background Thread 3 ] DEBUG Engine               - isFullScreenAllowed: false
00:19:16.807 [FXGL Background Thread 3 ] DEBUG Engine               - isFullScreenFromStart: false
00:19:16.807 [FXGL Background Thread 3 ] DEBUG Engine               - isGameMenuEnabled: true
00:19:16.808 [FXGL Background Thread 3 ] DEBUG Engine               - isIOS: false
00:19:16.808 [FXGL Background Thread 3 ] DEBUG Engine               - isIntroEnabled: false
00:19:16.810 [FXGL Background Thread 3 ] DEBUG Engine               - isLinux: false
00:19:16.810 [FXGL Background Thread 3 ] DEBUG Engine               - isMac: true
00:19:16.810 [FXGL Background Thread 3 ] DEBUG Engine               - isMainMenuEnabled: false
00:19:16.811 [FXGL Background Thread 3 ] DEBUG Engine               - isManualResizeEnabled: false
00:19:16.811 [FXGL Background Thread 3 ] DEBUG Engine               - isMobile: false
00:19:16.811 [FXGL Background Thread 3 ] DEBUG Engine               - isNative: false
00:19:16.812 [FXGL Background Thread 3 ] DEBUG Engine               - isPauseMusicWhenMinimized: true
00:19:16.813 [FXGL Background Thread 3 ] DEBUG Engine               - isPreserveResizeRatio: false
00:19:16.813 [FXGL Background Thread 3 ] DEBUG Engine               - isProfilingEnabled: false
00:19:16.813 [FXGL Background Thread 3 ] DEBUG Engine               - isScaleAffectedOnResize: true
00:19:16.814 [FXGL Background Thread 3 ] DEBUG Engine               - isSingleStep: false
00:19:16.815 [FXGL Background Thread 3 ] DEBUG Engine               - isUserProfileEnabled: false
00:19:16.817 [FXGL Background Thread 3 ] DEBUG Engine               - isWindows: false
00:19:16.817 [FXGL Background Thread 3 ] DEBUG Engine               - language: ObjectProperty [value: ENGLISH]
00:19:16.817 [FXGL Background Thread 3 ] DEBUG Engine               - menuKey: ESCAPE
00:19:16.818 [FXGL Background Thread 3 ] DEBUG Engine               - mouseSensitivity: 0.2
00:19:16.818 [FXGL Background Thread 3 ] DEBUG Engine               - notificationViewClass: class com.almasb.fxgl.notification.view.XboxNotificationView
00:19:16.818 [FXGL Background Thread 3 ] DEBUG Engine               - pixelsPerMeter: 50.0
00:19:16.818 [FXGL Background Thread 3 ] DEBUG Engine               - platform: MAC
00:19:16.818 [FXGL Background Thread 3 ] DEBUG Engine               - prefHeightProperty: ReadOnlyDoubleProperty [value: 800.0]
00:19:16.818 [FXGL Background Thread 3 ] DEBUG Engine               - prefWidthProperty: ReadOnlyDoubleProperty [value: 1550.0]
00:19:16.818 [FXGL Background Thread 3 ] DEBUG Engine               - profileDir: profiles/
00:19:16.818 [FXGL Background Thread 3 ] DEBUG Engine               - profileName: StringProperty [value: DEFAULT]
00:19:16.819 [FXGL Background Thread 3 ] DEBUG Engine               - randomSeed: -1
00:19:16.820 [FXGL Background Thread 3 ] DEBUG Engine               - runtimeInfo: RuntimeInfo(platform=MAC, version=21.1, build=27.03.2024 07.52)
00:19:16.820 [FXGL Background Thread 3 ] DEBUG Engine               - saveFileExt: sav
00:19:16.820 [FXGL Background Thread 3 ] DEBUG Engine               - scaledHeightProp$fxgl: DoubleProperty [bound, value: 660.0]
00:19:16.820 [FXGL Background Thread 3 ] DEBUG Engine               - scaledWidthProp$fxgl: DoubleProperty [bound, value: 1255.0]
00:19:16.820 [FXGL Background Thread 3 ] DEBUG Engine               - sceneFactory: com.almasb.fxgl.app.scene.SceneFactory@38becd74
00:19:16.821 [FXGL Background Thread 3 ] DEBUG Engine               - secondsIn24h: 60
00:19:16.821 [FXGL Background Thread 3 ] DEBUG Engine               - soundMenuBack: menu/back.wav
00:19:16.821 [FXGL Background Thread 3 ] DEBUG Engine               - soundMenuPress: menu/press.wav
00:19:16.821 [FXGL Background Thread 3 ] DEBUG Engine               - soundMenuSelect: menu/select.wav
00:19:16.821 [FXGL Background Thread 3 ] DEBUG Engine               - soundNotification: core/notification.wav
00:19:16.821 [FXGL Background Thread 3 ] DEBUG Engine               - stageStyle: DECORATED
00:19:16.822 [FXGL Background Thread 3 ] DEBUG Engine               - supportedLanguages: [ENGLISH, FRENCH, GERMAN, HUNGARIAN, RUSSIAN]
00:19:16.822 [FXGL Background Thread 3 ] DEBUG Engine               - ticksPerSecond: -1
00:19:16.822 [FXGL Background Thread 3 ] DEBUG Engine               - title: TypeWiz
00:19:16.822 [FXGL Background Thread 3 ] DEBUG Engine               - urlGithub: https://github.com/AlmasB/FXGL
00:19:16.822 [FXGL Background Thread 3 ] DEBUG Engine               - urlLeaderboard: http://fxgl-top.herokuapp.com/
00:19:16.823 [FXGL Background Thread 3 ] DEBUG Engine               - urlPOM: https://raw.githubusercontent.com/AlmasB/FXGL/release/README.md
00:19:16.823 [FXGL Background Thread 3 ] DEBUG Engine               - userAppClass: class com.oop2.typewiz.TypeWizApp
00:19:16.823 [FXGL Background Thread 3 ] DEBUG Engine               - version: 0.0
00:19:16.823 [FXGL Background Thread 3 ] DEBUG Engine               - versionCheckDays: 7
00:19:16.823 [FXGL Background Thread 3 ] DEBUG Engine               - width: 1550
00:19:16.823 [FXGL Background Thread 3 ] DEBUG Engine               - Logging services
00:19:16.824 [FXGL Background Thread 3 ] DEBUG Engine               - class com.almasb.fxgl.app.services.FXGLAssetLoaderService
00:19:16.826 [FXGL Background Thread 3 ] DEBUG Engine               - class com.almasb.fxgl.app.FXGLApplication$GameApplicationService
00:19:16.826 [FXGL Background Thread 3 ] DEBUG Engine               - class com.almasb.fxgl.app.services.FXGLDialogService
00:19:16.827 [FXGL Background Thread 3 ] DEBUG Engine               - class com.almasb.fxgl.app.services.IOTaskExecutorService
00:19:16.827 [FXGL Background Thread 3 ] DEBUG Engine               - class com.almasb.fxgl.io.FileSystemService
00:19:16.827 [FXGL Background Thread 3 ] DEBUG Engine               - class com.almasb.fxgl.localization.LocalizationService
00:19:16.828 [FXGL Background Thread 3 ] DEBUG Engine               - class com.almasb.fxgl.app.services.SystemBundleService
00:19:16.828 [FXGL Background Thread 3 ] DEBUG Engine               - class com.almasb.fxgl.profile.SaveLoadService
00:19:16.829 [FXGL Background Thread 3 ] DEBUG Engine               - class com.almasb.fxgl.ui.FXGLUIFactoryServiceProvider
00:19:16.829 [FXGL Background Thread 3 ] DEBUG Engine               - class com.almasb.fxgl.ui.FXGLDialogFactoryServiceProvider
00:19:16.829 [FXGL Background Thread 3 ] DEBUG Engine               - class com.almasb.fxgl.audio.AudioPlayer
00:19:16.830 [FXGL Background Thread 3 ] DEBUG Engine               - class com.almasb.fxgl.notification.impl.NotificationServiceProvider
00:19:16.830 [FXGL Background Thread 3 ] DEBUG Engine               - class com.almasb.fxgl.achievement.AchievementService
00:19:16.830 [FXGL Background Thread 3 ] DEBUG Engine               - class com.almasb.fxgl.cutscene.CutsceneService
00:19:16.830 [FXGL Background Thread 3 ] DEBUG Engine               - class com.almasb.fxgl.minigames.MiniGameService
00:19:16.830 [FXGL Background Thread 3 ] DEBUG Engine               - class com.almasb.fxgl.net.NetService
00:19:16.830 [FXGL Background Thread 3 ] DEBUG Engine               - class com.almasb.fxgl.app.services.UpdaterService
00:19:16.830 [FXGL Background Thread 3 ] DEBUG Engine               - class com.almasb.fxgl.dev.DevService
00:19:17.968 [JavaFX Application Thread] DEBUG FXGLAssetLoaderServi - Loading from file system: file:/Users/archiecabiso/Documents/2nd%20Year%20-%20CS/2nd%20Sem/CSIT228/OOP2-Capstone/target/classes/assets/sounds/sound-library/hover.wav
00:19:22.932 [JavaFX Application Thread] DEBUG FXGLAssetLoaderServi - Loading from file system: file:/Users/archiecabiso/Documents/2nd%20Year%20-%20CS/2nd%20Sem/CSIT228/OOP2-Capstone/target/classes/assets/sounds/sound-library/click.wav
00:19:24.154 [JavaFX Application Thread] DEBUG FXGLAssetLoaderServi - Loading from file system: file:/Users/archiecabiso/Documents/2nd%20Year%20-%20CS/2nd%20Sem/CSIT228/OOP2-Capstone/target/classes/assets/music/magic.wav
00:19:24.174 [JavaFX Application Thread] DEBUG AudioPlayer          - Playing music com.almasb.fxgl.audio.Music@3da25676
00:19:26.050 [JavaFX Application Thread] DEBUG FXGLAssetLoaderServi - Loading from file system: file:/Users/archiecabiso/Documents/2nd%20Year%20-%20CS/2nd%20Sem/CSIT228/OOP2-Capstone/target/classes/assets/music/bgm.mp3
00:19:26.059 [JavaFX Application Thread] DEBUG AudioPlayer          - Playing music com.almasb.fxgl.audio.Music@12cf5441
00:19:31.078 [JavaFX Application Thread] DEBUG FXGLApplication      - Exiting FXGL
00:19:31.078 [JavaFX Application Thread] DEBUG LoopRunner           - Stopping loop
00:19:31.078 [JavaFX Application Thread] DEBUG SystemBundleService  - Saving FXGL system data
00:19:31.088 [JavaFX Application Thread] DEBUG FileSystemAccess     - Writing to: /Users/archiecabiso/Documents/2nd Year - CS/2nd Sem/CSIT228/OOP2-Capstone/system/fxgl.bundle
00:19:31.093 [JavaFX Application Thread] DEBUG Async                - Shutting down background threads
00:19:31.094 [JavaFX Application Thread] DEBUG PrimaryStageWindow   - Closing main window
00:19:31.104 [JavaFX Application Thread] DEBUG Logger               - Closing Logger
