12:57:55.575 [main                     ] DEBUG Logger               - Configured Logger
12:57:55.886 [main                     ] DEBUG GameApplication      - Logging settings
Title: TypeWiz - Winter Theme
Version: 0.0
Width: 1280
Height: 720
Fullscreen: false
Intro: false
Profiling: false
Single step:false
App Mode: DEVELOPER
Menu Key: ESCAPE
Stage Style: DECORATED
Scene Factory: class com.almasb.fxgl.app.scene.SceneFactory

12:58:02.168 [JavaFX Application Thread] DEBUG FXGLApplication      - Initializing FXGL
12:58:02.200 [JavaFX Application Thread] INFO  Engine               - FXGL-21.1 (27.03.2024 07.52) on MAC (J:23.0.1 FX:19)
12:58:02.202 [JavaFX Application Thread] DEBUG Engine               - JRE Vendor Name: Oracle Corporation
12:58:02.203 [JavaFX Application Thread] DEBUG Engine               - Running on OS: Mac OS X version 10.15.7
12:58:02.203 [JavaFX Application Thread] DEBUG Engine               - Architecture: x86_64
12:58:02.203 [JavaFX Application Thread] INFO  Engine               - Source code and latest versions at: https://github.com/AlmasB/FXGL
12:58:02.204 [JavaFX Application Thread] INFO  Engine               -       Ask questions and discuss at: https://github.com/AlmasB/FXGL/discussions
12:58:02.205 [JavaFX Application Thread] INFO  Engine               -              Join the FXGL chat at: https://gitter.im/AlmasB/FXGL
12:58:03.146 [JavaFX Application Thread] DEBUG PrimaryStageWindow   - Creating a JavaFX scene
12:58:04.021 [JavaFX Application Thread] DEBUG PrimaryStageWindow   - Target settings size: 1280.0 x 720.0
12:58:04.022 [JavaFX Application Thread] DEBUG PrimaryStageWindow   - Scaled scene size:    1280.0 x 720.0
12:58:04.022 [JavaFX Application Thread] DEBUG PrimaryStageWindow   - Scaled ratio: (1.0, 1.0)
12:58:04.028 [JavaFX Application Thread] DEBUG PrimaryStageWindow   - Set initial scene to FXGLStartupScene
12:58:04.054 [JavaFX Application Thread] DEBUG PrimaryStageWindow   - Opening main window
12:58:04.905 [JavaFX Application Thread] DEBUG PrimaryStageWindow   - Window border size: (0.0, 22.0)
12:58:04.906 [JavaFX Application Thread] DEBUG PrimaryStageWindow   - Scaled size: 1280.0 x 720.0
12:58:04.906 [JavaFX Application Thread] DEBUG PrimaryStageWindow   - Scaled ratio: (1.0, 1.0)
12:58:04.908 [JavaFX Application Thread] DEBUG PrimaryStageWindow   - Scene size: 1280.0 x 720.0
12:58:04.908 [JavaFX Application Thread] DEBUG PrimaryStageWindow   - Stage size: 1280.0 x 742.0
12:58:04.934 [FXGL Background Thread 1 ] DEBUG Engine               - Initializing environment variables
12:58:07.247 [FXGL Background Thread 1 ] DEBUG FXGLAssetLoaderServi - User app class for loading assets: class com.oop2.typewiz.GameplayComponents.Game
12:58:07.251 [FXGL Background Thread 1 ] DEBUG GameApplicationServi - Applying CSS: fxgl_dark.css
12:58:07.254 [FXGL Background Thread 1 ] DEBUG FXGLAssetLoaderServi - Loading from file system: jar:file:///Users/archiecabiso/.m2/repository/com/github/almasb/fxgl/21.1/fxgl-21.1.jar!/fxglassets/ui/css/fxgl_dark.css
12:58:07.881 [FXGL Background Thread 1 ] DEBUG GameApplicationServi - Initializing application scenes
12:58:12.819 [FXGL Background Thread 1 ] DEBUG GameWorld            - Game world initialized
12:58:13.945 [FXGL Background Thread 1 ] DEBUG PhysicsWorld         - Physics world initialized: appHeight=720, physics.ppm=50.0
12:58:13.946 [FXGL Background Thread 1 ] DEBUG PhysicsWorld         - Using strategy: BRUTE_FORCE
12:58:13.975 [FXGL Background Thread 1 ] DEBUG GameScene            - Game scene initialized: 1280x720
12:58:13.975 [FXGL Background Thread 1 ] DEBUG GameApplicationServi - Application scenes initialized
12:58:14.461 [FXGL Background Thread 1 ] DEBUG SystemBundleService  - Loading FXGL system data
12:58:14.566 [FXGL Background Thread 1 ] DEBUG FileSystemAccess     - Reading from: /Users/archiecabiso/Documents/2nd Year - CS/2nd Sem/CSIT228/OOP2-Capstone/system/fxgl.bundle
12:58:14.700 [FXGL Background Thread 1 ] DEBUG SystemBundleService  - Bundle FXGL: {}
12:58:14.701 [FXGL Background Thread 1 ] DEBUG UpdaterService       - Checking for updates
12:58:14.731 [FXGL Background Thread 4 ] DEBUG FXGLApplication      - Loading fonts
12:58:14.733 [FXGL Background Thread 4 ] DEBUG FXGLAssetLoaderServi - Loading from file system: jar:file:///Users/archiecabiso/.m2/repository/com/github/almasb/fxgl/21.1/fxgl-21.1.jar!/fxglassets/ui/fonts/VarelaRound-Regular.ttf
12:58:14.752 [FXGL Background Thread 1 ] DEBUG FXGLApplication      - Loading default localization
12:58:14.753 [FXGL Background Thread 1 ] DEBUG FXGLAssetLoaderServi - Loading from file system: jar:file:///Users/archiecabiso/.m2/repository/com/github/almasb/fxgl/21.1/fxgl-21.1.jar!/fxglassets/languages/english.lang
12:58:15.284 [FXGL Background Thread 1 ] INFO  FXGLApplication      - FXGL initialization took: 10.350 sec
12:58:15.287 [JavaFX Application Thread] DEBUG FXGLAssetLoaderServi - Loading from file system: jar:file:///Users/archiecabiso/.m2/repository/com/github/almasb/fxgl/21.1/fxgl-21.1.jar!/fxglassets/textures/fxgl_icon.png
12:58:15.350 [FXGL Background Thread 4 ] DEBUG FXGLAssetLoaderServi - Loading from file system: jar:file:///Users/archiecabiso/.m2/repository/com/github/almasb/fxgl/21.1/fxgl-21.1.jar!/fxglassets/ui/fonts/Abel-Regular.ttf
12:58:15.399 [FXGL Background Thread 4 ] DEBUG FXGLAssetLoaderServi - Loading from file system: jar:file:///Users/archiecabiso/.m2/repository/com/github/almasb/fxgl/21.1/fxgl-21.1.jar!/fxglassets/ui/fonts/TerminalLandMono-Regular.otf
12:58:15.439 [FXGL Background Thread 4 ] DEBUG FXGLAssetLoaderServi - Loading from file system: jar:file:///Users/archiecabiso/.m2/repository/com/github/almasb/fxgl/21.1/fxgl-21.1.jar!/fxglassets/ui/fonts/Courier-Prime.ttf
12:58:15.683 [JavaFX Application Thread] DEBUG FXGLAssetLoaderServi - Loading from file system: jar:file:///Users/archiecabiso/.m2/repository/com/github/almasb/fxgl/21.1/fxgl-21.1.jar!/fxglassets/textures/fxgl_default_cursor.png
12:58:15.761 [JavaFX Application Thread] DEBUG Input                - Registered new binding: Screenshot - CTRL+8
12:58:15.761 [JavaFX Application Thread] DEBUG Input                - Registered new binding: System info dump - CTRL+9
12:58:15.762 [JavaFX Application Thread] DEBUG Input                - Registered new binding: Restart - CTRL+R
12:58:15.763 [JavaFX Application Thread] DEBUG Input                - Registered new binding: Toggle Debug Camera - CTRL+7
12:58:15.770 [JavaFX Application Thread] DEBUG LoopRunner           - Starting loop
12:58:15.770 [JavaFX Application Thread] DEBUG LoopRunner           - Initializing JavaFX AnimationTimerLoop
12:58:15.774 [JavaFX Application Thread] DEBUG GameApplicationServi - Starting new game
12:58:15.775 [JavaFX Application Thread] DEBUG Input                - Clearing active input actions
12:58:15.811 [JavaFX Application Thread] DEBUG GameApplicationServi - Removing overlay from FXGLStartupScene and adding to FXGLLoadingScene
12:58:15.812 [JavaFX Application Thread] DEBUG PrimaryStageWindow   - FXGLStartupScene -> FXGLLoadingScene
12:58:15.812 [JavaFX Application Thread] DEBUG GameApplicationServi - Clearing previous game
12:58:15.812 [JavaFX Application Thread] DEBUG GameScene            - Clearing game scene
12:58:15.813 [JavaFX Application Thread] DEBUG GameWorld            - Clearing game world
12:58:15.814 [JavaFX Application Thread] DEBUG PhysicsWorld         - Clearing physics world
12:58:15.819 [FXGL Background Thread 4 ] DEBUG FXGLApplication      - Initializing game
12:58:15.829 [FXGL Background Thread 4 ] DEBUG FXGLAssetLoaderServi - Loading from file system: file:/Users/archiecabiso/Documents/2nd%20Year%20-%20CS/2nd%20Sem/CSIT228/OOP2-Capstone/target/classes/assets/textures/background-and-platforms/bg-winter_1280_720.png
12:58:15.958 [JavaFX Application Thread] DEBUG FXGLApplication      - Registering font factories with UI factory
12:58:16.432 [FXGL Background Thread 4 ] DEBUG FXGLAssetLoaderServi - Loading from file system: file:/Users/archiecabiso/Documents/2nd%20Year%20-%20CS/2nd%20Sem/CSIT228/OOP2-Capstone/target/classes/assets/textures/background-and-platforms/hdlargerplatform-winter.png
12:58:17.312 [FXGL Background Thread 4 ] DEBUG FXGLAssetLoaderServi - Loading from file system: file:/Users/archiecabiso/Documents/2nd%20Year%20-%20CS/2nd%20Sem/CSIT228/OOP2-Capstone/target/classes/assets/textures/wizard/wizard.png
12:58:17.779 [FXGL Background Thread 3 ] DEBUG Engine               - Logging environment variables
12:58:17.781 [FXGL Background Thread 3 ] DEBUG Engine               - achievements: []
12:58:17.784 [FXGL Background Thread 3 ] DEBUG Engine               - actualHeight: 720.0
12:58:17.787 [FXGL Background Thread 3 ] DEBUG Engine               - actualHeightProperty: ReadOnlyDoubleProperty [value: 720.0]
12:58:17.796 [FXGL Background Thread 3 ] DEBUG Engine               - actualWidth: 1280.0
12:58:17.796 [FXGL Background Thread 3 ] DEBUG Engine               - actualWidthProperty: ReadOnlyDoubleProperty [value: 1280.0]
12:58:17.796 [FXGL Background Thread 3 ] DEBUG Engine               - appIcon: fxgl_icon.png
12:58:17.796 [FXGL Background Thread 3 ] DEBUG Engine               - applicationMode: DEVELOPER
12:58:17.797 [FXGL Background Thread 3 ] DEBUG Engine               - cSSList: [fxgl_dark.css]
12:58:17.797 [FXGL Background Thread 3 ] DEBUG Engine               - collisionDetectionStrategy: BRUTE_FORCE
12:58:17.807 [FXGL Background Thread 3 ] DEBUG Engine               - configClass: Optional.empty
12:58:17.808 [FXGL Background Thread 3 ] DEBUG Engine               - credits: []
12:58:17.822 [FXGL Background Thread 3 ] DEBUG Engine               - defaultCursor: CursorInfo(imageName=fxgl_default_cursor.png, hotspotX=7.0, hotspotY=6.0)
12:58:17.822 [FXGL Background Thread 3 ] DEBUG Engine               - devBBoxColorProperty: ObjectProperty [value: 0xff0000ff]
12:58:17.823 [FXGL Background Thread 3 ] DEBUG Engine               - devEnableDebugCameraProperty: BooleanProperty [value: false]
12:58:17.825 [FXGL Background Thread 3 ] DEBUG Engine               - devSensorColorProperty: ObjectProperty [value: 0xffff00ff]
12:58:17.826 [FXGL Background Thread 3 ] DEBUG Engine               - devShowBBoxProperty: BooleanProperty [value: false]
12:58:17.826 [FXGL Background Thread 3 ] DEBUG Engine               - devShowPositionProperty: BooleanProperty [value: false]
12:58:17.826 [FXGL Background Thread 3 ] DEBUG Engine               - enabledMenuItems: []
12:58:17.826 [FXGL Background Thread 3 ] DEBUG Engine               - engineServices: [class com.almasb.fxgl.app.services.FXGLAssetLoaderService, class com.almasb.fxgl.app.FXGLApplication$GameApplicationService, class com.almasb.fxgl.app.services.FXGLDialogService, class com.almasb.fxgl.app.services.IOTaskExecutorService, class com.almasb.fxgl.io.FileSystemService, class com.almasb.fxgl.localization.LocalizationService, class com.almasb.fxgl.app.services.SystemBundleService, class com.almasb.fxgl.profile.SaveLoadService, class com.almasb.fxgl.ui.FXGLUIFactoryServiceProvider, class com.almasb.fxgl.ui.FXGLDialogFactoryServiceProvider, class com.almasb.fxgl.audio.AudioPlayer, class com.almasb.fxgl.notification.impl.NotificationServiceProvider, class com.almasb.fxgl.achievement.AchievementService, class com.almasb.fxgl.cutscene.CutsceneService, class com.almasb.fxgl.minigames.MiniGameService, class com.almasb.fxgl.net.NetService, class com.almasb.fxgl.app.services.UpdaterService, class com.almasb.fxgl.dev.DevService]
12:58:17.834 [FXGL Background Thread 3 ] DEBUG Engine               - fontGame: Abel-Regular.ttf
12:58:17.834 [FXGL Background Thread 3 ] DEBUG Engine               - fontMono: TerminalLandMono-Regular.otf
12:58:17.835 [FXGL Background Thread 3 ] DEBUG Engine               - fontSizeScaleUI: 1.0
12:58:17.835 [FXGL Background Thread 3 ] DEBUG Engine               - fontText: Courier-Prime.ttf
12:58:17.835 [FXGL Background Thread 3 ] DEBUG Engine               - fontUI: VarelaRound-Regular.ttf
12:58:17.835 [FXGL Background Thread 3 ] DEBUG Engine               - fullScreen: BooleanProperty [value: false]
12:58:17.835 [FXGL Background Thread 3 ] DEBUG Engine               - gameDifficulty: MEDIUM
12:58:17.835 [FXGL Background Thread 3 ] DEBUG Engine               - gameDifficultyProperty: ObjectProperty [value: MEDIUM]
12:58:17.835 [FXGL Background Thread 3 ] DEBUG Engine               - globalMusicVolume: 0.5
12:58:17.835 [FXGL Background Thread 3 ] DEBUG Engine               - globalMusicVolumeProperty: DoubleProperty [value: 0.5]
12:58:17.836 [FXGL Background Thread 3 ] DEBUG Engine               - globalSoundVolume: 0.5
12:58:17.836 [FXGL Background Thread 3 ] DEBUG Engine               - globalSoundVolumeProperty: DoubleProperty [value: 0.5]
12:58:17.836 [FXGL Background Thread 3 ] DEBUG Engine               - height: 720
12:58:17.836 [FXGL Background Thread 3 ] DEBUG Engine               - is3D: false
12:58:17.836 [FXGL Background Thread 3 ] DEBUG Engine               - isAndroid: false
12:58:17.836 [FXGL Background Thread 3 ] DEBUG Engine               - isBrowser: false
12:58:17.836 [FXGL Background Thread 3 ] DEBUG Engine               - isClickFeedbackEnabled: false
12:58:17.837 [FXGL Background Thread 3 ] DEBUG Engine               - isCloseConfirmation: false
12:58:17.837 [FXGL Background Thread 3 ] DEBUG Engine               - isDesktop: true
12:58:17.837 [FXGL Background Thread 3 ] DEBUG Engine               - isDeveloperMenuEnabled: false
12:58:17.837 [FXGL Background Thread 3 ] DEBUG Engine               - isEmbedded: false
12:58:17.837 [FXGL Background Thread 3 ] DEBUG Engine               - isEntityPreloadEnabled: true
12:58:17.837 [FXGL Background Thread 3 ] DEBUG Engine               - isExperimentalTiledLargeMap: false
12:58:17.837 [FXGL Background Thread 3 ] DEBUG Engine               - isFileSystemWriteAllowed: true
12:58:17.838 [FXGL Background Thread 3 ] DEBUG Engine               - isFullScreenAllowed: false
12:58:17.838 [FXGL Background Thread 3 ] DEBUG Engine               - isFullScreenFromStart: false
12:58:17.838 [FXGL Background Thread 3 ] DEBUG Engine               - isGameMenuEnabled: false
12:58:17.838 [FXGL Background Thread 3 ] DEBUG Engine               - isIOS: false
12:58:17.838 [FXGL Background Thread 3 ] DEBUG Engine               - isIntroEnabled: false
12:58:17.838 [FXGL Background Thread 3 ] DEBUG Engine               - isLinux: false
12:58:17.838 [FXGL Background Thread 3 ] DEBUG Engine               - isMac: true
12:58:17.838 [FXGL Background Thread 3 ] DEBUG Engine               - isMainMenuEnabled: false
12:58:17.838 [FXGL Background Thread 3 ] DEBUG Engine               - isManualResizeEnabled: false
12:58:17.839 [FXGL Background Thread 3 ] DEBUG Engine               - isMobile: false
12:58:17.839 [FXGL Background Thread 3 ] DEBUG Engine               - isNative: false
12:58:17.839 [FXGL Background Thread 3 ] DEBUG Engine               - isPauseMusicWhenMinimized: true
12:58:17.839 [FXGL Background Thread 3 ] DEBUG Engine               - isPreserveResizeRatio: true
12:58:17.839 [FXGL Background Thread 3 ] DEBUG Engine               - isProfilingEnabled: false
12:58:17.839 [FXGL Background Thread 3 ] DEBUG Engine               - isScaleAffectedOnResize: true
12:58:17.840 [FXGL Background Thread 3 ] DEBUG Engine               - isSingleStep: false
12:58:17.840 [FXGL Background Thread 3 ] DEBUG Engine               - isUserProfileEnabled: false
12:58:17.840 [FXGL Background Thread 3 ] DEBUG Engine               - isWindows: false
12:58:17.840 [FXGL Background Thread 3 ] DEBUG Engine               - language: ObjectProperty [value: ENGLISH]
12:58:17.840 [FXGL Background Thread 3 ] DEBUG Engine               - menuKey: ESCAPE
12:58:17.840 [FXGL Background Thread 3 ] DEBUG Engine               - mouseSensitivity: 0.2
12:58:17.841 [FXGL Background Thread 3 ] DEBUG Engine               - notificationViewClass: class com.almasb.fxgl.notification.view.XboxNotificationView
12:58:17.841 [FXGL Background Thread 3 ] DEBUG Engine               - pixelsPerMeter: 50.0
12:58:17.841 [FXGL Background Thread 3 ] DEBUG Engine               - platform: MAC
12:58:17.841 [FXGL Background Thread 3 ] DEBUG Engine               - prefHeightProperty: ReadOnlyDoubleProperty [value: 720.0]
12:58:17.841 [FXGL Background Thread 3 ] DEBUG Engine               - prefWidthProperty: ReadOnlyDoubleProperty [value: 1280.0]
12:58:17.841 [FXGL Background Thread 3 ] DEBUG Engine               - profileDir: profiles/
12:58:17.842 [FXGL Background Thread 3 ] DEBUG Engine               - profileName: StringProperty [value: DEFAULT]
12:58:17.842 [FXGL Background Thread 3 ] DEBUG Engine               - randomSeed: -1
12:58:17.842 [FXGL Background Thread 3 ] DEBUG Engine               - runtimeInfo: RuntimeInfo(platform=MAC, version=21.1, build=27.03.2024 07.52)
12:58:17.842 [FXGL Background Thread 3 ] DEBUG Engine               - saveFileExt: sav
12:58:17.843 [FXGL Background Thread 3 ] DEBUG Engine               - scaledHeightProp$fxgl: DoubleProperty [bound, value: 720.0]
12:58:17.844 [FXGL Background Thread 3 ] DEBUG Engine               - scaledWidthProp$fxgl: DoubleProperty [bound, value: 1280.0]
12:58:17.844 [FXGL Background Thread 3 ] DEBUG Engine               - sceneFactory: com.almasb.fxgl.app.scene.SceneFactory@435cf23e
12:58:17.845 [FXGL Background Thread 3 ] DEBUG Engine               - secondsIn24h: 60
12:58:17.845 [FXGL Background Thread 3 ] DEBUG Engine               - soundMenuBack: menu/back.wav
12:58:17.845 [FXGL Background Thread 3 ] DEBUG Engine               - soundMenuPress: menu/press.wav
12:58:17.846 [FXGL Background Thread 3 ] DEBUG Engine               - soundMenuSelect: menu/select.wav
12:58:17.846 [FXGL Background Thread 3 ] DEBUG Engine               - soundNotification: core/notification.wav
12:58:17.846 [FXGL Background Thread 3 ] DEBUG Engine               - stageStyle: DECORATED
12:58:17.848 [FXGL Background Thread 3 ] DEBUG Engine               - supportedLanguages: [ENGLISH, FRENCH, GERMAN, HUNGARIAN, RUSSIAN]
12:58:17.848 [FXGL Background Thread 3 ] DEBUG Engine               - ticksPerSecond: -1
12:58:17.848 [FXGL Background Thread 3 ] DEBUG Engine               - title: TypeWiz - Winter Theme
12:58:17.848 [FXGL Background Thread 3 ] DEBUG Engine               - urlGithub: https://github.com/AlmasB/FXGL
12:58:17.848 [FXGL Background Thread 3 ] DEBUG Engine               - urlLeaderboard: http://fxgl-top.herokuapp.com/
12:58:17.849 [FXGL Background Thread 3 ] DEBUG Engine               - urlPOM: https://raw.githubusercontent.com/AlmasB/FXGL/release/README.md
12:58:17.849 [FXGL Background Thread 3 ] DEBUG Engine               - userAppClass: class com.oop2.typewiz.GameplayComponents.Game
12:58:17.849 [FXGL Background Thread 3 ] DEBUG Engine               - version: 0.0
12:58:17.849 [FXGL Background Thread 3 ] DEBUG Engine               - versionCheckDays: 7
12:58:17.849 [FXGL Background Thread 3 ] DEBUG Engine               - width: 1280
12:58:17.849 [FXGL Background Thread 3 ] DEBUG Engine               - Logging services
12:58:17.850 [FXGL Background Thread 3 ] DEBUG Engine               - class com.almasb.fxgl.app.services.FXGLAssetLoaderService
12:58:17.850 [FXGL Background Thread 3 ] DEBUG Engine               - class com.almasb.fxgl.app.FXGLApplication$GameApplicationService
12:58:17.850 [FXGL Background Thread 3 ] DEBUG Engine               - class com.almasb.fxgl.app.services.FXGLDialogService
12:58:17.850 [FXGL Background Thread 3 ] DEBUG Engine               - class com.almasb.fxgl.app.services.IOTaskExecutorService
12:58:17.850 [FXGL Background Thread 3 ] DEBUG Engine               - class com.almasb.fxgl.io.FileSystemService
12:58:17.850 [FXGL Background Thread 3 ] DEBUG Engine               - class com.almasb.fxgl.localization.LocalizationService
12:58:17.850 [FXGL Background Thread 3 ] DEBUG Engine               - class com.almasb.fxgl.app.services.SystemBundleService
12:58:17.851 [FXGL Background Thread 3 ] DEBUG Engine               - class com.almasb.fxgl.profile.SaveLoadService
12:58:17.851 [FXGL Background Thread 3 ] DEBUG Engine               - class com.almasb.fxgl.ui.FXGLUIFactoryServiceProvider
12:58:17.851 [FXGL Background Thread 3 ] DEBUG Engine               - class com.almasb.fxgl.ui.FXGLDialogFactoryServiceProvider
12:58:17.851 [FXGL Background Thread 3 ] DEBUG Engine               - class com.almasb.fxgl.audio.AudioPlayer
12:58:17.852 [FXGL Background Thread 3 ] DEBUG Engine               - class com.almasb.fxgl.notification.impl.NotificationServiceProvider
12:58:17.852 [FXGL Background Thread 3 ] DEBUG Engine               - class com.almasb.fxgl.achievement.AchievementService
12:58:17.852 [FXGL Background Thread 3 ] DEBUG Engine               - class com.almasb.fxgl.cutscene.CutsceneService
12:58:17.852 [FXGL Background Thread 3 ] DEBUG Engine               - class com.almasb.fxgl.minigames.MiniGameService
12:58:17.853 [FXGL Background Thread 3 ] DEBUG Engine               - class com.almasb.fxgl.net.NetService
12:58:17.853 [FXGL Background Thread 3 ] DEBUG Engine               - class com.almasb.fxgl.app.services.UpdaterService
12:58:17.853 [FXGL Background Thread 3 ] DEBUG Engine               - class com.almasb.fxgl.dev.DevService
12:58:19.031 [FXGL Background Thread 4 ] WARN  GameWorld            - Attempted to remove entity which is not active
12:58:19.034 [FXGL Background Thread 4 ] WARN  GameWorld            - Attempted to remove entity which is not active
12:58:19.035 [FXGL Background Thread 4 ] WARN  GameWorld            - Attempted to remove entity which is not active
12:58:19.037 [FXGL Background Thread 4 ] WARN  GameWorld            - Attempted to remove entity which is not active
12:58:19.040 [FXGL Background Thread 4 ] WARN  GameWorld            - Attempted to remove entity which is not active
12:58:19.141 [FXGL Background Thread 4 ] WARN  GameWorld            - Attempted to remove entity which is not active
12:58:19.156 [FXGL Background Thread 4 ] WARN  GameWorld            - Attempted to remove entity which is not active
12:58:19.159 [FXGL Background Thread 4 ] WARN  GameWorld            - Attempted to remove entity which is not active
12:58:19.161 [FXGL Background Thread 4 ] WARN  GameWorld            - Attempted to remove entity which is not active
12:58:19.162 [FXGL Background Thread 4 ] WARN  GameWorld            - Attempted to remove entity which is not active
12:58:19.177 [FXGL Background Thread 4 ] DEBUG FXGLAssetLoaderServi - Loading from file system: file:/Users/archiecabiso/Documents/2nd%20Year%20-%20CS/2nd%20Sem/CSIT228/OOP2-Capstone/target/classes/assets/textures/mobs/gargoyle/gargoyle.png
12:58:19.753 [FXGL Background Thread 4 ] INFO  FXGLApplication      - Game initialization took: 3.934 sec
12:58:19.784 [JavaFX Application Thread] DEBUG Input                - Clearing active input actions
12:58:19.816 [JavaFX Application Thread] DEBUG GameApplicationServi - Removing overlay from FXGLLoadingScene and adding to GameScene
12:58:19.817 [JavaFX Application Thread] DEBUG PrimaryStageWindow   - FXGLLoadingScene -> GameScene
13:01:10.990 [JavaFX Application Thread] DEBUG FXGLApplication      - Exiting FXGL
13:01:10.992 [JavaFX Application Thread] DEBUG LoopRunner           - Stopping loop
13:01:10.992 [JavaFX Application Thread] DEBUG SystemBundleService  - Saving FXGL system data
13:01:11.043 [JavaFX Application Thread] DEBUG FileSystemAccess     - Writing to: /Users/archiecabiso/Documents/2nd Year - CS/2nd Sem/CSIT228/OOP2-Capstone/system/fxgl.bundle
13:01:11.063 [JavaFX Application Thread] DEBUG Async                - Shutting down background threads
13:01:11.067 [JavaFX Application Thread] DEBUG PrimaryStageWindow   - Closing main window
13:01:11.151 [JavaFX Application Thread] DEBUG Logger               - Closing Logger
