06:23:01.481 [main                     ] DEBUG Logger               - Configured Logger
06:23:01.511 [main                     ] DEBUG GameApplication      - Logging settings
Title: TypeWiz - Winter Theme
Version: 0.0
Width: 1280
Height: 720
Fullscreen: false
Intro: false
Profiling: false
Single step:false
App Mode: DEVELOPER
Menu Key: ESCAPE
Stage Style: DECORATED
Scene Factory: class com.almasb.fxgl.app.scene.SceneFactory

06:23:01.790 [JavaFX Application Thread] DEBUG FXGLApplication      - Initializing FXGL
06:23:01.794 [JavaFX Application Thread] INFO  Engine               - FXGL-21.1 (27.03.2024 07.52) on WINDOWS (J:21.0.3 FX:19)
06:23:01.795 [JavaFX Application Thread] DEBUG Engine               - JRE Vendor Name: Oracle Corporation
06:23:01.795 [JavaFX Application Thread] DEBUG Engine               - Running on OS: Windows 11 version 10.0
06:23:01.795 [JavaFX Application Thread] DEBUG Engine               - Architecture: amd64
06:23:01.795 [JavaFX Application Thread] INFO  Engine               - Source code and latest versions at: https://github.com/AlmasB/FXGL
06:23:01.795 [JavaFX Application Thread] INFO  Engine               -       Ask questions and discuss at: https://github.com/AlmasB/FXGL/discussions
06:23:01.796 [JavaFX Application Thread] INFO  Engine               -              Join the FXGL chat at: https://gitter.im/AlmasB/FXGL
06:23:01.864 [JavaFX Application Thread] DEBUG PrimaryStageWindow   - Creating a JavaFX scene
06:23:01.900 [JavaFX Application Thread] DEBUG PrimaryStageWindow   - Target settings size: 1280.0 x 720.0
06:23:01.900 [JavaFX Application Thread] DEBUG PrimaryStageWindow   - Scaled scene size:    1280.0 x 720.0
06:23:01.900 [JavaFX Application Thread] DEBUG PrimaryStageWindow   - Scaled ratio: (1.0, 1.0)
06:23:01.901 [JavaFX Application Thread] DEBUG PrimaryStageWindow   - Set initial scene to FXGLStartupScene
06:23:01.903 [JavaFX Application Thread] DEBUG PrimaryStageWindow   - Opening main window
06:23:01.970 [JavaFX Application Thread] DEBUG PrimaryStageWindow   - Window border size: (14.4000244140625, 37.5999755859375)
06:23:01.970 [JavaFX Application Thread] DEBUG PrimaryStageWindow   - Scaled size: 1280.0 x 720.0
06:23:01.970 [JavaFX Application Thread] DEBUG PrimaryStageWindow   - Scaled ratio: (1.0, 1.0)
06:23:01.970 [JavaFX Application Thread] DEBUG PrimaryStageWindow   - Scene size: 1280.0 x 720.0
06:23:01.972 [JavaFX Application Thread] DEBUG PrimaryStageWindow   - Stage size: 1294.4000244140625 x 757.5999755859375
06:23:01.980 [FXGL Background Thread 1 ] DEBUG Engine               - Initializing environment variables
06:23:02.035 [FXGL Background Thread 1 ] DEBUG FXGLAssetLoaderServi - User app class for loading assets: class com.oop2.typewiz.GameplayComponents.Game
06:23:02.035 [FXGL Background Thread 1 ] DEBUG GameApplicationServi - Applying CSS: fxgl_dark.css
06:23:02.036 [FXGL Background Thread 1 ] DEBUG FXGLAssetLoaderServi - Loading from file system: jar:file:///C:/Users/Ruhmer%20Jairus/.m2/repository/com/github/almasb/fxgl/21.1/fxgl-21.1.jar!/fxglassets/ui/css/fxgl_dark.css
06:23:02.080 [FXGL Background Thread 1 ] DEBUG GameApplicationServi - Initializing application scenes
06:23:02.156 [FXGL Background Thread 1 ] DEBUG GameWorld            - Game world initialized
06:23:02.219 [FXGL Background Thread 1 ] DEBUG PhysicsWorld         - Physics world initialized: appHeight=720, physics.ppm=50.0
06:23:02.219 [FXGL Background Thread 1 ] DEBUG PhysicsWorld         - Using strategy: BRUTE_FORCE
06:23:02.223 [FXGL Background Thread 1 ] DEBUG GameScene            - Game scene initialized: 1280x720
06:23:02.232 [FXGL Background Thread 1 ] DEBUG FXGL.DefaultMenu     - createMenuBodyGameMenu()
06:23:02.241 [FXGL Background Thread 1 ] DEBUG FXGL.DefaultMenu     - createOptionsMenu()
06:23:02.248 [FXGL Background Thread 1 ] DEBUG FXGLAssetLoaderServi - Loading from file system: jar:file:///C:/Users/Ruhmer%20Jairus/.m2/repository/com/github/almasb/fxgl/21.1/fxgl-21.1.jar!/fxglassets/textures/particles/smoke.png
06:23:02.335 [FXGL Background Thread 1 ] DEBUG FXGLAssetLoaderServi - Loading from file system: jar:file:///C:/Users/Ruhmer%20Jairus/.m2/repository/com/github/almasb/fxgl/21.1/fxgl-21.1.jar!/fxglassets/textures/particles/trace_horizontal.png
06:23:02.361 [FXGL Background Thread 1 ] DEBUG GameApplicationServi - Application scenes initialized
06:23:02.373 [FXGL Background Thread 1 ] DEBUG SystemBundleService  - Loading FXGL system data
06:23:02.377 [FXGL Background Thread 1 ] DEBUG FileSystemAccess     - Reading from: C:\Users\Ruhmer Jairus\OOP2-Capstone\system\fxgl.bundle
06:23:02.386 [FXGL Background Thread 1 ] DEBUG SystemBundleService  - Bundle FXGL: {}
06:23:02.386 [FXGL Background Thread 1 ] DEBUG UpdaterService       - Checking for updates
06:23:02.390 [FXGL Background Thread 4 ] DEBUG FXGLApplication      - Loading fonts
06:23:02.390 [FXGL Background Thread 4 ] DEBUG FXGLAssetLoaderServi - Loading from file system: jar:file:///C:/Users/Ruhmer%20Jairus/.m2/repository/com/github/almasb/fxgl/21.1/fxgl-21.1.jar!/fxglassets/ui/fonts/VarelaRound-Regular.ttf
06:23:02.390 [FXGL Background Thread 1 ] DEBUG FXGLApplication      - Loading default localization
06:23:02.390 [FXGL Background Thread 1 ] DEBUG FXGLAssetLoaderServi - Loading from file system: jar:file:///C:/Users/Ruhmer%20Jairus/.m2/repository/com/github/almasb/fxgl/21.1/fxgl-21.1.jar!/fxglassets/languages/english.lang
06:23:02.432 [FXGL Background Thread 4 ] DEBUG FXGLAssetLoaderServi - Loading from file system: jar:file:///C:/Users/Ruhmer%20Jairus/.m2/repository/com/github/almasb/fxgl/21.1/fxgl-21.1.jar!/fxglassets/ui/fonts/Abel-Regular.ttf
06:23:02.436 [FXGL Background Thread 4 ] DEBUG FXGLAssetLoaderServi - Loading from file system: jar:file:///C:/Users/Ruhmer%20Jairus/.m2/repository/com/github/almasb/fxgl/21.1/fxgl-21.1.jar!/fxglassets/ui/fonts/TerminalLandMono-Regular.otf
06:23:02.440 [FXGL Background Thread 4 ] DEBUG FXGLAssetLoaderServi - Loading from file system: jar:file:///C:/Users/Ruhmer%20Jairus/.m2/repository/com/github/almasb/fxgl/21.1/fxgl-21.1.jar!/fxglassets/ui/fonts/Courier-Prime.ttf
06:23:02.447 [JavaFX Application Thread] DEBUG FXGLApplication      - Registering font factories with UI factory
06:23:02.450 [FXGL Background Thread 1 ] INFO  FXGLApplication      - FXGL initialization took: 0.470 sec
06:23:02.451 [JavaFX Application Thread] DEBUG FXGLAssetLoaderServi - Loading from file system: jar:file:///C:/Users/Ruhmer%20Jairus/.m2/repository/com/github/almasb/fxgl/21.1/fxgl-21.1.jar!/fxglassets/textures/fxgl_icon.png
06:23:02.471 [JavaFX Application Thread] DEBUG FXGLAssetLoaderServi - Loading from file system: jar:file:///C:/Users/Ruhmer%20Jairus/.m2/repository/com/github/almasb/fxgl/21.1/fxgl-21.1.jar!/fxglassets/textures/fxgl_default_cursor.png
06:23:02.480 [JavaFX Application Thread] DEBUG Input                - Registered new binding: Screenshot - CTRL+8
06:23:02.481 [JavaFX Application Thread] DEBUG Input                - Registered new binding: System info dump - CTRL+9
06:23:02.482 [JavaFX Application Thread] DEBUG Input                - Registered new binding: Restart - CTRL+R
06:23:02.484 [JavaFX Application Thread] DEBUG Input                - Registered new binding: Toggle Debug Camera - CTRL+7
06:23:02.490 [JavaFX Application Thread] DEBUG LoopRunner           - Starting loop
06:23:02.490 [JavaFX Application Thread] DEBUG LoopRunner           - Initializing JavaFX AnimationTimerLoop
06:23:02.494 [JavaFX Application Thread] DEBUG GameApplicationServi - Starting new game
06:23:02.495 [JavaFX Application Thread] DEBUG Input                - Clearing active input actions
06:23:02.512 [JavaFX Application Thread] DEBUG GameApplicationServi - Removing overlay from FXGLStartupScene and adding to FXGLLoadingScene
06:23:02.512 [JavaFX Application Thread] DEBUG PrimaryStageWindow   - FXGLStartupScene -> FXGLLoadingScene
06:23:02.512 [JavaFX Application Thread] DEBUG GameApplicationServi - Clearing previous game
06:23:02.512 [JavaFX Application Thread] DEBUG GameScene            - Clearing game scene
06:23:02.512 [JavaFX Application Thread] DEBUG GameWorld            - Clearing game world
06:23:02.513 [JavaFX Application Thread] DEBUG PhysicsWorld         - Clearing physics world
06:23:02.516 [FXGL Background Thread 1 ] DEBUG FXGLApplication      - Initializing game
06:23:02.518 [FXGL Background Thread 1 ] DEBUG FXGLAssetLoaderServi - Loading from file system: file:/C:/Users/Ruhmer%20Jairus/OOP2-Capstone/target/classes/assets/textures/background-and-platforms/bg-winter_1280_720.png
06:23:02.562 [FXGL Background Thread 1 ] DEBUG FXGLAssetLoaderServi - Loading from file system: file:/C:/Users/Ruhmer%20Jairus/OOP2-Capstone/target/classes/assets/textures/background-and-platforms/hdlargerplatform-winter.png
06:23:02.663 [FXGL Background Thread 1 ] DEBUG FXGLAssetLoaderServi - Loading from file system: file:/C:/Users/Ruhmer%20Jairus/OOP2-Capstone/target/classes/assets/textures/wizard/wizard.png
06:23:02.765 [FXGL Background Thread 1 ] INFO  FXGLApplication      - Game initialization took: 0.249 sec
06:23:02.766 [JavaFX Application Thread] DEBUG Input                - Clearing active input actions
06:23:02.777 [JavaFX Application Thread] DEBUG GameApplicationServi - Removing overlay from FXGLLoadingScene and adding to GameScene
06:23:02.777 [JavaFX Application Thread] DEBUG PrimaryStageWindow   - FXGLLoadingScene -> GameScene
06:23:05.390 [FXGL Background Thread 3 ] DEBUG Engine               - Logging environment variables
06:23:05.390 [FXGL Background Thread 3 ] DEBUG Engine               - achievements: []
06:23:05.390 [FXGL Background Thread 3 ] DEBUG Engine               - actualHeight: 720.0
06:23:05.390 [FXGL Background Thread 3 ] DEBUG Engine               - actualHeightProperty: ReadOnlyDoubleProperty [value: 720.0]
06:23:05.390 [FXGL Background Thread 3 ] DEBUG Engine               - actualWidth: 1280.0
06:23:05.390 [FXGL Background Thread 3 ] DEBUG Engine               - actualWidthProperty: ReadOnlyDoubleProperty [value: 1280.0]
06:23:05.390 [FXGL Background Thread 3 ] DEBUG Engine               - appIcon: fxgl_icon.png
06:23:05.390 [FXGL Background Thread 3 ] DEBUG Engine               - applicationMode: DEVELOPER
06:23:05.390 [FXGL Background Thread 3 ] DEBUG Engine               - cSSList: [fxgl_dark.css]
06:23:05.390 [FXGL Background Thread 3 ] DEBUG Engine               - collisionDetectionStrategy: BRUTE_FORCE
06:23:05.391 [FXGL Background Thread 3 ] DEBUG Engine               - configClass: Optional.empty
06:23:05.391 [FXGL Background Thread 3 ] DEBUG Engine               - credits: []
06:23:05.391 [FXGL Background Thread 3 ] DEBUG Engine               - defaultCursor: CursorInfo(imageName=fxgl_default_cursor.png, hotspotX=7.0, hotspotY=6.0)
06:23:05.391 [FXGL Background Thread 3 ] DEBUG Engine               - devBBoxColorProperty: ObjectProperty [value: 0xff0000ff]
06:23:05.391 [FXGL Background Thread 3 ] DEBUG Engine               - devEnableDebugCameraProperty: BooleanProperty [value: false]
06:23:05.391 [FXGL Background Thread 3 ] DEBUG Engine               - devSensorColorProperty: ObjectProperty [value: 0xffff00ff]
06:23:05.391 [FXGL Background Thread 3 ] DEBUG Engine               - devShowBBoxProperty: BooleanProperty [value: false]
06:23:05.391 [FXGL Background Thread 3 ] DEBUG Engine               - devShowPositionProperty: BooleanProperty [value: false]
06:23:05.391 [FXGL Background Thread 3 ] DEBUG Engine               - enabledMenuItems: []
06:23:05.391 [FXGL Background Thread 3 ] DEBUG Engine               - engineServices: [class com.almasb.fxgl.app.services.FXGLAssetLoaderService, class com.almasb.fxgl.app.FXGLApplication$GameApplicationService, class com.almasb.fxgl.app.services.FXGLDialogService, class com.almasb.fxgl.app.services.IOTaskExecutorService, class com.almasb.fxgl.io.FileSystemService, class com.almasb.fxgl.localization.LocalizationService, class com.almasb.fxgl.app.services.SystemBundleService, class com.almasb.fxgl.profile.SaveLoadService, class com.almasb.fxgl.ui.FXGLUIFactoryServiceProvider, class com.almasb.fxgl.ui.FXGLDialogFactoryServiceProvider, class com.almasb.fxgl.audio.AudioPlayer, class com.almasb.fxgl.notification.impl.NotificationServiceProvider, class com.almasb.fxgl.achievement.AchievementService, class com.almasb.fxgl.cutscene.CutsceneService, class com.almasb.fxgl.minigames.MiniGameService, class com.almasb.fxgl.net.NetService, class com.almasb.fxgl.app.services.UpdaterService, class com.almasb.fxgl.dev.DevService]
06:23:05.391 [FXGL Background Thread 3 ] DEBUG Engine               - fontGame: Abel-Regular.ttf
06:23:05.391 [FXGL Background Thread 3 ] DEBUG Engine               - fontMono: TerminalLandMono-Regular.otf
06:23:05.392 [FXGL Background Thread 3 ] DEBUG Engine               - fontSizeScaleUI: 1.0
06:23:05.392 [FXGL Background Thread 3 ] DEBUG Engine               - fontText: Courier-Prime.ttf
06:23:05.392 [FXGL Background Thread 3 ] DEBUG Engine               - fontUI: VarelaRound-Regular.ttf
06:23:05.392 [FXGL Background Thread 3 ] DEBUG Engine               - fullScreen: BooleanProperty [value: false]
06:23:05.392 [FXGL Background Thread 3 ] DEBUG Engine               - gameDifficulty: MEDIUM
06:23:05.392 [FXGL Background Thread 3 ] DEBUG Engine               - gameDifficultyProperty: ObjectProperty [value: MEDIUM]
06:23:05.392 [FXGL Background Thread 3 ] DEBUG Engine               - globalMusicVolume: 0.5
06:23:05.392 [FXGL Background Thread 3 ] DEBUG Engine               - globalMusicVolumeProperty: DoubleProperty [value: 0.5]
06:23:05.392 [FXGL Background Thread 3 ] DEBUG Engine               - globalSoundVolume: 0.5
06:23:05.392 [FXGL Background Thread 3 ] DEBUG Engine               - globalSoundVolumeProperty: DoubleProperty [value: 0.5]
06:23:05.392 [FXGL Background Thread 3 ] DEBUG Engine               - height: 720
06:23:05.392 [FXGL Background Thread 3 ] DEBUG Engine               - is3D: false
06:23:05.392 [FXGL Background Thread 3 ] DEBUG Engine               - isAndroid: false
06:23:05.392 [FXGL Background Thread 3 ] DEBUG Engine               - isBrowser: false
06:23:05.392 [FXGL Background Thread 3 ] DEBUG Engine               - isClickFeedbackEnabled: false
06:23:05.392 [FXGL Background Thread 3 ] DEBUG Engine               - isCloseConfirmation: false
06:23:05.392 [FXGL Background Thread 3 ] DEBUG Engine               - isDesktop: true
06:23:05.392 [FXGL Background Thread 3 ] DEBUG Engine               - isDeveloperMenuEnabled: false
06:23:05.392 [FXGL Background Thread 3 ] DEBUG Engine               - isEmbedded: false
06:23:05.392 [FXGL Background Thread 3 ] DEBUG Engine               - isEntityPreloadEnabled: true
06:23:05.392 [FXGL Background Thread 3 ] DEBUG Engine               - isExperimentalTiledLargeMap: false
06:23:05.392 [FXGL Background Thread 3 ] DEBUG Engine               - isFileSystemWriteAllowed: true
06:23:05.392 [FXGL Background Thread 3 ] DEBUG Engine               - isFullScreenAllowed: false
06:23:05.392 [FXGL Background Thread 3 ] DEBUG Engine               - isFullScreenFromStart: false
06:23:05.392 [FXGL Background Thread 3 ] DEBUG Engine               - isGameMenuEnabled: true
06:23:05.392 [FXGL Background Thread 3 ] DEBUG Engine               - isIOS: false
06:23:05.392 [FXGL Background Thread 3 ] DEBUG Engine               - isIntroEnabled: false
06:23:05.392 [FXGL Background Thread 3 ] DEBUG Engine               - isLinux: false
06:23:05.393 [FXGL Background Thread 3 ] DEBUG Engine               - isMac: false
06:23:05.393 [FXGL Background Thread 3 ] DEBUG Engine               - isMainMenuEnabled: false
06:23:05.393 [FXGL Background Thread 3 ] DEBUG Engine               - isManualResizeEnabled: false
06:23:05.393 [FXGL Background Thread 3 ] DEBUG Engine               - isMobile: false
06:23:05.393 [FXGL Background Thread 3 ] DEBUG Engine               - isNative: false
06:23:05.393 [FXGL Background Thread 3 ] DEBUG Engine               - isPauseMusicWhenMinimized: true
06:23:05.393 [FXGL Background Thread 3 ] DEBUG Engine               - isPreserveResizeRatio: false
06:23:05.393 [FXGL Background Thread 3 ] DEBUG Engine               - isProfilingEnabled: false
06:23:05.393 [FXGL Background Thread 3 ] DEBUG Engine               - isScaleAffectedOnResize: true
06:23:05.393 [FXGL Background Thread 3 ] DEBUG Engine               - isSingleStep: false
06:23:05.393 [FXGL Background Thread 3 ] DEBUG Engine               - isUserProfileEnabled: false
06:23:05.393 [FXGL Background Thread 3 ] DEBUG Engine               - isWindows: true
06:23:05.393 [FXGL Background Thread 3 ] DEBUG Engine               - language: ObjectProperty [value: ENGLISH]
06:23:05.393 [FXGL Background Thread 3 ] DEBUG Engine               - menuKey: ESCAPE
06:23:05.393 [FXGL Background Thread 3 ] DEBUG Engine               - mouseSensitivity: 0.2
06:23:05.393 [FXGL Background Thread 3 ] DEBUG Engine               - notificationViewClass: class com.almasb.fxgl.notification.view.XboxNotificationView
06:23:05.393 [FXGL Background Thread 3 ] DEBUG Engine               - pixelsPerMeter: 50.0
06:23:05.393 [FXGL Background Thread 3 ] DEBUG Engine               - platform: WINDOWS
06:23:05.393 [FXGL Background Thread 3 ] DEBUG Engine               - prefHeightProperty: ReadOnlyDoubleProperty [value: 720.0]
06:23:05.393 [FXGL Background Thread 3 ] DEBUG Engine               - prefWidthProperty: ReadOnlyDoubleProperty [value: 1280.0]
06:23:05.393 [FXGL Background Thread 3 ] DEBUG Engine               - profileDir: profiles/
06:23:05.393 [FXGL Background Thread 3 ] DEBUG Engine               - profileName: StringProperty [value: DEFAULT]
06:23:05.393 [FXGL Background Thread 3 ] DEBUG Engine               - randomSeed: -1
06:23:05.394 [FXGL Background Thread 3 ] DEBUG Engine               - runtimeInfo: RuntimeInfo(platform=WINDOWS, version=21.1, build=27.03.2024 07.52)
06:23:05.394 [FXGL Background Thread 3 ] DEBUG Engine               - saveFileExt: sav
06:23:05.394 [FXGL Background Thread 3 ] DEBUG Engine               - scaledHeightProp$fxgl: DoubleProperty [bound, value: 720.0]
06:23:05.394 [FXGL Background Thread 3 ] DEBUG Engine               - scaledWidthProp$fxgl: DoubleProperty [bound, value: 1280.0]
06:23:05.394 [FXGL Background Thread 3 ] DEBUG Engine               - sceneFactory: com.almasb.fxgl.app.scene.SceneFactory@2a038a72
06:23:05.394 [FXGL Background Thread 3 ] DEBUG Engine               - secondsIn24h: 60
06:23:05.394 [FXGL Background Thread 3 ] DEBUG Engine               - soundMenuBack: menu/back.wav
06:23:05.394 [FXGL Background Thread 3 ] DEBUG Engine               - soundMenuPress: menu/press.wav
06:23:05.394 [FXGL Background Thread 3 ] DEBUG Engine               - soundMenuSelect: menu/select.wav
06:23:05.394 [FXGL Background Thread 3 ] DEBUG Engine               - soundNotification: core/notification.wav
06:23:05.394 [FXGL Background Thread 3 ] DEBUG Engine               - stageStyle: DECORATED
06:23:05.394 [FXGL Background Thread 3 ] DEBUG Engine               - supportedLanguages: [ENGLISH, FRENCH, GERMAN, HUNGARIAN, RUSSIAN]
06:23:05.394 [FXGL Background Thread 3 ] DEBUG Engine               - ticksPerSecond: -1
06:23:05.394 [FXGL Background Thread 3 ] DEBUG Engine               - title: TypeWiz - Winter Theme
06:23:05.394 [FXGL Background Thread 3 ] DEBUG Engine               - urlGithub: https://github.com/AlmasB/FXGL
06:23:05.394 [FXGL Background Thread 3 ] DEBUG Engine               - urlLeaderboard: http://fxgl-top.herokuapp.com/
06:23:05.394 [FXGL Background Thread 3 ] DEBUG Engine               - urlPOM: https://raw.githubusercontent.com/AlmasB/FXGL/release/README.md
06:23:05.394 [FXGL Background Thread 3 ] DEBUG Engine               - userAppClass: class com.oop2.typewiz.GameplayComponents.Game
06:23:05.394 [FXGL Background Thread 3 ] DEBUG Engine               - version: 0.0
06:23:05.394 [FXGL Background Thread 3 ] DEBUG Engine               - versionCheckDays: 7
06:23:05.394 [FXGL Background Thread 3 ] DEBUG Engine               - width: 1280
06:23:05.394 [FXGL Background Thread 3 ] DEBUG Engine               - Logging services
06:23:05.394 [FXGL Background Thread 3 ] DEBUG Engine               - class com.almasb.fxgl.app.services.FXGLAssetLoaderService
06:23:05.394 [FXGL Background Thread 3 ] DEBUG Engine               - class com.almasb.fxgl.app.FXGLApplication$GameApplicationService
06:23:05.394 [FXGL Background Thread 3 ] DEBUG Engine               - class com.almasb.fxgl.app.services.FXGLDialogService
06:23:05.394 [FXGL Background Thread 3 ] DEBUG Engine               - class com.almasb.fxgl.app.services.IOTaskExecutorService
06:23:05.394 [FXGL Background Thread 3 ] DEBUG Engine               - class com.almasb.fxgl.io.FileSystemService
06:23:05.395 [FXGL Background Thread 3 ] DEBUG Engine               - class com.almasb.fxgl.localization.LocalizationService
06:23:05.395 [FXGL Background Thread 3 ] DEBUG Engine               - class com.almasb.fxgl.app.services.SystemBundleService
06:23:05.395 [FXGL Background Thread 3 ] DEBUG Engine               - class com.almasb.fxgl.profile.SaveLoadService
06:23:05.395 [FXGL Background Thread 3 ] DEBUG Engine               - class com.almasb.fxgl.ui.FXGLUIFactoryServiceProvider
06:23:05.395 [FXGL Background Thread 3 ] DEBUG Engine               - class com.almasb.fxgl.ui.FXGLDialogFactoryServiceProvider
06:23:05.395 [FXGL Background Thread 3 ] DEBUG Engine               - class com.almasb.fxgl.audio.AudioPlayer
06:23:05.395 [FXGL Background Thread 3 ] DEBUG Engine               - class com.almasb.fxgl.notification.impl.NotificationServiceProvider
06:23:05.395 [FXGL Background Thread 3 ] DEBUG Engine               - class com.almasb.fxgl.achievement.AchievementService
06:23:05.395 [FXGL Background Thread 3 ] DEBUG Engine               - class com.almasb.fxgl.cutscene.CutsceneService
06:23:05.395 [FXGL Background Thread 3 ] DEBUG Engine               - class com.almasb.fxgl.minigames.MiniGameService
06:23:05.395 [FXGL Background Thread 3 ] DEBUG Engine               - class com.almasb.fxgl.net.NetService
06:23:05.395 [FXGL Background Thread 3 ] DEBUG Engine               - class com.almasb.fxgl.app.services.UpdaterService
06:23:05.395 [FXGL Background Thread 3 ] DEBUG Engine               - class com.almasb.fxgl.dev.DevService
06:23:56.302 [JavaFX Application Thread] DEBUG FXGLApplication      - Exiting FXGL
06:23:56.302 [JavaFX Application Thread] DEBUG LoopRunner           - Stopping loop
06:23:56.302 [JavaFX Application Thread] DEBUG SystemBundleService  - Saving FXGL system data
06:23:56.303 [JavaFX Application Thread] DEBUG FileSystemAccess     - Writing to: C:\Users\Ruhmer Jairus\OOP2-Capstone\system\fxgl.bundle
06:23:56.305 [JavaFX Application Thread] DEBUG Async                - Shutting down background threads
06:23:56.305 [JavaFX Application Thread] DEBUG PrimaryStageWindow   - Closing main window
06:23:56.318 [JavaFX Application Thread] DEBUG Logger               - Closing Logger
