17:21:14.185 [main                     ] DEBUG Logger               - Configured Logger
17:21:14.244 [main                     ] DEBUG GameApplication      - Logging settings
Title: TypeWiz
Version: 0.0
Width: 1550
Height: 800
Fullscreen: false
Intro: false
Profiling: false
Single step:false
App Mode: DEVELOPER
Menu Key: ESCAPE
Stage Style: DECORATED
Scene Factory: class com.almasb.fxgl.app.scene.SceneFactory

17:21:15.088 [JavaFX Application Thread] DEBUG FXGLApplication      - Initializing FXGL
17:21:15.095 [JavaFX Application Thread] INFO  Engine               - FXGL-21.1 (27.03.2024 07.52) on MAC (J:23.0.1 FX:19)
17:21:15.096 [JavaFX Application Thread] DEBUG Engine               - JRE Vendor Name: Oracle Corporation
17:21:15.096 [JavaFX Application Thread] DEBUG Engine               - Running on OS: Mac OS X version 10.15.7
17:21:15.096 [JavaFX Application Thread] DEBUG Engine               - Architecture: x86_64
17:21:15.096 [JavaFX Application Thread] INFO  Engine               - Source code and latest versions at: https://github.com/AlmasB/FXGL
17:21:15.096 [JavaFX Application Thread] INFO  Engine               -       Ask questions and discuss at: https://github.com/AlmasB/FXGL/discussions
17:21:15.097 [JavaFX Application Thread] INFO  Engine               -              Join the FXGL chat at: https://gitter.im/AlmasB/FXGL
17:21:15.274 [JavaFX Application Thread] DEBUG PrimaryStageWindow   - Creating a JavaFX scene
17:21:15.275 [JavaFX Application Thread] DEBUG PrimaryStageWindow   - Target size > screen size
17:21:15.412 [JavaFX Application Thread] DEBUG PrimaryStageWindow   - Target settings size: 1550.0 x 800.0
17:21:15.415 [JavaFX Application Thread] DEBUG PrimaryStageWindow   - Scaled scene size:    1255.0 x 660.0
17:21:15.415 [JavaFX Application Thread] DEBUG PrimaryStageWindow   - Scaled ratio: (0.8096774193548387, 0.825)
17:21:15.425 [JavaFX Application Thread] DEBUG PrimaryStageWindow   - Set initial scene to FXGLStartupScene
17:21:15.438 [JavaFX Application Thread] DEBUG PrimaryStageWindow   - Opening main window
17:21:15.593 [JavaFX Application Thread] DEBUG PrimaryStageWindow   - Window border size: (0.0, 22.0)
17:21:15.593 [JavaFX Application Thread] DEBUG PrimaryStageWindow   - Scaled size: 1255.0 x 660.0
17:21:15.593 [JavaFX Application Thread] DEBUG PrimaryStageWindow   - Scaled ratio: (0.8096774193548387, 0.825)
17:21:15.594 [JavaFX Application Thread] DEBUG PrimaryStageWindow   - Scene size: 1255.0 x 660.0
17:21:15.594 [JavaFX Application Thread] DEBUG PrimaryStageWindow   - Stage size: 1255.0 x 682.0
17:21:15.606 [FXGL Background Thread 1 ] DEBUG Engine               - Initializing environment variables
17:21:15.934 [FXGL Background Thread 1 ] DEBUG FXGLAssetLoaderServi - User app class for loading assets: class com.oop2.typewiz.TypeWizApp
17:21:15.937 [FXGL Background Thread 1 ] DEBUG GameApplicationServi - Applying CSS: fxgl_dark.css
17:21:15.941 [FXGL Background Thread 1 ] DEBUG FXGLAssetLoaderServi - Loading from file system: jar:file:///Users/archiecabiso/.m2/repository/com/github/almasb/fxgl/21.1/fxgl-21.1.jar!/fxglassets/ui/css/fxgl_dark.css
17:21:16.103 [FXGL Background Thread 1 ] DEBUG GameApplicationServi - Initializing application scenes
17:21:16.949 [FXGL Background Thread 1 ] DEBUG GameWorld            - Game world initialized
17:21:17.016 [FXGL Background Thread 1 ] DEBUG PhysicsWorld         - Physics world initialized: appHeight=800, physics.ppm=50.0
17:21:17.016 [FXGL Background Thread 1 ] DEBUG PhysicsWorld         - Using strategy: BRUTE_FORCE
17:21:17.021 [FXGL Background Thread 1 ] DEBUG GameScene            - Game scene initialized: 1550x800
17:21:17.040 [FXGL Background Thread 1 ] DEBUG FXGL.DefaultMenu     - createMenuBodyGameMenu()
17:21:17.062 [FXGL Background Thread 1 ] DEBUG FXGL.DefaultMenu     - createOptionsMenu()
17:21:17.077 [FXGL Background Thread 1 ] DEBUG FXGLAssetLoaderServi - Loading from file system: jar:file:///Users/archiecabiso/.m2/repository/com/github/almasb/fxgl/21.1/fxgl-21.1.jar!/fxglassets/textures/particles/smoke.png
17:21:17.213 [FXGL Background Thread 1 ] DEBUG FXGLAssetLoaderServi - Loading from file system: jar:file:///Users/archiecabiso/.m2/repository/com/github/almasb/fxgl/21.1/fxgl-21.1.jar!/fxglassets/textures/particles/trace_horizontal.png
17:21:17.248 [FXGL Background Thread 1 ] DEBUG GameApplicationServi - Application scenes initialized
17:21:17.268 [FXGL Background Thread 1 ] DEBUG SystemBundleService  - Loading FXGL system data
17:21:17.279 [FXGL Background Thread 1 ] DEBUG FileSystemAccess     - Reading from: /Users/archiecabiso/Documents/2nd Year - CS/2nd Sem/CSIT228/OOP2-Capstone/system/fxgl.bundle
17:21:17.289 [FXGL Background Thread 1 ] DEBUG SystemBundleService  - Bundle FXGL: {}
17:21:17.290 [FXGL Background Thread 1 ] DEBUG UpdaterService       - Checking for updates
17:21:17.297 [FXGL Background Thread 4 ] DEBUG FXGLApplication      - Loading fonts
17:21:17.298 [FXGL Background Thread 4 ] DEBUG FXGLAssetLoaderServi - Loading from file system: jar:file:///Users/archiecabiso/.m2/repository/com/github/almasb/fxgl/21.1/fxgl-21.1.jar!/fxglassets/ui/fonts/VarelaRound-Regular.ttf
17:21:17.298 [FXGL Background Thread 1 ] DEBUG FXGLApplication      - Loading default localization
17:21:17.301 [FXGL Background Thread 1 ] DEBUG FXGLAssetLoaderServi - Loading from file system: jar:file:///Users/archiecabiso/.m2/repository/com/github/almasb/fxgl/21.1/fxgl-21.1.jar!/fxglassets/languages/english.lang
17:21:17.315 [FXGL Background Thread 4 ] DEBUG FXGLAssetLoaderServi - Loading from file system: jar:file:///Users/archiecabiso/.m2/repository/com/github/almasb/fxgl/21.1/fxgl-21.1.jar!/fxglassets/ui/fonts/Abel-Regular.ttf
17:21:17.322 [FXGL Background Thread 4 ] DEBUG FXGLAssetLoaderServi - Loading from file system: jar:file:///Users/archiecabiso/.m2/repository/com/github/almasb/fxgl/21.1/fxgl-21.1.jar!/fxglassets/ui/fonts/TerminalLandMono-Regular.otf
17:21:17.326 [FXGL Background Thread 4 ] DEBUG FXGLAssetLoaderServi - Loading from file system: jar:file:///Users/archiecabiso/.m2/repository/com/github/almasb/fxgl/21.1/fxgl-21.1.jar!/fxglassets/ui/fonts/Courier-Prime.ttf
17:21:17.333 [JavaFX Application Thread] DEBUG FXGLApplication      - Registering font factories with UI factory
17:21:17.351 [FXGL Background Thread 1 ] INFO  FXGLApplication      - FXGL initialization took: 1.744 sec
17:21:17.353 [JavaFX Application Thread] DEBUG FXGLAssetLoaderServi - Loading from file system: jar:file:///Users/archiecabiso/.m2/repository/com/github/almasb/fxgl/21.1/fxgl-21.1.jar!/fxglassets/textures/fxgl_icon.png
17:21:17.390 [JavaFX Application Thread] DEBUG FXGLAssetLoaderServi - Loading from file system: jar:file:///Users/archiecabiso/.m2/repository/com/github/almasb/fxgl/21.1/fxgl-21.1.jar!/fxglassets/textures/fxgl_default_cursor.png
17:21:17.408 [JavaFX Application Thread] DEBUG Input                - Registered new binding: Screenshot - CTRL+8
17:21:17.408 [JavaFX Application Thread] DEBUG Input                - Registered new binding: System info dump - CTRL+9
17:21:17.409 [JavaFX Application Thread] DEBUG Input                - Registered new binding: Restart - CTRL+R
17:21:17.410 [JavaFX Application Thread] DEBUG Input                - Registered new binding: Toggle Debug Camera - CTRL+7
17:21:17.413 [JavaFX Application Thread] DEBUG LoopRunner           - Starting loop
17:21:17.414 [JavaFX Application Thread] DEBUG LoopRunner           - Initializing JavaFX AnimationTimerLoop
17:21:17.416 [JavaFX Application Thread] DEBUG GameApplicationServi - Starting new game
17:21:17.416 [JavaFX Application Thread] DEBUG Input                - Clearing active input actions
17:21:17.434 [JavaFX Application Thread] DEBUG GameApplicationServi - Removing overlay from FXGLStartupScene and adding to FXGLLoadingScene
17:21:17.435 [JavaFX Application Thread] DEBUG PrimaryStageWindow   - FXGLStartupScene -> FXGLLoadingScene
17:21:17.436 [JavaFX Application Thread] DEBUG GameApplicationServi - Clearing previous game
17:21:17.436 [JavaFX Application Thread] DEBUG GameScene            - Clearing game scene
17:21:17.436 [JavaFX Application Thread] DEBUG GameWorld            - Clearing game world
17:21:17.436 [JavaFX Application Thread] DEBUG PhysicsWorld         - Clearing physics world
17:21:17.440 [FXGL Background Thread 1 ] DEBUG FXGLApplication      - Initializing game
17:21:18.810 [FXGL Background Thread 1 ] INFO  FXGLApplication      - Game initialization took: 1.370 sec
17:21:18.811 [JavaFX Application Thread] DEBUG Input                - Clearing active input actions
17:21:18.836 [JavaFX Application Thread] DEBUG GameApplicationServi - Removing overlay from FXGLLoadingScene and adding to GameScene
17:21:18.837 [JavaFX Application Thread] DEBUG PrimaryStageWindow   - FXGLLoadingScene -> GameScene
17:21:20.299 [FXGL Background Thread 3 ] DEBUG Engine               - Logging environment variables
17:21:20.302 [FXGL Background Thread 3 ] DEBUG Engine               - achievements: []
17:21:20.302 [FXGL Background Thread 3 ] DEBUG Engine               - actualHeight: 660.0
17:21:20.304 [FXGL Background Thread 3 ] DEBUG Engine               - actualHeightProperty: ReadOnlyDoubleProperty [value: 660.0]
17:21:20.305 [FXGL Background Thread 3 ] DEBUG Engine               - actualWidth: 1255.0
17:21:20.306 [FXGL Background Thread 3 ] DEBUG Engine               - actualWidthProperty: ReadOnlyDoubleProperty [value: 1255.0]
17:21:20.308 [FXGL Background Thread 3 ] DEBUG Engine               - appIcon: fxgl_icon.png
17:21:20.308 [FXGL Background Thread 3 ] DEBUG Engine               - applicationMode: DEVELOPER
17:21:20.308 [FXGL Background Thread 3 ] DEBUG Engine               - cSSList: [fxgl_dark.css]
17:21:20.309 [FXGL Background Thread 3 ] DEBUG Engine               - collisionDetectionStrategy: BRUTE_FORCE
17:21:20.309 [FXGL Background Thread 3 ] DEBUG Engine               - configClass: Optional.empty
17:21:20.309 [FXGL Background Thread 3 ] DEBUG Engine               - credits: []
17:21:20.310 [FXGL Background Thread 3 ] DEBUG Engine               - defaultCursor: CursorInfo(imageName=fxgl_default_cursor.png, hotspotX=7.0, hotspotY=6.0)
17:21:20.311 [FXGL Background Thread 3 ] DEBUG Engine               - devBBoxColorProperty: ObjectProperty [value: 0xff0000ff]
17:21:20.312 [FXGL Background Thread 3 ] DEBUG Engine               - devEnableDebugCameraProperty: BooleanProperty [value: false]
17:21:20.312 [FXGL Background Thread 3 ] DEBUG Engine               - devSensorColorProperty: ObjectProperty [value: 0xffff00ff]
17:21:20.312 [FXGL Background Thread 3 ] DEBUG Engine               - devShowBBoxProperty: BooleanProperty [value: false]
17:21:20.312 [FXGL Background Thread 3 ] DEBUG Engine               - devShowPositionProperty: BooleanProperty [value: false]
17:21:20.312 [FXGL Background Thread 3 ] DEBUG Engine               - enabledMenuItems: []
17:21:20.313 [FXGL Background Thread 3 ] DEBUG Engine               - engineServices: [class com.almasb.fxgl.app.services.FXGLAssetLoaderService, class com.almasb.fxgl.app.FXGLApplication$GameApplicationService, class com.almasb.fxgl.app.services.FXGLDialogService, class com.almasb.fxgl.app.services.IOTaskExecutorService, class com.almasb.fxgl.io.FileSystemService, class com.almasb.fxgl.localization.LocalizationService, class com.almasb.fxgl.app.services.SystemBundleService, class com.almasb.fxgl.profile.SaveLoadService, class com.almasb.fxgl.ui.FXGLUIFactoryServiceProvider, class com.almasb.fxgl.ui.FXGLDialogFactoryServiceProvider, class com.almasb.fxgl.audio.AudioPlayer, class com.almasb.fxgl.notification.impl.NotificationServiceProvider, class com.almasb.fxgl.achievement.AchievementService, class com.almasb.fxgl.cutscene.CutsceneService, class com.almasb.fxgl.minigames.MiniGameService, class com.almasb.fxgl.net.NetService, class com.almasb.fxgl.app.services.UpdaterService, class com.almasb.fxgl.dev.DevService]
17:21:20.313 [FXGL Background Thread 3 ] DEBUG Engine               - fontGame: Abel-Regular.ttf
17:21:20.313 [FXGL Background Thread 3 ] DEBUG Engine               - fontMono: TerminalLandMono-Regular.otf
17:21:20.313 [FXGL Background Thread 3 ] DEBUG Engine               - fontSizeScaleUI: 1.0
17:21:20.313 [FXGL Background Thread 3 ] DEBUG Engine               - fontText: Courier-Prime.ttf
17:21:20.314 [FXGL Background Thread 3 ] DEBUG Engine               - fontUI: VarelaRound-Regular.ttf
17:21:20.314 [FXGL Background Thread 3 ] DEBUG Engine               - fullScreen: BooleanProperty [value: false]
17:21:20.314 [FXGL Background Thread 3 ] DEBUG Engine               - gameDifficulty: MEDIUM
17:21:20.314 [FXGL Background Thread 3 ] DEBUG Engine               - gameDifficultyProperty: ObjectProperty [value: MEDIUM]
17:21:20.314 [FXGL Background Thread 3 ] DEBUG Engine               - globalMusicVolume: 0.5
17:21:20.314 [FXGL Background Thread 3 ] DEBUG Engine               - globalMusicVolumeProperty: DoubleProperty [value: 0.5]
17:21:20.314 [FXGL Background Thread 3 ] DEBUG Engine               - globalSoundVolume: 0.5
17:21:20.314 [FXGL Background Thread 3 ] DEBUG Engine               - globalSoundVolumeProperty: DoubleProperty [value: 0.5]
17:21:20.314 [FXGL Background Thread 3 ] DEBUG Engine               - height: 800
17:21:20.314 [FXGL Background Thread 3 ] DEBUG Engine               - is3D: false
17:21:20.315 [FXGL Background Thread 3 ] DEBUG Engine               - isAndroid: false
17:21:20.315 [FXGL Background Thread 3 ] DEBUG Engine               - isBrowser: false
17:21:20.315 [FXGL Background Thread 3 ] DEBUG Engine               - isClickFeedbackEnabled: false
17:21:20.315 [FXGL Background Thread 3 ] DEBUG Engine               - isCloseConfirmation: false
17:21:20.315 [FXGL Background Thread 3 ] DEBUG Engine               - isDesktop: true
17:21:20.315 [FXGL Background Thread 3 ] DEBUG Engine               - isDeveloperMenuEnabled: false
17:21:20.315 [FXGL Background Thread 3 ] DEBUG Engine               - isEmbedded: false
17:21:20.315 [FXGL Background Thread 3 ] DEBUG Engine               - isEntityPreloadEnabled: true
17:21:20.315 [FXGL Background Thread 3 ] DEBUG Engine               - isExperimentalTiledLargeMap: false
17:21:20.315 [FXGL Background Thread 3 ] DEBUG Engine               - isFileSystemWriteAllowed: true
17:21:20.316 [FXGL Background Thread 3 ] DEBUG Engine               - isFullScreenAllowed: false
17:21:20.316 [FXGL Background Thread 3 ] DEBUG Engine               - isFullScreenFromStart: false
17:21:20.316 [FXGL Background Thread 3 ] DEBUG Engine               - isGameMenuEnabled: true
17:21:20.316 [FXGL Background Thread 3 ] DEBUG Engine               - isIOS: false
17:21:20.316 [FXGL Background Thread 3 ] DEBUG Engine               - isIntroEnabled: false
17:21:20.316 [FXGL Background Thread 3 ] DEBUG Engine               - isLinux: false
17:21:20.316 [FXGL Background Thread 3 ] DEBUG Engine               - isMac: true
17:21:20.316 [FXGL Background Thread 3 ] DEBUG Engine               - isMainMenuEnabled: false
17:21:20.316 [FXGL Background Thread 3 ] DEBUG Engine               - isManualResizeEnabled: false
17:21:20.316 [FXGL Background Thread 3 ] DEBUG Engine               - isMobile: false
17:21:20.317 [FXGL Background Thread 3 ] DEBUG Engine               - isNative: false
17:21:20.317 [FXGL Background Thread 3 ] DEBUG Engine               - isPauseMusicWhenMinimized: true
17:21:20.318 [FXGL Background Thread 3 ] DEBUG Engine               - isPreserveResizeRatio: false
17:21:20.318 [FXGL Background Thread 3 ] DEBUG Engine               - isProfilingEnabled: false
17:21:20.318 [FXGL Background Thread 3 ] DEBUG Engine               - isScaleAffectedOnResize: true
17:21:20.318 [FXGL Background Thread 3 ] DEBUG Engine               - isSingleStep: false
17:21:20.319 [FXGL Background Thread 3 ] DEBUG Engine               - isUserProfileEnabled: false
17:21:20.319 [FXGL Background Thread 3 ] DEBUG Engine               - isWindows: false
17:21:20.319 [FXGL Background Thread 3 ] DEBUG Engine               - language: ObjectProperty [value: ENGLISH]
17:21:20.320 [FXGL Background Thread 3 ] DEBUG Engine               - menuKey: ESCAPE
17:21:20.320 [FXGL Background Thread 3 ] DEBUG Engine               - mouseSensitivity: 0.2
17:21:20.320 [FXGL Background Thread 3 ] DEBUG Engine               - notificationViewClass: class com.almasb.fxgl.notification.view.XboxNotificationView
17:21:20.320 [FXGL Background Thread 3 ] DEBUG Engine               - pixelsPerMeter: 50.0
17:21:20.321 [FXGL Background Thread 3 ] DEBUG Engine               - platform: MAC
17:21:20.321 [FXGL Background Thread 3 ] DEBUG Engine               - prefHeightProperty: ReadOnlyDoubleProperty [value: 800.0]
17:21:20.321 [FXGL Background Thread 3 ] DEBUG Engine               - prefWidthProperty: ReadOnlyDoubleProperty [value: 1550.0]
17:21:20.321 [FXGL Background Thread 3 ] DEBUG Engine               - profileDir: profiles/
17:21:20.321 [FXGL Background Thread 3 ] DEBUG Engine               - profileName: StringProperty [value: DEFAULT]
17:21:20.322 [FXGL Background Thread 3 ] DEBUG Engine               - randomSeed: -1
17:21:20.323 [FXGL Background Thread 3 ] DEBUG Engine               - runtimeInfo: RuntimeInfo(platform=MAC, version=21.1, build=27.03.2024 07.52)
17:21:20.324 [FXGL Background Thread 3 ] DEBUG Engine               - saveFileExt: sav
17:21:20.325 [FXGL Background Thread 3 ] DEBUG Engine               - scaledHeightProp$fxgl: DoubleProperty [bound, value: 660.0]
17:21:20.325 [FXGL Background Thread 3 ] DEBUG Engine               - scaledWidthProp$fxgl: DoubleProperty [bound, value: 1255.0]
17:21:20.325 [FXGL Background Thread 3 ] DEBUG Engine               - sceneFactory: com.almasb.fxgl.app.scene.SceneFactory@1cfc6ddb
17:21:20.326 [FXGL Background Thread 3 ] DEBUG Engine               - secondsIn24h: 60
17:21:20.326 [FXGL Background Thread 3 ] DEBUG Engine               - soundMenuBack: menu/back.wav
17:21:20.326 [FXGL Background Thread 3 ] DEBUG Engine               - soundMenuPress: menu/press.wav
17:21:20.326 [FXGL Background Thread 3 ] DEBUG Engine               - soundMenuSelect: menu/select.wav
17:21:20.326 [FXGL Background Thread 3 ] DEBUG Engine               - soundNotification: core/notification.wav
17:21:20.326 [FXGL Background Thread 3 ] DEBUG Engine               - stageStyle: DECORATED
17:21:20.326 [FXGL Background Thread 3 ] DEBUG Engine               - supportedLanguages: [ENGLISH, FRENCH, GERMAN, HUNGARIAN, RUSSIAN]
17:21:20.326 [FXGL Background Thread 3 ] DEBUG Engine               - ticksPerSecond: -1
17:21:20.326 [FXGL Background Thread 3 ] DEBUG Engine               - title: TypeWiz
17:21:20.326 [FXGL Background Thread 3 ] DEBUG Engine               - urlGithub: https://github.com/AlmasB/FXGL
17:21:20.327 [FXGL Background Thread 3 ] DEBUG Engine               - urlLeaderboard: http://fxgl-top.herokuapp.com/
17:21:20.327 [FXGL Background Thread 3 ] DEBUG Engine               - urlPOM: https://raw.githubusercontent.com/AlmasB/FXGL/release/README.md
17:21:20.327 [FXGL Background Thread 3 ] DEBUG Engine               - userAppClass: class com.oop2.typewiz.TypeWizApp
17:21:20.327 [FXGL Background Thread 3 ] DEBUG Engine               - version: 0.0
17:21:20.327 [FXGL Background Thread 3 ] DEBUG Engine               - versionCheckDays: 7
17:21:20.327 [FXGL Background Thread 3 ] DEBUG Engine               - width: 1550
17:21:20.327 [FXGL Background Thread 3 ] DEBUG Engine               - Logging services
17:21:20.328 [FXGL Background Thread 3 ] DEBUG Engine               - class com.almasb.fxgl.app.services.FXGLAssetLoaderService
17:21:20.328 [FXGL Background Thread 3 ] DEBUG Engine               - class com.almasb.fxgl.app.FXGLApplication$GameApplicationService
17:21:20.328 [FXGL Background Thread 3 ] DEBUG Engine               - class com.almasb.fxgl.app.services.FXGLDialogService
17:21:20.328 [FXGL Background Thread 3 ] DEBUG Engine               - class com.almasb.fxgl.app.services.IOTaskExecutorService
17:21:20.328 [FXGL Background Thread 3 ] DEBUG Engine               - class com.almasb.fxgl.io.FileSystemService
17:21:20.329 [FXGL Background Thread 3 ] DEBUG Engine               - class com.almasb.fxgl.localization.LocalizationService
17:21:20.330 [FXGL Background Thread 3 ] DEBUG Engine               - class com.almasb.fxgl.app.services.SystemBundleService
17:21:20.330 [FXGL Background Thread 3 ] DEBUG Engine               - class com.almasb.fxgl.profile.SaveLoadService
17:21:20.330 [FXGL Background Thread 3 ] DEBUG Engine               - class com.almasb.fxgl.ui.FXGLUIFactoryServiceProvider
17:21:20.330 [FXGL Background Thread 3 ] DEBUG Engine               - class com.almasb.fxgl.ui.FXGLDialogFactoryServiceProvider
17:21:20.330 [FXGL Background Thread 3 ] DEBUG Engine               - class com.almasb.fxgl.audio.AudioPlayer
17:21:20.330 [FXGL Background Thread 3 ] DEBUG Engine               - class com.almasb.fxgl.notification.impl.NotificationServiceProvider
17:21:20.330 [FXGL Background Thread 3 ] DEBUG Engine               - class com.almasb.fxgl.achievement.AchievementService
17:21:20.330 [FXGL Background Thread 3 ] DEBUG Engine               - class com.almasb.fxgl.cutscene.CutsceneService
17:21:20.330 [FXGL Background Thread 3 ] DEBUG Engine               - class com.almasb.fxgl.minigames.MiniGameService
17:21:20.330 [FXGL Background Thread 3 ] DEBUG Engine               - class com.almasb.fxgl.net.NetService
17:21:20.330 [FXGL Background Thread 3 ] DEBUG Engine               - class com.almasb.fxgl.app.services.UpdaterService
17:21:20.331 [FXGL Background Thread 3 ] DEBUG Engine               - class com.almasb.fxgl.dev.DevService
17:21:25.128 [JavaFX Application Thread] DEBUG FXGLAssetLoaderServi - Loading from file system: file:/Users/archiecabiso/Documents/2nd%20Year%20-%20CS/2nd%20Sem/CSIT228/OOP2-Capstone/target/classes/assets/sounds/sound-library/click.wav
17:21:36.783 [JavaFX Application Thread] DEBUG PrimaryStageWindow   - Push state: DifficultyMenuScreen
17:21:36.785 [JavaFX Application Thread] DEBUG Input                - Clearing active input actions
17:21:36.786 [JavaFX Application Thread] DEBUG GameApplicationServi - Removing overlay from GameScene and adding to DifficultyMenuScreen
17:21:36.787 [JavaFX Application Thread] DEBUG PrimaryStageWindow   - GameScene -> DifficultyMenuScreen
17:21:40.345 [JavaFX Application Thread] DEBUG GameApplicationServi - Starting new game
17:21:40.345 [JavaFX Application Thread] DEBUG PrimaryStageWindow   - Pop state: DifficultyMenuScreen
17:21:40.346 [JavaFX Application Thread] DEBUG Input                - Clearing active input actions
17:21:40.347 [JavaFX Application Thread] DEBUG GameApplicationServi - Removing overlay from DifficultyMenuScreen and adding to GameScene
17:21:40.348 [JavaFX Application Thread] DEBUG PrimaryStageWindow   - GameScene <- DifficultyMenuScreen
17:21:40.348 [JavaFX Application Thread] DEBUG Input                - Clearing active input actions
17:21:40.362 [JavaFX Application Thread] DEBUG GameApplicationServi - Removing overlay from GameScene and adding to FXGLLoadingScene
17:21:40.363 [JavaFX Application Thread] DEBUG PrimaryStageWindow   - GameScene -> FXGLLoadingScene
17:21:40.363 [JavaFX Application Thread] DEBUG GameApplicationServi - Clearing previous game
17:21:40.363 [JavaFX Application Thread] DEBUG GameScene            - Clearing game scene
17:21:40.363 [JavaFX Application Thread] DEBUG GameWorld            - Clearing game world
17:21:40.365 [JavaFX Application Thread] DEBUG PhysicsWorld         - Clearing physics world
17:21:40.368 [FXGL Background Thread 2 ] DEBUG FXGLApplication      - Initializing game
17:21:40.685 [FXGL Background Thread 2 ] INFO  FXGLApplication      - Game initialization took: 0.318 sec
17:21:40.686 [JavaFX Application Thread] DEBUG Input                - Clearing active input actions
17:21:40.697 [JavaFX Application Thread] DEBUG GameApplicationServi - Removing overlay from FXGLLoadingScene and adding to GameScene
17:21:40.697 [JavaFX Application Thread] DEBUG PrimaryStageWindow   - FXGLLoadingScene -> GameScene
17:21:42.645 [JavaFX Application Thread] DEBUG PrimaryStageWindow   - Push state: DialogSubScene
17:21:42.646 [JavaFX Application Thread] DEBUG Input                - Clearing active input actions
17:21:42.648 [JavaFX Application Thread] DEBUG GameApplicationServi - Removing overlay from GameScene and adding to DialogSubScene
17:21:42.648 [JavaFX Application Thread] DEBUG PrimaryStageWindow   - GameScene -> DialogSubScene
17:21:43.784 [JavaFX Application Thread] DEBUG PrimaryStageWindow   - Pop state: DialogSubScene
17:21:43.785 [JavaFX Application Thread] DEBUG Input                - Clearing active input actions
17:21:43.787 [JavaFX Application Thread] DEBUG GameApplicationServi - Removing overlay from DialogSubScene and adding to GameScene
17:21:43.788 [JavaFX Application Thread] DEBUG PrimaryStageWindow   - GameScene <- DialogSubScene
17:21:45.682 [JavaFX Application Thread] DEBUG PrimaryStageWindow   - Push state: CreditsScreen
17:21:45.682 [JavaFX Application Thread] DEBUG Input                - Clearing active input actions
17:21:45.683 [JavaFX Application Thread] DEBUG GameApplicationServi - Removing overlay from GameScene and adding to CreditsScreen
17:21:45.683 [JavaFX Application Thread] DEBUG PrimaryStageWindow   - GameScene -> CreditsScreen
17:21:46.848 [JavaFX Application Thread] DEBUG PrimaryStageWindow   - Pop state: CreditsScreen
17:21:46.849 [JavaFX Application Thread] DEBUG Input                - Clearing active input actions
17:21:46.850 [JavaFX Application Thread] DEBUG GameApplicationServi - Removing overlay from CreditsScreen and adding to GameScene
17:21:46.850 [JavaFX Application Thread] DEBUG PrimaryStageWindow   - GameScene <- CreditsScreen
17:22:39.618 [JavaFX Application Thread] DEBUG FXGLApplication      - Exiting FXGL
17:22:39.618 [JavaFX Application Thread] DEBUG LoopRunner           - Stopping loop
17:22:39.618 [JavaFX Application Thread] DEBUG SystemBundleService  - Saving FXGL system data
17:22:39.622 [JavaFX Application Thread] DEBUG FileSystemAccess     - Writing to: /Users/archiecabiso/Documents/2nd Year - CS/2nd Sem/CSIT228/OOP2-Capstone/system/fxgl.bundle
17:22:39.624 [JavaFX Application Thread] DEBUG Async                - Shutting down background threads
17:22:39.624 [JavaFX Application Thread] DEBUG PrimaryStageWindow   - Closing main window
17:22:39.632 [JavaFX Application Thread] DEBUG Logger               - Closing Logger
