18:34:08.449 [main                     ] DEBUG Logger               - Configured Logger
18:34:08.524 [main                     ] DEBUG GameApplication      - Logging settings
Title: TypeWiz - Winter Theme
Version: 0.0
Width: 1280
Height: 720
Fullscreen: true
Intro: false
Profiling: false
Single step:false
App Mode: DEVELOPER
Menu Key: ESCAPE
Stage Style: DECORATED
Scene Factory: class com.almasb.fxgl.app.scene.SceneFactory

18:34:09.403 [JavaFX Application Thread] DEBUG FXGLApplication      - Initializing FXGL
18:34:09.412 [JavaFX Application Thread] INFO  Engine               - FXGL-21.1 (27.03.2024 07.52) on MAC (J:23.0.1 FX:19)
18:34:09.412 [JavaFX Application Thread] DEBUG Engine               - JRE Vendor Name: Oracle Corporation
18:34:09.413 [JavaFX Application Thread] DEBUG Engine               - Running on OS: Mac OS X version 10.15.7
18:34:09.413 [JavaFX Application Thread] DEBUG Engine               - Architecture: x86_64
18:34:09.413 [JavaFX Application Thread] INFO  Engine               - Source code and latest versions at: https://github.com/AlmasB/FXGL
18:34:09.413 [JavaFX Application Thread] INFO  Engine               -       Ask questions and discuss at: https://github.com/AlmasB/FXGL/discussions
18:34:09.413 [JavaFX Application Thread] INFO  Engine               -              Join the FXGL chat at: https://gitter.im/AlmasB/FXGL
18:34:09.805 [JavaFX Application Thread] DEBUG PrimaryStageWindow   - Creating a JavaFX scene
18:34:09.948 [JavaFX Application Thread] DEBUG PrimaryStageWindow   - Target settings size: 1280.0 x 720.0
18:34:09.949 [JavaFX Application Thread] DEBUG PrimaryStageWindow   - Scaled scene size:    1280.0 x 720.0
18:34:09.949 [JavaFX Application Thread] DEBUG PrimaryStageWindow   - Scaled ratio: (1.0, 1.0)
18:34:09.951 [JavaFX Application Thread] DEBUG PrimaryStageWindow   - Set initial scene to FXGLStartupScene
18:34:09.962 [JavaFX Application Thread] DEBUG PrimaryStageWindow   - Opening main window
18:34:10.177 [JavaFX Application Thread] DEBUG PrimaryStageWindow   - Window border size: (0.0, 18.0)
18:34:10.178 [JavaFX Application Thread] DEBUG PrimaryStageWindow   - Scaled size: 1280.0 x 720.0
18:34:10.178 [JavaFX Application Thread] DEBUG PrimaryStageWindow   - Scaled ratio: (1.0, 1.0)
18:34:10.178 [JavaFX Application Thread] DEBUG PrimaryStageWindow   - Scene size: 1280.0 x 720.0
18:34:10.179 [JavaFX Application Thread] DEBUG PrimaryStageWindow   - Stage size: 1280.0 x 738.0
18:34:11.316 [JavaFX Application Thread] DEBUG PrimaryStageWindow   - Going fullscreen
18:34:11.328 [FXGL Background Thread 1 ] DEBUG Engine               - Initializing environment variables
18:34:11.495 [FXGL Background Thread 1 ] DEBUG FXGLAssetLoaderServi - User app class for loading assets: class com.oop2.typewiz.GameplayComponents.Game
18:34:11.496 [FXGL Background Thread 1 ] DEBUG GameApplicationServi - Applying CSS: fxgl_dark.css
18:34:11.498 [FXGL Background Thread 1 ] DEBUG FXGLAssetLoaderServi - Loading from file system: jar:file:///Users/archiecabiso/.m2/repository/com/github/almasb/fxgl/21.1/fxgl-21.1.jar!/fxglassets/ui/css/fxgl_dark.css
18:34:11.600 [FXGL Background Thread 1 ] DEBUG GameApplicationServi - Initializing application scenes
18:34:12.499 [FXGL Background Thread 1 ] DEBUG GameWorld            - Game world initialized
18:34:12.582 [FXGL Background Thread 1 ] DEBUG PhysicsWorld         - Physics world initialized: appHeight=720, physics.ppm=50.0
18:34:12.582 [FXGL Background Thread 1 ] DEBUG PhysicsWorld         - Using strategy: BRUTE_FORCE
18:34:12.587 [FXGL Background Thread 1 ] DEBUG GameScene            - Game scene initialized: 1280x720
18:34:12.587 [FXGL Background Thread 1 ] DEBUG GameApplicationServi - Application scenes initialized
18:34:12.618 [FXGL Background Thread 1 ] DEBUG SystemBundleService  - Loading FXGL system data
18:34:12.624 [FXGL Background Thread 1 ] DEBUG FileSystemAccess     - Reading from: /Users/archiecabiso/Documents/2nd Year - CS/2nd Sem/CSIT228/OOP2-Capstone/system/fxgl.bundle
18:34:12.633 [FXGL Background Thread 1 ] DEBUG SystemBundleService  - Bundle FXGL: {}
18:34:12.633 [FXGL Background Thread 1 ] DEBUG UpdaterService       - Checking for updates
18:34:12.639 [FXGL Background Thread 4 ] DEBUG FXGLApplication      - Loading fonts
18:34:12.640 [FXGL Background Thread 4 ] DEBUG FXGLAssetLoaderServi - Loading from file system: jar:file:///Users/archiecabiso/.m2/repository/com/github/almasb/fxgl/21.1/fxgl-21.1.jar!/fxglassets/ui/fonts/VarelaRound-Regular.ttf
18:34:12.641 [FXGL Background Thread 1 ] DEBUG FXGLApplication      - Loading default localization
18:34:12.642 [FXGL Background Thread 1 ] DEBUG FXGLAssetLoaderServi - Loading from file system: jar:file:///Users/archiecabiso/.m2/repository/com/github/almasb/fxgl/21.1/fxgl-21.1.jar!/fxglassets/languages/english.lang
18:34:12.663 [FXGL Background Thread 4 ] DEBUG FXGLAssetLoaderServi - Loading from file system: jar:file:///Users/archiecabiso/.m2/repository/com/github/almasb/fxgl/21.1/fxgl-21.1.jar!/fxglassets/ui/fonts/Abel-Regular.ttf
18:34:12.666 [FXGL Background Thread 4 ] DEBUG FXGLAssetLoaderServi - Loading from file system: jar:file:///Users/archiecabiso/.m2/repository/com/github/almasb/fxgl/21.1/fxgl-21.1.jar!/fxglassets/ui/fonts/TerminalLandMono-Regular.otf
18:34:12.671 [FXGL Background Thread 4 ] DEBUG FXGLAssetLoaderServi - Loading from file system: jar:file:///Users/archiecabiso/.m2/repository/com/github/almasb/fxgl/21.1/fxgl-21.1.jar!/fxglassets/ui/fonts/Courier-Prime.ttf
18:34:12.678 [JavaFX Application Thread] DEBUG FXGLApplication      - Registering font factories with UI factory
18:34:12.681 [FXGL Background Thread 1 ] INFO  FXGLApplication      - FXGL initialization took: 1.352 sec
18:34:12.682 [JavaFX Application Thread] DEBUG FXGLAssetLoaderServi - Loading from file system: jar:file:///Users/archiecabiso/.m2/repository/com/github/almasb/fxgl/21.1/fxgl-21.1.jar!/fxglassets/textures/fxgl_icon.png
18:34:12.768 [JavaFX Application Thread] DEBUG FXGLAssetLoaderServi - Loading from file system: jar:file:///Users/archiecabiso/.m2/repository/com/github/almasb/fxgl/21.1/fxgl-21.1.jar!/fxglassets/textures/fxgl_default_cursor.png
18:34:12.788 [JavaFX Application Thread] DEBUG Input                - Registered new binding: Screenshot - CTRL+8
18:34:12.789 [JavaFX Application Thread] DEBUG Input                - Registered new binding: System info dump - CTRL+9
18:34:12.790 [JavaFX Application Thread] DEBUG Input                - Registered new binding: Restart - CTRL+R
18:34:12.791 [JavaFX Application Thread] DEBUG Input                - Registered new binding: Toggle Debug Camera - CTRL+7
18:34:12.795 [JavaFX Application Thread] DEBUG LoopRunner           - Starting loop
18:34:12.795 [JavaFX Application Thread] DEBUG LoopRunner           - Initializing JavaFX AnimationTimerLoop
18:34:12.797 [JavaFX Application Thread] DEBUG GameApplicationServi - Starting new game
18:34:12.798 [JavaFX Application Thread] DEBUG Input                - Clearing active input actions
18:34:12.818 [JavaFX Application Thread] DEBUG GameApplicationServi - Removing overlay from FXGLStartupScene and adding to FXGLLoadingScene
18:34:12.819 [JavaFX Application Thread] DEBUG PrimaryStageWindow   - FXGLStartupScene -> FXGLLoadingScene
18:34:12.819 [JavaFX Application Thread] DEBUG GameApplicationServi - Clearing previous game
18:34:12.819 [JavaFX Application Thread] DEBUG GameScene            - Clearing game scene
18:34:12.819 [JavaFX Application Thread] DEBUG GameWorld            - Clearing game world
18:34:12.819 [JavaFX Application Thread] DEBUG PhysicsWorld         - Clearing physics world
18:34:12.821 [FXGL Background Thread 1 ] DEBUG FXGLApplication      - Initializing game
18:34:12.865 [FXGL Background Thread 1 ] DEBUG FXGLAssetLoaderServi - Loading from file system: file:/Users/archiecabiso/Documents/2nd%20Year%20-%20CS/2nd%20Sem/CSIT228/OOP2-Capstone/target/classes/assets/textures/background-and-platforms/bg-winter_1280_720.png
18:34:12.998 [FXGL Background Thread 1 ] DEBUG FXGLAssetLoaderServi - Loading from file system: file:/Users/archiecabiso/Documents/2nd%20Year%20-%20CS/2nd%20Sem/CSIT228/OOP2-Capstone/target/classes/assets/textures/background-and-platforms/hdlargerplatform-winter.png
18:34:13.341 [FXGL Background Thread 1 ] DEBUG FXGLAssetLoaderServi - Loading from file system: file:/Users/archiecabiso/Documents/2nd%20Year%20-%20CS/2nd%20Sem/CSIT228/OOP2-Capstone/target/classes/assets/textures/wizard/wizard.png
18:34:14.001 [FXGL Background Thread 1 ] DEBUG FXGLAssetLoaderServi - Loading from file system: file:/Users/archiecabiso/Documents/2nd%20Year%20-%20CS/2nd%20Sem/CSIT228/OOP2-Capstone/target/classes/assets/textures/mobs/gargoyle/gargoyle.png
18:34:14.164 [FXGL Background Thread 1 ] INFO  FXGLApplication      - Game initialization took: 1.343 sec
18:34:14.167 [JavaFX Application Thread] DEBUG Input                - Clearing active input actions
18:34:14.187 [JavaFX Application Thread] DEBUG GameApplicationServi - Removing overlay from FXGLLoadingScene and adding to GameScene
18:34:14.187 [JavaFX Application Thread] DEBUG PrimaryStageWindow   - FXGLLoadingScene -> GameScene
18:34:15.638 [FXGL Background Thread 3 ] DEBUG Engine               - Logging environment variables
18:34:15.639 [FXGL Background Thread 3 ] DEBUG Engine               - achievements: []
18:34:15.639 [FXGL Background Thread 3 ] DEBUG Engine               - actualHeight: 800.0
18:34:15.639 [FXGL Background Thread 3 ] DEBUG Engine               - actualHeightProperty: ReadOnlyDoubleProperty [value: 800.0]
18:34:15.639 [FXGL Background Thread 3 ] DEBUG Engine               - actualWidth: 1280.0
18:34:15.640 [FXGL Background Thread 3 ] DEBUG Engine               - actualWidthProperty: ReadOnlyDoubleProperty [value: 1280.0]
18:34:15.640 [FXGL Background Thread 3 ] DEBUG Engine               - appIcon: fxgl_icon.png
18:34:15.640 [FXGL Background Thread 3 ] DEBUG Engine               - applicationMode: DEVELOPER
18:34:15.640 [FXGL Background Thread 3 ] DEBUG Engine               - cSSList: [fxgl_dark.css]
18:34:15.640 [FXGL Background Thread 3 ] DEBUG Engine               - collisionDetectionStrategy: BRUTE_FORCE
18:34:15.640 [FXGL Background Thread 3 ] DEBUG Engine               - configClass: Optional.empty
18:34:15.640 [FXGL Background Thread 3 ] DEBUG Engine               - credits: []
18:34:15.643 [FXGL Background Thread 3 ] DEBUG Engine               - defaultCursor: CursorInfo(imageName=fxgl_default_cursor.png, hotspotX=7.0, hotspotY=6.0)
18:34:15.644 [FXGL Background Thread 3 ] DEBUG Engine               - devBBoxColorProperty: ObjectProperty [value: 0xff0000ff]
18:34:15.644 [FXGL Background Thread 3 ] DEBUG Engine               - devEnableDebugCameraProperty: BooleanProperty [value: false]
18:34:15.644 [FXGL Background Thread 3 ] DEBUG Engine               - devSensorColorProperty: ObjectProperty [value: 0xffff00ff]
18:34:15.644 [FXGL Background Thread 3 ] DEBUG Engine               - devShowBBoxProperty: BooleanProperty [value: false]
18:34:15.644 [FXGL Background Thread 3 ] DEBUG Engine               - devShowPositionProperty: BooleanProperty [value: false]
18:34:15.644 [FXGL Background Thread 3 ] DEBUG Engine               - enabledMenuItems: []
18:34:15.645 [FXGL Background Thread 3 ] DEBUG Engine               - engineServices: [class com.almasb.fxgl.app.services.FXGLAssetLoaderService, class com.almasb.fxgl.app.FXGLApplication$GameApplicationService, class com.almasb.fxgl.app.services.FXGLDialogService, class com.almasb.fxgl.app.services.IOTaskExecutorService, class com.almasb.fxgl.io.FileSystemService, class com.almasb.fxgl.localization.LocalizationService, class com.almasb.fxgl.app.services.SystemBundleService, class com.almasb.fxgl.profile.SaveLoadService, class com.almasb.fxgl.ui.FXGLUIFactoryServiceProvider, class com.almasb.fxgl.ui.FXGLDialogFactoryServiceProvider, class com.almasb.fxgl.audio.AudioPlayer, class com.almasb.fxgl.notification.impl.NotificationServiceProvider, class com.almasb.fxgl.achievement.AchievementService, class com.almasb.fxgl.cutscene.CutsceneService, class com.almasb.fxgl.minigames.MiniGameService, class com.almasb.fxgl.net.NetService, class com.almasb.fxgl.app.services.UpdaterService, class com.almasb.fxgl.dev.DevService]
18:34:15.645 [FXGL Background Thread 3 ] DEBUG Engine               - fontGame: Abel-Regular.ttf
18:34:15.645 [FXGL Background Thread 3 ] DEBUG Engine               - fontMono: TerminalLandMono-Regular.otf
18:34:15.645 [FXGL Background Thread 3 ] DEBUG Engine               - fontSizeScaleUI: 1.0
18:34:15.645 [FXGL Background Thread 3 ] DEBUG Engine               - fontText: Courier-Prime.ttf
18:34:15.645 [FXGL Background Thread 3 ] DEBUG Engine               - fontUI: VarelaRound-Regular.ttf
18:34:15.645 [FXGL Background Thread 3 ] DEBUG Engine               - fullScreen: BooleanProperty [value: true]
18:34:15.645 [FXGL Background Thread 3 ] DEBUG Engine               - gameDifficulty: MEDIUM
18:34:15.646 [FXGL Background Thread 3 ] DEBUG Engine               - gameDifficultyProperty: ObjectProperty [value: MEDIUM]
18:34:15.646 [FXGL Background Thread 3 ] DEBUG Engine               - globalMusicVolume: 0.5
18:34:15.646 [FXGL Background Thread 3 ] DEBUG Engine               - globalMusicVolumeProperty: DoubleProperty [value: 0.5]
18:34:15.646 [FXGL Background Thread 3 ] DEBUG Engine               - globalSoundVolume: 0.5
18:34:15.646 [FXGL Background Thread 3 ] DEBUG Engine               - globalSoundVolumeProperty: DoubleProperty [value: 0.5]
18:34:15.646 [FXGL Background Thread 3 ] DEBUG Engine               - height: 720
18:34:15.647 [FXGL Background Thread 3 ] DEBUG Engine               - is3D: false
18:34:15.647 [FXGL Background Thread 3 ] DEBUG Engine               - isAndroid: false
18:34:15.647 [FXGL Background Thread 3 ] DEBUG Engine               - isBrowser: false
18:34:15.647 [FXGL Background Thread 3 ] DEBUG Engine               - isClickFeedbackEnabled: false
18:34:15.647 [FXGL Background Thread 3 ] DEBUG Engine               - isCloseConfirmation: false
18:34:15.647 [FXGL Background Thread 3 ] DEBUG Engine               - isDesktop: true
18:34:15.647 [FXGL Background Thread 3 ] DEBUG Engine               - isDeveloperMenuEnabled: false
18:34:15.647 [FXGL Background Thread 3 ] DEBUG Engine               - isEmbedded: false
18:34:15.647 [FXGL Background Thread 3 ] DEBUG Engine               - isEntityPreloadEnabled: true
18:34:15.647 [FXGL Background Thread 3 ] DEBUG Engine               - isExperimentalTiledLargeMap: false
18:34:15.647 [FXGL Background Thread 3 ] DEBUG Engine               - isFileSystemWriteAllowed: true
18:34:15.648 [FXGL Background Thread 3 ] DEBUG Engine               - isFullScreenAllowed: true
18:34:15.648 [FXGL Background Thread 3 ] DEBUG Engine               - isFullScreenFromStart: true
18:34:15.648 [FXGL Background Thread 3 ] DEBUG Engine               - isGameMenuEnabled: false
18:34:15.648 [FXGL Background Thread 3 ] DEBUG Engine               - isIOS: false
18:34:15.648 [FXGL Background Thread 3 ] DEBUG Engine               - isIntroEnabled: false
18:34:15.648 [FXGL Background Thread 3 ] DEBUG Engine               - isLinux: false
18:34:15.648 [FXGL Background Thread 3 ] DEBUG Engine               - isMac: true
18:34:15.648 [FXGL Background Thread 3 ] DEBUG Engine               - isMainMenuEnabled: false
18:34:15.648 [FXGL Background Thread 3 ] DEBUG Engine               - isManualResizeEnabled: true
18:34:15.648 [FXGL Background Thread 3 ] DEBUG Engine               - isMobile: false
18:34:15.649 [FXGL Background Thread 3 ] DEBUG Engine               - isNative: false
18:34:15.649 [FXGL Background Thread 3 ] DEBUG Engine               - isPauseMusicWhenMinimized: true
18:34:15.649 [FXGL Background Thread 3 ] DEBUG Engine               - isPreserveResizeRatio: true
18:34:15.649 [FXGL Background Thread 3 ] DEBUG Engine               - isProfilingEnabled: false
18:34:15.649 [FXGL Background Thread 3 ] DEBUG Engine               - isScaleAffectedOnResize: true
18:34:15.650 [FXGL Background Thread 3 ] DEBUG Engine               - isSingleStep: false
18:34:15.650 [FXGL Background Thread 3 ] DEBUG Engine               - isUserProfileEnabled: false
18:34:15.650 [FXGL Background Thread 3 ] DEBUG Engine               - isWindows: false
18:34:15.650 [FXGL Background Thread 3 ] DEBUG Engine               - language: ObjectProperty [value: ENGLISH]
18:34:15.650 [FXGL Background Thread 3 ] DEBUG Engine               - menuKey: ESCAPE
18:34:15.650 [FXGL Background Thread 3 ] DEBUG Engine               - mouseSensitivity: 0.2
18:34:15.650 [FXGL Background Thread 3 ] DEBUG Engine               - notificationViewClass: class com.almasb.fxgl.notification.view.XboxNotificationView
18:34:15.650 [FXGL Background Thread 3 ] DEBUG Engine               - pixelsPerMeter: 50.0
18:34:15.650 [FXGL Background Thread 3 ] DEBUG Engine               - platform: MAC
18:34:15.651 [FXGL Background Thread 3 ] DEBUG Engine               - prefHeightProperty: ReadOnlyDoubleProperty [value: 720.0]
18:34:15.651 [FXGL Background Thread 3 ] DEBUG Engine               - prefWidthProperty: ReadOnlyDoubleProperty [value: 1280.0]
18:34:15.651 [FXGL Background Thread 3 ] DEBUG Engine               - profileDir: profiles/
18:34:15.651 [FXGL Background Thread 3 ] DEBUG Engine               - profileName: StringProperty [value: DEFAULT]
18:34:15.652 [FXGL Background Thread 3 ] DEBUG Engine               - randomSeed: -1
18:34:15.652 [FXGL Background Thread 3 ] DEBUG Engine               - runtimeInfo: RuntimeInfo(platform=MAC, version=21.1, build=27.03.2024 07.52)
18:34:15.652 [FXGL Background Thread 3 ] DEBUG Engine               - saveFileExt: sav
18:34:15.653 [FXGL Background Thread 3 ] DEBUG Engine               - scaledHeightProp$fxgl: DoubleProperty [bound, value: 800.0]
18:34:15.653 [FXGL Background Thread 3 ] DEBUG Engine               - scaledWidthProp$fxgl: DoubleProperty [bound, value: 1280.0]
18:34:15.653 [FXGL Background Thread 3 ] DEBUG Engine               - sceneFactory: com.almasb.fxgl.app.scene.SceneFactory@1f920b6
18:34:15.653 [FXGL Background Thread 3 ] DEBUG Engine               - secondsIn24h: 60
18:34:15.653 [FXGL Background Thread 3 ] DEBUG Engine               - soundMenuBack: menu/back.wav
18:34:15.653 [FXGL Background Thread 3 ] DEBUG Engine               - soundMenuPress: menu/press.wav
18:34:15.653 [FXGL Background Thread 3 ] DEBUG Engine               - soundMenuSelect: menu/select.wav
18:34:15.653 [FXGL Background Thread 3 ] DEBUG Engine               - soundNotification: core/notification.wav
18:34:15.653 [FXGL Background Thread 3 ] DEBUG Engine               - stageStyle: DECORATED
18:34:15.653 [FXGL Background Thread 3 ] DEBUG Engine               - supportedLanguages: [ENGLISH, FRENCH, GERMAN, HUNGARIAN, RUSSIAN]
18:34:15.653 [FXGL Background Thread 3 ] DEBUG Engine               - ticksPerSecond: -1
18:34:15.653 [FXGL Background Thread 3 ] DEBUG Engine               - title: TypeWiz - Winter Theme
18:34:15.654 [FXGL Background Thread 3 ] DEBUG Engine               - urlGithub: https://github.com/AlmasB/FXGL
18:34:15.654 [FXGL Background Thread 3 ] DEBUG Engine               - urlLeaderboard: http://fxgl-top.herokuapp.com/
18:34:15.654 [FXGL Background Thread 3 ] DEBUG Engine               - urlPOM: https://raw.githubusercontent.com/AlmasB/FXGL/release/README.md
18:34:15.654 [FXGL Background Thread 3 ] DEBUG Engine               - userAppClass: class com.oop2.typewiz.GameplayComponents.Game
18:34:15.654 [FXGL Background Thread 3 ] DEBUG Engine               - version: 0.0
18:34:15.654 [FXGL Background Thread 3 ] DEBUG Engine               - versionCheckDays: 7
18:34:15.654 [FXGL Background Thread 3 ] DEBUG Engine               - width: 1280
18:34:15.654 [FXGL Background Thread 3 ] DEBUG Engine               - Logging services
18:34:15.654 [FXGL Background Thread 3 ] DEBUG Engine               - class com.almasb.fxgl.app.services.FXGLAssetLoaderService
18:34:15.654 [FXGL Background Thread 3 ] DEBUG Engine               - class com.almasb.fxgl.app.FXGLApplication$GameApplicationService
18:34:15.655 [FXGL Background Thread 3 ] DEBUG Engine               - class com.almasb.fxgl.app.services.FXGLDialogService
18:34:15.655 [FXGL Background Thread 3 ] DEBUG Engine               - class com.almasb.fxgl.app.services.IOTaskExecutorService
18:34:15.656 [FXGL Background Thread 3 ] DEBUG Engine               - class com.almasb.fxgl.io.FileSystemService
18:34:15.656 [FXGL Background Thread 3 ] DEBUG Engine               - class com.almasb.fxgl.localization.LocalizationService
18:34:15.656 [FXGL Background Thread 3 ] DEBUG Engine               - class com.almasb.fxgl.app.services.SystemBundleService
18:34:15.656 [FXGL Background Thread 3 ] DEBUG Engine               - class com.almasb.fxgl.profile.SaveLoadService
18:34:15.656 [FXGL Background Thread 3 ] DEBUG Engine               - class com.almasb.fxgl.ui.FXGLUIFactoryServiceProvider
18:34:15.656 [FXGL Background Thread 3 ] DEBUG Engine               - class com.almasb.fxgl.ui.FXGLDialogFactoryServiceProvider
18:34:15.657 [FXGL Background Thread 3 ] DEBUG Engine               - class com.almasb.fxgl.audio.AudioPlayer
18:34:15.657 [FXGL Background Thread 3 ] DEBUG Engine               - class com.almasb.fxgl.notification.impl.NotificationServiceProvider
18:34:15.657 [FXGL Background Thread 3 ] DEBUG Engine               - class com.almasb.fxgl.achievement.AchievementService
18:34:15.657 [FXGL Background Thread 3 ] DEBUG Engine               - class com.almasb.fxgl.cutscene.CutsceneService
18:34:15.658 [FXGL Background Thread 3 ] DEBUG Engine               - class com.almasb.fxgl.minigames.MiniGameService
18:34:15.658 [FXGL Background Thread 3 ] DEBUG Engine               - class com.almasb.fxgl.net.NetService
18:34:15.659 [FXGL Background Thread 3 ] DEBUG Engine               - class com.almasb.fxgl.app.services.UpdaterService
18:34:15.660 [FXGL Background Thread 3 ] DEBUG Engine               - class com.almasb.fxgl.dev.DevService
18:36:57.521 [JavaFX Application Thread] DEBUG FXGLApplication      - Exiting FXGL
18:36:57.522 [JavaFX Application Thread] DEBUG LoopRunner           - Stopping loop
18:36:57.522 [JavaFX Application Thread] DEBUG SystemBundleService  - Saving FXGL system data
18:36:57.527 [JavaFX Application Thread] DEBUG FileSystemAccess     - Writing to: /Users/archiecabiso/Documents/2nd Year - CS/2nd Sem/CSIT228/OOP2-Capstone/system/fxgl.bundle
18:36:57.532 [JavaFX Application Thread] DEBUG Async                - Shutting down background threads
18:36:57.533 [JavaFX Application Thread] DEBUG PrimaryStageWindow   - Closing main window
18:36:58.275 [JavaFX Application Thread] DEBUG Logger               - Closing Logger
