23:47:49.476 [main                     ] DEBUG Logger               - Configured Logger
23:47:49.564 [main                     ] DEBUG GameApplication      - Logging settings
Title: TypeWiz Login
Version: 0.0
Width: 1280
Height: 720
Fullscreen: true
Intro: false
Profiling: false
Single step:false
App Mode: DEVELOPER
Menu Key: ESCAPE
Stage Style: DECORATED
Scene Factory: class com.oop2.typewiz.util.CustomSceneFactory

23:47:50.336 [JavaFX Application Thread] DEBUG FXGLApplication      - Initializing FXGL
23:47:50.347 [JavaFX Application Thread] INFO  Engine               - FXGL-21.1 (27.03.2024 07.52) on MAC (J:23.0.1 FX:19)
23:47:50.347 [JavaFX Application Thread] DEBUG Engine               - JRE Vendor Name: Oracle Corporation
23:47:50.348 [JavaFX Application Thread] DEBUG Engine               - Running on OS: Mac OS X version 10.15.7
23:47:50.348 [JavaFX Application Thread] DEBUG Engine               - Architecture: x86_64
23:47:50.348 [JavaFX Application Thread] INFO  Engine               - Source code and latest versions at: https://github.com/AlmasB/FXGL
23:47:50.348 [JavaFX Application Thread] INFO  Engine               -       Ask questions and discuss at: https://github.com/AlmasB/FXGL/discussions
23:47:50.349 [JavaFX Application Thread] INFO  Engine               -              Join the FXGL chat at: https://gitter.im/AlmasB/FXGL
23:47:50.660 [JavaFX Application Thread] DEBUG PrimaryStageWindow   - Creating a JavaFX scene
23:47:50.918 [JavaFX Application Thread] DEBUG PrimaryStageWindow   - Target settings size: 1280.0 x 720.0
23:47:50.918 [JavaFX Application Thread] DEBUG PrimaryStageWindow   - Scaled scene size:    1280.0 x 720.0
23:47:50.919 [JavaFX Application Thread] DEBUG PrimaryStageWindow   - Scaled ratio: (1.0, 1.0)
23:47:50.923 [JavaFX Application Thread] DEBUG PrimaryStageWindow   - Set initial scene to FXGLStartupScene
23:47:50.938 [JavaFX Application Thread] DEBUG PrimaryStageWindow   - Opening main window
23:47:51.239 [JavaFX Application Thread] DEBUG PrimaryStageWindow   - Window border size: (0.0, 22.0)
23:47:51.239 [JavaFX Application Thread] DEBUG PrimaryStageWindow   - Scaled size: 1280.0 x 720.0
23:47:51.240 [JavaFX Application Thread] DEBUG PrimaryStageWindow   - Scaled ratio: (1.0, 1.0)
23:47:51.240 [JavaFX Application Thread] DEBUG PrimaryStageWindow   - Scene size: 1280.0 x 720.0
23:47:51.241 [JavaFX Application Thread] DEBUG PrimaryStageWindow   - Stage size: 1280.0 x 742.0
23:47:52.056 [JavaFX Application Thread] DEBUG PrimaryStageWindow   - Going fullscreen
23:47:52.071 [FXGL Background Thread 1 ] DEBUG Engine               - Initializing environment variables
23:47:52.232 [FXGL Background Thread 1 ] DEBUG FXGLAssetLoaderServi - User app class for loading assets: class com.oop2.typewiz.TypeWizApp
23:47:52.233 [FXGL Background Thread 1 ] DEBUG GameApplicationServi - Applying CSS: fxgl_dark.css
23:47:52.234 [FXGL Background Thread 1 ] DEBUG FXGLAssetLoaderServi - Loading from file system: jar:file:///Users/archiecabiso/.m2/repository/com/github/almasb/fxgl/21.1/fxgl-21.1.jar!/fxglassets/ui/css/fxgl_dark.css
23:47:52.486 [FXGL Background Thread 1 ] DEBUG GameApplicationServi - Initializing application scenes
23:47:53.563 [FXGL Background Thread 1 ] DEBUG GameWorld            - Game world initialized
23:47:53.632 [FXGL Background Thread 1 ] DEBUG PhysicsWorld         - Physics world initialized: appHeight=720, physics.ppm=50.0
23:47:53.632 [FXGL Background Thread 1 ] DEBUG PhysicsWorld         - Using strategy: BRUTE_FORCE
23:47:53.637 [FXGL Background Thread 1 ] DEBUG GameScene            - Game scene initialized: 1280x720
23:47:54.019 [FXGL Background Thread 1 ] DEBUG GameApplicationServi - Application scenes initialized
23:47:54.035 [FXGL Background Thread 1 ] DEBUG SystemBundleService  - Loading FXGL system data
23:47:54.040 [FXGL Background Thread 1 ] DEBUG FileSystemAccess     - Reading from: /Users/archiecabiso/Documents/2nd Year - CS/2nd Sem/CSIT228/OOP2-Capstone/system/fxgl.bundle
23:47:54.048 [FXGL Background Thread 1 ] DEBUG SystemBundleService  - Bundle FXGL: {}
23:47:54.048 [FXGL Background Thread 1 ] DEBUG UpdaterService       - Checking for updates
23:47:54.055 [FXGL Background Thread 4 ] DEBUG FXGLApplication      - Loading fonts
23:47:54.056 [FXGL Background Thread 4 ] DEBUG FXGLAssetLoaderServi - Loading from file system: jar:file:///Users/archiecabiso/.m2/repository/com/github/almasb/fxgl/21.1/fxgl-21.1.jar!/fxglassets/ui/fonts/VarelaRound-Regular.ttf
23:47:54.057 [FXGL Background Thread 1 ] DEBUG FXGLApplication      - Loading default localization
23:47:54.058 [FXGL Background Thread 1 ] DEBUG FXGLAssetLoaderServi - Loading from file system: jar:file:///Users/archiecabiso/.m2/repository/com/github/almasb/fxgl/21.1/fxgl-21.1.jar!/fxglassets/languages/english.lang
23:47:54.075 [FXGL Background Thread 4 ] DEBUG FXGLAssetLoaderServi - Loading from file system: jar:file:///Users/archiecabiso/.m2/repository/com/github/almasb/fxgl/21.1/fxgl-21.1.jar!/fxglassets/ui/fonts/Abel-Regular.ttf
23:47:54.079 [FXGL Background Thread 4 ] DEBUG FXGLAssetLoaderServi - Loading from file system: jar:file:///Users/archiecabiso/.m2/repository/com/github/almasb/fxgl/21.1/fxgl-21.1.jar!/fxglassets/ui/fonts/TerminalLandMono-Regular.otf
23:47:54.084 [FXGL Background Thread 4 ] DEBUG FXGLAssetLoaderServi - Loading from file system: jar:file:///Users/archiecabiso/.m2/repository/com/github/almasb/fxgl/21.1/fxgl-21.1.jar!/fxglassets/ui/fonts/Courier-Prime.ttf
23:47:54.090 [JavaFX Application Thread] DEBUG FXGLApplication      - Registering font factories with UI factory
23:47:54.099 [FXGL Background Thread 1 ] INFO  FXGLApplication      - FXGL initialization took: 2.028 sec
23:47:54.100 [JavaFX Application Thread] DEBUG FXGLAssetLoaderServi - Loading from file system: jar:file:///Users/archiecabiso/.m2/repository/com/github/almasb/fxgl/21.1/fxgl-21.1.jar!/fxglassets/textures/fxgl_icon.png
23:47:54.130 [JavaFX Application Thread] DEBUG FXGLAssetLoaderServi - Loading from file system: jar:file:///Users/archiecabiso/.m2/repository/com/github/almasb/fxgl/21.1/fxgl-21.1.jar!/fxglassets/textures/fxgl_default_cursor.png
23:47:54.145 [JavaFX Application Thread] DEBUG Input                - Registered new binding: Screenshot - CTRL+8
23:47:54.145 [JavaFX Application Thread] DEBUG Input                - Registered new binding: System info dump - CTRL+9
23:47:54.146 [JavaFX Application Thread] DEBUG Input                - Registered new binding: Restart - CTRL+R
23:47:54.147 [JavaFX Application Thread] DEBUG Input                - Registered new binding: Toggle Debug Camera - CTRL+7
23:47:54.150 [JavaFX Application Thread] DEBUG LoopRunner           - Starting loop
23:47:54.150 [JavaFX Application Thread] DEBUG LoopRunner           - Initializing JavaFX AnimationTimerLoop
23:47:54.154 [JavaFX Application Thread] DEBUG Input                - Clearing active input actions
23:47:54.167 [JavaFX Application Thread] DEBUG GameApplicationServi - Removing overlay from FXGLStartupScene and adding to FXGLMainMenuDummyScene
23:47:54.168 [JavaFX Application Thread] DEBUG PrimaryStageWindow   - FXGLStartupScene -> FXGLMainMenuDummyScene
23:47:54.168 [JavaFX Application Thread] DEBUG PrimaryStageWindow   - Push state: LoginScreen
23:47:54.169 [JavaFX Application Thread] DEBUG Input                - Clearing active input actions
23:47:54.188 [JavaFX Application Thread] DEBUG GameApplicationServi - Removing overlay from FXGLMainMenuDummyScene and adding to LoginScreen
23:47:54.189 [JavaFX Application Thread] DEBUG PrimaryStageWindow   - FXGLMainMenuDummyScene -> LoginScreen
23:47:55.891 [JavaFX Application Thread] DEBUG FXGLAssetLoaderServi - Loading from file system: file:/Users/archiecabiso/Documents/2nd%20Year%20-%20CS/2nd%20Sem/CSIT228/OOP2-Capstone/target/classes/assets/sounds/sound-library/hover.wav
23:47:56.235 [JavaFX Application Thread] DEBUG FXGLAssetLoaderServi - Loading from file system: file:/Users/archiecabiso/Documents/2nd%20Year%20-%20CS/2nd%20Sem/CSIT228/OOP2-Capstone/target/classes/assets/sounds/sound-library/click.wav
23:47:56.322 [JavaFX Application Thread] DEBUG PrimaryStageWindow   - Push state: LoadingScreen
23:47:56.322 [JavaFX Application Thread] DEBUG Input                - Clearing active input actions
23:47:56.323 [JavaFX Application Thread] DEBUG GameApplicationServi - Removing overlay from LoginScreen and adding to LoadingScreen
23:47:56.324 [JavaFX Application Thread] DEBUG PrimaryStageWindow   - LoginScreen -> LoadingScreen
23:47:56.324 [JavaFX Application Thread] DEBUG FXGLAssetLoaderServi - Loading from file system: file:/Users/archiecabiso/Documents/2nd%20Year%20-%20CS/2nd%20Sem/CSIT228/OOP2-Capstone/target/classes/assets/textures/magicbook.png
23:47:56.330 [JavaFX Application Thread] DEBUG FXGLAssetLoaderServi - Loading from file system: file:/Users/archiecabiso/Documents/2nd%20Year%20-%20CS/2nd%20Sem/CSIT228/OOP2-Capstone/target/classes/assets/textures/magicbook_hover.png
23:47:57.057 [FXGL Background Thread 3 ] DEBUG Engine               - Logging environment variables
23:47:57.059 [FXGL Background Thread 3 ] DEBUG Engine               - achievements: []
23:47:57.060 [FXGL Background Thread 3 ] DEBUG Engine               - actualHeight: 800.0
23:47:57.060 [FXGL Background Thread 3 ] DEBUG Engine               - actualHeightProperty: ReadOnlyDoubleProperty [value: 800.0]
23:47:57.060 [FXGL Background Thread 3 ] DEBUG Engine               - actualWidth: 1280.0
23:47:57.061 [FXGL Background Thread 3 ] DEBUG Engine               - actualWidthProperty: ReadOnlyDoubleProperty [value: 1280.0]
23:47:57.061 [FXGL Background Thread 3 ] DEBUG Engine               - appIcon: fxgl_icon.png
23:47:57.061 [FXGL Background Thread 3 ] DEBUG Engine               - applicationMode: DEVELOPER
23:47:57.061 [FXGL Background Thread 3 ] DEBUG Engine               - cSSList: [fxgl_dark.css]
23:47:57.061 [FXGL Background Thread 3 ] DEBUG Engine               - collisionDetectionStrategy: BRUTE_FORCE
23:47:57.062 [FXGL Background Thread 3 ] DEBUG Engine               - configClass: Optional.empty
23:47:57.062 [FXGL Background Thread 3 ] DEBUG Engine               - credits: []
23:47:57.066 [FXGL Background Thread 3 ] DEBUG Engine               - defaultCursor: CursorInfo(imageName=fxgl_default_cursor.png, hotspotX=7.0, hotspotY=6.0)
23:47:57.069 [FXGL Background Thread 3 ] DEBUG Engine               - devBBoxColorProperty: ObjectProperty [value: 0xff0000ff]
23:47:57.072 [FXGL Background Thread 3 ] DEBUG Engine               - devEnableDebugCameraProperty: BooleanProperty [value: false]
23:47:57.072 [FXGL Background Thread 3 ] DEBUG Engine               - devSensorColorProperty: ObjectProperty [value: 0xffff00ff]
23:47:57.072 [FXGL Background Thread 3 ] DEBUG Engine               - devShowBBoxProperty: BooleanProperty [value: false]
23:47:57.073 [FXGL Background Thread 3 ] DEBUG Engine               - devShowPositionProperty: BooleanProperty [value: false]
23:47:57.073 [FXGL Background Thread 3 ] DEBUG Engine               - enabledMenuItems: []
23:47:57.073 [FXGL Background Thread 3 ] DEBUG Engine               - engineServices: [class com.almasb.fxgl.app.services.FXGLAssetLoaderService, class com.almasb.fxgl.app.FXGLApplication$GameApplicationService, class com.almasb.fxgl.app.services.FXGLDialogService, class com.almasb.fxgl.app.services.IOTaskExecutorService, class com.almasb.fxgl.io.FileSystemService, class com.almasb.fxgl.localization.LocalizationService, class com.almasb.fxgl.app.services.SystemBundleService, class com.almasb.fxgl.profile.SaveLoadService, class com.almasb.fxgl.ui.FXGLUIFactoryServiceProvider, class com.almasb.fxgl.ui.FXGLDialogFactoryServiceProvider, class com.almasb.fxgl.audio.AudioPlayer, class com.almasb.fxgl.notification.impl.NotificationServiceProvider, class com.almasb.fxgl.achievement.AchievementService, class com.almasb.fxgl.cutscene.CutsceneService, class com.almasb.fxgl.minigames.MiniGameService, class com.almasb.fxgl.net.NetService, class com.almasb.fxgl.app.services.UpdaterService, class com.almasb.fxgl.dev.DevService]
23:47:57.074 [FXGL Background Thread 3 ] DEBUG Engine               - fontGame: Abel-Regular.ttf
23:47:57.074 [FXGL Background Thread 3 ] DEBUG Engine               - fontMono: TerminalLandMono-Regular.otf
23:47:57.074 [FXGL Background Thread 3 ] DEBUG Engine               - fontSizeScaleUI: 1.0
23:47:57.074 [FXGL Background Thread 3 ] DEBUG Engine               - fontText: Courier-Prime.ttf
23:47:57.074 [FXGL Background Thread 3 ] DEBUG Engine               - fontUI: VarelaRound-Regular.ttf
23:47:57.075 [FXGL Background Thread 3 ] DEBUG Engine               - fullScreen: BooleanProperty [value: true]
23:47:57.075 [FXGL Background Thread 3 ] DEBUG Engine               - gameDifficulty: MEDIUM
23:47:57.075 [FXGL Background Thread 3 ] DEBUG Engine               - gameDifficultyProperty: ObjectProperty [value: MEDIUM]
23:47:57.075 [FXGL Background Thread 3 ] DEBUG Engine               - globalMusicVolume: 0.5
23:47:57.076 [FXGL Background Thread 3 ] DEBUG Engine               - globalMusicVolumeProperty: DoubleProperty [value: 0.5]
23:47:57.077 [FXGL Background Thread 3 ] DEBUG Engine               - globalSoundVolume: 0.5
23:47:57.077 [FXGL Background Thread 3 ] DEBUG Engine               - globalSoundVolumeProperty: DoubleProperty [value: 0.5]
23:47:57.077 [FXGL Background Thread 3 ] DEBUG Engine               - height: 720
23:47:57.077 [FXGL Background Thread 3 ] DEBUG Engine               - is3D: false
23:47:57.078 [FXGL Background Thread 3 ] DEBUG Engine               - isAndroid: false
23:47:57.078 [FXGL Background Thread 3 ] DEBUG Engine               - isBrowser: false
23:47:57.078 [FXGL Background Thread 3 ] DEBUG Engine               - isClickFeedbackEnabled: false
23:47:57.078 [FXGL Background Thread 3 ] DEBUG Engine               - isCloseConfirmation: false
23:47:57.078 [FXGL Background Thread 3 ] DEBUG Engine               - isDesktop: true
23:47:57.079 [FXGL Background Thread 3 ] DEBUG Engine               - isDeveloperMenuEnabled: false
23:47:57.079 [FXGL Background Thread 3 ] DEBUG Engine               - isEmbedded: false
23:47:57.079 [FXGL Background Thread 3 ] DEBUG Engine               - isEntityPreloadEnabled: true
23:47:57.079 [FXGL Background Thread 3 ] DEBUG Engine               - isExperimentalTiledLargeMap: false
23:47:57.079 [FXGL Background Thread 3 ] DEBUG Engine               - isFileSystemWriteAllowed: true
23:47:57.079 [FXGL Background Thread 3 ] DEBUG Engine               - isFullScreenAllowed: true
23:47:57.079 [FXGL Background Thread 3 ] DEBUG Engine               - isFullScreenFromStart: true
23:47:57.080 [FXGL Background Thread 3 ] DEBUG Engine               - isGameMenuEnabled: false
23:47:57.080 [FXGL Background Thread 3 ] DEBUG Engine               - isIOS: false
23:47:57.080 [FXGL Background Thread 3 ] DEBUG Engine               - isIntroEnabled: false
23:47:57.080 [FXGL Background Thread 3 ] DEBUG Engine               - isLinux: false
23:47:57.080 [FXGL Background Thread 3 ] DEBUG Engine               - isMac: true
23:47:57.080 [FXGL Background Thread 3 ] DEBUG Engine               - isMainMenuEnabled: true
23:47:57.080 [FXGL Background Thread 3 ] DEBUG Engine               - isManualResizeEnabled: false
23:47:57.081 [FXGL Background Thread 3 ] DEBUG Engine               - isMobile: false
23:47:57.081 [FXGL Background Thread 3 ] DEBUG Engine               - isNative: false
23:47:57.081 [FXGL Background Thread 3 ] DEBUG Engine               - isPauseMusicWhenMinimized: true
23:47:57.081 [FXGL Background Thread 3 ] DEBUG Engine               - isPreserveResizeRatio: false
23:47:57.083 [FXGL Background Thread 3 ] DEBUG Engine               - isProfilingEnabled: false
23:47:57.083 [FXGL Background Thread 3 ] DEBUG Engine               - isScaleAffectedOnResize: true
23:47:57.084 [FXGL Background Thread 3 ] DEBUG Engine               - isSingleStep: false
23:47:57.084 [FXGL Background Thread 3 ] DEBUG Engine               - isUserProfileEnabled: false
23:47:57.084 [FXGL Background Thread 3 ] DEBUG Engine               - isWindows: false
23:47:57.085 [FXGL Background Thread 3 ] DEBUG Engine               - language: ObjectProperty [value: ENGLISH]
23:47:57.086 [FXGL Background Thread 3 ] DEBUG Engine               - menuKey: ESCAPE
23:47:57.088 [FXGL Background Thread 3 ] DEBUG Engine               - mouseSensitivity: 0.2
23:47:57.089 [FXGL Background Thread 3 ] DEBUG Engine               - notificationViewClass: class com.almasb.fxgl.notification.view.XboxNotificationView
23:47:57.090 [FXGL Background Thread 3 ] DEBUG Engine               - pixelsPerMeter: 50.0
23:47:57.090 [FXGL Background Thread 3 ] DEBUG Engine               - platform: MAC
23:47:57.090 [FXGL Background Thread 3 ] DEBUG Engine               - prefHeightProperty: ReadOnlyDoubleProperty [value: 720.0]
23:47:57.091 [FXGL Background Thread 3 ] DEBUG Engine               - prefWidthProperty: ReadOnlyDoubleProperty [value: 1280.0]
23:47:57.091 [FXGL Background Thread 3 ] DEBUG Engine               - profileDir: profiles/
23:47:57.091 [FXGL Background Thread 3 ] DEBUG Engine               - profileName: StringProperty [value: DEFAULT]
23:47:57.091 [FXGL Background Thread 3 ] DEBUG Engine               - randomSeed: -1
23:47:57.092 [FXGL Background Thread 3 ] DEBUG Engine               - runtimeInfo: RuntimeInfo(platform=MAC, version=21.1, build=27.03.2024 07.52)
23:47:57.093 [FXGL Background Thread 3 ] DEBUG Engine               - saveFileExt: sav
23:47:57.093 [FXGL Background Thread 3 ] DEBUG Engine               - scaledHeightProp$fxgl: DoubleProperty [bound, value: 800.0]
23:47:57.093 [FXGL Background Thread 3 ] DEBUG Engine               - scaledWidthProp$fxgl: DoubleProperty [bound, value: 1280.0]
23:47:57.093 [FXGL Background Thread 3 ] DEBUG Engine               - sceneFactory: com.oop2.typewiz.util.CustomSceneFactory@4e55e1d8
23:47:57.094 [FXGL Background Thread 3 ] DEBUG Engine               - secondsIn24h: 60
23:47:57.094 [FXGL Background Thread 3 ] DEBUG Engine               - soundMenuBack: menu/back.wav
23:47:57.094 [FXGL Background Thread 3 ] DEBUG Engine               - soundMenuPress: menu/press.wav
23:47:57.094 [FXGL Background Thread 3 ] DEBUG Engine               - soundMenuSelect: menu/select.wav
23:47:57.094 [FXGL Background Thread 3 ] DEBUG Engine               - soundNotification: core/notification.wav
23:47:57.094 [FXGL Background Thread 3 ] DEBUG Engine               - stageStyle: DECORATED
23:47:57.094 [FXGL Background Thread 3 ] DEBUG Engine               - supportedLanguages: [ENGLISH, FRENCH, GERMAN, HUNGARIAN, RUSSIAN]
23:47:57.095 [FXGL Background Thread 3 ] DEBUG Engine               - ticksPerSecond: -1
23:47:57.095 [FXGL Background Thread 3 ] DEBUG Engine               - title: TypeWiz Login
23:47:57.095 [FXGL Background Thread 3 ] DEBUG Engine               - urlGithub: https://github.com/AlmasB/FXGL
23:47:57.095 [FXGL Background Thread 3 ] DEBUG Engine               - urlLeaderboard: http://fxgl-top.herokuapp.com/
23:47:57.096 [FXGL Background Thread 3 ] DEBUG Engine               - urlPOM: https://raw.githubusercontent.com/AlmasB/FXGL/release/README.md
23:47:57.096 [FXGL Background Thread 3 ] DEBUG Engine               - userAppClass: class com.oop2.typewiz.TypeWizApp
23:47:57.096 [FXGL Background Thread 3 ] DEBUG Engine               - version: 0.0
23:47:57.096 [FXGL Background Thread 3 ] DEBUG Engine               - versionCheckDays: 7
23:47:57.096 [FXGL Background Thread 3 ] DEBUG Engine               - width: 1280
23:47:57.096 [FXGL Background Thread 3 ] DEBUG Engine               - Logging services
23:47:57.096 [FXGL Background Thread 3 ] DEBUG Engine               - class com.almasb.fxgl.app.services.FXGLAssetLoaderService
23:47:57.096 [FXGL Background Thread 3 ] DEBUG Engine               - class com.almasb.fxgl.app.FXGLApplication$GameApplicationService
23:47:57.097 [FXGL Background Thread 3 ] DEBUG Engine               - class com.almasb.fxgl.app.services.FXGLDialogService
23:47:57.097 [FXGL Background Thread 3 ] DEBUG Engine               - class com.almasb.fxgl.app.services.IOTaskExecutorService
23:47:57.097 [FXGL Background Thread 3 ] DEBUG Engine               - class com.almasb.fxgl.io.FileSystemService
23:47:57.097 [FXGL Background Thread 3 ] DEBUG Engine               - class com.almasb.fxgl.localization.LocalizationService
23:47:57.097 [FXGL Background Thread 3 ] DEBUG Engine               - class com.almasb.fxgl.app.services.SystemBundleService
23:47:57.097 [FXGL Background Thread 3 ] DEBUG Engine               - class com.almasb.fxgl.profile.SaveLoadService
23:47:57.097 [FXGL Background Thread 3 ] DEBUG Engine               - class com.almasb.fxgl.ui.FXGLUIFactoryServiceProvider
23:47:57.097 [FXGL Background Thread 3 ] DEBUG Engine               - class com.almasb.fxgl.ui.FXGLDialogFactoryServiceProvider
23:47:57.097 [FXGL Background Thread 3 ] DEBUG Engine               - class com.almasb.fxgl.audio.AudioPlayer
23:47:57.097 [FXGL Background Thread 3 ] DEBUG Engine               - class com.almasb.fxgl.notification.impl.NotificationServiceProvider
23:47:57.097 [FXGL Background Thread 3 ] DEBUG Engine               - class com.almasb.fxgl.achievement.AchievementService
23:47:57.097 [FXGL Background Thread 3 ] DEBUG Engine               - class com.almasb.fxgl.cutscene.CutsceneService
23:47:57.098 [FXGL Background Thread 3 ] DEBUG Engine               - class com.almasb.fxgl.minigames.MiniGameService
23:47:57.098 [FXGL Background Thread 3 ] DEBUG Engine               - class com.almasb.fxgl.net.NetService
23:47:57.098 [FXGL Background Thread 3 ] DEBUG Engine               - class com.almasb.fxgl.app.services.UpdaterService
23:47:57.098 [FXGL Background Thread 3 ] DEBUG Engine               - class com.almasb.fxgl.dev.DevService
23:47:59.343 [JavaFX Application Thread] DEBUG FXGLAssetLoaderServi - Loading from file system: file:/Users/archiecabiso/Documents/2nd%20Year%20-%20CS/2nd%20Sem/CSIT228/OOP2-Capstone/target/classes/assets/music/bgm.mp3
23:47:59.365 [JavaFX Application Thread] DEBUG AudioPlayer          - Playing music com.almasb.fxgl.audio.Music@9249951
23:47:59.366 [JavaFX Application Thread] DEBUG PrimaryStageWindow   - Push state: MainMenuScreen
23:47:59.366 [JavaFX Application Thread] DEBUG Input                - Clearing active input actions
23:47:59.367 [JavaFX Application Thread] DEBUG GameApplicationServi - Removing overlay from LoadingScreen and adding to MainMenuScreen
23:47:59.368 [JavaFX Application Thread] DEBUG PrimaryStageWindow   - LoadingScreen -> MainMenuScreen
23:48:01.794 [JavaFX Application Thread] DEBUG PrimaryStageWindow   - Push state: DifficultyMenuScreen
23:48:01.795 [JavaFX Application Thread] DEBUG Input                - Clearing active input actions
23:48:01.801 [JavaFX Application Thread] DEBUG GameApplicationServi - Removing overlay from MainMenuScreen and adding to DifficultyMenuScreen
23:48:01.801 [JavaFX Application Thread] DEBUG PrimaryStageWindow   - MainMenuScreen -> DifficultyMenuScreen
23:48:03.556 [JavaFX Application Thread] DEBUG GameApplicationServi - Starting new game
23:48:03.562 [JavaFX Application Thread] DEBUG PrimaryStageWindow   - Pop state: DifficultyMenuScreen
23:48:03.563 [JavaFX Application Thread] DEBUG Input                - Clearing active input actions
23:48:03.568 [JavaFX Application Thread] DEBUG GameApplicationServi - Removing overlay from DifficultyMenuScreen and adding to MainMenuScreen
23:48:03.570 [JavaFX Application Thread] DEBUG PrimaryStageWindow   - MainMenuScreen <- DifficultyMenuScreen
23:48:03.572 [JavaFX Application Thread] DEBUG PrimaryStageWindow   - Pop state: MainMenuScreen
23:48:03.572 [JavaFX Application Thread] DEBUG Input                - Clearing active input actions
23:48:03.572 [JavaFX Application Thread] DEBUG GameApplicationServi - Removing overlay from MainMenuScreen and adding to LoadingScreen
23:48:03.573 [JavaFX Application Thread] DEBUG PrimaryStageWindow   - LoadingScreen <- MainMenuScreen
23:48:03.573 [JavaFX Application Thread] DEBUG PrimaryStageWindow   - Pop state: LoadingScreen
23:48:03.573 [JavaFX Application Thread] DEBUG Input                - Clearing active input actions
23:48:03.573 [JavaFX Application Thread] DEBUG GameApplicationServi - Removing overlay from LoadingScreen and adding to LoginScreen
23:48:03.574 [JavaFX Application Thread] DEBUG PrimaryStageWindow   - LoginScreen <- LoadingScreen
23:48:03.574 [JavaFX Application Thread] DEBUG PrimaryStageWindow   - Pop state: LoginScreen
23:48:03.574 [JavaFX Application Thread] DEBUG Input                - Clearing active input actions
23:48:03.575 [JavaFX Application Thread] DEBUG GameApplicationServi - Removing overlay from LoginScreen and adding to FXGLMainMenuDummyScene
23:48:03.576 [JavaFX Application Thread] DEBUG PrimaryStageWindow   - FXGLMainMenuDummyScene <- LoginScreen
23:48:03.576 [JavaFX Application Thread] DEBUG Input                - Clearing active input actions
23:48:03.599 [JavaFX Application Thread] DEBUG GameApplicationServi - Removing overlay from FXGLMainMenuDummyScene and adding to FXGLLoadingScene
23:48:03.599 [JavaFX Application Thread] DEBUG PrimaryStageWindow   - FXGLMainMenuDummyScene -> FXGLLoadingScene
23:48:03.599 [JavaFX Application Thread] DEBUG GameApplicationServi - Clearing previous game
23:48:03.599 [JavaFX Application Thread] DEBUG GameScene            - Clearing game scene
23:48:03.599 [JavaFX Application Thread] DEBUG GameWorld            - Clearing game world
23:48:03.602 [JavaFX Application Thread] DEBUG PhysicsWorld         - Clearing physics world
23:48:03.605 [FXGL Background Thread 2 ] DEBUG FXGLApplication      - Initializing game
23:48:03.664 [FXGL Background Thread 2 ] DEBUG FXGLAssetLoaderServi - Loading from file system: file:/Users/archiecabiso/Documents/2nd%20Year%20-%20CS/2nd%20Sem/CSIT228/OOP2-Capstone/target/classes/assets/textures/background-and-platforms/bg-midnightpurple_1280_720.png
23:48:03.793 [FXGL Background Thread 2 ] DEBUG FXGLAssetLoaderServi - Loading from file system: file:/Users/archiecabiso/Documents/2nd%20Year%20-%20CS/2nd%20Sem/CSIT228/OOP2-Capstone/target/classes/assets/textures/background-and-platforms/hdlargerplatform-purple.png
23:48:03.929 [FXGL Background Thread 2 ] DEBUG FXGLAssetLoaderServi - Loading from file system: file:/Users/archiecabiso/Documents/2nd%20Year%20-%20CS/2nd%20Sem/CSIT228/OOP2-Capstone/target/classes/assets/textures/wizard/wizard.png
23:48:04.132 [FXGL Background Thread 2 ] DEBUG FXGLAssetLoaderServi - Loading from file system: file:/Users/archiecabiso/Documents/2nd%20Year%20-%20CS/2nd%20Sem/CSIT228/OOP2-Capstone/target/classes/assets/textures/mobs/gargoyle/gargoyle.png
23:48:04.159 [FXGL Background Thread 2 ] DEBUG FXGLAssetLoaderServi - Loading from file system: file:/Users/archiecabiso/Documents/2nd%20Year%20-%20CS/2nd%20Sem/CSIT228/OOP2-Capstone/target/classes/assets/textures/mobs/grimouge/grimouge.png
23:48:04.249 [FXGL Background Thread 2 ] DEBUG FXGLAssetLoaderServi - Loading from file system: file:/Users/archiecabiso/Documents/2nd%20Year%20-%20CS/2nd%20Sem/CSIT228/OOP2-Capstone/target/classes/assets/textures/mobs/vyleye/vyleye.png
23:48:04.371 [FXGL Background Thread 2 ] INFO  FXGLApplication      - Game initialization took: 0.765 sec
23:48:04.373 [JavaFX Application Thread] DEBUG Input                - Clearing active input actions
23:48:04.386 [JavaFX Application Thread] DEBUG GameApplicationServi - Removing overlay from FXGLLoadingScene and adding to GameScene
23:48:04.387 [JavaFX Application Thread] DEBUG PrimaryStageWindow   - FXGLLoadingScene -> GameScene
23:48:05.584 [JavaFX Application Thread] DEBUG AudioPlayer          - Stopping music com.almasb.fxgl.audio.Music@9249951
23:48:10.588 [JavaFX Application Thread] DEBUG FXGLApplication      - Exiting FXGL
23:48:10.589 [JavaFX Application Thread] DEBUG LoopRunner           - Stopping loop
23:48:10.589 [JavaFX Application Thread] DEBUG SystemBundleService  - Saving FXGL system data
23:48:10.596 [JavaFX Application Thread] DEBUG FileSystemAccess     - Writing to: /Users/archiecabiso/Documents/2nd Year - CS/2nd Sem/CSIT228/OOP2-Capstone/system/fxgl.bundle
23:48:10.600 [JavaFX Application Thread] DEBUG Async                - Shutting down background threads
23:48:10.600 [JavaFX Application Thread] DEBUG PrimaryStageWindow   - Closing main window
23:48:11.308 [JavaFX Application Thread] DEBUG Logger               - Closing Logger
