11:28:51.230 [main                     ] DEBUG Logger               - Configured Logger
11:28:51.318 [main                     ] DEBUG GameApplication      - Logging settings
Title: TypeWiz
Version: 0.0
Width: 1550
Height: 800
Fullscreen: false
Intro: false
Profiling: false
Single step:false
App Mode: DEVELOPER
Menu Key: ESCAPE
Stage Style: DECORATED
Scene Factory: class com.almasb.fxgl.app.scene.SceneFactory

11:28:59.052 [JavaFX Application Thread] DEBUG FXGLApplication      - Initializing FXGL
11:28:59.115 [JavaFX Application Thread] INFO  Engine               - FXGL-17.2 (20.08.2022 16.50) on MAC (J:23.0.1 FX:19)
11:28:59.116 [JavaFX Application Thread] DEBUG Engine               - JRE Vendor Name: Oracle Corporation
11:28:59.116 [JavaFX Application Thread] DEBUG Engine               - Running on OS: Mac OS X version 10.15.7
11:28:59.117 [JavaFX Application Thread] DEBUG Engine               - Architecture: x86_64
11:28:59.117 [JavaFX Application Thread] INFO  Engine               - Source code and latest versions at: https://github.com/AlmasB/FXGL
11:28:59.117 [JavaFX Application Thread] INFO  Engine               -       Ask questions and discuss at: https://github.com/AlmasB/FXGL/discussions
11:28:59.117 [JavaFX Application Thread] INFO  Engine               -              Join the FXGL chat at: https://gitter.im/AlmasB/FXGL
11:29:01.420 [JavaFX Application Thread] DEBUG PrimaryStageWindow   - Creating a JavaFX scene
11:29:01.420 [JavaFX Application Thread] DEBUG PrimaryStageWindow   - Target size > screen size
11:29:01.612 [JavaFX Application Thread] DEBUG PrimaryStageWindow   - Target settings size: 1550.0 x 800.0
11:29:01.612 [JavaFX Application Thread] DEBUG PrimaryStageWindow   - Scaled scene size:    1255.0 x 660.0
11:29:01.612 [JavaFX Application Thread] DEBUG PrimaryStageWindow   - Scaled ratio: (0.8096774193548387, 0.825)
11:29:01.615 [JavaFX Application Thread] DEBUG PrimaryStageWindow   - Set initial scene to FXGLStartupScene
11:29:01.625 [JavaFX Application Thread] DEBUG PrimaryStageWindow   - Opening main window
11:29:01.821 [JavaFX Application Thread] DEBUG PrimaryStageWindow   - Window border size: (0.0, 22.0)
11:29:01.821 [JavaFX Application Thread] DEBUG PrimaryStageWindow   - Scaled size: 1255.0 x 660.0
11:29:01.821 [JavaFX Application Thread] DEBUG PrimaryStageWindow   - Scaled ratio: (0.8096774193548387, 0.825)
11:29:01.822 [JavaFX Application Thread] DEBUG PrimaryStageWindow   - Scene size: 1255.0 x 660.0
11:29:01.822 [JavaFX Application Thread] DEBUG PrimaryStageWindow   - Stage size: 1255.0 x 682.0
11:29:01.841 [FXGL Background Thread 1 ] DEBUG Engine               - Initializing environment variables
11:29:02.425 [FXGL Background Thread 1 ] DEBUG FXGLAssetLoaderServi - User app class for loading assets: class com.oop2.typewiz.TypeWizApp
11:29:02.425 [FXGL Background Thread 1 ] DEBUG GameApplicationServi - Applying CSS: fxgl_dark.css
11:29:02.427 [FXGL Background Thread 1 ] DEBUG FXGLAssetLoaderServi - Loading from file system: jar:file:///Users/archiecabiso/.m2/repository/com/github/almasb/fxgl/17.2/fxgl-17.2.jar!/fxglassets/ui/css/fxgl_dark.css
11:29:02.904 [FXGL Background Thread 1 ] DEBUG GameApplicationServi - Initializing application scenes
11:29:05.360 [FXGL Background Thread 1 ] DEBUG GameWorld            - Game world initialized
11:29:06.295 [FXGL Background Thread 1 ] DEBUG PhysicsWorld         - Physics world initialized: appHeight=800, physics.ppm=50.0
11:29:06.297 [FXGL Background Thread 1 ] DEBUG PhysicsWorld         - Using strategy: BRUTE_FORCE
11:29:06.317 [FXGL Background Thread 1 ] DEBUG GameScene            - Game scene initialized: 1550x800
11:29:06.629 [FXGL Background Thread 1 ] DEBUG FXGL.DefaultMenu     - createMenuBodyGameMenu()
11:29:07.144 [FXGL Background Thread 1 ] DEBUG FXGL.DefaultMenu     - createOptionsMenu()
11:29:07.437 [FXGL Background Thread 1 ] DEBUG FXGLAssetLoaderServi - Loading from file system: jar:file:///Users/archiecabiso/.m2/repository/com/github/almasb/fxgl/17.2/fxgl-17.2.jar!/fxglassets/textures/particles/smoke.png
11:29:08.759 [FXGL Background Thread 1 ] DEBUG FXGLAssetLoaderServi - Loading from file system: jar:file:///Users/archiecabiso/.m2/repository/com/github/almasb/fxgl/17.2/fxgl-17.2.jar!/fxglassets/textures/particles/trace_horizontal.png
11:29:08.870 [FXGL Background Thread 1 ] DEBUG GameApplicationServi - Application scenes initialized
11:29:09.307 [FXGL Background Thread 1 ] DEBUG SystemBundleService  - Loading FXGL system data
11:29:09.413 [FXGL Background Thread 1 ] DEBUG FileSystemAccess     - Reading from: /Users/archiecabiso/Documents/2nd Year - CS/2nd Sem/CSIT228/OOP2-Capstone/system/fxgl.bundle
11:29:09.525 [FXGL Background Thread 1 ] DEBUG SystemBundleService  - Bundle FXGL: {}
11:29:09.525 [FXGL Background Thread 1 ] DEBUG UpdaterService       - Checking for updates
11:29:09.539 [FXGL Background Thread 4 ] DEBUG FXGLApplication      - Loading fonts
11:29:09.540 [FXGL Background Thread 4 ] DEBUG FXGLAssetLoaderServi - Loading from file system: jar:file:///Users/archiecabiso/.m2/repository/com/github/almasb/fxgl/17.2/fxgl-17.2.jar!/fxglassets/ui/fonts/VarelaRound-Regular.ttf
11:29:09.544 [FXGL Background Thread 1 ] DEBUG FXGLApplication      - Loading default localization
11:29:09.545 [FXGL Background Thread 1 ] DEBUG FXGLAssetLoaderServi - Loading from file system: jar:file:///Users/archiecabiso/.m2/repository/com/github/almasb/fxgl/17.2/fxgl-17.2.jar!/fxglassets/languages/english.lang
11:29:09.666 [FXGL Background Thread 4 ] DEBUG FXGLAssetLoaderServi - Loading from file system: jar:file:///Users/archiecabiso/.m2/repository/com/github/almasb/fxgl/17.2/fxgl-17.2.jar!/fxglassets/ui/fonts/Abel-Regular.ttf
11:29:09.673 [FXGL Background Thread 4 ] DEBUG FXGLAssetLoaderServi - Loading from file system: jar:file:///Users/archiecabiso/.m2/repository/com/github/almasb/fxgl/17.2/fxgl-17.2.jar!/fxglassets/ui/fonts/TerminalLandMono-Regular.otf
11:29:09.697 [FXGL Background Thread 4 ] DEBUG FXGLAssetLoaderServi - Loading from file system: jar:file:///Users/archiecabiso/.m2/repository/com/github/almasb/fxgl/17.2/fxgl-17.2.jar!/fxglassets/ui/fonts/Courier-Prime.ttf
11:29:09.716 [JavaFX Application Thread] DEBUG FXGLApplication      - Registering font factories with UI factory
11:29:09.828 [FXGL Background Thread 1 ] INFO  FXGLApplication      - FXGL initialization took: 7.986 sec
11:29:09.829 [JavaFX Application Thread] DEBUG FXGLAssetLoaderServi - Loading from file system: jar:file:///Users/archiecabiso/.m2/repository/com/github/almasb/fxgl/17.2/fxgl-17.2.jar!/fxglassets/textures/fxgl_icon.png
11:29:09.898 [JavaFX Application Thread] DEBUG FXGLAssetLoaderServi - Loading from file system: jar:file:///Users/archiecabiso/.m2/repository/com/github/almasb/fxgl/17.2/fxgl-17.2.jar!/fxglassets/textures/fxgl_default_cursor.png
11:29:09.928 [JavaFX Application Thread] DEBUG Input                - Registered new binding: Screenshot - CTRL+8
11:29:09.929 [JavaFX Application Thread] DEBUG Input                - Registered new binding: System info dump - CTRL+9
11:29:09.930 [JavaFX Application Thread] DEBUG Input                - Registered new binding: Restart - CTRL+R
11:29:09.931 [JavaFX Application Thread] DEBUG Input                - Registered new binding: Toggle Debug Camera - CTRL+7
11:29:09.935 [JavaFX Application Thread] DEBUG LoopRunner           - Starting loop
11:29:09.935 [JavaFX Application Thread] DEBUG LoopRunner           - Initializing JavaFX AnimationTimerLoop
11:29:09.938 [JavaFX Application Thread] DEBUG GameApplicationServi - Starting new game
11:29:09.939 [JavaFX Application Thread] DEBUG Input                - Clearing active input actions
11:29:09.970 [JavaFX Application Thread] DEBUG GameApplicationServi - Removing overlay from FXGLStartupScene and adding to FXGLLoadingScene
11:29:09.971 [JavaFX Application Thread] DEBUG PrimaryStageWindow   - FXGLStartupScene -> FXGLLoadingScene
11:29:09.971 [JavaFX Application Thread] DEBUG GameApplicationServi - Clearing previous game
11:29:09.971 [JavaFX Application Thread] DEBUG GameScene            - Clearing game scene
11:29:10.169 [JavaFX Application Thread] DEBUG GameWorld            - Clearing game world
11:29:10.170 [JavaFX Application Thread] DEBUG PhysicsWorld         - Clearing physics world
11:29:10.174 [FXGL Background Thread 1 ] DEBUG FXGLApplication      - Initializing game
11:29:12.532 [FXGL Background Thread 3 ] DEBUG Engine               - Logging environment variables
11:29:12.533 [FXGL Background Thread 3 ] DEBUG Engine               - achievements: []
11:29:12.533 [FXGL Background Thread 3 ] DEBUG Engine               - actualHeight: 660.0
11:29:12.533 [FXGL Background Thread 3 ] DEBUG Engine               - actualHeightProperty: ReadOnlyDoubleProperty [value: 660.0]
11:29:12.533 [FXGL Background Thread 3 ] DEBUG Engine               - actualWidth: 1255.0
11:29:12.533 [FXGL Background Thread 3 ] DEBUG Engine               - actualWidthProperty: ReadOnlyDoubleProperty [value: 1255.0]
11:29:12.533 [FXGL Background Thread 3 ] DEBUG Engine               - appIcon: fxgl_icon.png
11:29:12.533 [FXGL Background Thread 3 ] DEBUG Engine               - applicationMode: DEVELOPER
11:29:12.534 [FXGL Background Thread 3 ] DEBUG Engine               - cSSList: [fxgl_dark.css]
11:29:12.534 [FXGL Background Thread 3 ] DEBUG Engine               - collisionDetectionStrategy: BRUTE_FORCE
11:29:12.534 [FXGL Background Thread 3 ] DEBUG Engine               - configClass: Optional.empty
11:29:12.534 [FXGL Background Thread 3 ] DEBUG Engine               - credits: []
11:29:12.534 [FXGL Background Thread 3 ] DEBUG Engine               - defaultCursor: CursorInfo(imageName=fxgl_default_cursor.png, hotspotX=7.0, hotspotY=6.0)
11:29:12.534 [FXGL Background Thread 3 ] DEBUG Engine               - devBBoxColorProperty: ObjectProperty [value: 0xff0000ff]
11:29:12.535 [FXGL Background Thread 3 ] DEBUG Engine               - devEnableDebugCameraProperty: BooleanProperty [value: false]
11:29:12.535 [FXGL Background Thread 3 ] DEBUG Engine               - devSensorColorProperty: ObjectProperty [value: 0xffff00ff]
11:29:12.535 [FXGL Background Thread 3 ] DEBUG Engine               - devShowBBoxProperty: BooleanProperty [value: false]
11:29:12.535 [FXGL Background Thread 3 ] DEBUG Engine               - devShowPositionProperty: BooleanProperty [value: false]
11:29:12.535 [FXGL Background Thread 3 ] DEBUG Engine               - enabledMenuItems: []
11:29:12.536 [FXGL Background Thread 3 ] DEBUG Engine               - engineServices: [class com.almasb.fxgl.app.services.FXGLAssetLoaderService, class com.almasb.fxgl.app.FXGLApplication$GameApplicationService, class com.almasb.fxgl.app.services.FXGLDialogService, class com.almasb.fxgl.app.services.IOTaskExecutorService, class com.almasb.fxgl.io.FileSystemService, class com.almasb.fxgl.localization.LocalizationService, class com.almasb.fxgl.app.services.SystemBundleService, class com.almasb.fxgl.profile.SaveLoadService, class com.almasb.fxgl.ui.FXGLUIFactoryServiceProvider, class com.almasb.fxgl.ui.FXGLDialogFactoryServiceProvider, class com.almasb.fxgl.audio.AudioPlayer, class com.almasb.fxgl.notification.impl.NotificationServiceProvider, class com.almasb.fxgl.achievement.AchievementService, class com.almasb.fxgl.cutscene.CutsceneService, class com.almasb.fxgl.minigames.MiniGameService, class com.almasb.fxgl.net.NetService, class com.almasb.fxgl.app.services.UpdaterService, class com.almasb.fxgl.dev.DevService]
11:29:12.536 [FXGL Background Thread 3 ] DEBUG Engine               - fontGame: Abel-Regular.ttf
11:29:12.536 [FXGL Background Thread 3 ] DEBUG Engine               - fontMono: TerminalLandMono-Regular.otf
11:29:12.536 [FXGL Background Thread 3 ] DEBUG Engine               - fontText: Courier-Prime.ttf
11:29:12.536 [FXGL Background Thread 3 ] DEBUG Engine               - fontUI: VarelaRound-Regular.ttf
11:29:12.536 [FXGL Background Thread 3 ] DEBUG Engine               - fullScreen: BooleanProperty [value: false]
11:29:12.536 [FXGL Background Thread 3 ] DEBUG Engine               - gameDifficulty: MEDIUM
11:29:12.536 [FXGL Background Thread 3 ] DEBUG Engine               - gameDifficultyProperty: ObjectProperty [value: MEDIUM]
11:29:12.537 [FXGL Background Thread 3 ] DEBUG Engine               - globalMusicVolume: 0.5
11:29:12.537 [FXGL Background Thread 3 ] DEBUG Engine               - globalMusicVolumeProperty: DoubleProperty [value: 0.5]
11:29:12.537 [FXGL Background Thread 3 ] DEBUG Engine               - globalSoundVolume: 0.5
11:29:12.537 [FXGL Background Thread 3 ] DEBUG Engine               - globalSoundVolumeProperty: DoubleProperty [value: 0.5]
11:29:12.537 [FXGL Background Thread 3 ] DEBUG Engine               - height: 800
11:29:12.537 [FXGL Background Thread 3 ] DEBUG Engine               - is3D: false
11:29:12.537 [FXGL Background Thread 3 ] DEBUG Engine               - isAndroid: false
11:29:12.538 [FXGL Background Thread 3 ] DEBUG Engine               - isBrowser: false
11:29:12.538 [FXGL Background Thread 3 ] DEBUG Engine               - isClickFeedbackEnabled: false
11:29:12.538 [FXGL Background Thread 3 ] DEBUG Engine               - isCloseConfirmation: false
11:29:12.538 [FXGL Background Thread 3 ] DEBUG Engine               - isDesktop: true
11:29:12.538 [FXGL Background Thread 3 ] DEBUG Engine               - isDeveloperMenuEnabled: false
11:29:12.538 [FXGL Background Thread 3 ] DEBUG Engine               - isEmbedded: false
11:29:12.538 [FXGL Background Thread 3 ] DEBUG Engine               - isEntityPreloadEnabled: true
11:29:12.539 [FXGL Background Thread 3 ] DEBUG Engine               - isExperimentalTiledLargeMap: false
11:29:12.539 [FXGL Background Thread 3 ] DEBUG Engine               - isFileSystemWriteAllowed: true
11:29:12.540 [FXGL Background Thread 3 ] DEBUG Engine               - isFullScreenAllowed: false
11:29:12.540 [FXGL Background Thread 3 ] DEBUG Engine               - isFullScreenFromStart: false
11:29:12.540 [FXGL Background Thread 3 ] DEBUG Engine               - isGameMenuEnabled: true
11:29:12.541 [FXGL Background Thread 3 ] DEBUG Engine               - isIOS: false
11:29:12.541 [FXGL Background Thread 3 ] DEBUG Engine               - isIntroEnabled: false
11:29:12.541 [FXGL Background Thread 3 ] DEBUG Engine               - isLinux: false
11:29:12.542 [FXGL Background Thread 3 ] DEBUG Engine               - isMac: true
11:29:12.542 [FXGL Background Thread 3 ] DEBUG Engine               - isMainMenuEnabled: false
11:29:12.542 [FXGL Background Thread 3 ] DEBUG Engine               - isManualResizeEnabled: false
11:29:12.542 [FXGL Background Thread 3 ] DEBUG Engine               - isMobile: false
11:29:12.542 [FXGL Background Thread 3 ] DEBUG Engine               - isNative: false
11:29:12.542 [FXGL Background Thread 3 ] DEBUG Engine               - isPauseMusicWhenMinimized: true
11:29:12.543 [FXGL Background Thread 3 ] DEBUG Engine               - isPreserveResizeRatio: false
11:29:12.543 [FXGL Background Thread 3 ] DEBUG Engine               - isProfilingEnabled: false
11:29:12.543 [FXGL Background Thread 3 ] DEBUG Engine               - isScaleAffectedOnResize: true
11:29:12.543 [FXGL Background Thread 3 ] DEBUG Engine               - isSingleStep: false
11:29:12.543 [FXGL Background Thread 3 ] DEBUG Engine               - isUserProfileEnabled: false
11:29:12.543 [FXGL Background Thread 3 ] DEBUG Engine               - isWindows: false
11:29:12.543 [FXGL Background Thread 3 ] DEBUG Engine               - language: ObjectProperty [value: ENGLISH]
11:29:12.544 [FXGL Background Thread 3 ] DEBUG Engine               - menuKey: ESCAPE
11:29:12.544 [FXGL Background Thread 3 ] DEBUG Engine               - mouseSensitivity: 0.2
11:29:12.544 [FXGL Background Thread 3 ] DEBUG Engine               - notificationViewClass: class com.almasb.fxgl.notification.view.XboxNotificationView
11:29:12.544 [FXGL Background Thread 3 ] DEBUG Engine               - pixelsPerMeter: 50.0
11:29:12.544 [FXGL Background Thread 3 ] DEBUG Engine               - platform: MAC
11:29:12.544 [FXGL Background Thread 3 ] DEBUG Engine               - prefHeightProperty: ReadOnlyDoubleProperty [value: 800.0]
11:29:12.544 [FXGL Background Thread 3 ] DEBUG Engine               - prefWidthProperty: ReadOnlyDoubleProperty [value: 1550.0]
11:29:12.544 [FXGL Background Thread 3 ] DEBUG Engine               - profileDir: profiles/
11:29:12.544 [FXGL Background Thread 3 ] DEBUG Engine               - profileName: StringProperty [value: DEFAULT]
11:29:12.544 [FXGL Background Thread 3 ] DEBUG Engine               - randomSeed: -1
11:29:12.545 [FXGL Background Thread 3 ] DEBUG Engine               - runtimeInfo: RuntimeInfo(platform=MAC, version=17.2, build=20.08.2022 16.50)
11:29:12.545 [FXGL Background Thread 3 ] DEBUG Engine               - saveFileExt: sav
11:29:12.545 [FXGL Background Thread 3 ] DEBUG Engine               - scaledHeightProp$fxgl: DoubleProperty [bound, value: 660.0]
11:29:12.545 [FXGL Background Thread 3 ] DEBUG Engine               - scaledWidthProp$fxgl: DoubleProperty [bound, value: 1255.0]
11:29:12.545 [FXGL Background Thread 3 ] DEBUG Engine               - sceneFactory: com.almasb.fxgl.app.scene.SceneFactory@2cf79c16
11:29:12.545 [FXGL Background Thread 3 ] DEBUG Engine               - secondsIn24h: 60
11:29:12.545 [FXGL Background Thread 3 ] DEBUG Engine               - soundMenuBack: menu/back.wav
11:29:12.546 [FXGL Background Thread 3 ] DEBUG Engine               - soundMenuPress: menu/press.wav
11:29:12.546 [FXGL Background Thread 3 ] DEBUG Engine               - soundMenuSelect: menu/select.wav
11:29:12.546 [FXGL Background Thread 3 ] DEBUG Engine               - soundNotification: core/notification.wav
11:29:12.546 [FXGL Background Thread 3 ] DEBUG Engine               - stageStyle: DECORATED
11:29:12.546 [FXGL Background Thread 3 ] DEBUG Engine               - supportedLanguages: [ENGLISH, FRENCH, GERMAN, HUNGARIAN, RUSSIAN]
11:29:12.546 [FXGL Background Thread 3 ] DEBUG Engine               - ticksPerSecond: -1
11:29:12.546 [FXGL Background Thread 3 ] DEBUG Engine               - title: TypeWiz
11:29:12.546 [FXGL Background Thread 3 ] DEBUG Engine               - urlGithub: https://github.com/AlmasB/FXGL
11:29:12.546 [FXGL Background Thread 3 ] DEBUG Engine               - urlLeaderboard: http://fxgl-top.herokuapp.com/
11:29:12.546 [FXGL Background Thread 3 ] DEBUG Engine               - urlPOM: https://raw.githubusercontent.com/AlmasB/FXGL/release/README.md
11:29:12.546 [FXGL Background Thread 3 ] DEBUG Engine               - userAppClass: class com.oop2.typewiz.TypeWizApp
11:29:12.547 [FXGL Background Thread 3 ] DEBUG Engine               - version: 0.0
11:29:12.547 [FXGL Background Thread 3 ] DEBUG Engine               - versionCheckDays: 7
11:29:12.547 [FXGL Background Thread 3 ] DEBUG Engine               - width: 1550
11:29:12.547 [FXGL Background Thread 3 ] DEBUG Engine               - Logging services
11:29:12.547 [FXGL Background Thread 3 ] DEBUG Engine               - class com.almasb.fxgl.app.services.FXGLAssetLoaderService
11:29:12.547 [FXGL Background Thread 3 ] DEBUG Engine               - class com.almasb.fxgl.app.FXGLApplication$GameApplicationService
11:29:12.547 [FXGL Background Thread 3 ] DEBUG Engine               - class com.almasb.fxgl.app.services.FXGLDialogService
11:29:12.547 [FXGL Background Thread 3 ] DEBUG Engine               - class com.almasb.fxgl.app.services.IOTaskExecutorService
11:29:12.547 [FXGL Background Thread 3 ] DEBUG Engine               - class com.almasb.fxgl.io.FileSystemService
11:29:12.547 [FXGL Background Thread 3 ] DEBUG Engine               - class com.almasb.fxgl.localization.LocalizationService
11:29:12.547 [FXGL Background Thread 3 ] DEBUG Engine               - class com.almasb.fxgl.app.services.SystemBundleService
11:29:12.547 [FXGL Background Thread 3 ] DEBUG Engine               - class com.almasb.fxgl.profile.SaveLoadService
11:29:12.548 [FXGL Background Thread 3 ] DEBUG Engine               - class com.almasb.fxgl.ui.FXGLUIFactoryServiceProvider
11:29:12.548 [FXGL Background Thread 3 ] DEBUG Engine               - class com.almasb.fxgl.ui.FXGLDialogFactoryServiceProvider
11:29:12.548 [FXGL Background Thread 3 ] DEBUG Engine               - class com.almasb.fxgl.audio.AudioPlayer
11:29:12.548 [FXGL Background Thread 3 ] DEBUG Engine               - class com.almasb.fxgl.notification.impl.NotificationServiceProvider
11:29:12.548 [FXGL Background Thread 3 ] DEBUG Engine               - class com.almasb.fxgl.achievement.AchievementService
11:29:12.548 [FXGL Background Thread 3 ] DEBUG Engine               - class com.almasb.fxgl.cutscene.CutsceneService
11:29:12.548 [FXGL Background Thread 3 ] DEBUG Engine               - class com.almasb.fxgl.minigames.MiniGameService
11:29:12.548 [FXGL Background Thread 3 ] DEBUG Engine               - class com.almasb.fxgl.net.NetService
11:29:12.548 [FXGL Background Thread 3 ] DEBUG Engine               - class com.almasb.fxgl.app.services.UpdaterService
11:29:12.548 [FXGL Background Thread 3 ] DEBUG Engine               - class com.almasb.fxgl.dev.DevService
11:29:15.452 [FXGL Background Thread 1 ] INFO  FXGLApplication      - Game initialization took: 5.277 sec
11:29:15.455 [JavaFX Application Thread] DEBUG Input                - Clearing active input actions
11:29:15.494 [JavaFX Application Thread] DEBUG GameApplicationServi - Removing overlay from FXGLLoadingScene and adding to GameScene
11:29:15.495 [JavaFX Application Thread] DEBUG PrimaryStageWindow   - FXGLLoadingScene -> GameScene
11:29:16.321 [FXGL Background Thread 2 ] INFO  UpdaterService       - Your current version:  17.2
11:29:16.322 [FXGL Background Thread 2 ] INFO  UpdaterService       - Latest stable version: 21.1
11:29:27.614 [JavaFX Application Thread] WARN  GameApplicationServi - Ignoring gotoMainMenu() because main menu is not enabled
11:29:27.616 [JavaFX Application Thread] DEBUG GameApplicationServi - Starting new game
11:29:27.617 [JavaFX Application Thread] DEBUG Input                - Clearing active input actions
11:29:27.650 [JavaFX Application Thread] DEBUG GameApplicationServi - Removing overlay from GameScene and adding to FXGLLoadingScene
11:29:27.651 [JavaFX Application Thread] DEBUG PrimaryStageWindow   - GameScene -> FXGLLoadingScene
11:29:27.651 [JavaFX Application Thread] DEBUG GameApplicationServi - Clearing previous game
11:29:27.652 [JavaFX Application Thread] DEBUG GameScene            - Clearing game scene
11:29:27.652 [JavaFX Application Thread] DEBUG GameWorld            - Clearing game world
11:29:27.652 [JavaFX Application Thread] DEBUG PhysicsWorld         - Clearing physics world
11:29:27.659 [FXGL Background Thread 2 ] DEBUG FXGLApplication      - Initializing game
11:29:29.692 [FXGL Background Thread 2 ] INFO  FXGLApplication      - Game initialization took: 2.024 sec
11:29:29.694 [JavaFX Application Thread] DEBUG Input                - Clearing active input actions
11:29:29.722 [JavaFX Application Thread] DEBUG GameApplicationServi - Removing overlay from FXGLLoadingScene and adding to GameScene
11:29:29.724 [JavaFX Application Thread] DEBUG PrimaryStageWindow   - FXGLLoadingScene -> GameScene
11:29:34.915 [JavaFX Application Thread] WARN  GameApplicationServi - Ignoring gotoMainMenu() because main menu is not enabled
11:29:34.917 [JavaFX Application Thread] DEBUG GameApplicationServi - Starting new game
11:29:34.917 [JavaFX Application Thread] DEBUG Input                - Clearing active input actions
11:29:34.947 [JavaFX Application Thread] DEBUG GameApplicationServi - Removing overlay from GameScene and adding to FXGLLoadingScene
11:29:34.951 [JavaFX Application Thread] DEBUG PrimaryStageWindow   - GameScene -> FXGLLoadingScene
11:29:34.951 [JavaFX Application Thread] DEBUG GameApplicationServi - Clearing previous game
11:29:34.952 [JavaFX Application Thread] DEBUG GameScene            - Clearing game scene
11:29:34.952 [JavaFX Application Thread] DEBUG GameWorld            - Clearing game world
11:29:34.952 [JavaFX Application Thread] DEBUG PhysicsWorld         - Clearing physics world
11:29:34.956 [FXGL Background Thread 2 ] DEBUG FXGLApplication      - Initializing game
11:29:37.031 [FXGL Background Thread 2 ] INFO  FXGLApplication      - Game initialization took: 2.075 sec
11:29:37.064 [JavaFX Application Thread] DEBUG Input                - Clearing active input actions
11:29:37.096 [JavaFX Application Thread] DEBUG GameApplicationServi - Removing overlay from FXGLLoadingScene and adding to GameScene
11:29:37.097 [JavaFX Application Thread] DEBUG PrimaryStageWindow   - FXGLLoadingScene -> GameScene
11:29:44.144 [JavaFX Application Thread] DEBUG FXGLApplication      - Exiting FXGL
11:29:44.148 [JavaFX Application Thread] DEBUG LoopRunner           - Stopping loop
11:29:44.148 [JavaFX Application Thread] DEBUG SystemBundleService  - Saving FXGL system data
11:29:44.179 [JavaFX Application Thread] DEBUG FileSystemAccess     - Writing to: /Users/archiecabiso/Documents/2nd Year - CS/2nd Sem/CSIT228/OOP2-Capstone/system/fxgl.bundle
11:29:44.194 [JavaFX Application Thread] DEBUG Async                - Shutting down background threads
11:29:44.196 [JavaFX Application Thread] DEBUG PrimaryStageWindow   - Closing main window
11:29:45.089 [JavaFX Application Thread] DEBUG Logger               - Closing Logger
