19:30:03.632 [main                     ] DEBUG Logger               - Configured Logger
19:30:03.736 [main                     ] DEBUG GameApplication      - Logging settings
Title: TypeWiz Launch
Version: 0.0
Width: 1550
Height: 800
Fullscreen: false
Intro: false
Profiling: false
Single step:false
App Mode: DEVELOPER
Menu Key: ESCAPE
Stage Style: DECORATED
Scene Factory: class com.almasb.fxgl.app.scene.SceneFactory

19:30:04.853 [JavaFX Application Thread] DEBUG FXGLApplication      - Initializing FXGL
19:30:04.871 [JavaFX Application Thread] INFO  Engine               - FXGL-17.2 (20.08.2022 16.50) on MAC (J:23.0.1 FX:19)
19:30:04.872 [JavaFX Application Thread] DEBUG Engine               - JRE Vendor Name: Oracle Corporation
19:30:04.873 [JavaFX Application Thread] DEBUG Engine               - Running on OS: Mac OS X version 10.15.7
19:30:04.874 [JavaFX Application Thread] DEBUG Engine               - Architecture: x86_64
19:30:04.874 [JavaFX Application Thread] INFO  Engine               - Source code and latest versions at: https://github.com/AlmasB/FXGL
19:30:04.875 [JavaFX Application Thread] INFO  Engine               -       Ask questions and discuss at: https://github.com/AlmasB/FXGL/discussions
19:30:04.875 [JavaFX Application Thread] INFO  Engine               -              Join the FXGL chat at: https://gitter.im/AlmasB/FXGL
19:30:05.126 [JavaFX Application Thread] DEBUG PrimaryStageWindow   - Creating a JavaFX scene
19:30:05.126 [JavaFX Application Thread] DEBUG PrimaryStageWindow   - Target size > screen size
19:30:05.733 [JavaFX Application Thread] DEBUG PrimaryStageWindow   - Target settings size: 1550.0 x 800.0
19:30:05.734 [JavaFX Application Thread] DEBUG PrimaryStageWindow   - Scaled scene size:    1255.0 x 660.0
19:30:05.735 [JavaFX Application Thread] DEBUG PrimaryStageWindow   - Scaled ratio: (0.8096774193548387, 0.825)
19:30:05.738 [JavaFX Application Thread] DEBUG PrimaryStageWindow   - Set initial scene to FXGLStartupScene
19:30:05.749 [JavaFX Application Thread] DEBUG PrimaryStageWindow   - Opening main window
19:30:06.150 [JavaFX Application Thread] DEBUG PrimaryStageWindow   - Window border size: (0.0, 22.0)
19:30:06.151 [JavaFX Application Thread] DEBUG PrimaryStageWindow   - Scaled size: 1255.0 x 660.0
19:30:06.152 [JavaFX Application Thread] DEBUG PrimaryStageWindow   - Scaled ratio: (0.8096774193548387, 0.825)
19:30:06.158 [JavaFX Application Thread] DEBUG PrimaryStageWindow   - Scene size: 1255.0 x 660.0
19:30:06.159 [JavaFX Application Thread] DEBUG PrimaryStageWindow   - Stage size: 1255.0 x 682.0
19:30:06.188 [FXGL Background Thread 1 ] DEBUG Engine               - Initializing environment variables
19:30:06.367 [FXGL Background Thread 1 ] DEBUG FXGLAssetLoaderServi - User app class for loading assets: class com.oop2.typewiz.TypeWizApp
19:30:06.367 [FXGL Background Thread 1 ] DEBUG GameApplicationServi - Applying CSS: fxgl_dark.css
19:30:06.368 [FXGL Background Thread 1 ] DEBUG FXGLAssetLoaderServi - Loading from file system: jar:file:///Users/archiecabiso/.m2/repository/com/github/almasb/fxgl/17.2/fxgl-17.2.jar!/fxglassets/ui/css/fxgl_dark.css
19:30:06.564 [FXGL Background Thread 1 ] DEBUG GameApplicationServi - Initializing application scenes
19:30:08.017 [FXGL Background Thread 1 ] DEBUG GameWorld            - Game world initialized
19:30:08.094 [FXGL Background Thread 1 ] DEBUG PhysicsWorld         - Physics world initialized: appHeight=800, physics.ppm=50.0
19:30:08.094 [FXGL Background Thread 1 ] DEBUG PhysicsWorld         - Using strategy: BRUTE_FORCE
19:30:08.103 [FXGL Background Thread 1 ] DEBUG GameScene            - Game scene initialized: 1550x800
19:30:08.121 [FXGL Background Thread 1 ] DEBUG FXGL.DefaultMenu     - createMenuBodyGameMenu()
19:30:08.142 [FXGL Background Thread 1 ] DEBUG FXGL.DefaultMenu     - createOptionsMenu()
19:30:08.161 [FXGL Background Thread 1 ] DEBUG FXGLAssetLoaderServi - Loading from file system: jar:file:///Users/archiecabiso/.m2/repository/com/github/almasb/fxgl/17.2/fxgl-17.2.jar!/fxglassets/textures/particles/smoke.png
19:30:08.295 [FXGL Background Thread 1 ] DEBUG FXGLAssetLoaderServi - Loading from file system: jar:file:///Users/archiecabiso/.m2/repository/com/github/almasb/fxgl/17.2/fxgl-17.2.jar!/fxglassets/textures/particles/trace_horizontal.png
19:30:08.328 [FXGL Background Thread 1 ] DEBUG GameApplicationServi - Application scenes initialized
19:30:08.347 [FXGL Background Thread 1 ] DEBUG SystemBundleService  - Loading FXGL system data
19:30:08.356 [FXGL Background Thread 1 ] DEBUG FileSystemAccess     - Reading from: /Users/archiecabiso/Documents/2nd Year - CS/2nd Sem/CSIT228/OOP2-Capstone/system/fxgl.bundle
19:30:08.365 [FXGL Background Thread 1 ] DEBUG SystemBundleService  - Bundle FXGL: {}
19:30:08.365 [FXGL Background Thread 1 ] DEBUG UpdaterService       - Checking for updates
19:30:08.374 [FXGL Background Thread 4 ] DEBUG FXGLApplication      - Loading fonts
19:30:08.375 [FXGL Background Thread 4 ] DEBUG FXGLAssetLoaderServi - Loading from file system: jar:file:///Users/archiecabiso/.m2/repository/com/github/almasb/fxgl/17.2/fxgl-17.2.jar!/fxglassets/ui/fonts/VarelaRound-Regular.ttf
19:30:08.391 [FXGL Background Thread 1 ] DEBUG FXGLApplication      - Loading default localization
19:30:08.393 [FXGL Background Thread 1 ] DEBUG FXGLAssetLoaderServi - Loading from file system: jar:file:///Users/archiecabiso/.m2/repository/com/github/almasb/fxgl/17.2/fxgl-17.2.jar!/fxglassets/languages/english.lang
19:30:08.400 [FXGL Background Thread 4 ] DEBUG FXGLAssetLoaderServi - Loading from file system: jar:file:///Users/archiecabiso/.m2/repository/com/github/almasb/fxgl/17.2/fxgl-17.2.jar!/fxglassets/ui/fonts/Abel-Regular.ttf
19:30:08.405 [FXGL Background Thread 4 ] DEBUG FXGLAssetLoaderServi - Loading from file system: jar:file:///Users/archiecabiso/.m2/repository/com/github/almasb/fxgl/17.2/fxgl-17.2.jar!/fxglassets/ui/fonts/TerminalLandMono-Regular.otf
19:30:08.426 [FXGL Background Thread 4 ] DEBUG FXGLAssetLoaderServi - Loading from file system: jar:file:///Users/archiecabiso/.m2/repository/com/github/almasb/fxgl/17.2/fxgl-17.2.jar!/fxglassets/ui/fonts/Courier-Prime.ttf
19:30:08.434 [JavaFX Application Thread] DEBUG FXGLApplication      - Registering font factories with UI factory
19:30:08.460 [FXGL Background Thread 1 ] INFO  FXGLApplication      - FXGL initialization took: 2.271 sec
19:30:08.461 [JavaFX Application Thread] DEBUG FXGLAssetLoaderServi - Loading from file system: jar:file:///Users/archiecabiso/.m2/repository/com/github/almasb/fxgl/17.2/fxgl-17.2.jar!/fxglassets/textures/fxgl_icon.png
19:30:08.501 [JavaFX Application Thread] DEBUG FXGLAssetLoaderServi - Loading from file system: jar:file:///Users/archiecabiso/.m2/repository/com/github/almasb/fxgl/17.2/fxgl-17.2.jar!/fxglassets/textures/fxgl_default_cursor.png
19:30:08.529 [JavaFX Application Thread] DEBUG Input                - Registered new binding: Screenshot - CTRL+8
19:30:08.530 [JavaFX Application Thread] DEBUG Input                - Registered new binding: System info dump - CTRL+9
19:30:08.531 [JavaFX Application Thread] DEBUG Input                - Registered new binding: Restart - CTRL+R
19:30:08.532 [JavaFX Application Thread] DEBUG Input                - Registered new binding: Toggle Debug Camera - CTRL+7
19:30:08.535 [JavaFX Application Thread] DEBUG LoopRunner           - Starting loop
19:30:08.535 [JavaFX Application Thread] DEBUG LoopRunner           - Initializing JavaFX AnimationTimerLoop
19:30:08.536 [JavaFX Application Thread] DEBUG GameApplicationServi - Starting new game
19:30:08.537 [JavaFX Application Thread] DEBUG Input                - Clearing active input actions
19:30:08.555 [JavaFX Application Thread] DEBUG GameApplicationServi - Removing overlay from FXGLStartupScene and adding to FXGLLoadingScene
19:30:08.556 [JavaFX Application Thread] DEBUG PrimaryStageWindow   - FXGLStartupScene -> FXGLLoadingScene
19:30:08.556 [JavaFX Application Thread] DEBUG GameApplicationServi - Clearing previous game
19:30:08.556 [JavaFX Application Thread] DEBUG GameScene            - Clearing game scene
19:30:08.556 [JavaFX Application Thread] DEBUG GameWorld            - Clearing game world
19:30:08.556 [JavaFX Application Thread] DEBUG PhysicsWorld         - Clearing physics world
19:30:08.558 [FXGL Background Thread 1 ] DEBUG FXGLApplication      - Initializing game
19:30:08.929 [FXGL Background Thread 1 ] INFO  FXGLApplication      - Game initialization took: 0.371 sec
19:30:08.933 [JavaFX Application Thread] DEBUG Input                - Clearing active input actions
19:30:08.948 [JavaFX Application Thread] DEBUG GameApplicationServi - Removing overlay from FXGLLoadingScene and adding to GameScene
19:30:08.948 [JavaFX Application Thread] DEBUG PrimaryStageWindow   - FXGLLoadingScene -> GameScene
19:30:11.373 [FXGL Background Thread 3 ] DEBUG Engine               - Logging environment variables
19:30:11.374 [FXGL Background Thread 3 ] DEBUG Engine               - achievements: []
19:30:11.374 [FXGL Background Thread 3 ] DEBUG Engine               - actualHeight: 660.0
19:30:11.374 [FXGL Background Thread 3 ] DEBUG Engine               - actualHeightProperty: ReadOnlyDoubleProperty [value: 660.0]
19:30:11.374 [FXGL Background Thread 3 ] DEBUG Engine               - actualWidth: 1255.0
19:30:11.375 [FXGL Background Thread 3 ] DEBUG Engine               - actualWidthProperty: ReadOnlyDoubleProperty [value: 1255.0]
19:30:11.375 [FXGL Background Thread 3 ] DEBUG Engine               - appIcon: fxgl_icon.png
19:30:11.375 [FXGL Background Thread 3 ] DEBUG Engine               - applicationMode: DEVELOPER
19:30:11.375 [FXGL Background Thread 3 ] DEBUG Engine               - cSSList: [fxgl_dark.css]
19:30:11.375 [FXGL Background Thread 3 ] DEBUG Engine               - collisionDetectionStrategy: BRUTE_FORCE
19:30:11.375 [FXGL Background Thread 3 ] DEBUG Engine               - configClass: Optional.empty
19:30:11.375 [FXGL Background Thread 3 ] DEBUG Engine               - credits: []
19:30:11.376 [FXGL Background Thread 3 ] DEBUG Engine               - defaultCursor: CursorInfo(imageName=fxgl_default_cursor.png, hotspotX=7.0, hotspotY=6.0)
19:30:11.376 [FXGL Background Thread 3 ] DEBUG Engine               - devBBoxColorProperty: ObjectProperty [value: 0xff0000ff]
19:30:11.376 [FXGL Background Thread 3 ] DEBUG Engine               - devEnableDebugCameraProperty: BooleanProperty [value: false]
19:30:11.377 [FXGL Background Thread 3 ] DEBUG Engine               - devSensorColorProperty: ObjectProperty [value: 0xffff00ff]
19:30:11.377 [FXGL Background Thread 3 ] DEBUG Engine               - devShowBBoxProperty: BooleanProperty [value: false]
19:30:11.377 [FXGL Background Thread 3 ] DEBUG Engine               - devShowPositionProperty: BooleanProperty [value: false]
19:30:11.377 [FXGL Background Thread 3 ] DEBUG Engine               - enabledMenuItems: []
19:30:11.377 [FXGL Background Thread 3 ] DEBUG Engine               - engineServices: [class com.almasb.fxgl.app.services.FXGLAssetLoaderService, class com.almasb.fxgl.app.FXGLApplication$GameApplicationService, class com.almasb.fxgl.app.services.FXGLDialogService, class com.almasb.fxgl.app.services.IOTaskExecutorService, class com.almasb.fxgl.io.FileSystemService, class com.almasb.fxgl.localization.LocalizationService, class com.almasb.fxgl.app.services.SystemBundleService, class com.almasb.fxgl.profile.SaveLoadService, class com.almasb.fxgl.ui.FXGLUIFactoryServiceProvider, class com.almasb.fxgl.ui.FXGLDialogFactoryServiceProvider, class com.almasb.fxgl.audio.AudioPlayer, class com.almasb.fxgl.notification.impl.NotificationServiceProvider, class com.almasb.fxgl.achievement.AchievementService, class com.almasb.fxgl.cutscene.CutsceneService, class com.almasb.fxgl.minigames.MiniGameService, class com.almasb.fxgl.net.NetService, class com.almasb.fxgl.app.services.UpdaterService, class com.almasb.fxgl.dev.DevService]
19:30:11.377 [FXGL Background Thread 3 ] DEBUG Engine               - fontGame: Abel-Regular.ttf
19:30:11.378 [FXGL Background Thread 3 ] DEBUG Engine               - fontMono: TerminalLandMono-Regular.otf
19:30:11.378 [FXGL Background Thread 3 ] DEBUG Engine               - fontText: Courier-Prime.ttf
19:30:11.378 [FXGL Background Thread 3 ] DEBUG Engine               - fontUI: VarelaRound-Regular.ttf
19:30:11.378 [FXGL Background Thread 3 ] DEBUG Engine               - fullScreen: BooleanProperty [value: false]
19:30:11.378 [FXGL Background Thread 3 ] DEBUG Engine               - gameDifficulty: MEDIUM
19:30:11.378 [FXGL Background Thread 3 ] DEBUG Engine               - gameDifficultyProperty: ObjectProperty [value: MEDIUM]
19:30:11.378 [FXGL Background Thread 3 ] DEBUG Engine               - globalMusicVolume: 0.5
19:30:11.378 [FXGL Background Thread 3 ] DEBUG Engine               - globalMusicVolumeProperty: DoubleProperty [value: 0.5]
19:30:11.379 [FXGL Background Thread 3 ] DEBUG Engine               - globalSoundVolume: 0.5
19:30:11.379 [FXGL Background Thread 3 ] DEBUG Engine               - globalSoundVolumeProperty: DoubleProperty [value: 0.5]
19:30:11.379 [FXGL Background Thread 3 ] DEBUG Engine               - height: 800
19:30:11.379 [FXGL Background Thread 3 ] DEBUG Engine               - is3D: false
19:30:11.379 [FXGL Background Thread 3 ] DEBUG Engine               - isAndroid: false
19:30:11.379 [FXGL Background Thread 3 ] DEBUG Engine               - isBrowser: false
19:30:11.379 [FXGL Background Thread 3 ] DEBUG Engine               - isClickFeedbackEnabled: false
19:30:11.380 [FXGL Background Thread 3 ] DEBUG Engine               - isCloseConfirmation: false
19:30:11.380 [FXGL Background Thread 3 ] DEBUG Engine               - isDesktop: true
19:30:11.380 [FXGL Background Thread 3 ] DEBUG Engine               - isDeveloperMenuEnabled: false
19:30:11.380 [FXGL Background Thread 3 ] DEBUG Engine               - isEmbedded: false
19:30:11.380 [FXGL Background Thread 3 ] DEBUG Engine               - isEntityPreloadEnabled: true
19:30:11.380 [FXGL Background Thread 3 ] DEBUG Engine               - isExperimentalTiledLargeMap: false
19:30:11.380 [FXGL Background Thread 3 ] DEBUG Engine               - isFileSystemWriteAllowed: true
19:30:11.380 [FXGL Background Thread 3 ] DEBUG Engine               - isFullScreenAllowed: false
19:30:11.380 [FXGL Background Thread 3 ] DEBUG Engine               - isFullScreenFromStart: false
19:30:11.380 [FXGL Background Thread 3 ] DEBUG Engine               - isGameMenuEnabled: true
19:30:11.381 [FXGL Background Thread 3 ] DEBUG Engine               - isIOS: false
19:30:11.381 [FXGL Background Thread 3 ] DEBUG Engine               - isIntroEnabled: false
19:30:11.381 [FXGL Background Thread 3 ] DEBUG Engine               - isLinux: false
19:30:11.381 [FXGL Background Thread 3 ] DEBUG Engine               - isMac: true
19:30:11.381 [FXGL Background Thread 3 ] DEBUG Engine               - isMainMenuEnabled: false
19:30:11.381 [FXGL Background Thread 3 ] DEBUG Engine               - isManualResizeEnabled: false
19:30:11.381 [FXGL Background Thread 3 ] DEBUG Engine               - isMobile: false
19:30:11.381 [FXGL Background Thread 3 ] DEBUG Engine               - isNative: false
19:30:11.381 [FXGL Background Thread 3 ] DEBUG Engine               - isPauseMusicWhenMinimized: true
19:30:11.381 [FXGL Background Thread 3 ] DEBUG Engine               - isPreserveResizeRatio: false
19:30:11.382 [FXGL Background Thread 3 ] DEBUG Engine               - isProfilingEnabled: false
19:30:11.382 [FXGL Background Thread 3 ] DEBUG Engine               - isScaleAffectedOnResize: true
19:30:11.382 [FXGL Background Thread 3 ] DEBUG Engine               - isSingleStep: false
19:30:11.382 [FXGL Background Thread 3 ] DEBUG Engine               - isUserProfileEnabled: false
19:30:11.382 [FXGL Background Thread 3 ] DEBUG Engine               - isWindows: false
19:30:11.382 [FXGL Background Thread 3 ] DEBUG Engine               - language: ObjectProperty [value: ENGLISH]
19:30:11.382 [FXGL Background Thread 3 ] DEBUG Engine               - menuKey: ESCAPE
19:30:11.382 [FXGL Background Thread 3 ] DEBUG Engine               - mouseSensitivity: 0.2
19:30:11.382 [FXGL Background Thread 3 ] DEBUG Engine               - notificationViewClass: class com.almasb.fxgl.notification.view.XboxNotificationView
19:30:11.382 [FXGL Background Thread 3 ] DEBUG Engine               - pixelsPerMeter: 50.0
19:30:11.382 [FXGL Background Thread 3 ] DEBUG Engine               - platform: MAC
19:30:11.383 [FXGL Background Thread 3 ] DEBUG Engine               - prefHeightProperty: ReadOnlyDoubleProperty [value: 800.0]
19:30:11.383 [FXGL Background Thread 3 ] DEBUG Engine               - prefWidthProperty: ReadOnlyDoubleProperty [value: 1550.0]
19:30:11.383 [FXGL Background Thread 3 ] DEBUG Engine               - profileDir: profiles/
19:30:11.383 [FXGL Background Thread 3 ] DEBUG Engine               - profileName: StringProperty [value: DEFAULT]
19:30:11.383 [FXGL Background Thread 3 ] DEBUG Engine               - randomSeed: -1
19:30:11.384 [FXGL Background Thread 3 ] DEBUG Engine               - runtimeInfo: RuntimeInfo(platform=MAC, version=17.2, build=20.08.2022 16.50)
19:30:11.384 [FXGL Background Thread 3 ] DEBUG Engine               - saveFileExt: sav
19:30:11.385 [FXGL Background Thread 3 ] DEBUG Engine               - scaledHeightProp$fxgl: DoubleProperty [bound, value: 660.0]
19:30:11.385 [FXGL Background Thread 3 ] DEBUG Engine               - scaledWidthProp$fxgl: DoubleProperty [bound, value: 1255.0]
19:30:11.386 [FXGL Background Thread 3 ] DEBUG Engine               - sceneFactory: com.almasb.fxgl.app.scene.SceneFactory@70de3200
19:30:11.387 [FXGL Background Thread 3 ] DEBUG Engine               - secondsIn24h: 60
19:30:11.387 [FXGL Background Thread 3 ] DEBUG Engine               - soundMenuBack: menu/back.wav
19:30:11.387 [FXGL Background Thread 3 ] DEBUG Engine               - soundMenuPress: menu/press.wav
19:30:11.387 [FXGL Background Thread 3 ] DEBUG Engine               - soundMenuSelect: menu/select.wav
19:30:11.387 [FXGL Background Thread 3 ] DEBUG Engine               - soundNotification: core/notification.wav
19:30:11.387 [FXGL Background Thread 3 ] DEBUG Engine               - stageStyle: DECORATED
19:30:11.387 [FXGL Background Thread 3 ] DEBUG Engine               - supportedLanguages: [ENGLISH, FRENCH, GERMAN, HUNGARIAN, RUSSIAN]
19:30:11.388 [FXGL Background Thread 3 ] DEBUG Engine               - ticksPerSecond: -1
19:30:11.388 [FXGL Background Thread 3 ] DEBUG Engine               - title: TypeWiz Launch
19:30:11.388 [FXGL Background Thread 3 ] DEBUG Engine               - urlGithub: https://github.com/AlmasB/FXGL
19:30:11.388 [FXGL Background Thread 3 ] DEBUG Engine               - urlLeaderboard: http://fxgl-top.herokuapp.com/
19:30:11.388 [FXGL Background Thread 3 ] DEBUG Engine               - urlPOM: https://raw.githubusercontent.com/AlmasB/FXGL/release/README.md
19:30:11.388 [FXGL Background Thread 3 ] DEBUG Engine               - userAppClass: class com.oop2.typewiz.TypeWizApp
19:30:11.388 [FXGL Background Thread 3 ] DEBUG Engine               - version: 0.0
19:30:11.388 [FXGL Background Thread 3 ] DEBUG Engine               - versionCheckDays: 7
19:30:11.388 [FXGL Background Thread 3 ] DEBUG Engine               - width: 1550
19:30:11.388 [FXGL Background Thread 3 ] DEBUG Engine               - Logging services
19:30:11.388 [FXGL Background Thread 3 ] DEBUG Engine               - class com.almasb.fxgl.app.services.FXGLAssetLoaderService
19:30:11.389 [FXGL Background Thread 3 ] DEBUG Engine               - class com.almasb.fxgl.app.FXGLApplication$GameApplicationService
19:30:11.389 [FXGL Background Thread 3 ] DEBUG Engine               - class com.almasb.fxgl.app.services.FXGLDialogService
19:30:11.389 [FXGL Background Thread 3 ] DEBUG Engine               - class com.almasb.fxgl.app.services.IOTaskExecutorService
19:30:11.389 [FXGL Background Thread 3 ] DEBUG Engine               - class com.almasb.fxgl.io.FileSystemService
19:30:11.389 [FXGL Background Thread 3 ] DEBUG Engine               - class com.almasb.fxgl.localization.LocalizationService
19:30:11.389 [FXGL Background Thread 3 ] DEBUG Engine               - class com.almasb.fxgl.app.services.SystemBundleService
19:30:11.389 [FXGL Background Thread 3 ] DEBUG Engine               - class com.almasb.fxgl.profile.SaveLoadService
19:30:11.389 [FXGL Background Thread 3 ] DEBUG Engine               - class com.almasb.fxgl.ui.FXGLUIFactoryServiceProvider
19:30:11.389 [FXGL Background Thread 3 ] DEBUG Engine               - class com.almasb.fxgl.ui.FXGLDialogFactoryServiceProvider
19:30:11.389 [FXGL Background Thread 3 ] DEBUG Engine               - class com.almasb.fxgl.audio.AudioPlayer
19:30:11.389 [FXGL Background Thread 3 ] DEBUG Engine               - class com.almasb.fxgl.notification.impl.NotificationServiceProvider
19:30:11.389 [FXGL Background Thread 3 ] DEBUG Engine               - class com.almasb.fxgl.achievement.AchievementService
19:30:11.390 [FXGL Background Thread 3 ] DEBUG Engine               - class com.almasb.fxgl.cutscene.CutsceneService
19:30:11.390 [FXGL Background Thread 3 ] DEBUG Engine               - class com.almasb.fxgl.minigames.MiniGameService
19:30:11.390 [FXGL Background Thread 3 ] DEBUG Engine               - class com.almasb.fxgl.net.NetService
19:30:11.390 [FXGL Background Thread 3 ] DEBUG Engine               - class com.almasb.fxgl.app.services.UpdaterService
19:30:11.390 [FXGL Background Thread 3 ] DEBUG Engine               - class com.almasb.fxgl.dev.DevService
19:30:12.668 [FXGL Background Thread 2 ] INFO  UpdaterService       - Your current version:  17.2
19:30:12.668 [FXGL Background Thread 2 ] INFO  UpdaterService       - Latest stable version: 21.1
19:30:19.781 [JavaFX Application Thread] WARN  GameApplicationServi - Ignoring gotoMainMenu() because main menu is not enabled
19:30:19.782 [JavaFX Application Thread] DEBUG GameApplicationServi - Starting new game
19:30:19.783 [JavaFX Application Thread] DEBUG Input                - Clearing active input actions
19:30:19.806 [JavaFX Application Thread] DEBUG GameApplicationServi - Removing overlay from GameScene and adding to FXGLLoadingScene
19:30:19.807 [JavaFX Application Thread] DEBUG PrimaryStageWindow   - GameScene -> FXGLLoadingScene
19:30:19.807 [JavaFX Application Thread] DEBUG GameApplicationServi - Clearing previous game
19:30:19.807 [JavaFX Application Thread] DEBUG GameScene            - Clearing game scene
19:30:19.807 [JavaFX Application Thread] DEBUG GameWorld            - Clearing game world
19:30:19.807 [JavaFX Application Thread] DEBUG PhysicsWorld         - Clearing physics world
19:30:19.809 [FXGL Background Thread 2 ] DEBUG FXGLApplication      - Initializing game
19:30:19.938 [FXGL Background Thread 2 ] INFO  FXGLApplication      - Game initialization took: 0.128 sec
19:30:20.595 [JavaFX Application Thread] DEBUG Input                - Clearing active input actions
19:30:20.620 [JavaFX Application Thread] DEBUG GameApplicationServi - Removing overlay from FXGLLoadingScene and adding to GameScene
19:30:20.620 [JavaFX Application Thread] DEBUG PrimaryStageWindow   - FXGLLoadingScene -> GameScene
19:30:24.699 [JavaFX Application Thread] DEBUG FXGLApplication      - Exiting FXGL
19:30:24.699 [JavaFX Application Thread] DEBUG LoopRunner           - Stopping loop
19:30:24.700 [JavaFX Application Thread] DEBUG SystemBundleService  - Saving FXGL system data
19:30:24.706 [JavaFX Application Thread] DEBUG FileSystemAccess     - Writing to: /Users/archiecabiso/Documents/2nd Year - CS/2nd Sem/CSIT228/OOP2-Capstone/system/fxgl.bundle
19:30:24.713 [JavaFX Application Thread] DEBUG Async                - Shutting down background threads
19:30:24.714 [JavaFX Application Thread] DEBUG PrimaryStageWindow   - Closing main window
19:30:26.941 [JavaFX Application Thread] DEBUG Logger               - Closing Logger
