19:35:07.306 [main                     ] DEBUG Logger               - Configured Logger
19:35:07.357 [main                     ] DEBUG GameApplication      - Logging settings
Title: TypeWiz
Version: 0.0
Width: 1550
Height: 800
Fullscreen: false
Intro: false
Profiling: false
Single step:false
App Mode: DEVELOPER
Menu Key: ESCAPE
Stage Style: DECORATED
Scene Factory: class com.almasb.fxgl.app.scene.SceneFactory

19:35:08.048 [JavaFX Application Thread] DEBUG FXGLApplication      - Initializing FXGL
19:35:08.056 [JavaFX Application Thread] INFO  Engine               - FXGL-21.1 (27.03.2024 07.52) on MAC (J:23.0.1 FX:19)
19:35:08.057 [JavaFX Application Thread] DEBUG Engine               - JRE Vendor Name: Oracle Corporation
19:35:08.057 [JavaFX Application Thread] DEBUG Engine               - Running on OS: Mac OS X version 10.15.7
19:35:08.057 [JavaFX Application Thread] DEBUG Engine               - Architecture: x86_64
19:35:08.057 [JavaFX Application Thread] INFO  Engine               - Source code and latest versions at: https://github.com/AlmasB/FXGL
19:35:08.058 [JavaFX Application Thread] INFO  Engine               -       Ask questions and discuss at: https://github.com/AlmasB/FXGL/discussions
19:35:08.058 [JavaFX Application Thread] INFO  Engine               -              Join the FXGL chat at: https://gitter.im/AlmasB/FXGL
19:35:08.342 [JavaFX Application Thread] DEBUG PrimaryStageWindow   - Creating a JavaFX scene
19:35:08.342 [JavaFX Application Thread] DEBUG PrimaryStageWindow   - Target size > screen size
19:35:08.426 [JavaFX Application Thread] DEBUG PrimaryStageWindow   - Target settings size: 1550.0 x 800.0
19:35:08.427 [JavaFX Application Thread] DEBUG PrimaryStageWindow   - Scaled scene size:    1255.0 x 660.0
19:35:08.427 [JavaFX Application Thread] DEBUG PrimaryStageWindow   - Scaled ratio: (0.8096774193548387, 0.825)
19:35:08.431 [JavaFX Application Thread] DEBUG PrimaryStageWindow   - Set initial scene to FXGLStartupScene
19:35:08.437 [JavaFX Application Thread] DEBUG PrimaryStageWindow   - Opening main window
19:35:08.727 [JavaFX Application Thread] DEBUG PrimaryStageWindow   - Window border size: (0.0, 22.0)
19:35:08.727 [JavaFX Application Thread] DEBUG PrimaryStageWindow   - Scaled size: 1255.0 x 660.0
19:35:08.727 [JavaFX Application Thread] DEBUG PrimaryStageWindow   - Scaled ratio: (0.8096774193548387, 0.825)
19:35:08.728 [JavaFX Application Thread] DEBUG PrimaryStageWindow   - Scene size: 1255.0 x 660.0
19:35:08.728 [JavaFX Application Thread] DEBUG PrimaryStageWindow   - Stage size: 1255.0 x 682.0
19:35:08.740 [FXGL Background Thread 1 ] DEBUG Engine               - Initializing environment variables
19:35:08.976 [FXGL Background Thread 1 ] DEBUG FXGLAssetLoaderServi - User app class for loading assets: class com.oop2.typewiz.TypeWizApp
19:35:08.976 [FXGL Background Thread 1 ] DEBUG GameApplicationServi - Applying CSS: fxgl_dark.css
19:35:08.978 [FXGL Background Thread 1 ] DEBUG FXGLAssetLoaderServi - Loading from file system: jar:file:///Users/archiecabiso/.m2/repository/com/github/almasb/fxgl/21.1/fxgl-21.1.jar!/fxglassets/ui/css/fxgl_dark.css
19:35:09.125 [FXGL Background Thread 1 ] DEBUG GameApplicationServi - Initializing application scenes
19:35:10.011 [FXGL Background Thread 1 ] DEBUG GameWorld            - Game world initialized
19:35:10.102 [FXGL Background Thread 1 ] DEBUG PhysicsWorld         - Physics world initialized: appHeight=800, physics.ppm=50.0
19:35:10.103 [FXGL Background Thread 1 ] DEBUG PhysicsWorld         - Using strategy: BRUTE_FORCE
19:35:10.110 [FXGL Background Thread 1 ] DEBUG GameScene            - Game scene initialized: 1550x800
19:35:10.128 [FXGL Background Thread 1 ] DEBUG FXGL.DefaultMenu     - createMenuBodyGameMenu()
19:35:10.155 [FXGL Background Thread 1 ] DEBUG FXGL.DefaultMenu     - createOptionsMenu()
19:35:10.177 [FXGL Background Thread 1 ] DEBUG FXGLAssetLoaderServi - Loading from file system: jar:file:///Users/archiecabiso/.m2/repository/com/github/almasb/fxgl/21.1/fxgl-21.1.jar!/fxglassets/textures/particles/smoke.png
19:35:10.353 [FXGL Background Thread 1 ] DEBUG FXGLAssetLoaderServi - Loading from file system: jar:file:///Users/archiecabiso/.m2/repository/com/github/almasb/fxgl/21.1/fxgl-21.1.jar!/fxglassets/textures/particles/trace_horizontal.png
19:35:10.398 [FXGL Background Thread 1 ] DEBUG GameApplicationServi - Application scenes initialized
19:35:10.441 [FXGL Background Thread 1 ] DEBUG SystemBundleService  - Loading FXGL system data
19:35:10.458 [FXGL Background Thread 1 ] DEBUG FileSystemAccess     - Reading from: /Users/archiecabiso/Documents/2nd Year - CS/2nd Sem/CSIT228/OOP2-Capstone/system/fxgl.bundle
19:35:10.482 [FXGL Background Thread 1 ] DEBUG SystemBundleService  - Bundle FXGL: {}
19:35:10.483 [FXGL Background Thread 1 ] DEBUG UpdaterService       - Checking for updates
19:35:10.488 [FXGL Background Thread 4 ] DEBUG FXGLApplication      - Loading fonts
19:35:10.488 [FXGL Background Thread 4 ] DEBUG FXGLAssetLoaderServi - Loading from file system: jar:file:///Users/archiecabiso/.m2/repository/com/github/almasb/fxgl/21.1/fxgl-21.1.jar!/fxglassets/ui/fonts/VarelaRound-Regular.ttf
19:35:10.489 [FXGL Background Thread 1 ] DEBUG FXGLApplication      - Loading default localization
19:35:10.490 [FXGL Background Thread 1 ] DEBUG FXGLAssetLoaderServi - Loading from file system: jar:file:///Users/archiecabiso/.m2/repository/com/github/almasb/fxgl/21.1/fxgl-21.1.jar!/fxglassets/languages/english.lang
19:35:10.503 [FXGL Background Thread 4 ] DEBUG FXGLAssetLoaderServi - Loading from file system: jar:file:///Users/archiecabiso/.m2/repository/com/github/almasb/fxgl/21.1/fxgl-21.1.jar!/fxglassets/ui/fonts/Abel-Regular.ttf
19:35:10.507 [FXGL Background Thread 4 ] DEBUG FXGLAssetLoaderServi - Loading from file system: jar:file:///Users/archiecabiso/.m2/repository/com/github/almasb/fxgl/21.1/fxgl-21.1.jar!/fxglassets/ui/fonts/TerminalLandMono-Regular.otf
19:35:10.511 [FXGL Background Thread 4 ] DEBUG FXGLAssetLoaderServi - Loading from file system: jar:file:///Users/archiecabiso/.m2/repository/com/github/almasb/fxgl/21.1/fxgl-21.1.jar!/fxglassets/ui/fonts/Courier-Prime.ttf
19:35:10.517 [JavaFX Application Thread] DEBUG FXGLApplication      - Registering font factories with UI factory
19:35:10.542 [FXGL Background Thread 1 ] INFO  FXGLApplication      - FXGL initialization took: 1.802 sec
19:35:10.544 [JavaFX Application Thread] DEBUG FXGLAssetLoaderServi - Loading from file system: jar:file:///Users/archiecabiso/.m2/repository/com/github/almasb/fxgl/21.1/fxgl-21.1.jar!/fxglassets/textures/fxgl_icon.png
19:35:10.581 [JavaFX Application Thread] DEBUG FXGLAssetLoaderServi - Loading from file system: jar:file:///Users/archiecabiso/.m2/repository/com/github/almasb/fxgl/21.1/fxgl-21.1.jar!/fxglassets/textures/fxgl_default_cursor.png
19:35:10.599 [JavaFX Application Thread] DEBUG Input                - Registered new binding: Screenshot - CTRL+8
19:35:10.600 [JavaFX Application Thread] DEBUG Input                - Registered new binding: System info dump - CTRL+9
19:35:10.600 [JavaFX Application Thread] DEBUG Input                - Registered new binding: Restart - CTRL+R
19:35:10.601 [JavaFX Application Thread] DEBUG Input                - Registered new binding: Toggle Debug Camera - CTRL+7
19:35:10.604 [JavaFX Application Thread] DEBUG LoopRunner           - Starting loop
19:35:10.604 [JavaFX Application Thread] DEBUG LoopRunner           - Initializing JavaFX AnimationTimerLoop
19:35:10.606 [JavaFX Application Thread] DEBUG GameApplicationServi - Starting new game
19:35:10.606 [JavaFX Application Thread] DEBUG Input                - Clearing active input actions
19:35:10.624 [JavaFX Application Thread] DEBUG GameApplicationServi - Removing overlay from FXGLStartupScene and adding to FXGLLoadingScene
19:35:10.625 [JavaFX Application Thread] DEBUG PrimaryStageWindow   - FXGLStartupScene -> FXGLLoadingScene
19:35:10.625 [JavaFX Application Thread] DEBUG GameApplicationServi - Clearing previous game
19:35:10.625 [JavaFX Application Thread] DEBUG GameScene            - Clearing game scene
19:35:10.626 [JavaFX Application Thread] DEBUG GameWorld            - Clearing game world
19:35:10.626 [JavaFX Application Thread] DEBUG PhysicsWorld         - Clearing physics world
19:35:10.638 [FXGL Background Thread 1 ] DEBUG FXGLApplication      - Initializing game
19:35:12.326 [FXGL Background Thread 1 ] INFO  FXGLApplication      - Game initialization took: 1.688 sec
19:35:12.327 [JavaFX Application Thread] DEBUG Input                - Clearing active input actions
19:35:12.357 [JavaFX Application Thread] DEBUG GameApplicationServi - Removing overlay from FXGLLoadingScene and adding to GameScene
19:35:12.357 [JavaFX Application Thread] DEBUG PrimaryStageWindow   - FXGLLoadingScene -> GameScene
19:35:13.492 [FXGL Background Thread 3 ] DEBUG Engine               - Logging environment variables
19:35:13.495 [FXGL Background Thread 3 ] DEBUG Engine               - achievements: []
19:35:13.495 [FXGL Background Thread 3 ] DEBUG Engine               - actualHeight: 660.0
19:35:13.495 [FXGL Background Thread 3 ] DEBUG Engine               - actualHeightProperty: ReadOnlyDoubleProperty [value: 660.0]
19:35:13.495 [FXGL Background Thread 3 ] DEBUG Engine               - actualWidth: 1255.0
19:35:13.495 [FXGL Background Thread 3 ] DEBUG Engine               - actualWidthProperty: ReadOnlyDoubleProperty [value: 1255.0]
19:35:13.496 [FXGL Background Thread 3 ] DEBUG Engine               - appIcon: fxgl_icon.png
19:35:13.496 [FXGL Background Thread 3 ] DEBUG Engine               - applicationMode: DEVELOPER
19:35:13.496 [FXGL Background Thread 3 ] DEBUG Engine               - cSSList: [fxgl_dark.css]
19:35:13.496 [FXGL Background Thread 3 ] DEBUG Engine               - collisionDetectionStrategy: BRUTE_FORCE
19:35:13.496 [FXGL Background Thread 3 ] DEBUG Engine               - configClass: Optional.empty
19:35:13.496 [FXGL Background Thread 3 ] DEBUG Engine               - credits: []
19:35:13.497 [FXGL Background Thread 3 ] DEBUG Engine               - defaultCursor: CursorInfo(imageName=fxgl_default_cursor.png, hotspotX=7.0, hotspotY=6.0)
19:35:13.498 [FXGL Background Thread 3 ] DEBUG Engine               - devBBoxColorProperty: ObjectProperty [value: 0xff0000ff]
19:35:13.498 [FXGL Background Thread 3 ] DEBUG Engine               - devEnableDebugCameraProperty: BooleanProperty [value: false]
19:35:13.498 [FXGL Background Thread 3 ] DEBUG Engine               - devSensorColorProperty: ObjectProperty [value: 0xffff00ff]
19:35:13.498 [FXGL Background Thread 3 ] DEBUG Engine               - devShowBBoxProperty: BooleanProperty [value: false]
19:35:13.498 [FXGL Background Thread 3 ] DEBUG Engine               - devShowPositionProperty: BooleanProperty [value: false]
19:35:13.498 [FXGL Background Thread 3 ] DEBUG Engine               - enabledMenuItems: []
19:35:13.498 [FXGL Background Thread 3 ] DEBUG Engine               - engineServices: [class com.almasb.fxgl.app.services.FXGLAssetLoaderService, class com.almasb.fxgl.app.FXGLApplication$GameApplicationService, class com.almasb.fxgl.app.services.FXGLDialogService, class com.almasb.fxgl.app.services.IOTaskExecutorService, class com.almasb.fxgl.io.FileSystemService, class com.almasb.fxgl.localization.LocalizationService, class com.almasb.fxgl.app.services.SystemBundleService, class com.almasb.fxgl.profile.SaveLoadService, class com.almasb.fxgl.ui.FXGLUIFactoryServiceProvider, class com.almasb.fxgl.ui.FXGLDialogFactoryServiceProvider, class com.almasb.fxgl.audio.AudioPlayer, class com.almasb.fxgl.notification.impl.NotificationServiceProvider, class com.almasb.fxgl.achievement.AchievementService, class com.almasb.fxgl.cutscene.CutsceneService, class com.almasb.fxgl.minigames.MiniGameService, class com.almasb.fxgl.net.NetService, class com.almasb.fxgl.app.services.UpdaterService, class com.almasb.fxgl.dev.DevService]
19:35:13.499 [FXGL Background Thread 3 ] DEBUG Engine               - fontGame: Abel-Regular.ttf
19:35:13.499 [FXGL Background Thread 3 ] DEBUG Engine               - fontMono: TerminalLandMono-Regular.otf
19:35:13.499 [FXGL Background Thread 3 ] DEBUG Engine               - fontSizeScaleUI: 1.0
19:35:13.499 [FXGL Background Thread 3 ] DEBUG Engine               - fontText: Courier-Prime.ttf
19:35:13.499 [FXGL Background Thread 3 ] DEBUG Engine               - fontUI: VarelaRound-Regular.ttf
19:35:13.499 [FXGL Background Thread 3 ] DEBUG Engine               - fullScreen: BooleanProperty [value: false]
19:35:13.499 [FXGL Background Thread 3 ] DEBUG Engine               - gameDifficulty: MEDIUM
19:35:13.499 [FXGL Background Thread 3 ] DEBUG Engine               - gameDifficultyProperty: ObjectProperty [value: MEDIUM]
19:35:13.499 [FXGL Background Thread 3 ] DEBUG Engine               - globalMusicVolume: 0.5
19:35:13.499 [FXGL Background Thread 3 ] DEBUG Engine               - globalMusicVolumeProperty: DoubleProperty [value: 0.5]
19:35:13.500 [FXGL Background Thread 3 ] DEBUG Engine               - globalSoundVolume: 0.5
19:35:13.500 [FXGL Background Thread 3 ] DEBUG Engine               - globalSoundVolumeProperty: DoubleProperty [value: 0.5]
19:35:13.501 [FXGL Background Thread 3 ] DEBUG Engine               - height: 800
19:35:13.502 [FXGL Background Thread 3 ] DEBUG Engine               - is3D: false
19:35:13.503 [FXGL Background Thread 3 ] DEBUG Engine               - isAndroid: false
19:35:13.503 [FXGL Background Thread 3 ] DEBUG Engine               - isBrowser: false
19:35:13.503 [FXGL Background Thread 3 ] DEBUG Engine               - isClickFeedbackEnabled: false
19:35:13.504 [FXGL Background Thread 3 ] DEBUG Engine               - isCloseConfirmation: false
19:35:13.504 [FXGL Background Thread 3 ] DEBUG Engine               - isDesktop: true
19:35:13.504 [FXGL Background Thread 3 ] DEBUG Engine               - isDeveloperMenuEnabled: false
19:35:13.504 [FXGL Background Thread 3 ] DEBUG Engine               - isEmbedded: false
19:35:13.504 [FXGL Background Thread 3 ] DEBUG Engine               - isEntityPreloadEnabled: true
19:35:13.504 [FXGL Background Thread 3 ] DEBUG Engine               - isExperimentalTiledLargeMap: false
19:35:13.505 [FXGL Background Thread 3 ] DEBUG Engine               - isFileSystemWriteAllowed: true
19:35:13.505 [FXGL Background Thread 3 ] DEBUG Engine               - isFullScreenAllowed: false
19:35:13.505 [FXGL Background Thread 3 ] DEBUG Engine               - isFullScreenFromStart: false
19:35:13.505 [FXGL Background Thread 3 ] DEBUG Engine               - isGameMenuEnabled: true
19:35:13.505 [FXGL Background Thread 3 ] DEBUG Engine               - isIOS: false
19:35:13.505 [FXGL Background Thread 3 ] DEBUG Engine               - isIntroEnabled: false
19:35:13.505 [FXGL Background Thread 3 ] DEBUG Engine               - isLinux: false
19:35:13.505 [FXGL Background Thread 3 ] DEBUG Engine               - isMac: true
19:35:13.505 [FXGL Background Thread 3 ] DEBUG Engine               - isMainMenuEnabled: false
19:35:13.506 [FXGL Background Thread 3 ] DEBUG Engine               - isManualResizeEnabled: false
19:35:13.506 [FXGL Background Thread 3 ] DEBUG Engine               - isMobile: false
19:35:13.506 [FXGL Background Thread 3 ] DEBUG Engine               - isNative: false
19:35:13.506 [FXGL Background Thread 3 ] DEBUG Engine               - isPauseMusicWhenMinimized: true
19:35:13.506 [FXGL Background Thread 3 ] DEBUG Engine               - isPreserveResizeRatio: false
19:35:13.506 [FXGL Background Thread 3 ] DEBUG Engine               - isProfilingEnabled: false
19:35:13.506 [FXGL Background Thread 3 ] DEBUG Engine               - isScaleAffectedOnResize: true
19:35:13.506 [FXGL Background Thread 3 ] DEBUG Engine               - isSingleStep: false
19:35:13.506 [FXGL Background Thread 3 ] DEBUG Engine               - isUserProfileEnabled: false
19:35:13.506 [FXGL Background Thread 3 ] DEBUG Engine               - isWindows: false
19:35:13.507 [FXGL Background Thread 3 ] DEBUG Engine               - language: ObjectProperty [value: ENGLISH]
19:35:13.507 [FXGL Background Thread 3 ] DEBUG Engine               - menuKey: ESCAPE
19:35:13.507 [FXGL Background Thread 3 ] DEBUG Engine               - mouseSensitivity: 0.2
19:35:13.507 [FXGL Background Thread 3 ] DEBUG Engine               - notificationViewClass: class com.almasb.fxgl.notification.view.XboxNotificationView
19:35:13.507 [FXGL Background Thread 3 ] DEBUG Engine               - pixelsPerMeter: 50.0
19:35:13.507 [FXGL Background Thread 3 ] DEBUG Engine               - platform: MAC
19:35:13.507 [FXGL Background Thread 3 ] DEBUG Engine               - prefHeightProperty: ReadOnlyDoubleProperty [value: 800.0]
19:35:13.507 [FXGL Background Thread 3 ] DEBUG Engine               - prefWidthProperty: ReadOnlyDoubleProperty [value: 1550.0]
19:35:13.507 [FXGL Background Thread 3 ] DEBUG Engine               - profileDir: profiles/
19:35:13.507 [FXGL Background Thread 3 ] DEBUG Engine               - profileName: StringProperty [value: DEFAULT]
19:35:13.507 [FXGL Background Thread 3 ] DEBUG Engine               - randomSeed: -1
19:35:13.508 [FXGL Background Thread 3 ] DEBUG Engine               - runtimeInfo: RuntimeInfo(platform=MAC, version=21.1, build=27.03.2024 07.52)
19:35:13.508 [FXGL Background Thread 3 ] DEBUG Engine               - saveFileExt: sav
19:35:13.508 [FXGL Background Thread 3 ] DEBUG Engine               - scaledHeightProp$fxgl: DoubleProperty [bound, value: 660.0]
19:35:13.509 [FXGL Background Thread 3 ] DEBUG Engine               - scaledWidthProp$fxgl: DoubleProperty [bound, value: 1255.0]
19:35:13.509 [FXGL Background Thread 3 ] DEBUG Engine               - sceneFactory: com.almasb.fxgl.app.scene.SceneFactory@3c18b558
19:35:13.509 [FXGL Background Thread 3 ] DEBUG Engine               - secondsIn24h: 60
19:35:13.509 [FXGL Background Thread 3 ] DEBUG Engine               - soundMenuBack: menu/back.wav
19:35:13.509 [FXGL Background Thread 3 ] DEBUG Engine               - soundMenuPress: menu/press.wav
19:35:13.509 [FXGL Background Thread 3 ] DEBUG Engine               - soundMenuSelect: menu/select.wav
19:35:13.509 [FXGL Background Thread 3 ] DEBUG Engine               - soundNotification: core/notification.wav
19:35:13.509 [FXGL Background Thread 3 ] DEBUG Engine               - stageStyle: DECORATED
19:35:13.509 [FXGL Background Thread 3 ] DEBUG Engine               - supportedLanguages: [ENGLISH, FRENCH, GERMAN, HUNGARIAN, RUSSIAN]
19:35:13.509 [FXGL Background Thread 3 ] DEBUG Engine               - ticksPerSecond: -1
19:35:13.509 [FXGL Background Thread 3 ] DEBUG Engine               - title: TypeWiz
19:35:13.509 [FXGL Background Thread 3 ] DEBUG Engine               - urlGithub: https://github.com/AlmasB/FXGL
19:35:13.510 [FXGL Background Thread 3 ] DEBUG Engine               - urlLeaderboard: http://fxgl-top.herokuapp.com/
19:35:13.510 [FXGL Background Thread 3 ] DEBUG Engine               - urlPOM: https://raw.githubusercontent.com/AlmasB/FXGL/release/README.md
19:35:13.510 [FXGL Background Thread 3 ] DEBUG Engine               - userAppClass: class com.oop2.typewiz.TypeWizApp
19:35:13.510 [FXGL Background Thread 3 ] DEBUG Engine               - version: 0.0
19:35:13.510 [FXGL Background Thread 3 ] DEBUG Engine               - versionCheckDays: 7
19:35:13.510 [FXGL Background Thread 3 ] DEBUG Engine               - width: 1550
19:35:13.510 [FXGL Background Thread 3 ] DEBUG Engine               - Logging services
19:35:13.510 [FXGL Background Thread 3 ] DEBUG Engine               - class com.almasb.fxgl.app.services.FXGLAssetLoaderService
19:35:13.510 [FXGL Background Thread 3 ] DEBUG Engine               - class com.almasb.fxgl.app.FXGLApplication$GameApplicationService
19:35:13.511 [FXGL Background Thread 3 ] DEBUG Engine               - class com.almasb.fxgl.app.services.FXGLDialogService
19:35:13.511 [FXGL Background Thread 3 ] DEBUG Engine               - class com.almasb.fxgl.app.services.IOTaskExecutorService
19:35:13.511 [FXGL Background Thread 3 ] DEBUG Engine               - class com.almasb.fxgl.io.FileSystemService
19:35:13.511 [FXGL Background Thread 3 ] DEBUG Engine               - class com.almasb.fxgl.localization.LocalizationService
19:35:13.511 [FXGL Background Thread 3 ] DEBUG Engine               - class com.almasb.fxgl.app.services.SystemBundleService
19:35:13.511 [FXGL Background Thread 3 ] DEBUG Engine               - class com.almasb.fxgl.profile.SaveLoadService
19:35:13.511 [FXGL Background Thread 3 ] DEBUG Engine               - class com.almasb.fxgl.ui.FXGLUIFactoryServiceProvider
19:35:13.511 [FXGL Background Thread 3 ] DEBUG Engine               - class com.almasb.fxgl.ui.FXGLDialogFactoryServiceProvider
19:35:13.511 [FXGL Background Thread 3 ] DEBUG Engine               - class com.almasb.fxgl.audio.AudioPlayer
19:35:13.511 [FXGL Background Thread 3 ] DEBUG Engine               - class com.almasb.fxgl.notification.impl.NotificationServiceProvider
19:35:13.511 [FXGL Background Thread 3 ] DEBUG Engine               - class com.almasb.fxgl.achievement.AchievementService
19:35:13.511 [FXGL Background Thread 3 ] DEBUG Engine               - class com.almasb.fxgl.cutscene.CutsceneService
19:35:13.512 [FXGL Background Thread 3 ] DEBUG Engine               - class com.almasb.fxgl.minigames.MiniGameService
19:35:13.512 [FXGL Background Thread 3 ] DEBUG Engine               - class com.almasb.fxgl.net.NetService
19:35:13.512 [FXGL Background Thread 3 ] DEBUG Engine               - class com.almasb.fxgl.app.services.UpdaterService
19:35:13.512 [FXGL Background Thread 3 ] DEBUG Engine               - class com.almasb.fxgl.dev.DevService
19:35:15.647 [JavaFX Application Thread] DEBUG FXGLAssetLoaderServi - Loading from file system: file:/Users/archiecabiso/Documents/2nd%20Year%20-%20CS/2nd%20Sem/CSIT228/OOP2-Capstone/target/classes/assets/sounds/sound-library/hover.wav
19:35:21.729 [JavaFX Application Thread] DEBUG FXGLAssetLoaderServi - Loading from file system: file:/Users/archiecabiso/Documents/2nd%20Year%20-%20CS/2nd%20Sem/CSIT228/OOP2-Capstone/target/classes/assets/sounds/sound-library/click.wav
19:35:22.979 [JavaFX Application Thread] DEBUG FXGLAssetLoaderServi - Loading from file system: file:/Users/archiecabiso/Documents/2nd%20Year%20-%20CS/2nd%20Sem/CSIT228/OOP2-Capstone/target/classes/assets/music/magic.wav
19:35:23.005 [JavaFX Application Thread] DEBUG AudioPlayer          - Playing music com.almasb.fxgl.audio.Music@3a125f43
19:35:24.842 [JavaFX Application Thread] DEBUG FXGLAssetLoaderServi - Loading from file system: file:/Users/archiecabiso/Documents/2nd%20Year%20-%20CS/2nd%20Sem/CSIT228/OOP2-Capstone/target/classes/assets/music/bgm.mp3
19:35:24.852 [JavaFX Application Thread] DEBUG AudioPlayer          - Playing music com.almasb.fxgl.audio.Music@7af17476
19:35:32.924 [JavaFX Application Thread] DEBUG PrimaryStageWindow   - Push state: CreditsScreen
19:35:32.925 [JavaFX Application Thread] DEBUG Input                - Clearing active input actions
19:35:32.929 [JavaFX Application Thread] DEBUG GameApplicationServi - Removing overlay from GameScene and adding to CreditsScreen
19:35:32.930 [JavaFX Application Thread] DEBUG PrimaryStageWindow   - GameScene -> CreditsScreen
19:35:41.531 [JavaFX Application Thread] DEBUG PrimaryStageWindow   - Pop state: CreditsScreen
19:35:41.532 [JavaFX Application Thread] DEBUG Input                - Clearing active input actions
19:35:41.534 [JavaFX Application Thread] DEBUG GameApplicationServi - Removing overlay from CreditsScreen and adding to GameScene
19:35:41.535 [JavaFX Application Thread] DEBUG PrimaryStageWindow   - GameScene <- CreditsScreen
19:35:43.725 [JavaFX Application Thread] DEBUG FXGLApplication      - Exiting FXGL
19:35:43.726 [JavaFX Application Thread] DEBUG LoopRunner           - Stopping loop
19:35:43.726 [JavaFX Application Thread] DEBUG SystemBundleService  - Saving FXGL system data
19:35:43.735 [JavaFX Application Thread] DEBUG FileSystemAccess     - Writing to: /Users/archiecabiso/Documents/2nd Year - CS/2nd Sem/CSIT228/OOP2-Capstone/system/fxgl.bundle
19:35:43.739 [JavaFX Application Thread] DEBUG Async                - Shutting down background threads
19:35:43.739 [JavaFX Application Thread] DEBUG PrimaryStageWindow   - Closing main window
19:35:43.755 [JavaFX Application Thread] DEBUG Logger               - Closing Logger
