12:58:26.261 [main                     ] DEBUG Logger               - Configured Logger
12:58:26.287 [main                     ] DEBUG GameApplication      - Logging settings
Title: TypeWiz - Winter Theme
Version: 0.0
Width: 1280
Height: 720
Fullscreen: false
Intro: false
Profiling: false
Single step:false
App Mode: DEVELOPER
Menu Key: ESCAPE
Stage Style: DECORATED
Scene Factory: class com.almasb.fxgl.app.scene.SceneFactory

12:58:26.538 [JavaFX Application Thread] DEBUG FXGLApplication      - Initializing FXGL
12:58:26.541 [JavaFX Application Thread] INFO  Engine               - FXGL-21.1 (27.03.2024 07.52) on WINDOWS (J:21.0.3 FX:19)
12:58:26.542 [JavaFX Application Thread] DEBUG Engine               - JRE Vendor Name: Oracle Corporation
12:58:26.542 [JavaFX Application Thread] DEBUG Engine               - Running on OS: Windows 11 version 10.0
12:58:26.542 [JavaFX Application Thread] DEBUG Engine               - Architecture: amd64
12:58:26.542 [JavaFX Application Thread] INFO  Engine               - Source code and latest versions at: https://github.com/AlmasB/FXGL
12:58:26.542 [JavaFX Application Thread] INFO  Engine               -       Ask questions and discuss at: https://github.com/AlmasB/FXGL/discussions
12:58:26.543 [JavaFX Application Thread] INFO  Engine               -              Join the FXGL chat at: https://gitter.im/AlmasB/FXGL
12:58:26.602 [JavaFX Application Thread] DEBUG PrimaryStageWindow   - Creating a JavaFX scene
12:58:26.638 [JavaFX Application Thread] DEBUG PrimaryStageWindow   - Target settings size: 1280.0 x 720.0
12:58:26.638 [JavaFX Application Thread] DEBUG PrimaryStageWindow   - Scaled scene size:    1280.0 x 720.0
12:58:26.638 [JavaFX Application Thread] DEBUG PrimaryStageWindow   - Scaled ratio: (1.0, 1.0)
12:58:26.639 [JavaFX Application Thread] DEBUG PrimaryStageWindow   - Set initial scene to FXGLStartupScene
12:58:26.642 [JavaFX Application Thread] DEBUG PrimaryStageWindow   - Opening main window
12:58:26.704 [JavaFX Application Thread] DEBUG PrimaryStageWindow   - Window border size: (14.4000244140625, 37.5999755859375)
12:58:26.704 [JavaFX Application Thread] DEBUG PrimaryStageWindow   - Scaled size: 1280.0 x 720.0
12:58:26.704 [JavaFX Application Thread] DEBUG PrimaryStageWindow   - Scaled ratio: (1.0, 1.0)
12:58:26.704 [JavaFX Application Thread] DEBUG PrimaryStageWindow   - Scene size: 1280.0 x 720.0
12:58:26.705 [JavaFX Application Thread] DEBUG PrimaryStageWindow   - Stage size: 1294.4000244140625 x 757.5999755859375
12:58:26.712 [FXGL Background Thread 1 ] DEBUG Engine               - Initializing environment variables
12:58:26.760 [FXGL Background Thread 1 ] DEBUG FXGLAssetLoaderServi - User app class for loading assets: class com.oop2.typewiz.GameplayComponents.Game
12:58:26.760 [FXGL Background Thread 1 ] DEBUG GameApplicationServi - Applying CSS: fxgl_dark.css
12:58:26.761 [FXGL Background Thread 1 ] DEBUG FXGLAssetLoaderServi - Loading from file system: jar:file:///C:/Users/Ruhmer%20Jairus/.m2/repository/com/github/almasb/fxgl/21.1/fxgl-21.1.jar!/fxglassets/ui/css/fxgl_dark.css
12:58:26.809 [FXGL Background Thread 1 ] DEBUG GameApplicationServi - Initializing application scenes
12:58:26.862 [FXGL Background Thread 1 ] DEBUG GameWorld            - Game world initialized
12:58:26.917 [FXGL Background Thread 1 ] DEBUG PhysicsWorld         - Physics world initialized: appHeight=720, physics.ppm=50.0
12:58:26.917 [FXGL Background Thread 1 ] DEBUG PhysicsWorld         - Using strategy: BRUTE_FORCE
12:58:26.922 [FXGL Background Thread 1 ] DEBUG GameScene            - Game scene initialized: 1280x720
12:58:26.922 [FXGL Background Thread 1 ] DEBUG GameApplicationServi - Application scenes initialized
12:58:26.935 [FXGL Background Thread 1 ] DEBUG SystemBundleService  - Loading FXGL system data
12:58:26.938 [FXGL Background Thread 1 ] DEBUG FileSystemAccess     - Reading from: C:\Users\Ruhmer Jairus\OOP2-Capstone\system\fxgl.bundle
12:58:26.945 [FXGL Background Thread 1 ] DEBUG SystemBundleService  - Bundle FXGL: {}
12:58:26.945 [FXGL Background Thread 1 ] DEBUG UpdaterService       - Checking for updates
12:58:26.949 [FXGL Background Thread 4 ] DEBUG FXGLApplication      - Loading fonts
12:58:26.949 [FXGL Background Thread 4 ] DEBUG FXGLAssetLoaderServi - Loading from file system: jar:file:///C:/Users/Ruhmer%20Jairus/.m2/repository/com/github/almasb/fxgl/21.1/fxgl-21.1.jar!/fxglassets/ui/fonts/VarelaRound-Regular.ttf
12:58:26.950 [FXGL Background Thread 1 ] DEBUG FXGLApplication      - Loading default localization
12:58:26.950 [FXGL Background Thread 1 ] DEBUG FXGLAssetLoaderServi - Loading from file system: jar:file:///C:/Users/Ruhmer%20Jairus/.m2/repository/com/github/almasb/fxgl/21.1/fxgl-21.1.jar!/fxglassets/languages/english.lang
12:58:26.983 [FXGL Background Thread 4 ] DEBUG FXGLAssetLoaderServi - Loading from file system: jar:file:///C:/Users/Ruhmer%20Jairus/.m2/repository/com/github/almasb/fxgl/21.1/fxgl-21.1.jar!/fxglassets/ui/fonts/Abel-Regular.ttf
12:58:26.985 [FXGL Background Thread 4 ] DEBUG FXGLAssetLoaderServi - Loading from file system: jar:file:///C:/Users/Ruhmer%20Jairus/.m2/repository/com/github/almasb/fxgl/21.1/fxgl-21.1.jar!/fxglassets/ui/fonts/TerminalLandMono-Regular.otf
12:58:26.988 [FXGL Background Thread 4 ] DEBUG FXGLAssetLoaderServi - Loading from file system: jar:file:///C:/Users/Ruhmer%20Jairus/.m2/repository/com/github/almasb/fxgl/21.1/fxgl-21.1.jar!/fxglassets/ui/fonts/Courier-Prime.ttf
12:58:26.990 [FXGL Background Thread 1 ] INFO  FXGLApplication      - FXGL initialization took: 0.277 sec
12:58:26.990 [JavaFX Application Thread] DEBUG FXGLAssetLoaderServi - Loading from file system: jar:file:///C:/Users/Ruhmer%20Jairus/.m2/repository/com/github/almasb/fxgl/21.1/fxgl-21.1.jar!/fxglassets/textures/fxgl_icon.png
12:58:27.034 [JavaFX Application Thread] DEBUG FXGLAssetLoaderServi - Loading from file system: jar:file:///C:/Users/Ruhmer%20Jairus/.m2/repository/com/github/almasb/fxgl/21.1/fxgl-21.1.jar!/fxglassets/textures/fxgl_default_cursor.png
12:58:27.044 [JavaFX Application Thread] DEBUG Input                - Registered new binding: Screenshot - CTRL+8
12:58:27.044 [JavaFX Application Thread] DEBUG Input                - Registered new binding: System info dump - CTRL+9
12:58:27.045 [JavaFX Application Thread] DEBUG Input                - Registered new binding: Restart - CTRL+R
12:58:27.045 [JavaFX Application Thread] DEBUG Input                - Registered new binding: Toggle Debug Camera - CTRL+7
12:58:27.047 [JavaFX Application Thread] DEBUG LoopRunner           - Starting loop
12:58:27.047 [JavaFX Application Thread] DEBUG LoopRunner           - Initializing JavaFX AnimationTimerLoop
12:58:27.048 [JavaFX Application Thread] DEBUG GameApplicationServi - Starting new game
12:58:27.049 [JavaFX Application Thread] DEBUG Input                - Clearing active input actions
12:58:27.063 [JavaFX Application Thread] DEBUG GameApplicationServi - Removing overlay from FXGLStartupScene and adding to FXGLLoadingScene
12:58:27.064 [JavaFX Application Thread] DEBUG PrimaryStageWindow   - FXGLStartupScene -> FXGLLoadingScene
12:58:27.064 [JavaFX Application Thread] DEBUG GameApplicationServi - Clearing previous game
12:58:27.064 [JavaFX Application Thread] DEBUG GameScene            - Clearing game scene
12:58:27.064 [JavaFX Application Thread] DEBUG GameWorld            - Clearing game world
12:58:27.064 [JavaFX Application Thread] DEBUG PhysicsWorld         - Clearing physics world
12:58:27.067 [FXGL Background Thread 4 ] DEBUG FXGLApplication      - Initializing game
12:58:27.068 [JavaFX Application Thread] DEBUG FXGLApplication      - Registering font factories with UI factory
12:58:27.070 [FXGL Background Thread 4 ] DEBUG FXGLAssetLoaderServi - Loading from file system: file:/C:/Users/Ruhmer%20Jairus/OOP2-Capstone/target/classes/assets/textures/background-and-platforms/bg-winter_1280_720.png
12:58:27.119 [FXGL Background Thread 4 ] DEBUG FXGLAssetLoaderServi - Loading from file system: file:/C:/Users/Ruhmer%20Jairus/OOP2-Capstone/target/classes/assets/textures/background-and-platforms/hdlargerplatform-winter.png
12:58:27.218 [FXGL Background Thread 4 ] DEBUG FXGLAssetLoaderServi - Loading from file system: file:/C:/Users/Ruhmer%20Jairus/OOP2-Capstone/target/classes/assets/textures/wizard/wizard.png
12:58:27.307 [FXGL Background Thread 4 ] DEBUG FXGLAssetLoaderServi - Loading from file system: file:/C:/Users/Ruhmer%20Jairus/OOP2-Capstone/target/classes/assets/textures/mobs/gargoyle/gargoyle.png
12:58:27.337 [FXGL Background Thread 4 ] WARN  GameWorld            - Attempted to remove entity which is not active
12:58:27.338 [FXGL Background Thread 4 ] WARN  GameWorld            - Attempted to remove entity which is not active
12:58:27.339 [FXGL Background Thread 4 ] WARN  GameWorld            - Attempted to remove entity which is not active
12:58:27.339 [FXGL Background Thread 4 ] WARN  GameWorld            - Attempted to remove entity which is not active
12:58:27.340 [FXGL Background Thread 4 ] WARN  GameWorld            - Attempted to remove entity which is not active
12:58:27.341 [FXGL Background Thread 4 ] WARN  GameWorld            - Attempted to remove entity which is not active
12:58:27.341 [FXGL Background Thread 4 ] WARN  GameWorld            - Attempted to remove entity which is not active
12:58:27.343 [FXGL Background Thread 4 ] WARN  GameWorld            - Attempted to remove entity which is not active
12:58:27.343 [FXGL Background Thread 4 ] WARN  GameWorld            - Attempted to remove entity which is not active
12:58:27.344 [FXGL Background Thread 4 ] WARN  GameWorld            - Attempted to remove entity which is not active
12:58:27.352 [FXGL Background Thread 4 ] INFO  FXGLApplication      - Game initialization took: 0.285 sec
12:58:27.353 [JavaFX Application Thread] DEBUG Input                - Clearing active input actions
12:58:27.365 [JavaFX Application Thread] DEBUG GameApplicationServi - Removing overlay from FXGLLoadingScene and adding to GameScene
12:58:27.365 [JavaFX Application Thread] DEBUG PrimaryStageWindow   - FXGLLoadingScene -> GameScene
12:58:29.948 [FXGL Background Thread 3 ] DEBUG Engine               - Logging environment variables
12:58:29.948 [FXGL Background Thread 3 ] DEBUG Engine               - achievements: []
12:58:29.948 [FXGL Background Thread 3 ] DEBUG Engine               - actualHeight: 720.0
12:58:29.948 [FXGL Background Thread 3 ] DEBUG Engine               - actualHeightProperty: ReadOnlyDoubleProperty [value: 720.0]
12:58:29.948 [FXGL Background Thread 3 ] DEBUG Engine               - actualWidth: 1280.0
12:58:29.948 [FXGL Background Thread 3 ] DEBUG Engine               - actualWidthProperty: ReadOnlyDoubleProperty [value: 1280.0]
12:58:29.949 [FXGL Background Thread 3 ] DEBUG Engine               - appIcon: fxgl_icon.png
12:58:29.949 [FXGL Background Thread 3 ] DEBUG Engine               - applicationMode: DEVELOPER
12:58:29.949 [FXGL Background Thread 3 ] DEBUG Engine               - cSSList: [fxgl_dark.css]
12:58:29.949 [FXGL Background Thread 3 ] DEBUG Engine               - collisionDetectionStrategy: BRUTE_FORCE
12:58:29.949 [FXGL Background Thread 3 ] DEBUG Engine               - configClass: Optional.empty
12:58:29.949 [FXGL Background Thread 3 ] DEBUG Engine               - credits: []
12:58:29.951 [FXGL Background Thread 3 ] DEBUG Engine               - defaultCursor: CursorInfo(imageName=fxgl_default_cursor.png, hotspotX=7.0, hotspotY=6.0)
12:58:29.951 [FXGL Background Thread 3 ] DEBUG Engine               - devBBoxColorProperty: ObjectProperty [value: 0xff0000ff]
12:58:29.951 [FXGL Background Thread 3 ] DEBUG Engine               - devEnableDebugCameraProperty: BooleanProperty [value: false]
12:58:29.951 [FXGL Background Thread 3 ] DEBUG Engine               - devSensorColorProperty: ObjectProperty [value: 0xffff00ff]
12:58:29.951 [FXGL Background Thread 3 ] DEBUG Engine               - devShowBBoxProperty: BooleanProperty [value: false]
12:58:29.951 [FXGL Background Thread 3 ] DEBUG Engine               - devShowPositionProperty: BooleanProperty [value: false]
12:58:29.952 [FXGL Background Thread 3 ] DEBUG Engine               - enabledMenuItems: []
12:58:29.952 [FXGL Background Thread 3 ] DEBUG Engine               - engineServices: [class com.almasb.fxgl.app.services.FXGLAssetLoaderService, class com.almasb.fxgl.app.FXGLApplication$GameApplicationService, class com.almasb.fxgl.app.services.FXGLDialogService, class com.almasb.fxgl.app.services.IOTaskExecutorService, class com.almasb.fxgl.io.FileSystemService, class com.almasb.fxgl.localization.LocalizationService, class com.almasb.fxgl.app.services.SystemBundleService, class com.almasb.fxgl.profile.SaveLoadService, class com.almasb.fxgl.ui.FXGLUIFactoryServiceProvider, class com.almasb.fxgl.ui.FXGLDialogFactoryServiceProvider, class com.almasb.fxgl.audio.AudioPlayer, class com.almasb.fxgl.notification.impl.NotificationServiceProvider, class com.almasb.fxgl.achievement.AchievementService, class com.almasb.fxgl.cutscene.CutsceneService, class com.almasb.fxgl.minigames.MiniGameService, class com.almasb.fxgl.net.NetService, class com.almasb.fxgl.app.services.UpdaterService, class com.almasb.fxgl.dev.DevService]
12:58:29.952 [FXGL Background Thread 3 ] DEBUG Engine               - fontGame: Abel-Regular.ttf
12:58:29.952 [FXGL Background Thread 3 ] DEBUG Engine               - fontMono: TerminalLandMono-Regular.otf
12:58:29.952 [FXGL Background Thread 3 ] DEBUG Engine               - fontSizeScaleUI: 1.0
12:58:29.952 [FXGL Background Thread 3 ] DEBUG Engine               - fontText: Courier-Prime.ttf
12:58:29.952 [FXGL Background Thread 3 ] DEBUG Engine               - fontUI: VarelaRound-Regular.ttf
12:58:29.952 [FXGL Background Thread 3 ] DEBUG Engine               - fullScreen: BooleanProperty [value: false]
12:58:29.952 [FXGL Background Thread 3 ] DEBUG Engine               - gameDifficulty: MEDIUM
12:58:29.952 [FXGL Background Thread 3 ] DEBUG Engine               - gameDifficultyProperty: ObjectProperty [value: MEDIUM]
12:58:29.952 [FXGL Background Thread 3 ] DEBUG Engine               - globalMusicVolume: 0.5
12:58:29.952 [FXGL Background Thread 3 ] DEBUG Engine               - globalMusicVolumeProperty: DoubleProperty [value: 0.5]
12:58:29.952 [FXGL Background Thread 3 ] DEBUG Engine               - globalSoundVolume: 0.5
12:58:29.952 [FXGL Background Thread 3 ] DEBUG Engine               - globalSoundVolumeProperty: DoubleProperty [value: 0.5]
12:58:29.952 [FXGL Background Thread 3 ] DEBUG Engine               - height: 720
12:58:29.952 [FXGL Background Thread 3 ] DEBUG Engine               - is3D: false
12:58:29.952 [FXGL Background Thread 3 ] DEBUG Engine               - isAndroid: false
12:58:29.952 [FXGL Background Thread 3 ] DEBUG Engine               - isBrowser: false
12:58:29.952 [FXGL Background Thread 3 ] DEBUG Engine               - isClickFeedbackEnabled: false
12:58:29.952 [FXGL Background Thread 3 ] DEBUG Engine               - isCloseConfirmation: false
12:58:29.952 [FXGL Background Thread 3 ] DEBUG Engine               - isDesktop: true
12:58:29.952 [FXGL Background Thread 3 ] DEBUG Engine               - isDeveloperMenuEnabled: false
12:58:29.952 [FXGL Background Thread 3 ] DEBUG Engine               - isEmbedded: false
12:58:29.952 [FXGL Background Thread 3 ] DEBUG Engine               - isEntityPreloadEnabled: true
12:58:29.952 [FXGL Background Thread 3 ] DEBUG Engine               - isExperimentalTiledLargeMap: false
12:58:29.952 [FXGL Background Thread 3 ] DEBUG Engine               - isFileSystemWriteAllowed: true
12:58:29.952 [FXGL Background Thread 3 ] DEBUG Engine               - isFullScreenAllowed: false
12:58:29.952 [FXGL Background Thread 3 ] DEBUG Engine               - isFullScreenFromStart: false
12:58:29.952 [FXGL Background Thread 3 ] DEBUG Engine               - isGameMenuEnabled: false
12:58:29.954 [FXGL Background Thread 3 ] DEBUG Engine               - isIOS: false
12:58:29.954 [FXGL Background Thread 3 ] DEBUG Engine               - isIntroEnabled: false
12:58:29.954 [FXGL Background Thread 3 ] DEBUG Engine               - isLinux: false
12:58:29.954 [FXGL Background Thread 3 ] DEBUG Engine               - isMac: false
12:58:29.954 [FXGL Background Thread 3 ] DEBUG Engine               - isMainMenuEnabled: false
12:58:29.954 [FXGL Background Thread 3 ] DEBUG Engine               - isManualResizeEnabled: false
12:58:29.954 [FXGL Background Thread 3 ] DEBUG Engine               - isMobile: false
12:58:29.954 [FXGL Background Thread 3 ] DEBUG Engine               - isNative: false
12:58:29.954 [FXGL Background Thread 3 ] DEBUG Engine               - isPauseMusicWhenMinimized: true
12:58:29.954 [FXGL Background Thread 3 ] DEBUG Engine               - isPreserveResizeRatio: true
12:58:29.954 [FXGL Background Thread 3 ] DEBUG Engine               - isProfilingEnabled: false
12:58:29.954 [FXGL Background Thread 3 ] DEBUG Engine               - isScaleAffectedOnResize: true
12:58:29.954 [FXGL Background Thread 3 ] DEBUG Engine               - isSingleStep: false
12:58:29.954 [FXGL Background Thread 3 ] DEBUG Engine               - isUserProfileEnabled: false
12:58:29.954 [FXGL Background Thread 3 ] DEBUG Engine               - isWindows: true
12:58:29.954 [FXGL Background Thread 3 ] DEBUG Engine               - language: ObjectProperty [value: ENGLISH]
12:58:29.954 [FXGL Background Thread 3 ] DEBUG Engine               - menuKey: ESCAPE
12:58:29.954 [FXGL Background Thread 3 ] DEBUG Engine               - mouseSensitivity: 0.2
12:58:29.954 [FXGL Background Thread 3 ] DEBUG Engine               - notificationViewClass: class com.almasb.fxgl.notification.view.XboxNotificationView
12:58:29.954 [FXGL Background Thread 3 ] DEBUG Engine               - pixelsPerMeter: 50.0
12:58:29.954 [FXGL Background Thread 3 ] DEBUG Engine               - platform: WINDOWS
12:58:29.954 [FXGL Background Thread 3 ] DEBUG Engine               - prefHeightProperty: ReadOnlyDoubleProperty [value: 720.0]
12:58:29.954 [FXGL Background Thread 3 ] DEBUG Engine               - prefWidthProperty: ReadOnlyDoubleProperty [value: 1280.0]
12:58:29.955 [FXGL Background Thread 3 ] DEBUG Engine               - profileDir: profiles/
12:58:29.955 [FXGL Background Thread 3 ] DEBUG Engine               - profileName: StringProperty [value: DEFAULT]
12:58:29.955 [FXGL Background Thread 3 ] DEBUG Engine               - randomSeed: -1
12:58:29.955 [FXGL Background Thread 3 ] DEBUG Engine               - runtimeInfo: RuntimeInfo(platform=WINDOWS, version=21.1, build=27.03.2024 07.52)
12:58:29.955 [FXGL Background Thread 3 ] DEBUG Engine               - saveFileExt: sav
12:58:29.955 [FXGL Background Thread 3 ] DEBUG Engine               - scaledHeightProp$fxgl: DoubleProperty [bound, value: 720.0]
12:58:29.955 [FXGL Background Thread 3 ] DEBUG Engine               - scaledWidthProp$fxgl: DoubleProperty [bound, value: 1280.0]
12:58:29.957 [FXGL Background Thread 3 ] DEBUG Engine               - sceneFactory: com.almasb.fxgl.app.scene.SceneFactory@2fb107b5
12:58:29.957 [FXGL Background Thread 3 ] DEBUG Engine               - secondsIn24h: 60
12:58:29.957 [FXGL Background Thread 3 ] DEBUG Engine               - soundMenuBack: menu/back.wav
12:58:29.957 [FXGL Background Thread 3 ] DEBUG Engine               - soundMenuPress: menu/press.wav
12:58:29.957 [FXGL Background Thread 3 ] DEBUG Engine               - soundMenuSelect: menu/select.wav
12:58:29.957 [FXGL Background Thread 3 ] DEBUG Engine               - soundNotification: core/notification.wav
12:58:29.957 [FXGL Background Thread 3 ] DEBUG Engine               - stageStyle: DECORATED
12:58:29.957 [FXGL Background Thread 3 ] DEBUG Engine               - supportedLanguages: [ENGLISH, FRENCH, GERMAN, HUNGARIAN, RUSSIAN]
12:58:29.957 [FXGL Background Thread 3 ] DEBUG Engine               - ticksPerSecond: -1
12:58:29.957 [FXGL Background Thread 3 ] DEBUG Engine               - title: TypeWiz - Winter Theme
12:58:29.957 [FXGL Background Thread 3 ] DEBUG Engine               - urlGithub: https://github.com/AlmasB/FXGL
12:58:29.957 [FXGL Background Thread 3 ] DEBUG Engine               - urlLeaderboard: http://fxgl-top.herokuapp.com/
12:58:29.957 [FXGL Background Thread 3 ] DEBUG Engine               - urlPOM: https://raw.githubusercontent.com/AlmasB/FXGL/release/README.md
12:58:29.957 [FXGL Background Thread 3 ] DEBUG Engine               - userAppClass: class com.oop2.typewiz.GameplayComponents.Game
12:58:29.957 [FXGL Background Thread 3 ] DEBUG Engine               - version: 0.0
12:58:29.957 [FXGL Background Thread 3 ] DEBUG Engine               - versionCheckDays: 7
12:58:29.957 [FXGL Background Thread 3 ] DEBUG Engine               - width: 1280
12:58:29.958 [FXGL Background Thread 3 ] DEBUG Engine               - Logging services
12:58:29.958 [FXGL Background Thread 3 ] DEBUG Engine               - class com.almasb.fxgl.app.services.FXGLAssetLoaderService
12:58:29.958 [FXGL Background Thread 3 ] DEBUG Engine               - class com.almasb.fxgl.app.FXGLApplication$GameApplicationService
12:58:29.958 [FXGL Background Thread 3 ] DEBUG Engine               - class com.almasb.fxgl.app.services.FXGLDialogService
12:58:29.958 [FXGL Background Thread 3 ] DEBUG Engine               - class com.almasb.fxgl.app.services.IOTaskExecutorService
12:58:29.958 [FXGL Background Thread 3 ] DEBUG Engine               - class com.almasb.fxgl.io.FileSystemService
12:58:29.958 [FXGL Background Thread 3 ] DEBUG Engine               - class com.almasb.fxgl.localization.LocalizationService
12:58:29.958 [FXGL Background Thread 3 ] DEBUG Engine               - class com.almasb.fxgl.app.services.SystemBundleService
12:58:29.958 [FXGL Background Thread 3 ] DEBUG Engine               - class com.almasb.fxgl.profile.SaveLoadService
12:58:29.958 [FXGL Background Thread 3 ] DEBUG Engine               - class com.almasb.fxgl.ui.FXGLUIFactoryServiceProvider
12:58:29.958 [FXGL Background Thread 3 ] DEBUG Engine               - class com.almasb.fxgl.ui.FXGLDialogFactoryServiceProvider
12:58:29.958 [FXGL Background Thread 3 ] DEBUG Engine               - class com.almasb.fxgl.audio.AudioPlayer
12:58:29.958 [FXGL Background Thread 3 ] DEBUG Engine               - class com.almasb.fxgl.notification.impl.NotificationServiceProvider
12:58:29.958 [FXGL Background Thread 3 ] DEBUG Engine               - class com.almasb.fxgl.achievement.AchievementService
12:58:29.958 [FXGL Background Thread 3 ] DEBUG Engine               - class com.almasb.fxgl.cutscene.CutsceneService
12:58:29.958 [FXGL Background Thread 3 ] DEBUG Engine               - class com.almasb.fxgl.minigames.MiniGameService
12:58:29.958 [FXGL Background Thread 3 ] DEBUG Engine               - class com.almasb.fxgl.net.NetService
12:58:29.958 [FXGL Background Thread 3 ] DEBUG Engine               - class com.almasb.fxgl.app.services.UpdaterService
12:58:29.958 [FXGL Background Thread 3 ] DEBUG Engine               - class com.almasb.fxgl.dev.DevService
12:58:34.140 [JavaFX Application Thread] DEBUG LoopRunner           - Stopping loop
12:58:34.142 [JavaFX Application Thread] FATAL FXGLApplication      - Uncaught Exception:
java.lang.IndexOutOfBoundsException: Index 0 out of bounds for length 0
	at java.base/jdk.internal.util.Preconditions.outOfBounds(Preconditions.java:100)
	at java.base/jdk.internal.util.Preconditions.outOfBoundsCheckIndex(Preconditions.java:106)
	at java.base/jdk.internal.util.Preconditions.checkIndex(Preconditions.java:302)
	at java.base/java.util.Objects.checkIndex(Objects.java:385)
	at java.base/java.util.ArrayList.get(ArrayList.java:427)
	at TypeWiz/com.oop2.typewiz.GameplayComponents.BatchRenderer.update(BatchRenderer.java:42)
	at TypeWiz/com.oop2.typewiz.GameplayComponents.Game.onUpdate(Game.java:424)
	at com.almasb.fxgl.all@21.1/com.almasb.fxgl.app.FXGLApplication$GameApplicationService.onGameUpdate(FXGLApplication.kt:440)
	at com.almasb.fxgl.all@21.1/com.almasb.fxgl.app.Engine.onGameUpdate(Engine.kt:138)
	at com.almasb.fxgl.all@21.1/com.almasb.fxgl.app.FXGLApplication.postServicesInit$lambda$7(FXGLApplication.kt:184)
	at com.almasb.fxgl.scene@21.1/com.almasb.fxgl.scene.Scene.update(Scene.kt:113)
	at com.almasb.fxgl.all@21.1/com.almasb.fxgl.app.MainWindow$update$1.invoke(MainWindow.kt:121)
	at com.almasb.fxgl.all@21.1/com.almasb.fxgl.app.MainWindow$update$1.invoke(MainWindow.kt:121)
	at com.almasb.fxgl.core@21.1/com.almasb.fxgl.core.fsm.StateMachine.runOnActiveStates(StateMachine.kt:69)
	at com.almasb.fxgl.all@21.1/com.almasb.fxgl.app.MainWindow.update(MainWindow.kt:121)
	at com.almasb.fxgl.all@21.1/com.almasb.fxgl.app.FXGLApplication$GameApplicationService.onUpdate(FXGLApplication.kt:445)
	at com.almasb.fxgl.all@21.1/com.almasb.fxgl.app.Engine.loop(Engine.kt:134)
	at com.almasb.fxgl.all@21.1/com.almasb.fxgl.app.Engine.access$loop(Engine.kt:24)
	at com.almasb.fxgl.all@21.1/com.almasb.fxgl.app.Engine$loop$1.invoke(Engine.kt:28)
	at com.almasb.fxgl.all@21.1/com.almasb.fxgl.app.Engine$loop$1.invoke(Engine.kt:28)
	at com.almasb.fxgl.all@21.1/com.almasb.fxgl.app.LoopRunner.frame(LoopRunner.kt:103)
	at com.almasb.fxgl.all@21.1/com.almasb.fxgl.app.LoopRunner.access$frame(LoopRunner.kt:23)
	at com.almasb.fxgl.all@21.1/com.almasb.fxgl.app.LoopRunner$impl$2$1.onTick(LoopRunner.kt:57)
	at com.almasb.fxgl.all@21.1/com.almasb.fxgl.app.AnimationTimerLoop$timer$1.handle(LoopRunner.kt:137)
	at javafx.graphics@19/javafx.animation.AnimationTimer$AnimationTimerReceiver.lambda$handle$0(AnimationTimer.java:58)
	at java.base/java.security.AccessController.doPrivileged(AccessController.java:400)
	at javafx.graphics@19/javafx.animation.AnimationTimer$AnimationTimerReceiver.handle(AnimationTimer.java:57)
	at javafx.graphics@19/com.sun.scenario.animation.AbstractPrimaryTimer.timePulseImpl(AbstractPrimaryTimer.java:356)
	at javafx.graphics@19/com.sun.scenario.animation.AbstractPrimaryTimer$MainLoop.run(AbstractPrimaryTimer.java:266)
	at javafx.graphics@19/com.sun.javafx.tk.quantum.QuantumToolkit.pulse(QuantumToolkit.java:571)
	at javafx.graphics@19/com.sun.javafx.tk.quantum.QuantumToolkit.pulse(QuantumToolkit.java:555)
	at javafx.graphics@19/com.sun.javafx.tk.quantum.QuantumToolkit.pulseFromQueue(QuantumToolkit.java:548)
	at javafx.graphics@19/com.sun.javafx.tk.quantum.QuantumToolkit.lambda$runToolkit$11(QuantumToolkit.java:352)
	at javafx.graphics@19/com.sun.glass.ui.InvokeLaterDispatcher$Future.run(InvokeLaterDispatcher.java:96)
	at javafx.graphics@19/com.sun.glass.ui.win.WinApplication._runLoop(Native Method)
	at javafx.graphics@19/com.sun.glass.ui.win.WinApplication.lambda$runLoop$3(WinApplication.java:184)
	at java.base/java.lang.Thread.run(Thread.java:1583)

12:58:34.143 [JavaFX Application Thread] FATAL FXGLApplication      - Application will now exit
12:58:34.157 [JavaFX Application Thread] DEBUG PrimaryStageWindow   - Push state: ErrorSubScene
12:58:34.158 [JavaFX Application Thread] DEBUG Input                - Clearing active input actions
12:58:34.163 [JavaFX Application Thread] DEBUG GameApplicationServi - Removing overlay from GameScene and adding to ErrorSubScene
12:58:34.163 [JavaFX Application Thread] DEBUG PrimaryStageWindow   - GameScene -> ErrorSubScene
12:58:35.976 [JavaFX Application Thread] DEBUG FXGLApplication      - Exiting FXGL
12:58:35.976 [JavaFX Application Thread] DEBUG Async                - Shutting down background threads
12:58:35.976 [JavaFX Application Thread] DEBUG PrimaryStageWindow   - Closing main window
12:58:35.988 [JavaFX Application Thread] DEBUG Logger               - Closing Logger
