01:35:46.950 [main                     ] DEBUG Logger               - Configured Logger
01:35:46.998 [main                     ] DEBUG GameApplication      - Logging settings
Title: TypeWiz
Version: 0.0
Width: 1280
Height: 720
Fullscreen: true
Intro: false
Profiling: false
Single step:false
App Mode: DEVELOPER
Menu Key: ESCAPE
Stage Style: DECORATED
Scene Factory: class com.oop2.typewiz.util.CustomSceneFactory

01:35:47.823 [JavaFX Application Thread] DEBUG FXGLApplication      - Initializing FXGL
01:35:47.830 [JavaFX Application Thread] INFO  Engine               - FXGL-21.1 (27.03.2024 07.52) on MAC (J:23.0.1 FX:19)
01:35:47.830 [JavaFX Application Thread] DEBUG Engine               - JRE Vendor Name: Oracle Corporation
01:35:47.831 [JavaFX Application Thread] DEBUG Engine               - Running on OS: Mac OS X version 10.15.7
01:35:47.831 [JavaFX Application Thread] DEBUG Engine               - Architecture: x86_64
01:35:47.831 [JavaFX Application Thread] INFO  Engine               - Source code and latest versions at: https://github.com/AlmasB/FXGL
01:35:47.831 [JavaFX Application Thread] INFO  Engine               -       Ask questions and discuss at: https://github.com/AlmasB/FXGL/discussions
01:35:47.831 [JavaFX Application Thread] INFO  Engine               -              Join the FXGL chat at: https://gitter.im/AlmasB/FXGL
01:35:48.007 [JavaFX Application Thread] DEBUG PrimaryStageWindow   - Creating a JavaFX scene
01:35:48.208 [JavaFX Application Thread] DEBUG PrimaryStageWindow   - Target settings size: 1280.0 x 720.0
01:35:48.208 [JavaFX Application Thread] DEBUG PrimaryStageWindow   - Scaled scene size:    1280.0 x 720.0
01:35:48.208 [JavaFX Application Thread] DEBUG PrimaryStageWindow   - Scaled ratio: (1.0, 1.0)
01:35:48.210 [JavaFX Application Thread] DEBUG PrimaryStageWindow   - Set initial scene to FXGLStartupScene
01:35:48.228 [JavaFX Application Thread] DEBUG PrimaryStageWindow   - Opening main window
01:35:48.690 [JavaFX Application Thread] DEBUG PrimaryStageWindow   - Window border size: (0.0, 22.0)
01:35:48.691 [JavaFX Application Thread] DEBUG PrimaryStageWindow   - Scaled size: 1280.0 x 720.0
01:35:48.691 [JavaFX Application Thread] DEBUG PrimaryStageWindow   - Scaled ratio: (1.0, 1.0)
01:35:48.691 [JavaFX Application Thread] DEBUG PrimaryStageWindow   - Scene size: 1280.0 x 720.0
01:35:48.692 [JavaFX Application Thread] DEBUG PrimaryStageWindow   - Stage size: 1280.0 x 742.0
01:35:49.578 [JavaFX Application Thread] DEBUG PrimaryStageWindow   - Going fullscreen
01:35:49.603 [FXGL Background Thread 1 ] DEBUG Engine               - Initializing environment variables
01:35:49.768 [FXGL Background Thread 1 ] DEBUG FXGLAssetLoaderServi - User app class for loading assets: class com.oop2.typewiz.TypeWizApp
01:35:49.768 [FXGL Background Thread 1 ] DEBUG GameApplicationServi - Applying CSS: fxgl_dark.css
01:35:49.769 [FXGL Background Thread 1 ] DEBUG FXGLAssetLoaderServi - Loading from file system: jar:file:///Users/archiecabiso/.m2/repository/com/github/almasb/fxgl/21.1/fxgl-21.1.jar!/fxglassets/ui/css/fxgl_dark.css
01:35:49.952 [FXGL Background Thread 1 ] DEBUG GameApplicationServi - Initializing application scenes
01:35:50.971 [FXGL Background Thread 1 ] DEBUG GameWorld            - Game world initialized
01:35:51.031 [FXGL Background Thread 1 ] DEBUG PhysicsWorld         - Physics world initialized: appHeight=720, physics.ppm=50.0
01:35:51.031 [FXGL Background Thread 1 ] DEBUG PhysicsWorld         - Using strategy: BRUTE_FORCE
01:35:51.037 [FXGL Background Thread 1 ] DEBUG GameScene            - Game scene initialized: 1280x720
01:35:51.433 [FXGL Background Thread 1 ] DEBUG FXGL.DefaultMenu     - createMenuBodyGameMenu()
01:35:51.443 [FXGL Background Thread 1 ] DEBUG FXGL.DefaultMenu     - createOptionsMenu()
01:35:51.454 [FXGL Background Thread 1 ] DEBUG FXGLAssetLoaderServi - Loading from file system: jar:file:///Users/archiecabiso/.m2/repository/com/github/almasb/fxgl/21.1/fxgl-21.1.jar!/fxglassets/textures/particles/smoke.png
01:35:51.552 [FXGL Background Thread 1 ] DEBUG FXGLAssetLoaderServi - Loading from file system: jar:file:///Users/archiecabiso/.m2/repository/com/github/almasb/fxgl/21.1/fxgl-21.1.jar!/fxglassets/textures/particles/trace_horizontal.png
01:35:51.569 [FXGL Background Thread 1 ] DEBUG GameApplicationServi - Application scenes initialized
01:35:51.586 [FXGL Background Thread 1 ] DEBUG SystemBundleService  - Loading FXGL system data
01:35:51.590 [FXGL Background Thread 1 ] DEBUG FileSystemAccess     - Reading from: /Users/archiecabiso/Documents/2nd Year - CS/2nd Sem/CSIT228/OOP2-Capstone/system/fxgl.bundle
01:35:51.599 [FXGL Background Thread 1 ] DEBUG SystemBundleService  - Bundle FXGL: {}
01:35:51.599 [FXGL Background Thread 1 ] DEBUG UpdaterService       - Checking for updates
01:35:51.604 [FXGL Background Thread 4 ] DEBUG FXGLApplication      - Loading fonts
01:35:51.605 [FXGL Background Thread 4 ] DEBUG FXGLAssetLoaderServi - Loading from file system: jar:file:///Users/archiecabiso/.m2/repository/com/github/almasb/fxgl/21.1/fxgl-21.1.jar!/fxglassets/ui/fonts/VarelaRound-Regular.ttf
01:35:51.605 [FXGL Background Thread 1 ] DEBUG FXGLApplication      - Loading default localization
01:35:51.609 [FXGL Background Thread 1 ] DEBUG FXGLAssetLoaderServi - Loading from file system: jar:file:///Users/archiecabiso/.m2/repository/com/github/almasb/fxgl/21.1/fxgl-21.1.jar!/fxglassets/languages/english.lang
01:35:51.632 [FXGL Background Thread 4 ] DEBUG FXGLAssetLoaderServi - Loading from file system: jar:file:///Users/archiecabiso/.m2/repository/com/github/almasb/fxgl/21.1/fxgl-21.1.jar!/fxglassets/ui/fonts/Abel-Regular.ttf
01:35:51.636 [FXGL Background Thread 1 ] INFO  FXGLApplication      - FXGL initialization took: 2.033 sec
01:35:51.637 [JavaFX Application Thread] DEBUG FXGLAssetLoaderServi - Loading from file system: jar:file:///Users/archiecabiso/.m2/repository/com/github/almasb/fxgl/21.1/fxgl-21.1.jar!/fxglassets/textures/fxgl_icon.png
01:35:51.637 [FXGL Background Thread 4 ] DEBUG FXGLAssetLoaderServi - Loading from file system: jar:file:///Users/archiecabiso/.m2/repository/com/github/almasb/fxgl/21.1/fxgl-21.1.jar!/fxglassets/ui/fonts/TerminalLandMono-Regular.otf
01:35:51.644 [FXGL Background Thread 4 ] DEBUG FXGLAssetLoaderServi - Loading from file system: jar:file:///Users/archiecabiso/.m2/repository/com/github/almasb/fxgl/21.1/fxgl-21.1.jar!/fxglassets/ui/fonts/Courier-Prime.ttf
01:35:51.664 [JavaFX Application Thread] DEBUG FXGLAssetLoaderServi - Loading from file system: jar:file:///Users/archiecabiso/.m2/repository/com/github/almasb/fxgl/21.1/fxgl-21.1.jar!/fxglassets/textures/fxgl_default_cursor.png
01:35:51.679 [JavaFX Application Thread] DEBUG Input                - Registered new binding: Screenshot - CTRL+8
01:35:51.679 [JavaFX Application Thread] DEBUG Input                - Registered new binding: System info dump - CTRL+9
01:35:51.680 [JavaFX Application Thread] DEBUG Input                - Registered new binding: Restart - CTRL+R
01:35:51.681 [JavaFX Application Thread] DEBUG Input                - Registered new binding: Toggle Debug Camera - CTRL+7
01:35:51.684 [JavaFX Application Thread] DEBUG LoopRunner           - Starting loop
01:35:51.684 [JavaFX Application Thread] DEBUG LoopRunner           - Initializing JavaFX AnimationTimerLoop
01:35:51.687 [JavaFX Application Thread] DEBUG Input                - Clearing active input actions
01:35:51.699 [JavaFX Application Thread] DEBUG GameApplicationServi - Removing overlay from FXGLStartupScene and adding to FXGLMainMenuDummyScene
01:35:51.700 [JavaFX Application Thread] DEBUG PrimaryStageWindow   - FXGLStartupScene -> FXGLMainMenuDummyScene
01:35:51.700 [JavaFX Application Thread] DEBUG PrimaryStageWindow   - Push state: LoginScreen
01:35:51.701 [JavaFX Application Thread] DEBUG Input                - Clearing active input actions
01:35:51.719 [JavaFX Application Thread] DEBUG GameApplicationServi - Removing overlay from FXGLMainMenuDummyScene and adding to LoginScreen
01:35:51.720 [JavaFX Application Thread] DEBUG PrimaryStageWindow   - FXGLMainMenuDummyScene -> LoginScreen
01:35:52.116 [JavaFX Application Thread] DEBUG FXGLApplication      - Registering font factories with UI factory
01:35:54.606 [FXGL Background Thread 3 ] DEBUG Engine               - Logging environment variables
01:35:54.607 [FXGL Background Thread 3 ] DEBUG Engine               - achievements: []
01:35:54.607 [FXGL Background Thread 3 ] DEBUG Engine               - actualHeight: 800.0
01:35:54.607 [FXGL Background Thread 3 ] DEBUG Engine               - actualHeightProperty: ReadOnlyDoubleProperty [value: 800.0]
01:35:54.607 [FXGL Background Thread 3 ] DEBUG Engine               - actualWidth: 1280.0
01:35:54.608 [FXGL Background Thread 3 ] DEBUG Engine               - actualWidthProperty: ReadOnlyDoubleProperty [value: 1280.0]
01:35:54.608 [FXGL Background Thread 3 ] DEBUG Engine               - appIcon: fxgl_icon.png
01:35:54.608 [FXGL Background Thread 3 ] DEBUG Engine               - applicationMode: DEVELOPER
01:35:54.608 [FXGL Background Thread 3 ] DEBUG Engine               - cSSList: [fxgl_dark.css]
01:35:54.608 [FXGL Background Thread 3 ] DEBUG Engine               - collisionDetectionStrategy: BRUTE_FORCE
01:35:54.608 [FXGL Background Thread 3 ] DEBUG Engine               - configClass: Optional.empty
01:35:54.608 [FXGL Background Thread 3 ] DEBUG Engine               - credits: []
01:35:54.609 [FXGL Background Thread 3 ] DEBUG Engine               - defaultCursor: CursorInfo(imageName=fxgl_default_cursor.png, hotspotX=7.0, hotspotY=6.0)
01:35:54.609 [FXGL Background Thread 3 ] DEBUG Engine               - devBBoxColorProperty: ObjectProperty [value: 0xff0000ff]
01:35:54.609 [FXGL Background Thread 3 ] DEBUG Engine               - devEnableDebugCameraProperty: BooleanProperty [value: false]
01:35:54.609 [FXGL Background Thread 3 ] DEBUG Engine               - devSensorColorProperty: ObjectProperty [value: 0xffff00ff]
01:35:54.609 [FXGL Background Thread 3 ] DEBUG Engine               - devShowBBoxProperty: BooleanProperty [value: false]
01:35:54.609 [FXGL Background Thread 3 ] DEBUG Engine               - devShowPositionProperty: BooleanProperty [value: false]
01:35:54.609 [FXGL Background Thread 3 ] DEBUG Engine               - enabledMenuItems: []
01:35:54.609 [FXGL Background Thread 3 ] DEBUG Engine               - engineServices: [class com.almasb.fxgl.app.services.FXGLAssetLoaderService, class com.almasb.fxgl.app.FXGLApplication$GameApplicationService, class com.almasb.fxgl.app.services.FXGLDialogService, class com.almasb.fxgl.app.services.IOTaskExecutorService, class com.almasb.fxgl.io.FileSystemService, class com.almasb.fxgl.localization.LocalizationService, class com.almasb.fxgl.app.services.SystemBundleService, class com.almasb.fxgl.profile.SaveLoadService, class com.almasb.fxgl.ui.FXGLUIFactoryServiceProvider, class com.almasb.fxgl.ui.FXGLDialogFactoryServiceProvider, class com.almasb.fxgl.audio.AudioPlayer, class com.almasb.fxgl.notification.impl.NotificationServiceProvider, class com.almasb.fxgl.achievement.AchievementService, class com.almasb.fxgl.cutscene.CutsceneService, class com.almasb.fxgl.minigames.MiniGameService, class com.almasb.fxgl.net.NetService, class com.almasb.fxgl.app.services.UpdaterService, class com.almasb.fxgl.dev.DevService]
01:35:54.609 [FXGL Background Thread 3 ] DEBUG Engine               - fontGame: Abel-Regular.ttf
01:35:54.609 [FXGL Background Thread 3 ] DEBUG Engine               - fontMono: TerminalLandMono-Regular.otf
01:35:54.610 [FXGL Background Thread 3 ] DEBUG Engine               - fontSizeScaleUI: 1.0
01:35:54.610 [FXGL Background Thread 3 ] DEBUG Engine               - fontText: Courier-Prime.ttf
01:35:54.610 [FXGL Background Thread 3 ] DEBUG Engine               - fontUI: VarelaRound-Regular.ttf
01:35:54.610 [FXGL Background Thread 3 ] DEBUG Engine               - fullScreen: BooleanProperty [value: true]
01:35:54.610 [FXGL Background Thread 3 ] DEBUG Engine               - gameDifficulty: MEDIUM
01:35:54.610 [FXGL Background Thread 3 ] DEBUG Engine               - gameDifficultyProperty: ObjectProperty [value: MEDIUM]
01:35:54.610 [FXGL Background Thread 3 ] DEBUG Engine               - globalMusicVolume: 0.5
01:35:54.611 [FXGL Background Thread 3 ] DEBUG Engine               - globalMusicVolumeProperty: DoubleProperty [value: 0.5]
01:35:54.611 [FXGL Background Thread 3 ] DEBUG Engine               - globalSoundVolume: 0.5
01:35:54.611 [FXGL Background Thread 3 ] DEBUG Engine               - globalSoundVolumeProperty: DoubleProperty [value: 0.5]
01:35:54.611 [FXGL Background Thread 3 ] DEBUG Engine               - height: 720
01:35:54.611 [FXGL Background Thread 3 ] DEBUG Engine               - is3D: false
01:35:54.611 [FXGL Background Thread 3 ] DEBUG Engine               - isAndroid: false
01:35:54.611 [FXGL Background Thread 3 ] DEBUG Engine               - isBrowser: false
01:35:54.611 [FXGL Background Thread 3 ] DEBUG Engine               - isClickFeedbackEnabled: false
01:35:54.611 [FXGL Background Thread 3 ] DEBUG Engine               - isCloseConfirmation: false
01:35:54.612 [FXGL Background Thread 3 ] DEBUG Engine               - isDesktop: true
01:35:54.612 [FXGL Background Thread 3 ] DEBUG Engine               - isDeveloperMenuEnabled: false
01:35:54.612 [FXGL Background Thread 3 ] DEBUG Engine               - isEmbedded: false
01:35:54.612 [FXGL Background Thread 3 ] DEBUG Engine               - isEntityPreloadEnabled: true
01:35:54.612 [FXGL Background Thread 3 ] DEBUG Engine               - isExperimentalTiledLargeMap: false
01:35:54.612 [FXGL Background Thread 3 ] DEBUG Engine               - isFileSystemWriteAllowed: true
01:35:54.612 [FXGL Background Thread 3 ] DEBUG Engine               - isFullScreenAllowed: true
01:35:54.612 [FXGL Background Thread 3 ] DEBUG Engine               - isFullScreenFromStart: true
01:35:54.612 [FXGL Background Thread 3 ] DEBUG Engine               - isGameMenuEnabled: true
01:35:54.612 [FXGL Background Thread 3 ] DEBUG Engine               - isIOS: false
01:35:54.612 [FXGL Background Thread 3 ] DEBUG Engine               - isIntroEnabled: false
01:35:54.612 [FXGL Background Thread 3 ] DEBUG Engine               - isLinux: false
01:35:54.613 [FXGL Background Thread 3 ] DEBUG Engine               - isMac: true
01:35:54.613 [FXGL Background Thread 3 ] DEBUG Engine               - isMainMenuEnabled: true
01:35:54.613 [FXGL Background Thread 3 ] DEBUG Engine               - isManualResizeEnabled: false
01:35:54.613 [FXGL Background Thread 3 ] DEBUG Engine               - isMobile: false
01:35:54.613 [FXGL Background Thread 3 ] DEBUG Engine               - isNative: false
01:35:54.613 [FXGL Background Thread 3 ] DEBUG Engine               - isPauseMusicWhenMinimized: true
01:35:54.613 [FXGL Background Thread 3 ] DEBUG Engine               - isPreserveResizeRatio: false
01:35:54.613 [FXGL Background Thread 3 ] DEBUG Engine               - isProfilingEnabled: false
01:35:54.613 [FXGL Background Thread 3 ] DEBUG Engine               - isScaleAffectedOnResize: true
01:35:54.613 [FXGL Background Thread 3 ] DEBUG Engine               - isSingleStep: false
01:35:54.614 [FXGL Background Thread 3 ] DEBUG Engine               - isUserProfileEnabled: false
01:35:54.614 [FXGL Background Thread 3 ] DEBUG Engine               - isWindows: false
01:35:54.614 [FXGL Background Thread 3 ] DEBUG Engine               - language: ObjectProperty [value: ENGLISH]
01:35:54.614 [FXGL Background Thread 3 ] DEBUG Engine               - menuKey: ESCAPE
01:35:54.614 [FXGL Background Thread 3 ] DEBUG Engine               - mouseSensitivity: 0.2
01:35:54.614 [FXGL Background Thread 3 ] DEBUG Engine               - notificationViewClass: class com.almasb.fxgl.notification.view.XboxNotificationView
01:35:54.614 [FXGL Background Thread 3 ] DEBUG Engine               - pixelsPerMeter: 50.0
01:35:54.614 [FXGL Background Thread 3 ] DEBUG Engine               - platform: MAC
01:35:54.615 [FXGL Background Thread 3 ] DEBUG Engine               - prefHeightProperty: ReadOnlyDoubleProperty [value: 720.0]
01:35:54.615 [FXGL Background Thread 3 ] DEBUG Engine               - prefWidthProperty: ReadOnlyDoubleProperty [value: 1280.0]
01:35:54.615 [FXGL Background Thread 3 ] DEBUG Engine               - profileDir: profiles/
01:35:54.615 [FXGL Background Thread 3 ] DEBUG Engine               - profileName: StringProperty [value: DEFAULT]
01:35:54.615 [FXGL Background Thread 3 ] DEBUG Engine               - randomSeed: -1
01:35:54.615 [FXGL Background Thread 3 ] DEBUG Engine               - runtimeInfo: RuntimeInfo(platform=MAC, version=21.1, build=27.03.2024 07.52)
01:35:54.615 [FXGL Background Thread 3 ] DEBUG Engine               - saveFileExt: sav
01:35:54.615 [FXGL Background Thread 3 ] DEBUG Engine               - scaledHeightProp$fxgl: DoubleProperty [bound, value: 800.0]
01:35:54.616 [FXGL Background Thread 3 ] DEBUG Engine               - scaledWidthProp$fxgl: DoubleProperty [bound, value: 1280.0]
01:35:54.616 [FXGL Background Thread 3 ] DEBUG Engine               - sceneFactory: com.oop2.typewiz.util.CustomSceneFactory@69c13570
01:35:54.616 [FXGL Background Thread 3 ] DEBUG Engine               - secondsIn24h: 60
01:35:54.616 [FXGL Background Thread 3 ] DEBUG Engine               - soundMenuBack: menu/back.wav
01:35:54.616 [FXGL Background Thread 3 ] DEBUG Engine               - soundMenuPress: menu/press.wav
01:35:54.616 [FXGL Background Thread 3 ] DEBUG Engine               - soundMenuSelect: menu/select.wav
01:35:54.616 [FXGL Background Thread 3 ] DEBUG Engine               - soundNotification: core/notification.wav
01:35:54.616 [FXGL Background Thread 3 ] DEBUG Engine               - stageStyle: DECORATED
01:35:54.616 [FXGL Background Thread 3 ] DEBUG Engine               - supportedLanguages: [ENGLISH, FRENCH, GERMAN, HUNGARIAN, RUSSIAN]
01:35:54.616 [FXGL Background Thread 3 ] DEBUG Engine               - ticksPerSecond: -1
01:35:54.616 [FXGL Background Thread 3 ] DEBUG Engine               - title: TypeWiz
01:35:54.616 [FXGL Background Thread 3 ] DEBUG Engine               - urlGithub: https://github.com/AlmasB/FXGL
01:35:54.616 [FXGL Background Thread 3 ] DEBUG Engine               - urlLeaderboard: http://fxgl-top.herokuapp.com/
01:35:54.617 [FXGL Background Thread 3 ] DEBUG Engine               - urlPOM: https://raw.githubusercontent.com/AlmasB/FXGL/release/README.md
01:35:54.617 [FXGL Background Thread 3 ] DEBUG Engine               - userAppClass: class com.oop2.typewiz.TypeWizApp
01:35:54.617 [FXGL Background Thread 3 ] DEBUG Engine               - version: 0.0
01:35:54.617 [FXGL Background Thread 3 ] DEBUG Engine               - versionCheckDays: 7
01:35:54.617 [FXGL Background Thread 3 ] DEBUG Engine               - width: 1280
01:35:54.617 [FXGL Background Thread 3 ] DEBUG Engine               - Logging services
01:35:54.617 [FXGL Background Thread 3 ] DEBUG Engine               - class com.almasb.fxgl.app.services.FXGLAssetLoaderService
01:35:54.617 [FXGL Background Thread 3 ] DEBUG Engine               - class com.almasb.fxgl.app.FXGLApplication$GameApplicationService
01:35:54.617 [FXGL Background Thread 3 ] DEBUG Engine               - class com.almasb.fxgl.app.services.FXGLDialogService
01:35:54.617 [FXGL Background Thread 3 ] DEBUG Engine               - class com.almasb.fxgl.app.services.IOTaskExecutorService
01:35:54.617 [FXGL Background Thread 3 ] DEBUG Engine               - class com.almasb.fxgl.io.FileSystemService
01:35:54.617 [FXGL Background Thread 3 ] DEBUG Engine               - class com.almasb.fxgl.localization.LocalizationService
01:35:54.617 [FXGL Background Thread 3 ] DEBUG Engine               - class com.almasb.fxgl.app.services.SystemBundleService
01:35:54.617 [FXGL Background Thread 3 ] DEBUG Engine               - class com.almasb.fxgl.profile.SaveLoadService
01:35:54.617 [FXGL Background Thread 3 ] DEBUG Engine               - class com.almasb.fxgl.ui.FXGLUIFactoryServiceProvider
01:35:54.617 [FXGL Background Thread 3 ] DEBUG Engine               - class com.almasb.fxgl.ui.FXGLDialogFactoryServiceProvider
01:35:54.617 [FXGL Background Thread 3 ] DEBUG Engine               - class com.almasb.fxgl.audio.AudioPlayer
01:35:54.617 [FXGL Background Thread 3 ] DEBUG Engine               - class com.almasb.fxgl.notification.impl.NotificationServiceProvider
01:35:54.618 [FXGL Background Thread 3 ] DEBUG Engine               - class com.almasb.fxgl.achievement.AchievementService
01:35:54.618 [FXGL Background Thread 3 ] DEBUG Engine               - class com.almasb.fxgl.cutscene.CutsceneService
01:35:54.618 [FXGL Background Thread 3 ] DEBUG Engine               - class com.almasb.fxgl.minigames.MiniGameService
01:35:54.618 [FXGL Background Thread 3 ] DEBUG Engine               - class com.almasb.fxgl.net.NetService
01:35:54.618 [FXGL Background Thread 3 ] DEBUG Engine               - class com.almasb.fxgl.app.services.UpdaterService
01:35:54.618 [FXGL Background Thread 3 ] DEBUG Engine               - class com.almasb.fxgl.dev.DevService
01:36:03.825 [JavaFX Application Thread] DEBUG FXGLApplication      - Exiting FXGL
01:36:03.826 [JavaFX Application Thread] DEBUG LoopRunner           - Stopping loop
01:36:03.826 [JavaFX Application Thread] DEBUG SystemBundleService  - Saving FXGL system data
01:36:03.828 [JavaFX Application Thread] DEBUG FileSystemAccess     - Writing to: /Users/archiecabiso/Documents/2nd Year - CS/2nd Sem/CSIT228/OOP2-Capstone/system/fxgl.bundle
01:36:03.830 [JavaFX Application Thread] DEBUG Async                - Shutting down background threads
01:36:03.830 [JavaFX Application Thread] DEBUG PrimaryStageWindow   - Closing main window
01:36:04.458 [JavaFX Application Thread] DEBUG Logger               - Closing Logger
