07:45:25.007 [main                     ] DEBUG Logger               - Configured Logger
07:45:25.027 [main                     ] DEBUG GameApplication      - Logging settings
Title: TypeWiz - Winter Theme
Version: 0.0
Width: 1280
Height: 720
Fullscreen: false
Intro: false
Profiling: false
Single step:false
App Mode: DEVELOPER
Menu Key: ESCAPE
Stage Style: DECORATED
Scene Factory: class com.almasb.fxgl.app.scene.SceneFactory

07:45:25.293 [JavaFX Application Thread] DEBUG FXGLApplication      - Initializing FXGL
07:45:25.297 [JavaFX Application Thread] INFO  Engine               - FXGL-21.1 (27.03.2024 07.52) on WINDOWS (J:21.0.3 FX:19)
07:45:25.298 [JavaFX Application Thread] DEBUG Engine               - JRE Vendor Name: Oracle Corporation
07:45:25.298 [JavaFX Application Thread] DEBUG Engine               - Running on OS: Windows 11 version 10.0
07:45:25.298 [JavaFX Application Thread] DEBUG Engine               - Architecture: amd64
07:45:25.298 [JavaFX Application Thread] INFO  Engine               - Source code and latest versions at: https://github.com/AlmasB/FXGL
07:45:25.298 [JavaFX Application Thread] INFO  Engine               -       Ask questions and discuss at: https://github.com/AlmasB/FXGL/discussions
07:45:25.299 [JavaFX Application Thread] INFO  Engine               -              Join the FXGL chat at: https://gitter.im/AlmasB/FXGL
07:45:25.363 [JavaFX Application Thread] DEBUG PrimaryStageWindow   - Creating a JavaFX scene
07:45:25.396 [JavaFX Application Thread] DEBUG PrimaryStageWindow   - Target settings size: 1280.0 x 720.0
07:45:25.397 [JavaFX Application Thread] DEBUG PrimaryStageWindow   - Scaled scene size:    1280.0 x 720.0
07:45:25.397 [JavaFX Application Thread] DEBUG PrimaryStageWindow   - Scaled ratio: (1.0, 1.0)
07:45:25.397 [JavaFX Application Thread] DEBUG PrimaryStageWindow   - Set initial scene to FXGLStartupScene
07:45:25.400 [JavaFX Application Thread] DEBUG PrimaryStageWindow   - Opening main window
07:45:25.466 [JavaFX Application Thread] DEBUG PrimaryStageWindow   - Window border size: (14.4000244140625, 37.5999755859375)
07:45:25.466 [JavaFX Application Thread] DEBUG PrimaryStageWindow   - Scaled size: 1280.0 x 720.0
07:45:25.466 [JavaFX Application Thread] DEBUG PrimaryStageWindow   - Scaled ratio: (1.0, 1.0)
07:45:25.466 [JavaFX Application Thread] DEBUG PrimaryStageWindow   - Scene size: 1280.0 x 720.0
07:45:25.466 [JavaFX Application Thread] DEBUG PrimaryStageWindow   - Stage size: 1294.4000244140625 x 757.5999755859375
07:45:25.473 [FXGL Background Thread 1 ] DEBUG Engine               - Initializing environment variables
07:45:25.513 [FXGL Background Thread 1 ] DEBUG FXGLAssetLoaderServi - User app class for loading assets: class com.oop2.typewiz.GameplayComponents.Game
07:45:25.513 [FXGL Background Thread 1 ] DEBUG GameApplicationServi - Applying CSS: fxgl_dark.css
07:45:25.514 [FXGL Background Thread 1 ] DEBUG FXGLAssetLoaderServi - Loading from file system: jar:file:///C:/Users/Ruhmer%20Jairus/.m2/repository/com/github/almasb/fxgl/21.1/fxgl-21.1.jar!/fxglassets/ui/css/fxgl_dark.css
07:45:25.554 [FXGL Background Thread 1 ] DEBUG GameApplicationServi - Initializing application scenes
07:45:25.608 [FXGL Background Thread 1 ] DEBUG GameWorld            - Game world initialized
07:45:25.660 [FXGL Background Thread 1 ] DEBUG PhysicsWorld         - Physics world initialized: appHeight=720, physics.ppm=50.0
07:45:25.660 [FXGL Background Thread 1 ] DEBUG PhysicsWorld         - Using strategy: BRUTE_FORCE
07:45:25.663 [FXGL Background Thread 1 ] DEBUG GameScene            - Game scene initialized: 1280x720
07:45:25.671 [FXGL Background Thread 1 ] DEBUG FXGL.DefaultMenu     - createMenuBodyGameMenu()
07:45:25.679 [FXGL Background Thread 1 ] DEBUG FXGL.DefaultMenu     - createOptionsMenu()
07:45:25.684 [FXGL Background Thread 1 ] DEBUG FXGLAssetLoaderServi - Loading from file system: jar:file:///C:/Users/Ruhmer%20Jairus/.m2/repository/com/github/almasb/fxgl/21.1/fxgl-21.1.jar!/fxglassets/textures/particles/smoke.png
07:45:25.770 [FXGL Background Thread 1 ] DEBUG FXGLAssetLoaderServi - Loading from file system: jar:file:///C:/Users/Ruhmer%20Jairus/.m2/repository/com/github/almasb/fxgl/21.1/fxgl-21.1.jar!/fxglassets/textures/particles/trace_horizontal.png
07:45:25.792 [FXGL Background Thread 1 ] DEBUG GameApplicationServi - Application scenes initialized
07:45:25.800 [FXGL Background Thread 1 ] DEBUG SystemBundleService  - Loading FXGL system data
07:45:25.804 [FXGL Background Thread 1 ] DEBUG FileSystemAccess     - Reading from: C:\Users\Ruhmer Jairus\OOP2-Capstone\system\fxgl.bundle
07:45:25.810 [FXGL Background Thread 1 ] DEBUG SystemBundleService  - Bundle FXGL: {}
07:45:25.810 [FXGL Background Thread 1 ] DEBUG UpdaterService       - Checking for updates
07:45:25.812 [FXGL Background Thread 4 ] DEBUG FXGLApplication      - Loading fonts
07:45:25.813 [FXGL Background Thread 1 ] DEBUG FXGLApplication      - Loading default localization
07:45:25.813 [FXGL Background Thread 4 ] DEBUG FXGLAssetLoaderServi - Loading from file system: jar:file:///C:/Users/Ruhmer%20Jairus/.m2/repository/com/github/almasb/fxgl/21.1/fxgl-21.1.jar!/fxglassets/ui/fonts/VarelaRound-Regular.ttf
07:45:25.813 [FXGL Background Thread 1 ] DEBUG FXGLAssetLoaderServi - Loading from file system: jar:file:///C:/Users/Ruhmer%20Jairus/.m2/repository/com/github/almasb/fxgl/21.1/fxgl-21.1.jar!/fxglassets/languages/english.lang
07:45:25.846 [FXGL Background Thread 4 ] DEBUG FXGLAssetLoaderServi - Loading from file system: jar:file:///C:/Users/Ruhmer%20Jairus/.m2/repository/com/github/almasb/fxgl/21.1/fxgl-21.1.jar!/fxglassets/ui/fonts/Abel-Regular.ttf
07:45:25.849 [FXGL Background Thread 4 ] DEBUG FXGLAssetLoaderServi - Loading from file system: jar:file:///C:/Users/Ruhmer%20Jairus/.m2/repository/com/github/almasb/fxgl/21.1/fxgl-21.1.jar!/fxglassets/ui/fonts/TerminalLandMono-Regular.otf
07:45:25.852 [FXGL Background Thread 1 ] INFO  FXGLApplication      - FXGL initialization took: 0.379 sec
07:45:25.853 [FXGL Background Thread 4 ] DEBUG FXGLAssetLoaderServi - Loading from file system: jar:file:///C:/Users/Ruhmer%20Jairus/.m2/repository/com/github/almasb/fxgl/21.1/fxgl-21.1.jar!/fxglassets/ui/fonts/Courier-Prime.ttf
07:45:25.853 [JavaFX Application Thread] DEBUG FXGLAssetLoaderServi - Loading from file system: jar:file:///C:/Users/Ruhmer%20Jairus/.m2/repository/com/github/almasb/fxgl/21.1/fxgl-21.1.jar!/fxglassets/textures/fxgl_icon.png
07:45:25.871 [JavaFX Application Thread] DEBUG FXGLAssetLoaderServi - Loading from file system: jar:file:///C:/Users/Ruhmer%20Jairus/.m2/repository/com/github/almasb/fxgl/21.1/fxgl-21.1.jar!/fxglassets/textures/fxgl_default_cursor.png
07:45:25.882 [JavaFX Application Thread] DEBUG Input                - Registered new binding: Screenshot - CTRL+8
07:45:25.882 [JavaFX Application Thread] DEBUG Input                - Registered new binding: System info dump - CTRL+9
07:45:25.883 [JavaFX Application Thread] DEBUG Input                - Registered new binding: Restart - CTRL+R
07:45:25.885 [JavaFX Application Thread] DEBUG Input                - Registered new binding: Toggle Debug Camera - CTRL+7
07:45:25.890 [JavaFX Application Thread] DEBUG LoopRunner           - Starting loop
07:45:25.890 [JavaFX Application Thread] DEBUG LoopRunner           - Initializing JavaFX AnimationTimerLoop
07:45:25.895 [JavaFX Application Thread] DEBUG GameApplicationServi - Starting new game
07:45:25.895 [JavaFX Application Thread] DEBUG Input                - Clearing active input actions
07:45:25.908 [JavaFX Application Thread] DEBUG GameApplicationServi - Removing overlay from FXGLStartupScene and adding to FXGLLoadingScene
07:45:25.908 [JavaFX Application Thread] DEBUG PrimaryStageWindow   - FXGLStartupScene -> FXGLLoadingScene
07:45:25.908 [JavaFX Application Thread] DEBUG GameApplicationServi - Clearing previous game
07:45:25.908 [JavaFX Application Thread] DEBUG GameScene            - Clearing game scene
07:45:25.908 [JavaFX Application Thread] DEBUG GameWorld            - Clearing game world
07:45:25.909 [JavaFX Application Thread] DEBUG PhysicsWorld         - Clearing physics world
07:45:25.911 [FXGL Background Thread 4 ] DEBUG FXGLApplication      - Initializing game
07:45:25.912 [JavaFX Application Thread] DEBUG FXGLApplication      - Registering font factories with UI factory
07:45:25.912 [FXGL Background Thread 4 ] DEBUG FXGLAssetLoaderServi - Loading from file system: file:/C:/Users/Ruhmer%20Jairus/OOP2-Capstone/target/classes/assets/textures/background-and-platforms/bg-winter_1280_720.png
07:45:25.955 [FXGL Background Thread 4 ] DEBUG FXGLAssetLoaderServi - Loading from file system: file:/C:/Users/Ruhmer%20Jairus/OOP2-Capstone/target/classes/assets/textures/background-and-platforms/hdlargerplatform-winter.png
07:45:26.039 [FXGL Background Thread 4 ] DEBUG FXGLAssetLoaderServi - Loading from file system: file:/C:/Users/Ruhmer%20Jairus/OOP2-Capstone/target/classes/assets/textures/wizard/wizard.png
07:45:26.103 [FXGL Background Thread 4 ] INFO  FXGLApplication      - Game initialization took: 0.193 sec
07:45:26.109 [JavaFX Application Thread] DEBUG Input                - Clearing active input actions
07:45:26.117 [JavaFX Application Thread] DEBUG GameApplicationServi - Removing overlay from FXGLLoadingScene and adding to GameScene
07:45:26.117 [JavaFX Application Thread] DEBUG PrimaryStageWindow   - FXGLLoadingScene -> GameScene
07:45:26.118 [JavaFX Application Thread] WARN  FXGLAssetLoaderServi - Asset "/assets/textures/evil-slime/evil_slime_spritesheet.png" was not found!
07:45:26.118 [JavaFX Application Thread] WARN  FXGLAssetLoaderServi - Failed to load IMAGE
07:45:27.809 [JavaFX Application Thread] DEBUG FXGLApplication      - Exiting FXGL
07:45:27.809 [JavaFX Application Thread] DEBUG LoopRunner           - Stopping loop
07:45:27.809 [JavaFX Application Thread] DEBUG SystemBundleService  - Saving FXGL system data
07:45:27.811 [JavaFX Application Thread] DEBUG FileSystemAccess     - Writing to: C:\Users\Ruhmer Jairus\OOP2-Capstone\system\fxgl.bundle
07:45:27.815 [JavaFX Application Thread] DEBUG Async                - Shutting down background threads
07:45:27.815 [JavaFX Application Thread] DEBUG PrimaryStageWindow   - Closing main window
07:45:27.826 [JavaFX Application Thread] DEBUG Logger               - Closing Logger
