00:14:21.564 [main                     ] DEBUG Logger               - Configured Logger
00:14:21.623 [main                     ] DEBUG GameApplication      - Logging settings
Title: TypeWiz
Version: 0.0
Width: 1550
Height: 800
Fullscreen: false
Intro: false
Profiling: false
Single step:false
App Mode: DEVELOPER
Menu Key: ESCAPE
Stage Style: DECORATED
Scene Factory: class com.almasb.fxgl.app.scene.SceneFactory

00:14:22.321 [JavaFX Application Thread] DEBUG FXGLApplication      - Initializing FXGL
00:14:22.329 [JavaFX Application Thread] INFO  Engine               - FXGL-21.1 (27.03.2024 07.52) on MAC (J:23.0.1 FX:19)
00:14:22.330 [JavaFX Application Thread] DEBUG Engine               - JRE Vendor Name: Oracle Corporation
00:14:22.330 [JavaFX Application Thread] DEBUG Engine               - Running on OS: Mac OS X version 10.15.7
00:14:22.331 [JavaFX Application Thread] DEBUG Engine               - Architecture: x86_64
00:14:22.331 [JavaFX Application Thread] INFO  Engine               - Source code and latest versions at: https://github.com/AlmasB/FXGL
00:14:22.331 [JavaFX Application Thread] INFO  Engine               -       Ask questions and discuss at: https://github.com/AlmasB/FXGL/discussions
00:14:22.331 [JavaFX Application Thread] INFO  Engine               -              Join the FXGL chat at: https://gitter.im/AlmasB/FXGL
00:14:22.688 [JavaFX Application Thread] DEBUG PrimaryStageWindow   - Creating a JavaFX scene
00:14:22.688 [JavaFX Application Thread] DEBUG PrimaryStageWindow   - Target size > screen size
00:14:22.910 [JavaFX Application Thread] DEBUG PrimaryStageWindow   - Target settings size: 1550.0 x 800.0
00:14:22.910 [JavaFX Application Thread] DEBUG PrimaryStageWindow   - Scaled scene size:    1255.0 x 660.0
00:14:22.911 [JavaFX Application Thread] DEBUG PrimaryStageWindow   - Scaled ratio: (0.8096774193548387, 0.825)
00:14:22.913 [JavaFX Application Thread] DEBUG PrimaryStageWindow   - Set initial scene to FXGLStartupScene
00:14:22.924 [JavaFX Application Thread] DEBUG PrimaryStageWindow   - Opening main window
00:14:23.105 [JavaFX Application Thread] DEBUG PrimaryStageWindow   - Window border size: (0.0, 22.0)
00:14:23.106 [JavaFX Application Thread] DEBUG PrimaryStageWindow   - Scaled size: 1255.0 x 660.0
00:14:23.106 [JavaFX Application Thread] DEBUG PrimaryStageWindow   - Scaled ratio: (0.8096774193548387, 0.825)
00:14:23.107 [JavaFX Application Thread] DEBUG PrimaryStageWindow   - Scene size: 1255.0 x 660.0
00:14:23.107 [JavaFX Application Thread] DEBUG PrimaryStageWindow   - Stage size: 1255.0 x 682.0
00:14:23.121 [FXGL Background Thread 1 ] DEBUG Engine               - Initializing environment variables
00:14:23.352 [FXGL Background Thread 1 ] DEBUG FXGLAssetLoaderServi - User app class for loading assets: class com.oop2.typewiz.TypeWizApp
00:14:23.352 [FXGL Background Thread 1 ] DEBUG GameApplicationServi - Applying CSS: fxgl_dark.css
00:14:23.353 [FXGL Background Thread 1 ] DEBUG FXGLAssetLoaderServi - Loading from file system: jar:file:///Users/archiecabiso/.m2/repository/com/github/almasb/fxgl/21.1/fxgl-21.1.jar!/fxglassets/ui/css/fxgl_dark.css
00:14:23.494 [FXGL Background Thread 1 ] DEBUG GameApplicationServi - Initializing application scenes
00:14:24.279 [FXGL Background Thread 1 ] DEBUG GameWorld            - Game world initialized
00:14:24.346 [FXGL Background Thread 1 ] DEBUG PhysicsWorld         - Physics world initialized: appHeight=800, physics.ppm=50.0
00:14:24.347 [FXGL Background Thread 1 ] DEBUG PhysicsWorld         - Using strategy: BRUTE_FORCE
00:14:24.353 [FXGL Background Thread 1 ] DEBUG GameScene            - Game scene initialized: 1550x800
00:14:24.369 [FXGL Background Thread 1 ] DEBUG FXGL.DefaultMenu     - createMenuBodyGameMenu()
00:14:24.390 [FXGL Background Thread 1 ] DEBUG FXGL.DefaultMenu     - createOptionsMenu()
00:14:24.403 [FXGL Background Thread 1 ] DEBUG FXGLAssetLoaderServi - Loading from file system: jar:file:///Users/archiecabiso/.m2/repository/com/github/almasb/fxgl/21.1/fxgl-21.1.jar!/fxglassets/textures/particles/smoke.png
00:14:24.536 [FXGL Background Thread 1 ] DEBUG FXGLAssetLoaderServi - Loading from file system: jar:file:///Users/archiecabiso/.m2/repository/com/github/almasb/fxgl/21.1/fxgl-21.1.jar!/fxglassets/textures/particles/trace_horizontal.png
00:14:24.577 [FXGL Background Thread 1 ] DEBUG GameApplicationServi - Application scenes initialized
00:14:24.595 [FXGL Background Thread 1 ] DEBUG SystemBundleService  - Loading FXGL system data
00:14:24.601 [FXGL Background Thread 1 ] DEBUG FileSystemAccess     - Reading from: /Users/archiecabiso/Documents/2nd Year - CS/2nd Sem/CSIT228/OOP2-Capstone/system/fxgl.bundle
00:14:24.610 [FXGL Background Thread 1 ] DEBUG SystemBundleService  - Bundle FXGL: {}
00:14:24.610 [FXGL Background Thread 1 ] DEBUG UpdaterService       - Checking for updates
00:14:24.615 [FXGL Background Thread 4 ] DEBUG FXGLApplication      - Loading fonts
00:14:24.616 [FXGL Background Thread 4 ] DEBUG FXGLAssetLoaderServi - Loading from file system: jar:file:///Users/archiecabiso/.m2/repository/com/github/almasb/fxgl/21.1/fxgl-21.1.jar!/fxglassets/ui/fonts/VarelaRound-Regular.ttf
00:14:24.621 [FXGL Background Thread 1 ] DEBUG FXGLApplication      - Loading default localization
00:14:24.638 [FXGL Background Thread 4 ] DEBUG FXGLAssetLoaderServi - Loading from file system: jar:file:///Users/archiecabiso/.m2/repository/com/github/almasb/fxgl/21.1/fxgl-21.1.jar!/fxglassets/ui/fonts/Abel-Regular.ttf
00:14:24.641 [FXGL Background Thread 1 ] DEBUG FXGLAssetLoaderServi - Loading from file system: jar:file:///Users/archiecabiso/.m2/repository/com/github/almasb/fxgl/21.1/fxgl-21.1.jar!/fxglassets/languages/english.lang
00:14:24.642 [FXGL Background Thread 4 ] DEBUG FXGLAssetLoaderServi - Loading from file system: jar:file:///Users/archiecabiso/.m2/repository/com/github/almasb/fxgl/21.1/fxgl-21.1.jar!/fxglassets/ui/fonts/TerminalLandMono-Regular.otf
00:14:24.646 [FXGL Background Thread 4 ] DEBUG FXGLAssetLoaderServi - Loading from file system: jar:file:///Users/archiecabiso/.m2/repository/com/github/almasb/fxgl/21.1/fxgl-21.1.jar!/fxglassets/ui/fonts/Courier-Prime.ttf
00:14:24.656 [JavaFX Application Thread] DEBUG FXGLApplication      - Registering font factories with UI factory
00:14:24.684 [FXGL Background Thread 1 ] INFO  FXGLApplication      - FXGL initialization took: 1.563 sec
00:14:24.686 [JavaFX Application Thread] DEBUG FXGLAssetLoaderServi - Loading from file system: jar:file:///Users/archiecabiso/.m2/repository/com/github/almasb/fxgl/21.1/fxgl-21.1.jar!/fxglassets/textures/fxgl_icon.png
00:14:24.724 [JavaFX Application Thread] DEBUG FXGLAssetLoaderServi - Loading from file system: jar:file:///Users/archiecabiso/.m2/repository/com/github/almasb/fxgl/21.1/fxgl-21.1.jar!/fxglassets/textures/fxgl_default_cursor.png
00:14:24.741 [JavaFX Application Thread] DEBUG Input                - Registered new binding: Screenshot - CTRL+8
00:14:24.741 [JavaFX Application Thread] DEBUG Input                - Registered new binding: System info dump - CTRL+9
00:14:24.742 [JavaFX Application Thread] DEBUG Input                - Registered new binding: Restart - CTRL+R
00:14:24.743 [JavaFX Application Thread] DEBUG Input                - Registered new binding: Toggle Debug Camera - CTRL+7
00:14:24.747 [JavaFX Application Thread] DEBUG LoopRunner           - Starting loop
00:14:24.747 [JavaFX Application Thread] DEBUG LoopRunner           - Initializing JavaFX AnimationTimerLoop
00:14:24.749 [JavaFX Application Thread] DEBUG GameApplicationServi - Starting new game
00:14:24.749 [JavaFX Application Thread] DEBUG Input                - Clearing active input actions
00:14:24.768 [JavaFX Application Thread] DEBUG GameApplicationServi - Removing overlay from FXGLStartupScene and adding to FXGLLoadingScene
00:14:24.769 [JavaFX Application Thread] DEBUG PrimaryStageWindow   - FXGLStartupScene -> FXGLLoadingScene
00:14:24.769 [JavaFX Application Thread] DEBUG GameApplicationServi - Clearing previous game
00:14:24.769 [JavaFX Application Thread] DEBUG GameScene            - Clearing game scene
00:14:24.769 [JavaFX Application Thread] DEBUG GameWorld            - Clearing game world
00:14:24.770 [JavaFX Application Thread] DEBUG PhysicsWorld         - Clearing physics world
00:14:24.772 [FXGL Background Thread 1 ] DEBUG FXGLApplication      - Initializing game
00:14:24.774 [FXGL Background Thread 1 ] DEBUG FXGLAssetLoaderServi - Loading from file system: file:/Users/archiecabiso/Documents/2nd%20Year%20-%20CS/2nd%20Sem/CSIT228/OOP2-Capstone/target/classes/assets/textures/magicbook.png
00:14:24.842 [FXGL Background Thread 1 ] DEBUG FXGLAssetLoaderServi - Loading from file system: file:/Users/archiecabiso/Documents/2nd%20Year%20-%20CS/2nd%20Sem/CSIT228/OOP2-Capstone/target/classes/assets/textures/magicbook_hover.png
00:14:25.917 [FXGL Background Thread 1 ] INFO  FXGLApplication      - Game initialization took: 1.145 sec
00:14:25.919 [JavaFX Application Thread] DEBUG Input                - Clearing active input actions
00:14:25.951 [JavaFX Application Thread] DEBUG GameApplicationServi - Removing overlay from FXGLLoadingScene and adding to GameScene
00:14:25.952 [JavaFX Application Thread] DEBUG PrimaryStageWindow   - FXGLLoadingScene -> GameScene
00:14:27.616 [FXGL Background Thread 3 ] DEBUG Engine               - Logging environment variables
00:14:27.617 [FXGL Background Thread 3 ] DEBUG Engine               - achievements: []
00:14:27.617 [FXGL Background Thread 3 ] DEBUG Engine               - actualHeight: 660.0
00:14:27.617 [FXGL Background Thread 3 ] DEBUG Engine               - actualHeightProperty: ReadOnlyDoubleProperty [value: 660.0]
00:14:27.618 [FXGL Background Thread 3 ] DEBUG Engine               - actualWidth: 1255.0
00:14:27.618 [FXGL Background Thread 3 ] DEBUG Engine               - actualWidthProperty: ReadOnlyDoubleProperty [value: 1255.0]
00:14:27.619 [FXGL Background Thread 3 ] DEBUG Engine               - appIcon: fxgl_icon.png
00:14:27.619 [FXGL Background Thread 3 ] DEBUG Engine               - applicationMode: DEVELOPER
00:14:27.620 [FXGL Background Thread 3 ] DEBUG Engine               - cSSList: [fxgl_dark.css]
00:14:27.620 [FXGL Background Thread 3 ] DEBUG Engine               - collisionDetectionStrategy: BRUTE_FORCE
00:14:27.620 [FXGL Background Thread 3 ] DEBUG Engine               - configClass: Optional.empty
00:14:27.621 [FXGL Background Thread 3 ] DEBUG Engine               - credits: []
00:14:27.622 [FXGL Background Thread 3 ] DEBUG Engine               - defaultCursor: CursorInfo(imageName=fxgl_default_cursor.png, hotspotX=7.0, hotspotY=6.0)
00:14:27.623 [FXGL Background Thread 3 ] DEBUG Engine               - devBBoxColorProperty: ObjectProperty [value: 0xff0000ff]
00:14:27.623 [FXGL Background Thread 3 ] DEBUG Engine               - devEnableDebugCameraProperty: BooleanProperty [value: false]
00:14:27.623 [FXGL Background Thread 3 ] DEBUG Engine               - devSensorColorProperty: ObjectProperty [value: 0xffff00ff]
00:14:27.624 [FXGL Background Thread 3 ] DEBUG Engine               - devShowBBoxProperty: BooleanProperty [value: false]
00:14:27.624 [FXGL Background Thread 3 ] DEBUG Engine               - devShowPositionProperty: BooleanProperty [value: false]
00:14:27.624 [FXGL Background Thread 3 ] DEBUG Engine               - enabledMenuItems: []
00:14:27.626 [FXGL Background Thread 3 ] DEBUG Engine               - engineServices: [class com.almasb.fxgl.app.services.FXGLAssetLoaderService, class com.almasb.fxgl.app.FXGLApplication$GameApplicationService, class com.almasb.fxgl.app.services.FXGLDialogService, class com.almasb.fxgl.app.services.IOTaskExecutorService, class com.almasb.fxgl.io.FileSystemService, class com.almasb.fxgl.localization.LocalizationService, class com.almasb.fxgl.app.services.SystemBundleService, class com.almasb.fxgl.profile.SaveLoadService, class com.almasb.fxgl.ui.FXGLUIFactoryServiceProvider, class com.almasb.fxgl.ui.FXGLDialogFactoryServiceProvider, class com.almasb.fxgl.audio.AudioPlayer, class com.almasb.fxgl.notification.impl.NotificationServiceProvider, class com.almasb.fxgl.achievement.AchievementService, class com.almasb.fxgl.cutscene.CutsceneService, class com.almasb.fxgl.minigames.MiniGameService, class com.almasb.fxgl.net.NetService, class com.almasb.fxgl.app.services.UpdaterService, class com.almasb.fxgl.dev.DevService]
00:14:27.626 [FXGL Background Thread 3 ] DEBUG Engine               - fontGame: Abel-Regular.ttf
00:14:27.627 [FXGL Background Thread 3 ] DEBUG Engine               - fontMono: TerminalLandMono-Regular.otf
00:14:27.627 [FXGL Background Thread 3 ] DEBUG Engine               - fontSizeScaleUI: 1.0
00:14:27.628 [FXGL Background Thread 3 ] DEBUG Engine               - fontText: Courier-Prime.ttf
00:14:27.628 [FXGL Background Thread 3 ] DEBUG Engine               - fontUI: VarelaRound-Regular.ttf
00:14:27.628 [FXGL Background Thread 3 ] DEBUG Engine               - fullScreen: BooleanProperty [value: false]
00:14:27.629 [FXGL Background Thread 3 ] DEBUG Engine               - gameDifficulty: MEDIUM
00:14:27.629 [FXGL Background Thread 3 ] DEBUG Engine               - gameDifficultyProperty: ObjectProperty [value: MEDIUM]
00:14:27.629 [FXGL Background Thread 3 ] DEBUG Engine               - globalMusicVolume: 0.5
00:14:27.630 [FXGL Background Thread 3 ] DEBUG Engine               - globalMusicVolumeProperty: DoubleProperty [value: 0.5]
00:14:27.630 [FXGL Background Thread 3 ] DEBUG Engine               - globalSoundVolume: 0.5
00:14:27.630 [FXGL Background Thread 3 ] DEBUG Engine               - globalSoundVolumeProperty: DoubleProperty [value: 0.5]
00:14:27.630 [FXGL Background Thread 3 ] DEBUG Engine               - height: 800
00:14:27.630 [FXGL Background Thread 3 ] DEBUG Engine               - is3D: false
00:14:27.630 [FXGL Background Thread 3 ] DEBUG Engine               - isAndroid: false
00:14:27.630 [FXGL Background Thread 3 ] DEBUG Engine               - isBrowser: false
00:14:27.630 [FXGL Background Thread 3 ] DEBUG Engine               - isClickFeedbackEnabled: false
00:14:27.630 [FXGL Background Thread 3 ] DEBUG Engine               - isCloseConfirmation: false
00:14:27.631 [FXGL Background Thread 3 ] DEBUG Engine               - isDesktop: true
00:14:27.631 [FXGL Background Thread 3 ] DEBUG Engine               - isDeveloperMenuEnabled: false
00:14:27.631 [FXGL Background Thread 3 ] DEBUG Engine               - isEmbedded: false
00:14:27.631 [FXGL Background Thread 3 ] DEBUG Engine               - isEntityPreloadEnabled: true
00:14:27.631 [FXGL Background Thread 3 ] DEBUG Engine               - isExperimentalTiledLargeMap: false
00:14:27.631 [FXGL Background Thread 3 ] DEBUG Engine               - isFileSystemWriteAllowed: true
00:14:27.631 [FXGL Background Thread 3 ] DEBUG Engine               - isFullScreenAllowed: false
00:14:27.631 [FXGL Background Thread 3 ] DEBUG Engine               - isFullScreenFromStart: false
00:14:27.631 [FXGL Background Thread 3 ] DEBUG Engine               - isGameMenuEnabled: true
00:14:27.631 [FXGL Background Thread 3 ] DEBUG Engine               - isIOS: false
00:14:27.631 [FXGL Background Thread 3 ] DEBUG Engine               - isIntroEnabled: false
00:14:27.632 [FXGL Background Thread 3 ] DEBUG Engine               - isLinux: false
00:14:27.632 [FXGL Background Thread 3 ] DEBUG Engine               - isMac: true
00:14:27.632 [FXGL Background Thread 3 ] DEBUG Engine               - isMainMenuEnabled: false
00:14:27.632 [FXGL Background Thread 3 ] DEBUG Engine               - isManualResizeEnabled: false
00:14:27.632 [FXGL Background Thread 3 ] DEBUG Engine               - isMobile: false
00:14:27.632 [FXGL Background Thread 3 ] DEBUG Engine               - isNative: false
00:14:27.632 [FXGL Background Thread 3 ] DEBUG Engine               - isPauseMusicWhenMinimized: true
00:14:27.632 [FXGL Background Thread 3 ] DEBUG Engine               - isPreserveResizeRatio: false
00:14:27.633 [FXGL Background Thread 3 ] DEBUG Engine               - isProfilingEnabled: false
00:14:27.633 [FXGL Background Thread 3 ] DEBUG Engine               - isScaleAffectedOnResize: true
00:14:27.633 [FXGL Background Thread 3 ] DEBUG Engine               - isSingleStep: false
00:14:27.634 [FXGL Background Thread 3 ] DEBUG Engine               - isUserProfileEnabled: false
00:14:27.634 [FXGL Background Thread 3 ] DEBUG Engine               - isWindows: false
00:14:27.634 [FXGL Background Thread 3 ] DEBUG Engine               - language: ObjectProperty [value: ENGLISH]
00:14:27.635 [FXGL Background Thread 3 ] DEBUG Engine               - menuKey: ESCAPE
00:14:27.635 [FXGL Background Thread 3 ] DEBUG Engine               - mouseSensitivity: 0.2
00:14:27.635 [FXGL Background Thread 3 ] DEBUG Engine               - notificationViewClass: class com.almasb.fxgl.notification.view.XboxNotificationView
00:14:27.635 [FXGL Background Thread 3 ] DEBUG Engine               - pixelsPerMeter: 50.0
00:14:27.635 [FXGL Background Thread 3 ] DEBUG Engine               - platform: MAC
00:14:27.636 [FXGL Background Thread 3 ] DEBUG Engine               - prefHeightProperty: ReadOnlyDoubleProperty [value: 800.0]
00:14:27.636 [FXGL Background Thread 3 ] DEBUG Engine               - prefWidthProperty: ReadOnlyDoubleProperty [value: 1550.0]
00:14:27.636 [FXGL Background Thread 3 ] DEBUG Engine               - profileDir: profiles/
00:14:27.637 [FXGL Background Thread 3 ] DEBUG Engine               - profileName: StringProperty [value: DEFAULT]
00:14:27.637 [FXGL Background Thread 3 ] DEBUG Engine               - randomSeed: -1
00:14:27.638 [FXGL Background Thread 3 ] DEBUG Engine               - runtimeInfo: RuntimeInfo(platform=MAC, version=21.1, build=27.03.2024 07.52)
00:14:27.638 [FXGL Background Thread 3 ] DEBUG Engine               - saveFileExt: sav
00:14:27.638 [FXGL Background Thread 3 ] DEBUG Engine               - scaledHeightProp$fxgl: DoubleProperty [bound, value: 660.0]
00:14:27.638 [FXGL Background Thread 3 ] DEBUG Engine               - scaledWidthProp$fxgl: DoubleProperty [bound, value: 1255.0]
00:14:27.638 [FXGL Background Thread 3 ] DEBUG Engine               - sceneFactory: com.almasb.fxgl.app.scene.SceneFactory@46a0a683
00:14:27.639 [FXGL Background Thread 3 ] DEBUG Engine               - secondsIn24h: 60
00:14:27.639 [FXGL Background Thread 3 ] DEBUG Engine               - soundMenuBack: menu/back.wav
00:14:27.639 [FXGL Background Thread 3 ] DEBUG Engine               - soundMenuPress: menu/press.wav
00:14:27.639 [FXGL Background Thread 3 ] DEBUG Engine               - soundMenuSelect: menu/select.wav
00:14:27.639 [FXGL Background Thread 3 ] DEBUG Engine               - soundNotification: core/notification.wav
00:14:27.639 [FXGL Background Thread 3 ] DEBUG Engine               - stageStyle: DECORATED
00:14:27.639 [FXGL Background Thread 3 ] DEBUG Engine               - supportedLanguages: [ENGLISH, FRENCH, GERMAN, HUNGARIAN, RUSSIAN]
00:14:27.639 [FXGL Background Thread 3 ] DEBUG Engine               - ticksPerSecond: -1
00:14:27.640 [FXGL Background Thread 3 ] DEBUG Engine               - title: TypeWiz
00:14:27.640 [FXGL Background Thread 3 ] DEBUG Engine               - urlGithub: https://github.com/AlmasB/FXGL
00:14:27.640 [FXGL Background Thread 3 ] DEBUG Engine               - urlLeaderboard: http://fxgl-top.herokuapp.com/
00:14:27.640 [FXGL Background Thread 3 ] DEBUG Engine               - urlPOM: https://raw.githubusercontent.com/AlmasB/FXGL/release/README.md
00:14:27.640 [FXGL Background Thread 3 ] DEBUG Engine               - userAppClass: class com.oop2.typewiz.TypeWizApp
00:14:27.640 [FXGL Background Thread 3 ] DEBUG Engine               - version: 0.0
00:14:27.641 [FXGL Background Thread 3 ] DEBUG Engine               - versionCheckDays: 7
00:14:27.641 [FXGL Background Thread 3 ] DEBUG Engine               - width: 1550
00:14:27.641 [FXGL Background Thread 3 ] DEBUG Engine               - Logging services
00:14:27.641 [FXGL Background Thread 3 ] DEBUG Engine               - class com.almasb.fxgl.app.services.FXGLAssetLoaderService
00:14:27.642 [FXGL Background Thread 3 ] DEBUG Engine               - class com.almasb.fxgl.app.FXGLApplication$GameApplicationService
00:14:27.642 [FXGL Background Thread 3 ] DEBUG Engine               - class com.almasb.fxgl.app.services.FXGLDialogService
00:14:27.642 [FXGL Background Thread 3 ] DEBUG Engine               - class com.almasb.fxgl.app.services.IOTaskExecutorService
00:14:27.642 [FXGL Background Thread 3 ] DEBUG Engine               - class com.almasb.fxgl.io.FileSystemService
00:14:27.642 [FXGL Background Thread 3 ] DEBUG Engine               - class com.almasb.fxgl.localization.LocalizationService
00:14:27.642 [FXGL Background Thread 3 ] DEBUG Engine               - class com.almasb.fxgl.app.services.SystemBundleService
00:14:27.644 [FXGL Background Thread 3 ] DEBUG Engine               - class com.almasb.fxgl.profile.SaveLoadService
00:14:27.644 [FXGL Background Thread 3 ] DEBUG Engine               - class com.almasb.fxgl.ui.FXGLUIFactoryServiceProvider
00:14:27.645 [FXGL Background Thread 3 ] DEBUG Engine               - class com.almasb.fxgl.ui.FXGLDialogFactoryServiceProvider
00:14:27.645 [FXGL Background Thread 3 ] DEBUG Engine               - class com.almasb.fxgl.audio.AudioPlayer
00:14:27.646 [FXGL Background Thread 3 ] DEBUG Engine               - class com.almasb.fxgl.notification.impl.NotificationServiceProvider
00:14:27.646 [FXGL Background Thread 3 ] DEBUG Engine               - class com.almasb.fxgl.achievement.AchievementService
00:14:27.647 [FXGL Background Thread 3 ] DEBUG Engine               - class com.almasb.fxgl.cutscene.CutsceneService
00:14:27.648 [FXGL Background Thread 3 ] DEBUG Engine               - class com.almasb.fxgl.minigames.MiniGameService
00:14:27.648 [FXGL Background Thread 3 ] DEBUG Engine               - class com.almasb.fxgl.net.NetService
00:14:27.649 [FXGL Background Thread 3 ] DEBUG Engine               - class com.almasb.fxgl.app.services.UpdaterService
00:14:27.649 [FXGL Background Thread 3 ] DEBUG Engine               - class com.almasb.fxgl.dev.DevService
00:14:36.165 [JavaFX Application Thread] DEBUG FXGLApplication      - Exiting FXGL
00:14:36.166 [JavaFX Application Thread] DEBUG LoopRunner           - Stopping loop
00:14:36.166 [JavaFX Application Thread] DEBUG SystemBundleService  - Saving FXGL system data
00:14:36.168 [JavaFX Application Thread] DEBUG FileSystemAccess     - Writing to: /Users/archiecabiso/Documents/2nd Year - CS/2nd Sem/CSIT228/OOP2-Capstone/system/fxgl.bundle
00:14:36.170 [JavaFX Application Thread] DEBUG Async                - Shutting down background threads
00:14:36.170 [JavaFX Application Thread] DEBUG PrimaryStageWindow   - Closing main window
00:14:36.178 [JavaFX Application Thread] DEBUG Logger               - Closing Logger
