23:40:57.444 [main                     ] DEBUG Logger               - Configured Logger
23:40:57.507 [main                     ] DEBUG GameApplication      - Logging settings
Title: TypeWiz Login
Version: 0.0
Width: 1280
Height: 720
Fullscreen: true
Intro: false
Profiling: false
Single step:false
App Mode: DEVELOPER
Menu Key: ESCAPE
Stage Style: DECORATED
Scene Factory: class com.oop2.typewiz.util.CustomSceneFactory

23:40:58.335 [JavaFX Application Thread] DEBUG FXGLApplication      - Initializing FXGL
23:40:58.344 [JavaFX Application Thread] INFO  Engine               - FXGL-21.1 (27.03.2024 07.52) on MAC (J:23.0.1 FX:19)
23:40:58.344 [JavaFX Application Thread] DEBUG Engine               - JRE Vendor Name: Oracle Corporation
23:40:58.345 [JavaFX Application Thread] DEBUG Engine               - Running on OS: Mac OS X version 10.15.7
23:40:58.345 [JavaFX Application Thread] DEBUG Engine               - Architecture: x86_64
23:40:58.345 [JavaFX Application Thread] INFO  Engine               - Source code and latest versions at: https://github.com/AlmasB/FXGL
23:40:58.346 [JavaFX Application Thread] INFO  Engine               -       Ask questions and discuss at: https://github.com/AlmasB/FXGL/discussions
23:40:58.346 [JavaFX Application Thread] INFO  Engine               -              Join the FXGL chat at: https://gitter.im/AlmasB/FXGL
23:40:58.544 [JavaFX Application Thread] DEBUG PrimaryStageWindow   - Creating a JavaFX scene
23:40:58.783 [JavaFX Application Thread] DEBUG PrimaryStageWindow   - Target settings size: 1280.0 x 720.0
23:40:58.783 [JavaFX Application Thread] DEBUG PrimaryStageWindow   - Scaled scene size:    1280.0 x 720.0
23:40:58.784 [JavaFX Application Thread] DEBUG PrimaryStageWindow   - Scaled ratio: (1.0, 1.0)
23:40:58.809 [JavaFX Application Thread] DEBUG PrimaryStageWindow   - Set initial scene to FXGLStartupScene
23:40:58.902 [JavaFX Application Thread] DEBUG PrimaryStageWindow   - Opening main window
23:40:59.243 [JavaFX Application Thread] DEBUG PrimaryStageWindow   - Window border size: (0.0, 22.0)
23:40:59.243 [JavaFX Application Thread] DEBUG PrimaryStageWindow   - Scaled size: 1280.0 x 720.0
23:40:59.244 [JavaFX Application Thread] DEBUG PrimaryStageWindow   - Scaled ratio: (1.0, 1.0)
23:40:59.244 [JavaFX Application Thread] DEBUG PrimaryStageWindow   - Scene size: 1280.0 x 720.0
23:40:59.245 [JavaFX Application Thread] DEBUG PrimaryStageWindow   - Stage size: 1280.0 x 742.0
23:41:00.099 [JavaFX Application Thread] DEBUG PrimaryStageWindow   - Going fullscreen
23:41:00.112 [FXGL Background Thread 1 ] DEBUG Engine               - Initializing environment variables
23:41:00.331 [FXGL Background Thread 1 ] DEBUG FXGLAssetLoaderServi - User app class for loading assets: class com.oop2.typewiz.TypeWizApp
23:41:00.332 [FXGL Background Thread 1 ] DEBUG GameApplicationServi - Applying CSS: fxgl_dark.css
23:41:00.333 [FXGL Background Thread 1 ] DEBUG FXGLAssetLoaderServi - Loading from file system: jar:file:///Users/archiecabiso/.m2/repository/com/github/almasb/fxgl/21.1/fxgl-21.1.jar!/fxglassets/ui/css/fxgl_dark.css
23:41:00.497 [FXGL Background Thread 1 ] DEBUG GameApplicationServi - Initializing application scenes
23:41:01.580 [FXGL Background Thread 1 ] DEBUG GameWorld            - Game world initialized
23:41:01.691 [FXGL Background Thread 1 ] DEBUG PhysicsWorld         - Physics world initialized: appHeight=720, physics.ppm=50.0
23:41:01.692 [FXGL Background Thread 1 ] DEBUG PhysicsWorld         - Using strategy: BRUTE_FORCE
23:41:01.699 [FXGL Background Thread 1 ] DEBUG GameScene            - Game scene initialized: 1280x720
23:41:02.165 [FXGL Background Thread 1 ] DEBUG GameApplicationServi - Application scenes initialized
23:41:02.184 [FXGL Background Thread 1 ] DEBUG SystemBundleService  - Loading FXGL system data
23:41:02.189 [FXGL Background Thread 1 ] DEBUG FileSystemAccess     - Reading from: /Users/archiecabiso/Documents/2nd Year - CS/2nd Sem/CSIT228/OOP2-Capstone/system/fxgl.bundle
23:41:02.198 [FXGL Background Thread 1 ] DEBUG SystemBundleService  - Bundle FXGL: {}
23:41:02.199 [FXGL Background Thread 1 ] DEBUG UpdaterService       - Checking for updates
23:41:02.206 [FXGL Background Thread 4 ] DEBUG FXGLApplication      - Loading fonts
23:41:02.207 [FXGL Background Thread 4 ] DEBUG FXGLAssetLoaderServi - Loading from file system: jar:file:///Users/archiecabiso/.m2/repository/com/github/almasb/fxgl/21.1/fxgl-21.1.jar!/fxglassets/ui/fonts/VarelaRound-Regular.ttf
23:41:02.209 [FXGL Background Thread 1 ] DEBUG FXGLApplication      - Loading default localization
23:41:02.210 [FXGL Background Thread 1 ] DEBUG FXGLAssetLoaderServi - Loading from file system: jar:file:///Users/archiecabiso/.m2/repository/com/github/almasb/fxgl/21.1/fxgl-21.1.jar!/fxglassets/languages/english.lang
23:41:02.228 [FXGL Background Thread 4 ] DEBUG FXGLAssetLoaderServi - Loading from file system: jar:file:///Users/archiecabiso/.m2/repository/com/github/almasb/fxgl/21.1/fxgl-21.1.jar!/fxglassets/ui/fonts/Abel-Regular.ttf
23:41:02.232 [FXGL Background Thread 4 ] DEBUG FXGLAssetLoaderServi - Loading from file system: jar:file:///Users/archiecabiso/.m2/repository/com/github/almasb/fxgl/21.1/fxgl-21.1.jar!/fxglassets/ui/fonts/TerminalLandMono-Regular.otf
23:41:02.236 [FXGL Background Thread 4 ] DEBUG FXGLAssetLoaderServi - Loading from file system: jar:file:///Users/archiecabiso/.m2/repository/com/github/almasb/fxgl/21.1/fxgl-21.1.jar!/fxglassets/ui/fonts/Courier-Prime.ttf
23:41:02.244 [JavaFX Application Thread] DEBUG FXGLApplication      - Registering font factories with UI factory
23:41:02.253 [FXGL Background Thread 1 ] INFO  FXGLApplication      - FXGL initialization took: 2.141 sec
23:41:02.254 [JavaFX Application Thread] DEBUG FXGLAssetLoaderServi - Loading from file system: jar:file:///Users/archiecabiso/.m2/repository/com/github/almasb/fxgl/21.1/fxgl-21.1.jar!/fxglassets/textures/fxgl_icon.png
23:41:02.290 [JavaFX Application Thread] DEBUG FXGLAssetLoaderServi - Loading from file system: jar:file:///Users/archiecabiso/.m2/repository/com/github/almasb/fxgl/21.1/fxgl-21.1.jar!/fxglassets/textures/fxgl_default_cursor.png
23:41:02.305 [JavaFX Application Thread] DEBUG Input                - Registered new binding: Screenshot - CTRL+8
23:41:02.305 [JavaFX Application Thread] DEBUG Input                - Registered new binding: System info dump - CTRL+9
23:41:02.306 [JavaFX Application Thread] DEBUG Input                - Registered new binding: Restart - CTRL+R
23:41:02.306 [JavaFX Application Thread] DEBUG Input                - Registered new binding: Toggle Debug Camera - CTRL+7
23:41:02.309 [JavaFX Application Thread] DEBUG LoopRunner           - Starting loop
23:41:02.309 [JavaFX Application Thread] DEBUG LoopRunner           - Initializing JavaFX AnimationTimerLoop
23:41:02.313 [JavaFX Application Thread] DEBUG Input                - Clearing active input actions
23:41:02.327 [JavaFX Application Thread] DEBUG GameApplicationServi - Removing overlay from FXGLStartupScene and adding to FXGLMainMenuDummyScene
23:41:02.327 [JavaFX Application Thread] DEBUG PrimaryStageWindow   - FXGLStartupScene -> FXGLMainMenuDummyScene
23:41:02.328 [JavaFX Application Thread] DEBUG PrimaryStageWindow   - Push state: LoginScreen
23:41:02.328 [JavaFX Application Thread] DEBUG Input                - Clearing active input actions
23:41:02.350 [JavaFX Application Thread] DEBUG GameApplicationServi - Removing overlay from FXGLMainMenuDummyScene and adding to LoginScreen
23:41:02.350 [JavaFX Application Thread] DEBUG PrimaryStageWindow   - FXGLMainMenuDummyScene -> LoginScreen
23:41:04.622 [JavaFX Application Thread] DEBUG FXGLAssetLoaderServi - Loading from file system: file:/Users/archiecabiso/Documents/2nd%20Year%20-%20CS/2nd%20Sem/CSIT228/OOP2-Capstone/target/classes/assets/sounds/sound-library/hover.wav
23:41:05.207 [FXGL Background Thread 3 ] DEBUG Engine               - Logging environment variables
23:41:05.208 [FXGL Background Thread 3 ] DEBUG Engine               - achievements: []
23:41:05.208 [FXGL Background Thread 3 ] DEBUG Engine               - actualHeight: 800.0
23:41:05.208 [FXGL Background Thread 3 ] DEBUG Engine               - actualHeightProperty: ReadOnlyDoubleProperty [value: 800.0]
23:41:05.209 [FXGL Background Thread 3 ] DEBUG Engine               - actualWidth: 1280.0
23:41:05.209 [FXGL Background Thread 3 ] DEBUG Engine               - actualWidthProperty: ReadOnlyDoubleProperty [value: 1280.0]
23:41:05.209 [FXGL Background Thread 3 ] DEBUG Engine               - appIcon: fxgl_icon.png
23:41:05.209 [FXGL Background Thread 3 ] DEBUG Engine               - applicationMode: DEVELOPER
23:41:05.209 [FXGL Background Thread 3 ] DEBUG Engine               - cSSList: [fxgl_dark.css]
23:41:05.209 [FXGL Background Thread 3 ] DEBUG Engine               - collisionDetectionStrategy: BRUTE_FORCE
23:41:05.209 [FXGL Background Thread 3 ] DEBUG Engine               - configClass: Optional.empty
23:41:05.210 [FXGL Background Thread 3 ] DEBUG Engine               - credits: []
23:41:05.212 [FXGL Background Thread 3 ] DEBUG Engine               - defaultCursor: CursorInfo(imageName=fxgl_default_cursor.png, hotspotX=7.0, hotspotY=6.0)
23:41:05.212 [FXGL Background Thread 3 ] DEBUG Engine               - devBBoxColorProperty: ObjectProperty [value: 0xff0000ff]
23:41:05.212 [FXGL Background Thread 3 ] DEBUG Engine               - devEnableDebugCameraProperty: BooleanProperty [value: false]
23:41:05.213 [FXGL Background Thread 3 ] DEBUG Engine               - devSensorColorProperty: ObjectProperty [value: 0xffff00ff]
23:41:05.213 [FXGL Background Thread 3 ] DEBUG Engine               - devShowBBoxProperty: BooleanProperty [value: false]
23:41:05.213 [FXGL Background Thread 3 ] DEBUG Engine               - devShowPositionProperty: BooleanProperty [value: false]
23:41:05.213 [FXGL Background Thread 3 ] DEBUG Engine               - enabledMenuItems: []
23:41:05.213 [FXGL Background Thread 3 ] DEBUG Engine               - engineServices: [class com.almasb.fxgl.app.services.FXGLAssetLoaderService, class com.almasb.fxgl.app.FXGLApplication$GameApplicationService, class com.almasb.fxgl.app.services.FXGLDialogService, class com.almasb.fxgl.app.services.IOTaskExecutorService, class com.almasb.fxgl.io.FileSystemService, class com.almasb.fxgl.localization.LocalizationService, class com.almasb.fxgl.app.services.SystemBundleService, class com.almasb.fxgl.profile.SaveLoadService, class com.almasb.fxgl.ui.FXGLUIFactoryServiceProvider, class com.almasb.fxgl.ui.FXGLDialogFactoryServiceProvider, class com.almasb.fxgl.audio.AudioPlayer, class com.almasb.fxgl.notification.impl.NotificationServiceProvider, class com.almasb.fxgl.achievement.AchievementService, class com.almasb.fxgl.cutscene.CutsceneService, class com.almasb.fxgl.minigames.MiniGameService, class com.almasb.fxgl.net.NetService, class com.almasb.fxgl.app.services.UpdaterService, class com.almasb.fxgl.dev.DevService]
23:41:05.213 [FXGL Background Thread 3 ] DEBUG Engine               - fontGame: Abel-Regular.ttf
23:41:05.213 [FXGL Background Thread 3 ] DEBUG Engine               - fontMono: TerminalLandMono-Regular.otf
23:41:05.213 [FXGL Background Thread 3 ] DEBUG Engine               - fontSizeScaleUI: 1.0
23:41:05.213 [FXGL Background Thread 3 ] DEBUG Engine               - fontText: Courier-Prime.ttf
23:41:05.213 [FXGL Background Thread 3 ] DEBUG Engine               - fontUI: VarelaRound-Regular.ttf
23:41:05.213 [FXGL Background Thread 3 ] DEBUG Engine               - fullScreen: BooleanProperty [value: true]
23:41:05.213 [FXGL Background Thread 3 ] DEBUG Engine               - gameDifficulty: MEDIUM
23:41:05.213 [FXGL Background Thread 3 ] DEBUG Engine               - gameDifficultyProperty: ObjectProperty [value: MEDIUM]
23:41:05.214 [FXGL Background Thread 3 ] DEBUG Engine               - globalMusicVolume: 0.5
23:41:05.214 [FXGL Background Thread 3 ] DEBUG Engine               - globalMusicVolumeProperty: DoubleProperty [value: 0.5]
23:41:05.214 [FXGL Background Thread 3 ] DEBUG Engine               - globalSoundVolume: 0.5
23:41:05.214 [FXGL Background Thread 3 ] DEBUG Engine               - globalSoundVolumeProperty: DoubleProperty [value: 0.5]
23:41:05.214 [FXGL Background Thread 3 ] DEBUG Engine               - height: 720
23:41:05.214 [FXGL Background Thread 3 ] DEBUG Engine               - is3D: false
23:41:05.214 [FXGL Background Thread 3 ] DEBUG Engine               - isAndroid: false
23:41:05.214 [FXGL Background Thread 3 ] DEBUG Engine               - isBrowser: false
23:41:05.215 [FXGL Background Thread 3 ] DEBUG Engine               - isClickFeedbackEnabled: false
23:41:05.215 [FXGL Background Thread 3 ] DEBUG Engine               - isCloseConfirmation: false
23:41:05.215 [FXGL Background Thread 3 ] DEBUG Engine               - isDesktop: true
23:41:05.215 [FXGL Background Thread 3 ] DEBUG Engine               - isDeveloperMenuEnabled: false
23:41:05.215 [FXGL Background Thread 3 ] DEBUG Engine               - isEmbedded: false
23:41:05.215 [FXGL Background Thread 3 ] DEBUG Engine               - isEntityPreloadEnabled: true
23:41:05.215 [FXGL Background Thread 3 ] DEBUG Engine               - isExperimentalTiledLargeMap: false
23:41:05.215 [FXGL Background Thread 3 ] DEBUG Engine               - isFileSystemWriteAllowed: true
23:41:05.215 [FXGL Background Thread 3 ] DEBUG Engine               - isFullScreenAllowed: true
23:41:05.215 [FXGL Background Thread 3 ] DEBUG Engine               - isFullScreenFromStart: true
23:41:05.216 [FXGL Background Thread 3 ] DEBUG Engine               - isGameMenuEnabled: false
23:41:05.216 [FXGL Background Thread 3 ] DEBUG Engine               - isIOS: false
23:41:05.216 [FXGL Background Thread 3 ] DEBUG Engine               - isIntroEnabled: false
23:41:05.216 [FXGL Background Thread 3 ] DEBUG Engine               - isLinux: false
23:41:05.216 [FXGL Background Thread 3 ] DEBUG Engine               - isMac: true
23:41:05.216 [FXGL Background Thread 3 ] DEBUG Engine               - isMainMenuEnabled: true
23:41:05.216 [FXGL Background Thread 3 ] DEBUG Engine               - isManualResizeEnabled: false
23:41:05.216 [FXGL Background Thread 3 ] DEBUG Engine               - isMobile: false
23:41:05.216 [FXGL Background Thread 3 ] DEBUG Engine               - isNative: false
23:41:05.216 [FXGL Background Thread 3 ] DEBUG Engine               - isPauseMusicWhenMinimized: true
23:41:05.216 [FXGL Background Thread 3 ] DEBUG Engine               - isPreserveResizeRatio: false
23:41:05.216 [FXGL Background Thread 3 ] DEBUG Engine               - isProfilingEnabled: false
23:41:05.216 [FXGL Background Thread 3 ] DEBUG Engine               - isScaleAffectedOnResize: true
23:41:05.216 [FXGL Background Thread 3 ] DEBUG Engine               - isSingleStep: false
23:41:05.216 [FXGL Background Thread 3 ] DEBUG Engine               - isUserProfileEnabled: false
23:41:05.217 [FXGL Background Thread 3 ] DEBUG Engine               - isWindows: false
23:41:05.217 [FXGL Background Thread 3 ] DEBUG Engine               - language: ObjectProperty [value: ENGLISH]
23:41:05.217 [FXGL Background Thread 3 ] DEBUG Engine               - menuKey: ESCAPE
23:41:05.217 [FXGL Background Thread 3 ] DEBUG Engine               - mouseSensitivity: 0.2
23:41:05.217 [FXGL Background Thread 3 ] DEBUG Engine               - notificationViewClass: class com.almasb.fxgl.notification.view.XboxNotificationView
23:41:05.217 [FXGL Background Thread 3 ] DEBUG Engine               - pixelsPerMeter: 50.0
23:41:05.217 [FXGL Background Thread 3 ] DEBUG Engine               - platform: MAC
23:41:05.217 [FXGL Background Thread 3 ] DEBUG Engine               - prefHeightProperty: ReadOnlyDoubleProperty [value: 720.0]
23:41:05.217 [FXGL Background Thread 3 ] DEBUG Engine               - prefWidthProperty: ReadOnlyDoubleProperty [value: 1280.0]
23:41:05.218 [FXGL Background Thread 3 ] DEBUG Engine               - profileDir: profiles/
23:41:05.218 [FXGL Background Thread 3 ] DEBUG Engine               - profileName: StringProperty [value: DEFAULT]
23:41:05.218 [FXGL Background Thread 3 ] DEBUG Engine               - randomSeed: -1
23:41:05.218 [FXGL Background Thread 3 ] DEBUG Engine               - runtimeInfo: RuntimeInfo(platform=MAC, version=21.1, build=27.03.2024 07.52)
23:41:05.218 [FXGL Background Thread 3 ] DEBUG Engine               - saveFileExt: sav
23:41:05.219 [FXGL Background Thread 3 ] DEBUG Engine               - scaledHeightProp$fxgl: DoubleProperty [bound, value: 800.0]
23:41:05.219 [FXGL Background Thread 3 ] DEBUG Engine               - scaledWidthProp$fxgl: DoubleProperty [bound, value: 1280.0]
23:41:05.219 [FXGL Background Thread 3 ] DEBUG Engine               - sceneFactory: com.oop2.typewiz.util.CustomSceneFactory@6c3b16f3
23:41:05.219 [FXGL Background Thread 3 ] DEBUG Engine               - secondsIn24h: 60
23:41:05.219 [FXGL Background Thread 3 ] DEBUG Engine               - soundMenuBack: menu/back.wav
23:41:05.219 [FXGL Background Thread 3 ] DEBUG Engine               - soundMenuPress: menu/press.wav
23:41:05.219 [FXGL Background Thread 3 ] DEBUG Engine               - soundMenuSelect: menu/select.wav
23:41:05.219 [FXGL Background Thread 3 ] DEBUG Engine               - soundNotification: core/notification.wav
23:41:05.219 [FXGL Background Thread 3 ] DEBUG Engine               - stageStyle: DECORATED
23:41:05.219 [FXGL Background Thread 3 ] DEBUG Engine               - supportedLanguages: [ENGLISH, FRENCH, GERMAN, HUNGARIAN, RUSSIAN]
23:41:05.220 [FXGL Background Thread 3 ] DEBUG Engine               - ticksPerSecond: -1
23:41:05.220 [FXGL Background Thread 3 ] DEBUG Engine               - title: TypeWiz Login
23:41:05.220 [FXGL Background Thread 3 ] DEBUG Engine               - urlGithub: https://github.com/AlmasB/FXGL
23:41:05.220 [FXGL Background Thread 3 ] DEBUG Engine               - urlLeaderboard: http://fxgl-top.herokuapp.com/
23:41:05.220 [FXGL Background Thread 3 ] DEBUG Engine               - urlPOM: https://raw.githubusercontent.com/AlmasB/FXGL/release/README.md
23:41:05.220 [FXGL Background Thread 3 ] DEBUG Engine               - userAppClass: class com.oop2.typewiz.TypeWizApp
23:41:05.220 [FXGL Background Thread 3 ] DEBUG Engine               - version: 0.0
23:41:05.220 [FXGL Background Thread 3 ] DEBUG Engine               - versionCheckDays: 7
23:41:05.220 [FXGL Background Thread 3 ] DEBUG Engine               - width: 1280
23:41:05.220 [FXGL Background Thread 3 ] DEBUG Engine               - Logging services
23:41:05.220 [FXGL Background Thread 3 ] DEBUG Engine               - class com.almasb.fxgl.app.services.FXGLAssetLoaderService
23:41:05.220 [FXGL Background Thread 3 ] DEBUG Engine               - class com.almasb.fxgl.app.FXGLApplication$GameApplicationService
23:41:05.221 [FXGL Background Thread 3 ] DEBUG Engine               - class com.almasb.fxgl.app.services.FXGLDialogService
23:41:05.221 [FXGL Background Thread 3 ] DEBUG Engine               - class com.almasb.fxgl.app.services.IOTaskExecutorService
23:41:05.221 [FXGL Background Thread 3 ] DEBUG Engine               - class com.almasb.fxgl.io.FileSystemService
23:41:05.221 [FXGL Background Thread 3 ] DEBUG Engine               - class com.almasb.fxgl.localization.LocalizationService
23:41:05.221 [FXGL Background Thread 3 ] DEBUG Engine               - class com.almasb.fxgl.app.services.SystemBundleService
23:41:05.221 [FXGL Background Thread 3 ] DEBUG Engine               - class com.almasb.fxgl.profile.SaveLoadService
23:41:05.221 [FXGL Background Thread 3 ] DEBUG Engine               - class com.almasb.fxgl.ui.FXGLUIFactoryServiceProvider
23:41:05.221 [FXGL Background Thread 3 ] DEBUG Engine               - class com.almasb.fxgl.ui.FXGLDialogFactoryServiceProvider
23:41:05.221 [FXGL Background Thread 3 ] DEBUG Engine               - class com.almasb.fxgl.audio.AudioPlayer
23:41:05.221 [FXGL Background Thread 3 ] DEBUG Engine               - class com.almasb.fxgl.notification.impl.NotificationServiceProvider
23:41:05.221 [FXGL Background Thread 3 ] DEBUG Engine               - class com.almasb.fxgl.achievement.AchievementService
23:41:05.221 [FXGL Background Thread 3 ] DEBUG Engine               - class com.almasb.fxgl.cutscene.CutsceneService
23:41:05.222 [FXGL Background Thread 3 ] DEBUG Engine               - class com.almasb.fxgl.minigames.MiniGameService
23:41:05.222 [FXGL Background Thread 3 ] DEBUG Engine               - class com.almasb.fxgl.net.NetService
23:41:05.222 [FXGL Background Thread 3 ] DEBUG Engine               - class com.almasb.fxgl.app.services.UpdaterService
23:41:05.222 [FXGL Background Thread 3 ] DEBUG Engine               - class com.almasb.fxgl.dev.DevService
23:41:06.066 [JavaFX Application Thread] DEBUG FXGLAssetLoaderServi - Loading from file system: file:/Users/archiecabiso/Documents/2nd%20Year%20-%20CS/2nd%20Sem/CSIT228/OOP2-Capstone/target/classes/assets/sounds/sound-library/click.wav
23:41:06.076 [JavaFX Application Thread] DEBUG PrimaryStageWindow   - Push state: RegisterScreen
23:41:06.076 [JavaFX Application Thread] DEBUG Input                - Clearing active input actions
23:41:06.077 [JavaFX Application Thread] DEBUG GameApplicationServi - Removing overlay from LoginScreen and adding to RegisterScreen
23:41:06.077 [JavaFX Application Thread] DEBUG PrimaryStageWindow   - LoginScreen -> RegisterScreen
23:41:06.077 [JavaFX Application Thread] DEBUG FXGLAssetLoaderServi - Loading from file system: file:/Users/archiecabiso/Documents/2nd%20Year%20-%20CS/2nd%20Sem/CSIT228/OOP2-Capstone/target/classes/assets/textures/magicbook.png
23:41:06.084 [JavaFX Application Thread] DEBUG FXGLAssetLoaderServi - Loading from file system: file:/Users/archiecabiso/Documents/2nd%20Year%20-%20CS/2nd%20Sem/CSIT228/OOP2-Capstone/target/classes/assets/textures/magicbook_hover.png
23:41:07.428 [JavaFX Application Thread] DEBUG PrimaryStageWindow   - Push state: LoadingScreen
23:41:07.428 [JavaFX Application Thread] DEBUG Input                - Clearing active input actions
23:41:07.429 [JavaFX Application Thread] DEBUG GameApplicationServi - Removing overlay from RegisterScreen and adding to LoadingScreen
23:41:07.430 [JavaFX Application Thread] DEBUG PrimaryStageWindow   - RegisterScreen -> LoadingScreen
23:41:10.456 [JavaFX Application Thread] DEBUG FXGLAssetLoaderServi - Loading from file system: file:/Users/archiecabiso/Documents/2nd%20Year%20-%20CS/2nd%20Sem/CSIT228/OOP2-Capstone/target/classes/assets/music/bgm.mp3
23:41:10.481 [JavaFX Application Thread] DEBUG AudioPlayer          - Playing music com.almasb.fxgl.audio.Music@2d038636
23:41:10.482 [JavaFX Application Thread] DEBUG PrimaryStageWindow   - Push state: MainMenuScreen
23:41:10.482 [JavaFX Application Thread] DEBUG Input                - Clearing active input actions
23:41:10.483 [JavaFX Application Thread] DEBUG GameApplicationServi - Removing overlay from LoadingScreen and adding to MainMenuScreen
23:41:10.483 [JavaFX Application Thread] DEBUG PrimaryStageWindow   - LoadingScreen -> MainMenuScreen
23:41:12.264 [JavaFX Application Thread] DEBUG PrimaryStageWindow   - Push state: DifficultyMenuScreen
23:41:12.264 [JavaFX Application Thread] DEBUG Input                - Clearing active input actions
23:41:12.265 [JavaFX Application Thread] DEBUG GameApplicationServi - Removing overlay from MainMenuScreen and adding to DifficultyMenuScreen
23:41:12.266 [JavaFX Application Thread] DEBUG PrimaryStageWindow   - MainMenuScreen -> DifficultyMenuScreen
23:41:13.824 [JavaFX Application Thread] DEBUG GameApplicationServi - Starting new game
23:41:13.825 [JavaFX Application Thread] DEBUG PrimaryStageWindow   - Pop state: DifficultyMenuScreen
23:41:13.826 [JavaFX Application Thread] DEBUG Input                - Clearing active input actions
23:41:13.828 [JavaFX Application Thread] DEBUG GameApplicationServi - Removing overlay from DifficultyMenuScreen and adding to MainMenuScreen
23:41:13.829 [JavaFX Application Thread] DEBUG PrimaryStageWindow   - MainMenuScreen <- DifficultyMenuScreen
23:41:13.832 [JavaFX Application Thread] DEBUG PrimaryStageWindow   - Pop state: MainMenuScreen
23:41:13.832 [JavaFX Application Thread] DEBUG Input                - Clearing active input actions
23:41:13.833 [JavaFX Application Thread] DEBUG GameApplicationServi - Removing overlay from MainMenuScreen and adding to LoadingScreen
23:41:13.834 [JavaFX Application Thread] DEBUG PrimaryStageWindow   - LoadingScreen <- MainMenuScreen
23:41:13.834 [JavaFX Application Thread] DEBUG PrimaryStageWindow   - Pop state: LoadingScreen
23:41:13.834 [JavaFX Application Thread] DEBUG Input                - Clearing active input actions
23:41:13.834 [JavaFX Application Thread] DEBUG GameApplicationServi - Removing overlay from LoadingScreen and adding to RegisterScreen
23:41:13.835 [JavaFX Application Thread] DEBUG PrimaryStageWindow   - RegisterScreen <- LoadingScreen
23:41:13.835 [JavaFX Application Thread] DEBUG PrimaryStageWindow   - Pop state: RegisterScreen
23:41:13.835 [JavaFX Application Thread] DEBUG Input                - Clearing active input actions
23:41:13.836 [JavaFX Application Thread] DEBUG GameApplicationServi - Removing overlay from RegisterScreen and adding to LoginScreen
23:41:13.836 [JavaFX Application Thread] DEBUG PrimaryStageWindow   - LoginScreen <- RegisterScreen
23:41:13.837 [JavaFX Application Thread] DEBUG PrimaryStageWindow   - Pop state: LoginScreen
23:41:13.837 [JavaFX Application Thread] DEBUG Input                - Clearing active input actions
23:41:13.838 [JavaFX Application Thread] DEBUG GameApplicationServi - Removing overlay from LoginScreen and adding to FXGLMainMenuDummyScene
23:41:13.839 [JavaFX Application Thread] DEBUG PrimaryStageWindow   - FXGLMainMenuDummyScene <- LoginScreen
23:41:13.839 [JavaFX Application Thread] DEBUG Input                - Clearing active input actions
23:41:13.860 [JavaFX Application Thread] DEBUG GameApplicationServi - Removing overlay from FXGLMainMenuDummyScene and adding to FXGLLoadingScene
23:41:13.861 [JavaFX Application Thread] DEBUG PrimaryStageWindow   - FXGLMainMenuDummyScene -> FXGLLoadingScene
23:41:13.861 [JavaFX Application Thread] DEBUG GameApplicationServi - Clearing previous game
23:41:13.861 [JavaFX Application Thread] DEBUG GameScene            - Clearing game scene
23:41:13.861 [JavaFX Application Thread] DEBUG GameWorld            - Clearing game world
23:41:13.862 [JavaFX Application Thread] DEBUG PhysicsWorld         - Clearing physics world
23:41:13.864 [FXGL Background Thread 2 ] DEBUG FXGLApplication      - Initializing game
23:41:13.919 [FXGL Background Thread 2 ] DEBUG FXGLAssetLoaderServi - Loading from file system: file:/Users/archiecabiso/Documents/2nd%20Year%20-%20CS/2nd%20Sem/CSIT228/OOP2-Capstone/target/classes/assets/textures/background-and-platforms/bg-midnightpurple_1280_720.png
23:41:14.033 [FXGL Background Thread 2 ] DEBUG FXGLAssetLoaderServi - Loading from file system: file:/Users/archiecabiso/Documents/2nd%20Year%20-%20CS/2nd%20Sem/CSIT228/OOP2-Capstone/target/classes/assets/textures/background-and-platforms/hdlargerplatform-purple.png
23:41:14.195 [FXGL Background Thread 2 ] DEBUG FXGLAssetLoaderServi - Loading from file system: file:/Users/archiecabiso/Documents/2nd%20Year%20-%20CS/2nd%20Sem/CSIT228/OOP2-Capstone/target/classes/assets/textures/wizard/wizard.png
23:41:14.314 [FXGL Background Thread 2 ] DEBUG FXGLAssetLoaderServi - Loading from file system: file:/Users/archiecabiso/Documents/2nd%20Year%20-%20CS/2nd%20Sem/CSIT228/OOP2-Capstone/target/classes/assets/textures/mobs/gargoyle/gargoyle.png
23:41:14.342 [FXGL Background Thread 2 ] DEBUG FXGLAssetLoaderServi - Loading from file system: file:/Users/archiecabiso/Documents/2nd%20Year%20-%20CS/2nd%20Sem/CSIT228/OOP2-Capstone/target/classes/assets/textures/mobs/grimouge/grimouge.png
23:41:14.431 [FXGL Background Thread 2 ] DEBUG FXGLAssetLoaderServi - Loading from file system: file:/Users/archiecabiso/Documents/2nd%20Year%20-%20CS/2nd%20Sem/CSIT228/OOP2-Capstone/target/classes/assets/textures/mobs/vyleye/vyleye.png
23:41:14.578 [FXGL Background Thread 2 ] INFO  FXGLApplication      - Game initialization took: 0.714 sec
23:41:14.579 [JavaFX Application Thread] DEBUG Input                - Clearing active input actions
23:41:14.589 [JavaFX Application Thread] DEBUG GameApplicationServi - Removing overlay from FXGLLoadingScene and adding to GameScene
23:41:14.589 [JavaFX Application Thread] DEBUG PrimaryStageWindow   - FXGLLoadingScene -> GameScene
23:41:15.833 [JavaFX Application Thread] DEBUG AudioPlayer          - Stopping music com.almasb.fxgl.audio.Music@2d038636
23:41:19.412 [JavaFX Application Thread] DEBUG FXGLApplication      - Exiting FXGL
23:41:19.412 [JavaFX Application Thread] DEBUG LoopRunner           - Stopping loop
23:41:19.412 [JavaFX Application Thread] DEBUG SystemBundleService  - Saving FXGL system data
23:41:19.418 [JavaFX Application Thread] DEBUG FileSystemAccess     - Writing to: /Users/archiecabiso/Documents/2nd Year - CS/2nd Sem/CSIT228/OOP2-Capstone/system/fxgl.bundle
23:41:19.421 [JavaFX Application Thread] DEBUG Async                - Shutting down background threads
23:41:19.421 [JavaFX Application Thread] DEBUG PrimaryStageWindow   - Closing main window
23:41:20.214 [JavaFX Application Thread] DEBUG Logger               - Closing Logger
