00:11:26.414 [main                     ] DEBUG Logger               - Configured Logger
00:11:26.479 [main                     ] DEBUG GameApplication      - Logging settings
Title: TypeWiz Login
Version: 0.0
Width: 1280
Height: 720
Fullscreen: true
Intro: false
Profiling: false
Single step:false
App Mode: DEVELOPER
Menu Key: ESCAPE
Stage Style: DECORATED
Scene Factory: class com.oop2.typewiz.util.CustomSceneFactory

00:11:27.395 [JavaFX Application Thread] DEBUG FXGLApplication      - Initializing FXGL
00:11:27.420 [JavaFX Application Thread] INFO  Engine               - FXGL-21.1 (27.03.2024 07.52) on MAC (J:23.0.1 FX:19)
00:11:27.421 [JavaFX Application Thread] DEBUG Engine               - JRE Vendor Name: Oracle Corporation
00:11:27.422 [JavaFX Application Thread] DEBUG Engine               - Running on OS: Mac OS X version 10.15.7
00:11:27.422 [JavaFX Application Thread] DEBUG Engine               - Architecture: x86_64
00:11:27.422 [JavaFX Application Thread] INFO  Engine               - Source code and latest versions at: https://github.com/AlmasB/FXGL
00:11:27.422 [JavaFX Application Thread] INFO  Engine               -       Ask questions and discuss at: https://github.com/AlmasB/FXGL/discussions
00:11:27.423 [JavaFX Application Thread] INFO  Engine               -              Join the FXGL chat at: https://gitter.im/AlmasB/FXGL
00:11:27.802 [JavaFX Application Thread] DEBUG PrimaryStageWindow   - Creating a JavaFX scene
00:11:28.120 [JavaFX Application Thread] DEBUG PrimaryStageWindow   - Target settings size: 1280.0 x 720.0
00:11:28.121 [JavaFX Application Thread] DEBUG PrimaryStageWindow   - Scaled scene size:    1280.0 x 720.0
00:11:28.121 [JavaFX Application Thread] DEBUG PrimaryStageWindow   - Scaled ratio: (1.0, 1.0)
00:11:28.122 [JavaFX Application Thread] DEBUG PrimaryStageWindow   - Set initial scene to FXGLStartupScene
00:11:28.130 [JavaFX Application Thread] DEBUG PrimaryStageWindow   - Opening main window
00:11:28.519 [JavaFX Application Thread] DEBUG PrimaryStageWindow   - Window border size: (0.0, 22.0)
00:11:28.519 [JavaFX Application Thread] DEBUG PrimaryStageWindow   - Scaled size: 1280.0 x 720.0
00:11:28.519 [JavaFX Application Thread] DEBUG PrimaryStageWindow   - Scaled ratio: (1.0, 1.0)
00:11:28.519 [JavaFX Application Thread] DEBUG PrimaryStageWindow   - Scene size: 1280.0 x 720.0
00:11:28.520 [JavaFX Application Thread] DEBUG PrimaryStageWindow   - Stage size: 1280.0 x 742.0
00:11:29.481 [JavaFX Application Thread] DEBUG PrimaryStageWindow   - Going fullscreen
00:11:29.494 [FXGL Background Thread 1 ] DEBUG Engine               - Initializing environment variables
00:11:29.803 [FXGL Background Thread 1 ] DEBUG FXGLAssetLoaderServi - User app class for loading assets: class com.oop2.typewiz.TypeWizApp
00:11:29.803 [FXGL Background Thread 1 ] DEBUG GameApplicationServi - Applying CSS: fxgl_dark.css
00:11:29.804 [FXGL Background Thread 1 ] DEBUG FXGLAssetLoaderServi - Loading from file system: jar:file:///Users/archiecabiso/.m2/repository/com/github/almasb/fxgl/21.1/fxgl-21.1.jar!/fxglassets/ui/css/fxgl_dark.css
00:11:29.991 [FXGL Background Thread 1 ] DEBUG GameApplicationServi - Initializing application scenes
00:11:31.121 [FXGL Background Thread 1 ] DEBUG GameWorld            - Game world initialized
00:11:31.197 [FXGL Background Thread 1 ] DEBUG PhysicsWorld         - Physics world initialized: appHeight=720, physics.ppm=50.0
00:11:31.198 [FXGL Background Thread 1 ] DEBUG PhysicsWorld         - Using strategy: BRUTE_FORCE
00:11:31.203 [FXGL Background Thread 1 ] DEBUG GameScene            - Game scene initialized: 1280x720
00:11:31.585 [FXGL Background Thread 1 ] DEBUG GameApplicationServi - Application scenes initialized
00:11:31.603 [FXGL Background Thread 1 ] DEBUG SystemBundleService  - Loading FXGL system data
00:11:31.609 [FXGL Background Thread 1 ] DEBUG FileSystemAccess     - Reading from: /Users/archiecabiso/Documents/2nd Year - CS/2nd Sem/CSIT228/OOP2-Capstone/system/fxgl.bundle
00:11:31.617 [FXGL Background Thread 1 ] DEBUG SystemBundleService  - Bundle FXGL: {}
00:11:31.618 [FXGL Background Thread 1 ] DEBUG UpdaterService       - Checking for updates
00:11:31.626 [FXGL Background Thread 4 ] DEBUG FXGLApplication      - Loading fonts
00:11:31.627 [FXGL Background Thread 4 ] DEBUG FXGLAssetLoaderServi - Loading from file system: jar:file:///Users/archiecabiso/.m2/repository/com/github/almasb/fxgl/21.1/fxgl-21.1.jar!/fxglassets/ui/fonts/VarelaRound-Regular.ttf
00:11:31.628 [FXGL Background Thread 1 ] DEBUG FXGLApplication      - Loading default localization
00:11:31.634 [FXGL Background Thread 1 ] DEBUG FXGLAssetLoaderServi - Loading from file system: jar:file:///Users/archiecabiso/.m2/repository/com/github/almasb/fxgl/21.1/fxgl-21.1.jar!/fxglassets/languages/english.lang
00:11:31.650 [FXGL Background Thread 4 ] DEBUG FXGLAssetLoaderServi - Loading from file system: jar:file:///Users/archiecabiso/.m2/repository/com/github/almasb/fxgl/21.1/fxgl-21.1.jar!/fxglassets/ui/fonts/Abel-Regular.ttf
00:11:31.654 [FXGL Background Thread 4 ] DEBUG FXGLAssetLoaderServi - Loading from file system: jar:file:///Users/archiecabiso/.m2/repository/com/github/almasb/fxgl/21.1/fxgl-21.1.jar!/fxglassets/ui/fonts/TerminalLandMono-Regular.otf
00:11:31.659 [FXGL Background Thread 4 ] DEBUG FXGLAssetLoaderServi - Loading from file system: jar:file:///Users/archiecabiso/.m2/repository/com/github/almasb/fxgl/21.1/fxgl-21.1.jar!/fxglassets/ui/fonts/Courier-Prime.ttf
00:11:31.665 [JavaFX Application Thread] DEBUG FXGLApplication      - Registering font factories with UI factory
00:11:31.682 [FXGL Background Thread 1 ] INFO  FXGLApplication      - FXGL initialization took: 2.187 sec
00:11:31.684 [JavaFX Application Thread] DEBUG FXGLAssetLoaderServi - Loading from file system: jar:file:///Users/archiecabiso/.m2/repository/com/github/almasb/fxgl/21.1/fxgl-21.1.jar!/fxglassets/textures/fxgl_icon.png
00:11:31.725 [JavaFX Application Thread] DEBUG FXGLAssetLoaderServi - Loading from file system: jar:file:///Users/archiecabiso/.m2/repository/com/github/almasb/fxgl/21.1/fxgl-21.1.jar!/fxglassets/textures/fxgl_default_cursor.png
00:11:31.740 [JavaFX Application Thread] DEBUG Input                - Registered new binding: Screenshot - CTRL+8
00:11:31.741 [JavaFX Application Thread] DEBUG Input                - Registered new binding: System info dump - CTRL+9
00:11:31.741 [JavaFX Application Thread] DEBUG Input                - Registered new binding: Restart - CTRL+R
00:11:31.742 [JavaFX Application Thread] DEBUG Input                - Registered new binding: Toggle Debug Camera - CTRL+7
00:11:31.745 [JavaFX Application Thread] DEBUG LoopRunner           - Starting loop
00:11:31.745 [JavaFX Application Thread] DEBUG LoopRunner           - Initializing JavaFX AnimationTimerLoop
00:11:31.748 [JavaFX Application Thread] DEBUG Input                - Clearing active input actions
00:11:31.759 [JavaFX Application Thread] DEBUG GameApplicationServi - Removing overlay from FXGLStartupScene and adding to FXGLMainMenuDummyScene
00:11:31.760 [JavaFX Application Thread] DEBUG PrimaryStageWindow   - FXGLStartupScene -> FXGLMainMenuDummyScene
00:11:31.760 [JavaFX Application Thread] DEBUG PrimaryStageWindow   - Push state: LoginScreen
00:11:31.761 [JavaFX Application Thread] DEBUG Input                - Clearing active input actions
00:11:31.780 [JavaFX Application Thread] DEBUG GameApplicationServi - Removing overlay from FXGLMainMenuDummyScene and adding to LoginScreen
00:11:31.782 [JavaFX Application Thread] DEBUG PrimaryStageWindow   - FXGLMainMenuDummyScene -> LoginScreen
00:11:34.431 [JavaFX Application Thread] DEBUG FXGLAssetLoaderServi - Loading from file system: file:/Users/archiecabiso/Documents/2nd%20Year%20-%20CS/2nd%20Sem/CSIT228/OOP2-Capstone/target/classes/assets/sounds/sound-library/hover.wav
00:11:34.625 [FXGL Background Thread 3 ] DEBUG Engine               - Logging environment variables
00:11:34.626 [FXGL Background Thread 3 ] DEBUG Engine               - achievements: []
00:11:34.626 [FXGL Background Thread 3 ] DEBUG Engine               - actualHeight: 800.0
00:11:34.627 [FXGL Background Thread 3 ] DEBUG Engine               - actualHeightProperty: ReadOnlyDoubleProperty [value: 800.0]
00:11:34.627 [FXGL Background Thread 3 ] DEBUG Engine               - actualWidth: 1280.0
00:11:34.627 [FXGL Background Thread 3 ] DEBUG Engine               - actualWidthProperty: ReadOnlyDoubleProperty [value: 1280.0]
00:11:34.627 [FXGL Background Thread 3 ] DEBUG Engine               - appIcon: fxgl_icon.png
00:11:34.627 [FXGL Background Thread 3 ] DEBUG Engine               - applicationMode: DEVELOPER
00:11:34.627 [FXGL Background Thread 3 ] DEBUG Engine               - cSSList: [fxgl_dark.css]
00:11:34.627 [FXGL Background Thread 3 ] DEBUG Engine               - collisionDetectionStrategy: BRUTE_FORCE
00:11:34.627 [FXGL Background Thread 3 ] DEBUG Engine               - configClass: Optional.empty
00:11:34.628 [FXGL Background Thread 3 ] DEBUG Engine               - credits: []
00:11:34.630 [FXGL Background Thread 3 ] DEBUG Engine               - defaultCursor: CursorInfo(imageName=fxgl_default_cursor.png, hotspotX=7.0, hotspotY=6.0)
00:11:34.630 [FXGL Background Thread 3 ] DEBUG Engine               - devBBoxColorProperty: ObjectProperty [value: 0xff0000ff]
00:11:34.631 [FXGL Background Thread 3 ] DEBUG Engine               - devEnableDebugCameraProperty: BooleanProperty [value: false]
00:11:34.631 [FXGL Background Thread 3 ] DEBUG Engine               - devSensorColorProperty: ObjectProperty [value: 0xffff00ff]
00:11:34.631 [FXGL Background Thread 3 ] DEBUG Engine               - devShowBBoxProperty: BooleanProperty [value: false]
00:11:34.631 [FXGL Background Thread 3 ] DEBUG Engine               - devShowPositionProperty: BooleanProperty [value: false]
00:11:34.631 [FXGL Background Thread 3 ] DEBUG Engine               - enabledMenuItems: []
00:11:34.632 [FXGL Background Thread 3 ] DEBUG Engine               - engineServices: [class com.almasb.fxgl.app.services.FXGLAssetLoaderService, class com.almasb.fxgl.app.FXGLApplication$GameApplicationService, class com.almasb.fxgl.app.services.FXGLDialogService, class com.almasb.fxgl.app.services.IOTaskExecutorService, class com.almasb.fxgl.io.FileSystemService, class com.almasb.fxgl.localization.LocalizationService, class com.almasb.fxgl.app.services.SystemBundleService, class com.almasb.fxgl.profile.SaveLoadService, class com.almasb.fxgl.ui.FXGLUIFactoryServiceProvider, class com.almasb.fxgl.ui.FXGLDialogFactoryServiceProvider, class com.almasb.fxgl.audio.AudioPlayer, class com.almasb.fxgl.notification.impl.NotificationServiceProvider, class com.almasb.fxgl.achievement.AchievementService, class com.almasb.fxgl.cutscene.CutsceneService, class com.almasb.fxgl.minigames.MiniGameService, class com.almasb.fxgl.net.NetService, class com.almasb.fxgl.app.services.UpdaterService, class com.almasb.fxgl.dev.DevService]
00:11:34.632 [FXGL Background Thread 3 ] DEBUG Engine               - fontGame: Abel-Regular.ttf
00:11:34.632 [FXGL Background Thread 3 ] DEBUG Engine               - fontMono: TerminalLandMono-Regular.otf
00:11:34.632 [FXGL Background Thread 3 ] DEBUG Engine               - fontSizeScaleUI: 1.0
00:11:34.632 [FXGL Background Thread 3 ] DEBUG Engine               - fontText: Courier-Prime.ttf
00:11:34.632 [FXGL Background Thread 3 ] DEBUG Engine               - fontUI: VarelaRound-Regular.ttf
00:11:34.632 [FXGL Background Thread 3 ] DEBUG Engine               - fullScreen: BooleanProperty [value: true]
00:11:34.632 [FXGL Background Thread 3 ] DEBUG Engine               - gameDifficulty: MEDIUM
00:11:34.632 [FXGL Background Thread 3 ] DEBUG Engine               - gameDifficultyProperty: ObjectProperty [value: MEDIUM]
00:11:34.632 [FXGL Background Thread 3 ] DEBUG Engine               - globalMusicVolume: 0.5
00:11:34.633 [FXGL Background Thread 3 ] DEBUG Engine               - globalMusicVolumeProperty: DoubleProperty [value: 0.5]
00:11:34.633 [FXGL Background Thread 3 ] DEBUG Engine               - globalSoundVolume: 0.5
00:11:34.633 [FXGL Background Thread 3 ] DEBUG Engine               - globalSoundVolumeProperty: DoubleProperty [value: 0.5]
00:11:34.633 [FXGL Background Thread 3 ] DEBUG Engine               - height: 720
00:11:34.633 [FXGL Background Thread 3 ] DEBUG Engine               - is3D: false
00:11:34.633 [FXGL Background Thread 3 ] DEBUG Engine               - isAndroid: false
00:11:34.633 [FXGL Background Thread 3 ] DEBUG Engine               - isBrowser: false
00:11:34.634 [FXGL Background Thread 3 ] DEBUG Engine               - isClickFeedbackEnabled: false
00:11:34.634 [FXGL Background Thread 3 ] DEBUG Engine               - isCloseConfirmation: false
00:11:34.634 [FXGL Background Thread 3 ] DEBUG Engine               - isDesktop: true
00:11:34.634 [FXGL Background Thread 3 ] DEBUG Engine               - isDeveloperMenuEnabled: false
00:11:34.634 [FXGL Background Thread 3 ] DEBUG Engine               - isEmbedded: false
00:11:34.634 [FXGL Background Thread 3 ] DEBUG Engine               - isEntityPreloadEnabled: true
00:11:34.634 [FXGL Background Thread 3 ] DEBUG Engine               - isExperimentalTiledLargeMap: false
00:11:34.634 [FXGL Background Thread 3 ] DEBUG Engine               - isFileSystemWriteAllowed: true
00:11:34.634 [FXGL Background Thread 3 ] DEBUG Engine               - isFullScreenAllowed: true
00:11:34.634 [FXGL Background Thread 3 ] DEBUG Engine               - isFullScreenFromStart: true
00:11:34.635 [FXGL Background Thread 3 ] DEBUG Engine               - isGameMenuEnabled: false
00:11:34.635 [FXGL Background Thread 3 ] DEBUG Engine               - isIOS: false
00:11:34.635 [FXGL Background Thread 3 ] DEBUG Engine               - isIntroEnabled: false
00:11:34.635 [FXGL Background Thread 3 ] DEBUG Engine               - isLinux: false
00:11:34.635 [FXGL Background Thread 3 ] DEBUG Engine               - isMac: true
00:11:34.635 [FXGL Background Thread 3 ] DEBUG Engine               - isMainMenuEnabled: true
00:11:34.635 [FXGL Background Thread 3 ] DEBUG Engine               - isManualResizeEnabled: false
00:11:34.635 [FXGL Background Thread 3 ] DEBUG Engine               - isMobile: false
00:11:34.635 [FXGL Background Thread 3 ] DEBUG Engine               - isNative: false
00:11:34.635 [FXGL Background Thread 3 ] DEBUG Engine               - isPauseMusicWhenMinimized: true
00:11:34.635 [FXGL Background Thread 3 ] DEBUG Engine               - isPreserveResizeRatio: false
00:11:34.635 [FXGL Background Thread 3 ] DEBUG Engine               - isProfilingEnabled: false
00:11:34.635 [FXGL Background Thread 3 ] DEBUG Engine               - isScaleAffectedOnResize: true
00:11:34.636 [FXGL Background Thread 3 ] DEBUG Engine               - isSingleStep: false
00:11:34.636 [FXGL Background Thread 3 ] DEBUG Engine               - isUserProfileEnabled: false
00:11:34.636 [FXGL Background Thread 3 ] DEBUG Engine               - isWindows: false
00:11:34.636 [FXGL Background Thread 3 ] DEBUG Engine               - language: ObjectProperty [value: ENGLISH]
00:11:34.636 [FXGL Background Thread 3 ] DEBUG Engine               - menuKey: ESCAPE
00:11:34.636 [FXGL Background Thread 3 ] DEBUG Engine               - mouseSensitivity: 0.2
00:11:34.636 [FXGL Background Thread 3 ] DEBUG Engine               - notificationViewClass: class com.almasb.fxgl.notification.view.XboxNotificationView
00:11:34.636 [FXGL Background Thread 3 ] DEBUG Engine               - pixelsPerMeter: 50.0
00:11:34.636 [FXGL Background Thread 3 ] DEBUG Engine               - platform: MAC
00:11:34.636 [FXGL Background Thread 3 ] DEBUG Engine               - prefHeightProperty: ReadOnlyDoubleProperty [value: 720.0]
00:11:34.636 [FXGL Background Thread 3 ] DEBUG Engine               - prefWidthProperty: ReadOnlyDoubleProperty [value: 1280.0]
00:11:34.636 [FXGL Background Thread 3 ] DEBUG Engine               - profileDir: profiles/
00:11:34.636 [FXGL Background Thread 3 ] DEBUG Engine               - profileName: StringProperty [value: DEFAULT]
00:11:34.637 [FXGL Background Thread 3 ] DEBUG Engine               - randomSeed: -1
00:11:34.640 [FXGL Background Thread 3 ] DEBUG Engine               - runtimeInfo: RuntimeInfo(platform=MAC, version=21.1, build=27.03.2024 07.52)
00:11:34.640 [FXGL Background Thread 3 ] DEBUG Engine               - saveFileExt: sav
00:11:34.640 [FXGL Background Thread 3 ] DEBUG Engine               - scaledHeightProp$fxgl: DoubleProperty [bound, value: 800.0]
00:11:34.640 [FXGL Background Thread 3 ] DEBUG Engine               - scaledWidthProp$fxgl: DoubleProperty [bound, value: 1280.0]
00:11:34.640 [FXGL Background Thread 3 ] DEBUG Engine               - sceneFactory: com.oop2.typewiz.util.CustomSceneFactory@72daf1c3
00:11:34.640 [FXGL Background Thread 3 ] DEBUG Engine               - secondsIn24h: 60
00:11:34.641 [FXGL Background Thread 3 ] DEBUG Engine               - soundMenuBack: menu/back.wav
00:11:34.641 [FXGL Background Thread 3 ] DEBUG Engine               - soundMenuPress: menu/press.wav
00:11:34.641 [FXGL Background Thread 3 ] DEBUG Engine               - soundMenuSelect: menu/select.wav
00:11:34.641 [FXGL Background Thread 3 ] DEBUG Engine               - soundNotification: core/notification.wav
00:11:34.641 [FXGL Background Thread 3 ] DEBUG Engine               - stageStyle: DECORATED
00:11:34.641 [FXGL Background Thread 3 ] DEBUG Engine               - supportedLanguages: [ENGLISH, FRENCH, GERMAN, HUNGARIAN, RUSSIAN]
00:11:34.641 [FXGL Background Thread 3 ] DEBUG Engine               - ticksPerSecond: -1
00:11:34.641 [FXGL Background Thread 3 ] DEBUG Engine               - title: TypeWiz Login
00:11:34.641 [FXGL Background Thread 3 ] DEBUG Engine               - urlGithub: https://github.com/AlmasB/FXGL
00:11:34.641 [FXGL Background Thread 3 ] DEBUG Engine               - urlLeaderboard: http://fxgl-top.herokuapp.com/
00:11:34.641 [FXGL Background Thread 3 ] DEBUG Engine               - urlPOM: https://raw.githubusercontent.com/AlmasB/FXGL/release/README.md
00:11:34.642 [FXGL Background Thread 3 ] DEBUG Engine               - userAppClass: class com.oop2.typewiz.TypeWizApp
00:11:34.642 [FXGL Background Thread 3 ] DEBUG Engine               - version: 0.0
00:11:34.642 [FXGL Background Thread 3 ] DEBUG Engine               - versionCheckDays: 7
00:11:34.642 [FXGL Background Thread 3 ] DEBUG Engine               - width: 1280
00:11:34.642 [FXGL Background Thread 3 ] DEBUG Engine               - Logging services
00:11:34.642 [FXGL Background Thread 3 ] DEBUG Engine               - class com.almasb.fxgl.app.services.FXGLAssetLoaderService
00:11:34.642 [FXGL Background Thread 3 ] DEBUG Engine               - class com.almasb.fxgl.app.FXGLApplication$GameApplicationService
00:11:34.642 [FXGL Background Thread 3 ] DEBUG Engine               - class com.almasb.fxgl.app.services.FXGLDialogService
00:11:34.642 [FXGL Background Thread 3 ] DEBUG Engine               - class com.almasb.fxgl.app.services.IOTaskExecutorService
00:11:34.642 [FXGL Background Thread 3 ] DEBUG Engine               - class com.almasb.fxgl.io.FileSystemService
00:11:34.645 [FXGL Background Thread 3 ] DEBUG Engine               - class com.almasb.fxgl.localization.LocalizationService
00:11:34.646 [FXGL Background Thread 3 ] DEBUG Engine               - class com.almasb.fxgl.app.services.SystemBundleService
00:11:34.646 [FXGL Background Thread 3 ] DEBUG Engine               - class com.almasb.fxgl.profile.SaveLoadService
00:11:34.646 [FXGL Background Thread 3 ] DEBUG Engine               - class com.almasb.fxgl.ui.FXGLUIFactoryServiceProvider
00:11:34.646 [FXGL Background Thread 3 ] DEBUG Engine               - class com.almasb.fxgl.ui.FXGLDialogFactoryServiceProvider
00:11:34.646 [FXGL Background Thread 3 ] DEBUG Engine               - class com.almasb.fxgl.audio.AudioPlayer
00:11:34.646 [FXGL Background Thread 3 ] DEBUG Engine               - class com.almasb.fxgl.notification.impl.NotificationServiceProvider
00:11:34.646 [FXGL Background Thread 3 ] DEBUG Engine               - class com.almasb.fxgl.achievement.AchievementService
00:11:34.646 [FXGL Background Thread 3 ] DEBUG Engine               - class com.almasb.fxgl.cutscene.CutsceneService
00:11:34.647 [FXGL Background Thread 3 ] DEBUG Engine               - class com.almasb.fxgl.minigames.MiniGameService
00:11:34.647 [FXGL Background Thread 3 ] DEBUG Engine               - class com.almasb.fxgl.net.NetService
00:11:34.647 [FXGL Background Thread 3 ] DEBUG Engine               - class com.almasb.fxgl.app.services.UpdaterService
00:11:34.647 [FXGL Background Thread 3 ] DEBUG Engine               - class com.almasb.fxgl.dev.DevService
00:11:35.206 [JavaFX Application Thread] DEBUG FXGLAssetLoaderServi - Loading from file system: file:/Users/archiecabiso/Documents/2nd%20Year%20-%20CS/2nd%20Sem/CSIT228/OOP2-Capstone/target/classes/assets/sounds/sound-library/click.wav
00:11:35.530 [JavaFX Application Thread] DEBUG PrimaryStageWindow   - Push state: RegisterScreen
00:11:35.530 [JavaFX Application Thread] DEBUG Input                - Clearing active input actions
00:11:35.533 [JavaFX Application Thread] DEBUG GameApplicationServi - Removing overlay from LoginScreen and adding to RegisterScreen
00:11:35.533 [JavaFX Application Thread] DEBUG PrimaryStageWindow   - LoginScreen -> RegisterScreen
00:11:35.534 [JavaFX Application Thread] DEBUG FXGLAssetLoaderServi - Loading from file system: file:/Users/archiecabiso/Documents/2nd%20Year%20-%20CS/2nd%20Sem/CSIT228/OOP2-Capstone/target/classes/assets/textures/magicbook.png
00:11:35.540 [JavaFX Application Thread] DEBUG FXGLAssetLoaderServi - Loading from file system: file:/Users/archiecabiso/Documents/2nd%20Year%20-%20CS/2nd%20Sem/CSIT228/OOP2-Capstone/target/classes/assets/textures/magicbook_hover.png
00:12:02.353 [JavaFX Application Thread] DEBUG PrimaryStageWindow   - Push state: LoginScreen
00:12:02.354 [JavaFX Application Thread] DEBUG Input                - Clearing active input actions
00:12:02.355 [JavaFX Application Thread] DEBUG GameApplicationServi - Removing overlay from RegisterScreen and adding to LoginScreen
00:12:02.355 [JavaFX Application Thread] DEBUG PrimaryStageWindow   - RegisterScreen -> LoginScreen
00:12:05.425 [JavaFX Application Thread] DEBUG PrimaryStageWindow   - Push state: LoadingScreen
00:12:05.425 [JavaFX Application Thread] DEBUG Input                - Clearing active input actions
00:12:05.426 [JavaFX Application Thread] DEBUG GameApplicationServi - Removing overlay from LoginScreen and adding to LoadingScreen
00:12:05.426 [JavaFX Application Thread] DEBUG PrimaryStageWindow   - LoginScreen -> LoadingScreen
00:12:08.448 [JavaFX Application Thread] DEBUG FXGLAssetLoaderServi - Loading from file system: file:/Users/archiecabiso/Documents/2nd%20Year%20-%20CS/2nd%20Sem/CSIT228/OOP2-Capstone/target/classes/assets/music/bgm.mp3
00:12:08.473 [JavaFX Application Thread] DEBUG AudioPlayer          - Playing music com.almasb.fxgl.audio.Music@86f8840
00:12:08.474 [JavaFX Application Thread] DEBUG PrimaryStageWindow   - Push state: MainMenuScreen
00:12:08.474 [JavaFX Application Thread] DEBUG Input                - Clearing active input actions
00:12:08.475 [JavaFX Application Thread] DEBUG GameApplicationServi - Removing overlay from LoadingScreen and adding to MainMenuScreen
00:12:08.476 [JavaFX Application Thread] DEBUG PrimaryStageWindow   - LoadingScreen -> MainMenuScreen
00:12:10.375 [JavaFX Application Thread] DEBUG PrimaryStageWindow   - Push state: DifficultyMenuScreen
00:12:10.375 [JavaFX Application Thread] DEBUG Input                - Clearing active input actions
00:12:10.376 [JavaFX Application Thread] DEBUG GameApplicationServi - Removing overlay from MainMenuScreen and adding to DifficultyMenuScreen
00:12:10.377 [JavaFX Application Thread] DEBUG PrimaryStageWindow   - MainMenuScreen -> DifficultyMenuScreen
00:12:11.972 [JavaFX Application Thread] DEBUG GameApplicationServi - Starting new game
00:12:11.974 [JavaFX Application Thread] DEBUG PrimaryStageWindow   - Pop state: DifficultyMenuScreen
00:12:11.975 [JavaFX Application Thread] DEBUG Input                - Clearing active input actions
00:12:11.976 [JavaFX Application Thread] DEBUG GameApplicationServi - Removing overlay from DifficultyMenuScreen and adding to MainMenuScreen
00:12:11.977 [JavaFX Application Thread] DEBUG PrimaryStageWindow   - MainMenuScreen <- DifficultyMenuScreen
00:12:11.979 [JavaFX Application Thread] DEBUG PrimaryStageWindow   - Pop state: MainMenuScreen
00:12:11.979 [JavaFX Application Thread] DEBUG Input                - Clearing active input actions
00:12:11.980 [JavaFX Application Thread] DEBUG GameApplicationServi - Removing overlay from MainMenuScreen and adding to LoadingScreen
00:12:11.980 [JavaFX Application Thread] DEBUG PrimaryStageWindow   - LoadingScreen <- MainMenuScreen
00:12:11.981 [JavaFX Application Thread] DEBUG PrimaryStageWindow   - Pop state: LoadingScreen
00:12:11.981 [JavaFX Application Thread] DEBUG Input                - Clearing active input actions
00:12:11.981 [JavaFX Application Thread] DEBUG GameApplicationServi - Removing overlay from LoadingScreen and adding to LoginScreen
00:12:11.982 [JavaFX Application Thread] DEBUG PrimaryStageWindow   - LoginScreen <- LoadingScreen
00:12:11.982 [JavaFX Application Thread] DEBUG PrimaryStageWindow   - Pop state: LoginScreen
00:12:11.982 [JavaFX Application Thread] DEBUG Input                - Clearing active input actions
00:12:11.983 [JavaFX Application Thread] DEBUG GameApplicationServi - Removing overlay from LoginScreen and adding to RegisterScreen
00:12:11.984 [JavaFX Application Thread] DEBUG PrimaryStageWindow   - RegisterScreen <- LoginScreen
00:12:11.984 [JavaFX Application Thread] DEBUG PrimaryStageWindow   - Pop state: RegisterScreen
00:12:11.984 [JavaFX Application Thread] DEBUG Input                - Clearing active input actions
00:12:11.985 [JavaFX Application Thread] DEBUG GameApplicationServi - Removing overlay from RegisterScreen and adding to LoginScreen
00:12:11.986 [JavaFX Application Thread] DEBUG PrimaryStageWindow   - LoginScreen <- RegisterScreen
00:12:11.986 [JavaFX Application Thread] DEBUG PrimaryStageWindow   - Pop state: LoginScreen
00:12:11.986 [JavaFX Application Thread] DEBUG Input                - Clearing active input actions
00:12:11.987 [JavaFX Application Thread] DEBUG GameApplicationServi - Removing overlay from LoginScreen and adding to FXGLMainMenuDummyScene
00:12:11.988 [JavaFX Application Thread] DEBUG PrimaryStageWindow   - FXGLMainMenuDummyScene <- LoginScreen
00:12:11.988 [JavaFX Application Thread] DEBUG Input                - Clearing active input actions
00:12:12.006 [JavaFX Application Thread] DEBUG GameApplicationServi - Removing overlay from FXGLMainMenuDummyScene and adding to FXGLLoadingScene
00:12:12.006 [JavaFX Application Thread] DEBUG PrimaryStageWindow   - FXGLMainMenuDummyScene -> FXGLLoadingScene
00:12:12.006 [JavaFX Application Thread] DEBUG GameApplicationServi - Clearing previous game
00:12:12.006 [JavaFX Application Thread] DEBUG GameScene            - Clearing game scene
00:12:12.006 [JavaFX Application Thread] DEBUG GameWorld            - Clearing game world
00:12:12.007 [JavaFX Application Thread] DEBUG PhysicsWorld         - Clearing physics world
00:12:12.011 [FXGL Background Thread 2 ] DEBUG FXGLApplication      - Initializing game
00:12:12.064 [FXGL Background Thread 2 ] DEBUG FXGLAssetLoaderServi - Loading from file system: file:/Users/archiecabiso/Documents/2nd%20Year%20-%20CS/2nd%20Sem/CSIT228/OOP2-Capstone/target/classes/assets/textures/background-and-platforms/bg-midnightpurple_1280_720.png
00:12:12.205 [FXGL Background Thread 2 ] DEBUG FXGLAssetLoaderServi - Loading from file system: file:/Users/archiecabiso/Documents/2nd%20Year%20-%20CS/2nd%20Sem/CSIT228/OOP2-Capstone/target/classes/assets/textures/background-and-platforms/hdlargerplatform-purple.png
00:12:12.437 [FXGL Background Thread 2 ] DEBUG FXGLAssetLoaderServi - Loading from file system: file:/Users/archiecabiso/Documents/2nd%20Year%20-%20CS/2nd%20Sem/CSIT228/OOP2-Capstone/target/classes/assets/textures/wizard/wizard.png
00:12:12.621 [FXGL Background Thread 2 ] DEBUG FXGLAssetLoaderServi - Loading from file system: file:/Users/archiecabiso/Documents/2nd%20Year%20-%20CS/2nd%20Sem/CSIT228/OOP2-Capstone/target/classes/assets/textures/mobs/gargoyle/gargoyle.png
00:12:12.645 [FXGL Background Thread 2 ] DEBUG FXGLAssetLoaderServi - Loading from file system: file:/Users/archiecabiso/Documents/2nd%20Year%20-%20CS/2nd%20Sem/CSIT228/OOP2-Capstone/target/classes/assets/textures/mobs/grimouge/grimouge.png
00:12:12.738 [FXGL Background Thread 2 ] DEBUG FXGLAssetLoaderServi - Loading from file system: file:/Users/archiecabiso/Documents/2nd%20Year%20-%20CS/2nd%20Sem/CSIT228/OOP2-Capstone/target/classes/assets/textures/mobs/vyleye/vyleye.png
00:12:12.919 [FXGL Background Thread 2 ] INFO  FXGLApplication      - Game initialization took: 0.908 sec
00:12:12.920 [JavaFX Application Thread] DEBUG Input                - Clearing active input actions
00:12:12.928 [JavaFX Application Thread] DEBUG GameApplicationServi - Removing overlay from FXGLLoadingScene and adding to GameScene
00:12:12.928 [JavaFX Application Thread] DEBUG PrimaryStageWindow   - FXGLLoadingScene -> GameScene
00:12:14.208 [JavaFX Application Thread] DEBUG AudioPlayer          - Stopping music com.almasb.fxgl.audio.Music@86f8840
00:12:14.961 [JavaFX Application Thread] DEBUG FXGLApplication      - Exiting FXGL
00:12:14.961 [JavaFX Application Thread] DEBUG LoopRunner           - Stopping loop
00:12:14.961 [JavaFX Application Thread] DEBUG SystemBundleService  - Saving FXGL system data
00:12:14.968 [JavaFX Application Thread] DEBUG FileSystemAccess     - Writing to: /Users/archiecabiso/Documents/2nd Year - CS/2nd Sem/CSIT228/OOP2-Capstone/system/fxgl.bundle
00:12:14.970 [JavaFX Application Thread] DEBUG Async                - Shutting down background threads
00:12:14.971 [JavaFX Application Thread] DEBUG PrimaryStageWindow   - Closing main window
00:12:15.747 [JavaFX Application Thread] DEBUG Logger               - Closing Logger
