21:02:32.765 [main                     ] DEBUG Logger               - Configured Logger
21:02:32.832 [main                     ] DEBUG GameApplication      - Logging settings
Title: TypeWiz - Winter Theme
Version: 0.0
Width: 1280
Height: 720
Fullscreen: false
Intro: false
Profiling: false
Single step:false
App Mode: DEVELOPER
Menu Key: ESCAPE
Stage Style: DECORATED
Scene Factory: class com.almasb.fxgl.app.scene.SceneFactory

21:02:33.887 [JavaFX Application Thread] DEBUG FXGLApplication      - Initializing FXGL
21:02:33.897 [JavaFX Application Thread] INFO  Engine               - FXGL-21.1 (27.03.2024 07.52) on MAC (J:23.0.1 FX:19)
21:02:33.898 [JavaFX Application Thread] DEBUG Engine               - JRE Vendor Name: Oracle Corporation
21:02:33.898 [JavaFX Application Thread] DEBUG Engine               - Running on OS: Mac OS X version 10.15.7
21:02:33.898 [JavaFX Application Thread] DEBUG Engine               - Architecture: x86_64
21:02:33.898 [JavaFX Application Thread] INFO  Engine               - Source code and latest versions at: https://github.com/AlmasB/FXGL
21:02:33.899 [JavaFX Application Thread] INFO  Engine               -       Ask questions and discuss at: https://github.com/AlmasB/FXGL/discussions
21:02:33.899 [JavaFX Application Thread] INFO  Engine               -              Join the FXGL chat at: https://gitter.im/AlmasB/FXGL
21:02:34.109 [JavaFX Application Thread] DEBUG PrimaryStageWindow   - Creating a JavaFX scene
21:02:34.313 [JavaFX Application Thread] DEBUG PrimaryStageWindow   - Target settings size: 1280.0 x 720.0
21:02:34.313 [JavaFX Application Thread] DEBUG PrimaryStageWindow   - Scaled scene size:    1280.0 x 720.0
21:02:34.313 [JavaFX Application Thread] DEBUG PrimaryStageWindow   - Scaled ratio: (1.0, 1.0)
21:02:34.315 [JavaFX Application Thread] DEBUG PrimaryStageWindow   - Set initial scene to FXGLStartupScene
21:02:34.323 [JavaFX Application Thread] DEBUG PrimaryStageWindow   - Opening main window
21:02:34.640 [JavaFX Application Thread] DEBUG PrimaryStageWindow   - Window border size: (0.0, 22.0)
21:02:34.640 [JavaFX Application Thread] DEBUG PrimaryStageWindow   - Scaled size: 1280.0 x 720.0
21:02:34.641 [JavaFX Application Thread] DEBUG PrimaryStageWindow   - Scaled ratio: (1.0, 1.0)
21:02:34.641 [JavaFX Application Thread] DEBUG PrimaryStageWindow   - Scene size: 1280.0 x 720.0
21:02:34.641 [JavaFX Application Thread] DEBUG PrimaryStageWindow   - Stage size: 1280.0 x 742.0
21:02:34.662 [FXGL Background Thread 1 ] DEBUG Engine               - Initializing environment variables
21:02:35.045 [FXGL Background Thread 1 ] DEBUG FXGLAssetLoaderServi - User app class for loading assets: class com.oop2.typewiz.GameplayComponents.Game
21:02:35.045 [FXGL Background Thread 1 ] DEBUG GameApplicationServi - Applying CSS: fxgl_dark.css
21:02:35.047 [FXGL Background Thread 1 ] DEBUG FXGLAssetLoaderServi - Loading from file system: jar:file:///Users/archiecabiso/.m2/repository/com/github/almasb/fxgl/21.1/fxgl-21.1.jar!/fxglassets/ui/css/fxgl_dark.css
21:02:35.280 [FXGL Background Thread 1 ] DEBUG GameApplicationServi - Initializing application scenes
21:02:36.534 [FXGL Background Thread 1 ] DEBUG GameWorld            - Game world initialized
21:02:36.661 [FXGL Background Thread 1 ] DEBUG PhysicsWorld         - Physics world initialized: appHeight=720, physics.ppm=50.0
21:02:36.661 [FXGL Background Thread 1 ] DEBUG PhysicsWorld         - Using strategy: BRUTE_FORCE
21:02:36.669 [FXGL Background Thread 1 ] DEBUG GameScene            - Game scene initialized: 1280x720
21:02:36.669 [FXGL Background Thread 1 ] DEBUG GameApplicationServi - Application scenes initialized
21:02:36.713 [FXGL Background Thread 1 ] DEBUG SystemBundleService  - Loading FXGL system data
21:02:36.729 [FXGL Background Thread 1 ] DEBUG FileSystemAccess     - Reading from: /Users/archiecabiso/Documents/2nd Year - CS/2nd Sem/CSIT228/OOP2-Capstone/system/fxgl.bundle
21:02:36.748 [FXGL Background Thread 1 ] DEBUG SystemBundleService  - Bundle FXGL: {}
21:02:36.749 [FXGL Background Thread 1 ] DEBUG UpdaterService       - Checking for updates
21:02:36.758 [FXGL Background Thread 4 ] DEBUG FXGLApplication      - Loading fonts
21:02:36.758 [FXGL Background Thread 4 ] DEBUG FXGLAssetLoaderServi - Loading from file system: jar:file:///Users/archiecabiso/.m2/repository/com/github/almasb/fxgl/21.1/fxgl-21.1.jar!/fxglassets/ui/fonts/VarelaRound-Regular.ttf
21:02:36.762 [FXGL Background Thread 1 ] DEBUG FXGLApplication      - Loading default localization
21:02:36.762 [FXGL Background Thread 1 ] DEBUG FXGLAssetLoaderServi - Loading from file system: jar:file:///Users/archiecabiso/.m2/repository/com/github/almasb/fxgl/21.1/fxgl-21.1.jar!/fxglassets/languages/english.lang
21:02:36.786 [FXGL Background Thread 4 ] DEBUG FXGLAssetLoaderServi - Loading from file system: jar:file:///Users/archiecabiso/.m2/repository/com/github/almasb/fxgl/21.1/fxgl-21.1.jar!/fxglassets/ui/fonts/Abel-Regular.ttf
21:02:36.790 [FXGL Background Thread 4 ] DEBUG FXGLAssetLoaderServi - Loading from file system: jar:file:///Users/archiecabiso/.m2/repository/com/github/almasb/fxgl/21.1/fxgl-21.1.jar!/fxglassets/ui/fonts/TerminalLandMono-Regular.otf
21:02:36.796 [FXGL Background Thread 4 ] DEBUG FXGLAssetLoaderServi - Loading from file system: jar:file:///Users/archiecabiso/.m2/repository/com/github/almasb/fxgl/21.1/fxgl-21.1.jar!/fxglassets/ui/fonts/Courier-Prime.ttf
21:02:36.806 [JavaFX Application Thread] DEBUG FXGLApplication      - Registering font factories with UI factory
21:02:36.821 [FXGL Background Thread 1 ] INFO  FXGLApplication      - FXGL initialization took: 2.159 sec
21:02:36.823 [JavaFX Application Thread] DEBUG FXGLAssetLoaderServi - Loading from file system: jar:file:///Users/archiecabiso/.m2/repository/com/github/almasb/fxgl/21.1/fxgl-21.1.jar!/fxglassets/textures/fxgl_icon.png
21:02:36.910 [JavaFX Application Thread] DEBUG FXGLAssetLoaderServi - Loading from file system: jar:file:///Users/archiecabiso/.m2/repository/com/github/almasb/fxgl/21.1/fxgl-21.1.jar!/fxglassets/textures/fxgl_default_cursor.png
21:02:36.929 [JavaFX Application Thread] DEBUG Input                - Registered new binding: Screenshot - CTRL+8
21:02:36.930 [JavaFX Application Thread] DEBUG Input                - Registered new binding: System info dump - CTRL+9
21:02:36.930 [JavaFX Application Thread] DEBUG Input                - Registered new binding: Restart - CTRL+R
21:02:36.931 [JavaFX Application Thread] DEBUG Input                - Registered new binding: Toggle Debug Camera - CTRL+7
21:02:36.935 [JavaFX Application Thread] DEBUG LoopRunner           - Starting loop
21:02:36.935 [JavaFX Application Thread] DEBUG LoopRunner           - Initializing JavaFX AnimationTimerLoop
21:02:36.938 [JavaFX Application Thread] DEBUG GameApplicationServi - Starting new game
21:02:36.938 [JavaFX Application Thread] DEBUG Input                - Clearing active input actions
21:02:36.971 [JavaFX Application Thread] DEBUG GameApplicationServi - Removing overlay from FXGLStartupScene and adding to FXGLLoadingScene
21:02:36.973 [JavaFX Application Thread] DEBUG PrimaryStageWindow   - FXGLStartupScene -> FXGLLoadingScene
21:02:36.973 [JavaFX Application Thread] DEBUG GameApplicationServi - Clearing previous game
21:02:36.973 [JavaFX Application Thread] DEBUG GameScene            - Clearing game scene
21:02:36.973 [JavaFX Application Thread] DEBUG GameWorld            - Clearing game world
21:02:36.973 [JavaFX Application Thread] DEBUG PhysicsWorld         - Clearing physics world
21:02:36.976 [FXGL Background Thread 1 ] DEBUG FXGLApplication      - Initializing game
21:02:36.979 [FXGL Background Thread 1 ] DEBUG FXGLAssetLoaderServi - Loading from file system: file:/Users/archiecabiso/Documents/2nd%20Year%20-%20CS/2nd%20Sem/CSIT228/OOP2-Capstone/target/classes/assets/textures/background-and-platforms/bg-winter_1280_720.png
21:02:37.236 [FXGL Background Thread 1 ] DEBUG FXGLAssetLoaderServi - Loading from file system: file:/Users/archiecabiso/Documents/2nd%20Year%20-%20CS/2nd%20Sem/CSIT228/OOP2-Capstone/target/classes/assets/textures/background-and-platforms/hdlargerplatform-winter.png
21:02:37.816 [FXGL Background Thread 1 ] DEBUG FXGLAssetLoaderServi - Loading from file system: file:/Users/archiecabiso/Documents/2nd%20Year%20-%20CS/2nd%20Sem/CSIT228/OOP2-Capstone/target/classes/assets/textures/wizard/wizard.png
21:02:39.452 [FXGL Background Thread 1 ] WARN  GameWorld            - Attempted to remove entity which is not active
21:02:39.459 [FXGL Background Thread 1 ] WARN  GameWorld            - Attempted to remove entity which is not active
21:02:39.464 [FXGL Background Thread 1 ] WARN  GameWorld            - Attempted to remove entity which is not active
21:02:39.466 [FXGL Background Thread 1 ] WARN  GameWorld            - Attempted to remove entity which is not active
21:02:39.504 [FXGL Background Thread 1 ] WARN  GameWorld            - Attempted to remove entity which is not active
21:02:39.513 [FXGL Background Thread 1 ] WARN  GameWorld            - Attempted to remove entity which is not active
21:02:39.514 [FXGL Background Thread 1 ] WARN  GameWorld            - Attempted to remove entity which is not active
21:02:39.516 [FXGL Background Thread 1 ] WARN  GameWorld            - Attempted to remove entity which is not active
21:02:39.537 [FXGL Background Thread 1 ] WARN  GameWorld            - Attempted to remove entity which is not active
21:02:39.545 [FXGL Background Thread 1 ] WARN  GameWorld            - Attempted to remove entity which is not active
21:02:39.573 [FXGL Background Thread 1 ] DEBUG FXGLAssetLoaderServi - Loading from file system: file:/Users/archiecabiso/Documents/2nd%20Year%20-%20CS/2nd%20Sem/CSIT228/OOP2-Capstone/target/classes/assets/textures/mobs/gargoyle/gargoyle.png
21:02:39.756 [FXGL Background Thread 3 ] DEBUG Engine               - Logging environment variables
21:02:39.757 [FXGL Background Thread 3 ] DEBUG Engine               - achievements: []
21:02:39.757 [FXGL Background Thread 3 ] DEBUG Engine               - actualHeight: 720.0
21:02:39.757 [FXGL Background Thread 3 ] DEBUG Engine               - actualHeightProperty: ReadOnlyDoubleProperty [value: 720.0]
21:02:39.757 [FXGL Background Thread 3 ] DEBUG Engine               - actualWidth: 1280.0
21:02:39.757 [FXGL Background Thread 3 ] DEBUG Engine               - actualWidthProperty: ReadOnlyDoubleProperty [value: 1280.0]
21:02:39.758 [FXGL Background Thread 3 ] DEBUG Engine               - appIcon: fxgl_icon.png
21:02:39.758 [FXGL Background Thread 3 ] DEBUG Engine               - applicationMode: DEVELOPER
21:02:39.758 [FXGL Background Thread 3 ] DEBUG Engine               - cSSList: [fxgl_dark.css]
21:02:39.758 [FXGL Background Thread 3 ] DEBUG Engine               - collisionDetectionStrategy: BRUTE_FORCE
21:02:39.758 [FXGL Background Thread 3 ] DEBUG Engine               - configClass: Optional.empty
21:02:39.758 [FXGL Background Thread 3 ] DEBUG Engine               - credits: []
21:02:39.763 [FXGL Background Thread 3 ] DEBUG Engine               - defaultCursor: CursorInfo(imageName=fxgl_default_cursor.png, hotspotX=7.0, hotspotY=6.0)
21:02:39.764 [FXGL Background Thread 3 ] DEBUG Engine               - devBBoxColorProperty: ObjectProperty [value: 0xff0000ff]
21:02:39.764 [FXGL Background Thread 3 ] DEBUG Engine               - devEnableDebugCameraProperty: BooleanProperty [value: false]
21:02:39.764 [FXGL Background Thread 3 ] DEBUG Engine               - devSensorColorProperty: ObjectProperty [value: 0xffff00ff]
21:02:39.764 [FXGL Background Thread 3 ] DEBUG Engine               - devShowBBoxProperty: BooleanProperty [value: false]
21:02:39.764 [FXGL Background Thread 3 ] DEBUG Engine               - devShowPositionProperty: BooleanProperty [value: false]
21:02:39.764 [FXGL Background Thread 3 ] DEBUG Engine               - enabledMenuItems: []
21:02:39.765 [FXGL Background Thread 3 ] DEBUG Engine               - engineServices: [class com.almasb.fxgl.app.services.FXGLAssetLoaderService, class com.almasb.fxgl.app.FXGLApplication$GameApplicationService, class com.almasb.fxgl.app.services.FXGLDialogService, class com.almasb.fxgl.app.services.IOTaskExecutorService, class com.almasb.fxgl.io.FileSystemService, class com.almasb.fxgl.localization.LocalizationService, class com.almasb.fxgl.app.services.SystemBundleService, class com.almasb.fxgl.profile.SaveLoadService, class com.almasb.fxgl.ui.FXGLUIFactoryServiceProvider, class com.almasb.fxgl.ui.FXGLDialogFactoryServiceProvider, class com.almasb.fxgl.audio.AudioPlayer, class com.almasb.fxgl.notification.impl.NotificationServiceProvider, class com.almasb.fxgl.achievement.AchievementService, class com.almasb.fxgl.cutscene.CutsceneService, class com.almasb.fxgl.minigames.MiniGameService, class com.almasb.fxgl.net.NetService, class com.almasb.fxgl.app.services.UpdaterService, class com.almasb.fxgl.dev.DevService]
21:02:39.765 [FXGL Background Thread 3 ] DEBUG Engine               - fontGame: Abel-Regular.ttf
21:02:39.765 [FXGL Background Thread 3 ] DEBUG Engine               - fontMono: TerminalLandMono-Regular.otf
21:02:39.765 [FXGL Background Thread 3 ] DEBUG Engine               - fontSizeScaleUI: 1.0
21:02:39.765 [FXGL Background Thread 3 ] DEBUG Engine               - fontText: Courier-Prime.ttf
21:02:39.765 [FXGL Background Thread 3 ] DEBUG Engine               - fontUI: VarelaRound-Regular.ttf
21:02:39.765 [FXGL Background Thread 3 ] DEBUG Engine               - fullScreen: BooleanProperty [value: false]
21:02:39.765 [FXGL Background Thread 3 ] DEBUG Engine               - gameDifficulty: MEDIUM
21:02:39.765 [FXGL Background Thread 3 ] DEBUG Engine               - gameDifficultyProperty: ObjectProperty [value: MEDIUM]
21:02:39.766 [FXGL Background Thread 3 ] DEBUG Engine               - globalMusicVolume: 0.5
21:02:39.766 [FXGL Background Thread 3 ] DEBUG Engine               - globalMusicVolumeProperty: DoubleProperty [value: 0.5]
21:02:39.766 [FXGL Background Thread 3 ] DEBUG Engine               - globalSoundVolume: 0.5
21:02:39.766 [FXGL Background Thread 3 ] DEBUG Engine               - globalSoundVolumeProperty: DoubleProperty [value: 0.5]
21:02:39.766 [FXGL Background Thread 3 ] DEBUG Engine               - height: 720
21:02:39.767 [FXGL Background Thread 3 ] DEBUG Engine               - is3D: false
21:02:39.768 [FXGL Background Thread 3 ] DEBUG Engine               - isAndroid: false
21:02:39.768 [FXGL Background Thread 3 ] DEBUG Engine               - isBrowser: false
21:02:39.769 [FXGL Background Thread 3 ] DEBUG Engine               - isClickFeedbackEnabled: false
21:02:39.770 [FXGL Background Thread 3 ] DEBUG Engine               - isCloseConfirmation: false
21:02:39.771 [FXGL Background Thread 3 ] DEBUG Engine               - isDesktop: true
21:02:39.771 [FXGL Background Thread 3 ] DEBUG Engine               - isDeveloperMenuEnabled: false
21:02:39.772 [FXGL Background Thread 3 ] DEBUG Engine               - isEmbedded: false
21:02:39.773 [FXGL Background Thread 3 ] DEBUG Engine               - isEntityPreloadEnabled: true
21:02:39.773 [FXGL Background Thread 3 ] DEBUG Engine               - isExperimentalTiledLargeMap: false
21:02:39.774 [FXGL Background Thread 3 ] DEBUG Engine               - isFileSystemWriteAllowed: true
21:02:39.774 [FXGL Background Thread 3 ] DEBUG Engine               - isFullScreenAllowed: false
21:02:39.774 [FXGL Background Thread 3 ] DEBUG Engine               - isFullScreenFromStart: false
21:02:39.774 [FXGL Background Thread 3 ] DEBUG Engine               - isGameMenuEnabled: false
21:02:39.774 [FXGL Background Thread 3 ] DEBUG Engine               - isIOS: false
21:02:39.774 [FXGL Background Thread 3 ] DEBUG Engine               - isIntroEnabled: false
21:02:39.774 [FXGL Background Thread 3 ] DEBUG Engine               - isLinux: false
21:02:39.775 [FXGL Background Thread 3 ] DEBUG Engine               - isMac: true
21:02:39.775 [FXGL Background Thread 3 ] DEBUG Engine               - isMainMenuEnabled: false
21:02:39.775 [FXGL Background Thread 3 ] DEBUG Engine               - isManualResizeEnabled: false
21:02:39.775 [FXGL Background Thread 3 ] DEBUG Engine               - isMobile: false
21:02:39.776 [FXGL Background Thread 3 ] DEBUG Engine               - isNative: false
21:02:39.776 [FXGL Background Thread 3 ] DEBUG Engine               - isPauseMusicWhenMinimized: true
21:02:39.777 [FXGL Background Thread 3 ] DEBUG Engine               - isPreserveResizeRatio: true
21:02:39.777 [FXGL Background Thread 3 ] DEBUG Engine               - isProfilingEnabled: false
21:02:39.778 [FXGL Background Thread 3 ] DEBUG Engine               - isScaleAffectedOnResize: true
21:02:39.779 [FXGL Background Thread 3 ] DEBUG Engine               - isSingleStep: false
21:02:39.779 [FXGL Background Thread 3 ] DEBUG Engine               - isUserProfileEnabled: false
21:02:39.779 [FXGL Background Thread 3 ] DEBUG Engine               - isWindows: false
21:02:39.780 [FXGL Background Thread 3 ] DEBUG Engine               - language: ObjectProperty [value: ENGLISH]
21:02:39.780 [FXGL Background Thread 3 ] DEBUG Engine               - menuKey: ESCAPE
21:02:39.780 [FXGL Background Thread 3 ] DEBUG Engine               - mouseSensitivity: 0.2
21:02:39.780 [FXGL Background Thread 3 ] DEBUG Engine               - notificationViewClass: class com.almasb.fxgl.notification.view.XboxNotificationView
21:02:39.780 [FXGL Background Thread 3 ] DEBUG Engine               - pixelsPerMeter: 50.0
21:02:39.781 [FXGL Background Thread 3 ] DEBUG Engine               - platform: MAC
21:02:39.781 [FXGL Background Thread 3 ] DEBUG Engine               - prefHeightProperty: ReadOnlyDoubleProperty [value: 720.0]
21:02:39.781 [FXGL Background Thread 3 ] DEBUG Engine               - prefWidthProperty: ReadOnlyDoubleProperty [value: 1280.0]
21:02:39.781 [FXGL Background Thread 3 ] DEBUG Engine               - profileDir: profiles/
21:02:39.781 [FXGL Background Thread 3 ] DEBUG Engine               - profileName: StringProperty [value: DEFAULT]
21:02:39.781 [FXGL Background Thread 3 ] DEBUG Engine               - randomSeed: -1
21:02:39.782 [FXGL Background Thread 3 ] DEBUG Engine               - runtimeInfo: RuntimeInfo(platform=MAC, version=21.1, build=27.03.2024 07.52)
21:02:39.782 [FXGL Background Thread 3 ] DEBUG Engine               - saveFileExt: sav
21:02:39.782 [FXGL Background Thread 3 ] DEBUG Engine               - scaledHeightProp$fxgl: DoubleProperty [bound, value: 720.0]
21:02:39.782 [FXGL Background Thread 3 ] DEBUG Engine               - scaledWidthProp$fxgl: DoubleProperty [bound, value: 1280.0]
21:02:39.782 [FXGL Background Thread 3 ] DEBUG Engine               - sceneFactory: com.almasb.fxgl.app.scene.SceneFactory@6f563292
21:02:39.782 [FXGL Background Thread 3 ] DEBUG Engine               - secondsIn24h: 60
21:02:39.782 [FXGL Background Thread 3 ] DEBUG Engine               - soundMenuBack: menu/back.wav
21:02:39.783 [FXGL Background Thread 3 ] DEBUG Engine               - soundMenuPress: menu/press.wav
21:02:39.783 [FXGL Background Thread 3 ] DEBUG Engine               - soundMenuSelect: menu/select.wav
21:02:39.783 [FXGL Background Thread 3 ] DEBUG Engine               - soundNotification: core/notification.wav
21:02:39.784 [FXGL Background Thread 3 ] DEBUG Engine               - stageStyle: DECORATED
21:02:39.785 [FXGL Background Thread 3 ] DEBUG Engine               - supportedLanguages: [ENGLISH, FRENCH, GERMAN, HUNGARIAN, RUSSIAN]
21:02:39.786 [FXGL Background Thread 3 ] DEBUG Engine               - ticksPerSecond: -1
21:02:39.787 [FXGL Background Thread 3 ] DEBUG Engine               - title: TypeWiz - Winter Theme
21:02:39.788 [FXGL Background Thread 3 ] DEBUG Engine               - urlGithub: https://github.com/AlmasB/FXGL
21:02:39.789 [FXGL Background Thread 3 ] DEBUG Engine               - urlLeaderboard: http://fxgl-top.herokuapp.com/
21:02:39.789 [FXGL Background Thread 3 ] DEBUG Engine               - urlPOM: https://raw.githubusercontent.com/AlmasB/FXGL/release/README.md
21:02:39.790 [FXGL Background Thread 3 ] DEBUG Engine               - userAppClass: class com.oop2.typewiz.GameplayComponents.Game
21:02:39.790 [FXGL Background Thread 3 ] DEBUG Engine               - version: 0.0
21:02:39.790 [FXGL Background Thread 3 ] DEBUG Engine               - versionCheckDays: 7
21:02:39.790 [FXGL Background Thread 3 ] DEBUG Engine               - width: 1280
21:02:39.790 [FXGL Background Thread 3 ] DEBUG Engine               - Logging services
21:02:39.790 [FXGL Background Thread 3 ] DEBUG Engine               - class com.almasb.fxgl.app.services.FXGLAssetLoaderService
21:02:39.791 [FXGL Background Thread 3 ] DEBUG Engine               - class com.almasb.fxgl.app.FXGLApplication$GameApplicationService
21:02:39.791 [FXGL Background Thread 3 ] DEBUG Engine               - class com.almasb.fxgl.app.services.FXGLDialogService
21:02:39.791 [FXGL Background Thread 3 ] DEBUG Engine               - class com.almasb.fxgl.app.services.IOTaskExecutorService
21:02:39.791 [FXGL Background Thread 3 ] DEBUG Engine               - class com.almasb.fxgl.io.FileSystemService
21:02:39.791 [FXGL Background Thread 3 ] DEBUG Engine               - class com.almasb.fxgl.localization.LocalizationService
21:02:39.791 [FXGL Background Thread 3 ] DEBUG Engine               - class com.almasb.fxgl.app.services.SystemBundleService
21:02:39.791 [FXGL Background Thread 3 ] DEBUG Engine               - class com.almasb.fxgl.profile.SaveLoadService
21:02:39.792 [FXGL Background Thread 3 ] DEBUG Engine               - class com.almasb.fxgl.ui.FXGLUIFactoryServiceProvider
21:02:39.792 [FXGL Background Thread 3 ] DEBUG Engine               - class com.almasb.fxgl.ui.FXGLDialogFactoryServiceProvider
21:02:39.792 [FXGL Background Thread 3 ] DEBUG Engine               - class com.almasb.fxgl.audio.AudioPlayer
21:02:39.792 [FXGL Background Thread 3 ] DEBUG Engine               - class com.almasb.fxgl.notification.impl.NotificationServiceProvider
21:02:39.792 [FXGL Background Thread 3 ] DEBUG Engine               - class com.almasb.fxgl.achievement.AchievementService
21:02:39.792 [FXGL Background Thread 3 ] DEBUG Engine               - class com.almasb.fxgl.cutscene.CutsceneService
21:02:39.792 [FXGL Background Thread 3 ] DEBUG Engine               - class com.almasb.fxgl.minigames.MiniGameService
21:02:39.793 [FXGL Background Thread 3 ] DEBUG Engine               - class com.almasb.fxgl.net.NetService
21:02:39.793 [FXGL Background Thread 3 ] DEBUG Engine               - class com.almasb.fxgl.app.services.UpdaterService
21:02:39.793 [FXGL Background Thread 3 ] DEBUG Engine               - class com.almasb.fxgl.dev.DevService
21:02:39.854 [FXGL Background Thread 1 ] INFO  FXGLApplication      - Game initialization took: 2.878 sec
21:02:39.858 [JavaFX Application Thread] DEBUG Input                - Clearing active input actions
21:02:39.875 [JavaFX Application Thread] DEBUG GameApplicationServi - Removing overlay from FXGLLoadingScene and adding to GameScene
21:02:39.876 [JavaFX Application Thread] DEBUG PrimaryStageWindow   - FXGLLoadingScene -> GameScene
21:04:12.790 [JavaFX Application Thread] DEBUG LoopRunner           - Stopping loop
21:04:12.798 [JavaFX Application Thread] FATAL FXGLApplication      - Uncaught Exception:
java.lang.StringIndexOutOfBoundsException: Index 0 out of bounds for length 0
	at java.base/jdk.internal.util.Preconditions$1.apply(Preconditions.java:55)
	at java.base/jdk.internal.util.Preconditions$1.apply(Preconditions.java:52)
	at java.base/jdk.internal.util.Preconditions$4.apply(Preconditions.java:213)
	at java.base/jdk.internal.util.Preconditions$4.apply(Preconditions.java:210)
	at java.base/jdk.internal.util.Preconditions.outOfBounds(Preconditions.java:98)
	at java.base/jdk.internal.util.Preconditions.outOfBoundsCheckIndex(Preconditions.java:106)
	at java.base/jdk.internal.util.Preconditions.checkIndex(Preconditions.java:302)
	at java.base/java.lang.String.checkIndex(String.java:4930)
	at java.base/java.lang.StringLatin1.charAt(StringLatin1.java:46)
	at java.base/java.lang.String.charAt(String.java:1629)
	at TypeWiz/com.oop2.typewiz.GameplayComponents.Game.lambda$setupInput$2(Game.java:1030)
	at com.almasb.fxgl.core@21.1/com.almasb.fxgl.input.Input.fire(Input.kt:259)
	at com.almasb.fxgl.core@21.1/com.almasb.fxgl.input.Input.fireEventViaHandlers(Input.kt:241)
	at com.almasb.fxgl.all@21.1/com.almasb.fxgl.app.PrimaryStageWindow$4$1.invoke(MainWindow.kt:330)
	at com.almasb.fxgl.all@21.1/com.almasb.fxgl.app.PrimaryStageWindow$4$1.invoke(MainWindow.kt:330)
	at com.almasb.fxgl.core@21.1/com.almasb.fxgl.core.fsm.StateMachine.runOnActiveStates(StateMachine.kt:69)
	at com.almasb.fxgl.all@21.1/com.almasb.fxgl.app.PrimaryStageWindow$4.invoke(MainWindow.kt:330)
	at com.almasb.fxgl.all@21.1/com.almasb.fxgl.app.PrimaryStageWindow$4.invoke(MainWindow.kt:323)
	at com.almasb.fxgl.all@21.1/com.almasb.fxgl.app.MainWindow.addGlobalHandler$lambda$4(MainWindow.kt:251)
	at javafx.base@19/com.sun.javafx.event.CompositeEventHandler$NormalEventHandlerRecord.handleBubblingEvent(CompositeEventHandler.java:247)
	at javafx.base@19/com.sun.javafx.event.CompositeEventHandler.dispatchBubblingEvent(CompositeEventHandler.java:80)
	at javafx.base@19/com.sun.javafx.event.EventHandlerManager.dispatchBubblingEvent(EventHandlerManager.java:234)
	at javafx.base@19/com.sun.javafx.event.EventHandlerManager.dispatchBubblingEvent(EventHandlerManager.java:191)
	at javafx.base@19/com.sun.javafx.event.CompositeEventDispatcher.dispatchBubblingEvent(CompositeEventDispatcher.java:59)
	at javafx.base@19/com.sun.javafx.event.BasicEventDispatcher.dispatchEvent(BasicEventDispatcher.java:58)
	at javafx.base@19/com.sun.javafx.event.EventDispatchChainImpl.dispatchEvent(EventDispatchChainImpl.java:114)
	at javafx.base@19/com.sun.javafx.event.BasicEventDispatcher.dispatchEvent(BasicEventDispatcher.java:56)
	at javafx.base@19/com.sun.javafx.event.EventDispatchChainImpl.dispatchEvent(EventDispatchChainImpl.java:114)
	at javafx.base@19/com.sun.javafx.event.EventUtil.fireEventImpl(EventUtil.java:74)
	at javafx.base@19/com.sun.javafx.event.EventUtil.fireEvent(EventUtil.java:54)
	at javafx.base@19/javafx.event.Event.fireEvent(Event.java:198)
	at javafx.graphics@19/javafx.scene.Scene$KeyHandler.process(Scene.java:4113)
	at javafx.graphics@19/javafx.scene.Scene.processKeyEvent(Scene.java:2159)
	at javafx.graphics@19/javafx.scene.Scene$ScenePeerListener.keyEvent(Scene.java:2627)
	at javafx.graphics@19/com.sun.javafx.tk.quantum.GlassViewEventHandler$KeyEventNotification.run(GlassViewEventHandler.java:218)
	at javafx.graphics@19/com.sun.javafx.tk.quantum.GlassViewEventHandler$KeyEventNotification.run(GlassViewEventHandler.java:150)
	at java.base/java.security.AccessController.doPrivileged(AccessController.java:400)
	at javafx.graphics@19/com.sun.javafx.tk.quantum.GlassViewEventHandler.lambda$handleKeyEvent$1(GlassViewEventHandler.java:250)
	at javafx.graphics@19/com.sun.javafx.tk.quantum.QuantumToolkit.runWithoutRenderLock(QuantumToolkit.java:424)
	at javafx.graphics@19/com.sun.javafx.tk.quantum.GlassViewEventHandler.handleKeyEvent(GlassViewEventHandler.java:249)
	at javafx.graphics@19/com.sun.glass.ui.View.handleKeyEvent(View.java:542)
	at javafx.graphics@19/com.sun.glass.ui.View.notifyKey(View.java:966)

21:04:12.799 [JavaFX Application Thread] FATAL FXGLApplication      - Application will now exit
21:04:12.849 [JavaFX Application Thread] DEBUG PrimaryStageWindow   - Push state: ErrorSubScene
21:04:12.851 [JavaFX Application Thread] DEBUG Input                - Clearing active input actions
21:04:12.859 [JavaFX Application Thread] DEBUG GameApplicationServi - Removing overlay from GameScene and adding to ErrorSubScene
21:04:12.859 [JavaFX Application Thread] DEBUG PrimaryStageWindow   - GameScene -> ErrorSubScene
21:04:16.760 [JavaFX Application Thread] DEBUG FXGLApplication      - Exiting FXGL
21:04:16.761 [JavaFX Application Thread] DEBUG Async                - Shutting down background threads
21:04:16.761 [JavaFX Application Thread] DEBUG PrimaryStageWindow   - Closing main window
21:04:16.767 [JavaFX Application Thread] DEBUG Logger               - Closing Logger
