20:33:41.169 [main                     ] DEBUG Logger               - Configured Logger
20:33:41.194 [main                     ] DEBUG GameApplication      - Logging settings
Title: TypeWiz - Winter Theme
Version: 0.0
Width: 1280
Height: 720
Fullscreen: false
Intro: false
Profiling: false
Single step:false
App Mode: DEVELOPER
Menu Key: ESCAPE
Stage Style: DECORATED
Scene Factory: class com.almasb.fxgl.app.scene.SceneFactory

20:33:41.454 [JavaFX Application Thread] DEBUG FXGLApplication      - Initializing FXGL
20:33:41.456 [JavaFX Application Thread] INFO  Engine               - FXGL-21.1 (27.03.2024 07.52) on WINDOWS (J:21.0.3 FX:19)
20:33:41.457 [JavaFX Application Thread] DEBUG Engine               - JRE Vendor Name: Oracle Corporation
20:33:41.457 [JavaFX Application Thread] DEBUG Engine               - Running on OS: Windows 11 version 10.0
20:33:41.457 [JavaFX Application Thread] DEBUG Engine               - Architecture: amd64
20:33:41.457 [JavaFX Application Thread] INFO  Engine               - Source code and latest versions at: https://github.com/AlmasB/FXGL
20:33:41.457 [JavaFX Application Thread] INFO  Engine               -       Ask questions and discuss at: https://github.com/AlmasB/FXGL/discussions
20:33:41.458 [JavaFX Application Thread] INFO  Engine               -              Join the FXGL chat at: https://gitter.im/AlmasB/FXGL
20:33:41.520 [JavaFX Application Thread] DEBUG PrimaryStageWindow   - Creating a JavaFX scene
20:33:41.556 [JavaFX Application Thread] DEBUG PrimaryStageWindow   - Target settings size: 1280.0 x 720.0
20:33:41.556 [JavaFX Application Thread] DEBUG PrimaryStageWindow   - Scaled scene size:    1280.0 x 720.0
20:33:41.556 [JavaFX Application Thread] DEBUG PrimaryStageWindow   - Scaled ratio: (1.0, 1.0)
20:33:41.557 [JavaFX Application Thread] DEBUG PrimaryStageWindow   - Set initial scene to FXGLStartupScene
20:33:41.559 [JavaFX Application Thread] DEBUG PrimaryStageWindow   - Opening main window
20:33:41.623 [JavaFX Application Thread] DEBUG PrimaryStageWindow   - Window border size: (14.4000244140625, 37.5999755859375)
20:33:41.623 [JavaFX Application Thread] DEBUG PrimaryStageWindow   - Scaled size: 1280.0 x 720.0
20:33:41.623 [JavaFX Application Thread] DEBUG PrimaryStageWindow   - Scaled ratio: (1.0, 1.0)
20:33:41.623 [JavaFX Application Thread] DEBUG PrimaryStageWindow   - Scene size: 1280.0 x 720.0
20:33:41.623 [JavaFX Application Thread] DEBUG PrimaryStageWindow   - Stage size: 1294.4000244140625 x 757.5999755859375
20:33:41.630 [FXGL Background Thread 1 ] DEBUG Engine               - Initializing environment variables
20:33:41.674 [FXGL Background Thread 1 ] DEBUG FXGLAssetLoaderServi - User app class for loading assets: class com.oop2.typewiz.GameplayComponents.Game
20:33:41.674 [FXGL Background Thread 1 ] DEBUG GameApplicationServi - Applying CSS: fxgl_dark.css
20:33:41.675 [FXGL Background Thread 1 ] DEBUG FXGLAssetLoaderServi - Loading from file system: jar:file:///C:/Users/Ruhmer%20Jairus/.m2/repository/com/github/almasb/fxgl/21.1/fxgl-21.1.jar!/fxglassets/ui/css/fxgl_dark.css
20:33:41.737 [FXGL Background Thread 1 ] DEBUG GameApplicationServi - Initializing application scenes
20:33:41.783 [FXGL Background Thread 1 ] DEBUG GameWorld            - Game world initialized
20:33:41.862 [FXGL Background Thread 1 ] DEBUG PhysicsWorld         - Physics world initialized: appHeight=720, physics.ppm=50.0
20:33:41.863 [FXGL Background Thread 1 ] DEBUG PhysicsWorld         - Using strategy: BRUTE_FORCE
20:33:41.870 [FXGL Background Thread 1 ] DEBUG GameScene            - Game scene initialized: 1280x720
20:33:41.870 [FXGL Background Thread 1 ] DEBUG GameApplicationServi - Application scenes initialized
20:33:41.887 [FXGL Background Thread 1 ] DEBUG SystemBundleService  - Loading FXGL system data
20:33:41.890 [FXGL Background Thread 1 ] DEBUG FileSystemAccess     - Reading from: C:\Users\Ruhmer Jairus\OOP2-Capstone\system\fxgl.bundle
20:33:41.897 [FXGL Background Thread 1 ] DEBUG SystemBundleService  - Bundle FXGL: {}
20:33:41.897 [FXGL Background Thread 1 ] DEBUG UpdaterService       - Checking for updates
20:33:41.900 [FXGL Background Thread 4 ] DEBUG FXGLApplication      - Loading fonts
20:33:41.900 [FXGL Background Thread 4 ] DEBUG FXGLAssetLoaderServi - Loading from file system: jar:file:///C:/Users/Ruhmer%20Jairus/.m2/repository/com/github/almasb/fxgl/21.1/fxgl-21.1.jar!/fxglassets/ui/fonts/VarelaRound-Regular.ttf
20:33:41.900 [FXGL Background Thread 1 ] DEBUG FXGLApplication      - Loading default localization
20:33:41.901 [FXGL Background Thread 1 ] DEBUG FXGLAssetLoaderServi - Loading from file system: jar:file:///C:/Users/Ruhmer%20Jairus/.m2/repository/com/github/almasb/fxgl/21.1/fxgl-21.1.jar!/fxglassets/languages/english.lang
20:33:41.922 [FXGL Background Thread 1 ] INFO  FXGLApplication      - FXGL initialization took: 0.292 sec
20:33:41.924 [JavaFX Application Thread] DEBUG FXGLAssetLoaderServi - Loading from file system: jar:file:///C:/Users/Ruhmer%20Jairus/.m2/repository/com/github/almasb/fxgl/21.1/fxgl-21.1.jar!/fxglassets/textures/fxgl_icon.png
20:33:41.928 [FXGL Background Thread 4 ] DEBUG FXGLAssetLoaderServi - Loading from file system: jar:file:///C:/Users/Ruhmer%20Jairus/.m2/repository/com/github/almasb/fxgl/21.1/fxgl-21.1.jar!/fxglassets/ui/fonts/Abel-Regular.ttf
20:33:41.932 [FXGL Background Thread 4 ] DEBUG FXGLAssetLoaderServi - Loading from file system: jar:file:///C:/Users/Ruhmer%20Jairus/.m2/repository/com/github/almasb/fxgl/21.1/fxgl-21.1.jar!/fxglassets/ui/fonts/TerminalLandMono-Regular.otf
20:33:41.934 [FXGL Background Thread 4 ] DEBUG FXGLAssetLoaderServi - Loading from file system: jar:file:///C:/Users/Ruhmer%20Jairus/.m2/repository/com/github/almasb/fxgl/21.1/fxgl-21.1.jar!/fxglassets/ui/fonts/Courier-Prime.ttf
20:33:41.963 [JavaFX Application Thread] DEBUG FXGLAssetLoaderServi - Loading from file system: jar:file:///C:/Users/Ruhmer%20Jairus/.m2/repository/com/github/almasb/fxgl/21.1/fxgl-21.1.jar!/fxglassets/textures/fxgl_default_cursor.png
20:33:41.975 [JavaFX Application Thread] DEBUG Input                - Registered new binding: Screenshot - CTRL+8
20:33:41.975 [JavaFX Application Thread] DEBUG Input                - Registered new binding: System info dump - CTRL+9
20:33:41.975 [JavaFX Application Thread] DEBUG Input                - Registered new binding: Restart - CTRL+R
20:33:41.976 [JavaFX Application Thread] DEBUG Input                - Registered new binding: Toggle Debug Camera - CTRL+7
20:33:41.978 [JavaFX Application Thread] DEBUG LoopRunner           - Starting loop
20:33:41.978 [JavaFX Application Thread] DEBUG LoopRunner           - Initializing JavaFX AnimationTimerLoop
20:33:41.979 [JavaFX Application Thread] DEBUG GameApplicationServi - Starting new game
20:33:41.980 [JavaFX Application Thread] DEBUG Input                - Clearing active input actions
20:33:41.993 [JavaFX Application Thread] DEBUG GameApplicationServi - Removing overlay from FXGLStartupScene and adding to FXGLLoadingScene
20:33:41.993 [JavaFX Application Thread] DEBUG PrimaryStageWindow   - FXGLStartupScene -> FXGLLoadingScene
20:33:41.993 [JavaFX Application Thread] DEBUG GameApplicationServi - Clearing previous game
20:33:41.993 [JavaFX Application Thread] DEBUG GameScene            - Clearing game scene
20:33:41.993 [JavaFX Application Thread] DEBUG GameWorld            - Clearing game world
20:33:41.993 [JavaFX Application Thread] DEBUG PhysicsWorld         - Clearing physics world
20:33:41.997 [FXGL Background Thread 4 ] DEBUG FXGLApplication      - Initializing game
20:33:41.999 [JavaFX Application Thread] DEBUG FXGLApplication      - Registering font factories with UI factory
20:33:42.001 [FXGL Background Thread 4 ] DEBUG FXGLAssetLoaderServi - Loading from file system: file:/C:/Users/Ruhmer%20Jairus/OOP2-Capstone/target/classes/assets/textures/background-and-platforms/bg-winter_1280_720.png
20:33:42.043 [FXGL Background Thread 4 ] DEBUG FXGLAssetLoaderServi - Loading from file system: file:/C:/Users/Ruhmer%20Jairus/OOP2-Capstone/target/classes/assets/textures/background-and-platforms/hdlargerplatform-winter.png
20:33:42.122 [FXGL Background Thread 4 ] DEBUG FXGLAssetLoaderServi - Loading from file system: file:/C:/Users/Ruhmer%20Jairus/OOP2-Capstone/target/classes/assets/textures/wizard/wizard.png
20:33:42.236 [FXGL Background Thread 4 ] WARN  GameWorld            - Attempted to remove entity which is not active
20:33:42.237 [FXGL Background Thread 4 ] WARN  GameWorld            - Attempted to remove entity which is not active
20:33:42.238 [FXGL Background Thread 4 ] WARN  GameWorld            - Attempted to remove entity which is not active
20:33:42.238 [FXGL Background Thread 4 ] WARN  GameWorld            - Attempted to remove entity which is not active
20:33:42.239 [FXGL Background Thread 4 ] WARN  GameWorld            - Attempted to remove entity which is not active
20:33:42.239 [FXGL Background Thread 4 ] WARN  GameWorld            - Attempted to remove entity which is not active
20:33:42.240 [FXGL Background Thread 4 ] WARN  GameWorld            - Attempted to remove entity which is not active
20:33:42.241 [FXGL Background Thread 4 ] WARN  GameWorld            - Attempted to remove entity which is not active
20:33:42.241 [FXGL Background Thread 4 ] WARN  GameWorld            - Attempted to remove entity which is not active
20:33:42.243 [FXGL Background Thread 4 ] WARN  GameWorld            - Attempted to remove entity which is not active
20:33:42.250 [FXGL Background Thread 4 ] DEBUG FXGLAssetLoaderServi - Loading from file system: file:/C:/Users/Ruhmer%20Jairus/OOP2-Capstone/target/classes/assets/textures/mobs/gargoyle/gargoyle.png
20:33:42.288 [FXGL Background Thread 4 ] INFO  FXGLApplication      - Game initialization took: 0.291 sec
20:33:42.288 [JavaFX Application Thread] DEBUG Input                - Clearing active input actions
20:33:42.297 [JavaFX Application Thread] DEBUG GameApplicationServi - Removing overlay from FXGLLoadingScene and adding to GameScene
20:33:42.298 [JavaFX Application Thread] DEBUG PrimaryStageWindow   - FXGLLoadingScene -> GameScene
20:33:44.428 [JavaFX Application Thread] DEBUG FXGLApplication      - Exiting FXGL
20:33:44.428 [JavaFX Application Thread] DEBUG LoopRunner           - Stopping loop
20:33:44.428 [JavaFX Application Thread] DEBUG SystemBundleService  - Saving FXGL system data
20:33:44.432 [JavaFX Application Thread] DEBUG FileSystemAccess     - Writing to: C:\Users\Ruhmer Jairus\OOP2-Capstone\system\fxgl.bundle
20:33:44.434 [JavaFX Application Thread] DEBUG Async                - Shutting down background threads
20:33:44.434 [JavaFX Application Thread] DEBUG PrimaryStageWindow   - Closing main window
20:33:44.446 [JavaFX Application Thread] DEBUG Logger               - Closing Logger
