13:01:32.654 [main                     ] DEBUG Logger               - Configured Logger
13:01:32.681 [main                     ] DEBUG GameApplication      - Logging settings
Title: TypeWiz - Winter Theme
Version: 0.0
Width: 1280
Height: 720
Fullscreen: false
Intro: false
Profiling: false
Single step:false
App Mode: DEVELOPER
Menu Key: ESCAPE
Stage Style: DECORATED
Scene Factory: class com.almasb.fxgl.app.scene.SceneFactory

13:01:32.948 [JavaFX Application Thread] DEBUG FXGLApplication      - Initializing FXGL
13:01:32.952 [JavaFX Application Thread] INFO  Engine               - FXGL-21.1 (27.03.2024 07.52) on WINDOWS (J:21.0.3 FX:19)
13:01:32.953 [JavaFX Application Thread] DEBUG Engine               - JRE Vendor Name: Oracle Corporation
13:01:32.954 [JavaFX Application Thread] DEBUG Engine               - Running on OS: Windows 11 version 10.0
13:01:32.954 [JavaFX Application Thread] DEBUG Engine               - Architecture: amd64
13:01:32.954 [JavaFX Application Thread] INFO  Engine               - Source code and latest versions at: https://github.com/AlmasB/FXGL
13:01:32.954 [JavaFX Application Thread] INFO  Engine               -       Ask questions and discuss at: https://github.com/AlmasB/FXGL/discussions
13:01:32.954 [JavaFX Application Thread] INFO  Engine               -              Join the FXGL chat at: https://gitter.im/AlmasB/FXGL
13:01:33.043 [JavaFX Application Thread] DEBUG PrimaryStageWindow   - Creating a JavaFX scene
13:01:33.086 [JavaFX Application Thread] DEBUG PrimaryStageWindow   - Target settings size: 1280.0 x 720.0
13:01:33.087 [JavaFX Application Thread] DEBUG PrimaryStageWindow   - Scaled scene size:    1280.0 x 720.0
13:01:33.087 [JavaFX Application Thread] DEBUG PrimaryStageWindow   - Scaled ratio: (1.0, 1.0)
13:01:33.088 [JavaFX Application Thread] DEBUG PrimaryStageWindow   - Set initial scene to FXGLStartupScene
13:01:33.090 [JavaFX Application Thread] DEBUG PrimaryStageWindow   - Opening main window
13:01:33.157 [JavaFX Application Thread] DEBUG PrimaryStageWindow   - Window border size: (14.4000244140625, 37.5999755859375)
13:01:33.158 [JavaFX Application Thread] DEBUG PrimaryStageWindow   - Scaled size: 1280.0 x 720.0
13:01:33.158 [JavaFX Application Thread] DEBUG PrimaryStageWindow   - Scaled ratio: (1.0, 1.0)
13:01:33.158 [JavaFX Application Thread] DEBUG PrimaryStageWindow   - Scene size: 1280.0 x 720.0
13:01:33.158 [JavaFX Application Thread] DEBUG PrimaryStageWindow   - Stage size: 1294.4000244140625 x 757.5999755859375
13:01:33.165 [FXGL Background Thread 1 ] DEBUG Engine               - Initializing environment variables
13:01:33.211 [FXGL Background Thread 1 ] DEBUG FXGLAssetLoaderServi - User app class for loading assets: class com.oop2.typewiz.GameplayComponents.Game
13:01:33.211 [FXGL Background Thread 1 ] DEBUG GameApplicationServi - Applying CSS: fxgl_dark.css
13:01:33.212 [FXGL Background Thread 1 ] DEBUG FXGLAssetLoaderServi - Loading from file system: jar:file:///C:/Users/Ruhmer%20Jairus/.m2/repository/com/github/almasb/fxgl/21.1/fxgl-21.1.jar!/fxglassets/ui/css/fxgl_dark.css
13:01:33.261 [FXGL Background Thread 1 ] DEBUG GameApplicationServi - Initializing application scenes
13:01:33.311 [FXGL Background Thread 1 ] DEBUG GameWorld            - Game world initialized
13:01:33.368 [FXGL Background Thread 1 ] DEBUG PhysicsWorld         - Physics world initialized: appHeight=720, physics.ppm=50.0
13:01:33.368 [FXGL Background Thread 1 ] DEBUG PhysicsWorld         - Using strategy: BRUTE_FORCE
13:01:33.371 [FXGL Background Thread 1 ] DEBUG GameScene            - Game scene initialized: 1280x720
13:01:33.371 [FXGL Background Thread 1 ] DEBUG GameApplicationServi - Application scenes initialized
13:01:33.384 [FXGL Background Thread 1 ] DEBUG SystemBundleService  - Loading FXGL system data
13:01:33.387 [FXGL Background Thread 1 ] DEBUG FileSystemAccess     - Reading from: C:\Users\Ruhmer Jairus\OOP2-Capstone\system\fxgl.bundle
13:01:33.393 [FXGL Background Thread 1 ] DEBUG SystemBundleService  - Bundle FXGL: {}
13:01:33.393 [FXGL Background Thread 1 ] DEBUG UpdaterService       - Checking for updates
13:01:33.397 [FXGL Background Thread 4 ] DEBUG FXGLApplication      - Loading fonts
13:01:33.397 [FXGL Background Thread 1 ] DEBUG FXGLApplication      - Loading default localization
13:01:33.397 [FXGL Background Thread 4 ] DEBUG FXGLAssetLoaderServi - Loading from file system: jar:file:///C:/Users/Ruhmer%20Jairus/.m2/repository/com/github/almasb/fxgl/21.1/fxgl-21.1.jar!/fxglassets/ui/fonts/VarelaRound-Regular.ttf
13:01:33.398 [FXGL Background Thread 1 ] DEBUG FXGLAssetLoaderServi - Loading from file system: jar:file:///C:/Users/Ruhmer%20Jairus/.m2/repository/com/github/almasb/fxgl/21.1/fxgl-21.1.jar!/fxglassets/languages/english.lang
13:01:33.423 [FXGL Background Thread 1 ] INFO  FXGLApplication      - FXGL initialization took: 0.257 sec
13:01:33.424 [JavaFX Application Thread] DEBUG FXGLAssetLoaderServi - Loading from file system: jar:file:///C:/Users/Ruhmer%20Jairus/.m2/repository/com/github/almasb/fxgl/21.1/fxgl-21.1.jar!/fxglassets/textures/fxgl_icon.png
13:01:33.428 [FXGL Background Thread 4 ] DEBUG FXGLAssetLoaderServi - Loading from file system: jar:file:///C:/Users/Ruhmer%20Jairus/.m2/repository/com/github/almasb/fxgl/21.1/fxgl-21.1.jar!/fxglassets/ui/fonts/Abel-Regular.ttf
13:01:33.431 [FXGL Background Thread 4 ] DEBUG FXGLAssetLoaderServi - Loading from file system: jar:file:///C:/Users/Ruhmer%20Jairus/.m2/repository/com/github/almasb/fxgl/21.1/fxgl-21.1.jar!/fxglassets/ui/fonts/TerminalLandMono-Regular.otf
13:01:33.434 [FXGL Background Thread 4 ] DEBUG FXGLAssetLoaderServi - Loading from file system: jar:file:///C:/Users/Ruhmer%20Jairus/.m2/repository/com/github/almasb/fxgl/21.1/fxgl-21.1.jar!/fxglassets/ui/fonts/Courier-Prime.ttf
13:01:33.463 [JavaFX Application Thread] DEBUG FXGLAssetLoaderServi - Loading from file system: jar:file:///C:/Users/Ruhmer%20Jairus/.m2/repository/com/github/almasb/fxgl/21.1/fxgl-21.1.jar!/fxglassets/textures/fxgl_default_cursor.png
13:01:33.474 [JavaFX Application Thread] DEBUG Input                - Registered new binding: Screenshot - CTRL+8
13:01:33.475 [JavaFX Application Thread] DEBUG Input                - Registered new binding: System info dump - CTRL+9
13:01:33.475 [JavaFX Application Thread] DEBUG Input                - Registered new binding: Restart - CTRL+R
13:01:33.476 [JavaFX Application Thread] DEBUG Input                - Registered new binding: Toggle Debug Camera - CTRL+7
13:01:33.479 [JavaFX Application Thread] DEBUG LoopRunner           - Starting loop
13:01:33.479 [JavaFX Application Thread] DEBUG LoopRunner           - Initializing JavaFX AnimationTimerLoop
13:01:33.481 [JavaFX Application Thread] DEBUG GameApplicationServi - Starting new game
13:01:33.481 [JavaFX Application Thread] DEBUG Input                - Clearing active input actions
13:01:33.497 [JavaFX Application Thread] DEBUG GameApplicationServi - Removing overlay from FXGLStartupScene and adding to FXGLLoadingScene
13:01:33.497 [JavaFX Application Thread] DEBUG PrimaryStageWindow   - FXGLStartupScene -> FXGLLoadingScene
13:01:33.497 [JavaFX Application Thread] DEBUG GameApplicationServi - Clearing previous game
13:01:33.497 [JavaFX Application Thread] DEBUG GameScene            - Clearing game scene
13:01:33.497 [JavaFX Application Thread] DEBUG GameWorld            - Clearing game world
13:01:33.497 [JavaFX Application Thread] DEBUG PhysicsWorld         - Clearing physics world
13:01:33.501 [FXGL Background Thread 4 ] DEBUG FXGLApplication      - Initializing game
13:01:33.501 [JavaFX Application Thread] DEBUG FXGLApplication      - Registering font factories with UI factory
13:01:33.504 [FXGL Background Thread 4 ] DEBUG FXGLAssetLoaderServi - Loading from file system: file:/C:/Users/Ruhmer%20Jairus/OOP2-Capstone/target/classes/assets/textures/background-and-platforms/bg-winter_1280_720.png
13:01:33.552 [FXGL Background Thread 4 ] DEBUG FXGLAssetLoaderServi - Loading from file system: file:/C:/Users/Ruhmer%20Jairus/OOP2-Capstone/target/classes/assets/textures/background-and-platforms/hdlargerplatform-winter.png
13:01:33.639 [FXGL Background Thread 4 ] DEBUG FXGLAssetLoaderServi - Loading from file system: file:/C:/Users/Ruhmer%20Jairus/OOP2-Capstone/target/classes/assets/textures/wizard/wizard.png
13:01:33.736 [FXGL Background Thread 4 ] DEBUG FXGLAssetLoaderServi - Loading from file system: file:/C:/Users/Ruhmer%20Jairus/OOP2-Capstone/target/classes/assets/textures/mobs/gargoyle/gargoyle.png
13:01:33.770 [FXGL Background Thread 4 ] WARN  GameWorld            - Attempted to remove entity which is not active
13:01:33.772 [FXGL Background Thread 4 ] WARN  GameWorld            - Attempted to remove entity which is not active
13:01:33.773 [FXGL Background Thread 4 ] WARN  GameWorld            - Attempted to remove entity which is not active
13:01:33.775 [FXGL Background Thread 4 ] WARN  GameWorld            - Attempted to remove entity which is not active
13:01:33.777 [FXGL Background Thread 4 ] WARN  GameWorld            - Attempted to remove entity which is not active
13:01:33.778 [FXGL Background Thread 4 ] WARN  GameWorld            - Attempted to remove entity which is not active
13:01:33.780 [FXGL Background Thread 4 ] WARN  GameWorld            - Attempted to remove entity which is not active
13:01:33.781 [FXGL Background Thread 4 ] WARN  GameWorld            - Attempted to remove entity which is not active
13:01:33.783 [FXGL Background Thread 4 ] WARN  GameWorld            - Attempted to remove entity which is not active
13:01:33.786 [FXGL Background Thread 4 ] WARN  GameWorld            - Attempted to remove entity which is not active
13:01:33.795 [FXGL Background Thread 4 ] INFO  FXGLApplication      - Game initialization took: 0.293 sec
13:01:33.796 [JavaFX Application Thread] DEBUG Input                - Clearing active input actions
13:01:33.814 [JavaFX Application Thread] DEBUG GameApplicationServi - Removing overlay from FXGLLoadingScene and adding to GameScene
13:01:33.814 [JavaFX Application Thread] DEBUG PrimaryStageWindow   - FXGLLoadingScene -> GameScene
13:01:36.398 [FXGL Background Thread 3 ] DEBUG Engine               - Logging environment variables
13:01:36.398 [FXGL Background Thread 3 ] DEBUG Engine               - achievements: []
13:01:36.398 [FXGL Background Thread 3 ] DEBUG Engine               - actualHeight: 720.0
13:01:36.398 [FXGL Background Thread 3 ] DEBUG Engine               - actualHeightProperty: ReadOnlyDoubleProperty [value: 720.0]
13:01:36.399 [FXGL Background Thread 3 ] DEBUG Engine               - actualWidth: 1280.0
13:01:36.399 [FXGL Background Thread 3 ] DEBUG Engine               - actualWidthProperty: ReadOnlyDoubleProperty [value: 1280.0]
13:01:36.399 [FXGL Background Thread 3 ] DEBUG Engine               - appIcon: fxgl_icon.png
13:01:36.399 [FXGL Background Thread 3 ] DEBUG Engine               - applicationMode: DEVELOPER
13:01:36.399 [FXGL Background Thread 3 ] DEBUG Engine               - cSSList: [fxgl_dark.css]
13:01:36.399 [FXGL Background Thread 3 ] DEBUG Engine               - collisionDetectionStrategy: BRUTE_FORCE
13:01:36.399 [FXGL Background Thread 3 ] DEBUG Engine               - configClass: Optional.empty
13:01:36.399 [FXGL Background Thread 3 ] DEBUG Engine               - credits: []
13:01:36.400 [FXGL Background Thread 3 ] DEBUG Engine               - defaultCursor: CursorInfo(imageName=fxgl_default_cursor.png, hotspotX=7.0, hotspotY=6.0)
13:01:36.400 [FXGL Background Thread 3 ] DEBUG Engine               - devBBoxColorProperty: ObjectProperty [value: 0xff0000ff]
13:01:36.401 [FXGL Background Thread 3 ] DEBUG Engine               - devEnableDebugCameraProperty: BooleanProperty [value: false]
13:01:36.401 [FXGL Background Thread 3 ] DEBUG Engine               - devSensorColorProperty: ObjectProperty [value: 0xffff00ff]
13:01:36.401 [FXGL Background Thread 3 ] DEBUG Engine               - devShowBBoxProperty: BooleanProperty [value: false]
13:01:36.401 [FXGL Background Thread 3 ] DEBUG Engine               - devShowPositionProperty: BooleanProperty [value: false]
13:01:36.401 [FXGL Background Thread 3 ] DEBUG Engine               - enabledMenuItems: []
13:01:36.401 [FXGL Background Thread 3 ] DEBUG Engine               - engineServices: [class com.almasb.fxgl.app.services.FXGLAssetLoaderService, class com.almasb.fxgl.app.FXGLApplication$GameApplicationService, class com.almasb.fxgl.app.services.FXGLDialogService, class com.almasb.fxgl.app.services.IOTaskExecutorService, class com.almasb.fxgl.io.FileSystemService, class com.almasb.fxgl.localization.LocalizationService, class com.almasb.fxgl.app.services.SystemBundleService, class com.almasb.fxgl.profile.SaveLoadService, class com.almasb.fxgl.ui.FXGLUIFactoryServiceProvider, class com.almasb.fxgl.ui.FXGLDialogFactoryServiceProvider, class com.almasb.fxgl.audio.AudioPlayer, class com.almasb.fxgl.notification.impl.NotificationServiceProvider, class com.almasb.fxgl.achievement.AchievementService, class com.almasb.fxgl.cutscene.CutsceneService, class com.almasb.fxgl.minigames.MiniGameService, class com.almasb.fxgl.net.NetService, class com.almasb.fxgl.app.services.UpdaterService, class com.almasb.fxgl.dev.DevService]
13:01:36.401 [FXGL Background Thread 3 ] DEBUG Engine               - fontGame: Abel-Regular.ttf
13:01:36.401 [FXGL Background Thread 3 ] DEBUG Engine               - fontMono: TerminalLandMono-Regular.otf
13:01:36.401 [FXGL Background Thread 3 ] DEBUG Engine               - fontSizeScaleUI: 1.0
13:01:36.401 [FXGL Background Thread 3 ] DEBUG Engine               - fontText: Courier-Prime.ttf
13:01:36.401 [FXGL Background Thread 3 ] DEBUG Engine               - fontUI: VarelaRound-Regular.ttf
13:01:36.401 [FXGL Background Thread 3 ] DEBUG Engine               - fullScreen: BooleanProperty [value: false]
13:01:36.401 [FXGL Background Thread 3 ] DEBUG Engine               - gameDifficulty: MEDIUM
13:01:36.401 [FXGL Background Thread 3 ] DEBUG Engine               - gameDifficultyProperty: ObjectProperty [value: MEDIUM]
13:01:36.401 [FXGL Background Thread 3 ] DEBUG Engine               - globalMusicVolume: 0.5
13:01:36.401 [FXGL Background Thread 3 ] DEBUG Engine               - globalMusicVolumeProperty: DoubleProperty [value: 0.5]
13:01:36.401 [FXGL Background Thread 3 ] DEBUG Engine               - globalSoundVolume: 0.5
13:01:36.401 [FXGL Background Thread 3 ] DEBUG Engine               - globalSoundVolumeProperty: DoubleProperty [value: 0.5]
13:01:36.401 [FXGL Background Thread 3 ] DEBUG Engine               - height: 720
13:01:36.401 [FXGL Background Thread 3 ] DEBUG Engine               - is3D: false
13:01:36.401 [FXGL Background Thread 3 ] DEBUG Engine               - isAndroid: false
13:01:36.401 [FXGL Background Thread 3 ] DEBUG Engine               - isBrowser: false
13:01:36.401 [FXGL Background Thread 3 ] DEBUG Engine               - isClickFeedbackEnabled: false
13:01:36.401 [FXGL Background Thread 3 ] DEBUG Engine               - isCloseConfirmation: false
13:01:36.401 [FXGL Background Thread 3 ] DEBUG Engine               - isDesktop: true
13:01:36.401 [FXGL Background Thread 3 ] DEBUG Engine               - isDeveloperMenuEnabled: false
13:01:36.401 [FXGL Background Thread 3 ] DEBUG Engine               - isEmbedded: false
13:01:36.401 [FXGL Background Thread 3 ] DEBUG Engine               - isEntityPreloadEnabled: true
13:01:36.401 [FXGL Background Thread 3 ] DEBUG Engine               - isExperimentalTiledLargeMap: false
13:01:36.402 [FXGL Background Thread 3 ] DEBUG Engine               - isFileSystemWriteAllowed: true
13:01:36.402 [FXGL Background Thread 3 ] DEBUG Engine               - isFullScreenAllowed: false
13:01:36.402 [FXGL Background Thread 3 ] DEBUG Engine               - isFullScreenFromStart: false
13:01:36.402 [FXGL Background Thread 3 ] DEBUG Engine               - isGameMenuEnabled: false
13:01:36.402 [FXGL Background Thread 3 ] DEBUG Engine               - isIOS: false
13:01:36.402 [FXGL Background Thread 3 ] DEBUG Engine               - isIntroEnabled: false
13:01:36.402 [FXGL Background Thread 3 ] DEBUG Engine               - isLinux: false
13:01:36.402 [FXGL Background Thread 3 ] DEBUG Engine               - isMac: false
13:01:36.402 [FXGL Background Thread 3 ] DEBUG Engine               - isMainMenuEnabled: false
13:01:36.402 [FXGL Background Thread 3 ] DEBUG Engine               - isManualResizeEnabled: false
13:01:36.402 [FXGL Background Thread 3 ] DEBUG Engine               - isMobile: false
13:01:36.402 [FXGL Background Thread 3 ] DEBUG Engine               - isNative: false
13:01:36.402 [FXGL Background Thread 3 ] DEBUG Engine               - isPauseMusicWhenMinimized: true
13:01:36.402 [FXGL Background Thread 3 ] DEBUG Engine               - isPreserveResizeRatio: true
13:01:36.402 [FXGL Background Thread 3 ] DEBUG Engine               - isProfilingEnabled: false
13:01:36.402 [FXGL Background Thread 3 ] DEBUG Engine               - isScaleAffectedOnResize: true
13:01:36.402 [FXGL Background Thread 3 ] DEBUG Engine               - isSingleStep: false
13:01:36.402 [FXGL Background Thread 3 ] DEBUG Engine               - isUserProfileEnabled: false
13:01:36.402 [FXGL Background Thread 3 ] DEBUG Engine               - isWindows: true
13:01:36.402 [FXGL Background Thread 3 ] DEBUG Engine               - language: ObjectProperty [value: ENGLISH]
13:01:36.402 [FXGL Background Thread 3 ] DEBUG Engine               - menuKey: ESCAPE
13:01:36.402 [FXGL Background Thread 3 ] DEBUG Engine               - mouseSensitivity: 0.2
13:01:36.402 [FXGL Background Thread 3 ] DEBUG Engine               - notificationViewClass: class com.almasb.fxgl.notification.view.XboxNotificationView
13:01:36.402 [FXGL Background Thread 3 ] DEBUG Engine               - pixelsPerMeter: 50.0
13:01:36.402 [FXGL Background Thread 3 ] DEBUG Engine               - platform: WINDOWS
13:01:36.402 [FXGL Background Thread 3 ] DEBUG Engine               - prefHeightProperty: ReadOnlyDoubleProperty [value: 720.0]
13:01:36.402 [FXGL Background Thread 3 ] DEBUG Engine               - prefWidthProperty: ReadOnlyDoubleProperty [value: 1280.0]
13:01:36.402 [FXGL Background Thread 3 ] DEBUG Engine               - profileDir: profiles/
13:01:36.402 [FXGL Background Thread 3 ] DEBUG Engine               - profileName: StringProperty [value: DEFAULT]
13:01:36.402 [FXGL Background Thread 3 ] DEBUG Engine               - randomSeed: -1
13:01:36.403 [FXGL Background Thread 3 ] DEBUG Engine               - runtimeInfo: RuntimeInfo(platform=WINDOWS, version=21.1, build=27.03.2024 07.52)
13:01:36.403 [FXGL Background Thread 3 ] DEBUG Engine               - saveFileExt: sav
13:01:36.403 [FXGL Background Thread 3 ] DEBUG Engine               - scaledHeightProp$fxgl: DoubleProperty [bound, value: 720.0]
13:01:36.403 [FXGL Background Thread 3 ] DEBUG Engine               - scaledWidthProp$fxgl: DoubleProperty [bound, value: 1280.0]
13:01:36.403 [FXGL Background Thread 3 ] DEBUG Engine               - sceneFactory: com.almasb.fxgl.app.scene.SceneFactory@1a3d125
13:01:36.403 [FXGL Background Thread 3 ] DEBUG Engine               - secondsIn24h: 60
13:01:36.403 [FXGL Background Thread 3 ] DEBUG Engine               - soundMenuBack: menu/back.wav
13:01:36.403 [FXGL Background Thread 3 ] DEBUG Engine               - soundMenuPress: menu/press.wav
13:01:36.403 [FXGL Background Thread 3 ] DEBUG Engine               - soundMenuSelect: menu/select.wav
13:01:36.403 [FXGL Background Thread 3 ] DEBUG Engine               - soundNotification: core/notification.wav
13:01:36.403 [FXGL Background Thread 3 ] DEBUG Engine               - stageStyle: DECORATED
13:01:36.403 [FXGL Background Thread 3 ] DEBUG Engine               - supportedLanguages: [ENGLISH, FRENCH, GERMAN, HUNGARIAN, RUSSIAN]
13:01:36.403 [FXGL Background Thread 3 ] DEBUG Engine               - ticksPerSecond: -1
13:01:36.403 [FXGL Background Thread 3 ] DEBUG Engine               - title: TypeWiz - Winter Theme
13:01:36.403 [FXGL Background Thread 3 ] DEBUG Engine               - urlGithub: https://github.com/AlmasB/FXGL
13:01:36.403 [FXGL Background Thread 3 ] DEBUG Engine               - urlLeaderboard: http://fxgl-top.herokuapp.com/
13:01:36.403 [FXGL Background Thread 3 ] DEBUG Engine               - urlPOM: https://raw.githubusercontent.com/AlmasB/FXGL/release/README.md
13:01:36.403 [FXGL Background Thread 3 ] DEBUG Engine               - userAppClass: class com.oop2.typewiz.GameplayComponents.Game
13:01:36.403 [FXGL Background Thread 3 ] DEBUG Engine               - version: 0.0
13:01:36.403 [FXGL Background Thread 3 ] DEBUG Engine               - versionCheckDays: 7
13:01:36.403 [FXGL Background Thread 3 ] DEBUG Engine               - width: 1280
13:01:36.403 [FXGL Background Thread 3 ] DEBUG Engine               - Logging services
13:01:36.403 [FXGL Background Thread 3 ] DEBUG Engine               - class com.almasb.fxgl.app.services.FXGLAssetLoaderService
13:01:36.403 [FXGL Background Thread 3 ] DEBUG Engine               - class com.almasb.fxgl.app.FXGLApplication$GameApplicationService
13:01:36.403 [FXGL Background Thread 3 ] DEBUG Engine               - class com.almasb.fxgl.app.services.FXGLDialogService
13:01:36.403 [FXGL Background Thread 3 ] DEBUG Engine               - class com.almasb.fxgl.app.services.IOTaskExecutorService
13:01:36.403 [FXGL Background Thread 3 ] DEBUG Engine               - class com.almasb.fxgl.io.FileSystemService
13:01:36.404 [FXGL Background Thread 3 ] DEBUG Engine               - class com.almasb.fxgl.localization.LocalizationService
13:01:36.404 [FXGL Background Thread 3 ] DEBUG Engine               - class com.almasb.fxgl.app.services.SystemBundleService
13:01:36.404 [FXGL Background Thread 3 ] DEBUG Engine               - class com.almasb.fxgl.profile.SaveLoadService
13:01:36.404 [FXGL Background Thread 3 ] DEBUG Engine               - class com.almasb.fxgl.ui.FXGLUIFactoryServiceProvider
13:01:36.404 [FXGL Background Thread 3 ] DEBUG Engine               - class com.almasb.fxgl.ui.FXGLDialogFactoryServiceProvider
13:01:36.404 [FXGL Background Thread 3 ] DEBUG Engine               - class com.almasb.fxgl.audio.AudioPlayer
13:01:36.404 [FXGL Background Thread 3 ] DEBUG Engine               - class com.almasb.fxgl.notification.impl.NotificationServiceProvider
13:01:36.404 [FXGL Background Thread 3 ] DEBUG Engine               - class com.almasb.fxgl.achievement.AchievementService
13:01:36.404 [FXGL Background Thread 3 ] DEBUG Engine               - class com.almasb.fxgl.cutscene.CutsceneService
13:01:36.404 [FXGL Background Thread 3 ] DEBUG Engine               - class com.almasb.fxgl.minigames.MiniGameService
13:01:36.404 [FXGL Background Thread 3 ] DEBUG Engine               - class com.almasb.fxgl.net.NetService
13:01:36.404 [FXGL Background Thread 3 ] DEBUG Engine               - class com.almasb.fxgl.app.services.UpdaterService
13:01:36.404 [FXGL Background Thread 3 ] DEBUG Engine               - class com.almasb.fxgl.dev.DevService
13:01:37.806 [JavaFX Application Thread] DEBUG FXGLApplication      - Exiting FXGL
13:01:37.806 [JavaFX Application Thread] DEBUG LoopRunner           - Stopping loop
13:01:37.806 [JavaFX Application Thread] DEBUG SystemBundleService  - Saving FXGL system data
13:01:37.808 [JavaFX Application Thread] DEBUG FileSystemAccess     - Writing to: C:\Users\Ruhmer Jairus\OOP2-Capstone\system\fxgl.bundle
13:01:37.811 [JavaFX Application Thread] DEBUG Async                - Shutting down background threads
13:01:37.812 [JavaFX Application Thread] DEBUG PrimaryStageWindow   - Closing main window
13:01:37.822 [JavaFX Application Thread] DEBUG Logger               - Closing Logger
