15:33:12.603 [main                     ] DEBUG Logger               - Configured Logger
15:33:12.629 [main                     ] DEBUG GameApplication      - Logging settings
Title: TypeWiz - Winter Theme
Version: 0.0
Width: 1280
Height: 720
Fullscreen: false
Intro: false
Profiling: false
Single step:false
App Mode: DEVELOPER
Menu Key: ESCAPE
Stage Style: DECORATED
Scene Factory: class com.almasb.fxgl.app.scene.SceneFactory

15:33:12.881 [JavaFX Application Thread] DEBUG FXGLApplication      - Initializing FXGL
15:33:12.884 [JavaFX Application Thread] INFO  Engine               - FXGL-21.1 (27.03.2024 07.52) on WINDOWS (J:21.0.3 FX:19)
15:33:12.885 [JavaFX Application Thread] DEBUG Engine               - JRE Vendor Name: Oracle Corporation
15:33:12.885 [JavaFX Application Thread] DEBUG Engine               - Running on OS: Windows 11 version 10.0
15:33:12.885 [JavaFX Application Thread] DEBUG Engine               - Architecture: amd64
15:33:12.885 [JavaFX Application Thread] INFO  Engine               - Source code and latest versions at: https://github.com/AlmasB/FXGL
15:33:12.885 [JavaFX Application Thread] INFO  Engine               -       Ask questions and discuss at: https://github.com/AlmasB/FXGL/discussions
15:33:12.886 [JavaFX Application Thread] INFO  Engine               -              Join the FXGL chat at: https://gitter.im/AlmasB/FXGL
15:33:12.952 [JavaFX Application Thread] DEBUG PrimaryStageWindow   - Creating a JavaFX scene
15:33:12.986 [JavaFX Application Thread] DEBUG PrimaryStageWindow   - Target settings size: 1280.0 x 720.0
15:33:12.986 [JavaFX Application Thread] DEBUG PrimaryStageWindow   - Scaled scene size:    1280.0 x 720.0
15:33:12.986 [JavaFX Application Thread] DEBUG PrimaryStageWindow   - Scaled ratio: (1.0, 1.0)
15:33:12.987 [JavaFX Application Thread] DEBUG PrimaryStageWindow   - Set initial scene to FXGLStartupScene
15:33:12.989 [JavaFX Application Thread] DEBUG PrimaryStageWindow   - Opening main window
15:33:13.050 [JavaFX Application Thread] DEBUG PrimaryStageWindow   - Window border size: (14.4000244140625, 37.5999755859375)
15:33:13.050 [JavaFX Application Thread] DEBUG PrimaryStageWindow   - Scaled size: 1280.0 x 720.0
15:33:13.051 [JavaFX Application Thread] DEBUG PrimaryStageWindow   - Scaled ratio: (1.0, 1.0)
15:33:13.051 [JavaFX Application Thread] DEBUG PrimaryStageWindow   - Scene size: 1280.0 x 720.0
15:33:13.051 [JavaFX Application Thread] DEBUG PrimaryStageWindow   - Stage size: 1294.4000244140625 x 757.5999755859375
15:33:13.059 [FXGL Background Thread 1 ] DEBUG Engine               - Initializing environment variables
15:33:13.114 [FXGL Background Thread 1 ] DEBUG FXGLAssetLoaderServi - User app class for loading assets: class com.oop2.typewiz.GameplayComponents.Game
15:33:13.114 [FXGL Background Thread 1 ] DEBUG GameApplicationServi - Applying CSS: fxgl_dark.css
15:33:13.115 [FXGL Background Thread 1 ] DEBUG FXGLAssetLoaderServi - Loading from file system: jar:file:///C:/Users/Ruhmer%20Jairus/.m2/repository/com/github/almasb/fxgl/21.1/fxgl-21.1.jar!/fxglassets/ui/css/fxgl_dark.css
15:33:13.164 [FXGL Background Thread 1 ] DEBUG GameApplicationServi - Initializing application scenes
15:33:13.245 [FXGL Background Thread 1 ] DEBUG GameWorld            - Game world initialized
15:33:13.337 [FXGL Background Thread 1 ] DEBUG PhysicsWorld         - Physics world initialized: appHeight=720, physics.ppm=50.0
15:33:13.337 [FXGL Background Thread 1 ] DEBUG PhysicsWorld         - Using strategy: BRUTE_FORCE
15:33:13.345 [FXGL Background Thread 1 ] DEBUG GameScene            - Game scene initialized: 1280x720
15:33:13.345 [FXGL Background Thread 1 ] DEBUG GameApplicationServi - Application scenes initialized
15:33:13.369 [FXGL Background Thread 1 ] DEBUG SystemBundleService  - Loading FXGL system data
15:33:13.373 [FXGL Background Thread 1 ] DEBUG FileSystemAccess     - Reading from: C:\Users\Ruhmer Jairus\OOP2-Capstone\system\fxgl.bundle
15:33:13.381 [FXGL Background Thread 1 ] DEBUG SystemBundleService  - Bundle FXGL: {}
15:33:13.381 [FXGL Background Thread 1 ] DEBUG UpdaterService       - Checking for updates
15:33:13.385 [FXGL Background Thread 4 ] DEBUG FXGLApplication      - Loading fonts
15:33:13.385 [FXGL Background Thread 4 ] DEBUG FXGLAssetLoaderServi - Loading from file system: jar:file:///C:/Users/Ruhmer%20Jairus/.m2/repository/com/github/almasb/fxgl/21.1/fxgl-21.1.jar!/fxglassets/ui/fonts/VarelaRound-Regular.ttf
15:33:13.385 [FXGL Background Thread 1 ] DEBUG FXGLApplication      - Loading default localization
15:33:13.386 [FXGL Background Thread 1 ] DEBUG FXGLAssetLoaderServi - Loading from file system: jar:file:///C:/Users/Ruhmer%20Jairus/.m2/repository/com/github/almasb/fxgl/21.1/fxgl-21.1.jar!/fxglassets/languages/english.lang
15:33:13.426 [FXGL Background Thread 4 ] DEBUG FXGLAssetLoaderServi - Loading from file system: jar:file:///C:/Users/Ruhmer%20Jairus/.m2/repository/com/github/almasb/fxgl/21.1/fxgl-21.1.jar!/fxglassets/ui/fonts/Abel-Regular.ttf
15:33:13.428 [FXGL Background Thread 1 ] INFO  FXGLApplication      - FXGL initialization took: 0.369 sec
15:33:13.429 [JavaFX Application Thread] DEBUG FXGLAssetLoaderServi - Loading from file system: jar:file:///C:/Users/Ruhmer%20Jairus/.m2/repository/com/github/almasb/fxgl/21.1/fxgl-21.1.jar!/fxglassets/textures/fxgl_icon.png
15:33:13.429 [FXGL Background Thread 4 ] DEBUG FXGLAssetLoaderServi - Loading from file system: jar:file:///C:/Users/Ruhmer%20Jairus/.m2/repository/com/github/almasb/fxgl/21.1/fxgl-21.1.jar!/fxglassets/ui/fonts/TerminalLandMono-Regular.otf
15:33:13.433 [FXGL Background Thread 4 ] DEBUG FXGLAssetLoaderServi - Loading from file system: jar:file:///C:/Users/Ruhmer%20Jairus/.m2/repository/com/github/almasb/fxgl/21.1/fxgl-21.1.jar!/fxglassets/ui/fonts/Courier-Prime.ttf
15:33:13.487 [JavaFX Application Thread] DEBUG FXGLAssetLoaderServi - Loading from file system: jar:file:///C:/Users/Ruhmer%20Jairus/.m2/repository/com/github/almasb/fxgl/21.1/fxgl-21.1.jar!/fxglassets/textures/fxgl_default_cursor.png
15:33:13.498 [JavaFX Application Thread] DEBUG Input                - Registered new binding: Screenshot - CTRL+8
15:33:13.498 [JavaFX Application Thread] DEBUG Input                - Registered new binding: System info dump - CTRL+9
15:33:13.499 [JavaFX Application Thread] DEBUG Input                - Registered new binding: Restart - CTRL+R
15:33:13.499 [JavaFX Application Thread] DEBUG Input                - Registered new binding: Toggle Debug Camera - CTRL+7
15:33:13.504 [JavaFX Application Thread] DEBUG LoopRunner           - Starting loop
15:33:13.504 [JavaFX Application Thread] DEBUG LoopRunner           - Initializing JavaFX AnimationTimerLoop
15:33:13.506 [JavaFX Application Thread] DEBUG GameApplicationServi - Starting new game
15:33:13.507 [JavaFX Application Thread] DEBUG Input                - Clearing active input actions
15:33:13.530 [JavaFX Application Thread] DEBUG GameApplicationServi - Removing overlay from FXGLStartupScene and adding to FXGLLoadingScene
15:33:13.530 [JavaFX Application Thread] DEBUG PrimaryStageWindow   - FXGLStartupScene -> FXGLLoadingScene
15:33:13.530 [JavaFX Application Thread] DEBUG GameApplicationServi - Clearing previous game
15:33:13.530 [JavaFX Application Thread] DEBUG GameScene            - Clearing game scene
15:33:13.530 [JavaFX Application Thread] DEBUG GameWorld            - Clearing game world
15:33:13.531 [JavaFX Application Thread] DEBUG PhysicsWorld         - Clearing physics world
15:33:13.536 [FXGL Background Thread 4 ] DEBUG FXGLApplication      - Initializing game
15:33:13.536 [JavaFX Application Thread] DEBUG FXGLApplication      - Registering font factories with UI factory
15:33:13.539 [FXGL Background Thread 4 ] DEBUG FXGLAssetLoaderServi - Loading from file system: file:/C:/Users/Ruhmer%20Jairus/OOP2-Capstone/target/classes/assets/textures/background-and-platforms/bg-winter_1280_720.png
15:33:13.594 [FXGL Background Thread 4 ] DEBUG FXGLAssetLoaderServi - Loading from file system: file:/C:/Users/Ruhmer%20Jairus/OOP2-Capstone/target/classes/assets/textures/background-and-platforms/hdlargerplatform-winter.png
15:33:13.701 [FXGL Background Thread 4 ] DEBUG FXGLAssetLoaderServi - Loading from file system: file:/C:/Users/Ruhmer%20Jairus/OOP2-Capstone/target/classes/assets/textures/wizard/wizard.png
15:33:13.856 [FXGL Background Thread 4 ] DEBUG FXGLAssetLoaderServi - Loading from file system: file:/C:/Users/Ruhmer%20Jairus/OOP2-Capstone/target/classes/assets/textures/mobs/gargoyle/gargoyle.png
15:33:13.925 [FXGL Background Thread 4 ] INFO  FXGLApplication      - Game initialization took: 0.389 sec
15:33:13.926 [JavaFX Application Thread] DEBUG Input                - Clearing active input actions
15:33:13.940 [JavaFX Application Thread] DEBUG GameApplicationServi - Removing overlay from FXGLLoadingScene and adding to GameScene
15:33:13.941 [JavaFX Application Thread] DEBUG PrimaryStageWindow   - FXGLLoadingScene -> GameScene
15:33:16.386 [FXGL Background Thread 3 ] DEBUG Engine               - Logging environment variables
15:33:16.386 [FXGL Background Thread 3 ] DEBUG Engine               - achievements: []
15:33:16.386 [FXGL Background Thread 3 ] DEBUG Engine               - actualHeight: 720.0
15:33:16.386 [FXGL Background Thread 3 ] DEBUG Engine               - actualHeightProperty: ReadOnlyDoubleProperty [value: 720.0]
15:33:16.386 [FXGL Background Thread 3 ] DEBUG Engine               - actualWidth: 1280.0
15:33:16.386 [FXGL Background Thread 3 ] DEBUG Engine               - actualWidthProperty: ReadOnlyDoubleProperty [value: 1280.0]
15:33:16.386 [FXGL Background Thread 3 ] DEBUG Engine               - appIcon: fxgl_icon.png
15:33:16.386 [FXGL Background Thread 3 ] DEBUG Engine               - applicationMode: DEVELOPER
15:33:16.386 [FXGL Background Thread 3 ] DEBUG Engine               - cSSList: [fxgl_dark.css]
15:33:16.386 [FXGL Background Thread 3 ] DEBUG Engine               - collisionDetectionStrategy: BRUTE_FORCE
15:33:16.386 [FXGL Background Thread 3 ] DEBUG Engine               - configClass: Optional.empty
15:33:16.386 [FXGL Background Thread 3 ] DEBUG Engine               - credits: []
15:33:16.388 [FXGL Background Thread 3 ] DEBUG Engine               - defaultCursor: CursorInfo(imageName=fxgl_default_cursor.png, hotspotX=7.0, hotspotY=6.0)
15:33:16.388 [FXGL Background Thread 3 ] DEBUG Engine               - devBBoxColorProperty: ObjectProperty [value: 0xff0000ff]
15:33:16.388 [FXGL Background Thread 3 ] DEBUG Engine               - devEnableDebugCameraProperty: BooleanProperty [value: false]
15:33:16.388 [FXGL Background Thread 3 ] DEBUG Engine               - devSensorColorProperty: ObjectProperty [value: 0xffff00ff]
15:33:16.388 [FXGL Background Thread 3 ] DEBUG Engine               - devShowBBoxProperty: BooleanProperty [value: false]
15:33:16.388 [FXGL Background Thread 3 ] DEBUG Engine               - devShowPositionProperty: BooleanProperty [value: false]
15:33:16.388 [FXGL Background Thread 3 ] DEBUG Engine               - enabledMenuItems: []
15:33:16.388 [FXGL Background Thread 3 ] DEBUG Engine               - engineServices: [class com.almasb.fxgl.app.services.FXGLAssetLoaderService, class com.almasb.fxgl.app.FXGLApplication$GameApplicationService, class com.almasb.fxgl.app.services.FXGLDialogService, class com.almasb.fxgl.app.services.IOTaskExecutorService, class com.almasb.fxgl.io.FileSystemService, class com.almasb.fxgl.localization.LocalizationService, class com.almasb.fxgl.app.services.SystemBundleService, class com.almasb.fxgl.profile.SaveLoadService, class com.almasb.fxgl.ui.FXGLUIFactoryServiceProvider, class com.almasb.fxgl.ui.FXGLDialogFactoryServiceProvider, class com.almasb.fxgl.audio.AudioPlayer, class com.almasb.fxgl.notification.impl.NotificationServiceProvider, class com.almasb.fxgl.achievement.AchievementService, class com.almasb.fxgl.cutscene.CutsceneService, class com.almasb.fxgl.minigames.MiniGameService, class com.almasb.fxgl.net.NetService, class com.almasb.fxgl.app.services.UpdaterService, class com.almasb.fxgl.dev.DevService]
15:33:16.388 [FXGL Background Thread 3 ] DEBUG Engine               - fontGame: Abel-Regular.ttf
15:33:16.388 [FXGL Background Thread 3 ] DEBUG Engine               - fontMono: TerminalLandMono-Regular.otf
15:33:16.388 [FXGL Background Thread 3 ] DEBUG Engine               - fontSizeScaleUI: 1.0
15:33:16.388 [FXGL Background Thread 3 ] DEBUG Engine               - fontText: Courier-Prime.ttf
15:33:16.388 [FXGL Background Thread 3 ] DEBUG Engine               - fontUI: VarelaRound-Regular.ttf
15:33:16.388 [FXGL Background Thread 3 ] DEBUG Engine               - fullScreen: BooleanProperty [value: false]
15:33:16.388 [FXGL Background Thread 3 ] DEBUG Engine               - gameDifficulty: MEDIUM
15:33:16.388 [FXGL Background Thread 3 ] DEBUG Engine               - gameDifficultyProperty: ObjectProperty [value: MEDIUM]
15:33:16.388 [FXGL Background Thread 3 ] DEBUG Engine               - globalMusicVolume: 0.5
15:33:16.388 [FXGL Background Thread 3 ] DEBUG Engine               - globalMusicVolumeProperty: DoubleProperty [value: 0.5]
15:33:16.388 [FXGL Background Thread 3 ] DEBUG Engine               - globalSoundVolume: 0.5
15:33:16.388 [FXGL Background Thread 3 ] DEBUG Engine               - globalSoundVolumeProperty: DoubleProperty [value: 0.5]
15:33:16.388 [FXGL Background Thread 3 ] DEBUG Engine               - height: 720
15:33:16.388 [FXGL Background Thread 3 ] DEBUG Engine               - is3D: false
15:33:16.388 [FXGL Background Thread 3 ] DEBUG Engine               - isAndroid: false
15:33:16.388 [FXGL Background Thread 3 ] DEBUG Engine               - isBrowser: false
15:33:16.388 [FXGL Background Thread 3 ] DEBUG Engine               - isClickFeedbackEnabled: false
15:33:16.388 [FXGL Background Thread 3 ] DEBUG Engine               - isCloseConfirmation: false
15:33:16.388 [FXGL Background Thread 3 ] DEBUG Engine               - isDesktop: true
15:33:16.388 [FXGL Background Thread 3 ] DEBUG Engine               - isDeveloperMenuEnabled: false
15:33:16.389 [FXGL Background Thread 3 ] DEBUG Engine               - isEmbedded: false
15:33:16.389 [FXGL Background Thread 3 ] DEBUG Engine               - isEntityPreloadEnabled: true
15:33:16.389 [FXGL Background Thread 3 ] DEBUG Engine               - isExperimentalTiledLargeMap: false
15:33:16.389 [FXGL Background Thread 3 ] DEBUG Engine               - isFileSystemWriteAllowed: true
15:33:16.389 [FXGL Background Thread 3 ] DEBUG Engine               - isFullScreenAllowed: false
15:33:16.389 [FXGL Background Thread 3 ] DEBUG Engine               - isFullScreenFromStart: false
15:33:16.389 [FXGL Background Thread 3 ] DEBUG Engine               - isGameMenuEnabled: false
15:33:16.389 [FXGL Background Thread 3 ] DEBUG Engine               - isIOS: false
15:33:16.389 [FXGL Background Thread 3 ] DEBUG Engine               - isIntroEnabled: false
15:33:16.389 [FXGL Background Thread 3 ] DEBUG Engine               - isLinux: false
15:33:16.389 [FXGL Background Thread 3 ] DEBUG Engine               - isMac: false
15:33:16.389 [FXGL Background Thread 3 ] DEBUG Engine               - isMainMenuEnabled: false
15:33:16.389 [FXGL Background Thread 3 ] DEBUG Engine               - isManualResizeEnabled: false
15:33:16.389 [FXGL Background Thread 3 ] DEBUG Engine               - isMobile: false
15:33:16.389 [FXGL Background Thread 3 ] DEBUG Engine               - isNative: false
15:33:16.389 [FXGL Background Thread 3 ] DEBUG Engine               - isPauseMusicWhenMinimized: true
15:33:16.389 [FXGL Background Thread 3 ] DEBUG Engine               - isPreserveResizeRatio: true
15:33:16.389 [FXGL Background Thread 3 ] DEBUG Engine               - isProfilingEnabled: false
15:33:16.389 [FXGL Background Thread 3 ] DEBUG Engine               - isScaleAffectedOnResize: true
15:33:16.389 [FXGL Background Thread 3 ] DEBUG Engine               - isSingleStep: false
15:33:16.389 [FXGL Background Thread 3 ] DEBUG Engine               - isUserProfileEnabled: false
15:33:16.389 [FXGL Background Thread 3 ] DEBUG Engine               - isWindows: true
15:33:16.389 [FXGL Background Thread 3 ] DEBUG Engine               - language: ObjectProperty [value: ENGLISH]
15:33:16.389 [FXGL Background Thread 3 ] DEBUG Engine               - menuKey: ESCAPE
15:33:16.389 [FXGL Background Thread 3 ] DEBUG Engine               - mouseSensitivity: 0.2
15:33:16.389 [FXGL Background Thread 3 ] DEBUG Engine               - notificationViewClass: class com.almasb.fxgl.notification.view.XboxNotificationView
15:33:16.389 [FXGL Background Thread 3 ] DEBUG Engine               - pixelsPerMeter: 50.0
15:33:16.389 [FXGL Background Thread 3 ] DEBUG Engine               - platform: WINDOWS
15:33:16.389 [FXGL Background Thread 3 ] DEBUG Engine               - prefHeightProperty: ReadOnlyDoubleProperty [value: 720.0]
15:33:16.389 [FXGL Background Thread 3 ] DEBUG Engine               - prefWidthProperty: ReadOnlyDoubleProperty [value: 1280.0]
15:33:16.389 [FXGL Background Thread 3 ] DEBUG Engine               - profileDir: profiles/
15:33:16.389 [FXGL Background Thread 3 ] DEBUG Engine               - profileName: StringProperty [value: DEFAULT]
15:33:16.389 [FXGL Background Thread 3 ] DEBUG Engine               - randomSeed: -1
15:33:16.390 [FXGL Background Thread 3 ] DEBUG Engine               - runtimeInfo: RuntimeInfo(platform=WINDOWS, version=21.1, build=27.03.2024 07.52)
15:33:16.390 [FXGL Background Thread 3 ] DEBUG Engine               - saveFileExt: sav
15:33:16.390 [FXGL Background Thread 3 ] DEBUG Engine               - scaledHeightProp$fxgl: DoubleProperty [bound, value: 720.0]
15:33:16.390 [FXGL Background Thread 3 ] DEBUG Engine               - scaledWidthProp$fxgl: DoubleProperty [bound, value: 1280.0]
15:33:16.390 [FXGL Background Thread 3 ] DEBUG Engine               - sceneFactory: com.almasb.fxgl.app.scene.SceneFactory@226e4c93
15:33:16.390 [FXGL Background Thread 3 ] DEBUG Engine               - secondsIn24h: 60
15:33:16.390 [FXGL Background Thread 3 ] DEBUG Engine               - soundMenuBack: menu/back.wav
15:33:16.390 [FXGL Background Thread 3 ] DEBUG Engine               - soundMenuPress: menu/press.wav
15:33:16.390 [FXGL Background Thread 3 ] DEBUG Engine               - soundMenuSelect: menu/select.wav
15:33:16.390 [FXGL Background Thread 3 ] DEBUG Engine               - soundNotification: core/notification.wav
15:33:16.390 [FXGL Background Thread 3 ] DEBUG Engine               - stageStyle: DECORATED
15:33:16.390 [FXGL Background Thread 3 ] DEBUG Engine               - supportedLanguages: [ENGLISH, FRENCH, GERMAN, HUNGARIAN, RUSSIAN]
15:33:16.390 [FXGL Background Thread 3 ] DEBUG Engine               - ticksPerSecond: -1
15:33:16.390 [FXGL Background Thread 3 ] DEBUG Engine               - title: TypeWiz - Winter Theme
15:33:16.390 [FXGL Background Thread 3 ] DEBUG Engine               - urlGithub: https://github.com/AlmasB/FXGL
15:33:16.390 [FXGL Background Thread 3 ] DEBUG Engine               - urlLeaderboard: http://fxgl-top.herokuapp.com/
15:33:16.390 [FXGL Background Thread 3 ] DEBUG Engine               - urlPOM: https://raw.githubusercontent.com/AlmasB/FXGL/release/README.md
15:33:16.390 [FXGL Background Thread 3 ] DEBUG Engine               - userAppClass: class com.oop2.typewiz.GameplayComponents.Game
15:33:16.390 [FXGL Background Thread 3 ] DEBUG Engine               - version: 0.0
15:33:16.390 [FXGL Background Thread 3 ] DEBUG Engine               - versionCheckDays: 7
15:33:16.390 [FXGL Background Thread 3 ] DEBUG Engine               - width: 1280
15:33:16.390 [FXGL Background Thread 3 ] DEBUG Engine               - Logging services
15:33:16.390 [FXGL Background Thread 3 ] DEBUG Engine               - class com.almasb.fxgl.app.services.FXGLAssetLoaderService
15:33:16.390 [FXGL Background Thread 3 ] DEBUG Engine               - class com.almasb.fxgl.app.FXGLApplication$GameApplicationService
15:33:16.390 [FXGL Background Thread 3 ] DEBUG Engine               - class com.almasb.fxgl.app.services.FXGLDialogService
15:33:16.390 [FXGL Background Thread 3 ] DEBUG Engine               - class com.almasb.fxgl.app.services.IOTaskExecutorService
15:33:16.390 [FXGL Background Thread 3 ] DEBUG Engine               - class com.almasb.fxgl.io.FileSystemService
15:33:16.390 [FXGL Background Thread 3 ] DEBUG Engine               - class com.almasb.fxgl.localization.LocalizationService
15:33:16.390 [FXGL Background Thread 3 ] DEBUG Engine               - class com.almasb.fxgl.app.services.SystemBundleService
15:33:16.390 [FXGL Background Thread 3 ] DEBUG Engine               - class com.almasb.fxgl.profile.SaveLoadService
15:33:16.390 [FXGL Background Thread 3 ] DEBUG Engine               - class com.almasb.fxgl.ui.FXGLUIFactoryServiceProvider
15:33:16.390 [FXGL Background Thread 3 ] DEBUG Engine               - class com.almasb.fxgl.ui.FXGLDialogFactoryServiceProvider
15:33:16.390 [FXGL Background Thread 3 ] DEBUG Engine               - class com.almasb.fxgl.audio.AudioPlayer
15:33:16.390 [FXGL Background Thread 3 ] DEBUG Engine               - class com.almasb.fxgl.notification.impl.NotificationServiceProvider
15:33:16.390 [FXGL Background Thread 3 ] DEBUG Engine               - class com.almasb.fxgl.achievement.AchievementService
15:33:16.390 [FXGL Background Thread 3 ] DEBUG Engine               - class com.almasb.fxgl.cutscene.CutsceneService
15:33:16.390 [FXGL Background Thread 3 ] DEBUG Engine               - class com.almasb.fxgl.minigames.MiniGameService
15:33:16.390 [FXGL Background Thread 3 ] DEBUG Engine               - class com.almasb.fxgl.net.NetService
15:33:16.390 [FXGL Background Thread 3 ] DEBUG Engine               - class com.almasb.fxgl.app.services.UpdaterService
15:33:16.390 [FXGL Background Thread 3 ] DEBUG Engine               - class com.almasb.fxgl.dev.DevService
15:33:30.138 [JavaFX Application Thread] DEBUG FXGLApplication      - Exiting FXGL
15:33:30.138 [JavaFX Application Thread] DEBUG LoopRunner           - Stopping loop
15:33:30.138 [JavaFX Application Thread] DEBUG SystemBundleService  - Saving FXGL system data
15:33:30.140 [JavaFX Application Thread] DEBUG FileSystemAccess     - Writing to: C:\Users\Ruhmer Jairus\OOP2-Capstone\system\fxgl.bundle
15:33:30.141 [JavaFX Application Thread] DEBUG Async                - Shutting down background threads
15:33:30.141 [JavaFX Application Thread] DEBUG PrimaryStageWindow   - Closing main window
15:33:30.155 [JavaFX Application Thread] DEBUG Logger               - Closing Logger
