00:27:09.330 [main                     ] DEBUG Logger               - Configured Logger
00:27:09.388 [main                     ] DEBUG GameApplication      - Logging settings
Title: TypeWiz
Version: 0.0
Width: 1550
Height: 800
Fullscreen: false
Intro: false
Profiling: false
Single step:false
App Mode: DEVELOPER
Menu Key: ESCAPE
Stage Style: DECORATED
Scene Factory: class com.almasb.fxgl.app.scene.SceneFactory

00:27:10.069 [JavaFX Application Thread] DEBUG FXGLApplication      - Initializing FXGL
00:27:10.076 [JavaFX Application Thread] INFO  Engine               - FXGL-21.1 (27.03.2024 07.52) on MAC (J:23.0.1 FX:19)
00:27:10.077 [JavaFX Application Thread] DEBUG Engine               - JRE Vendor Name: Oracle Corporation
00:27:10.077 [JavaFX Application Thread] DEBUG Engine               - Running on OS: Mac OS X version 10.15.7
00:27:10.078 [JavaFX Application Thread] DEBUG Engine               - Architecture: x86_64
00:27:10.078 [JavaFX Application Thread] INFO  Engine               - Source code and latest versions at: https://github.com/AlmasB/FXGL
00:27:10.078 [JavaFX Application Thread] INFO  Engine               -       Ask questions and discuss at: https://github.com/AlmasB/FXGL/discussions
00:27:10.078 [JavaFX Application Thread] INFO  Engine               -              Join the FXGL chat at: https://gitter.im/AlmasB/FXGL
00:27:10.240 [JavaFX Application Thread] DEBUG PrimaryStageWindow   - Creating a JavaFX scene
00:27:10.240 [JavaFX Application Thread] DEBUG PrimaryStageWindow   - Target size > screen size
00:27:10.493 [JavaFX Application Thread] DEBUG PrimaryStageWindow   - Target settings size: 1550.0 x 800.0
00:27:10.494 [JavaFX Application Thread] DEBUG PrimaryStageWindow   - Scaled scene size:    1255.0 x 660.0
00:27:10.494 [JavaFX Application Thread] DEBUG PrimaryStageWindow   - Scaled ratio: (0.8096774193548387, 0.825)
00:27:10.498 [JavaFX Application Thread] DEBUG PrimaryStageWindow   - Set initial scene to FXGLStartupScene
00:27:10.509 [JavaFX Application Thread] DEBUG PrimaryStageWindow   - Opening main window
00:27:10.744 [JavaFX Application Thread] DEBUG PrimaryStageWindow   - Window border size: (0.0, 22.0)
00:27:10.745 [JavaFX Application Thread] DEBUG PrimaryStageWindow   - Scaled size: 1255.0 x 660.0
00:27:10.745 [JavaFX Application Thread] DEBUG PrimaryStageWindow   - Scaled ratio: (0.8096774193548387, 0.825)
00:27:10.746 [JavaFX Application Thread] DEBUG PrimaryStageWindow   - Scene size: 1255.0 x 660.0
00:27:10.746 [JavaFX Application Thread] DEBUG PrimaryStageWindow   - Stage size: 1255.0 x 682.0
00:27:10.776 [FXGL Background Thread 1 ] DEBUG Engine               - Initializing environment variables
00:27:11.045 [FXGL Background Thread 1 ] DEBUG FXGLAssetLoaderServi - User app class for loading assets: class com.oop2.typewiz.TypeWizApp
00:27:11.045 [FXGL Background Thread 1 ] DEBUG GameApplicationServi - Applying CSS: fxgl_dark.css
00:27:11.047 [FXGL Background Thread 1 ] DEBUG FXGLAssetLoaderServi - Loading from file system: jar:file:///Users/archiecabiso/.m2/repository/com/github/almasb/fxgl/21.1/fxgl-21.1.jar!/fxglassets/ui/css/fxgl_dark.css
00:27:11.164 [FXGL Background Thread 1 ] DEBUG GameApplicationServi - Initializing application scenes
00:27:11.957 [FXGL Background Thread 1 ] DEBUG GameWorld            - Game world initialized
00:27:12.028 [FXGL Background Thread 1 ] DEBUG PhysicsWorld         - Physics world initialized: appHeight=800, physics.ppm=50.0
00:27:12.029 [FXGL Background Thread 1 ] DEBUG PhysicsWorld         - Using strategy: BRUTE_FORCE
00:27:12.038 [FXGL Background Thread 1 ] DEBUG GameScene            - Game scene initialized: 1550x800
00:27:12.057 [FXGL Background Thread 1 ] DEBUG FXGL.DefaultMenu     - createMenuBodyGameMenu()
00:27:12.082 [FXGL Background Thread 1 ] DEBUG FXGL.DefaultMenu     - createOptionsMenu()
00:27:12.103 [FXGL Background Thread 1 ] DEBUG FXGLAssetLoaderServi - Loading from file system: jar:file:///Users/archiecabiso/.m2/repository/com/github/almasb/fxgl/21.1/fxgl-21.1.jar!/fxglassets/textures/particles/smoke.png
00:27:12.227 [FXGL Background Thread 1 ] DEBUG FXGLAssetLoaderServi - Loading from file system: jar:file:///Users/archiecabiso/.m2/repository/com/github/almasb/fxgl/21.1/fxgl-21.1.jar!/fxglassets/textures/particles/trace_horizontal.png
00:27:12.262 [FXGL Background Thread 1 ] DEBUG GameApplicationServi - Application scenes initialized
00:27:12.279 [FXGL Background Thread 1 ] DEBUG SystemBundleService  - Loading FXGL system data
00:27:12.286 [FXGL Background Thread 1 ] DEBUG FileSystemAccess     - Reading from: /Users/archiecabiso/Documents/2nd Year - CS/2nd Sem/CSIT228/OOP2-Capstone/system/fxgl.bundle
00:27:12.299 [FXGL Background Thread 1 ] DEBUG SystemBundleService  - Bundle FXGL: {}
00:27:12.299 [FXGL Background Thread 1 ] DEBUG UpdaterService       - Checking for updates
00:27:12.305 [FXGL Background Thread 4 ] DEBUG FXGLApplication      - Loading fonts
00:27:12.306 [FXGL Background Thread 4 ] DEBUG FXGLAssetLoaderServi - Loading from file system: jar:file:///Users/archiecabiso/.m2/repository/com/github/almasb/fxgl/21.1/fxgl-21.1.jar!/fxglassets/ui/fonts/VarelaRound-Regular.ttf
00:27:12.307 [FXGL Background Thread 1 ] DEBUG FXGLApplication      - Loading default localization
00:27:12.308 [FXGL Background Thread 1 ] DEBUG FXGLAssetLoaderServi - Loading from file system: jar:file:///Users/archiecabiso/.m2/repository/com/github/almasb/fxgl/21.1/fxgl-21.1.jar!/fxglassets/languages/english.lang
00:27:12.326 [FXGL Background Thread 4 ] DEBUG FXGLAssetLoaderServi - Loading from file system: jar:file:///Users/archiecabiso/.m2/repository/com/github/almasb/fxgl/21.1/fxgl-21.1.jar!/fxglassets/ui/fonts/Abel-Regular.ttf
00:27:12.330 [FXGL Background Thread 4 ] DEBUG FXGLAssetLoaderServi - Loading from file system: jar:file:///Users/archiecabiso/.m2/repository/com/github/almasb/fxgl/21.1/fxgl-21.1.jar!/fxglassets/ui/fonts/TerminalLandMono-Regular.otf
00:27:12.335 [FXGL Background Thread 4 ] DEBUG FXGLAssetLoaderServi - Loading from file system: jar:file:///Users/archiecabiso/.m2/repository/com/github/almasb/fxgl/21.1/fxgl-21.1.jar!/fxglassets/ui/fonts/Courier-Prime.ttf
00:27:12.336 [FXGL Background Thread 1 ] INFO  FXGLApplication      - FXGL initialization took: 1.559 sec
00:27:12.338 [JavaFX Application Thread] DEBUG FXGLAssetLoaderServi - Loading from file system: jar:file:///Users/archiecabiso/.m2/repository/com/github/almasb/fxgl/21.1/fxgl-21.1.jar!/fxglassets/textures/fxgl_icon.png
00:27:12.370 [JavaFX Application Thread] DEBUG FXGLAssetLoaderServi - Loading from file system: jar:file:///Users/archiecabiso/.m2/repository/com/github/almasb/fxgl/21.1/fxgl-21.1.jar!/fxglassets/textures/fxgl_default_cursor.png
00:27:12.387 [JavaFX Application Thread] DEBUG Input                - Registered new binding: Screenshot - CTRL+8
00:27:12.387 [JavaFX Application Thread] DEBUG Input                - Registered new binding: System info dump - CTRL+9
00:27:12.388 [JavaFX Application Thread] DEBUG Input                - Registered new binding: Restart - CTRL+R
00:27:12.388 [JavaFX Application Thread] DEBUG Input                - Registered new binding: Toggle Debug Camera - CTRL+7
00:27:12.391 [JavaFX Application Thread] DEBUG LoopRunner           - Starting loop
00:27:12.391 [JavaFX Application Thread] DEBUG LoopRunner           - Initializing JavaFX AnimationTimerLoop
00:27:12.392 [JavaFX Application Thread] DEBUG GameApplicationServi - Starting new game
00:27:12.393 [JavaFX Application Thread] DEBUG Input                - Clearing active input actions
00:27:12.407 [JavaFX Application Thread] DEBUG GameApplicationServi - Removing overlay from FXGLStartupScene and adding to FXGLLoadingScene
00:27:12.408 [JavaFX Application Thread] DEBUG PrimaryStageWindow   - FXGLStartupScene -> FXGLLoadingScene
00:27:12.408 [JavaFX Application Thread] DEBUG GameApplicationServi - Clearing previous game
00:27:12.408 [JavaFX Application Thread] DEBUG GameScene            - Clearing game scene
00:27:12.409 [JavaFX Application Thread] DEBUG GameWorld            - Clearing game world
00:27:12.409 [JavaFX Application Thread] DEBUG PhysicsWorld         - Clearing physics world
00:27:12.413 [FXGL Background Thread 4 ] DEBUG FXGLApplication      - Initializing game
00:27:12.415 [FXGL Background Thread 4 ] DEBUG FXGLAssetLoaderServi - Loading from file system: file:/Users/archiecabiso/Documents/2nd%20Year%20-%20CS/2nd%20Sem/CSIT228/OOP2-Capstone/target/classes/assets/textures/magicbook.png
00:27:12.422 [JavaFX Application Thread] DEBUG FXGLApplication      - Registering font factories with UI factory
00:27:12.455 [FXGL Background Thread 4 ] DEBUG FXGLAssetLoaderServi - Loading from file system: file:/Users/archiecabiso/Documents/2nd%20Year%20-%20CS/2nd%20Sem/CSIT228/OOP2-Capstone/target/classes/assets/textures/magicbook_hover.png
00:27:13.358 [FXGL Background Thread 4 ] INFO  FXGLApplication      - Game initialization took: 0.945 sec
00:27:13.362 [JavaFX Application Thread] DEBUG Input                - Clearing active input actions
00:27:13.389 [JavaFX Application Thread] DEBUG GameApplicationServi - Removing overlay from FXGLLoadingScene and adding to GameScene
00:27:13.389 [JavaFX Application Thread] DEBUG PrimaryStageWindow   - FXGLLoadingScene -> GameScene
00:27:15.306 [FXGL Background Thread 3 ] DEBUG Engine               - Logging environment variables
00:27:15.309 [FXGL Background Thread 3 ] DEBUG Engine               - achievements: []
00:27:15.309 [FXGL Background Thread 3 ] DEBUG Engine               - actualHeight: 660.0
00:27:15.310 [FXGL Background Thread 3 ] DEBUG Engine               - actualHeightProperty: ReadOnlyDoubleProperty [value: 660.0]
00:27:15.311 [FXGL Background Thread 3 ] DEBUG Engine               - actualWidth: 1255.0
00:27:15.311 [FXGL Background Thread 3 ] DEBUG Engine               - actualWidthProperty: ReadOnlyDoubleProperty [value: 1255.0]
00:27:15.311 [FXGL Background Thread 3 ] DEBUG Engine               - appIcon: fxgl_icon.png
00:27:15.311 [FXGL Background Thread 3 ] DEBUG Engine               - applicationMode: DEVELOPER
00:27:15.311 [FXGL Background Thread 3 ] DEBUG Engine               - cSSList: [fxgl_dark.css]
00:27:15.311 [FXGL Background Thread 3 ] DEBUG Engine               - collisionDetectionStrategy: BRUTE_FORCE
00:27:15.312 [FXGL Background Thread 3 ] DEBUG Engine               - configClass: Optional.empty
00:27:15.312 [FXGL Background Thread 3 ] DEBUG Engine               - credits: []
00:27:15.312 [FXGL Background Thread 3 ] DEBUG Engine               - defaultCursor: CursorInfo(imageName=fxgl_default_cursor.png, hotspotX=7.0, hotspotY=6.0)
00:27:15.313 [FXGL Background Thread 3 ] DEBUG Engine               - devBBoxColorProperty: ObjectProperty [value: 0xff0000ff]
00:27:15.313 [FXGL Background Thread 3 ] DEBUG Engine               - devEnableDebugCameraProperty: BooleanProperty [value: false]
00:27:15.313 [FXGL Background Thread 3 ] DEBUG Engine               - devSensorColorProperty: ObjectProperty [value: 0xffff00ff]
00:27:15.313 [FXGL Background Thread 3 ] DEBUG Engine               - devShowBBoxProperty: BooleanProperty [value: false]
00:27:15.314 [FXGL Background Thread 3 ] DEBUG Engine               - devShowPositionProperty: BooleanProperty [value: false]
00:27:15.314 [FXGL Background Thread 3 ] DEBUG Engine               - enabledMenuItems: []
00:27:15.314 [FXGL Background Thread 3 ] DEBUG Engine               - engineServices: [class com.almasb.fxgl.app.services.FXGLAssetLoaderService, class com.almasb.fxgl.app.FXGLApplication$GameApplicationService, class com.almasb.fxgl.app.services.FXGLDialogService, class com.almasb.fxgl.app.services.IOTaskExecutorService, class com.almasb.fxgl.io.FileSystemService, class com.almasb.fxgl.localization.LocalizationService, class com.almasb.fxgl.app.services.SystemBundleService, class com.almasb.fxgl.profile.SaveLoadService, class com.almasb.fxgl.ui.FXGLUIFactoryServiceProvider, class com.almasb.fxgl.ui.FXGLDialogFactoryServiceProvider, class com.almasb.fxgl.audio.AudioPlayer, class com.almasb.fxgl.notification.impl.NotificationServiceProvider, class com.almasb.fxgl.achievement.AchievementService, class com.almasb.fxgl.cutscene.CutsceneService, class com.almasb.fxgl.minigames.MiniGameService, class com.almasb.fxgl.net.NetService, class com.almasb.fxgl.app.services.UpdaterService, class com.almasb.fxgl.dev.DevService]
00:27:15.314 [FXGL Background Thread 3 ] DEBUG Engine               - fontGame: Abel-Regular.ttf
00:27:15.314 [FXGL Background Thread 3 ] DEBUG Engine               - fontMono: TerminalLandMono-Regular.otf
00:27:15.315 [FXGL Background Thread 3 ] DEBUG Engine               - fontSizeScaleUI: 1.0
00:27:15.315 [FXGL Background Thread 3 ] DEBUG Engine               - fontText: Courier-Prime.ttf
00:27:15.315 [FXGL Background Thread 3 ] DEBUG Engine               - fontUI: VarelaRound-Regular.ttf
00:27:15.315 [FXGL Background Thread 3 ] DEBUG Engine               - fullScreen: BooleanProperty [value: false]
00:27:15.315 [FXGL Background Thread 3 ] DEBUG Engine               - gameDifficulty: MEDIUM
00:27:15.315 [FXGL Background Thread 3 ] DEBUG Engine               - gameDifficultyProperty: ObjectProperty [value: MEDIUM]
00:27:15.316 [FXGL Background Thread 3 ] DEBUG Engine               - globalMusicVolume: 0.5
00:27:15.316 [FXGL Background Thread 3 ] DEBUG Engine               - globalMusicVolumeProperty: DoubleProperty [value: 0.5]
00:27:15.316 [FXGL Background Thread 3 ] DEBUG Engine               - globalSoundVolume: 0.5
00:27:15.316 [FXGL Background Thread 3 ] DEBUG Engine               - globalSoundVolumeProperty: DoubleProperty [value: 0.5]
00:27:15.316 [FXGL Background Thread 3 ] DEBUG Engine               - height: 800
00:27:15.316 [FXGL Background Thread 3 ] DEBUG Engine               - is3D: false
00:27:15.316 [FXGL Background Thread 3 ] DEBUG Engine               - isAndroid: false
00:27:15.317 [FXGL Background Thread 3 ] DEBUG Engine               - isBrowser: false
00:27:15.317 [FXGL Background Thread 3 ] DEBUG Engine               - isClickFeedbackEnabled: false
00:27:15.317 [FXGL Background Thread 3 ] DEBUG Engine               - isCloseConfirmation: false
00:27:15.317 [FXGL Background Thread 3 ] DEBUG Engine               - isDesktop: true
00:27:15.317 [FXGL Background Thread 3 ] DEBUG Engine               - isDeveloperMenuEnabled: false
00:27:15.317 [FXGL Background Thread 3 ] DEBUG Engine               - isEmbedded: false
00:27:15.317 [FXGL Background Thread 3 ] DEBUG Engine               - isEntityPreloadEnabled: true
00:27:15.318 [FXGL Background Thread 3 ] DEBUG Engine               - isExperimentalTiledLargeMap: false
00:27:15.318 [FXGL Background Thread 3 ] DEBUG Engine               - isFileSystemWriteAllowed: true
00:27:15.318 [FXGL Background Thread 3 ] DEBUG Engine               - isFullScreenAllowed: false
00:27:15.318 [FXGL Background Thread 3 ] DEBUG Engine               - isFullScreenFromStart: false
00:27:15.319 [FXGL Background Thread 3 ] DEBUG Engine               - isGameMenuEnabled: true
00:27:15.319 [FXGL Background Thread 3 ] DEBUG Engine               - isIOS: false
00:27:15.319 [FXGL Background Thread 3 ] DEBUG Engine               - isIntroEnabled: false
00:27:15.319 [FXGL Background Thread 3 ] DEBUG Engine               - isLinux: false
00:27:15.319 [FXGL Background Thread 3 ] DEBUG Engine               - isMac: true
00:27:15.320 [FXGL Background Thread 3 ] DEBUG Engine               - isMainMenuEnabled: false
00:27:15.320 [FXGL Background Thread 3 ] DEBUG Engine               - isManualResizeEnabled: false
00:27:15.321 [FXGL Background Thread 3 ] DEBUG Engine               - isMobile: false
00:27:15.321 [FXGL Background Thread 3 ] DEBUG Engine               - isNative: false
00:27:15.323 [FXGL Background Thread 3 ] DEBUG Engine               - isPauseMusicWhenMinimized: true
00:27:15.323 [FXGL Background Thread 3 ] DEBUG Engine               - isPreserveResizeRatio: false
00:27:15.323 [FXGL Background Thread 3 ] DEBUG Engine               - isProfilingEnabled: false
00:27:15.324 [FXGL Background Thread 3 ] DEBUG Engine               - isScaleAffectedOnResize: true
00:27:15.324 [FXGL Background Thread 3 ] DEBUG Engine               - isSingleStep: false
00:27:15.325 [FXGL Background Thread 3 ] DEBUG Engine               - isUserProfileEnabled: false
00:27:15.325 [FXGL Background Thread 3 ] DEBUG Engine               - isWindows: false
00:27:15.325 [FXGL Background Thread 3 ] DEBUG Engine               - language: ObjectProperty [value: ENGLISH]
00:27:15.325 [FXGL Background Thread 3 ] DEBUG Engine               - menuKey: ESCAPE
00:27:15.326 [FXGL Background Thread 3 ] DEBUG Engine               - mouseSensitivity: 0.2
00:27:15.326 [FXGL Background Thread 3 ] DEBUG Engine               - notificationViewClass: class com.almasb.fxgl.notification.view.XboxNotificationView
00:27:15.326 [FXGL Background Thread 3 ] DEBUG Engine               - pixelsPerMeter: 50.0
00:27:15.326 [FXGL Background Thread 3 ] DEBUG Engine               - platform: MAC
00:27:15.327 [FXGL Background Thread 3 ] DEBUG Engine               - prefHeightProperty: ReadOnlyDoubleProperty [value: 800.0]
00:27:15.327 [FXGL Background Thread 3 ] DEBUG Engine               - prefWidthProperty: ReadOnlyDoubleProperty [value: 1550.0]
00:27:15.327 [FXGL Background Thread 3 ] DEBUG Engine               - profileDir: profiles/
00:27:15.328 [FXGL Background Thread 3 ] DEBUG Engine               - profileName: StringProperty [value: DEFAULT]
00:27:15.328 [FXGL Background Thread 3 ] DEBUG Engine               - randomSeed: -1
00:27:15.329 [FXGL Background Thread 3 ] DEBUG Engine               - runtimeInfo: RuntimeInfo(platform=MAC, version=21.1, build=27.03.2024 07.52)
00:27:15.330 [FXGL Background Thread 3 ] DEBUG Engine               - saveFileExt: sav
00:27:15.330 [FXGL Background Thread 3 ] DEBUG Engine               - scaledHeightProp$fxgl: DoubleProperty [bound, value: 660.0]
00:27:15.330 [FXGL Background Thread 3 ] DEBUG Engine               - scaledWidthProp$fxgl: DoubleProperty [bound, value: 1255.0]
00:27:15.330 [FXGL Background Thread 3 ] DEBUG Engine               - sceneFactory: com.almasb.fxgl.app.scene.SceneFactory@d38bd37
00:27:15.330 [FXGL Background Thread 3 ] DEBUG Engine               - secondsIn24h: 60
00:27:15.331 [FXGL Background Thread 3 ] DEBUG Engine               - soundMenuBack: menu/back.wav
00:27:15.331 [FXGL Background Thread 3 ] DEBUG Engine               - soundMenuPress: menu/press.wav
00:27:15.331 [FXGL Background Thread 3 ] DEBUG Engine               - soundMenuSelect: menu/select.wav
00:27:15.331 [FXGL Background Thread 3 ] DEBUG Engine               - soundNotification: core/notification.wav
00:27:15.331 [FXGL Background Thread 3 ] DEBUG Engine               - stageStyle: DECORATED
00:27:15.331 [FXGL Background Thread 3 ] DEBUG Engine               - supportedLanguages: [ENGLISH, FRENCH, GERMAN, HUNGARIAN, RUSSIAN]
00:27:15.331 [FXGL Background Thread 3 ] DEBUG Engine               - ticksPerSecond: -1
00:27:15.331 [FXGL Background Thread 3 ] DEBUG Engine               - title: TypeWiz
00:27:15.332 [FXGL Background Thread 3 ] DEBUG Engine               - urlGithub: https://github.com/AlmasB/FXGL
00:27:15.332 [FXGL Background Thread 3 ] DEBUG Engine               - urlLeaderboard: http://fxgl-top.herokuapp.com/
00:27:15.332 [FXGL Background Thread 3 ] DEBUG Engine               - urlPOM: https://raw.githubusercontent.com/AlmasB/FXGL/release/README.md
00:27:15.332 [FXGL Background Thread 3 ] DEBUG Engine               - userAppClass: class com.oop2.typewiz.TypeWizApp
00:27:15.332 [FXGL Background Thread 3 ] DEBUG Engine               - version: 0.0
00:27:15.332 [FXGL Background Thread 3 ] DEBUG Engine               - versionCheckDays: 7
00:27:15.332 [FXGL Background Thread 3 ] DEBUG Engine               - width: 1550
00:27:15.332 [FXGL Background Thread 3 ] DEBUG Engine               - Logging services
00:27:15.332 [FXGL Background Thread 3 ] DEBUG Engine               - class com.almasb.fxgl.app.services.FXGLAssetLoaderService
00:27:15.332 [FXGL Background Thread 3 ] DEBUG Engine               - class com.almasb.fxgl.app.FXGLApplication$GameApplicationService
00:27:15.332 [FXGL Background Thread 3 ] DEBUG Engine               - class com.almasb.fxgl.app.services.FXGLDialogService
00:27:15.332 [FXGL Background Thread 3 ] DEBUG Engine               - class com.almasb.fxgl.app.services.IOTaskExecutorService
00:27:15.332 [FXGL Background Thread 3 ] DEBUG Engine               - class com.almasb.fxgl.io.FileSystemService
00:27:15.333 [FXGL Background Thread 3 ] DEBUG Engine               - class com.almasb.fxgl.localization.LocalizationService
00:27:15.333 [FXGL Background Thread 3 ] DEBUG Engine               - class com.almasb.fxgl.app.services.SystemBundleService
00:27:15.333 [FXGL Background Thread 3 ] DEBUG Engine               - class com.almasb.fxgl.profile.SaveLoadService
00:27:15.333 [FXGL Background Thread 3 ] DEBUG Engine               - class com.almasb.fxgl.ui.FXGLUIFactoryServiceProvider
00:27:15.333 [FXGL Background Thread 3 ] DEBUG Engine               - class com.almasb.fxgl.ui.FXGLDialogFactoryServiceProvider
00:27:15.333 [FXGL Background Thread 3 ] DEBUG Engine               - class com.almasb.fxgl.audio.AudioPlayer
00:27:15.333 [FXGL Background Thread 3 ] DEBUG Engine               - class com.almasb.fxgl.notification.impl.NotificationServiceProvider
00:27:15.333 [FXGL Background Thread 3 ] DEBUG Engine               - class com.almasb.fxgl.achievement.AchievementService
00:27:15.333 [FXGL Background Thread 3 ] DEBUG Engine               - class com.almasb.fxgl.cutscene.CutsceneService
00:27:15.333 [FXGL Background Thread 3 ] DEBUG Engine               - class com.almasb.fxgl.minigames.MiniGameService
00:27:15.333 [FXGL Background Thread 3 ] DEBUG Engine               - class com.almasb.fxgl.net.NetService
00:27:15.333 [FXGL Background Thread 3 ] DEBUG Engine               - class com.almasb.fxgl.app.services.UpdaterService
00:27:15.333 [FXGL Background Thread 3 ] DEBUG Engine               - class com.almasb.fxgl.dev.DevService
00:27:15.358 [JavaFX Application Thread] DEBUG FXGLAssetLoaderServi - Loading from file system: file:/Users/archiecabiso/Documents/2nd%20Year%20-%20CS/2nd%20Sem/CSIT228/OOP2-Capstone/target/classes/assets/sounds/sound-library/hover.wav
00:27:16.090 [JavaFX Application Thread] DEBUG FXGLAssetLoaderServi - Loading from file system: file:/Users/archiecabiso/Documents/2nd%20Year%20-%20CS/2nd%20Sem/CSIT228/OOP2-Capstone/target/classes/assets/sounds/sound-library/click.wav
00:27:17.094 [JavaFX Application Thread] DEBUG FXGLAssetLoaderServi - Loading from file system: file:/Users/archiecabiso/Documents/2nd%20Year%20-%20CS/2nd%20Sem/CSIT228/OOP2-Capstone/target/classes/assets/music/magic.wav
00:27:17.128 [JavaFX Application Thread] DEBUG AudioPlayer          - Playing music com.almasb.fxgl.audio.Music@2e16bf88
00:27:19.197 [JavaFX Application Thread] DEBUG FXGLAssetLoaderServi - Loading from file system: file:/Users/archiecabiso/Documents/2nd%20Year%20-%20CS/2nd%20Sem/CSIT228/OOP2-Capstone/target/classes/assets/music/bgm.mp3
00:27:19.207 [JavaFX Application Thread] DEBUG AudioPlayer          - Playing music com.almasb.fxgl.audio.Music@7e2b8d7e
00:27:21.612 [JavaFX Application Thread] DEBUG PrimaryStageWindow   - Push state: DifficultyMenuScreen
00:27:21.613 [JavaFX Application Thread] DEBUG Input                - Clearing active input actions
00:27:21.614 [JavaFX Application Thread] DEBUG GameApplicationServi - Removing overlay from GameScene and adding to DifficultyMenuScreen
00:27:21.615 [JavaFX Application Thread] DEBUG PrimaryStageWindow   - GameScene -> DifficultyMenuScreen
00:27:52.866 [JavaFX Application Thread] DEBUG GameApplicationServi - Starting new game
00:27:52.867 [JavaFX Application Thread] DEBUG PrimaryStageWindow   - Pop state: DifficultyMenuScreen
00:27:52.867 [JavaFX Application Thread] DEBUG Input                - Clearing active input actions
00:27:52.869 [JavaFX Application Thread] DEBUG GameApplicationServi - Removing overlay from DifficultyMenuScreen and adding to GameScene
00:27:52.871 [JavaFX Application Thread] DEBUG PrimaryStageWindow   - GameScene <- DifficultyMenuScreen
00:27:52.871 [JavaFX Application Thread] DEBUG Input                - Clearing active input actions
00:27:52.892 [JavaFX Application Thread] DEBUG GameApplicationServi - Removing overlay from GameScene and adding to FXGLLoadingScene
00:27:52.892 [JavaFX Application Thread] DEBUG PrimaryStageWindow   - GameScene -> FXGLLoadingScene
00:27:52.892 [JavaFX Application Thread] DEBUG GameApplicationServi - Clearing previous game
00:27:52.892 [JavaFX Application Thread] DEBUG GameScene            - Clearing game scene
00:27:52.892 [JavaFX Application Thread] DEBUG GameWorld            - Clearing game world
00:27:52.895 [JavaFX Application Thread] DEBUG PhysicsWorld         - Clearing physics world
00:27:52.896 [FXGL Background Thread 2 ] DEBUG FXGLApplication      - Initializing game
00:27:53.532 [FXGL Background Thread 2 ] INFO  FXGLApplication      - Game initialization took: 0.635 sec
00:27:53.532 [JavaFX Application Thread] DEBUG Input                - Clearing active input actions
00:27:53.546 [JavaFX Application Thread] DEBUG GameApplicationServi - Removing overlay from FXGLLoadingScene and adding to GameScene
00:27:53.546 [JavaFX Application Thread] DEBUG PrimaryStageWindow   - FXGLLoadingScene -> GameScene
00:27:57.504 [JavaFX Application Thread] DEBUG FXGLApplication      - Exiting FXGL
00:27:57.504 [JavaFX Application Thread] DEBUG LoopRunner           - Stopping loop
00:27:57.505 [JavaFX Application Thread] DEBUG SystemBundleService  - Saving FXGL system data
00:27:57.514 [JavaFX Application Thread] DEBUG FileSystemAccess     - Writing to: /Users/archiecabiso/Documents/2nd Year - CS/2nd Sem/CSIT228/OOP2-Capstone/system/fxgl.bundle
00:27:57.519 [JavaFX Application Thread] DEBUG Async                - Shutting down background threads
00:27:57.519 [JavaFX Application Thread] DEBUG PrimaryStageWindow   - Closing main window
00:27:57.528 [JavaFX Application Thread] DEBUG Logger               - Closing Logger
