18:27:22.583 [main                     ] DEBUG Logger               - Configured Logger
18:27:22.611 [main                     ] DEBUG GameApplication      - Logging settings
Title: TypeWiz - Winter Theme
Version: 0.0
Width: 1280
Height: 720
Fullscreen: false
Intro: false
Profiling: false
Single step:false
App Mode: DEVELOPER
Menu Key: ESCAPE
Stage Style: DECORATED
Scene Factory: class com.almasb.fxgl.app.scene.SceneFactory

18:27:22.866 [JavaFX Application Thread] DEBUG FXGLApplication      - Initializing FXGL
18:27:22.869 [JavaFX Application Thread] INFO  Engine               - FXGL-21.1 (27.03.2024 07.52) on WINDOWS (J:21.0.3 FX:19)
18:27:22.869 [JavaFX Application Thread] DEBUG Engine               - JRE Vendor Name: Oracle Corporation
18:27:22.870 [JavaFX Application Thread] DEBUG Engine               - Running on OS: Windows 11 version 10.0
18:27:22.870 [JavaFX Application Thread] DEBUG Engine               - Architecture: amd64
18:27:22.870 [JavaFX Application Thread] INFO  Engine               - Source code and latest versions at: https://github.com/AlmasB/FXGL
18:27:22.870 [JavaFX Application Thread] INFO  Engine               -       Ask questions and discuss at: https://github.com/AlmasB/FXGL/discussions
18:27:22.870 [JavaFX Application Thread] INFO  Engine               -              Join the FXGL chat at: https://gitter.im/AlmasB/FXGL
18:27:22.938 [JavaFX Application Thread] DEBUG PrimaryStageWindow   - Creating a JavaFX scene
18:27:22.977 [JavaFX Application Thread] DEBUG PrimaryStageWindow   - Target settings size: 1280.0 x 720.0
18:27:22.977 [JavaFX Application Thread] DEBUG PrimaryStageWindow   - Scaled scene size:    1280.0 x 720.0
18:27:22.977 [JavaFX Application Thread] DEBUG PrimaryStageWindow   - Scaled ratio: (1.0, 1.0)
18:27:22.978 [JavaFX Application Thread] DEBUG PrimaryStageWindow   - Set initial scene to FXGLStartupScene
18:27:22.981 [JavaFX Application Thread] DEBUG PrimaryStageWindow   - Opening main window
18:27:23.045 [JavaFX Application Thread] DEBUG PrimaryStageWindow   - Window border size: (14.4000244140625, 37.5999755859375)
18:27:23.045 [JavaFX Application Thread] DEBUG PrimaryStageWindow   - Scaled size: 1280.0 x 720.0
18:27:23.045 [JavaFX Application Thread] DEBUG PrimaryStageWindow   - Scaled ratio: (1.0, 1.0)
18:27:23.045 [JavaFX Application Thread] DEBUG PrimaryStageWindow   - Scene size: 1280.0 x 720.0
18:27:23.045 [JavaFX Application Thread] DEBUG PrimaryStageWindow   - Stage size: 1294.4000244140625 x 757.5999755859375
18:27:23.053 [FXGL Background Thread 1 ] DEBUG Engine               - Initializing environment variables
18:27:23.104 [FXGL Background Thread 1 ] DEBUG FXGLAssetLoaderServi - User app class for loading assets: class com.oop2.typewiz.GameplayComponents.Game
18:27:23.105 [FXGL Background Thread 1 ] DEBUG GameApplicationServi - Applying CSS: fxgl_dark.css
18:27:23.106 [FXGL Background Thread 1 ] DEBUG FXGLAssetLoaderServi - Loading from file system: jar:file:///C:/Users/Ruhmer%20Jairus/.m2/repository/com/github/almasb/fxgl/21.1/fxgl-21.1.jar!/fxglassets/ui/css/fxgl_dark.css
18:27:23.154 [FXGL Background Thread 1 ] DEBUG GameApplicationServi - Initializing application scenes
18:27:23.204 [FXGL Background Thread 1 ] DEBUG GameWorld            - Game world initialized
18:27:23.259 [FXGL Background Thread 1 ] DEBUG PhysicsWorld         - Physics world initialized: appHeight=720, physics.ppm=50.0
18:27:23.259 [FXGL Background Thread 1 ] DEBUG PhysicsWorld         - Using strategy: BRUTE_FORCE
18:27:23.263 [FXGL Background Thread 1 ] DEBUG GameScene            - Game scene initialized: 1280x720
18:27:23.263 [FXGL Background Thread 1 ] DEBUG GameApplicationServi - Application scenes initialized
18:27:23.279 [FXGL Background Thread 1 ] DEBUG SystemBundleService  - Loading FXGL system data
18:27:23.282 [FXGL Background Thread 1 ] DEBUG FileSystemAccess     - Reading from: C:\Users\Ruhmer Jairus\OOP2-Capstone\system\fxgl.bundle
18:27:23.288 [FXGL Background Thread 1 ] DEBUG SystemBundleService  - Bundle FXGL: {}
18:27:23.288 [FXGL Background Thread 1 ] DEBUG UpdaterService       - Checking for updates
18:27:23.293 [FXGL Background Thread 4 ] DEBUG FXGLApplication      - Loading fonts
18:27:23.293 [FXGL Background Thread 4 ] DEBUG FXGLAssetLoaderServi - Loading from file system: jar:file:///C:/Users/Ruhmer%20Jairus/.m2/repository/com/github/almasb/fxgl/21.1/fxgl-21.1.jar!/fxglassets/ui/fonts/VarelaRound-Regular.ttf
18:27:23.293 [FXGL Background Thread 1 ] DEBUG FXGLApplication      - Loading default localization
18:27:23.294 [FXGL Background Thread 1 ] DEBUG FXGLAssetLoaderServi - Loading from file system: jar:file:///C:/Users/Ruhmer%20Jairus/.m2/repository/com/github/almasb/fxgl/21.1/fxgl-21.1.jar!/fxglassets/languages/english.lang
18:27:23.313 [FXGL Background Thread 1 ] INFO  FXGLApplication      - FXGL initialization took: 0.261 sec
18:27:23.315 [JavaFX Application Thread] DEBUG FXGLAssetLoaderServi - Loading from file system: jar:file:///C:/Users/Ruhmer%20Jairus/.m2/repository/com/github/almasb/fxgl/21.1/fxgl-21.1.jar!/fxglassets/textures/fxgl_icon.png
18:27:23.326 [FXGL Background Thread 4 ] DEBUG FXGLAssetLoaderServi - Loading from file system: jar:file:///C:/Users/Ruhmer%20Jairus/.m2/repository/com/github/almasb/fxgl/21.1/fxgl-21.1.jar!/fxglassets/ui/fonts/Abel-Regular.ttf
18:27:23.329 [FXGL Background Thread 4 ] DEBUG FXGLAssetLoaderServi - Loading from file system: jar:file:///C:/Users/Ruhmer%20Jairus/.m2/repository/com/github/almasb/fxgl/21.1/fxgl-21.1.jar!/fxglassets/ui/fonts/TerminalLandMono-Regular.otf
18:27:23.334 [FXGL Background Thread 4 ] DEBUG FXGLAssetLoaderServi - Loading from file system: jar:file:///C:/Users/Ruhmer%20Jairus/.m2/repository/com/github/almasb/fxgl/21.1/fxgl-21.1.jar!/fxglassets/ui/fonts/Courier-Prime.ttf
18:27:23.356 [JavaFX Application Thread] DEBUG FXGLAssetLoaderServi - Loading from file system: jar:file:///C:/Users/Ruhmer%20Jairus/.m2/repository/com/github/almasb/fxgl/21.1/fxgl-21.1.jar!/fxglassets/textures/fxgl_default_cursor.png
18:27:23.365 [JavaFX Application Thread] DEBUG Input                - Registered new binding: Screenshot - CTRL+8
18:27:23.365 [JavaFX Application Thread] DEBUG Input                - Registered new binding: System info dump - CTRL+9
18:27:23.365 [JavaFX Application Thread] DEBUG Input                - Registered new binding: Restart - CTRL+R
18:27:23.366 [JavaFX Application Thread] DEBUG Input                - Registered new binding: Toggle Debug Camera - CTRL+7
18:27:23.368 [JavaFX Application Thread] DEBUG LoopRunner           - Starting loop
18:27:23.368 [JavaFX Application Thread] DEBUG LoopRunner           - Initializing JavaFX AnimationTimerLoop
18:27:23.370 [JavaFX Application Thread] DEBUG GameApplicationServi - Starting new game
18:27:23.370 [JavaFX Application Thread] DEBUG Input                - Clearing active input actions
18:27:23.383 [JavaFX Application Thread] DEBUG GameApplicationServi - Removing overlay from FXGLStartupScene and adding to FXGLLoadingScene
18:27:23.383 [JavaFX Application Thread] DEBUG PrimaryStageWindow   - FXGLStartupScene -> FXGLLoadingScene
18:27:23.383 [JavaFX Application Thread] DEBUG GameApplicationServi - Clearing previous game
18:27:23.383 [JavaFX Application Thread] DEBUG GameScene            - Clearing game scene
18:27:23.383 [JavaFX Application Thread] DEBUG GameWorld            - Clearing game world
18:27:23.383 [JavaFX Application Thread] DEBUG PhysicsWorld         - Clearing physics world
18:27:23.386 [FXGL Background Thread 4 ] DEBUG FXGLApplication      - Initializing game
18:27:23.388 [JavaFX Application Thread] DEBUG FXGLApplication      - Registering font factories with UI factory
18:27:23.390 [FXGL Background Thread 4 ] DEBUG FXGLAssetLoaderServi - Loading from file system: file:/C:/Users/Ruhmer%20Jairus/OOP2-Capstone/target/classes/assets/textures/background-and-platforms/bg-winter_1280_720.png
18:27:23.430 [FXGL Background Thread 4 ] DEBUG FXGLAssetLoaderServi - Loading from file system: file:/C:/Users/Ruhmer%20Jairus/OOP2-Capstone/target/classes/assets/textures/background-and-platforms/hdlargerplatform-winter.png
18:27:23.505 [FXGL Background Thread 4 ] DEBUG FXGLAssetLoaderServi - Loading from file system: file:/C:/Users/Ruhmer%20Jairus/OOP2-Capstone/target/classes/assets/textures/wizard/wizard.png
18:27:23.579 [FXGL Background Thread 4 ] WARN  GameWorld            - Attempted to remove entity which is not active
18:27:23.581 [FXGL Background Thread 4 ] WARN  GameWorld            - Attempted to remove entity which is not active
18:27:23.582 [FXGL Background Thread 4 ] WARN  GameWorld            - Attempted to remove entity which is not active
18:27:23.583 [FXGL Background Thread 4 ] WARN  GameWorld            - Attempted to remove entity which is not active
18:27:23.583 [FXGL Background Thread 4 ] WARN  GameWorld            - Attempted to remove entity which is not active
18:27:23.584 [FXGL Background Thread 4 ] WARN  GameWorld            - Attempted to remove entity which is not active
18:27:23.586 [FXGL Background Thread 4 ] WARN  GameWorld            - Attempted to remove entity which is not active
18:27:23.586 [FXGL Background Thread 4 ] WARN  GameWorld            - Attempted to remove entity which is not active
18:27:23.587 [FXGL Background Thread 4 ] WARN  GameWorld            - Attempted to remove entity which is not active
18:27:23.588 [FXGL Background Thread 4 ] WARN  GameWorld            - Attempted to remove entity which is not active
18:27:23.595 [FXGL Background Thread 4 ] DEBUG FXGLAssetLoaderServi - Loading from file system: file:/C:/Users/Ruhmer%20Jairus/OOP2-Capstone/target/classes/assets/textures/mobs/gargoyle/gargoyle.png
18:27:23.631 [FXGL Background Thread 4 ] INFO  FXGLApplication      - Game initialization took: 0.245 sec
18:27:23.632 [JavaFX Application Thread] DEBUG Input                - Clearing active input actions
18:27:23.640 [JavaFX Application Thread] DEBUG GameApplicationServi - Removing overlay from FXGLLoadingScene and adding to GameScene
18:27:23.641 [JavaFX Application Thread] DEBUG PrimaryStageWindow   - FXGLLoadingScene -> GameScene
18:27:26.292 [FXGL Background Thread 3 ] DEBUG Engine               - Logging environment variables
18:27:26.292 [FXGL Background Thread 3 ] DEBUG Engine               - achievements: []
18:27:26.292 [FXGL Background Thread 3 ] DEBUG Engine               - actualHeight: 720.0
18:27:26.292 [FXGL Background Thread 3 ] DEBUG Engine               - actualHeightProperty: ReadOnlyDoubleProperty [value: 720.0]
18:27:26.292 [FXGL Background Thread 3 ] DEBUG Engine               - actualWidth: 1280.0
18:27:26.293 [FXGL Background Thread 3 ] DEBUG Engine               - actualWidthProperty: ReadOnlyDoubleProperty [value: 1280.0]
18:27:26.293 [FXGL Background Thread 3 ] DEBUG Engine               - appIcon: fxgl_icon.png
18:27:26.293 [FXGL Background Thread 3 ] DEBUG Engine               - applicationMode: DEVELOPER
18:27:26.293 [FXGL Background Thread 3 ] DEBUG Engine               - cSSList: [fxgl_dark.css]
18:27:26.293 [FXGL Background Thread 3 ] DEBUG Engine               - collisionDetectionStrategy: BRUTE_FORCE
18:27:26.293 [FXGL Background Thread 3 ] DEBUG Engine               - configClass: Optional.empty
18:27:26.293 [FXGL Background Thread 3 ] DEBUG Engine               - credits: []
18:27:26.294 [FXGL Background Thread 3 ] DEBUG Engine               - defaultCursor: CursorInfo(imageName=fxgl_default_cursor.png, hotspotX=7.0, hotspotY=6.0)
18:27:26.294 [FXGL Background Thread 3 ] DEBUG Engine               - devBBoxColorProperty: ObjectProperty [value: 0xff0000ff]
18:27:26.294 [FXGL Background Thread 3 ] DEBUG Engine               - devEnableDebugCameraProperty: BooleanProperty [value: false]
18:27:26.294 [FXGL Background Thread 3 ] DEBUG Engine               - devSensorColorProperty: ObjectProperty [value: 0xffff00ff]
18:27:26.294 [FXGL Background Thread 3 ] DEBUG Engine               - devShowBBoxProperty: BooleanProperty [value: false]
18:27:26.294 [FXGL Background Thread 3 ] DEBUG Engine               - devShowPositionProperty: BooleanProperty [value: false]
18:27:26.294 [FXGL Background Thread 3 ] DEBUG Engine               - enabledMenuItems: []
18:27:26.294 [FXGL Background Thread 3 ] DEBUG Engine               - engineServices: [class com.almasb.fxgl.app.services.FXGLAssetLoaderService, class com.almasb.fxgl.app.FXGLApplication$GameApplicationService, class com.almasb.fxgl.app.services.FXGLDialogService, class com.almasb.fxgl.app.services.IOTaskExecutorService, class com.almasb.fxgl.io.FileSystemService, class com.almasb.fxgl.localization.LocalizationService, class com.almasb.fxgl.app.services.SystemBundleService, class com.almasb.fxgl.profile.SaveLoadService, class com.almasb.fxgl.ui.FXGLUIFactoryServiceProvider, class com.almasb.fxgl.ui.FXGLDialogFactoryServiceProvider, class com.almasb.fxgl.audio.AudioPlayer, class com.almasb.fxgl.notification.impl.NotificationServiceProvider, class com.almasb.fxgl.achievement.AchievementService, class com.almasb.fxgl.cutscene.CutsceneService, class com.almasb.fxgl.minigames.MiniGameService, class com.almasb.fxgl.net.NetService, class com.almasb.fxgl.app.services.UpdaterService, class com.almasb.fxgl.dev.DevService]
18:27:26.294 [FXGL Background Thread 3 ] DEBUG Engine               - fontGame: Abel-Regular.ttf
18:27:26.294 [FXGL Background Thread 3 ] DEBUG Engine               - fontMono: TerminalLandMono-Regular.otf
18:27:26.294 [FXGL Background Thread 3 ] DEBUG Engine               - fontSizeScaleUI: 1.0
18:27:26.294 [FXGL Background Thread 3 ] DEBUG Engine               - fontText: Courier-Prime.ttf
18:27:26.294 [FXGL Background Thread 3 ] DEBUG Engine               - fontUI: VarelaRound-Regular.ttf
18:27:26.294 [FXGL Background Thread 3 ] DEBUG Engine               - fullScreen: BooleanProperty [value: false]
18:27:26.294 [FXGL Background Thread 3 ] DEBUG Engine               - gameDifficulty: MEDIUM
18:27:26.295 [FXGL Background Thread 3 ] DEBUG Engine               - gameDifficultyProperty: ObjectProperty [value: MEDIUM]
18:27:26.295 [FXGL Background Thread 3 ] DEBUG Engine               - globalMusicVolume: 0.5
18:27:26.295 [FXGL Background Thread 3 ] DEBUG Engine               - globalMusicVolumeProperty: DoubleProperty [value: 0.5]
18:27:26.295 [FXGL Background Thread 3 ] DEBUG Engine               - globalSoundVolume: 0.5
18:27:26.295 [FXGL Background Thread 3 ] DEBUG Engine               - globalSoundVolumeProperty: DoubleProperty [value: 0.5]
18:27:26.295 [FXGL Background Thread 3 ] DEBUG Engine               - height: 720
18:27:26.295 [FXGL Background Thread 3 ] DEBUG Engine               - is3D: false
18:27:26.295 [FXGL Background Thread 3 ] DEBUG Engine               - isAndroid: false
18:27:26.295 [FXGL Background Thread 3 ] DEBUG Engine               - isBrowser: false
18:27:26.295 [FXGL Background Thread 3 ] DEBUG Engine               - isClickFeedbackEnabled: false
18:27:26.295 [FXGL Background Thread 3 ] DEBUG Engine               - isCloseConfirmation: false
18:27:26.295 [FXGL Background Thread 3 ] DEBUG Engine               - isDesktop: true
18:27:26.295 [FXGL Background Thread 3 ] DEBUG Engine               - isDeveloperMenuEnabled: false
18:27:26.295 [FXGL Background Thread 3 ] DEBUG Engine               - isEmbedded: false
18:27:26.295 [FXGL Background Thread 3 ] DEBUG Engine               - isEntityPreloadEnabled: true
18:27:26.295 [FXGL Background Thread 3 ] DEBUG Engine               - isExperimentalTiledLargeMap: false
18:27:26.295 [FXGL Background Thread 3 ] DEBUG Engine               - isFileSystemWriteAllowed: true
18:27:26.295 [FXGL Background Thread 3 ] DEBUG Engine               - isFullScreenAllowed: false
18:27:26.295 [FXGL Background Thread 3 ] DEBUG Engine               - isFullScreenFromStart: false
18:27:26.295 [FXGL Background Thread 3 ] DEBUG Engine               - isGameMenuEnabled: false
18:27:26.295 [FXGL Background Thread 3 ] DEBUG Engine               - isIOS: false
18:27:26.295 [FXGL Background Thread 3 ] DEBUG Engine               - isIntroEnabled: false
18:27:26.295 [FXGL Background Thread 3 ] DEBUG Engine               - isLinux: false
18:27:26.295 [FXGL Background Thread 3 ] DEBUG Engine               - isMac: false
18:27:26.295 [FXGL Background Thread 3 ] DEBUG Engine               - isMainMenuEnabled: false
18:27:26.295 [FXGL Background Thread 3 ] DEBUG Engine               - isManualResizeEnabled: false
18:27:26.295 [FXGL Background Thread 3 ] DEBUG Engine               - isMobile: false
18:27:26.295 [FXGL Background Thread 3 ] DEBUG Engine               - isNative: false
18:27:26.295 [FXGL Background Thread 3 ] DEBUG Engine               - isPauseMusicWhenMinimized: true
18:27:26.295 [FXGL Background Thread 3 ] DEBUG Engine               - isPreserveResizeRatio: true
18:27:26.295 [FXGL Background Thread 3 ] DEBUG Engine               - isProfilingEnabled: false
18:27:26.295 [FXGL Background Thread 3 ] DEBUG Engine               - isScaleAffectedOnResize: true
18:27:26.295 [FXGL Background Thread 3 ] DEBUG Engine               - isSingleStep: false
18:27:26.295 [FXGL Background Thread 3 ] DEBUG Engine               - isUserProfileEnabled: false
18:27:26.295 [FXGL Background Thread 3 ] DEBUG Engine               - isWindows: true
18:27:26.296 [FXGL Background Thread 3 ] DEBUG Engine               - language: ObjectProperty [value: ENGLISH]
18:27:26.296 [FXGL Background Thread 3 ] DEBUG Engine               - menuKey: ESCAPE
18:27:26.296 [FXGL Background Thread 3 ] DEBUG Engine               - mouseSensitivity: 0.2
18:27:26.296 [FXGL Background Thread 3 ] DEBUG Engine               - notificationViewClass: class com.almasb.fxgl.notification.view.XboxNotificationView
18:27:26.296 [FXGL Background Thread 3 ] DEBUG Engine               - pixelsPerMeter: 50.0
18:27:26.296 [FXGL Background Thread 3 ] DEBUG Engine               - platform: WINDOWS
18:27:26.296 [FXGL Background Thread 3 ] DEBUG Engine               - prefHeightProperty: ReadOnlyDoubleProperty [value: 720.0]
18:27:26.296 [FXGL Background Thread 3 ] DEBUG Engine               - prefWidthProperty: ReadOnlyDoubleProperty [value: 1280.0]
18:27:26.296 [FXGL Background Thread 3 ] DEBUG Engine               - profileDir: profiles/
18:27:26.296 [FXGL Background Thread 3 ] DEBUG Engine               - profileName: StringProperty [value: DEFAULT]
18:27:26.296 [FXGL Background Thread 3 ] DEBUG Engine               - randomSeed: -1
18:27:26.296 [FXGL Background Thread 3 ] DEBUG Engine               - runtimeInfo: RuntimeInfo(platform=WINDOWS, version=21.1, build=27.03.2024 07.52)
18:27:26.296 [FXGL Background Thread 3 ] DEBUG Engine               - saveFileExt: sav
18:27:26.296 [FXGL Background Thread 3 ] DEBUG Engine               - scaledHeightProp$fxgl: DoubleProperty [bound, value: 720.0]
18:27:26.296 [FXGL Background Thread 3 ] DEBUG Engine               - scaledWidthProp$fxgl: DoubleProperty [bound, value: 1280.0]
18:27:26.296 [FXGL Background Thread 3 ] DEBUG Engine               - sceneFactory: com.almasb.fxgl.app.scene.SceneFactory@7259653a
18:27:26.296 [FXGL Background Thread 3 ] DEBUG Engine               - secondsIn24h: 60
18:27:26.296 [FXGL Background Thread 3 ] DEBUG Engine               - soundMenuBack: menu/back.wav
18:27:26.296 [FXGL Background Thread 3 ] DEBUG Engine               - soundMenuPress: menu/press.wav
18:27:26.296 [FXGL Background Thread 3 ] DEBUG Engine               - soundMenuSelect: menu/select.wav
18:27:26.296 [FXGL Background Thread 3 ] DEBUG Engine               - soundNotification: core/notification.wav
18:27:26.296 [FXGL Background Thread 3 ] DEBUG Engine               - stageStyle: DECORATED
18:27:26.296 [FXGL Background Thread 3 ] DEBUG Engine               - supportedLanguages: [ENGLISH, FRENCH, GERMAN, HUNGARIAN, RUSSIAN]
18:27:26.296 [FXGL Background Thread 3 ] DEBUG Engine               - ticksPerSecond: -1
18:27:26.296 [FXGL Background Thread 3 ] DEBUG Engine               - title: TypeWiz - Winter Theme
18:27:26.296 [FXGL Background Thread 3 ] DEBUG Engine               - urlGithub: https://github.com/AlmasB/FXGL
18:27:26.296 [FXGL Background Thread 3 ] DEBUG Engine               - urlLeaderboard: http://fxgl-top.herokuapp.com/
18:27:26.296 [FXGL Background Thread 3 ] DEBUG Engine               - urlPOM: https://raw.githubusercontent.com/AlmasB/FXGL/release/README.md
18:27:26.296 [FXGL Background Thread 3 ] DEBUG Engine               - userAppClass: class com.oop2.typewiz.GameplayComponents.Game
18:27:26.296 [FXGL Background Thread 3 ] DEBUG Engine               - version: 0.0
18:27:26.296 [FXGL Background Thread 3 ] DEBUG Engine               - versionCheckDays: 7
18:27:26.296 [FXGL Background Thread 3 ] DEBUG Engine               - width: 1280
18:27:26.297 [FXGL Background Thread 3 ] DEBUG Engine               - Logging services
18:27:26.297 [FXGL Background Thread 3 ] DEBUG Engine               - class com.almasb.fxgl.app.services.FXGLAssetLoaderService
18:27:26.297 [FXGL Background Thread 3 ] DEBUG Engine               - class com.almasb.fxgl.app.FXGLApplication$GameApplicationService
18:27:26.297 [FXGL Background Thread 3 ] DEBUG Engine               - class com.almasb.fxgl.app.services.FXGLDialogService
18:27:26.297 [FXGL Background Thread 3 ] DEBUG Engine               - class com.almasb.fxgl.app.services.IOTaskExecutorService
18:27:26.297 [FXGL Background Thread 3 ] DEBUG Engine               - class com.almasb.fxgl.io.FileSystemService
18:27:26.297 [FXGL Background Thread 3 ] DEBUG Engine               - class com.almasb.fxgl.localization.LocalizationService
18:27:26.297 [FXGL Background Thread 3 ] DEBUG Engine               - class com.almasb.fxgl.app.services.SystemBundleService
18:27:26.297 [FXGL Background Thread 3 ] DEBUG Engine               - class com.almasb.fxgl.profile.SaveLoadService
18:27:26.297 [FXGL Background Thread 3 ] DEBUG Engine               - class com.almasb.fxgl.ui.FXGLUIFactoryServiceProvider
18:27:26.297 [FXGL Background Thread 3 ] DEBUG Engine               - class com.almasb.fxgl.ui.FXGLDialogFactoryServiceProvider
18:27:26.297 [FXGL Background Thread 3 ] DEBUG Engine               - class com.almasb.fxgl.audio.AudioPlayer
18:27:26.297 [FXGL Background Thread 3 ] DEBUG Engine               - class com.almasb.fxgl.notification.impl.NotificationServiceProvider
18:27:26.297 [FXGL Background Thread 3 ] DEBUG Engine               - class com.almasb.fxgl.achievement.AchievementService
18:27:26.297 [FXGL Background Thread 3 ] DEBUG Engine               - class com.almasb.fxgl.cutscene.CutsceneService
18:27:26.297 [FXGL Background Thread 3 ] DEBUG Engine               - class com.almasb.fxgl.minigames.MiniGameService
18:27:26.297 [FXGL Background Thread 3 ] DEBUG Engine               - class com.almasb.fxgl.net.NetService
18:27:26.297 [FXGL Background Thread 3 ] DEBUG Engine               - class com.almasb.fxgl.app.services.UpdaterService
18:27:26.297 [FXGL Background Thread 3 ] DEBUG Engine               - class com.almasb.fxgl.dev.DevService
18:28:09.995 [JavaFX Application Thread] DEBUG FXGLApplication      - Exiting FXGL
18:28:09.995 [JavaFX Application Thread] DEBUG LoopRunner           - Stopping loop
18:28:09.995 [JavaFX Application Thread] DEBUG SystemBundleService  - Saving FXGL system data
18:28:09.996 [JavaFX Application Thread] DEBUG FileSystemAccess     - Writing to: C:\Users\Ruhmer Jairus\OOP2-Capstone\system\fxgl.bundle
18:28:09.999 [JavaFX Application Thread] DEBUG Async                - Shutting down background threads
18:28:09.999 [JavaFX Application Thread] DEBUG PrimaryStageWindow   - Closing main window
18:28:10.011 [JavaFX Application Thread] DEBUG Logger               - Closing Logger
