14:31:02.095 [main                     ] DEBUG Logger               - Configured Logger
14:31:02.412 [main                     ] DEBUG GameApplication      - Logging settings
Title: TypeWiz - Winter Theme
Version: 0.0
Width: 1280
Height: 720
Fullscreen: false
Intro: false
Profiling: false
Single step:false
App Mode: DEVELOPER
Menu Key: ESCAPE
Stage Style: DECORATED
Scene Factory: class com.almasb.fxgl.app.scene.SceneFactory

14:31:06.068 [JavaFX Application Thread] DEBUG FXGLApplication      - Initializing FXGL
14:31:06.149 [JavaFX Application Thread] INFO  Engine               - FXGL-21.1 (27.03.2024 07.52) on MAC (J:23.0.1 FX:19)
14:31:06.151 [JavaFX Application Thread] DEBUG Engine               - JRE Vendor Name: Oracle Corporation
14:31:06.152 [JavaFX Application Thread] DEBUG Engine               - Running on OS: Mac OS X version 10.15.7
14:31:06.153 [JavaFX Application Thread] DEBUG Engine               - Architecture: x86_64
14:31:06.153 [JavaFX Application Thread] INFO  Engine               - Source code and latest versions at: https://github.com/AlmasB/FXGL
14:31:06.153 [JavaFX Application Thread] INFO  Engine               -       Ask questions and discuss at: https://github.com/AlmasB/FXGL/discussions
14:31:06.154 [JavaFX Application Thread] INFO  Engine               -              Join the FXGL chat at: https://gitter.im/AlmasB/FXGL
14:31:07.291 [JavaFX Application Thread] DEBUG PrimaryStageWindow   - Creating a JavaFX scene
14:31:07.845 [JavaFX Application Thread] DEBUG PrimaryStageWindow   - Target settings size: 1280.0 x 720.0
14:31:07.849 [JavaFX Application Thread] DEBUG PrimaryStageWindow   - Scaled scene size:    1280.0 x 720.0
14:31:07.850 [JavaFX Application Thread] DEBUG PrimaryStageWindow   - Scaled ratio: (1.0, 1.0)
14:31:07.855 [JavaFX Application Thread] DEBUG PrimaryStageWindow   - Set initial scene to FXGLStartupScene
14:31:07.887 [JavaFX Application Thread] DEBUG PrimaryStageWindow   - Opening main window
14:31:09.377 [JavaFX Application Thread] DEBUG PrimaryStageWindow   - Window border size: (0.0, 22.0)
14:31:09.378 [JavaFX Application Thread] DEBUG PrimaryStageWindow   - Scaled size: 1280.0 x 720.0
14:31:09.380 [JavaFX Application Thread] DEBUG PrimaryStageWindow   - Scaled ratio: (1.0, 1.0)
14:31:09.381 [JavaFX Application Thread] DEBUG PrimaryStageWindow   - Scene size: 1280.0 x 720.0
14:31:09.382 [JavaFX Application Thread] DEBUG PrimaryStageWindow   - Stage size: 1280.0 x 742.0
14:31:09.417 [FXGL Background Thread 1 ] DEBUG Engine               - Initializing environment variables
14:31:10.687 [FXGL Background Thread 1 ] DEBUG FXGLAssetLoaderServi - User app class for loading assets: class com.oop2.typewiz.GameplayComponents.Game
14:31:10.689 [FXGL Background Thread 1 ] DEBUG GameApplicationServi - Applying CSS: fxgl_dark.css
14:31:10.696 [FXGL Background Thread 1 ] DEBUG FXGLAssetLoaderServi - Loading from file system: jar:file:///Users/archiecabiso/.m2/repository/com/github/almasb/fxgl/21.1/fxgl-21.1.jar!/fxglassets/ui/css/fxgl_dark.css
14:31:11.778 [FXGL Background Thread 1 ] DEBUG GameApplicationServi - Initializing application scenes
14:31:15.963 [FXGL Background Thread 1 ] DEBUG GameWorld            - Game world initialized
14:31:16.564 [FXGL Background Thread 1 ] DEBUG PhysicsWorld         - Physics world initialized: appHeight=720, physics.ppm=50.0
14:31:16.565 [FXGL Background Thread 1 ] DEBUG PhysicsWorld         - Using strategy: BRUTE_FORCE
14:31:16.615 [FXGL Background Thread 1 ] DEBUG GameScene            - Game scene initialized: 1280x720
14:31:16.615 [FXGL Background Thread 1 ] DEBUG GameApplicationServi - Application scenes initialized
14:31:16.797 [FXGL Background Thread 1 ] DEBUG SystemBundleService  - Loading FXGL system data
14:31:16.828 [FXGL Background Thread 1 ] DEBUG FileSystemAccess     - Reading from: /Users/archiecabiso/Documents/2nd Year - CS/2nd Sem/CSIT228/OOP2-Capstone/system/fxgl.bundle
14:31:16.892 [FXGL Background Thread 1 ] DEBUG SystemBundleService  - Bundle FXGL: {}
14:31:16.892 [FXGL Background Thread 1 ] DEBUG UpdaterService       - Checking for updates
14:31:17.118 [FXGL Background Thread 4 ] DEBUG FXGLApplication      - Loading fonts
14:31:17.120 [FXGL Background Thread 4 ] DEBUG FXGLAssetLoaderServi - Loading from file system: jar:file:///Users/archiecabiso/.m2/repository/com/github/almasb/fxgl/21.1/fxgl-21.1.jar!/fxglassets/ui/fonts/VarelaRound-Regular.ttf
14:31:17.147 [FXGL Background Thread 1 ] DEBUG FXGLApplication      - Loading default localization
14:31:17.153 [FXGL Background Thread 1 ] DEBUG FXGLAssetLoaderServi - Loading from file system: jar:file:///Users/archiecabiso/.m2/repository/com/github/almasb/fxgl/21.1/fxgl-21.1.jar!/fxglassets/languages/english.lang
14:31:17.290 [FXGL Background Thread 4 ] DEBUG FXGLAssetLoaderServi - Loading from file system: jar:file:///Users/archiecabiso/.m2/repository/com/github/almasb/fxgl/21.1/fxgl-21.1.jar!/fxglassets/ui/fonts/Abel-Regular.ttf
14:31:17.326 [FXGL Background Thread 4 ] DEBUG FXGLAssetLoaderServi - Loading from file system: jar:file:///Users/archiecabiso/.m2/repository/com/github/almasb/fxgl/21.1/fxgl-21.1.jar!/fxglassets/ui/fonts/TerminalLandMono-Regular.otf
14:31:17.351 [FXGL Background Thread 4 ] DEBUG FXGLAssetLoaderServi - Loading from file system: jar:file:///Users/archiecabiso/.m2/repository/com/github/almasb/fxgl/21.1/fxgl-21.1.jar!/fxglassets/ui/fonts/Courier-Prime.ttf
14:31:17.445 [JavaFX Application Thread] DEBUG FXGLApplication      - Registering font factories with UI factory
14:31:17.537 [FXGL Background Thread 1 ] INFO  FXGLApplication      - FXGL initialization took: 8.120 sec
14:31:17.540 [JavaFX Application Thread] DEBUG FXGLAssetLoaderServi - Loading from file system: jar:file:///Users/archiecabiso/.m2/repository/com/github/almasb/fxgl/21.1/fxgl-21.1.jar!/fxglassets/textures/fxgl_icon.png
14:31:17.847 [JavaFX Application Thread] DEBUG FXGLAssetLoaderServi - Loading from file system: jar:file:///Users/archiecabiso/.m2/repository/com/github/almasb/fxgl/21.1/fxgl-21.1.jar!/fxglassets/textures/fxgl_default_cursor.png
14:31:18.058 [JavaFX Application Thread] DEBUG Input                - Registered new binding: Screenshot - CTRL+8
14:31:18.060 [JavaFX Application Thread] DEBUG Input                - Registered new binding: System info dump - CTRL+9
14:31:18.061 [JavaFX Application Thread] DEBUG Input                - Registered new binding: Restart - CTRL+R
14:31:18.064 [JavaFX Application Thread] DEBUG Input                - Registered new binding: Toggle Debug Camera - CTRL+7
14:31:18.079 [JavaFX Application Thread] DEBUG LoopRunner           - Starting loop
14:31:18.079 [JavaFX Application Thread] DEBUG LoopRunner           - Initializing JavaFX AnimationTimerLoop
14:31:18.082 [JavaFX Application Thread] DEBUG GameApplicationServi - Starting new game
14:31:18.084 [JavaFX Application Thread] DEBUG Input                - Clearing active input actions
14:31:18.205 [JavaFX Application Thread] DEBUG GameApplicationServi - Removing overlay from FXGLStartupScene and adding to FXGLLoadingScene
14:31:18.207 [JavaFX Application Thread] DEBUG PrimaryStageWindow   - FXGLStartupScene -> FXGLLoadingScene
14:31:18.207 [JavaFX Application Thread] DEBUG GameApplicationServi - Clearing previous game
14:31:18.207 [JavaFX Application Thread] DEBUG GameScene            - Clearing game scene
14:31:18.208 [JavaFX Application Thread] DEBUG GameWorld            - Clearing game world
14:31:18.208 [JavaFX Application Thread] DEBUG PhysicsWorld         - Clearing physics world
14:31:18.213 [FXGL Background Thread 1 ] DEBUG FXGLApplication      - Initializing game
14:31:18.219 [FXGL Background Thread 1 ] DEBUG FXGLAssetLoaderServi - Loading from file system: file:/Users/archiecabiso/Documents/2nd%20Year%20-%20CS/2nd%20Sem/CSIT228/OOP2-Capstone/target/classes/assets/textures/background-and-platforms/bg-winter_1280_720.png
14:31:20.079 [FXGL Background Thread 1 ] DEBUG FXGLAssetLoaderServi - Loading from file system: file:/Users/archiecabiso/Documents/2nd%20Year%20-%20CS/2nd%20Sem/CSIT228/OOP2-Capstone/target/classes/assets/textures/background-and-platforms/hdlargerplatform-winter.png
14:31:20.099 [FXGL Background Thread 3 ] DEBUG Engine               - Logging environment variables
14:31:20.102 [FXGL Background Thread 3 ] DEBUG Engine               - achievements: []
14:31:20.102 [FXGL Background Thread 3 ] DEBUG Engine               - actualHeight: 720.0
14:31:20.103 [FXGL Background Thread 3 ] DEBUG Engine               - actualHeightProperty: ReadOnlyDoubleProperty [value: 720.0]
14:31:20.103 [FXGL Background Thread 3 ] DEBUG Engine               - actualWidth: 1280.0
14:31:20.103 [FXGL Background Thread 3 ] DEBUG Engine               - actualWidthProperty: ReadOnlyDoubleProperty [value: 1280.0]
14:31:20.104 [FXGL Background Thread 3 ] DEBUG Engine               - appIcon: fxgl_icon.png
14:31:20.104 [FXGL Background Thread 3 ] DEBUG Engine               - applicationMode: DEVELOPER
14:31:20.105 [FXGL Background Thread 3 ] DEBUG Engine               - cSSList: [fxgl_dark.css]
14:31:20.105 [FXGL Background Thread 3 ] DEBUG Engine               - collisionDetectionStrategy: BRUTE_FORCE
14:31:20.105 [FXGL Background Thread 3 ] DEBUG Engine               - configClass: Optional.empty
14:31:20.106 [FXGL Background Thread 3 ] DEBUG Engine               - credits: []
14:31:20.112 [FXGL Background Thread 3 ] DEBUG Engine               - defaultCursor: CursorInfo(imageName=fxgl_default_cursor.png, hotspotX=7.0, hotspotY=6.0)
14:31:20.114 [FXGL Background Thread 3 ] DEBUG Engine               - devBBoxColorProperty: ObjectProperty [value: 0xff0000ff]
14:31:20.115 [FXGL Background Thread 3 ] DEBUG Engine               - devEnableDebugCameraProperty: BooleanProperty [value: false]
14:31:20.115 [FXGL Background Thread 3 ] DEBUG Engine               - devSensorColorProperty: ObjectProperty [value: 0xffff00ff]
14:31:20.115 [FXGL Background Thread 3 ] DEBUG Engine               - devShowBBoxProperty: BooleanProperty [value: false]
14:31:20.116 [FXGL Background Thread 3 ] DEBUG Engine               - devShowPositionProperty: BooleanProperty [value: false]
14:31:20.116 [FXGL Background Thread 3 ] DEBUG Engine               - enabledMenuItems: []
14:31:20.116 [FXGL Background Thread 3 ] DEBUG Engine               - engineServices: [class com.almasb.fxgl.app.services.FXGLAssetLoaderService, class com.almasb.fxgl.app.FXGLApplication$GameApplicationService, class com.almasb.fxgl.app.services.FXGLDialogService, class com.almasb.fxgl.app.services.IOTaskExecutorService, class com.almasb.fxgl.io.FileSystemService, class com.almasb.fxgl.localization.LocalizationService, class com.almasb.fxgl.app.services.SystemBundleService, class com.almasb.fxgl.profile.SaveLoadService, class com.almasb.fxgl.ui.FXGLUIFactoryServiceProvider, class com.almasb.fxgl.ui.FXGLDialogFactoryServiceProvider, class com.almasb.fxgl.audio.AudioPlayer, class com.almasb.fxgl.notification.impl.NotificationServiceProvider, class com.almasb.fxgl.achievement.AchievementService, class com.almasb.fxgl.cutscene.CutsceneService, class com.almasb.fxgl.minigames.MiniGameService, class com.almasb.fxgl.net.NetService, class com.almasb.fxgl.app.services.UpdaterService, class com.almasb.fxgl.dev.DevService]
14:31:20.117 [FXGL Background Thread 3 ] DEBUG Engine               - fontGame: Abel-Regular.ttf
14:31:20.117 [FXGL Background Thread 3 ] DEBUG Engine               - fontMono: TerminalLandMono-Regular.otf
14:31:20.118 [FXGL Background Thread 3 ] DEBUG Engine               - fontSizeScaleUI: 1.0
14:31:20.118 [FXGL Background Thread 3 ] DEBUG Engine               - fontText: Courier-Prime.ttf
14:31:20.118 [FXGL Background Thread 3 ] DEBUG Engine               - fontUI: VarelaRound-Regular.ttf
14:31:20.118 [FXGL Background Thread 3 ] DEBUG Engine               - fullScreen: BooleanProperty [value: false]
14:31:20.119 [FXGL Background Thread 3 ] DEBUG Engine               - gameDifficulty: MEDIUM
14:31:20.119 [FXGL Background Thread 3 ] DEBUG Engine               - gameDifficultyProperty: ObjectProperty [value: MEDIUM]
14:31:20.121 [FXGL Background Thread 3 ] DEBUG Engine               - globalMusicVolume: 0.5
14:31:20.122 [FXGL Background Thread 3 ] DEBUG Engine               - globalMusicVolumeProperty: DoubleProperty [value: 0.5]
14:31:20.123 [FXGL Background Thread 3 ] DEBUG Engine               - globalSoundVolume: 0.5
14:31:20.124 [FXGL Background Thread 3 ] DEBUG Engine               - globalSoundVolumeProperty: DoubleProperty [value: 0.5]
14:31:20.124 [FXGL Background Thread 3 ] DEBUG Engine               - height: 720
14:31:20.125 [FXGL Background Thread 3 ] DEBUG Engine               - is3D: false
14:31:20.125 [FXGL Background Thread 3 ] DEBUG Engine               - isAndroid: false
14:31:20.125 [FXGL Background Thread 3 ] DEBUG Engine               - isBrowser: false
14:31:20.125 [FXGL Background Thread 3 ] DEBUG Engine               - isClickFeedbackEnabled: false
14:31:20.126 [FXGL Background Thread 3 ] DEBUG Engine               - isCloseConfirmation: false
14:31:20.126 [FXGL Background Thread 3 ] DEBUG Engine               - isDesktop: true
14:31:20.126 [FXGL Background Thread 3 ] DEBUG Engine               - isDeveloperMenuEnabled: false
14:31:20.127 [FXGL Background Thread 3 ] DEBUG Engine               - isEmbedded: false
14:31:20.127 [FXGL Background Thread 3 ] DEBUG Engine               - isEntityPreloadEnabled: true
14:31:20.127 [FXGL Background Thread 3 ] DEBUG Engine               - isExperimentalTiledLargeMap: false
14:31:20.127 [FXGL Background Thread 3 ] DEBUG Engine               - isFileSystemWriteAllowed: true
14:31:20.128 [FXGL Background Thread 3 ] DEBUG Engine               - isFullScreenAllowed: false
14:31:20.128 [FXGL Background Thread 3 ] DEBUG Engine               - isFullScreenFromStart: false
14:31:20.128 [FXGL Background Thread 3 ] DEBUG Engine               - isGameMenuEnabled: false
14:31:20.128 [FXGL Background Thread 3 ] DEBUG Engine               - isIOS: false
14:31:20.129 [FXGL Background Thread 3 ] DEBUG Engine               - isIntroEnabled: false
14:31:20.129 [FXGL Background Thread 3 ] DEBUG Engine               - isLinux: false
14:31:20.131 [FXGL Background Thread 3 ] DEBUG Engine               - isMac: true
14:31:20.132 [FXGL Background Thread 3 ] DEBUG Engine               - isMainMenuEnabled: false
14:31:20.132 [FXGL Background Thread 3 ] DEBUG Engine               - isManualResizeEnabled: false
14:31:20.132 [FXGL Background Thread 3 ] DEBUG Engine               - isMobile: false
14:31:20.133 [FXGL Background Thread 3 ] DEBUG Engine               - isNative: false
14:31:20.133 [FXGL Background Thread 3 ] DEBUG Engine               - isPauseMusicWhenMinimized: true
14:31:20.133 [FXGL Background Thread 3 ] DEBUG Engine               - isPreserveResizeRatio: true
14:31:20.134 [FXGL Background Thread 3 ] DEBUG Engine               - isProfilingEnabled: false
14:31:20.134 [FXGL Background Thread 3 ] DEBUG Engine               - isScaleAffectedOnResize: true
14:31:20.135 [FXGL Background Thread 3 ] DEBUG Engine               - isSingleStep: false
14:31:20.135 [FXGL Background Thread 3 ] DEBUG Engine               - isUserProfileEnabled: false
14:31:20.135 [FXGL Background Thread 3 ] DEBUG Engine               - isWindows: false
14:31:20.136 [FXGL Background Thread 3 ] DEBUG Engine               - language: ObjectProperty [value: ENGLISH]
14:31:20.136 [FXGL Background Thread 3 ] DEBUG Engine               - menuKey: ESCAPE
14:31:20.137 [FXGL Background Thread 3 ] DEBUG Engine               - mouseSensitivity: 0.2
14:31:20.138 [FXGL Background Thread 3 ] DEBUG Engine               - notificationViewClass: class com.almasb.fxgl.notification.view.XboxNotificationView
14:31:20.138 [FXGL Background Thread 3 ] DEBUG Engine               - pixelsPerMeter: 50.0
14:31:20.139 [FXGL Background Thread 3 ] DEBUG Engine               - platform: MAC
14:31:20.139 [FXGL Background Thread 3 ] DEBUG Engine               - prefHeightProperty: ReadOnlyDoubleProperty [value: 720.0]
14:31:20.139 [FXGL Background Thread 3 ] DEBUG Engine               - prefWidthProperty: ReadOnlyDoubleProperty [value: 1280.0]
14:31:20.140 [FXGL Background Thread 3 ] DEBUG Engine               - profileDir: profiles/
14:31:20.140 [FXGL Background Thread 3 ] DEBUG Engine               - profileName: StringProperty [value: DEFAULT]
14:31:20.140 [FXGL Background Thread 3 ] DEBUG Engine               - randomSeed: -1
14:31:20.142 [FXGL Background Thread 3 ] DEBUG Engine               - runtimeInfo: RuntimeInfo(platform=MAC, version=21.1, build=27.03.2024 07.52)
14:31:20.142 [FXGL Background Thread 3 ] DEBUG Engine               - saveFileExt: sav
14:31:20.142 [FXGL Background Thread 3 ] DEBUG Engine               - scaledHeightProp$fxgl: DoubleProperty [bound, value: 720.0]
14:31:20.143 [FXGL Background Thread 3 ] DEBUG Engine               - scaledWidthProp$fxgl: DoubleProperty [bound, value: 1280.0]
14:31:20.143 [FXGL Background Thread 3 ] DEBUG Engine               - sceneFactory: com.almasb.fxgl.app.scene.SceneFactory@1f546595
14:31:20.143 [FXGL Background Thread 3 ] DEBUG Engine               - secondsIn24h: 60
14:31:20.144 [FXGL Background Thread 3 ] DEBUG Engine               - soundMenuBack: menu/back.wav
14:31:20.145 [FXGL Background Thread 3 ] DEBUG Engine               - soundMenuPress: menu/press.wav
14:31:20.145 [FXGL Background Thread 3 ] DEBUG Engine               - soundMenuSelect: menu/select.wav
14:31:20.146 [FXGL Background Thread 3 ] DEBUG Engine               - soundNotification: core/notification.wav
14:31:20.146 [FXGL Background Thread 3 ] DEBUG Engine               - stageStyle: DECORATED
14:31:20.147 [FXGL Background Thread 3 ] DEBUG Engine               - supportedLanguages: [ENGLISH, FRENCH, GERMAN, HUNGARIAN, RUSSIAN]
14:31:20.147 [FXGL Background Thread 3 ] DEBUG Engine               - ticksPerSecond: -1
14:31:20.147 [FXGL Background Thread 3 ] DEBUG Engine               - title: TypeWiz - Winter Theme
14:31:20.147 [FXGL Background Thread 3 ] DEBUG Engine               - urlGithub: https://github.com/AlmasB/FXGL
14:31:20.148 [FXGL Background Thread 3 ] DEBUG Engine               - urlLeaderboard: http://fxgl-top.herokuapp.com/
14:31:20.148 [FXGL Background Thread 3 ] DEBUG Engine               - urlPOM: https://raw.githubusercontent.com/AlmasB/FXGL/release/README.md
14:31:20.148 [FXGL Background Thread 3 ] DEBUG Engine               - userAppClass: class com.oop2.typewiz.GameplayComponents.Game
14:31:20.148 [FXGL Background Thread 3 ] DEBUG Engine               - version: 0.0
14:31:20.149 [FXGL Background Thread 3 ] DEBUG Engine               - versionCheckDays: 7
14:31:20.149 [FXGL Background Thread 3 ] DEBUG Engine               - width: 1280
14:31:20.149 [FXGL Background Thread 3 ] DEBUG Engine               - Logging services
14:31:20.149 [FXGL Background Thread 3 ] DEBUG Engine               - class com.almasb.fxgl.app.services.FXGLAssetLoaderService
14:31:20.150 [FXGL Background Thread 3 ] DEBUG Engine               - class com.almasb.fxgl.app.FXGLApplication$GameApplicationService
14:31:20.150 [FXGL Background Thread 3 ] DEBUG Engine               - class com.almasb.fxgl.app.services.FXGLDialogService
14:31:20.150 [FXGL Background Thread 3 ] DEBUG Engine               - class com.almasb.fxgl.app.services.IOTaskExecutorService
14:31:20.151 [FXGL Background Thread 3 ] DEBUG Engine               - class com.almasb.fxgl.io.FileSystemService
14:31:20.151 [FXGL Background Thread 3 ] DEBUG Engine               - class com.almasb.fxgl.localization.LocalizationService
14:31:20.151 [FXGL Background Thread 3 ] DEBUG Engine               - class com.almasb.fxgl.app.services.SystemBundleService
14:31:20.151 [FXGL Background Thread 3 ] DEBUG Engine               - class com.almasb.fxgl.profile.SaveLoadService
14:31:20.152 [FXGL Background Thread 3 ] DEBUG Engine               - class com.almasb.fxgl.ui.FXGLUIFactoryServiceProvider
14:31:20.152 [FXGL Background Thread 3 ] DEBUG Engine               - class com.almasb.fxgl.ui.FXGLDialogFactoryServiceProvider
14:31:20.152 [FXGL Background Thread 3 ] DEBUG Engine               - class com.almasb.fxgl.audio.AudioPlayer
14:31:20.153 [FXGL Background Thread 3 ] DEBUG Engine               - class com.almasb.fxgl.notification.impl.NotificationServiceProvider
14:31:20.154 [FXGL Background Thread 3 ] DEBUG Engine               - class com.almasb.fxgl.achievement.AchievementService
14:31:20.154 [FXGL Background Thread 3 ] DEBUG Engine               - class com.almasb.fxgl.cutscene.CutsceneService
14:31:20.155 [FXGL Background Thread 3 ] DEBUG Engine               - class com.almasb.fxgl.minigames.MiniGameService
14:31:20.155 [FXGL Background Thread 3 ] DEBUG Engine               - class com.almasb.fxgl.net.NetService
14:31:20.155 [FXGL Background Thread 3 ] DEBUG Engine               - class com.almasb.fxgl.app.services.UpdaterService
14:31:20.156 [FXGL Background Thread 3 ] DEBUG Engine               - class com.almasb.fxgl.dev.DevService
14:31:22.447 [FXGL Background Thread 1 ] DEBUG FXGLAssetLoaderServi - Loading from file system: file:/Users/archiecabiso/Documents/2nd%20Year%20-%20CS/2nd%20Sem/CSIT228/OOP2-Capstone/target/classes/assets/textures/wizard/wizard.png
14:31:41.137 [FXGL Background Thread 1 ] WARN  GameWorld            - Attempted to remove entity which is not active
14:31:41.215 [FXGL Background Thread 1 ] WARN  GameWorld            - Attempted to remove entity which is not active
14:31:41.333 [FXGL Background Thread 1 ] WARN  GameWorld            - Attempted to remove entity which is not active
14:31:41.344 [FXGL Background Thread 1 ] WARN  GameWorld            - Attempted to remove entity which is not active
14:31:41.349 [FXGL Background Thread 1 ] WARN  GameWorld            - Attempted to remove entity which is not active
14:31:41.387 [FXGL Background Thread 1 ] WARN  GameWorld            - Attempted to remove entity which is not active
14:31:41.448 [FXGL Background Thread 1 ] WARN  GameWorld            - Attempted to remove entity which is not active
14:31:41.475 [FXGL Background Thread 1 ] WARN  GameWorld            - Attempted to remove entity which is not active
14:31:41.520 [FXGL Background Thread 1 ] WARN  GameWorld            - Attempted to remove entity which is not active
14:31:41.532 [FXGL Background Thread 1 ] WARN  GameWorld            - Attempted to remove entity which is not active
14:31:41.860 [FXGL Background Thread 1 ] DEBUG FXGLAssetLoaderServi - Loading from file system: file:/Users/archiecabiso/Documents/2nd%20Year%20-%20CS/2nd%20Sem/CSIT228/OOP2-Capstone/target/classes/assets/textures/mobs/gargoyle/gargoyle.png
14:31:45.331 [FXGL Background Thread 1 ] INFO  FXGLApplication      - Game initialization took: 27.116 sec
14:31:45.363 [JavaFX Application Thread] DEBUG Input                - Clearing active input actions
14:31:45.454 [JavaFX Application Thread] DEBUG GameApplicationServi - Removing overlay from FXGLLoadingScene and adding to GameScene
14:31:45.456 [JavaFX Application Thread] DEBUG PrimaryStageWindow   - FXGLLoadingScene -> GameScene
14:34:39.197 [JavaFX Application Thread] DEBUG FXGLApplication      - Exiting FXGL
14:34:39.198 [JavaFX Application Thread] DEBUG LoopRunner           - Stopping loop
14:34:39.198 [JavaFX Application Thread] DEBUG SystemBundleService  - Saving FXGL system data
14:34:39.218 [JavaFX Application Thread] DEBUG FileSystemAccess     - Writing to: /Users/archiecabiso/Documents/2nd Year - CS/2nd Sem/CSIT228/OOP2-Capstone/system/fxgl.bundle
14:34:39.226 [JavaFX Application Thread] DEBUG Async                - Shutting down background threads
14:34:39.227 [JavaFX Application Thread] DEBUG PrimaryStageWindow   - Closing main window
14:34:39.246 [JavaFX Application Thread] DEBUG Logger               - Closing Logger
