22:40:02.303 [main                     ] DEBUG Logger               - Configured Logger
22:40:02.375 [main                     ] DEBUG GameApplication      - Logging settings
Title: TypeWiz - Winter Theme
Version: 0.0
Width: 1280
Height: 720
Fullscreen: true
Intro: false
Profiling: false
Single step:false
App Mode: DEVELOPER
Menu Key: ESCAPE
Stage Style: DECORATED
Scene Factory: class com.almasb.fxgl.app.scene.SceneFactory

22:40:03.168 [JavaFX Application Thread] DEBUG FXGLApplication      - Initializing FXGL
22:40:03.175 [JavaFX Application Thread] INFO  Engine               - FXGL-21.1 (27.03.2024 07.52) on MAC (J:23.0.1 FX:19)
22:40:03.175 [JavaFX Application Thread] DEBUG Engine               - JRE Vendor Name: Oracle Corporation
22:40:03.176 [JavaFX Application Thread] DEBUG Engine               - Running on OS: Mac OS X version 10.15.7
22:40:03.176 [JavaFX Application Thread] DEBUG Engine               - Architecture: x86_64
22:40:03.176 [JavaFX Application Thread] INFO  Engine               - Source code and latest versions at: https://github.com/AlmasB/FXGL
22:40:03.176 [JavaFX Application Thread] INFO  Engine               -       Ask questions and discuss at: https://github.com/AlmasB/FXGL/discussions
22:40:03.176 [JavaFX Application Thread] INFO  Engine               -              Join the FXGL chat at: https://gitter.im/AlmasB/FXGL
22:40:03.578 [JavaFX Application Thread] DEBUG PrimaryStageWindow   - Creating a JavaFX scene
22:40:03.763 [JavaFX Application Thread] DEBUG PrimaryStageWindow   - Target settings size: 1280.0 x 720.0
22:40:03.763 [JavaFX Application Thread] DEBUG PrimaryStageWindow   - Scaled scene size:    1280.0 x 720.0
22:40:03.763 [JavaFX Application Thread] DEBUG PrimaryStageWindow   - Scaled ratio: (1.0, 1.0)
22:40:03.765 [JavaFX Application Thread] DEBUG PrimaryStageWindow   - Set initial scene to FXGLStartupScene
22:40:03.786 [JavaFX Application Thread] DEBUG PrimaryStageWindow   - Opening main window
22:40:04.023 [JavaFX Application Thread] DEBUG PrimaryStageWindow   - Window border size: (0.0, 18.0)
22:40:04.023 [JavaFX Application Thread] DEBUG PrimaryStageWindow   - Scaled size: 1280.0 x 720.0
22:40:04.024 [JavaFX Application Thread] DEBUG PrimaryStageWindow   - Scaled ratio: (1.0, 1.0)
22:40:04.024 [JavaFX Application Thread] DEBUG PrimaryStageWindow   - Scene size: 1280.0 x 720.0
22:40:04.024 [JavaFX Application Thread] DEBUG PrimaryStageWindow   - Stage size: 1280.0 x 738.0
22:40:04.968 [JavaFX Application Thread] DEBUG PrimaryStageWindow   - Going fullscreen
22:40:04.983 [FXGL Background Thread 1 ] DEBUG Engine               - Initializing environment variables
22:40:05.176 [FXGL Background Thread 1 ] DEBUG FXGLAssetLoaderServi - User app class for loading assets: class com.oop2.typewiz.GameplayComponents.Game
22:40:05.177 [FXGL Background Thread 1 ] DEBUG GameApplicationServi - Applying CSS: fxgl_dark.css
22:40:05.178 [FXGL Background Thread 1 ] DEBUG FXGLAssetLoaderServi - Loading from file system: jar:file:///Users/archiecabiso/.m2/repository/com/github/almasb/fxgl/21.1/fxgl-21.1.jar!/fxglassets/ui/css/fxgl_dark.css
22:40:05.346 [FXGL Background Thread 1 ] DEBUG GameApplicationServi - Initializing application scenes
22:40:06.143 [FXGL Background Thread 1 ] DEBUG GameWorld            - Game world initialized
22:40:06.214 [FXGL Background Thread 1 ] DEBUG PhysicsWorld         - Physics world initialized: appHeight=720, physics.ppm=50.0
22:40:06.214 [FXGL Background Thread 1 ] DEBUG PhysicsWorld         - Using strategy: BRUTE_FORCE
22:40:06.219 [FXGL Background Thread 1 ] DEBUG GameScene            - Game scene initialized: 1280x720
22:40:06.220 [FXGL Background Thread 1 ] DEBUG GameApplicationServi - Application scenes initialized
22:40:06.256 [FXGL Background Thread 1 ] DEBUG SystemBundleService  - Loading FXGL system data
22:40:06.262 [FXGL Background Thread 1 ] DEBUG FileSystemAccess     - Reading from: /Users/archiecabiso/Documents/2nd Year - CS/2nd Sem/CSIT228/OOP2-Capstone/system/fxgl.bundle
22:40:06.272 [FXGL Background Thread 1 ] DEBUG SystemBundleService  - Bundle FXGL: {}
22:40:06.272 [FXGL Background Thread 1 ] DEBUG UpdaterService       - Checking for updates
22:40:06.283 [FXGL Background Thread 4 ] DEBUG FXGLApplication      - Loading fonts
22:40:06.284 [FXGL Background Thread 4 ] DEBUG FXGLAssetLoaderServi - Loading from file system: jar:file:///Users/archiecabiso/.m2/repository/com/github/almasb/fxgl/21.1/fxgl-21.1.jar!/fxglassets/ui/fonts/VarelaRound-Regular.ttf
22:40:06.298 [FXGL Background Thread 1 ] DEBUG FXGLApplication      - Loading default localization
22:40:06.302 [FXGL Background Thread 1 ] DEBUG FXGLAssetLoaderServi - Loading from file system: jar:file:///Users/archiecabiso/.m2/repository/com/github/almasb/fxgl/21.1/fxgl-21.1.jar!/fxglassets/languages/english.lang
22:40:06.306 [FXGL Background Thread 4 ] DEBUG FXGLAssetLoaderServi - Loading from file system: jar:file:///Users/archiecabiso/.m2/repository/com/github/almasb/fxgl/21.1/fxgl-21.1.jar!/fxglassets/ui/fonts/Abel-Regular.ttf
22:40:06.310 [FXGL Background Thread 4 ] DEBUG FXGLAssetLoaderServi - Loading from file system: jar:file:///Users/archiecabiso/.m2/repository/com/github/almasb/fxgl/21.1/fxgl-21.1.jar!/fxglassets/ui/fonts/TerminalLandMono-Regular.otf
22:40:06.314 [FXGL Background Thread 4 ] DEBUG FXGLAssetLoaderServi - Loading from file system: jar:file:///Users/archiecabiso/.m2/repository/com/github/almasb/fxgl/21.1/fxgl-21.1.jar!/fxglassets/ui/fonts/Courier-Prime.ttf
22:40:06.322 [JavaFX Application Thread] DEBUG FXGLApplication      - Registering font factories with UI factory
22:40:06.365 [FXGL Background Thread 1 ] INFO  FXGLApplication      - FXGL initialization took: 1.382 sec
22:40:06.366 [JavaFX Application Thread] DEBUG FXGLAssetLoaderServi - Loading from file system: jar:file:///Users/archiecabiso/.m2/repository/com/github/almasb/fxgl/21.1/fxgl-21.1.jar!/fxglassets/textures/fxgl_icon.png
22:40:06.446 [JavaFX Application Thread] DEBUG FXGLAssetLoaderServi - Loading from file system: jar:file:///Users/archiecabiso/.m2/repository/com/github/almasb/fxgl/21.1/fxgl-21.1.jar!/fxglassets/textures/fxgl_default_cursor.png
22:40:06.463 [JavaFX Application Thread] DEBUG Input                - Registered new binding: Screenshot - CTRL+8
22:40:06.464 [JavaFX Application Thread] DEBUG Input                - Registered new binding: System info dump - CTRL+9
22:40:06.464 [JavaFX Application Thread] DEBUG Input                - Registered new binding: Restart - CTRL+R
22:40:06.465 [JavaFX Application Thread] DEBUG Input                - Registered new binding: Toggle Debug Camera - CTRL+7
22:40:06.469 [JavaFX Application Thread] DEBUG LoopRunner           - Starting loop
22:40:06.469 [JavaFX Application Thread] DEBUG LoopRunner           - Initializing JavaFX AnimationTimerLoop
22:40:06.471 [JavaFX Application Thread] DEBUG GameApplicationServi - Starting new game
22:40:06.471 [JavaFX Application Thread] DEBUG Input                - Clearing active input actions
22:40:06.492 [JavaFX Application Thread] DEBUG GameApplicationServi - Removing overlay from FXGLStartupScene and adding to FXGLLoadingScene
22:40:06.493 [JavaFX Application Thread] DEBUG PrimaryStageWindow   - FXGLStartupScene -> FXGLLoadingScene
22:40:06.493 [JavaFX Application Thread] DEBUG GameApplicationServi - Clearing previous game
22:40:06.493 [JavaFX Application Thread] DEBUG GameScene            - Clearing game scene
22:40:06.493 [JavaFX Application Thread] DEBUG GameWorld            - Clearing game world
22:40:06.493 [JavaFX Application Thread] DEBUG PhysicsWorld         - Clearing physics world
22:40:06.496 [FXGL Background Thread 1 ] DEBUG FXGLApplication      - Initializing game
22:40:06.546 [FXGL Background Thread 1 ] DEBUG FXGLAssetLoaderServi - Loading from file system: file:/Users/archiecabiso/Documents/2nd%20Year%20-%20CS/2nd%20Sem/CSIT228/OOP2-Capstone/target/classes/assets/textures/background-and-platforms/bg-midnightpurple_1280_720.png
22:40:07.091 [FXGL Background Thread 1 ] DEBUG FXGLAssetLoaderServi - Loading from file system: file:/Users/archiecabiso/Documents/2nd%20Year%20-%20CS/2nd%20Sem/CSIT228/OOP2-Capstone/target/classes/assets/textures/background-and-platforms/hdlargerplatform-purple.png
22:40:07.227 [JavaFX Application Thread] DEBUG FXGLApplication      - Exiting FXGL
22:40:07.227 [JavaFX Application Thread] DEBUG LoopRunner           - Stopping loop
22:40:07.227 [JavaFX Application Thread] DEBUG SystemBundleService  - Saving FXGL system data
22:40:07.230 [JavaFX Application Thread] DEBUG FileSystemAccess     - Writing to: /Users/archiecabiso/Documents/2nd Year - CS/2nd Sem/CSIT228/OOP2-Capstone/system/fxgl.bundle
22:40:07.233 [JavaFX Application Thread] DEBUG Async                - Shutting down background threads
22:40:07.233 [JavaFX Application Thread] DEBUG PrimaryStageWindow   - Closing main window
22:40:07.792 [FXGL Background Thread 1 ] DEBUG FXGLAssetLoaderServi - Loading from file system: file:/Users/archiecabiso/Documents/2nd%20Year%20-%20CS/2nd%20Sem/CSIT228/OOP2-Capstone/target/classes/assets/textures/wizard/wizard.png
22:40:07.888 [JavaFX Application Thread] DEBUG Logger               - Closing Logger
