21:51:53.793 [main                     ] DEBUG Logger               - Configured Logger
21:51:53.817 [main                     ] DEBUG GameApplication      - Logging settings
Title: TypeWiz - Winter Theme
Version: 0.0
Width: 1280
Height: 720
Fullscreen: true
Intro: false
Profiling: false
Single step:false
App Mode: DEVELOPER
Menu Key: ESCAPE
Stage Style: DECORATED
Scene Factory: class com.almasb.fxgl.app.scene.SceneFactory

21:51:54.088 [JavaFX Application Thread] DEBUG FXGLApplication      - Initializing FXGL
21:51:54.091 [JavaFX Application Thread] INFO  Engine               - FXGL-21.1 (27.03.2024 07.52) on WINDOWS (J:21.0.3 FX:19)
21:51:54.092 [JavaFX Application Thread] DEBUG Engine               - JRE Vendor Name: Oracle Corporation
21:51:54.092 [JavaFX Application Thread] DEBUG Engine               - Running on OS: Windows 11 version 10.0
21:51:54.092 [JavaFX Application Thread] DEBUG Engine               - Architecture: amd64
21:51:54.092 [JavaFX Application Thread] INFO  Engine               - Source code and latest versions at: https://github.com/AlmasB/FXGL
21:51:54.092 [JavaFX Application Thread] INFO  Engine               -       Ask questions and discuss at: https://github.com/AlmasB/FXGL/discussions
21:51:54.092 [JavaFX Application Thread] INFO  Engine               -              Join the FXGL chat at: https://gitter.im/AlmasB/FXGL
21:51:54.154 [JavaFX Application Thread] DEBUG PrimaryStageWindow   - Creating a JavaFX scene
21:51:54.189 [JavaFX Application Thread] DEBUG PrimaryStageWindow   - Target settings size: 1280.0 x 720.0
21:51:54.189 [JavaFX Application Thread] DEBUG PrimaryStageWindow   - Scaled scene size:    1280.0 x 720.0
21:51:54.190 [JavaFX Application Thread] DEBUG PrimaryStageWindow   - Scaled ratio: (1.0, 1.0)
21:51:54.190 [JavaFX Application Thread] DEBUG PrimaryStageWindow   - Set initial scene to FXGLStartupScene
21:51:54.194 [JavaFX Application Thread] DEBUG PrimaryStageWindow   - Opening main window
21:51:54.256 [JavaFX Application Thread] DEBUG PrimaryStageWindow   - Window border size: (14.4000244140625, 37.5999755859375)
21:51:54.257 [JavaFX Application Thread] DEBUG PrimaryStageWindow   - Scaled size: 1280.0 x 720.0
21:51:54.257 [JavaFX Application Thread] DEBUG PrimaryStageWindow   - Scaled ratio: (1.0, 1.0)
21:51:54.257 [JavaFX Application Thread] DEBUG PrimaryStageWindow   - Scene size: 1280.0 x 720.0
21:51:54.257 [JavaFX Application Thread] DEBUG PrimaryStageWindow   - Stage size: 1294.4000244140625 x 757.5999755859375
21:51:54.305 [JavaFX Application Thread] DEBUG PrimaryStageWindow   - Going fullscreen
21:51:54.311 [FXGL Background Thread 1 ] DEBUG Engine               - Initializing environment variables
21:51:54.347 [FXGL Background Thread 1 ] DEBUG FXGLAssetLoaderServi - User app class for loading assets: class com.oop2.typewiz.GameplayComponents.Game
21:51:54.347 [FXGL Background Thread 1 ] DEBUG GameApplicationServi - Applying CSS: fxgl_dark.css
21:51:54.348 [FXGL Background Thread 1 ] DEBUG FXGLAssetLoaderServi - Loading from file system: jar:file:///C:/Users/Ruhmer%20Jairus/.m2/repository/com/github/almasb/fxgl/21.1/fxgl-21.1.jar!/fxglassets/ui/css/fxgl_dark.css
21:51:54.382 [FXGL Background Thread 1 ] DEBUG GameApplicationServi - Initializing application scenes
21:51:54.430 [FXGL Background Thread 1 ] DEBUG GameWorld            - Game world initialized
21:51:54.481 [FXGL Background Thread 1 ] DEBUG PhysicsWorld         - Physics world initialized: appHeight=720, physics.ppm=50.0
21:51:54.481 [FXGL Background Thread 1 ] DEBUG PhysicsWorld         - Using strategy: BRUTE_FORCE
21:51:54.484 [FXGL Background Thread 1 ] DEBUG GameScene            - Game scene initialized: 1280x720
21:51:54.484 [FXGL Background Thread 1 ] DEBUG GameApplicationServi - Application scenes initialized
21:51:54.496 [FXGL Background Thread 1 ] DEBUG SystemBundleService  - Loading FXGL system data
21:51:54.499 [FXGL Background Thread 1 ] DEBUG FileSystemAccess     - Reading from: C:\Users\Ruhmer Jairus\OOP2-Capstone\system\fxgl.bundle
21:51:54.506 [FXGL Background Thread 1 ] DEBUG SystemBundleService  - Bundle FXGL: {}
21:51:54.506 [FXGL Background Thread 1 ] DEBUG UpdaterService       - Checking for updates
21:51:54.508 [FXGL Background Thread 4 ] DEBUG FXGLApplication      - Loading fonts
21:51:54.510 [FXGL Background Thread 4 ] DEBUG FXGLAssetLoaderServi - Loading from file system: jar:file:///C:/Users/Ruhmer%20Jairus/.m2/repository/com/github/almasb/fxgl/21.1/fxgl-21.1.jar!/fxglassets/ui/fonts/VarelaRound-Regular.ttf
21:51:54.510 [FXGL Background Thread 1 ] DEBUG FXGLApplication      - Loading default localization
21:51:54.510 [FXGL Background Thread 1 ] DEBUG FXGLAssetLoaderServi - Loading from file system: jar:file:///C:/Users/Ruhmer%20Jairus/.m2/repository/com/github/almasb/fxgl/21.1/fxgl-21.1.jar!/fxglassets/languages/english.lang
21:51:54.534 [FXGL Background Thread 4 ] DEBUG FXGLAssetLoaderServi - Loading from file system: jar:file:///C:/Users/Ruhmer%20Jairus/.m2/repository/com/github/almasb/fxgl/21.1/fxgl-21.1.jar!/fxglassets/ui/fonts/Abel-Regular.ttf
21:51:54.537 [FXGL Background Thread 1 ] INFO  FXGLApplication      - FXGL initialization took: 0.226 sec
21:51:54.537 [FXGL Background Thread 4 ] DEBUG FXGLAssetLoaderServi - Loading from file system: jar:file:///C:/Users/Ruhmer%20Jairus/.m2/repository/com/github/almasb/fxgl/21.1/fxgl-21.1.jar!/fxglassets/ui/fonts/TerminalLandMono-Regular.otf
21:51:54.538 [JavaFX Application Thread] DEBUG FXGLAssetLoaderServi - Loading from file system: jar:file:///C:/Users/Ruhmer%20Jairus/.m2/repository/com/github/almasb/fxgl/21.1/fxgl-21.1.jar!/fxglassets/textures/fxgl_icon.png
21:51:54.539 [FXGL Background Thread 4 ] DEBUG FXGLAssetLoaderServi - Loading from file system: jar:file:///C:/Users/Ruhmer%20Jairus/.m2/repository/com/github/almasb/fxgl/21.1/fxgl-21.1.jar!/fxglassets/ui/fonts/Courier-Prime.ttf
21:51:54.570 [JavaFX Application Thread] DEBUG FXGLAssetLoaderServi - Loading from file system: jar:file:///C:/Users/Ruhmer%20Jairus/.m2/repository/com/github/almasb/fxgl/21.1/fxgl-21.1.jar!/fxglassets/textures/fxgl_default_cursor.png
21:51:54.580 [JavaFX Application Thread] DEBUG Input                - Registered new binding: Screenshot - CTRL+8
21:51:54.580 [JavaFX Application Thread] DEBUG Input                - Registered new binding: System info dump - CTRL+9
21:51:54.580 [JavaFX Application Thread] DEBUG Input                - Registered new binding: Restart - CTRL+R
21:51:54.581 [JavaFX Application Thread] DEBUG Input                - Registered new binding: Toggle Debug Camera - CTRL+7
21:51:54.583 [JavaFX Application Thread] DEBUG LoopRunner           - Starting loop
21:51:54.583 [JavaFX Application Thread] DEBUG LoopRunner           - Initializing JavaFX AnimationTimerLoop
21:51:54.585 [JavaFX Application Thread] DEBUG GameApplicationServi - Starting new game
21:51:54.585 [JavaFX Application Thread] DEBUG Input                - Clearing active input actions
21:51:54.596 [JavaFX Application Thread] DEBUG GameApplicationServi - Removing overlay from FXGLStartupScene and adding to FXGLLoadingScene
21:51:54.596 [JavaFX Application Thread] DEBUG PrimaryStageWindow   - FXGLStartupScene -> FXGLLoadingScene
21:51:54.596 [JavaFX Application Thread] DEBUG GameApplicationServi - Clearing previous game
21:51:54.596 [JavaFX Application Thread] DEBUG GameScene            - Clearing game scene
21:51:54.596 [JavaFX Application Thread] DEBUG GameWorld            - Clearing game world
21:51:54.596 [JavaFX Application Thread] DEBUG PhysicsWorld         - Clearing physics world
21:51:54.598 [FXGL Background Thread 4 ] DEBUG FXGLApplication      - Initializing game
21:51:54.598 [JavaFX Application Thread] DEBUG FXGLApplication      - Registering font factories with UI factory
21:51:54.626 [FXGL Background Thread 4 ] DEBUG FXGLAssetLoaderServi - Loading from file system: file:/C:/Users/Ruhmer%20Jairus/OOP2-Capstone/target/classes/assets/textures/background-and-platforms/bg-fall_1280_720.png
21:51:54.670 [FXGL Background Thread 4 ] DEBUG FXGLAssetLoaderServi - Loading from file system: file:/C:/Users/Ruhmer%20Jairus/OOP2-Capstone/target/classes/assets/textures/background-and-platforms/hdlargerplatform-fall.png
21:51:54.750 [FXGL Background Thread 4 ] DEBUG FXGLAssetLoaderServi - Loading from file system: file:/C:/Users/Ruhmer%20Jairus/OOP2-Capstone/target/classes/assets/textures/wizard/wizard.png
21:51:54.862 [FXGL Background Thread 4 ] DEBUG FXGLAssetLoaderServi - Loading from file system: file:/C:/Users/Ruhmer%20Jairus/OOP2-Capstone/target/classes/assets/textures/mobs/gargoyle/gargoyle.png
21:51:54.922 [FXGL Background Thread 4 ] INFO  FXGLApplication      - Game initialization took: 0.323 sec
21:51:54.922 [JavaFX Application Thread] DEBUG Input                - Clearing active input actions
21:51:54.933 [JavaFX Application Thread] DEBUG GameApplicationServi - Removing overlay from FXGLLoadingScene and adding to GameScene
21:51:54.933 [JavaFX Application Thread] DEBUG PrimaryStageWindow   - FXGLLoadingScene -> GameScene
21:51:57.509 [FXGL Background Thread 3 ] DEBUG Engine               - Logging environment variables
21:51:57.510 [FXGL Background Thread 3 ] DEBUG Engine               - achievements: []
21:51:57.510 [FXGL Background Thread 3 ] DEBUG Engine               - actualHeight: 864.0
21:51:57.510 [FXGL Background Thread 3 ] DEBUG Engine               - actualHeightProperty: ReadOnlyDoubleProperty [value: 864.0]
21:51:57.510 [FXGL Background Thread 3 ] DEBUG Engine               - actualWidth: 1536.0
21:51:57.510 [FXGL Background Thread 3 ] DEBUG Engine               - actualWidthProperty: ReadOnlyDoubleProperty [value: 1536.0]
21:51:57.510 [FXGL Background Thread 3 ] DEBUG Engine               - appIcon: fxgl_icon.png
21:51:57.510 [FXGL Background Thread 3 ] DEBUG Engine               - applicationMode: DEVELOPER
21:51:57.510 [FXGL Background Thread 3 ] DEBUG Engine               - cSSList: [fxgl_dark.css]
21:51:57.510 [FXGL Background Thread 3 ] DEBUG Engine               - collisionDetectionStrategy: BRUTE_FORCE
21:51:57.510 [FXGL Background Thread 3 ] DEBUG Engine               - configClass: Optional.empty
21:51:57.510 [FXGL Background Thread 3 ] DEBUG Engine               - credits: []
21:51:57.511 [FXGL Background Thread 3 ] DEBUG Engine               - defaultCursor: CursorInfo(imageName=fxgl_default_cursor.png, hotspotX=7.0, hotspotY=6.0)
21:51:57.512 [FXGL Background Thread 3 ] DEBUG Engine               - devBBoxColorProperty: ObjectProperty [value: 0xff0000ff]
21:51:57.512 [FXGL Background Thread 3 ] DEBUG Engine               - devEnableDebugCameraProperty: BooleanProperty [value: false]
21:51:57.512 [FXGL Background Thread 3 ] DEBUG Engine               - devSensorColorProperty: ObjectProperty [value: 0xffff00ff]
21:51:57.512 [FXGL Background Thread 3 ] DEBUG Engine               - devShowBBoxProperty: BooleanProperty [value: false]
21:51:57.512 [FXGL Background Thread 3 ] DEBUG Engine               - devShowPositionProperty: BooleanProperty [value: false]
21:51:57.512 [FXGL Background Thread 3 ] DEBUG Engine               - enabledMenuItems: []
21:51:57.512 [FXGL Background Thread 3 ] DEBUG Engine               - engineServices: [class com.almasb.fxgl.app.services.FXGLAssetLoaderService, class com.almasb.fxgl.app.FXGLApplication$GameApplicationService, class com.almasb.fxgl.app.services.FXGLDialogService, class com.almasb.fxgl.app.services.IOTaskExecutorService, class com.almasb.fxgl.io.FileSystemService, class com.almasb.fxgl.localization.LocalizationService, class com.almasb.fxgl.app.services.SystemBundleService, class com.almasb.fxgl.profile.SaveLoadService, class com.almasb.fxgl.ui.FXGLUIFactoryServiceProvider, class com.almasb.fxgl.ui.FXGLDialogFactoryServiceProvider, class com.almasb.fxgl.audio.AudioPlayer, class com.almasb.fxgl.notification.impl.NotificationServiceProvider, class com.almasb.fxgl.achievement.AchievementService, class com.almasb.fxgl.cutscene.CutsceneService, class com.almasb.fxgl.minigames.MiniGameService, class com.almasb.fxgl.net.NetService, class com.almasb.fxgl.app.services.UpdaterService, class com.almasb.fxgl.dev.DevService]
21:51:57.512 [FXGL Background Thread 3 ] DEBUG Engine               - fontGame: Abel-Regular.ttf
21:51:57.512 [FXGL Background Thread 3 ] DEBUG Engine               - fontMono: TerminalLandMono-Regular.otf
21:51:57.512 [FXGL Background Thread 3 ] DEBUG Engine               - fontSizeScaleUI: 1.0
21:51:57.512 [FXGL Background Thread 3 ] DEBUG Engine               - fontText: Courier-Prime.ttf
21:51:57.512 [FXGL Background Thread 3 ] DEBUG Engine               - fontUI: VarelaRound-Regular.ttf
21:51:57.512 [FXGL Background Thread 3 ] DEBUG Engine               - fullScreen: BooleanProperty [value: true]
21:51:57.512 [FXGL Background Thread 3 ] DEBUG Engine               - gameDifficulty: MEDIUM
21:51:57.512 [FXGL Background Thread 3 ] DEBUG Engine               - gameDifficultyProperty: ObjectProperty [value: MEDIUM]
21:51:57.512 [FXGL Background Thread 3 ] DEBUG Engine               - globalMusicVolume: 0.5
21:51:57.512 [FXGL Background Thread 3 ] DEBUG Engine               - globalMusicVolumeProperty: DoubleProperty [value: 0.5]
21:51:57.512 [FXGL Background Thread 3 ] DEBUG Engine               - globalSoundVolume: 0.5
21:51:57.512 [FXGL Background Thread 3 ] DEBUG Engine               - globalSoundVolumeProperty: DoubleProperty [value: 0.5]
21:51:57.512 [FXGL Background Thread 3 ] DEBUG Engine               - height: 720
21:51:57.512 [FXGL Background Thread 3 ] DEBUG Engine               - is3D: false
21:51:57.512 [FXGL Background Thread 3 ] DEBUG Engine               - isAndroid: false
21:51:57.512 [FXGL Background Thread 3 ] DEBUG Engine               - isBrowser: false
21:51:57.512 [FXGL Background Thread 3 ] DEBUG Engine               - isClickFeedbackEnabled: false
21:51:57.512 [FXGL Background Thread 3 ] DEBUG Engine               - isCloseConfirmation: false
21:51:57.512 [FXGL Background Thread 3 ] DEBUG Engine               - isDesktop: true
21:51:57.512 [FXGL Background Thread 3 ] DEBUG Engine               - isDeveloperMenuEnabled: false
21:51:57.512 [FXGL Background Thread 3 ] DEBUG Engine               - isEmbedded: false
21:51:57.513 [FXGL Background Thread 3 ] DEBUG Engine               - isEntityPreloadEnabled: true
21:51:57.513 [FXGL Background Thread 3 ] DEBUG Engine               - isExperimentalTiledLargeMap: false
21:51:57.513 [FXGL Background Thread 3 ] DEBUG Engine               - isFileSystemWriteAllowed: true
21:51:57.513 [FXGL Background Thread 3 ] DEBUG Engine               - isFullScreenAllowed: true
21:51:57.513 [FXGL Background Thread 3 ] DEBUG Engine               - isFullScreenFromStart: true
21:51:57.513 [FXGL Background Thread 3 ] DEBUG Engine               - isGameMenuEnabled: false
21:51:57.513 [FXGL Background Thread 3 ] DEBUG Engine               - isIOS: false
21:51:57.513 [FXGL Background Thread 3 ] DEBUG Engine               - isIntroEnabled: false
21:51:57.513 [FXGL Background Thread 3 ] DEBUG Engine               - isLinux: false
21:51:57.513 [FXGL Background Thread 3 ] DEBUG Engine               - isMac: false
21:51:57.513 [FXGL Background Thread 3 ] DEBUG Engine               - isMainMenuEnabled: false
21:51:57.513 [FXGL Background Thread 3 ] DEBUG Engine               - isManualResizeEnabled: true
21:51:57.513 [FXGL Background Thread 3 ] DEBUG Engine               - isMobile: false
21:51:57.513 [FXGL Background Thread 3 ] DEBUG Engine               - isNative: false
21:51:57.513 [FXGL Background Thread 3 ] DEBUG Engine               - isPauseMusicWhenMinimized: true
21:51:57.513 [FXGL Background Thread 3 ] DEBUG Engine               - isPreserveResizeRatio: true
21:51:57.513 [FXGL Background Thread 3 ] DEBUG Engine               - isProfilingEnabled: false
21:51:57.513 [FXGL Background Thread 3 ] DEBUG Engine               - isScaleAffectedOnResize: true
21:51:57.513 [FXGL Background Thread 3 ] DEBUG Engine               - isSingleStep: false
21:51:57.513 [FXGL Background Thread 3 ] DEBUG Engine               - isUserProfileEnabled: false
21:51:57.513 [FXGL Background Thread 3 ] DEBUG Engine               - isWindows: true
21:51:57.513 [FXGL Background Thread 3 ] DEBUG Engine               - language: ObjectProperty [value: ENGLISH]
21:51:57.513 [FXGL Background Thread 3 ] DEBUG Engine               - menuKey: ESCAPE
21:51:57.513 [FXGL Background Thread 3 ] DEBUG Engine               - mouseSensitivity: 0.2
21:51:57.513 [FXGL Background Thread 3 ] DEBUG Engine               - notificationViewClass: class com.almasb.fxgl.notification.view.XboxNotificationView
21:51:57.514 [FXGL Background Thread 3 ] DEBUG Engine               - pixelsPerMeter: 50.0
21:51:57.514 [FXGL Background Thread 3 ] DEBUG Engine               - platform: WINDOWS
21:51:57.514 [FXGL Background Thread 3 ] DEBUG Engine               - prefHeightProperty: ReadOnlyDoubleProperty [value: 720.0]
21:51:57.514 [FXGL Background Thread 3 ] DEBUG Engine               - prefWidthProperty: ReadOnlyDoubleProperty [value: 1280.0]
21:51:57.514 [FXGL Background Thread 3 ] DEBUG Engine               - profileDir: profiles/
21:51:57.514 [FXGL Background Thread 3 ] DEBUG Engine               - profileName: StringProperty [value: DEFAULT]
21:51:57.514 [FXGL Background Thread 3 ] DEBUG Engine               - randomSeed: -1
21:51:57.514 [FXGL Background Thread 3 ] DEBUG Engine               - runtimeInfo: RuntimeInfo(platform=WINDOWS, version=21.1, build=27.03.2024 07.52)
21:51:57.514 [FXGL Background Thread 3 ] DEBUG Engine               - saveFileExt: sav
21:51:57.514 [FXGL Background Thread 3 ] DEBUG Engine               - scaledHeightProp$fxgl: DoubleProperty [bound, value: 864.0]
21:51:57.514 [FXGL Background Thread 3 ] DEBUG Engine               - scaledWidthProp$fxgl: DoubleProperty [bound, value: 1536.0]
21:51:57.514 [FXGL Background Thread 3 ] DEBUG Engine               - sceneFactory: com.almasb.fxgl.app.scene.SceneFactory@42960983
21:51:57.514 [FXGL Background Thread 3 ] DEBUG Engine               - secondsIn24h: 60
21:51:57.515 [FXGL Background Thread 3 ] DEBUG Engine               - soundMenuBack: menu/back.wav
21:51:57.515 [FXGL Background Thread 3 ] DEBUG Engine               - soundMenuPress: menu/press.wav
21:51:57.515 [FXGL Background Thread 3 ] DEBUG Engine               - soundMenuSelect: menu/select.wav
21:51:57.515 [FXGL Background Thread 3 ] DEBUG Engine               - soundNotification: core/notification.wav
21:51:57.515 [FXGL Background Thread 3 ] DEBUG Engine               - stageStyle: DECORATED
21:51:57.515 [FXGL Background Thread 3 ] DEBUG Engine               - supportedLanguages: [ENGLISH, FRENCH, GERMAN, HUNGARIAN, RUSSIAN]
21:51:57.515 [FXGL Background Thread 3 ] DEBUG Engine               - ticksPerSecond: -1
21:51:57.515 [FXGL Background Thread 3 ] DEBUG Engine               - title: TypeWiz - Winter Theme
21:51:57.515 [FXGL Background Thread 3 ] DEBUG Engine               - urlGithub: https://github.com/AlmasB/FXGL
21:51:57.515 [FXGL Background Thread 3 ] DEBUG Engine               - urlLeaderboard: http://fxgl-top.herokuapp.com/
21:51:57.515 [FXGL Background Thread 3 ] DEBUG Engine               - urlPOM: https://raw.githubusercontent.com/AlmasB/FXGL/release/README.md
21:51:57.515 [FXGL Background Thread 3 ] DEBUG Engine               - userAppClass: class com.oop2.typewiz.GameplayComponents.Game
21:51:57.515 [FXGL Background Thread 3 ] DEBUG Engine               - version: 0.0
21:51:57.515 [FXGL Background Thread 3 ] DEBUG Engine               - versionCheckDays: 7
21:51:57.515 [FXGL Background Thread 3 ] DEBUG Engine               - width: 1280
21:51:57.515 [FXGL Background Thread 3 ] DEBUG Engine               - Logging services
21:51:57.515 [FXGL Background Thread 3 ] DEBUG Engine               - class com.almasb.fxgl.app.services.FXGLAssetLoaderService
21:51:57.515 [FXGL Background Thread 3 ] DEBUG Engine               - class com.almasb.fxgl.app.FXGLApplication$GameApplicationService
21:51:57.515 [FXGL Background Thread 3 ] DEBUG Engine               - class com.almasb.fxgl.app.services.FXGLDialogService
21:51:57.515 [FXGL Background Thread 3 ] DEBUG Engine               - class com.almasb.fxgl.app.services.IOTaskExecutorService
21:51:57.515 [FXGL Background Thread 3 ] DEBUG Engine               - class com.almasb.fxgl.io.FileSystemService
21:51:57.515 [FXGL Background Thread 3 ] DEBUG Engine               - class com.almasb.fxgl.localization.LocalizationService
21:51:57.515 [FXGL Background Thread 3 ] DEBUG Engine               - class com.almasb.fxgl.app.services.SystemBundleService
21:51:57.515 [FXGL Background Thread 3 ] DEBUG Engine               - class com.almasb.fxgl.profile.SaveLoadService
21:51:57.515 [FXGL Background Thread 3 ] DEBUG Engine               - class com.almasb.fxgl.ui.FXGLUIFactoryServiceProvider
21:51:57.515 [FXGL Background Thread 3 ] DEBUG Engine               - class com.almasb.fxgl.ui.FXGLDialogFactoryServiceProvider
21:51:57.515 [FXGL Background Thread 3 ] DEBUG Engine               - class com.almasb.fxgl.audio.AudioPlayer
21:51:57.515 [FXGL Background Thread 3 ] DEBUG Engine               - class com.almasb.fxgl.notification.impl.NotificationServiceProvider
21:51:57.515 [FXGL Background Thread 3 ] DEBUG Engine               - class com.almasb.fxgl.achievement.AchievementService
21:51:57.515 [FXGL Background Thread 3 ] DEBUG Engine               - class com.almasb.fxgl.cutscene.CutsceneService
21:51:57.515 [FXGL Background Thread 3 ] DEBUG Engine               - class com.almasb.fxgl.minigames.MiniGameService
21:51:57.515 [FXGL Background Thread 3 ] DEBUG Engine               - class com.almasb.fxgl.net.NetService
21:51:57.515 [FXGL Background Thread 3 ] DEBUG Engine               - class com.almasb.fxgl.app.services.UpdaterService
21:51:57.515 [FXGL Background Thread 3 ] DEBUG Engine               - class com.almasb.fxgl.dev.DevService
21:51:59.816 [JavaFX Application Thread] DEBUG FXGLApplication      - Exiting FXGL
21:51:59.816 [JavaFX Application Thread] DEBUG LoopRunner           - Stopping loop
21:51:59.816 [JavaFX Application Thread] DEBUG SystemBundleService  - Saving FXGL system data
21:51:59.818 [JavaFX Application Thread] DEBUG FileSystemAccess     - Writing to: C:\Users\Ruhmer Jairus\OOP2-Capstone\system\fxgl.bundle
21:51:59.820 [JavaFX Application Thread] DEBUG Async                - Shutting down background threads
21:51:59.820 [JavaFX Application Thread] DEBUG PrimaryStageWindow   - Closing main window
21:51:59.835 [JavaFX Application Thread] DEBUG Logger               - Closing Logger
