03:39:53.986 [main                     ] DEBUG Logger               - Configured Logger
03:39:54.009 [main                     ] DEBUG GameApplication      - Logging settings
Title: TypeWiz - Winter Theme
Version: 0.0
Width: 1280
Height: 720
Fullscreen: false
Intro: false
Profiling: false
Single step:false
App Mode: DEVELOPER
Menu Key: ESCAPE
Stage Style: DECORATED
Scene Factory: class com.almasb.fxgl.app.scene.SceneFactory

03:39:54.265 [JavaFX Application Thread] DEBUG FXGLApplication      - Initializing FXGL
03:39:54.269 [JavaFX Application Thread] INFO  Engine               - FXGL-21.1 (27.03.2024 07.52) on WINDOWS (J:21.0.3 FX:19)
03:39:54.269 [JavaFX Application Thread] DEBUG Engine               - JRE Vendor Name: Oracle Corporation
03:39:54.270 [JavaFX Application Thread] DEBUG Engine               - Running on OS: Windows 11 version 10.0
03:39:54.270 [JavaFX Application Thread] DEBUG Engine               - Architecture: amd64
03:39:54.270 [JavaFX Application Thread] INFO  Engine               - Source code and latest versions at: https://github.com/AlmasB/FXGL
03:39:54.270 [JavaFX Application Thread] INFO  Engine               -       Ask questions and discuss at: https://github.com/AlmasB/FXGL/discussions
03:39:54.270 [JavaFX Application Thread] INFO  Engine               -              Join the FXGL chat at: https://gitter.im/AlmasB/FXGL
03:39:54.334 [JavaFX Application Thread] DEBUG PrimaryStageWindow   - Creating a JavaFX scene
03:39:54.368 [JavaFX Application Thread] DEBUG PrimaryStageWindow   - Target settings size: 1280.0 x 720.0
03:39:54.368 [JavaFX Application Thread] DEBUG PrimaryStageWindow   - Scaled scene size:    1280.0 x 720.0
03:39:54.368 [JavaFX Application Thread] DEBUG PrimaryStageWindow   - Scaled ratio: (1.0, 1.0)
03:39:54.369 [JavaFX Application Thread] DEBUG PrimaryStageWindow   - Set initial scene to FXGLStartupScene
03:39:54.372 [JavaFX Application Thread] DEBUG PrimaryStageWindow   - Opening main window
03:39:54.436 [JavaFX Application Thread] DEBUG PrimaryStageWindow   - Window border size: (14.4000244140625, 37.5999755859375)
03:39:54.436 [JavaFX Application Thread] DEBUG PrimaryStageWindow   - Scaled size: 1280.0 x 720.0
03:39:54.436 [JavaFX Application Thread] DEBUG PrimaryStageWindow   - Scaled ratio: (1.0, 1.0)
03:39:54.437 [JavaFX Application Thread] DEBUG PrimaryStageWindow   - Scene size: 1280.0 x 720.0
03:39:54.437 [JavaFX Application Thread] DEBUG PrimaryStageWindow   - Stage size: 1294.4000244140625 x 757.5999755859375
03:39:54.443 [FXGL Background Thread 1 ] DEBUG Engine               - Initializing environment variables
03:39:54.483 [FXGL Background Thread 1 ] DEBUG FXGLAssetLoaderServi - User app class for loading assets: class com.oop2.typewiz.GameplayComponents.Game
03:39:54.484 [FXGL Background Thread 1 ] DEBUG GameApplicationServi - Applying CSS: fxgl_dark.css
03:39:54.484 [FXGL Background Thread 1 ] DEBUG FXGLAssetLoaderServi - Loading from file system: jar:file:///C:/Users/Ruhmer%20Jairus/.m2/repository/com/github/almasb/fxgl/21.1/fxgl-21.1.jar!/fxglassets/ui/css/fxgl_dark.css
03:39:54.525 [FXGL Background Thread 1 ] DEBUG GameApplicationServi - Initializing application scenes
03:39:54.578 [FXGL Background Thread 1 ] DEBUG GameWorld            - Game world initialized
03:39:54.635 [FXGL Background Thread 1 ] DEBUG PhysicsWorld         - Physics world initialized: appHeight=720, physics.ppm=50.0
03:39:54.635 [FXGL Background Thread 1 ] DEBUG PhysicsWorld         - Using strategy: BRUTE_FORCE
03:39:54.638 [FXGL Background Thread 1 ] DEBUG GameScene            - Game scene initialized: 1280x720
03:39:54.647 [FXGL Background Thread 1 ] DEBUG FXGL.DefaultMenu     - createMenuBodyGameMenu()
03:39:54.657 [FXGL Background Thread 1 ] DEBUG FXGL.DefaultMenu     - createOptionsMenu()
03:39:54.663 [FXGL Background Thread 1 ] DEBUG FXGLAssetLoaderServi - Loading from file system: jar:file:///C:/Users/Ruhmer%20Jairus/.m2/repository/com/github/almasb/fxgl/21.1/fxgl-21.1.jar!/fxglassets/textures/particles/smoke.png
03:39:54.745 [FXGL Background Thread 1 ] DEBUG FXGLAssetLoaderServi - Loading from file system: jar:file:///C:/Users/Ruhmer%20Jairus/.m2/repository/com/github/almasb/fxgl/21.1/fxgl-21.1.jar!/fxglassets/textures/particles/trace_horizontal.png
03:39:54.765 [FXGL Background Thread 1 ] DEBUG GameApplicationServi - Application scenes initialized
03:39:54.777 [FXGL Background Thread 1 ] DEBUG SystemBundleService  - Loading FXGL system data
03:39:54.779 [FXGL Background Thread 1 ] DEBUG FileSystemAccess     - Reading from: C:\Users\Ruhmer Jairus\OOP2-Capstone\system\fxgl.bundle
03:39:54.788 [FXGL Background Thread 1 ] DEBUG SystemBundleService  - Bundle FXGL: {}
03:39:54.788 [FXGL Background Thread 1 ] DEBUG UpdaterService       - Checking for updates
03:39:54.791 [FXGL Background Thread 4 ] DEBUG FXGLApplication      - Loading fonts
03:39:54.791 [FXGL Background Thread 4 ] DEBUG FXGLAssetLoaderServi - Loading from file system: jar:file:///C:/Users/Ruhmer%20Jairus/.m2/repository/com/github/almasb/fxgl/21.1/fxgl-21.1.jar!/fxglassets/ui/fonts/VarelaRound-Regular.ttf
03:39:54.791 [FXGL Background Thread 1 ] DEBUG FXGLApplication      - Loading default localization
03:39:54.792 [FXGL Background Thread 1 ] DEBUG FXGLAssetLoaderServi - Loading from file system: jar:file:///C:/Users/Ruhmer%20Jairus/.m2/repository/com/github/almasb/fxgl/21.1/fxgl-21.1.jar!/fxglassets/languages/english.lang
03:39:54.822 [FXGL Background Thread 4 ] DEBUG FXGLAssetLoaderServi - Loading from file system: jar:file:///C:/Users/Ruhmer%20Jairus/.m2/repository/com/github/almasb/fxgl/21.1/fxgl-21.1.jar!/fxglassets/ui/fonts/Abel-Regular.ttf
03:39:54.825 [FXGL Background Thread 1 ] INFO  FXGLApplication      - FXGL initialization took: 0.381 sec
03:39:54.825 [FXGL Background Thread 4 ] DEBUG FXGLAssetLoaderServi - Loading from file system: jar:file:///C:/Users/Ruhmer%20Jairus/.m2/repository/com/github/almasb/fxgl/21.1/fxgl-21.1.jar!/fxglassets/ui/fonts/TerminalLandMono-Regular.otf
03:39:54.825 [JavaFX Application Thread] DEBUG FXGLAssetLoaderServi - Loading from file system: jar:file:///C:/Users/Ruhmer%20Jairus/.m2/repository/com/github/almasb/fxgl/21.1/fxgl-21.1.jar!/fxglassets/textures/fxgl_icon.png
03:39:54.829 [FXGL Background Thread 4 ] DEBUG FXGLAssetLoaderServi - Loading from file system: jar:file:///C:/Users/Ruhmer%20Jairus/.m2/repository/com/github/almasb/fxgl/21.1/fxgl-21.1.jar!/fxglassets/ui/fonts/Courier-Prime.ttf
03:39:54.838 [JavaFX Application Thread] DEBUG FXGLAssetLoaderServi - Loading from file system: jar:file:///C:/Users/Ruhmer%20Jairus/.m2/repository/com/github/almasb/fxgl/21.1/fxgl-21.1.jar!/fxglassets/textures/fxgl_default_cursor.png
03:39:54.847 [JavaFX Application Thread] DEBUG Input                - Registered new binding: Screenshot - CTRL+8
03:39:54.848 [JavaFX Application Thread] DEBUG Input                - Registered new binding: System info dump - CTRL+9
03:39:54.848 [JavaFX Application Thread] DEBUG Input                - Registered new binding: Restart - CTRL+R
03:39:54.849 [JavaFX Application Thread] DEBUG Input                - Registered new binding: Toggle Debug Camera - CTRL+7
03:39:54.852 [JavaFX Application Thread] DEBUG LoopRunner           - Starting loop
03:39:54.852 [JavaFX Application Thread] DEBUG LoopRunner           - Initializing JavaFX AnimationTimerLoop
03:39:54.855 [JavaFX Application Thread] DEBUG GameApplicationServi - Starting new game
03:39:54.856 [JavaFX Application Thread] DEBUG Input                - Clearing active input actions
03:39:54.871 [JavaFX Application Thread] DEBUG GameApplicationServi - Removing overlay from FXGLStartupScene and adding to FXGLLoadingScene
03:39:54.871 [JavaFX Application Thread] DEBUG PrimaryStageWindow   - FXGLStartupScene -> FXGLLoadingScene
03:39:54.871 [JavaFX Application Thread] DEBUG GameApplicationServi - Clearing previous game
03:39:54.871 [JavaFX Application Thread] DEBUG GameScene            - Clearing game scene
03:39:54.871 [JavaFX Application Thread] DEBUG GameWorld            - Clearing game world
03:39:54.871 [JavaFX Application Thread] DEBUG PhysicsWorld         - Clearing physics world
03:39:54.875 [FXGL Background Thread 4 ] DEBUG FXGLApplication      - Initializing game
03:39:54.876 [JavaFX Application Thread] DEBUG FXGLApplication      - Registering font factories with UI factory
03:39:54.877 [FXGL Background Thread 4 ] DEBUG FXGLAssetLoaderServi - Loading from file system: file:/C:/Users/Ruhmer%20Jairus/OOP2-Capstone/target/classes/assets/textures/background-and-platforms/bg-winter_1280_720.png
03:39:54.917 [FXGL Background Thread 4 ] DEBUG FXGLAssetLoaderServi - Loading from file system: file:/C:/Users/Ruhmer%20Jairus/OOP2-Capstone/target/classes/assets/textures/background-and-platforms/hdlargerplatform-winter.png
03:39:55.005 [FXGL Background Thread 4 ] INFO  FXGLApplication      - Game initialization took: 0.130 sec
03:39:55.023 [JavaFX Application Thread] DEBUG Input                - Clearing active input actions
03:39:55.031 [JavaFX Application Thread] DEBUG GameApplicationServi - Removing overlay from FXGLLoadingScene and adding to GameScene
03:39:55.031 [JavaFX Application Thread] DEBUG PrimaryStageWindow   - FXGLLoadingScene -> GameScene
03:39:57.792 [FXGL Background Thread 3 ] DEBUG Engine               - Logging environment variables
03:39:57.792 [FXGL Background Thread 3 ] DEBUG Engine               - achievements: []
03:39:57.792 [FXGL Background Thread 3 ] DEBUG Engine               - actualHeight: 720.0
03:39:57.792 [FXGL Background Thread 3 ] DEBUG Engine               - actualHeightProperty: ReadOnlyDoubleProperty [value: 720.0]
03:39:57.792 [FXGL Background Thread 3 ] DEBUG Engine               - actualWidth: 1280.0
03:39:57.792 [FXGL Background Thread 3 ] DEBUG Engine               - actualWidthProperty: ReadOnlyDoubleProperty [value: 1280.0]
03:39:57.792 [FXGL Background Thread 3 ] DEBUG Engine               - appIcon: fxgl_icon.png
03:39:57.792 [FXGL Background Thread 3 ] DEBUG Engine               - applicationMode: DEVELOPER
03:39:57.793 [FXGL Background Thread 3 ] DEBUG Engine               - cSSList: [fxgl_dark.css]
03:39:57.793 [FXGL Background Thread 3 ] DEBUG Engine               - collisionDetectionStrategy: BRUTE_FORCE
03:39:57.793 [FXGL Background Thread 3 ] DEBUG Engine               - configClass: Optional.empty
03:39:57.793 [FXGL Background Thread 3 ] DEBUG Engine               - credits: []
03:39:57.793 [FXGL Background Thread 3 ] DEBUG Engine               - defaultCursor: CursorInfo(imageName=fxgl_default_cursor.png, hotspotX=7.0, hotspotY=6.0)
03:39:57.793 [FXGL Background Thread 3 ] DEBUG Engine               - devBBoxColorProperty: ObjectProperty [value: 0xff0000ff]
03:39:57.793 [FXGL Background Thread 3 ] DEBUG Engine               - devEnableDebugCameraProperty: BooleanProperty [value: false]
03:39:57.793 [FXGL Background Thread 3 ] DEBUG Engine               - devSensorColorProperty: ObjectProperty [value: 0xffff00ff]
03:39:57.793 [FXGL Background Thread 3 ] DEBUG Engine               - devShowBBoxProperty: BooleanProperty [value: false]
03:39:57.793 [FXGL Background Thread 3 ] DEBUG Engine               - devShowPositionProperty: BooleanProperty [value: false]
03:39:57.793 [FXGL Background Thread 3 ] DEBUG Engine               - enabledMenuItems: []
03:39:57.793 [FXGL Background Thread 3 ] DEBUG Engine               - engineServices: [class com.almasb.fxgl.app.services.FXGLAssetLoaderService, class com.almasb.fxgl.app.FXGLApplication$GameApplicationService, class com.almasb.fxgl.app.services.FXGLDialogService, class com.almasb.fxgl.app.services.IOTaskExecutorService, class com.almasb.fxgl.io.FileSystemService, class com.almasb.fxgl.localization.LocalizationService, class com.almasb.fxgl.app.services.SystemBundleService, class com.almasb.fxgl.profile.SaveLoadService, class com.almasb.fxgl.ui.FXGLUIFactoryServiceProvider, class com.almasb.fxgl.ui.FXGLDialogFactoryServiceProvider, class com.almasb.fxgl.audio.AudioPlayer, class com.almasb.fxgl.notification.impl.NotificationServiceProvider, class com.almasb.fxgl.achievement.AchievementService, class com.almasb.fxgl.cutscene.CutsceneService, class com.almasb.fxgl.minigames.MiniGameService, class com.almasb.fxgl.net.NetService, class com.almasb.fxgl.app.services.UpdaterService, class com.almasb.fxgl.dev.DevService]
03:39:57.793 [FXGL Background Thread 3 ] DEBUG Engine               - fontGame: Abel-Regular.ttf
03:39:57.793 [FXGL Background Thread 3 ] DEBUG Engine               - fontMono: TerminalLandMono-Regular.otf
03:39:57.793 [FXGL Background Thread 3 ] DEBUG Engine               - fontSizeScaleUI: 1.0
03:39:57.793 [FXGL Background Thread 3 ] DEBUG Engine               - fontText: Courier-Prime.ttf
03:39:57.793 [FXGL Background Thread 3 ] DEBUG Engine               - fontUI: VarelaRound-Regular.ttf
03:39:57.794 [FXGL Background Thread 3 ] DEBUG Engine               - fullScreen: BooleanProperty [value: false]
03:39:57.794 [FXGL Background Thread 3 ] DEBUG Engine               - gameDifficulty: MEDIUM
03:39:57.794 [FXGL Background Thread 3 ] DEBUG Engine               - gameDifficultyProperty: ObjectProperty [value: MEDIUM]
03:39:57.794 [FXGL Background Thread 3 ] DEBUG Engine               - globalMusicVolume: 0.5
03:39:57.794 [FXGL Background Thread 3 ] DEBUG Engine               - globalMusicVolumeProperty: DoubleProperty [value: 0.5]
03:39:57.794 [FXGL Background Thread 3 ] DEBUG Engine               - globalSoundVolume: 0.5
03:39:57.794 [FXGL Background Thread 3 ] DEBUG Engine               - globalSoundVolumeProperty: DoubleProperty [value: 0.5]
03:39:57.794 [FXGL Background Thread 3 ] DEBUG Engine               - height: 720
03:39:57.794 [FXGL Background Thread 3 ] DEBUG Engine               - is3D: false
03:39:57.794 [FXGL Background Thread 3 ] DEBUG Engine               - isAndroid: false
03:39:57.794 [FXGL Background Thread 3 ] DEBUG Engine               - isBrowser: false
03:39:57.794 [FXGL Background Thread 3 ] DEBUG Engine               - isClickFeedbackEnabled: false
03:39:57.794 [FXGL Background Thread 3 ] DEBUG Engine               - isCloseConfirmation: false
03:39:57.794 [FXGL Background Thread 3 ] DEBUG Engine               - isDesktop: true
03:39:57.794 [FXGL Background Thread 3 ] DEBUG Engine               - isDeveloperMenuEnabled: false
03:39:57.794 [FXGL Background Thread 3 ] DEBUG Engine               - isEmbedded: false
03:39:57.794 [FXGL Background Thread 3 ] DEBUG Engine               - isEntityPreloadEnabled: true
03:39:57.794 [FXGL Background Thread 3 ] DEBUG Engine               - isExperimentalTiledLargeMap: false
03:39:57.794 [FXGL Background Thread 3 ] DEBUG Engine               - isFileSystemWriteAllowed: true
03:39:57.794 [FXGL Background Thread 3 ] DEBUG Engine               - isFullScreenAllowed: false
03:39:57.794 [FXGL Background Thread 3 ] DEBUG Engine               - isFullScreenFromStart: false
03:39:57.794 [FXGL Background Thread 3 ] DEBUG Engine               - isGameMenuEnabled: true
03:39:57.794 [FXGL Background Thread 3 ] DEBUG Engine               - isIOS: false
03:39:57.794 [FXGL Background Thread 3 ] DEBUG Engine               - isIntroEnabled: false
03:39:57.794 [FXGL Background Thread 3 ] DEBUG Engine               - isLinux: false
03:39:57.794 [FXGL Background Thread 3 ] DEBUG Engine               - isMac: false
03:39:57.794 [FXGL Background Thread 3 ] DEBUG Engine               - isMainMenuEnabled: false
03:39:57.794 [FXGL Background Thread 3 ] DEBUG Engine               - isManualResizeEnabled: false
03:39:57.794 [FXGL Background Thread 3 ] DEBUG Engine               - isMobile: false
03:39:57.794 [FXGL Background Thread 3 ] DEBUG Engine               - isNative: false
03:39:57.795 [FXGL Background Thread 3 ] DEBUG Engine               - isPauseMusicWhenMinimized: true
03:39:57.795 [FXGL Background Thread 3 ] DEBUG Engine               - isPreserveResizeRatio: false
03:39:57.795 [FXGL Background Thread 3 ] DEBUG Engine               - isProfilingEnabled: false
03:39:57.795 [FXGL Background Thread 3 ] DEBUG Engine               - isScaleAffectedOnResize: true
03:39:57.795 [FXGL Background Thread 3 ] DEBUG Engine               - isSingleStep: false
03:39:57.795 [FXGL Background Thread 3 ] DEBUG Engine               - isUserProfileEnabled: false
03:39:57.795 [FXGL Background Thread 3 ] DEBUG Engine               - isWindows: true
03:39:57.795 [FXGL Background Thread 3 ] DEBUG Engine               - language: ObjectProperty [value: ENGLISH]
03:39:57.795 [FXGL Background Thread 3 ] DEBUG Engine               - menuKey: ESCAPE
03:39:57.795 [FXGL Background Thread 3 ] DEBUG Engine               - mouseSensitivity: 0.2
03:39:57.795 [FXGL Background Thread 3 ] DEBUG Engine               - notificationViewClass: class com.almasb.fxgl.notification.view.XboxNotificationView
03:39:57.795 [FXGL Background Thread 3 ] DEBUG Engine               - pixelsPerMeter: 50.0
03:39:57.795 [FXGL Background Thread 3 ] DEBUG Engine               - platform: WINDOWS
03:39:57.795 [FXGL Background Thread 3 ] DEBUG Engine               - prefHeightProperty: ReadOnlyDoubleProperty [value: 720.0]
03:39:57.795 [FXGL Background Thread 3 ] DEBUG Engine               - prefWidthProperty: ReadOnlyDoubleProperty [value: 1280.0]
03:39:57.795 [FXGL Background Thread 3 ] DEBUG Engine               - profileDir: profiles/
03:39:57.795 [FXGL Background Thread 3 ] DEBUG Engine               - profileName: StringProperty [value: DEFAULT]
03:39:57.795 [FXGL Background Thread 3 ] DEBUG Engine               - randomSeed: -1
03:39:57.795 [FXGL Background Thread 3 ] DEBUG Engine               - runtimeInfo: RuntimeInfo(platform=WINDOWS, version=21.1, build=27.03.2024 07.52)
03:39:57.795 [FXGL Background Thread 3 ] DEBUG Engine               - saveFileExt: sav
03:39:57.795 [FXGL Background Thread 3 ] DEBUG Engine               - scaledHeightProp$fxgl: DoubleProperty [bound, value: 720.0]
03:39:57.795 [FXGL Background Thread 3 ] DEBUG Engine               - scaledWidthProp$fxgl: DoubleProperty [bound, value: 1280.0]
03:39:57.795 [FXGL Background Thread 3 ] DEBUG Engine               - sceneFactory: com.almasb.fxgl.app.scene.SceneFactory@6ef141aa
03:39:57.795 [FXGL Background Thread 3 ] DEBUG Engine               - secondsIn24h: 60
03:39:57.795 [FXGL Background Thread 3 ] DEBUG Engine               - soundMenuBack: menu/back.wav
03:39:57.795 [FXGL Background Thread 3 ] DEBUG Engine               - soundMenuPress: menu/press.wav
03:39:57.795 [FXGL Background Thread 3 ] DEBUG Engine               - soundMenuSelect: menu/select.wav
03:39:57.795 [FXGL Background Thread 3 ] DEBUG Engine               - soundNotification: core/notification.wav
03:39:57.795 [FXGL Background Thread 3 ] DEBUG Engine               - stageStyle: DECORATED
03:39:57.795 [FXGL Background Thread 3 ] DEBUG Engine               - supportedLanguages: [ENGLISH, FRENCH, GERMAN, HUNGARIAN, RUSSIAN]
03:39:57.797 [FXGL Background Thread 3 ] DEBUG Engine               - ticksPerSecond: -1
03:39:57.797 [FXGL Background Thread 3 ] DEBUG Engine               - title: TypeWiz - Winter Theme
03:39:57.797 [FXGL Background Thread 3 ] DEBUG Engine               - urlGithub: https://github.com/AlmasB/FXGL
03:39:57.797 [FXGL Background Thread 3 ] DEBUG Engine               - urlLeaderboard: http://fxgl-top.herokuapp.com/
03:39:57.797 [FXGL Background Thread 3 ] DEBUG Engine               - urlPOM: https://raw.githubusercontent.com/AlmasB/FXGL/release/README.md
03:39:57.797 [FXGL Background Thread 3 ] DEBUG Engine               - userAppClass: class com.oop2.typewiz.GameplayComponents.Game
03:39:57.797 [FXGL Background Thread 3 ] DEBUG Engine               - version: 0.0
03:39:57.797 [FXGL Background Thread 3 ] DEBUG Engine               - versionCheckDays: 7
03:39:57.797 [FXGL Background Thread 3 ] DEBUG Engine               - width: 1280
03:39:57.797 [FXGL Background Thread 3 ] DEBUG Engine               - Logging services
03:39:57.797 [FXGL Background Thread 3 ] DEBUG Engine               - class com.almasb.fxgl.app.services.FXGLAssetLoaderService
03:39:57.797 [FXGL Background Thread 3 ] DEBUG Engine               - class com.almasb.fxgl.app.FXGLApplication$GameApplicationService
03:39:57.797 [FXGL Background Thread 3 ] DEBUG Engine               - class com.almasb.fxgl.app.services.FXGLDialogService
03:39:57.797 [FXGL Background Thread 3 ] DEBUG Engine               - class com.almasb.fxgl.app.services.IOTaskExecutorService
03:39:57.797 [FXGL Background Thread 3 ] DEBUG Engine               - class com.almasb.fxgl.io.FileSystemService
03:39:57.797 [FXGL Background Thread 3 ] DEBUG Engine               - class com.almasb.fxgl.localization.LocalizationService
03:39:57.797 [FXGL Background Thread 3 ] DEBUG Engine               - class com.almasb.fxgl.app.services.SystemBundleService
03:39:57.797 [FXGL Background Thread 3 ] DEBUG Engine               - class com.almasb.fxgl.profile.SaveLoadService
03:39:57.797 [FXGL Background Thread 3 ] DEBUG Engine               - class com.almasb.fxgl.ui.FXGLUIFactoryServiceProvider
03:39:57.797 [FXGL Background Thread 3 ] DEBUG Engine               - class com.almasb.fxgl.ui.FXGLDialogFactoryServiceProvider
03:39:57.797 [FXGL Background Thread 3 ] DEBUG Engine               - class com.almasb.fxgl.audio.AudioPlayer
03:39:57.797 [FXGL Background Thread 3 ] DEBUG Engine               - class com.almasb.fxgl.notification.impl.NotificationServiceProvider
03:39:57.797 [FXGL Background Thread 3 ] DEBUG Engine               - class com.almasb.fxgl.achievement.AchievementService
03:39:57.797 [FXGL Background Thread 3 ] DEBUG Engine               - class com.almasb.fxgl.cutscene.CutsceneService
03:39:57.797 [FXGL Background Thread 3 ] DEBUG Engine               - class com.almasb.fxgl.minigames.MiniGameService
03:39:57.797 [FXGL Background Thread 3 ] DEBUG Engine               - class com.almasb.fxgl.net.NetService
03:39:57.798 [FXGL Background Thread 3 ] DEBUG Engine               - class com.almasb.fxgl.app.services.UpdaterService
03:39:57.798 [FXGL Background Thread 3 ] DEBUG Engine               - class com.almasb.fxgl.dev.DevService
03:40:06.110 [JavaFX Application Thread] DEBUG FXGLApplication      - Exiting FXGL
03:40:06.110 [JavaFX Application Thread] DEBUG LoopRunner           - Stopping loop
03:40:06.110 [JavaFX Application Thread] DEBUG SystemBundleService  - Saving FXGL system data
03:40:06.112 [JavaFX Application Thread] DEBUG FileSystemAccess     - Writing to: C:\Users\Ruhmer Jairus\OOP2-Capstone\system\fxgl.bundle
03:40:06.114 [JavaFX Application Thread] DEBUG Async                - Shutting down background threads
03:40:06.114 [JavaFX Application Thread] DEBUG PrimaryStageWindow   - Closing main window
03:40:06.127 [JavaFX Application Thread] DEBUG Logger               - Closing Logger
