08:02:00.433 [main                     ] DEBUG Logger               - Configured Logger
08:02:00.459 [main                     ] DEBUG GameApplication      - Logging settings
Title: TypeWiz - Winter Theme
Version: 0.0
Width: 1280
Height: 720
Fullscreen: false
Intro: false
Profiling: false
Single step:false
App Mode: DEVELOPER
Menu Key: ESCAPE
Stage Style: DECORATED
Scene Factory: class com.almasb.fxgl.app.scene.SceneFactory

08:02:00.732 [JavaFX Application Thread] DEBUG FXGLApplication      - Initializing FXGL
08:02:00.735 [JavaFX Application Thread] INFO  Engine               - FXGL-21.1 (27.03.2024 07.52) on WINDOWS (J:21.0.3 FX:19)
08:02:00.736 [JavaFX Application Thread] DEBUG Engine               - JRE Vendor Name: Oracle Corporation
08:02:00.736 [JavaFX Application Thread] DEBUG Engine               - Running on OS: Windows 11 version 10.0
08:02:00.736 [JavaFX Application Thread] DEBUG Engine               - Architecture: amd64
08:02:00.736 [JavaFX Application Thread] INFO  Engine               - Source code and latest versions at: https://github.com/AlmasB/FXGL
08:02:00.736 [JavaFX Application Thread] INFO  Engine               -       Ask questions and discuss at: https://github.com/AlmasB/FXGL/discussions
08:02:00.736 [JavaFX Application Thread] INFO  Engine               -              Join the FXGL chat at: https://gitter.im/AlmasB/FXGL
08:02:00.803 [JavaFX Application Thread] DEBUG PrimaryStageWindow   - Creating a JavaFX scene
08:02:00.838 [JavaFX Application Thread] DEBUG PrimaryStageWindow   - Target settings size: 1280.0 x 720.0
08:02:00.838 [JavaFX Application Thread] DEBUG PrimaryStageWindow   - Scaled scene size:    1280.0 x 720.0
08:02:00.838 [JavaFX Application Thread] DEBUG PrimaryStageWindow   - Scaled ratio: (1.0, 1.0)
08:02:00.838 [JavaFX Application Thread] DEBUG PrimaryStageWindow   - Set initial scene to FXGLStartupScene
08:02:00.841 [JavaFX Application Thread] DEBUG PrimaryStageWindow   - Opening main window
08:02:00.903 [JavaFX Application Thread] DEBUG PrimaryStageWindow   - Window border size: (14.4000244140625, 37.5999755859375)
08:02:00.903 [JavaFX Application Thread] DEBUG PrimaryStageWindow   - Scaled size: 1280.0 x 720.0
08:02:00.904 [JavaFX Application Thread] DEBUG PrimaryStageWindow   - Scaled ratio: (1.0, 1.0)
08:02:00.904 [JavaFX Application Thread] DEBUG PrimaryStageWindow   - Scene size: 1280.0 x 720.0
08:02:00.904 [JavaFX Application Thread] DEBUG PrimaryStageWindow   - Stage size: 1294.4000244140625 x 757.5999755859375
08:02:00.909 [FXGL Background Thread 1 ] DEBUG Engine               - Initializing environment variables
08:02:00.952 [FXGL Background Thread 1 ] DEBUG FXGLAssetLoaderServi - User app class for loading assets: class com.oop2.typewiz.GameplayComponents.Game
08:02:00.952 [FXGL Background Thread 1 ] DEBUG GameApplicationServi - Applying CSS: fxgl_dark.css
08:02:00.952 [FXGL Background Thread 1 ] DEBUG FXGLAssetLoaderServi - Loading from file system: jar:file:///C:/Users/Ruhmer%20Jairus/.m2/repository/com/github/almasb/fxgl/21.1/fxgl-21.1.jar!/fxglassets/ui/css/fxgl_dark.css
08:02:00.992 [FXGL Background Thread 1 ] DEBUG GameApplicationServi - Initializing application scenes
08:02:01.051 [FXGL Background Thread 1 ] DEBUG GameWorld            - Game world initialized
08:02:01.108 [FXGL Background Thread 1 ] DEBUG PhysicsWorld         - Physics world initialized: appHeight=720, physics.ppm=50.0
08:02:01.108 [FXGL Background Thread 1 ] DEBUG PhysicsWorld         - Using strategy: BRUTE_FORCE
08:02:01.113 [FXGL Background Thread 1 ] DEBUG GameScene            - Game scene initialized: 1280x720
08:02:01.121 [FXGL Background Thread 1 ] DEBUG FXGL.DefaultMenu     - createMenuBodyGameMenu()
08:02:01.130 [FXGL Background Thread 1 ] DEBUG FXGL.DefaultMenu     - createOptionsMenu()
08:02:01.136 [FXGL Background Thread 1 ] DEBUG FXGLAssetLoaderServi - Loading from file system: jar:file:///C:/Users/Ruhmer%20Jairus/.m2/repository/com/github/almasb/fxgl/21.1/fxgl-21.1.jar!/fxglassets/textures/particles/smoke.png
08:02:01.220 [FXGL Background Thread 1 ] DEBUG FXGLAssetLoaderServi - Loading from file system: jar:file:///C:/Users/Ruhmer%20Jairus/.m2/repository/com/github/almasb/fxgl/21.1/fxgl-21.1.jar!/fxglassets/textures/particles/trace_horizontal.png
08:02:01.245 [FXGL Background Thread 1 ] DEBUG GameApplicationServi - Application scenes initialized
08:02:01.257 [FXGL Background Thread 1 ] DEBUG SystemBundleService  - Loading FXGL system data
08:02:01.261 [FXGL Background Thread 1 ] DEBUG FileSystemAccess     - Reading from: C:\Users\Ruhmer Jairus\OOP2-Capstone\system\fxgl.bundle
08:02:01.267 [FXGL Background Thread 1 ] DEBUG SystemBundleService  - Bundle FXGL: {}
08:02:01.267 [FXGL Background Thread 1 ] DEBUG UpdaterService       - Checking for updates
08:02:01.271 [FXGL Background Thread 4 ] DEBUG FXGLApplication      - Loading fonts
08:02:01.271 [FXGL Background Thread 1 ] DEBUG FXGLApplication      - Loading default localization
08:02:01.272 [FXGL Background Thread 4 ] DEBUG FXGLAssetLoaderServi - Loading from file system: jar:file:///C:/Users/Ruhmer%20Jairus/.m2/repository/com/github/almasb/fxgl/21.1/fxgl-21.1.jar!/fxglassets/ui/fonts/VarelaRound-Regular.ttf
08:02:01.272 [FXGL Background Thread 1 ] DEBUG FXGLAssetLoaderServi - Loading from file system: jar:file:///C:/Users/Ruhmer%20Jairus/.m2/repository/com/github/almasb/fxgl/21.1/fxgl-21.1.jar!/fxglassets/languages/english.lang
08:02:01.302 [FXGL Background Thread 4 ] DEBUG FXGLAssetLoaderServi - Loading from file system: jar:file:///C:/Users/Ruhmer%20Jairus/.m2/repository/com/github/almasb/fxgl/21.1/fxgl-21.1.jar!/fxglassets/ui/fonts/Abel-Regular.ttf
08:02:01.305 [FXGL Background Thread 4 ] DEBUG FXGLAssetLoaderServi - Loading from file system: jar:file:///C:/Users/Ruhmer%20Jairus/.m2/repository/com/github/almasb/fxgl/21.1/fxgl-21.1.jar!/fxglassets/ui/fonts/TerminalLandMono-Regular.otf
08:02:01.309 [FXGL Background Thread 4 ] DEBUG FXGLAssetLoaderServi - Loading from file system: jar:file:///C:/Users/Ruhmer%20Jairus/.m2/repository/com/github/almasb/fxgl/21.1/fxgl-21.1.jar!/fxglassets/ui/fonts/Courier-Prime.ttf
08:02:01.315 [FXGL Background Thread 1 ] INFO  FXGLApplication      - FXGL initialization took: 0.405 sec
08:02:01.315 [JavaFX Application Thread] DEBUG FXGLApplication      - Registering font factories with UI factory
08:02:01.317 [JavaFX Application Thread] DEBUG FXGLAssetLoaderServi - Loading from file system: jar:file:///C:/Users/Ruhmer%20Jairus/.m2/repository/com/github/almasb/fxgl/21.1/fxgl-21.1.jar!/fxglassets/textures/fxgl_icon.png
08:02:01.336 [JavaFX Application Thread] DEBUG FXGLAssetLoaderServi - Loading from file system: jar:file:///C:/Users/Ruhmer%20Jairus/.m2/repository/com/github/almasb/fxgl/21.1/fxgl-21.1.jar!/fxglassets/textures/fxgl_default_cursor.png
08:02:01.355 [JavaFX Application Thread] DEBUG Input                - Registered new binding: Screenshot - CTRL+8
08:02:01.356 [JavaFX Application Thread] DEBUG Input                - Registered new binding: System info dump - CTRL+9
08:02:01.357 [JavaFX Application Thread] DEBUG Input                - Registered new binding: Restart - CTRL+R
08:02:01.358 [JavaFX Application Thread] DEBUG Input                - Registered new binding: Toggle Debug Camera - CTRL+7
08:02:01.364 [JavaFX Application Thread] DEBUG LoopRunner           - Starting loop
08:02:01.364 [JavaFX Application Thread] DEBUG LoopRunner           - Initializing JavaFX AnimationTimerLoop
08:02:01.367 [JavaFX Application Thread] DEBUG GameApplicationServi - Starting new game
08:02:01.369 [JavaFX Application Thread] DEBUG Input                - Clearing active input actions
08:02:01.384 [JavaFX Application Thread] DEBUG GameApplicationServi - Removing overlay from FXGLStartupScene and adding to FXGLLoadingScene
08:02:01.384 [JavaFX Application Thread] DEBUG PrimaryStageWindow   - FXGLStartupScene -> FXGLLoadingScene
08:02:01.384 [JavaFX Application Thread] DEBUG GameApplicationServi - Clearing previous game
08:02:01.384 [JavaFX Application Thread] DEBUG GameScene            - Clearing game scene
08:02:01.384 [JavaFX Application Thread] DEBUG GameWorld            - Clearing game world
08:02:01.384 [JavaFX Application Thread] DEBUG PhysicsWorld         - Clearing physics world
08:02:01.387 [FXGL Background Thread 1 ] DEBUG FXGLApplication      - Initializing game
08:02:01.389 [FXGL Background Thread 1 ] DEBUG FXGLAssetLoaderServi - Loading from file system: file:/C:/Users/Ruhmer%20Jairus/OOP2-Capstone/target/classes/assets/textures/background-and-platforms/bg-winter_1280_720.png
08:02:01.432 [FXGL Background Thread 1 ] DEBUG FXGLAssetLoaderServi - Loading from file system: file:/C:/Users/Ruhmer%20Jairus/OOP2-Capstone/target/classes/assets/textures/background-and-platforms/hdlargerplatform-winter.png
08:02:01.540 [FXGL Background Thread 1 ] DEBUG FXGLAssetLoaderServi - Loading from file system: file:/C:/Users/Ruhmer%20Jairus/OOP2-Capstone/target/classes/assets/textures/wizard/wizard.png
08:02:01.636 [FXGL Background Thread 1 ] INFO  FXGLApplication      - Game initialization took: 0.249 sec
08:02:01.637 [JavaFX Application Thread] DEBUG Input                - Clearing active input actions
08:02:01.645 [JavaFX Application Thread] DEBUG GameApplicationServi - Removing overlay from FXGLLoadingScene and adding to GameScene
08:02:01.646 [JavaFX Application Thread] DEBUG PrimaryStageWindow   - FXGLLoadingScene -> GameScene
08:02:03.946 [JavaFX Application Thread] DEBUG FXGLApplication      - Exiting FXGL
08:02:03.946 [JavaFX Application Thread] DEBUG LoopRunner           - Stopping loop
08:02:03.946 [JavaFX Application Thread] DEBUG SystemBundleService  - Saving FXGL system data
08:02:03.948 [JavaFX Application Thread] DEBUG FileSystemAccess     - Writing to: C:\Users\Ruhmer Jairus\OOP2-Capstone\system\fxgl.bundle
08:02:03.951 [JavaFX Application Thread] DEBUG Async                - Shutting down background threads
08:02:03.951 [JavaFX Application Thread] DEBUG PrimaryStageWindow   - Closing main window
08:02:03.963 [JavaFX Application Thread] DEBUG Logger               - Closing Logger
