11:42:21.422 [main                     ] DEBUG Logger               - Configured Logger
11:42:21.553 [main                     ] DEBUG GameApplication      - Logging settings
Title: TypeWiz
Version: 0.0
Width: 800
Height: 600
Fullscreen: false
Intro: false
Profiling: false
Single step:false
App Mode: DEVELOPER
Menu Key: ESCAPE
Stage Style: DECORATED
Scene Factory: class com.almasb.fxgl.app.scene.SceneFactory

11:42:22.543 [JavaFX Application Thread] DEBUG FXGLApplication      - Initializing FXGL
11:42:22.559 [JavaFX Application Thread] INFO  Engine               - FXGL-17.2 (20.08.2022 16.50) on MAC (J:23.0.1 FX:19)
11:42:22.560 [JavaFX Application Thread] DEBUG Engine               - JRE Vendor Name: Oracle Corporation
11:42:22.561 [JavaFX Application Thread] DEBUG Engine               - Running on OS: Mac OS X version 10.15.7
11:42:22.561 [JavaFX Application Thread] DEBUG Engine               - Architecture: x86_64
11:42:22.561 [JavaFX Application Thread] INFO  Engine               - Source code and latest versions at: https://github.com/AlmasB/FXGL
11:42:22.564 [JavaFX Application Thread] INFO  Engine               -       Ask questions and discuss at: https://github.com/AlmasB/FXGL/discussions
11:42:22.565 [JavaFX Application Thread] INFO  Engine               -              Join the FXGL chat at: https://gitter.im/AlmasB/FXGL
11:42:23.110 [JavaFX Application Thread] DEBUG PrimaryStageWindow   - Creating a JavaFX scene
11:42:23.370 [JavaFX Application Thread] DEBUG PrimaryStageWindow   - Target settings size: 800.0 x 600.0
11:42:23.371 [JavaFX Application Thread] DEBUG PrimaryStageWindow   - Scaled scene size:    800.0 x 600.0
11:42:23.372 [JavaFX Application Thread] DEBUG PrimaryStageWindow   - Scaled ratio: (1.0, 1.0)
11:42:23.375 [JavaFX Application Thread] DEBUG PrimaryStageWindow   - Set initial scene to FXGLStartupScene
11:42:23.385 [JavaFX Application Thread] DEBUG PrimaryStageWindow   - Opening main window
11:42:23.622 [JavaFX Application Thread] DEBUG PrimaryStageWindow   - Window border size: (0.0, 22.0)
11:42:23.623 [JavaFX Application Thread] DEBUG PrimaryStageWindow   - Scaled size: 800.0 x 600.0
11:42:23.623 [JavaFX Application Thread] DEBUG PrimaryStageWindow   - Scaled ratio: (1.0, 1.0)
11:42:23.624 [JavaFX Application Thread] DEBUG PrimaryStageWindow   - Scene size: 800.0 x 600.0
11:42:23.624 [JavaFX Application Thread] DEBUG PrimaryStageWindow   - Stage size: 800.0 x 622.0
11:42:23.642 [FXGL Background Thread 1 ] DEBUG Engine               - Initializing environment variables
11:42:24.059 [FXGL Background Thread 1 ] DEBUG FXGLAssetLoaderServi - User app class for loading assets: class com.oop2.typewiz.Gameplay
11:42:24.060 [FXGL Background Thread 1 ] DEBUG GameApplicationServi - Applying CSS: fxgl_dark.css
11:42:24.063 [FXGL Background Thread 1 ] DEBUG FXGLAssetLoaderServi - Loading from file system: jar:file:///Users/archiecabiso/.m2/repository/com/github/almasb/fxgl/17.2/fxgl-17.2.jar!/fxglassets/ui/css/fxgl_dark.css
11:42:24.364 [FXGL Background Thread 1 ] DEBUG GameApplicationServi - Initializing application scenes
11:42:25.958 [FXGL Background Thread 1 ] DEBUG GameWorld            - Game world initialized
11:42:26.111 [FXGL Background Thread 1 ] DEBUG PhysicsWorld         - Physics world initialized: appHeight=600, physics.ppm=50.0
11:42:26.112 [FXGL Background Thread 1 ] DEBUG PhysicsWorld         - Using strategy: BRUTE_FORCE
11:42:26.133 [FXGL Background Thread 1 ] DEBUG GameScene            - Game scene initialized: 800x600
11:42:26.166 [FXGL Background Thread 1 ] DEBUG FXGL.DefaultMenu     - createMenuBodyGameMenu()
11:42:26.210 [FXGL Background Thread 1 ] DEBUG FXGL.DefaultMenu     - createOptionsMenu()
11:42:26.237 [FXGL Background Thread 1 ] DEBUG FXGLAssetLoaderServi - Loading from file system: jar:file:///Users/archiecabiso/.m2/repository/com/github/almasb/fxgl/17.2/fxgl-17.2.jar!/fxglassets/textures/particles/smoke.png
11:42:26.510 [FXGL Background Thread 1 ] DEBUG FXGLAssetLoaderServi - Loading from file system: jar:file:///Users/archiecabiso/.m2/repository/com/github/almasb/fxgl/17.2/fxgl-17.2.jar!/fxglassets/textures/particles/trace_horizontal.png
11:42:26.577 [FXGL Background Thread 1 ] DEBUG GameApplicationServi - Application scenes initialized
11:42:26.602 [FXGL Background Thread 1 ] DEBUG SystemBundleService  - Loading FXGL system data
11:42:26.612 [FXGL Background Thread 1 ] DEBUG FileSystemAccess     - Reading from: /Users/archiecabiso/Documents/2nd Year - CS/2nd Sem/CSIT228/OOP2-Capstone/system/fxgl.bundle
11:42:26.623 [FXGL Background Thread 1 ] DEBUG SystemBundleService  - Bundle FXGL: {}
11:42:26.623 [FXGL Background Thread 1 ] DEBUG UpdaterService       - Checking for updates
11:42:26.632 [FXGL Background Thread 4 ] DEBUG FXGLApplication      - Loading fonts
11:42:26.633 [FXGL Background Thread 4 ] DEBUG FXGLAssetLoaderServi - Loading from file system: jar:file:///Users/archiecabiso/.m2/repository/com/github/almasb/fxgl/17.2/fxgl-17.2.jar!/fxglassets/ui/fonts/VarelaRound-Regular.ttf
11:42:26.634 [FXGL Background Thread 1 ] DEBUG FXGLApplication      - Loading default localization
11:42:26.635 [FXGL Background Thread 1 ] DEBUG FXGLAssetLoaderServi - Loading from file system: jar:file:///Users/archiecabiso/.m2/repository/com/github/almasb/fxgl/17.2/fxgl-17.2.jar!/fxglassets/languages/english.lang
11:42:26.655 [FXGL Background Thread 4 ] DEBUG FXGLAssetLoaderServi - Loading from file system: jar:file:///Users/archiecabiso/.m2/repository/com/github/almasb/fxgl/17.2/fxgl-17.2.jar!/fxglassets/ui/fonts/Abel-Regular.ttf
11:42:26.660 [FXGL Background Thread 4 ] DEBUG FXGLAssetLoaderServi - Loading from file system: jar:file:///Users/archiecabiso/.m2/repository/com/github/almasb/fxgl/17.2/fxgl-17.2.jar!/fxglassets/ui/fonts/TerminalLandMono-Regular.otf
11:42:26.666 [FXGL Background Thread 4 ] DEBUG FXGLAssetLoaderServi - Loading from file system: jar:file:///Users/archiecabiso/.m2/repository/com/github/almasb/fxgl/17.2/fxgl-17.2.jar!/fxglassets/ui/fonts/Courier-Prime.ttf
11:42:26.675 [JavaFX Application Thread] DEBUG FXGLApplication      - Registering font factories with UI factory
11:42:26.696 [FXGL Background Thread 1 ] INFO  FXGLApplication      - FXGL initialization took: 3.054 sec
11:42:26.699 [JavaFX Application Thread] DEBUG FXGLAssetLoaderServi - Loading from file system: jar:file:///Users/archiecabiso/.m2/repository/com/github/almasb/fxgl/17.2/fxgl-17.2.jar!/fxglassets/textures/fxgl_icon.png
11:42:26.768 [JavaFX Application Thread] DEBUG FXGLAssetLoaderServi - Loading from file system: jar:file:///Users/archiecabiso/.m2/repository/com/github/almasb/fxgl/17.2/fxgl-17.2.jar!/fxglassets/textures/fxgl_default_cursor.png
11:42:26.793 [JavaFX Application Thread] DEBUG Input                - Registered new binding: Screenshot - CTRL+8
11:42:26.794 [JavaFX Application Thread] DEBUG Input                - Registered new binding: System info dump - CTRL+9
11:42:26.795 [JavaFX Application Thread] DEBUG Input                - Registered new binding: Restart - CTRL+R
11:42:26.796 [JavaFX Application Thread] DEBUG Input                - Registered new binding: Toggle Debug Camera - CTRL+7
11:42:26.800 [JavaFX Application Thread] DEBUG LoopRunner           - Starting loop
11:42:26.800 [JavaFX Application Thread] DEBUG LoopRunner           - Initializing JavaFX AnimationTimerLoop
11:42:26.802 [JavaFX Application Thread] DEBUG GameApplicationServi - Starting new game
11:42:26.803 [JavaFX Application Thread] DEBUG Input                - Clearing active input actions
11:42:26.829 [JavaFX Application Thread] DEBUG GameApplicationServi - Removing overlay from FXGLStartupScene and adding to FXGLLoadingScene
11:42:26.829 [JavaFX Application Thread] DEBUG PrimaryStageWindow   - FXGLStartupScene -> FXGLLoadingScene
11:42:26.830 [JavaFX Application Thread] DEBUG GameApplicationServi - Clearing previous game
11:42:26.830 [JavaFX Application Thread] DEBUG GameScene            - Clearing game scene
11:42:26.830 [JavaFX Application Thread] DEBUG GameWorld            - Clearing game world
11:42:26.830 [JavaFX Application Thread] DEBUG PhysicsWorld         - Clearing physics world
11:42:26.905 [FXGL Background Thread 1 ] DEBUG FXGLApplication      - Initializing game
11:42:26.984 [FXGL Background Thread 1 ] WARN  FXGLAssetLoaderServi - Asset "/assets/textures/resources/assets/typewiz_logo.png" was not found!
11:42:26.984 [FXGL Background Thread 1 ] WARN  FXGLAssetLoaderServi - Failed to load IMAGE
11:42:27.200 [FXGL Background Thread 1 ] INFO  FXGLApplication      - Game initialization took: 0.295 sec
11:42:27.253 [JavaFX Application Thread] DEBUG Input                - Clearing active input actions
11:42:27.281 [JavaFX Application Thread] DEBUG GameApplicationServi - Removing overlay from FXGLLoadingScene and adding to GameScene
11:42:27.282 [JavaFX Application Thread] DEBUG PrimaryStageWindow   - FXGLLoadingScene -> GameScene
11:42:27.862 [FXGL Background Thread 2 ] INFO  UpdaterService       - Your current version:  17.2
11:42:27.863 [FXGL Background Thread 2 ] INFO  UpdaterService       - Latest stable version: 21.1
11:42:29.115 [JavaFX Application Thread] DEBUG FXGLApplication      - Exiting FXGL
11:42:29.116 [JavaFX Application Thread] DEBUG LoopRunner           - Stopping loop
11:42:29.116 [JavaFX Application Thread] DEBUG SystemBundleService  - Saving FXGL system data
11:42:29.121 [JavaFX Application Thread] DEBUG FileSystemAccess     - Writing to: /Users/archiecabiso/Documents/2nd Year - CS/2nd Sem/CSIT228/OOP2-Capstone/system/fxgl.bundle
11:42:29.124 [JavaFX Application Thread] DEBUG Async                - Shutting down background threads
11:42:29.124 [JavaFX Application Thread] DEBUG PrimaryStageWindow   - Closing main window
11:42:29.139 [JavaFX Application Thread] DEBUG Logger               - Closing Logger
