22:16:27.269 [main                     ] DEBUG Logger               - Configured Logger
22:16:27.405 [main                     ] DEBUG GameApplication      - Logging settings
Title: TypeWiz - Winter Theme
Version: 0.0
Width: 1280
Height: 720
Fullscreen: false
Intro: false
Profiling: false
Single step:false
App Mode: DEVELOPER
Menu Key: ESCAPE
Stage Style: DECORATED
Scene Factory: class com.almasb.fxgl.app.scene.SceneFactory

22:16:28.181 [JavaFX Application Thread] DEBUG FXGLApplication      - Initializing FXGL
22:16:28.190 [JavaFX Application Thread] INFO  Engine               - FXGL-21.1 (27.03.2024 07.52) on MAC (J:23.0.1 FX:19)
22:16:28.191 [JavaFX Application Thread] DEBUG Engine               - JRE Vendor Name: Oracle Corporation
22:16:28.191 [JavaFX Application Thread] DEBUG Engine               - Running on OS: Mac OS X version 10.15.7
22:16:28.192 [JavaFX Application Thread] DEBUG Engine               - Architecture: x86_64
22:16:28.192 [JavaFX Application Thread] INFO  Engine               - Source code and latest versions at: https://github.com/AlmasB/FXGL
22:16:28.192 [JavaFX Application Thread] INFO  Engine               -       Ask questions and discuss at: https://github.com/AlmasB/FXGL/discussions
22:16:28.192 [JavaFX Application Thread] INFO  Engine               -              Join the FXGL chat at: https://gitter.im/AlmasB/FXGL
22:16:28.443 [JavaFX Application Thread] DEBUG PrimaryStageWindow   - Creating a JavaFX scene
22:16:28.708 [JavaFX Application Thread] DEBUG PrimaryStageWindow   - Target settings size: 1280.0 x 720.0
22:16:28.709 [JavaFX Application Thread] DEBUG PrimaryStageWindow   - Scaled scene size:    1280.0 x 720.0
22:16:28.709 [JavaFX Application Thread] DEBUG PrimaryStageWindow   - Scaled ratio: (1.0, 1.0)
22:16:28.711 [JavaFX Application Thread] DEBUG PrimaryStageWindow   - Set initial scene to FXGLStartupScene
22:16:28.722 [JavaFX Application Thread] DEBUG PrimaryStageWindow   - Opening main window
22:16:29.171 [JavaFX Application Thread] DEBUG PrimaryStageWindow   - Window border size: (0.0, 22.0)
22:16:29.171 [JavaFX Application Thread] DEBUG PrimaryStageWindow   - Scaled size: 1280.0 x 720.0
22:16:29.171 [JavaFX Application Thread] DEBUG PrimaryStageWindow   - Scaled ratio: (1.0, 1.0)
22:16:29.172 [JavaFX Application Thread] DEBUG PrimaryStageWindow   - Scene size: 1280.0 x 720.0
22:16:29.172 [JavaFX Application Thread] DEBUG PrimaryStageWindow   - Stage size: 1280.0 x 742.0
22:16:29.186 [FXGL Background Thread 1 ] DEBUG Engine               - Initializing environment variables
22:16:29.468 [FXGL Background Thread 1 ] DEBUG FXGLAssetLoaderServi - User app class for loading assets: class com.oop2.typewiz.GameplayComponents.Game
22:16:29.468 [FXGL Background Thread 1 ] DEBUG GameApplicationServi - Applying CSS: fxgl_dark.css
22:16:29.470 [FXGL Background Thread 1 ] DEBUG FXGLAssetLoaderServi - Loading from file system: jar:file:///Users/archiecabiso/.m2/repository/com/github/almasb/fxgl/21.1/fxgl-21.1.jar!/fxglassets/ui/css/fxgl_dark.css
22:16:29.719 [FXGL Background Thread 1 ] DEBUG GameApplicationServi - Initializing application scenes
22:16:30.918 [FXGL Background Thread 1 ] DEBUG GameWorld            - Game world initialized
22:16:31.081 [FXGL Background Thread 1 ] DEBUG PhysicsWorld         - Physics world initialized: appHeight=720, physics.ppm=50.0
22:16:31.081 [FXGL Background Thread 1 ] DEBUG PhysicsWorld         - Using strategy: BRUTE_FORCE
22:16:31.089 [FXGL Background Thread 1 ] DEBUG GameScene            - Game scene initialized: 1280x720
22:16:31.090 [FXGL Background Thread 1 ] DEBUG GameApplicationServi - Application scenes initialized
22:16:31.153 [FXGL Background Thread 1 ] DEBUG SystemBundleService  - Loading FXGL system data
22:16:31.163 [FXGL Background Thread 1 ] DEBUG FileSystemAccess     - Reading from: /Users/archiecabiso/Documents/2nd Year - CS/2nd Sem/CSIT228/OOP2-Capstone/system/fxgl.bundle
22:16:31.177 [FXGL Background Thread 1 ] DEBUG SystemBundleService  - Bundle FXGL: {}
22:16:31.177 [FXGL Background Thread 1 ] DEBUG UpdaterService       - Checking for updates
22:16:31.190 [FXGL Background Thread 4 ] DEBUG FXGLApplication      - Loading fonts
22:16:31.191 [FXGL Background Thread 4 ] DEBUG FXGLAssetLoaderServi - Loading from file system: jar:file:///Users/archiecabiso/.m2/repository/com/github/almasb/fxgl/21.1/fxgl-21.1.jar!/fxglassets/ui/fonts/VarelaRound-Regular.ttf
22:16:31.191 [FXGL Background Thread 1 ] DEBUG FXGLApplication      - Loading default localization
22:16:31.192 [FXGL Background Thread 1 ] DEBUG FXGLAssetLoaderServi - Loading from file system: jar:file:///Users/archiecabiso/.m2/repository/com/github/almasb/fxgl/21.1/fxgl-21.1.jar!/fxglassets/languages/english.lang
22:16:31.212 [FXGL Background Thread 4 ] DEBUG FXGLAssetLoaderServi - Loading from file system: jar:file:///Users/archiecabiso/.m2/repository/com/github/almasb/fxgl/21.1/fxgl-21.1.jar!/fxglassets/ui/fonts/Abel-Regular.ttf
22:16:31.218 [FXGL Background Thread 4 ] DEBUG FXGLAssetLoaderServi - Loading from file system: jar:file:///Users/archiecabiso/.m2/repository/com/github/almasb/fxgl/21.1/fxgl-21.1.jar!/fxglassets/ui/fonts/TerminalLandMono-Regular.otf
22:16:31.226 [FXGL Background Thread 4 ] DEBUG FXGLAssetLoaderServi - Loading from file system: jar:file:///Users/archiecabiso/.m2/repository/com/github/almasb/fxgl/21.1/fxgl-21.1.jar!/fxglassets/ui/fonts/Courier-Prime.ttf
22:16:31.233 [JavaFX Application Thread] DEBUG FXGLApplication      - Registering font factories with UI factory
22:16:31.294 [FXGL Background Thread 1 ] INFO  FXGLApplication      - FXGL initialization took: 2.108 sec
22:16:31.296 [JavaFX Application Thread] DEBUG FXGLAssetLoaderServi - Loading from file system: jar:file:///Users/archiecabiso/.m2/repository/com/github/almasb/fxgl/21.1/fxgl-21.1.jar!/fxglassets/textures/fxgl_icon.png
22:16:31.407 [JavaFX Application Thread] DEBUG FXGLAssetLoaderServi - Loading from file system: jar:file:///Users/archiecabiso/.m2/repository/com/github/almasb/fxgl/21.1/fxgl-21.1.jar!/fxglassets/textures/fxgl_default_cursor.png
22:16:31.430 [JavaFX Application Thread] DEBUG Input                - Registered new binding: Screenshot - CTRL+8
22:16:31.431 [JavaFX Application Thread] DEBUG Input                - Registered new binding: System info dump - CTRL+9
22:16:31.432 [JavaFX Application Thread] DEBUG Input                - Registered new binding: Restart - CTRL+R
22:16:31.435 [JavaFX Application Thread] DEBUG Input                - Registered new binding: Toggle Debug Camera - CTRL+7
22:16:31.441 [JavaFX Application Thread] DEBUG LoopRunner           - Starting loop
22:16:31.441 [JavaFX Application Thread] DEBUG LoopRunner           - Initializing JavaFX AnimationTimerLoop
22:16:31.443 [JavaFX Application Thread] DEBUG GameApplicationServi - Starting new game
22:16:31.444 [JavaFX Application Thread] DEBUG Input                - Clearing active input actions
22:16:31.525 [JavaFX Application Thread] DEBUG GameApplicationServi - Removing overlay from FXGLStartupScene and adding to FXGLLoadingScene
22:16:31.526 [JavaFX Application Thread] DEBUG PrimaryStageWindow   - FXGLStartupScene -> FXGLLoadingScene
22:16:31.526 [JavaFX Application Thread] DEBUG GameApplicationServi - Clearing previous game
22:16:31.526 [JavaFX Application Thread] DEBUG GameScene            - Clearing game scene
22:16:31.526 [JavaFX Application Thread] DEBUG GameWorld            - Clearing game world
22:16:31.527 [JavaFX Application Thread] DEBUG PhysicsWorld         - Clearing physics world
22:16:31.530 [FXGL Background Thread 1 ] DEBUG FXGLApplication      - Initializing game
22:16:31.537 [FXGL Background Thread 1 ] DEBUG FXGLAssetLoaderServi - Loading from file system: file:/Users/archiecabiso/Documents/2nd%20Year%20-%20CS/2nd%20Sem/CSIT228/OOP2-Capstone/target/classes/assets/textures/background-and-platforms/bg-winter_1280_720.png
22:16:31.970 [FXGL Background Thread 1 ] DEBUG FXGLAssetLoaderServi - Loading from file system: file:/Users/archiecabiso/Documents/2nd%20Year%20-%20CS/2nd%20Sem/CSIT228/OOP2-Capstone/target/classes/assets/textures/background-and-platforms/hdlargerplatform-winter.png
22:16:32.654 [FXGL Background Thread 1 ] DEBUG FXGLAssetLoaderServi - Loading from file system: file:/Users/archiecabiso/Documents/2nd%20Year%20-%20CS/2nd%20Sem/CSIT228/OOP2-Capstone/target/classes/assets/textures/wizard/wizard.png
22:16:34.187 [FXGL Background Thread 3 ] DEBUG Engine               - Logging environment variables
22:16:34.190 [FXGL Background Thread 3 ] DEBUG Engine               - achievements: []
22:16:34.190 [FXGL Background Thread 3 ] DEBUG Engine               - actualHeight: 720.0
22:16:34.191 [FXGL Background Thread 3 ] DEBUG Engine               - actualHeightProperty: ReadOnlyDoubleProperty [value: 720.0]
22:16:34.191 [FXGL Background Thread 3 ] DEBUG Engine               - actualWidth: 1280.0
22:16:34.191 [FXGL Background Thread 3 ] DEBUG Engine               - actualWidthProperty: ReadOnlyDoubleProperty [value: 1280.0]
22:16:34.191 [FXGL Background Thread 3 ] DEBUG Engine               - appIcon: fxgl_icon.png
22:16:34.191 [FXGL Background Thread 3 ] DEBUG Engine               - applicationMode: DEVELOPER
22:16:34.191 [FXGL Background Thread 3 ] DEBUG Engine               - cSSList: [fxgl_dark.css]
22:16:34.191 [FXGL Background Thread 3 ] DEBUG Engine               - collisionDetectionStrategy: BRUTE_FORCE
22:16:34.191 [FXGL Background Thread 3 ] DEBUG Engine               - configClass: Optional.empty
22:16:34.192 [FXGL Background Thread 3 ] DEBUG Engine               - credits: []
22:16:34.204 [FXGL Background Thread 3 ] DEBUG Engine               - defaultCursor: CursorInfo(imageName=fxgl_default_cursor.png, hotspotX=7.0, hotspotY=6.0)
22:16:34.206 [FXGL Background Thread 3 ] DEBUG Engine               - devBBoxColorProperty: ObjectProperty [value: 0xff0000ff]
22:16:34.207 [FXGL Background Thread 3 ] DEBUG Engine               - devEnableDebugCameraProperty: BooleanProperty [value: false]
22:16:34.207 [FXGL Background Thread 3 ] DEBUG Engine               - devSensorColorProperty: ObjectProperty [value: 0xffff00ff]
22:16:34.208 [FXGL Background Thread 3 ] DEBUG Engine               - devShowBBoxProperty: BooleanProperty [value: false]
22:16:34.210 [FXGL Background Thread 3 ] DEBUG Engine               - devShowPositionProperty: BooleanProperty [value: false]
22:16:34.210 [FXGL Background Thread 3 ] DEBUG Engine               - enabledMenuItems: []
22:16:34.211 [FXGL Background Thread 3 ] DEBUG Engine               - engineServices: [class com.almasb.fxgl.app.services.FXGLAssetLoaderService, class com.almasb.fxgl.app.FXGLApplication$GameApplicationService, class com.almasb.fxgl.app.services.FXGLDialogService, class com.almasb.fxgl.app.services.IOTaskExecutorService, class com.almasb.fxgl.io.FileSystemService, class com.almasb.fxgl.localization.LocalizationService, class com.almasb.fxgl.app.services.SystemBundleService, class com.almasb.fxgl.profile.SaveLoadService, class com.almasb.fxgl.ui.FXGLUIFactoryServiceProvider, class com.almasb.fxgl.ui.FXGLDialogFactoryServiceProvider, class com.almasb.fxgl.audio.AudioPlayer, class com.almasb.fxgl.notification.impl.NotificationServiceProvider, class com.almasb.fxgl.achievement.AchievementService, class com.almasb.fxgl.cutscene.CutsceneService, class com.almasb.fxgl.minigames.MiniGameService, class com.almasb.fxgl.net.NetService, class com.almasb.fxgl.app.services.UpdaterService, class com.almasb.fxgl.dev.DevService]
22:16:34.211 [FXGL Background Thread 3 ] DEBUG Engine               - fontGame: Abel-Regular.ttf
22:16:34.212 [FXGL Background Thread 3 ] DEBUG Engine               - fontMono: TerminalLandMono-Regular.otf
22:16:34.212 [FXGL Background Thread 3 ] DEBUG Engine               - fontSizeScaleUI: 1.0
22:16:34.212 [FXGL Background Thread 3 ] DEBUG Engine               - fontText: Courier-Prime.ttf
22:16:34.213 [FXGL Background Thread 3 ] DEBUG Engine               - fontUI: VarelaRound-Regular.ttf
22:16:34.213 [FXGL Background Thread 3 ] DEBUG Engine               - fullScreen: BooleanProperty [value: false]
22:16:34.213 [FXGL Background Thread 3 ] DEBUG Engine               - gameDifficulty: MEDIUM
22:16:34.213 [FXGL Background Thread 3 ] DEBUG Engine               - gameDifficultyProperty: ObjectProperty [value: MEDIUM]
22:16:34.214 [FXGL Background Thread 3 ] DEBUG Engine               - globalMusicVolume: 0.5
22:16:34.214 [FXGL Background Thread 3 ] DEBUG Engine               - globalMusicVolumeProperty: DoubleProperty [value: 0.5]
22:16:34.214 [FXGL Background Thread 3 ] DEBUG Engine               - globalSoundVolume: 0.5
22:16:34.214 [FXGL Background Thread 3 ] DEBUG Engine               - globalSoundVolumeProperty: DoubleProperty [value: 0.5]
22:16:34.214 [FXGL Background Thread 3 ] DEBUG Engine               - height: 720
22:16:34.214 [FXGL Background Thread 3 ] DEBUG Engine               - is3D: false
22:16:34.215 [FXGL Background Thread 3 ] DEBUG Engine               - isAndroid: false
22:16:34.215 [FXGL Background Thread 3 ] DEBUG Engine               - isBrowser: false
22:16:34.216 [FXGL Background Thread 3 ] DEBUG Engine               - isClickFeedbackEnabled: false
22:16:34.217 [FXGL Background Thread 3 ] DEBUG Engine               - isCloseConfirmation: false
22:16:34.219 [FXGL Background Thread 3 ] DEBUG Engine               - isDesktop: true
22:16:34.220 [FXGL Background Thread 3 ] DEBUG Engine               - isDeveloperMenuEnabled: false
22:16:34.221 [FXGL Background Thread 3 ] DEBUG Engine               - isEmbedded: false
22:16:34.221 [FXGL Background Thread 3 ] DEBUG Engine               - isEntityPreloadEnabled: true
22:16:34.222 [FXGL Background Thread 3 ] DEBUG Engine               - isExperimentalTiledLargeMap: false
22:16:34.222 [FXGL Background Thread 3 ] DEBUG Engine               - isFileSystemWriteAllowed: true
22:16:34.223 [FXGL Background Thread 3 ] DEBUG Engine               - isFullScreenAllowed: false
22:16:34.223 [FXGL Background Thread 3 ] DEBUG Engine               - isFullScreenFromStart: false
22:16:34.224 [FXGL Background Thread 3 ] DEBUG Engine               - isGameMenuEnabled: false
22:16:34.225 [FXGL Background Thread 3 ] DEBUG Engine               - isIOS: false
22:16:34.225 [FXGL Background Thread 3 ] DEBUG Engine               - isIntroEnabled: false
22:16:34.226 [FXGL Background Thread 3 ] DEBUG Engine               - isLinux: false
22:16:34.226 [FXGL Background Thread 3 ] DEBUG Engine               - isMac: true
22:16:34.226 [FXGL Background Thread 3 ] DEBUG Engine               - isMainMenuEnabled: false
22:16:34.227 [FXGL Background Thread 3 ] DEBUG Engine               - isManualResizeEnabled: false
22:16:34.228 [FXGL Background Thread 3 ] DEBUG Engine               - isMobile: false
22:16:34.228 [FXGL Background Thread 3 ] DEBUG Engine               - isNative: false
22:16:34.229 [FXGL Background Thread 3 ] DEBUG Engine               - isPauseMusicWhenMinimized: true
22:16:34.229 [FXGL Background Thread 3 ] DEBUG Engine               - isPreserveResizeRatio: true
22:16:34.229 [FXGL Background Thread 3 ] DEBUG Engine               - isProfilingEnabled: false
22:16:34.230 [FXGL Background Thread 3 ] DEBUG Engine               - isScaleAffectedOnResize: true
22:16:34.230 [FXGL Background Thread 3 ] DEBUG Engine               - isSingleStep: false
22:16:34.230 [FXGL Background Thread 3 ] DEBUG Engine               - isUserProfileEnabled: false
22:16:34.230 [FXGL Background Thread 3 ] DEBUG Engine               - isWindows: false
22:16:34.231 [FXGL Background Thread 3 ] DEBUG Engine               - language: ObjectProperty [value: ENGLISH]
22:16:34.233 [FXGL Background Thread 3 ] DEBUG Engine               - menuKey: ESCAPE
22:16:34.235 [FXGL Background Thread 3 ] DEBUG Engine               - mouseSensitivity: 0.2
22:16:34.237 [FXGL Background Thread 3 ] DEBUG Engine               - notificationViewClass: class com.almasb.fxgl.notification.view.XboxNotificationView
22:16:34.238 [FXGL Background Thread 3 ] DEBUG Engine               - pixelsPerMeter: 50.0
22:16:34.238 [FXGL Background Thread 3 ] DEBUG Engine               - platform: MAC
22:16:34.239 [FXGL Background Thread 3 ] DEBUG Engine               - prefHeightProperty: ReadOnlyDoubleProperty [value: 720.0]
22:16:34.240 [FXGL Background Thread 3 ] DEBUG Engine               - prefWidthProperty: ReadOnlyDoubleProperty [value: 1280.0]
22:16:34.240 [FXGL Background Thread 3 ] DEBUG Engine               - profileDir: profiles/
22:16:34.240 [FXGL Background Thread 3 ] DEBUG Engine               - profileName: StringProperty [value: DEFAULT]
22:16:34.240 [FXGL Background Thread 3 ] DEBUG Engine               - randomSeed: -1
22:16:34.241 [FXGL Background Thread 3 ] DEBUG Engine               - runtimeInfo: RuntimeInfo(platform=MAC, version=21.1, build=27.03.2024 07.52)
22:16:34.241 [FXGL Background Thread 3 ] DEBUG Engine               - saveFileExt: sav
22:16:34.241 [FXGL Background Thread 3 ] DEBUG Engine               - scaledHeightProp$fxgl: DoubleProperty [bound, value: 720.0]
22:16:34.242 [FXGL Background Thread 3 ] DEBUG Engine               - scaledWidthProp$fxgl: DoubleProperty [bound, value: 1280.0]
22:16:34.242 [FXGL Background Thread 3 ] DEBUG Engine               - sceneFactory: com.almasb.fxgl.app.scene.SceneFactory@2d1a6e67
22:16:34.243 [FXGL Background Thread 3 ] DEBUG Engine               - secondsIn24h: 60
22:16:34.244 [FXGL Background Thread 3 ] DEBUG Engine               - soundMenuBack: menu/back.wav
22:16:34.244 [FXGL Background Thread 3 ] DEBUG Engine               - soundMenuPress: menu/press.wav
22:16:34.244 [FXGL Background Thread 3 ] DEBUG Engine               - soundMenuSelect: menu/select.wav
22:16:34.245 [FXGL Background Thread 3 ] DEBUG Engine               - soundNotification: core/notification.wav
22:16:34.245 [FXGL Background Thread 3 ] DEBUG Engine               - stageStyle: DECORATED
22:16:34.245 [FXGL Background Thread 3 ] DEBUG Engine               - supportedLanguages: [ENGLISH, FRENCH, GERMAN, HUNGARIAN, RUSSIAN]
22:16:34.245 [FXGL Background Thread 3 ] DEBUG Engine               - ticksPerSecond: -1
22:16:34.246 [FXGL Background Thread 3 ] DEBUG Engine               - title: TypeWiz - Winter Theme
22:16:34.246 [FXGL Background Thread 3 ] DEBUG Engine               - urlGithub: https://github.com/AlmasB/FXGL
22:16:34.246 [FXGL Background Thread 3 ] DEBUG Engine               - urlLeaderboard: http://fxgl-top.herokuapp.com/
22:16:34.246 [FXGL Background Thread 3 ] DEBUG Engine               - urlPOM: https://raw.githubusercontent.com/AlmasB/FXGL/release/README.md
22:16:34.246 [FXGL Background Thread 3 ] DEBUG Engine               - userAppClass: class com.oop2.typewiz.GameplayComponents.Game
22:16:34.246 [FXGL Background Thread 3 ] DEBUG Engine               - version: 0.0
22:16:34.247 [FXGL Background Thread 3 ] DEBUG Engine               - versionCheckDays: 7
22:16:34.249 [FXGL Background Thread 3 ] DEBUG Engine               - width: 1280
22:16:34.250 [FXGL Background Thread 3 ] DEBUG Engine               - Logging services
22:16:34.251 [FXGL Background Thread 3 ] DEBUG Engine               - class com.almasb.fxgl.app.services.FXGLAssetLoaderService
22:16:34.251 [FXGL Background Thread 3 ] DEBUG Engine               - class com.almasb.fxgl.app.FXGLApplication$GameApplicationService
22:16:34.251 [FXGL Background Thread 3 ] DEBUG Engine               - class com.almasb.fxgl.app.services.FXGLDialogService
22:16:34.252 [FXGL Background Thread 3 ] DEBUG Engine               - class com.almasb.fxgl.app.services.IOTaskExecutorService
22:16:34.252 [FXGL Background Thread 3 ] DEBUG Engine               - class com.almasb.fxgl.io.FileSystemService
22:16:34.254 [FXGL Background Thread 3 ] DEBUG Engine               - class com.almasb.fxgl.localization.LocalizationService
22:16:34.254 [FXGL Background Thread 3 ] DEBUG Engine               - class com.almasb.fxgl.app.services.SystemBundleService
22:16:34.255 [FXGL Background Thread 3 ] DEBUG Engine               - class com.almasb.fxgl.profile.SaveLoadService
22:16:34.256 [FXGL Background Thread 3 ] DEBUG Engine               - class com.almasb.fxgl.ui.FXGLUIFactoryServiceProvider
22:16:34.256 [FXGL Background Thread 3 ] DEBUG Engine               - class com.almasb.fxgl.ui.FXGLDialogFactoryServiceProvider
22:16:34.257 [FXGL Background Thread 3 ] DEBUG Engine               - class com.almasb.fxgl.audio.AudioPlayer
22:16:34.257 [FXGL Background Thread 3 ] DEBUG Engine               - class com.almasb.fxgl.notification.impl.NotificationServiceProvider
22:16:34.258 [FXGL Background Thread 3 ] DEBUG Engine               - class com.almasb.fxgl.achievement.AchievementService
22:16:34.258 [FXGL Background Thread 3 ] DEBUG Engine               - class com.almasb.fxgl.cutscene.CutsceneService
22:16:34.258 [FXGL Background Thread 3 ] DEBUG Engine               - class com.almasb.fxgl.minigames.MiniGameService
22:16:34.258 [FXGL Background Thread 3 ] DEBUG Engine               - class com.almasb.fxgl.net.NetService
22:16:34.258 [FXGL Background Thread 3 ] DEBUG Engine               - class com.almasb.fxgl.app.services.UpdaterService
22:16:34.258 [FXGL Background Thread 3 ] DEBUG Engine               - class com.almasb.fxgl.dev.DevService
22:16:35.004 [FXGL Background Thread 1 ] WARN  GameWorld            - Attempted to remove entity which is not active
22:16:35.054 [FXGL Background Thread 1 ] WARN  GameWorld            - Attempted to remove entity which is not active
22:16:35.073 [FXGL Background Thread 1 ] WARN  GameWorld            - Attempted to remove entity which is not active
22:16:35.076 [FXGL Background Thread 1 ] WARN  GameWorld            - Attempted to remove entity which is not active
22:16:35.084 [FXGL Background Thread 1 ] WARN  GameWorld            - Attempted to remove entity which is not active
22:16:35.089 [FXGL Background Thread 1 ] WARN  GameWorld            - Attempted to remove entity which is not active
22:16:35.091 [FXGL Background Thread 1 ] WARN  GameWorld            - Attempted to remove entity which is not active
22:16:35.134 [FXGL Background Thread 1 ] WARN  GameWorld            - Attempted to remove entity which is not active
22:16:35.135 [FXGL Background Thread 1 ] WARN  GameWorld            - Attempted to remove entity which is not active
22:16:35.152 [FXGL Background Thread 1 ] WARN  GameWorld            - Attempted to remove entity which is not active
22:16:35.178 [FXGL Background Thread 1 ] DEBUG FXGLAssetLoaderServi - Loading from file system: file:/Users/archiecabiso/Documents/2nd%20Year%20-%20CS/2nd%20Sem/CSIT228/OOP2-Capstone/target/classes/assets/textures/mobs/gargoyle/gargoyle.png
22:16:35.591 [FXGL Background Thread 1 ] INFO  FXGLApplication      - Game initialization took: 4.060 sec
22:16:35.593 [JavaFX Application Thread] DEBUG Input                - Clearing active input actions
22:16:35.617 [JavaFX Application Thread] DEBUG GameApplicationServi - Removing overlay from FXGLLoadingScene and adding to GameScene
22:16:35.621 [JavaFX Application Thread] DEBUG PrimaryStageWindow   - FXGLLoadingScene -> GameScene
22:16:49.387 [JavaFX Application Thread] DEBUG FXGLApplication      - Exiting FXGL
22:16:49.388 [JavaFX Application Thread] DEBUG LoopRunner           - Stopping loop
22:16:49.388 [JavaFX Application Thread] DEBUG SystemBundleService  - Saving FXGL system data
22:16:49.390 [JavaFX Application Thread] DEBUG FileSystemAccess     - Writing to: /Users/archiecabiso/Documents/2nd Year - CS/2nd Sem/CSIT228/OOP2-Capstone/system/fxgl.bundle
22:16:49.393 [JavaFX Application Thread] DEBUG Async                - Shutting down background threads
22:16:49.393 [JavaFX Application Thread] DEBUG PrimaryStageWindow   - Closing main window
22:16:49.416 [JavaFX Application Thread] DEBUG Logger               - Closing Logger
