18:54:28.193 [main                     ] DEBUG Logger               - Configured Logger
18:54:28.272 [main                     ] DEBUG GameApplication      - Logging settings
Title: TypeWiz
Version: 0.0
Width: 1550
Height: 800
Fullscreen: false
Intro: false
Profiling: false
Single step:false
App Mode: DEVELOPER
Menu Key: ESCAPE
Stage Style: DECORATED
Scene Factory: class com.almasb.fxgl.app.scene.SceneFactory

18:54:29.047 [JavaFX Application Thread] DEBUG FXGLApplication      - Initializing FXGL
18:54:29.055 [JavaFX Application Thread] INFO  Engine               - FXGL-21.1 (27.03.2024 07.52) on MAC (J:23.0.1 FX:19)
18:54:29.055 [JavaFX Application Thread] DEBUG Engine               - JRE Vendor Name: Oracle Corporation
18:54:29.056 [JavaFX Application Thread] DEBUG Engine               - Running on OS: Mac OS X version 10.15.7
18:54:29.056 [JavaFX Application Thread] DEBUG Engine               - Architecture: x86_64
18:54:29.056 [JavaFX Application Thread] INFO  Engine               - Source code and latest versions at: https://github.com/AlmasB/FXGL
18:54:29.057 [JavaFX Application Thread] INFO  Engine               -       Ask questions and discuss at: https://github.com/AlmasB/FXGL/discussions
18:54:29.057 [JavaFX Application Thread] INFO  Engine               -              Join the FXGL chat at: https://gitter.im/AlmasB/FXGL
18:54:29.266 [JavaFX Application Thread] DEBUG PrimaryStageWindow   - Creating a JavaFX scene
18:54:29.266 [JavaFX Application Thread] DEBUG PrimaryStageWindow   - Target size > screen size
18:54:29.359 [JavaFX Application Thread] DEBUG PrimaryStageWindow   - Target settings size: 1550.0 x 800.0
18:54:29.359 [JavaFX Application Thread] DEBUG PrimaryStageWindow   - Scaled scene size:    1255.0 x 660.0
18:54:29.359 [JavaFX Application Thread] DEBUG PrimaryStageWindow   - Scaled ratio: (0.8096774193548387, 0.825)
18:54:29.361 [JavaFX Application Thread] DEBUG PrimaryStageWindow   - Set initial scene to FXGLStartupScene
18:54:29.369 [JavaFX Application Thread] DEBUG PrimaryStageWindow   - Opening main window
18:54:29.490 [JavaFX Application Thread] DEBUG PrimaryStageWindow   - Window border size: (0.0, 22.0)
18:54:29.491 [JavaFX Application Thread] DEBUG PrimaryStageWindow   - Scaled size: 1255.0 x 660.0
18:54:29.491 [JavaFX Application Thread] DEBUG PrimaryStageWindow   - Scaled ratio: (0.8096774193548387, 0.825)
18:54:29.492 [JavaFX Application Thread] DEBUG PrimaryStageWindow   - Scene size: 1255.0 x 660.0
18:54:29.492 [JavaFX Application Thread] DEBUG PrimaryStageWindow   - Stage size: 1255.0 x 682.0
18:54:29.507 [FXGL Background Thread 1 ] DEBUG Engine               - Initializing environment variables
18:54:29.726 [FXGL Background Thread 1 ] DEBUG FXGLAssetLoaderServi - User app class for loading assets: class com.oop2.typewiz.TypeWizApp
18:54:29.727 [FXGL Background Thread 1 ] DEBUG GameApplicationServi - Applying CSS: fxgl_dark.css
18:54:29.732 [FXGL Background Thread 1 ] DEBUG FXGLAssetLoaderServi - Loading from file system: jar:file:///Users/archiecabiso/.m2/repository/com/github/almasb/fxgl/21.1/fxgl-21.1.jar!/fxglassets/ui/css/fxgl_dark.css
18:54:29.913 [FXGL Background Thread 1 ] DEBUG GameApplicationServi - Initializing application scenes
18:54:30.954 [FXGL Background Thread 1 ] DEBUG GameWorld            - Game world initialized
18:54:31.085 [FXGL Background Thread 1 ] DEBUG PhysicsWorld         - Physics world initialized: appHeight=800, physics.ppm=50.0
18:54:31.085 [FXGL Background Thread 1 ] DEBUG PhysicsWorld         - Using strategy: BRUTE_FORCE
18:54:31.118 [FXGL Background Thread 1 ] DEBUG GameScene            - Game scene initialized: 1550x800
18:54:31.153 [FXGL Background Thread 1 ] DEBUG FXGL.DefaultMenu     - createMenuBodyGameMenu()
18:54:31.195 [FXGL Background Thread 1 ] DEBUG FXGL.DefaultMenu     - createOptionsMenu()
18:54:31.215 [FXGL Background Thread 1 ] DEBUG FXGLAssetLoaderServi - Loading from file system: jar:file:///Users/archiecabiso/.m2/repository/com/github/almasb/fxgl/21.1/fxgl-21.1.jar!/fxglassets/textures/particles/smoke.png
18:54:31.399 [FXGL Background Thread 1 ] DEBUG FXGLAssetLoaderServi - Loading from file system: jar:file:///Users/archiecabiso/.m2/repository/com/github/almasb/fxgl/21.1/fxgl-21.1.jar!/fxglassets/textures/particles/trace_horizontal.png
18:54:31.502 [FXGL Background Thread 1 ] DEBUG GameApplicationServi - Application scenes initialized
18:54:31.528 [FXGL Background Thread 1 ] DEBUG SystemBundleService  - Loading FXGL system data
18:54:31.535 [FXGL Background Thread 1 ] DEBUG FileSystemAccess     - Reading from: /Users/archiecabiso/Documents/2nd Year - CS/2nd Sem/CSIT228/OOP2-Capstone/system/fxgl.bundle
18:54:31.551 [FXGL Background Thread 1 ] DEBUG SystemBundleService  - Bundle FXGL: {}
18:54:31.551 [FXGL Background Thread 1 ] DEBUG UpdaterService       - Checking for updates
18:54:31.567 [FXGL Background Thread 4 ] DEBUG FXGLApplication      - Loading fonts
18:54:31.568 [FXGL Background Thread 4 ] DEBUG FXGLAssetLoaderServi - Loading from file system: jar:file:///Users/archiecabiso/.m2/repository/com/github/almasb/fxgl/21.1/fxgl-21.1.jar!/fxglassets/ui/fonts/VarelaRound-Regular.ttf
18:54:31.570 [FXGL Background Thread 1 ] DEBUG FXGLApplication      - Loading default localization
18:54:31.575 [FXGL Background Thread 1 ] DEBUG FXGLAssetLoaderServi - Loading from file system: jar:file:///Users/archiecabiso/.m2/repository/com/github/almasb/fxgl/21.1/fxgl-21.1.jar!/fxglassets/languages/english.lang
18:54:31.586 [FXGL Background Thread 4 ] DEBUG FXGLAssetLoaderServi - Loading from file system: jar:file:///Users/archiecabiso/.m2/repository/com/github/almasb/fxgl/21.1/fxgl-21.1.jar!/fxglassets/ui/fonts/Abel-Regular.ttf
18:54:31.590 [FXGL Background Thread 4 ] DEBUG FXGLAssetLoaderServi - Loading from file system: jar:file:///Users/archiecabiso/.m2/repository/com/github/almasb/fxgl/21.1/fxgl-21.1.jar!/fxglassets/ui/fonts/TerminalLandMono-Regular.otf
18:54:31.594 [FXGL Background Thread 4 ] DEBUG FXGLAssetLoaderServi - Loading from file system: jar:file:///Users/archiecabiso/.m2/repository/com/github/almasb/fxgl/21.1/fxgl-21.1.jar!/fxglassets/ui/fonts/Courier-Prime.ttf
18:54:31.601 [JavaFX Application Thread] DEBUG FXGLApplication      - Registering font factories with UI factory
18:54:31.668 [FXGL Background Thread 1 ] INFO  FXGLApplication      - FXGL initialization took: 2.161 sec
18:54:31.672 [JavaFX Application Thread] DEBUG FXGLAssetLoaderServi - Loading from file system: jar:file:///Users/archiecabiso/.m2/repository/com/github/almasb/fxgl/21.1/fxgl-21.1.jar!/fxglassets/textures/fxgl_icon.png
18:54:31.707 [JavaFX Application Thread] DEBUG FXGLAssetLoaderServi - Loading from file system: jar:file:///Users/archiecabiso/.m2/repository/com/github/almasb/fxgl/21.1/fxgl-21.1.jar!/fxglassets/textures/fxgl_default_cursor.png
18:54:31.735 [JavaFX Application Thread] DEBUG Input                - Registered new binding: Screenshot - CTRL+8
18:54:31.736 [JavaFX Application Thread] DEBUG Input                - Registered new binding: System info dump - CTRL+9
18:54:31.737 [JavaFX Application Thread] DEBUG Input                - Registered new binding: Restart - CTRL+R
18:54:31.738 [JavaFX Application Thread] DEBUG Input                - Registered new binding: Toggle Debug Camera - CTRL+7
18:54:31.742 [JavaFX Application Thread] DEBUG LoopRunner           - Starting loop
18:54:31.742 [JavaFX Application Thread] DEBUG LoopRunner           - Initializing JavaFX AnimationTimerLoop
18:54:31.743 [JavaFX Application Thread] DEBUG GameApplicationServi - Starting new game
18:54:31.744 [JavaFX Application Thread] DEBUG Input                - Clearing active input actions
18:54:31.787 [JavaFX Application Thread] DEBUG GameApplicationServi - Removing overlay from FXGLStartupScene and adding to FXGLLoadingScene
18:54:31.788 [JavaFX Application Thread] DEBUG PrimaryStageWindow   - FXGLStartupScene -> FXGLLoadingScene
18:54:31.788 [JavaFX Application Thread] DEBUG GameApplicationServi - Clearing previous game
18:54:31.788 [JavaFX Application Thread] DEBUG GameScene            - Clearing game scene
18:54:31.789 [JavaFX Application Thread] DEBUG GameWorld            - Clearing game world
18:54:31.789 [JavaFX Application Thread] DEBUG PhysicsWorld         - Clearing physics world
18:54:31.793 [FXGL Background Thread 1 ] DEBUG FXGLApplication      - Initializing game
18:54:33.249 [FXGL Background Thread 1 ] INFO  FXGLApplication      - Game initialization took: 1.456 sec
18:54:33.251 [JavaFX Application Thread] DEBUG Input                - Clearing active input actions
18:54:33.277 [JavaFX Application Thread] DEBUG GameApplicationServi - Removing overlay from FXGLLoadingScene and adding to GameScene
18:54:33.278 [JavaFX Application Thread] DEBUG PrimaryStageWindow   - FXGLLoadingScene -> GameScene
18:54:34.565 [FXGL Background Thread 3 ] DEBUG Engine               - Logging environment variables
18:54:34.566 [FXGL Background Thread 3 ] DEBUG Engine               - achievements: []
18:54:34.566 [FXGL Background Thread 3 ] DEBUG Engine               - actualHeight: 660.0
18:54:34.567 [FXGL Background Thread 3 ] DEBUG Engine               - actualHeightProperty: ReadOnlyDoubleProperty [value: 660.0]
18:54:34.567 [FXGL Background Thread 3 ] DEBUG Engine               - actualWidth: 1255.0
18:54:34.567 [FXGL Background Thread 3 ] DEBUG Engine               - actualWidthProperty: ReadOnlyDoubleProperty [value: 1255.0]
18:54:34.568 [FXGL Background Thread 3 ] DEBUG Engine               - appIcon: fxgl_icon.png
18:54:34.568 [FXGL Background Thread 3 ] DEBUG Engine               - applicationMode: DEVELOPER
18:54:34.568 [FXGL Background Thread 3 ] DEBUG Engine               - cSSList: [fxgl_dark.css]
18:54:34.568 [FXGL Background Thread 3 ] DEBUG Engine               - collisionDetectionStrategy: BRUTE_FORCE
18:54:34.568 [FXGL Background Thread 3 ] DEBUG Engine               - configClass: Optional.empty
18:54:34.568 [FXGL Background Thread 3 ] DEBUG Engine               - credits: []
18:54:34.569 [FXGL Background Thread 3 ] DEBUG Engine               - defaultCursor: CursorInfo(imageName=fxgl_default_cursor.png, hotspotX=7.0, hotspotY=6.0)
18:54:34.569 [FXGL Background Thread 3 ] DEBUG Engine               - devBBoxColorProperty: ObjectProperty [value: 0xff0000ff]
18:54:34.570 [FXGL Background Thread 3 ] DEBUG Engine               - devEnableDebugCameraProperty: BooleanProperty [value: false]
18:54:34.571 [FXGL Background Thread 3 ] DEBUG Engine               - devSensorColorProperty: ObjectProperty [value: 0xffff00ff]
18:54:34.571 [FXGL Background Thread 3 ] DEBUG Engine               - devShowBBoxProperty: BooleanProperty [value: false]
18:54:34.571 [FXGL Background Thread 3 ] DEBUG Engine               - devShowPositionProperty: BooleanProperty [value: false]
18:54:34.572 [FXGL Background Thread 3 ] DEBUG Engine               - enabledMenuItems: []
18:54:34.573 [FXGL Background Thread 3 ] DEBUG Engine               - engineServices: [class com.almasb.fxgl.app.services.FXGLAssetLoaderService, class com.almasb.fxgl.app.FXGLApplication$GameApplicationService, class com.almasb.fxgl.app.services.FXGLDialogService, class com.almasb.fxgl.app.services.IOTaskExecutorService, class com.almasb.fxgl.io.FileSystemService, class com.almasb.fxgl.localization.LocalizationService, class com.almasb.fxgl.app.services.SystemBundleService, class com.almasb.fxgl.profile.SaveLoadService, class com.almasb.fxgl.ui.FXGLUIFactoryServiceProvider, class com.almasb.fxgl.ui.FXGLDialogFactoryServiceProvider, class com.almasb.fxgl.audio.AudioPlayer, class com.almasb.fxgl.notification.impl.NotificationServiceProvider, class com.almasb.fxgl.achievement.AchievementService, class com.almasb.fxgl.cutscene.CutsceneService, class com.almasb.fxgl.minigames.MiniGameService, class com.almasb.fxgl.net.NetService, class com.almasb.fxgl.app.services.UpdaterService, class com.almasb.fxgl.dev.DevService]
18:54:34.573 [FXGL Background Thread 3 ] DEBUG Engine               - fontGame: Abel-Regular.ttf
18:54:34.573 [FXGL Background Thread 3 ] DEBUG Engine               - fontMono: TerminalLandMono-Regular.otf
18:54:34.574 [FXGL Background Thread 3 ] DEBUG Engine               - fontSizeScaleUI: 1.0
18:54:34.575 [FXGL Background Thread 3 ] DEBUG Engine               - fontText: Courier-Prime.ttf
18:54:34.575 [FXGL Background Thread 3 ] DEBUG Engine               - fontUI: VarelaRound-Regular.ttf
18:54:34.576 [FXGL Background Thread 3 ] DEBUG Engine               - fullScreen: BooleanProperty [value: false]
18:54:34.576 [FXGL Background Thread 3 ] DEBUG Engine               - gameDifficulty: MEDIUM
18:54:34.577 [FXGL Background Thread 3 ] DEBUG Engine               - gameDifficultyProperty: ObjectProperty [value: MEDIUM]
18:54:34.579 [FXGL Background Thread 3 ] DEBUG Engine               - globalMusicVolume: 0.5
18:54:34.579 [FXGL Background Thread 3 ] DEBUG Engine               - globalMusicVolumeProperty: DoubleProperty [value: 0.5]
18:54:34.580 [FXGL Background Thread 3 ] DEBUG Engine               - globalSoundVolume: 0.5
18:54:34.580 [FXGL Background Thread 3 ] DEBUG Engine               - globalSoundVolumeProperty: DoubleProperty [value: 0.5]
18:54:34.580 [FXGL Background Thread 3 ] DEBUG Engine               - height: 800
18:54:34.580 [FXGL Background Thread 3 ] DEBUG Engine               - is3D: false
18:54:34.581 [FXGL Background Thread 3 ] DEBUG Engine               - isAndroid: false
18:54:34.581 [FXGL Background Thread 3 ] DEBUG Engine               - isBrowser: false
18:54:34.581 [FXGL Background Thread 3 ] DEBUG Engine               - isClickFeedbackEnabled: false
18:54:34.581 [FXGL Background Thread 3 ] DEBUG Engine               - isCloseConfirmation: false
18:54:34.581 [FXGL Background Thread 3 ] DEBUG Engine               - isDesktop: true
18:54:34.581 [FXGL Background Thread 3 ] DEBUG Engine               - isDeveloperMenuEnabled: false
18:54:34.582 [FXGL Background Thread 3 ] DEBUG Engine               - isEmbedded: false
18:54:34.582 [FXGL Background Thread 3 ] DEBUG Engine               - isEntityPreloadEnabled: true
18:54:34.582 [FXGL Background Thread 3 ] DEBUG Engine               - isExperimentalTiledLargeMap: false
18:54:34.582 [FXGL Background Thread 3 ] DEBUG Engine               - isFileSystemWriteAllowed: true
18:54:34.582 [FXGL Background Thread 3 ] DEBUG Engine               - isFullScreenAllowed: false
18:54:34.582 [FXGL Background Thread 3 ] DEBUG Engine               - isFullScreenFromStart: false
18:54:34.582 [FXGL Background Thread 3 ] DEBUG Engine               - isGameMenuEnabled: true
18:54:34.582 [FXGL Background Thread 3 ] DEBUG Engine               - isIOS: false
18:54:34.582 [FXGL Background Thread 3 ] DEBUG Engine               - isIntroEnabled: false
18:54:34.582 [FXGL Background Thread 3 ] DEBUG Engine               - isLinux: false
18:54:34.583 [FXGL Background Thread 3 ] DEBUG Engine               - isMac: true
18:54:34.583 [FXGL Background Thread 3 ] DEBUG Engine               - isMainMenuEnabled: false
18:54:34.583 [FXGL Background Thread 3 ] DEBUG Engine               - isManualResizeEnabled: false
18:54:34.583 [FXGL Background Thread 3 ] DEBUG Engine               - isMobile: false
18:54:34.583 [FXGL Background Thread 3 ] DEBUG Engine               - isNative: false
18:54:34.584 [FXGL Background Thread 3 ] DEBUG Engine               - isPauseMusicWhenMinimized: true
18:54:34.584 [FXGL Background Thread 3 ] DEBUG Engine               - isPreserveResizeRatio: false
18:54:34.584 [FXGL Background Thread 3 ] DEBUG Engine               - isProfilingEnabled: false
18:54:34.584 [FXGL Background Thread 3 ] DEBUG Engine               - isScaleAffectedOnResize: true
18:54:34.584 [FXGL Background Thread 3 ] DEBUG Engine               - isSingleStep: false
18:54:34.584 [FXGL Background Thread 3 ] DEBUG Engine               - isUserProfileEnabled: false
18:54:34.584 [FXGL Background Thread 3 ] DEBUG Engine               - isWindows: false
18:54:34.584 [FXGL Background Thread 3 ] DEBUG Engine               - language: ObjectProperty [value: ENGLISH]
18:54:34.584 [FXGL Background Thread 3 ] DEBUG Engine               - menuKey: ESCAPE
18:54:34.584 [FXGL Background Thread 3 ] DEBUG Engine               - mouseSensitivity: 0.2
18:54:34.584 [FXGL Background Thread 3 ] DEBUG Engine               - notificationViewClass: class com.almasb.fxgl.notification.view.XboxNotificationView
18:54:34.585 [FXGL Background Thread 3 ] DEBUG Engine               - pixelsPerMeter: 50.0
18:54:34.585 [FXGL Background Thread 3 ] DEBUG Engine               - platform: MAC
18:54:34.585 [FXGL Background Thread 3 ] DEBUG Engine               - prefHeightProperty: ReadOnlyDoubleProperty [value: 800.0]
18:54:34.585 [FXGL Background Thread 3 ] DEBUG Engine               - prefWidthProperty: ReadOnlyDoubleProperty [value: 1550.0]
18:54:34.585 [FXGL Background Thread 3 ] DEBUG Engine               - profileDir: profiles/
18:54:34.585 [FXGL Background Thread 3 ] DEBUG Engine               - profileName: StringProperty [value: DEFAULT]
18:54:34.585 [FXGL Background Thread 3 ] DEBUG Engine               - randomSeed: -1
18:54:34.586 [FXGL Background Thread 3 ] DEBUG Engine               - runtimeInfo: RuntimeInfo(platform=MAC, version=21.1, build=27.03.2024 07.52)
18:54:34.586 [FXGL Background Thread 3 ] DEBUG Engine               - saveFileExt: sav
18:54:34.586 [FXGL Background Thread 3 ] DEBUG Engine               - scaledHeightProp$fxgl: DoubleProperty [bound, value: 660.0]
18:54:34.586 [FXGL Background Thread 3 ] DEBUG Engine               - scaledWidthProp$fxgl: DoubleProperty [bound, value: 1255.0]
18:54:34.587 [FXGL Background Thread 3 ] DEBUG Engine               - sceneFactory: com.almasb.fxgl.app.scene.SceneFactory@45252437
18:54:34.587 [FXGL Background Thread 3 ] DEBUG Engine               - secondsIn24h: 60
18:54:34.587 [FXGL Background Thread 3 ] DEBUG Engine               - soundMenuBack: menu/back.wav
18:54:34.587 [FXGL Background Thread 3 ] DEBUG Engine               - soundMenuPress: menu/press.wav
18:54:34.587 [FXGL Background Thread 3 ] DEBUG Engine               - soundMenuSelect: menu/select.wav
18:54:34.587 [FXGL Background Thread 3 ] DEBUG Engine               - soundNotification: core/notification.wav
18:54:34.588 [FXGL Background Thread 3 ] DEBUG Engine               - stageStyle: DECORATED
18:54:34.588 [FXGL Background Thread 3 ] DEBUG Engine               - supportedLanguages: [ENGLISH, FRENCH, GERMAN, HUNGARIAN, RUSSIAN]
18:54:34.588 [FXGL Background Thread 3 ] DEBUG Engine               - ticksPerSecond: -1
18:54:34.588 [FXGL Background Thread 3 ] DEBUG Engine               - title: TypeWiz
18:54:34.588 [FXGL Background Thread 3 ] DEBUG Engine               - urlGithub: https://github.com/AlmasB/FXGL
18:54:34.588 [FXGL Background Thread 3 ] DEBUG Engine               - urlLeaderboard: http://fxgl-top.herokuapp.com/
18:54:34.588 [FXGL Background Thread 3 ] DEBUG Engine               - urlPOM: https://raw.githubusercontent.com/AlmasB/FXGL/release/README.md
18:54:34.589 [FXGL Background Thread 3 ] DEBUG Engine               - userAppClass: class com.oop2.typewiz.TypeWizApp
18:54:34.589 [FXGL Background Thread 3 ] DEBUG Engine               - version: 0.0
18:54:34.589 [FXGL Background Thread 3 ] DEBUG Engine               - versionCheckDays: 7
18:54:34.589 [FXGL Background Thread 3 ] DEBUG Engine               - width: 1550
18:54:34.589 [FXGL Background Thread 3 ] DEBUG Engine               - Logging services
18:54:34.589 [FXGL Background Thread 3 ] DEBUG Engine               - class com.almasb.fxgl.app.services.FXGLAssetLoaderService
18:54:34.589 [FXGL Background Thread 3 ] DEBUG Engine               - class com.almasb.fxgl.app.FXGLApplication$GameApplicationService
18:54:34.589 [FXGL Background Thread 3 ] DEBUG Engine               - class com.almasb.fxgl.app.services.FXGLDialogService
18:54:34.589 [FXGL Background Thread 3 ] DEBUG Engine               - class com.almasb.fxgl.app.services.IOTaskExecutorService
18:54:34.589 [FXGL Background Thread 3 ] DEBUG Engine               - class com.almasb.fxgl.io.FileSystemService
18:54:34.589 [FXGL Background Thread 3 ] DEBUG Engine               - class com.almasb.fxgl.localization.LocalizationService
18:54:34.590 [FXGL Background Thread 3 ] DEBUG Engine               - class com.almasb.fxgl.app.services.SystemBundleService
18:54:34.590 [FXGL Background Thread 3 ] DEBUG Engine               - class com.almasb.fxgl.profile.SaveLoadService
18:54:34.590 [FXGL Background Thread 3 ] DEBUG Engine               - class com.almasb.fxgl.ui.FXGLUIFactoryServiceProvider
18:54:34.590 [FXGL Background Thread 3 ] DEBUG Engine               - class com.almasb.fxgl.ui.FXGLDialogFactoryServiceProvider
18:54:34.590 [FXGL Background Thread 3 ] DEBUG Engine               - class com.almasb.fxgl.audio.AudioPlayer
18:54:34.590 [FXGL Background Thread 3 ] DEBUG Engine               - class com.almasb.fxgl.notification.impl.NotificationServiceProvider
18:54:34.590 [FXGL Background Thread 3 ] DEBUG Engine               - class com.almasb.fxgl.achievement.AchievementService
18:54:34.590 [FXGL Background Thread 3 ] DEBUG Engine               - class com.almasb.fxgl.cutscene.CutsceneService
18:54:34.590 [FXGL Background Thread 3 ] DEBUG Engine               - class com.almasb.fxgl.minigames.MiniGameService
18:54:34.590 [FXGL Background Thread 3 ] DEBUG Engine               - class com.almasb.fxgl.net.NetService
18:54:34.590 [FXGL Background Thread 3 ] DEBUG Engine               - class com.almasb.fxgl.app.services.UpdaterService
18:54:34.590 [FXGL Background Thread 3 ] DEBUG Engine               - class com.almasb.fxgl.dev.DevService
18:54:35.935 [JavaFX Application Thread] DEBUG FXGLAssetLoaderServi - Loading from file system: file:/Users/archiecabiso/Documents/2nd%20Year%20-%20CS/2nd%20Sem/CSIT228/OOP2-Capstone/target/classes/assets/sounds/sound-library/hover.wav
18:54:40.179 [JavaFX Application Thread] DEBUG FXGLAssetLoaderServi - Loading from file system: file:/Users/archiecabiso/Documents/2nd%20Year%20-%20CS/2nd%20Sem/CSIT228/OOP2-Capstone/target/classes/assets/sounds/sound-library/click.wav
18:54:41.679 [JavaFX Application Thread] DEBUG FXGLAssetLoaderServi - Loading from file system: file:/Users/archiecabiso/Documents/2nd%20Year%20-%20CS/2nd%20Sem/CSIT228/OOP2-Capstone/target/classes/assets/music/magic.wav
18:54:41.741 [JavaFX Application Thread] DEBUG AudioPlayer          - Playing music com.almasb.fxgl.audio.Music@599f226c
18:54:43.308 [JavaFX Application Thread] DEBUG FXGLAssetLoaderServi - Loading from file system: file:/Users/archiecabiso/Documents/2nd%20Year%20-%20CS/2nd%20Sem/CSIT228/OOP2-Capstone/target/classes/assets/music/bgm.mp3
18:54:43.339 [JavaFX Application Thread] DEBUG AudioPlayer          - Playing music com.almasb.fxgl.audio.Music@9b48928
18:54:49.476 [JavaFX Application Thread] DEBUG PrimaryStageWindow   - Push state: CreditsScreen
18:54:49.477 [JavaFX Application Thread] DEBUG Input                - Clearing active input actions
18:54:49.479 [JavaFX Application Thread] DEBUG GameApplicationServi - Removing overlay from GameScene and adding to CreditsScreen
18:54:49.480 [JavaFX Application Thread] DEBUG PrimaryStageWindow   - GameScene -> CreditsScreen
18:54:58.531 [JavaFX Application Thread] DEBUG PrimaryStageWindow   - Pop state: CreditsScreen
18:54:58.532 [JavaFX Application Thread] DEBUG Input                - Clearing active input actions
18:54:58.533 [JavaFX Application Thread] DEBUG GameApplicationServi - Removing overlay from CreditsScreen and adding to GameScene
18:54:58.533 [JavaFX Application Thread] DEBUG PrimaryStageWindow   - GameScene <- CreditsScreen
18:55:02.868 [JavaFX Application Thread] DEBUG PrimaryStageWindow   - Push state: DifficultyMenuScreen
18:55:02.868 [JavaFX Application Thread] DEBUG Input                - Clearing active input actions
18:55:02.868 [JavaFX Application Thread] DEBUG GameApplicationServi - Removing overlay from GameScene and adding to DifficultyMenuScreen
18:55:02.869 [JavaFX Application Thread] DEBUG PrimaryStageWindow   - GameScene -> DifficultyMenuScreen
18:55:52.392 [JavaFX Application Thread] DEBUG PrimaryStageWindow   - Pop state: DifficultyMenuScreen
18:55:52.392 [JavaFX Application Thread] DEBUG Input                - Clearing active input actions
18:55:52.394 [JavaFX Application Thread] DEBUG GameApplicationServi - Removing overlay from DifficultyMenuScreen and adding to GameScene
18:55:52.394 [JavaFX Application Thread] DEBUG PrimaryStageWindow   - GameScene <- DifficultyMenuScreen
18:55:56.762 [JavaFX Application Thread] DEBUG FXGLApplication      - Exiting FXGL
18:55:56.762 [JavaFX Application Thread] DEBUG LoopRunner           - Stopping loop
18:55:56.762 [JavaFX Application Thread] DEBUG SystemBundleService  - Saving FXGL system data
18:55:56.768 [JavaFX Application Thread] DEBUG FileSystemAccess     - Writing to: /Users/archiecabiso/Documents/2nd Year - CS/2nd Sem/CSIT228/OOP2-Capstone/system/fxgl.bundle
18:55:56.773 [JavaFX Application Thread] DEBUG Async                - Shutting down background threads
18:55:56.774 [JavaFX Application Thread] DEBUG PrimaryStageWindow   - Closing main window
18:55:56.789 [JavaFX Application Thread] DEBUG Logger               - Closing Logger
