00:41:18.930 [main                     ] DEBUG Logger               - Configured Logger
00:41:19.012 [main                     ] DEBUG GameApplication      - Logging settings
Title: TypeWiz
Version: 0.0
Width: 1280
Height: 720
Fullscreen: true
Intro: false
Profiling: false
Single step:false
App Mode: DEVELOPER
Menu Key: ESCAPE
Stage Style: DECORATED
Scene Factory: class com.oop2.typewiz.util.CustomSceneFactory

00:41:19.909 [JavaFX Application Thread] DEBUG FXGLApplication      - Initializing FXGL
00:41:19.917 [JavaFX Application Thread] INFO  Engine               - FXGL-21.1 (27.03.2024 07.52) on MAC (J:23.0.1 FX:19)
00:41:19.917 [JavaFX Application Thread] DEBUG Engine               - JRE Vendor Name: Oracle Corporation
00:41:19.918 [JavaFX Application Thread] DEBUG Engine               - Running on OS: Mac OS X version 10.15.7
00:41:19.918 [JavaFX Application Thread] DEBUG Engine               - Architecture: x86_64
00:41:19.918 [JavaFX Application Thread] INFO  Engine               - Source code and latest versions at: https://github.com/AlmasB/FXGL
00:41:19.918 [JavaFX Application Thread] INFO  Engine               -       Ask questions and discuss at: https://github.com/AlmasB/FXGL/discussions
00:41:19.918 [JavaFX Application Thread] INFO  Engine               -              Join the FXGL chat at: https://gitter.im/AlmasB/FXGL
00:41:20.275 [JavaFX Application Thread] DEBUG PrimaryStageWindow   - Creating a JavaFX scene
00:41:20.422 [JavaFX Application Thread] DEBUG PrimaryStageWindow   - Target settings size: 1280.0 x 720.0
00:41:20.423 [JavaFX Application Thread] DEBUG PrimaryStageWindow   - Scaled scene size:    1280.0 x 720.0
00:41:20.424 [JavaFX Application Thread] DEBUG PrimaryStageWindow   - Scaled ratio: (1.0, 1.0)
00:41:20.429 [JavaFX Application Thread] DEBUG PrimaryStageWindow   - Set initial scene to FXGLStartupScene
00:41:20.454 [JavaFX Application Thread] DEBUG PrimaryStageWindow   - Opening main window
00:41:20.876 [JavaFX Application Thread] DEBUG PrimaryStageWindow   - Window border size: (0.0, 22.0)
00:41:20.876 [JavaFX Application Thread] DEBUG PrimaryStageWindow   - Scaled size: 1280.0 x 720.0
00:41:20.877 [JavaFX Application Thread] DEBUG PrimaryStageWindow   - Scaled ratio: (1.0, 1.0)
00:41:20.877 [JavaFX Application Thread] DEBUG PrimaryStageWindow   - Scene size: 1280.0 x 720.0
00:41:20.878 [JavaFX Application Thread] DEBUG PrimaryStageWindow   - Stage size: 1280.0 x 742.0
00:41:21.749 [JavaFX Application Thread] DEBUG PrimaryStageWindow   - Going fullscreen
00:41:21.765 [FXGL Background Thread 1 ] DEBUG Engine               - Initializing environment variables
00:41:21.972 [FXGL Background Thread 1 ] DEBUG FXGLAssetLoaderServi - User app class for loading assets: class com.oop2.typewiz.TypeWizApp
00:41:21.973 [FXGL Background Thread 1 ] DEBUG GameApplicationServi - Applying CSS: fxgl_dark.css
00:41:21.974 [FXGL Background Thread 1 ] DEBUG FXGLAssetLoaderServi - Loading from file system: jar:file:///Users/archiecabiso/.m2/repository/com/github/almasb/fxgl/21.1/fxgl-21.1.jar!/fxglassets/ui/css/fxgl_dark.css
00:41:22.171 [FXGL Background Thread 1 ] DEBUG GameApplicationServi - Initializing application scenes
00:41:23.209 [FXGL Background Thread 1 ] DEBUG GameWorld            - Game world initialized
00:41:23.292 [FXGL Background Thread 1 ] DEBUG PhysicsWorld         - Physics world initialized: appHeight=720, physics.ppm=50.0
00:41:23.293 [FXGL Background Thread 1 ] DEBUG PhysicsWorld         - Using strategy: BRUTE_FORCE
00:41:23.300 [FXGL Background Thread 1 ] DEBUG GameScene            - Game scene initialized: 1280x720
00:41:23.751 [FXGL Background Thread 1 ] DEBUG FXGL.DefaultMenu     - createMenuBodyGameMenu()
00:41:23.763 [FXGL Background Thread 1 ] DEBUG FXGL.DefaultMenu     - createOptionsMenu()
00:41:23.778 [FXGL Background Thread 1 ] DEBUG FXGLAssetLoaderServi - Loading from file system: jar:file:///Users/archiecabiso/.m2/repository/com/github/almasb/fxgl/21.1/fxgl-21.1.jar!/fxglassets/textures/particles/smoke.png
00:41:23.900 [FXGL Background Thread 1 ] DEBUG FXGLAssetLoaderServi - Loading from file system: jar:file:///Users/archiecabiso/.m2/repository/com/github/almasb/fxgl/21.1/fxgl-21.1.jar!/fxglassets/textures/particles/trace_horizontal.png
00:41:23.919 [FXGL Background Thread 1 ] DEBUG GameApplicationServi - Application scenes initialized
00:41:23.937 [FXGL Background Thread 1 ] DEBUG SystemBundleService  - Loading FXGL system data
00:41:23.943 [FXGL Background Thread 1 ] DEBUG FileSystemAccess     - Reading from: /Users/archiecabiso/Documents/2nd Year - CS/2nd Sem/CSIT228/OOP2-Capstone/system/fxgl.bundle
00:41:23.954 [FXGL Background Thread 1 ] DEBUG SystemBundleService  - Bundle FXGL: {}
00:41:23.954 [FXGL Background Thread 1 ] DEBUG UpdaterService       - Checking for updates
00:41:23.961 [FXGL Background Thread 4 ] DEBUG FXGLApplication      - Loading fonts
00:41:23.962 [FXGL Background Thread 4 ] DEBUG FXGLAssetLoaderServi - Loading from file system: jar:file:///Users/archiecabiso/.m2/repository/com/github/almasb/fxgl/21.1/fxgl-21.1.jar!/fxglassets/ui/fonts/VarelaRound-Regular.ttf
00:41:23.968 [FXGL Background Thread 1 ] DEBUG FXGLApplication      - Loading default localization
00:41:23.975 [FXGL Background Thread 1 ] DEBUG FXGLAssetLoaderServi - Loading from file system: jar:file:///Users/archiecabiso/.m2/repository/com/github/almasb/fxgl/21.1/fxgl-21.1.jar!/fxglassets/languages/english.lang
00:41:23.982 [FXGL Background Thread 4 ] DEBUG FXGLAssetLoaderServi - Loading from file system: jar:file:///Users/archiecabiso/.m2/repository/com/github/almasb/fxgl/21.1/fxgl-21.1.jar!/fxglassets/ui/fonts/Abel-Regular.ttf
00:41:23.986 [FXGL Background Thread 4 ] DEBUG FXGLAssetLoaderServi - Loading from file system: jar:file:///Users/archiecabiso/.m2/repository/com/github/almasb/fxgl/21.1/fxgl-21.1.jar!/fxglassets/ui/fonts/TerminalLandMono-Regular.otf
00:41:23.991 [FXGL Background Thread 4 ] DEBUG FXGLAssetLoaderServi - Loading from file system: jar:file:///Users/archiecabiso/.m2/repository/com/github/almasb/fxgl/21.1/fxgl-21.1.jar!/fxglassets/ui/fonts/Courier-Prime.ttf
00:41:23.998 [JavaFX Application Thread] DEBUG FXGLApplication      - Registering font factories with UI factory
00:41:24.027 [FXGL Background Thread 1 ] INFO  FXGLApplication      - FXGL initialization took: 2.261 sec
00:41:24.030 [JavaFX Application Thread] DEBUG FXGLAssetLoaderServi - Loading from file system: jar:file:///Users/archiecabiso/.m2/repository/com/github/almasb/fxgl/21.1/fxgl-21.1.jar!/fxglassets/textures/fxgl_icon.png
00:41:24.063 [JavaFX Application Thread] DEBUG FXGLAssetLoaderServi - Loading from file system: jar:file:///Users/archiecabiso/.m2/repository/com/github/almasb/fxgl/21.1/fxgl-21.1.jar!/fxglassets/textures/fxgl_default_cursor.png
00:41:24.080 [JavaFX Application Thread] DEBUG Input                - Registered new binding: Screenshot - CTRL+8
00:41:24.080 [JavaFX Application Thread] DEBUG Input                - Registered new binding: System info dump - CTRL+9
00:41:24.081 [JavaFX Application Thread] DEBUG Input                - Registered new binding: Restart - CTRL+R
00:41:24.082 [JavaFX Application Thread] DEBUG Input                - Registered new binding: Toggle Debug Camera - CTRL+7
00:41:24.086 [JavaFX Application Thread] DEBUG LoopRunner           - Starting loop
00:41:24.086 [JavaFX Application Thread] DEBUG LoopRunner           - Initializing JavaFX AnimationTimerLoop
00:41:24.090 [JavaFX Application Thread] DEBUG Input                - Clearing active input actions
00:41:24.124 [JavaFX Application Thread] DEBUG GameApplicationServi - Removing overlay from FXGLStartupScene and adding to FXGLMainMenuDummyScene
00:41:24.125 [JavaFX Application Thread] DEBUG PrimaryStageWindow   - FXGLStartupScene -> FXGLMainMenuDummyScene
00:41:24.125 [JavaFX Application Thread] DEBUG PrimaryStageWindow   - Push state: LoginScreen
00:41:24.126 [JavaFX Application Thread] DEBUG Input                - Clearing active input actions
00:41:24.149 [JavaFX Application Thread] DEBUG GameApplicationServi - Removing overlay from FXGLMainMenuDummyScene and adding to LoginScreen
00:41:24.150 [JavaFX Application Thread] DEBUG PrimaryStageWindow   - FXGLMainMenuDummyScene -> LoginScreen
00:41:25.770 [JavaFX Application Thread] DEBUG FXGLAssetLoaderServi - Loading from file system: file:/Users/archiecabiso/Documents/2nd%20Year%20-%20CS/2nd%20Sem/CSIT228/OOP2-Capstone/target/classes/assets/sounds/sound-library/hover.wav
00:41:26.526 [JavaFX Application Thread] DEBUG FXGLAssetLoaderServi - Loading from file system: file:/Users/archiecabiso/Documents/2nd%20Year%20-%20CS/2nd%20Sem/CSIT228/OOP2-Capstone/target/classes/assets/sounds/sound-library/click.wav
00:41:26.851 [JavaFX Application Thread] DEBUG PrimaryStageWindow   - Push state: RegisterScreen
00:41:26.851 [JavaFX Application Thread] DEBUG Input                - Clearing active input actions
00:41:26.855 [JavaFX Application Thread] DEBUG GameApplicationServi - Removing overlay from LoginScreen and adding to RegisterScreen
00:41:26.855 [JavaFX Application Thread] DEBUG PrimaryStageWindow   - LoginScreen -> RegisterScreen
00:41:26.856 [JavaFX Application Thread] DEBUG FXGLAssetLoaderServi - Loading from file system: file:/Users/archiecabiso/Documents/2nd%20Year%20-%20CS/2nd%20Sem/CSIT228/OOP2-Capstone/target/classes/assets/textures/magicbook.png
00:41:26.861 [JavaFX Application Thread] DEBUG FXGLAssetLoaderServi - Loading from file system: file:/Users/archiecabiso/Documents/2nd%20Year%20-%20CS/2nd%20Sem/CSIT228/OOP2-Capstone/target/classes/assets/textures/magicbook_hover.png
00:41:26.962 [FXGL Background Thread 3 ] DEBUG Engine               - Logging environment variables
00:41:26.963 [FXGL Background Thread 3 ] DEBUG Engine               - achievements: []
00:41:26.963 [FXGL Background Thread 3 ] DEBUG Engine               - actualHeight: 800.0
00:41:26.966 [FXGL Background Thread 3 ] DEBUG Engine               - actualHeightProperty: ReadOnlyDoubleProperty [value: 800.0]
00:41:26.966 [FXGL Background Thread 3 ] DEBUG Engine               - actualWidth: 1280.0
00:41:26.966 [FXGL Background Thread 3 ] DEBUG Engine               - actualWidthProperty: ReadOnlyDoubleProperty [value: 1280.0]
00:41:26.966 [FXGL Background Thread 3 ] DEBUG Engine               - appIcon: fxgl_icon.png
00:41:26.966 [FXGL Background Thread 3 ] DEBUG Engine               - applicationMode: DEVELOPER
00:41:26.966 [FXGL Background Thread 3 ] DEBUG Engine               - cSSList: [fxgl_dark.css]
00:41:26.966 [FXGL Background Thread 3 ] DEBUG Engine               - collisionDetectionStrategy: BRUTE_FORCE
00:41:26.966 [FXGL Background Thread 3 ] DEBUG Engine               - configClass: Optional.empty
00:41:26.967 [FXGL Background Thread 3 ] DEBUG Engine               - credits: []
00:41:26.969 [FXGL Background Thread 3 ] DEBUG Engine               - defaultCursor: CursorInfo(imageName=fxgl_default_cursor.png, hotspotX=7.0, hotspotY=6.0)
00:41:26.969 [FXGL Background Thread 3 ] DEBUG Engine               - devBBoxColorProperty: ObjectProperty [value: 0xff0000ff]
00:41:26.970 [FXGL Background Thread 3 ] DEBUG Engine               - devEnableDebugCameraProperty: BooleanProperty [value: false]
00:41:26.970 [FXGL Background Thread 3 ] DEBUG Engine               - devSensorColorProperty: ObjectProperty [value: 0xffff00ff]
00:41:26.970 [FXGL Background Thread 3 ] DEBUG Engine               - devShowBBoxProperty: BooleanProperty [value: false]
00:41:26.970 [FXGL Background Thread 3 ] DEBUG Engine               - devShowPositionProperty: BooleanProperty [value: false]
00:41:26.972 [FXGL Background Thread 3 ] DEBUG Engine               - enabledMenuItems: []
00:41:26.972 [FXGL Background Thread 3 ] DEBUG Engine               - engineServices: [class com.almasb.fxgl.app.services.FXGLAssetLoaderService, class com.almasb.fxgl.app.FXGLApplication$GameApplicationService, class com.almasb.fxgl.app.services.FXGLDialogService, class com.almasb.fxgl.app.services.IOTaskExecutorService, class com.almasb.fxgl.io.FileSystemService, class com.almasb.fxgl.localization.LocalizationService, class com.almasb.fxgl.app.services.SystemBundleService, class com.almasb.fxgl.profile.SaveLoadService, class com.almasb.fxgl.ui.FXGLUIFactoryServiceProvider, class com.almasb.fxgl.ui.FXGLDialogFactoryServiceProvider, class com.almasb.fxgl.audio.AudioPlayer, class com.almasb.fxgl.notification.impl.NotificationServiceProvider, class com.almasb.fxgl.achievement.AchievementService, class com.almasb.fxgl.cutscene.CutsceneService, class com.almasb.fxgl.minigames.MiniGameService, class com.almasb.fxgl.net.NetService, class com.almasb.fxgl.app.services.UpdaterService, class com.almasb.fxgl.dev.DevService]
00:41:26.972 [FXGL Background Thread 3 ] DEBUG Engine               - fontGame: Abel-Regular.ttf
00:41:26.973 [FXGL Background Thread 3 ] DEBUG Engine               - fontMono: TerminalLandMono-Regular.otf
00:41:26.973 [FXGL Background Thread 3 ] DEBUG Engine               - fontSizeScaleUI: 1.0
00:41:26.973 [FXGL Background Thread 3 ] DEBUG Engine               - fontText: Courier-Prime.ttf
00:41:26.973 [FXGL Background Thread 3 ] DEBUG Engine               - fontUI: VarelaRound-Regular.ttf
00:41:26.973 [FXGL Background Thread 3 ] DEBUG Engine               - fullScreen: BooleanProperty [value: true]
00:41:26.973 [FXGL Background Thread 3 ] DEBUG Engine               - gameDifficulty: MEDIUM
00:41:26.973 [FXGL Background Thread 3 ] DEBUG Engine               - gameDifficultyProperty: ObjectProperty [value: MEDIUM]
00:41:26.973 [FXGL Background Thread 3 ] DEBUG Engine               - globalMusicVolume: 0.5
00:41:26.974 [FXGL Background Thread 3 ] DEBUG Engine               - globalMusicVolumeProperty: DoubleProperty [value: 0.5]
00:41:26.974 [FXGL Background Thread 3 ] DEBUG Engine               - globalSoundVolume: 0.5
00:41:26.974 [FXGL Background Thread 3 ] DEBUG Engine               - globalSoundVolumeProperty: DoubleProperty [value: 0.5]
00:41:26.974 [FXGL Background Thread 3 ] DEBUG Engine               - height: 720
00:41:26.974 [FXGL Background Thread 3 ] DEBUG Engine               - is3D: false
00:41:26.974 [FXGL Background Thread 3 ] DEBUG Engine               - isAndroid: false
00:41:26.974 [FXGL Background Thread 3 ] DEBUG Engine               - isBrowser: false
00:41:26.974 [FXGL Background Thread 3 ] DEBUG Engine               - isClickFeedbackEnabled: false
00:41:26.974 [FXGL Background Thread 3 ] DEBUG Engine               - isCloseConfirmation: false
00:41:26.974 [FXGL Background Thread 3 ] DEBUG Engine               - isDesktop: true
00:41:26.974 [FXGL Background Thread 3 ] DEBUG Engine               - isDeveloperMenuEnabled: false
00:41:26.974 [FXGL Background Thread 3 ] DEBUG Engine               - isEmbedded: false
00:41:26.974 [FXGL Background Thread 3 ] DEBUG Engine               - isEntityPreloadEnabled: true
00:41:26.974 [FXGL Background Thread 3 ] DEBUG Engine               - isExperimentalTiledLargeMap: false
00:41:26.974 [FXGL Background Thread 3 ] DEBUG Engine               - isFileSystemWriteAllowed: true
00:41:26.975 [FXGL Background Thread 3 ] DEBUG Engine               - isFullScreenAllowed: true
00:41:26.975 [FXGL Background Thread 3 ] DEBUG Engine               - isFullScreenFromStart: true
00:41:26.975 [FXGL Background Thread 3 ] DEBUG Engine               - isGameMenuEnabled: true
00:41:26.975 [FXGL Background Thread 3 ] DEBUG Engine               - isIOS: false
00:41:26.975 [FXGL Background Thread 3 ] DEBUG Engine               - isIntroEnabled: false
00:41:26.975 [FXGL Background Thread 3 ] DEBUG Engine               - isLinux: false
00:41:26.975 [FXGL Background Thread 3 ] DEBUG Engine               - isMac: true
00:41:26.975 [FXGL Background Thread 3 ] DEBUG Engine               - isMainMenuEnabled: true
00:41:26.975 [FXGL Background Thread 3 ] DEBUG Engine               - isManualResizeEnabled: false
00:41:26.975 [FXGL Background Thread 3 ] DEBUG Engine               - isMobile: false
00:41:26.975 [FXGL Background Thread 3 ] DEBUG Engine               - isNative: false
00:41:26.975 [FXGL Background Thread 3 ] DEBUG Engine               - isPauseMusicWhenMinimized: true
00:41:26.975 [FXGL Background Thread 3 ] DEBUG Engine               - isPreserveResizeRatio: false
00:41:26.976 [FXGL Background Thread 3 ] DEBUG Engine               - isProfilingEnabled: false
00:41:26.976 [FXGL Background Thread 3 ] DEBUG Engine               - isScaleAffectedOnResize: true
00:41:26.976 [FXGL Background Thread 3 ] DEBUG Engine               - isSingleStep: false
00:41:26.976 [FXGL Background Thread 3 ] DEBUG Engine               - isUserProfileEnabled: false
00:41:26.976 [FXGL Background Thread 3 ] DEBUG Engine               - isWindows: false
00:41:26.976 [FXGL Background Thread 3 ] DEBUG Engine               - language: ObjectProperty [value: ENGLISH]
00:41:26.976 [FXGL Background Thread 3 ] DEBUG Engine               - menuKey: ESCAPE
00:41:26.976 [FXGL Background Thread 3 ] DEBUG Engine               - mouseSensitivity: 0.2
00:41:26.976 [FXGL Background Thread 3 ] DEBUG Engine               - notificationViewClass: class com.almasb.fxgl.notification.view.XboxNotificationView
00:41:26.976 [FXGL Background Thread 3 ] DEBUG Engine               - pixelsPerMeter: 50.0
00:41:26.976 [FXGL Background Thread 3 ] DEBUG Engine               - platform: MAC
00:41:26.976 [FXGL Background Thread 3 ] DEBUG Engine               - prefHeightProperty: ReadOnlyDoubleProperty [value: 720.0]
00:41:26.976 [FXGL Background Thread 3 ] DEBUG Engine               - prefWidthProperty: ReadOnlyDoubleProperty [value: 1280.0]
00:41:26.977 [FXGL Background Thread 3 ] DEBUG Engine               - profileDir: profiles/
00:41:26.977 [FXGL Background Thread 3 ] DEBUG Engine               - profileName: StringProperty [value: DEFAULT]
00:41:26.977 [FXGL Background Thread 3 ] DEBUG Engine               - randomSeed: -1
00:41:26.977 [FXGL Background Thread 3 ] DEBUG Engine               - runtimeInfo: RuntimeInfo(platform=MAC, version=21.1, build=27.03.2024 07.52)
00:41:26.977 [FXGL Background Thread 3 ] DEBUG Engine               - saveFileExt: sav
00:41:26.977 [FXGL Background Thread 3 ] DEBUG Engine               - scaledHeightProp$fxgl: DoubleProperty [bound, value: 800.0]
00:41:26.977 [FXGL Background Thread 3 ] DEBUG Engine               - scaledWidthProp$fxgl: DoubleProperty [bound, value: 1280.0]
00:41:26.978 [FXGL Background Thread 3 ] DEBUG Engine               - sceneFactory: com.oop2.typewiz.util.CustomSceneFactory@325c2bc6
00:41:26.978 [FXGL Background Thread 3 ] DEBUG Engine               - secondsIn24h: 60
00:41:26.978 [FXGL Background Thread 3 ] DEBUG Engine               - soundMenuBack: menu/back.wav
00:41:26.981 [FXGL Background Thread 3 ] DEBUG Engine               - soundMenuPress: menu/press.wav
00:41:26.982 [FXGL Background Thread 3 ] DEBUG Engine               - soundMenuSelect: menu/select.wav
00:41:26.982 [FXGL Background Thread 3 ] DEBUG Engine               - soundNotification: core/notification.wav
00:41:26.982 [FXGL Background Thread 3 ] DEBUG Engine               - stageStyle: DECORATED
00:41:26.982 [FXGL Background Thread 3 ] DEBUG Engine               - supportedLanguages: [ENGLISH, FRENCH, GERMAN, HUNGARIAN, RUSSIAN]
00:41:26.982 [FXGL Background Thread 3 ] DEBUG Engine               - ticksPerSecond: -1
00:41:26.982 [FXGL Background Thread 3 ] DEBUG Engine               - title: TypeWiz
00:41:26.982 [FXGL Background Thread 3 ] DEBUG Engine               - urlGithub: https://github.com/AlmasB/FXGL
00:41:26.982 [FXGL Background Thread 3 ] DEBUG Engine               - urlLeaderboard: http://fxgl-top.herokuapp.com/
00:41:26.983 [FXGL Background Thread 3 ] DEBUG Engine               - urlPOM: https://raw.githubusercontent.com/AlmasB/FXGL/release/README.md
00:41:26.983 [FXGL Background Thread 3 ] DEBUG Engine               - userAppClass: class com.oop2.typewiz.TypeWizApp
00:41:26.983 [FXGL Background Thread 3 ] DEBUG Engine               - version: 0.0
00:41:26.983 [FXGL Background Thread 3 ] DEBUG Engine               - versionCheckDays: 7
00:41:26.983 [FXGL Background Thread 3 ] DEBUG Engine               - width: 1280
00:41:26.983 [FXGL Background Thread 3 ] DEBUG Engine               - Logging services
00:41:26.983 [FXGL Background Thread 3 ] DEBUG Engine               - class com.almasb.fxgl.app.services.FXGLAssetLoaderService
00:41:26.983 [FXGL Background Thread 3 ] DEBUG Engine               - class com.almasb.fxgl.app.FXGLApplication$GameApplicationService
00:41:26.983 [FXGL Background Thread 3 ] DEBUG Engine               - class com.almasb.fxgl.app.services.FXGLDialogService
00:41:26.983 [FXGL Background Thread 3 ] DEBUG Engine               - class com.almasb.fxgl.app.services.IOTaskExecutorService
00:41:26.984 [FXGL Background Thread 3 ] DEBUG Engine               - class com.almasb.fxgl.io.FileSystemService
00:41:26.984 [FXGL Background Thread 3 ] DEBUG Engine               - class com.almasb.fxgl.localization.LocalizationService
00:41:26.984 [FXGL Background Thread 3 ] DEBUG Engine               - class com.almasb.fxgl.app.services.SystemBundleService
00:41:26.984 [FXGL Background Thread 3 ] DEBUG Engine               - class com.almasb.fxgl.profile.SaveLoadService
00:41:26.984 [FXGL Background Thread 3 ] DEBUG Engine               - class com.almasb.fxgl.ui.FXGLUIFactoryServiceProvider
00:41:26.984 [FXGL Background Thread 3 ] DEBUG Engine               - class com.almasb.fxgl.ui.FXGLDialogFactoryServiceProvider
00:41:26.984 [FXGL Background Thread 3 ] DEBUG Engine               - class com.almasb.fxgl.audio.AudioPlayer
00:41:26.984 [FXGL Background Thread 3 ] DEBUG Engine               - class com.almasb.fxgl.notification.impl.NotificationServiceProvider
00:41:26.984 [FXGL Background Thread 3 ] DEBUG Engine               - class com.almasb.fxgl.achievement.AchievementService
00:41:26.984 [FXGL Background Thread 3 ] DEBUG Engine               - class com.almasb.fxgl.cutscene.CutsceneService
00:41:26.984 [FXGL Background Thread 3 ] DEBUG Engine               - class com.almasb.fxgl.minigames.MiniGameService
00:41:26.984 [FXGL Background Thread 3 ] DEBUG Engine               - class com.almasb.fxgl.net.NetService
00:41:26.984 [FXGL Background Thread 3 ] DEBUG Engine               - class com.almasb.fxgl.app.services.UpdaterService
00:41:26.985 [FXGL Background Thread 3 ] DEBUG Engine               - class com.almasb.fxgl.dev.DevService
00:41:32.752 [JavaFX Application Thread] DEBUG PrimaryStageWindow   - Push state: LoginScreen
00:41:32.752 [JavaFX Application Thread] DEBUG Input                - Clearing active input actions
00:41:32.753 [JavaFX Application Thread] DEBUG GameApplicationServi - Removing overlay from RegisterScreen and adding to LoginScreen
00:41:32.753 [JavaFX Application Thread] DEBUG PrimaryStageWindow   - RegisterScreen -> LoginScreen
00:41:35.315 [JavaFX Application Thread] DEBUG PrimaryStageWindow   - Push state: LoadingScreen
00:41:35.315 [JavaFX Application Thread] DEBUG Input                - Clearing active input actions
00:41:35.316 [JavaFX Application Thread] DEBUG GameApplicationServi - Removing overlay from LoginScreen and adding to LoadingScreen
00:41:35.317 [JavaFX Application Thread] DEBUG PrimaryStageWindow   - LoginScreen -> LoadingScreen
00:41:38.334 [JavaFX Application Thread] DEBUG FXGLAssetLoaderServi - Loading from file system: file:/Users/archiecabiso/Documents/2nd%20Year%20-%20CS/2nd%20Sem/CSIT228/OOP2-Capstone/target/classes/assets/music/bgm.mp3
00:41:38.358 [JavaFX Application Thread] DEBUG AudioPlayer          - Playing music com.almasb.fxgl.audio.Music@736173e8
00:41:38.358 [JavaFX Application Thread] DEBUG PrimaryStageWindow   - Push state: MainMenuScreen
00:41:38.358 [JavaFX Application Thread] DEBUG Input                - Clearing active input actions
00:41:38.359 [JavaFX Application Thread] DEBUG GameApplicationServi - Removing overlay from LoadingScreen and adding to MainMenuScreen
00:41:38.359 [JavaFX Application Thread] DEBUG PrimaryStageWindow   - LoadingScreen -> MainMenuScreen
00:41:40.409 [JavaFX Application Thread] DEBUG PrimaryStageWindow   - Push state: DifficultyMenuScreen
00:41:40.409 [JavaFX Application Thread] DEBUG Input                - Clearing active input actions
00:41:40.410 [JavaFX Application Thread] DEBUG GameApplicationServi - Removing overlay from MainMenuScreen and adding to DifficultyMenuScreen
00:41:40.411 [JavaFX Application Thread] DEBUG PrimaryStageWindow   - MainMenuScreen -> DifficultyMenuScreen
00:41:42.401 [JavaFX Application Thread] DEBUG GameApplicationServi - Starting new game
00:41:42.403 [JavaFX Application Thread] DEBUG PrimaryStageWindow   - Pop state: DifficultyMenuScreen
00:41:42.403 [JavaFX Application Thread] DEBUG Input                - Clearing active input actions
00:41:42.404 [JavaFX Application Thread] DEBUG GameApplicationServi - Removing overlay from DifficultyMenuScreen and adding to MainMenuScreen
00:41:42.405 [JavaFX Application Thread] DEBUG PrimaryStageWindow   - MainMenuScreen <- DifficultyMenuScreen
00:41:42.408 [JavaFX Application Thread] DEBUG PrimaryStageWindow   - Pop state: MainMenuScreen
00:41:42.409 [JavaFX Application Thread] DEBUG Input                - Clearing active input actions
00:41:42.409 [JavaFX Application Thread] DEBUG GameApplicationServi - Removing overlay from MainMenuScreen and adding to LoadingScreen
00:41:42.410 [JavaFX Application Thread] DEBUG PrimaryStageWindow   - LoadingScreen <- MainMenuScreen
00:41:42.410 [JavaFX Application Thread] DEBUG PrimaryStageWindow   - Pop state: LoadingScreen
00:41:42.410 [JavaFX Application Thread] DEBUG Input                - Clearing active input actions
00:41:42.411 [JavaFX Application Thread] DEBUG GameApplicationServi - Removing overlay from LoadingScreen and adding to LoginScreen
00:41:42.412 [JavaFX Application Thread] DEBUG PrimaryStageWindow   - LoginScreen <- LoadingScreen
00:41:42.412 [JavaFX Application Thread] DEBUG PrimaryStageWindow   - Pop state: LoginScreen
00:41:42.412 [JavaFX Application Thread] DEBUG Input                - Clearing active input actions
00:41:42.413 [JavaFX Application Thread] DEBUG GameApplicationServi - Removing overlay from LoginScreen and adding to RegisterScreen
00:41:42.413 [JavaFX Application Thread] DEBUG PrimaryStageWindow   - RegisterScreen <- LoginScreen
00:41:42.413 [JavaFX Application Thread] DEBUG PrimaryStageWindow   - Pop state: RegisterScreen
00:41:42.413 [JavaFX Application Thread] DEBUG Input                - Clearing active input actions
00:41:42.414 [JavaFX Application Thread] DEBUG GameApplicationServi - Removing overlay from RegisterScreen and adding to LoginScreen
00:41:42.415 [JavaFX Application Thread] DEBUG PrimaryStageWindow   - LoginScreen <- RegisterScreen
00:41:42.415 [JavaFX Application Thread] DEBUG PrimaryStageWindow   - Pop state: LoginScreen
00:41:42.415 [JavaFX Application Thread] DEBUG Input                - Clearing active input actions
00:41:42.416 [JavaFX Application Thread] DEBUG GameApplicationServi - Removing overlay from LoginScreen and adding to FXGLMainMenuDummyScene
00:41:42.416 [JavaFX Application Thread] DEBUG PrimaryStageWindow   - FXGLMainMenuDummyScene <- LoginScreen
00:41:42.417 [JavaFX Application Thread] DEBUG Input                - Clearing active input actions
00:41:42.432 [JavaFX Application Thread] DEBUG GameApplicationServi - Removing overlay from FXGLMainMenuDummyScene and adding to FXGLLoadingScene
00:41:42.433 [JavaFX Application Thread] DEBUG PrimaryStageWindow   - FXGLMainMenuDummyScene -> FXGLLoadingScene
00:41:42.433 [JavaFX Application Thread] DEBUG GameApplicationServi - Clearing previous game
00:41:42.433 [JavaFX Application Thread] DEBUG GameScene            - Clearing game scene
00:41:42.433 [JavaFX Application Thread] DEBUG GameWorld            - Clearing game world
00:41:42.437 [JavaFX Application Thread] DEBUG PhysicsWorld         - Clearing physics world
00:41:42.442 [FXGL Background Thread 2 ] DEBUG FXGLApplication      - Initializing game
00:41:42.522 [FXGL Background Thread 2 ] DEBUG FXGLAssetLoaderServi - Loading from file system: file:/Users/archiecabiso/Documents/2nd%20Year%20-%20CS/2nd%20Sem/CSIT228/OOP2-Capstone/target/classes/assets/textures/background-and-platforms/bg-midnightpurple_1280_720.png
00:41:42.676 [FXGL Background Thread 2 ] DEBUG FXGLAssetLoaderServi - Loading from file system: file:/Users/archiecabiso/Documents/2nd%20Year%20-%20CS/2nd%20Sem/CSIT228/OOP2-Capstone/target/classes/assets/textures/background-and-platforms/hdlargerplatform-purple.png
00:41:42.846 [FXGL Background Thread 2 ] DEBUG FXGLAssetLoaderServi - Loading from file system: file:/Users/archiecabiso/Documents/2nd%20Year%20-%20CS/2nd%20Sem/CSIT228/OOP2-Capstone/target/classes/assets/textures/wizard/wizard.png
00:41:42.991 [FXGL Background Thread 2 ] DEBUG FXGLAssetLoaderServi - Loading from file system: file:/Users/archiecabiso/Documents/2nd%20Year%20-%20CS/2nd%20Sem/CSIT228/OOP2-Capstone/target/classes/assets/textures/mobs/gargoyle/gargoyle.png
00:41:43.010 [FXGL Background Thread 2 ] DEBUG FXGLAssetLoaderServi - Loading from file system: file:/Users/archiecabiso/Documents/2nd%20Year%20-%20CS/2nd%20Sem/CSIT228/OOP2-Capstone/target/classes/assets/textures/mobs/grimouge/grimouge.png
00:41:43.119 [FXGL Background Thread 2 ] DEBUG FXGLAssetLoaderServi - Loading from file system: file:/Users/archiecabiso/Documents/2nd%20Year%20-%20CS/2nd%20Sem/CSIT228/OOP2-Capstone/target/classes/assets/textures/mobs/vyleye/vyleye.png
00:41:43.281 [FXGL Background Thread 2 ] INFO  FXGLApplication      - Game initialization took: 0.839 sec
00:41:43.282 [JavaFX Application Thread] DEBUG Input                - Clearing active input actions
00:41:43.301 [JavaFX Application Thread] DEBUG GameApplicationServi - Removing overlay from FXGLLoadingScene and adding to GameScene
00:41:43.301 [JavaFX Application Thread] DEBUG PrimaryStageWindow   - FXGLLoadingScene -> GameScene
00:41:44.413 [JavaFX Application Thread] DEBUG AudioPlayer          - Stopping music com.almasb.fxgl.audio.Music@736173e8
00:41:47.392 [JavaFX Application Thread] DEBUG PrimaryStageWindow   - Push state: FXGLDefaultMenu
00:41:47.396 [JavaFX Application Thread] DEBUG Input                - Clearing active input actions
00:41:47.398 [JavaFX Application Thread] DEBUG GameApplicationServi - Removing overlay from GameScene and adding to FXGLDefaultMenu
00:41:47.399 [JavaFX Application Thread] DEBUG PrimaryStageWindow   - GameScene -> FXGLDefaultMenu
00:41:58.005 [JavaFX Application Thread] DEBUG Menu                 - fireExitToMainMenu()
00:41:58.020 [JavaFX Application Thread] DEBUG PrimaryStageWindow   - Push state: DialogSubScene
00:41:58.020 [JavaFX Application Thread] DEBUG Input                - Clearing active input actions
00:41:58.021 [JavaFX Application Thread] DEBUG GameApplicationServi - Removing overlay from FXGLDefaultMenu and adding to DialogSubScene
00:41:58.021 [JavaFX Application Thread] DEBUG PrimaryStageWindow   - FXGLDefaultMenu -> DialogSubScene
00:41:59.558 [JavaFX Application Thread] DEBUG PrimaryStageWindow   - Pop state: DialogSubScene
00:41:59.558 [JavaFX Application Thread] DEBUG Input                - Clearing active input actions
00:41:59.559 [JavaFX Application Thread] DEBUG GameApplicationServi - Removing overlay from DialogSubScene and adding to FXGLDefaultMenu
00:41:59.559 [JavaFX Application Thread] DEBUG PrimaryStageWindow   - FXGLDefaultMenu <- DialogSubScene
00:41:59.560 [JavaFX Application Thread] DEBUG PrimaryStageWindow   - Pop state: FXGLDefaultMenu
00:41:59.560 [JavaFX Application Thread] DEBUG Input                - Clearing active input actions
00:41:59.560 [JavaFX Application Thread] DEBUG GameApplicationServi - Removing overlay from FXGLDefaultMenu and adding to GameScene
00:41:59.560 [JavaFX Application Thread] DEBUG PrimaryStageWindow   - GameScene <- FXGLDefaultMenu
00:41:59.560 [JavaFX Application Thread] DEBUG Input                - Clearing active input actions
00:41:59.568 [JavaFX Application Thread] DEBUG GameApplicationServi - Removing overlay from GameScene and adding to FXGLMainMenuDummyScene
00:41:59.568 [JavaFX Application Thread] DEBUG PrimaryStageWindow   - GameScene -> FXGLMainMenuDummyScene
00:41:59.568 [JavaFX Application Thread] DEBUG PrimaryStageWindow   - Push state: LoginScreen
00:41:59.568 [JavaFX Application Thread] DEBUG Input                - Clearing active input actions
00:41:59.570 [JavaFX Application Thread] DEBUG GameApplicationServi - Removing overlay from FXGLMainMenuDummyScene and adding to LoginScreen
00:41:59.570 [JavaFX Application Thread] DEBUG PrimaryStageWindow   - FXGLMainMenuDummyScene -> LoginScreen
00:42:03.172 [JavaFX Application Thread] DEBUG FXGLApplication      - Exiting FXGL
00:42:03.172 [JavaFX Application Thread] DEBUG LoopRunner           - Stopping loop
00:42:03.172 [JavaFX Application Thread] DEBUG SystemBundleService  - Saving FXGL system data
00:42:03.175 [JavaFX Application Thread] DEBUG FileSystemAccess     - Writing to: /Users/archiecabiso/Documents/2nd Year - CS/2nd Sem/CSIT228/OOP2-Capstone/system/fxgl.bundle
00:42:03.178 [JavaFX Application Thread] DEBUG Async                - Shutting down background threads
00:42:03.179 [JavaFX Application Thread] DEBUG PrimaryStageWindow   - Closing main window
00:42:03.833 [JavaFX Application Thread] DEBUG Logger               - Closing Logger
