00:55:16.952 [main                     ] DEBUG Logger               - Configured Logger
00:55:17.241 [main                     ] DEBUG GameApplication      - Logging settings
Title: TypeWiz
Version: 0.0
Width: 1280
Height: 720
Fullscreen: true
Intro: false
Profiling: false
Single step:false
App Mode: DEVELOPER
Menu Key: ESCAPE
Stage Style: DECORATED
Scene Factory: class com.oop2.typewiz.util.CustomSceneFactory

00:55:18.178 [JavaFX Application Thread] DEBUG FXGLApplication      - Initializing FXGL
00:55:18.186 [JavaFX Application Thread] INFO  Engine               - FXGL-21.1 (27.03.2024 07.52) on MAC (J:23.0.1 FX:19)
00:55:18.187 [JavaFX Application Thread] DEBUG Engine               - JRE Vendor Name: Oracle Corporation
00:55:18.187 [JavaFX Application Thread] DEBUG Engine               - Running on OS: Mac OS X version 10.15.7
00:55:18.187 [JavaFX Application Thread] DEBUG Engine               - Architecture: x86_64
00:55:18.188 [JavaFX Application Thread] INFO  Engine               - Source code and latest versions at: https://github.com/AlmasB/FXGL
00:55:18.188 [JavaFX Application Thread] INFO  Engine               -       Ask questions and discuss at: https://github.com/AlmasB/FXGL/discussions
00:55:18.188 [JavaFX Application Thread] INFO  Engine               -              Join the FXGL chat at: https://gitter.im/AlmasB/FXGL
00:55:18.488 [JavaFX Application Thread] DEBUG PrimaryStageWindow   - Creating a JavaFX scene
00:55:18.624 [JavaFX Application Thread] DEBUG PrimaryStageWindow   - Target settings size: 1280.0 x 720.0
00:55:18.625 [JavaFX Application Thread] DEBUG PrimaryStageWindow   - Scaled scene size:    1280.0 x 720.0
00:55:18.625 [JavaFX Application Thread] DEBUG PrimaryStageWindow   - Scaled ratio: (1.0, 1.0)
00:55:18.629 [JavaFX Application Thread] DEBUG PrimaryStageWindow   - Set initial scene to FXGLStartupScene
00:55:18.639 [JavaFX Application Thread] DEBUG PrimaryStageWindow   - Opening main window
00:55:19.029 [JavaFX Application Thread] DEBUG PrimaryStageWindow   - Window border size: (0.0, 22.0)
00:55:19.030 [JavaFX Application Thread] DEBUG PrimaryStageWindow   - Scaled size: 1280.0 x 720.0
00:55:19.030 [JavaFX Application Thread] DEBUG PrimaryStageWindow   - Scaled ratio: (1.0, 1.0)
00:55:19.030 [JavaFX Application Thread] DEBUG PrimaryStageWindow   - Scene size: 1280.0 x 720.0
00:55:19.030 [JavaFX Application Thread] DEBUG PrimaryStageWindow   - Stage size: 1280.0 x 742.0
00:55:20.073 [JavaFX Application Thread] DEBUG PrimaryStageWindow   - Going fullscreen
00:55:20.091 [FXGL Background Thread 1 ] DEBUG Engine               - Initializing environment variables
00:55:20.348 [FXGL Background Thread 1 ] DEBUG FXGLAssetLoaderServi - User app class for loading assets: class com.oop2.typewiz.TypeWizApp
00:55:20.349 [FXGL Background Thread 1 ] DEBUG GameApplicationServi - Applying CSS: fxgl_dark.css
00:55:20.354 [FXGL Background Thread 1 ] DEBUG FXGLAssetLoaderServi - Loading from file system: jar:file:///Users/archiecabiso/.m2/repository/com/github/almasb/fxgl/21.1/fxgl-21.1.jar!/fxglassets/ui/css/fxgl_dark.css
00:55:20.474 [FXGL Background Thread 1 ] DEBUG GameApplicationServi - Initializing application scenes
00:55:21.265 [FXGL Background Thread 1 ] DEBUG GameWorld            - Game world initialized
00:55:21.333 [FXGL Background Thread 1 ] DEBUG PhysicsWorld         - Physics world initialized: appHeight=720, physics.ppm=50.0
00:55:21.334 [FXGL Background Thread 1 ] DEBUG PhysicsWorld         - Using strategy: BRUTE_FORCE
00:55:21.339 [FXGL Background Thread 1 ] DEBUG GameScene            - Game scene initialized: 1280x720
00:55:21.762 [FXGL Background Thread 1 ] DEBUG FXGL.DefaultMenu     - createMenuBodyGameMenu()
00:55:21.771 [FXGL Background Thread 1 ] DEBUG FXGL.DefaultMenu     - createOptionsMenu()
00:55:21.783 [FXGL Background Thread 1 ] DEBUG FXGLAssetLoaderServi - Loading from file system: jar:file:///Users/archiecabiso/.m2/repository/com/github/almasb/fxgl/21.1/fxgl-21.1.jar!/fxglassets/textures/particles/smoke.png
00:55:21.873 [FXGL Background Thread 1 ] DEBUG FXGLAssetLoaderServi - Loading from file system: jar:file:///Users/archiecabiso/.m2/repository/com/github/almasb/fxgl/21.1/fxgl-21.1.jar!/fxglassets/textures/particles/trace_horizontal.png
00:55:21.891 [FXGL Background Thread 1 ] DEBUG GameApplicationServi - Application scenes initialized
00:55:21.910 [FXGL Background Thread 1 ] DEBUG SystemBundleService  - Loading FXGL system data
00:55:21.916 [FXGL Background Thread 1 ] DEBUG FileSystemAccess     - Reading from: /Users/archiecabiso/Documents/2nd Year - CS/2nd Sem/CSIT228/OOP2-Capstone/system/fxgl.bundle
00:55:21.924 [FXGL Background Thread 1 ] DEBUG SystemBundleService  - Bundle FXGL: {}
00:55:21.924 [FXGL Background Thread 1 ] DEBUG UpdaterService       - Checking for updates
00:55:21.930 [FXGL Background Thread 4 ] DEBUG FXGLApplication      - Loading fonts
00:55:21.932 [FXGL Background Thread 4 ] DEBUG FXGLAssetLoaderServi - Loading from file system: jar:file:///Users/archiecabiso/.m2/repository/com/github/almasb/fxgl/21.1/fxgl-21.1.jar!/fxglassets/ui/fonts/VarelaRound-Regular.ttf
00:55:21.933 [FXGL Background Thread 1 ] DEBUG FXGLApplication      - Loading default localization
00:55:21.933 [FXGL Background Thread 1 ] DEBUG FXGLAssetLoaderServi - Loading from file system: jar:file:///Users/archiecabiso/.m2/repository/com/github/almasb/fxgl/21.1/fxgl-21.1.jar!/fxglassets/languages/english.lang
00:55:21.963 [FXGL Background Thread 4 ] DEBUG FXGLAssetLoaderServi - Loading from file system: jar:file:///Users/archiecabiso/.m2/repository/com/github/almasb/fxgl/21.1/fxgl-21.1.jar!/fxglassets/ui/fonts/Abel-Regular.ttf
00:55:21.968 [FXGL Background Thread 4 ] DEBUG FXGLAssetLoaderServi - Loading from file system: jar:file:///Users/archiecabiso/.m2/repository/com/github/almasb/fxgl/21.1/fxgl-21.1.jar!/fxglassets/ui/fonts/TerminalLandMono-Regular.otf
00:55:21.971 [FXGL Background Thread 1 ] INFO  FXGLApplication      - FXGL initialization took: 1.879 sec
00:55:21.973 [JavaFX Application Thread] DEBUG FXGLAssetLoaderServi - Loading from file system: jar:file:///Users/archiecabiso/.m2/repository/com/github/almasb/fxgl/21.1/fxgl-21.1.jar!/fxglassets/textures/fxgl_icon.png
00:55:21.974 [FXGL Background Thread 4 ] DEBUG FXGLAssetLoaderServi - Loading from file system: jar:file:///Users/archiecabiso/.m2/repository/com/github/almasb/fxgl/21.1/fxgl-21.1.jar!/fxglassets/ui/fonts/Courier-Prime.ttf
00:55:22.001 [JavaFX Application Thread] DEBUG FXGLAssetLoaderServi - Loading from file system: jar:file:///Users/archiecabiso/.m2/repository/com/github/almasb/fxgl/21.1/fxgl-21.1.jar!/fxglassets/textures/fxgl_default_cursor.png
00:55:22.017 [JavaFX Application Thread] DEBUG Input                - Registered new binding: Screenshot - CTRL+8
00:55:22.018 [JavaFX Application Thread] DEBUG Input                - Registered new binding: System info dump - CTRL+9
00:55:22.018 [JavaFX Application Thread] DEBUG Input                - Registered new binding: Restart - CTRL+R
00:55:22.019 [JavaFX Application Thread] DEBUG Input                - Registered new binding: Toggle Debug Camera - CTRL+7
00:55:22.022 [JavaFX Application Thread] DEBUG LoopRunner           - Starting loop
00:55:22.023 [JavaFX Application Thread] DEBUG LoopRunner           - Initializing JavaFX AnimationTimerLoop
00:55:22.026 [JavaFX Application Thread] DEBUG Input                - Clearing active input actions
00:55:22.038 [JavaFX Application Thread] DEBUG GameApplicationServi - Removing overlay from FXGLStartupScene and adding to FXGLMainMenuDummyScene
00:55:22.039 [JavaFX Application Thread] DEBUG PrimaryStageWindow   - FXGLStartupScene -> FXGLMainMenuDummyScene
00:55:22.039 [JavaFX Application Thread] DEBUG PrimaryStageWindow   - Push state: LoginScreen
00:55:22.040 [JavaFX Application Thread] DEBUG Input                - Clearing active input actions
00:55:22.060 [JavaFX Application Thread] DEBUG GameApplicationServi - Removing overlay from FXGLMainMenuDummyScene and adding to LoginScreen
00:55:22.061 [JavaFX Application Thread] DEBUG PrimaryStageWindow   - FXGLMainMenuDummyScene -> LoginScreen
00:55:22.072 [JavaFX Application Thread] DEBUG FXGLApplication      - Registering font factories with UI factory
00:55:23.771 [JavaFX Application Thread] DEBUG FXGLAssetLoaderServi - Loading from file system: file:/Users/archiecabiso/Documents/2nd%20Year%20-%20CS/2nd%20Sem/CSIT228/OOP2-Capstone/target/classes/assets/sounds/sound-library/hover.wav
00:55:24.931 [FXGL Background Thread 3 ] DEBUG Engine               - Logging environment variables
00:55:24.932 [FXGL Background Thread 3 ] DEBUG Engine               - achievements: []
00:55:24.932 [FXGL Background Thread 3 ] DEBUG Engine               - actualHeight: 800.0
00:55:24.932 [FXGL Background Thread 3 ] DEBUG Engine               - actualHeightProperty: ReadOnlyDoubleProperty [value: 800.0]
00:55:24.933 [FXGL Background Thread 3 ] DEBUG Engine               - actualWidth: 1280.0
00:55:24.933 [FXGL Background Thread 3 ] DEBUG Engine               - actualWidthProperty: ReadOnlyDoubleProperty [value: 1280.0]
00:55:24.933 [FXGL Background Thread 3 ] DEBUG Engine               - appIcon: fxgl_icon.png
00:55:24.933 [FXGL Background Thread 3 ] DEBUG Engine               - applicationMode: DEVELOPER
00:55:24.933 [FXGL Background Thread 3 ] DEBUG Engine               - cSSList: [fxgl_dark.css]
00:55:24.933 [FXGL Background Thread 3 ] DEBUG Engine               - collisionDetectionStrategy: BRUTE_FORCE
00:55:24.933 [FXGL Background Thread 3 ] DEBUG Engine               - configClass: Optional.empty
00:55:24.933 [FXGL Background Thread 3 ] DEBUG Engine               - credits: []
00:55:24.934 [FXGL Background Thread 3 ] DEBUG Engine               - defaultCursor: CursorInfo(imageName=fxgl_default_cursor.png, hotspotX=7.0, hotspotY=6.0)
00:55:24.934 [FXGL Background Thread 3 ] DEBUG Engine               - devBBoxColorProperty: ObjectProperty [value: 0xff0000ff]
00:55:24.934 [FXGL Background Thread 3 ] DEBUG Engine               - devEnableDebugCameraProperty: BooleanProperty [value: false]
00:55:24.934 [FXGL Background Thread 3 ] DEBUG Engine               - devSensorColorProperty: ObjectProperty [value: 0xffff00ff]
00:55:24.935 [FXGL Background Thread 3 ] DEBUG Engine               - devShowBBoxProperty: BooleanProperty [value: false]
00:55:24.935 [FXGL Background Thread 3 ] DEBUG Engine               - devShowPositionProperty: BooleanProperty [value: false]
00:55:24.935 [FXGL Background Thread 3 ] DEBUG Engine               - enabledMenuItems: []
00:55:24.936 [FXGL Background Thread 3 ] DEBUG Engine               - engineServices: [class com.almasb.fxgl.app.services.FXGLAssetLoaderService, class com.almasb.fxgl.app.FXGLApplication$GameApplicationService, class com.almasb.fxgl.app.services.FXGLDialogService, class com.almasb.fxgl.app.services.IOTaskExecutorService, class com.almasb.fxgl.io.FileSystemService, class com.almasb.fxgl.localization.LocalizationService, class com.almasb.fxgl.app.services.SystemBundleService, class com.almasb.fxgl.profile.SaveLoadService, class com.almasb.fxgl.ui.FXGLUIFactoryServiceProvider, class com.almasb.fxgl.ui.FXGLDialogFactoryServiceProvider, class com.almasb.fxgl.audio.AudioPlayer, class com.almasb.fxgl.notification.impl.NotificationServiceProvider, class com.almasb.fxgl.achievement.AchievementService, class com.almasb.fxgl.cutscene.CutsceneService, class com.almasb.fxgl.minigames.MiniGameService, class com.almasb.fxgl.net.NetService, class com.almasb.fxgl.app.services.UpdaterService, class com.almasb.fxgl.dev.DevService]
00:55:24.936 [FXGL Background Thread 3 ] DEBUG Engine               - fontGame: Abel-Regular.ttf
00:55:24.938 [FXGL Background Thread 3 ] DEBUG Engine               - fontMono: TerminalLandMono-Regular.otf
00:55:24.938 [FXGL Background Thread 3 ] DEBUG Engine               - fontSizeScaleUI: 1.0
00:55:24.938 [FXGL Background Thread 3 ] DEBUG Engine               - fontText: Courier-Prime.ttf
00:55:24.939 [FXGL Background Thread 3 ] DEBUG Engine               - fontUI: VarelaRound-Regular.ttf
00:55:24.939 [FXGL Background Thread 3 ] DEBUG Engine               - fullScreen: BooleanProperty [value: true]
00:55:24.939 [FXGL Background Thread 3 ] DEBUG Engine               - gameDifficulty: MEDIUM
00:55:24.939 [FXGL Background Thread 3 ] DEBUG Engine               - gameDifficultyProperty: ObjectProperty [value: MEDIUM]
00:55:24.939 [FXGL Background Thread 3 ] DEBUG Engine               - globalMusicVolume: 0.5
00:55:24.939 [FXGL Background Thread 3 ] DEBUG Engine               - globalMusicVolumeProperty: DoubleProperty [value: 0.5]
00:55:24.939 [FXGL Background Thread 3 ] DEBUG Engine               - globalSoundVolume: 0.5
00:55:24.939 [FXGL Background Thread 3 ] DEBUG Engine               - globalSoundVolumeProperty: DoubleProperty [value: 0.5]
00:55:24.939 [FXGL Background Thread 3 ] DEBUG Engine               - height: 720
00:55:24.940 [FXGL Background Thread 3 ] DEBUG Engine               - is3D: false
00:55:24.940 [FXGL Background Thread 3 ] DEBUG Engine               - isAndroid: false
00:55:24.940 [FXGL Background Thread 3 ] DEBUG Engine               - isBrowser: false
00:55:24.940 [FXGL Background Thread 3 ] DEBUG Engine               - isClickFeedbackEnabled: false
00:55:24.940 [FXGL Background Thread 3 ] DEBUG Engine               - isCloseConfirmation: false
00:55:24.940 [FXGL Background Thread 3 ] DEBUG Engine               - isDesktop: true
00:55:24.940 [FXGL Background Thread 3 ] DEBUG Engine               - isDeveloperMenuEnabled: false
00:55:24.940 [FXGL Background Thread 3 ] DEBUG Engine               - isEmbedded: false
00:55:24.940 [FXGL Background Thread 3 ] DEBUG Engine               - isEntityPreloadEnabled: true
00:55:24.940 [FXGL Background Thread 3 ] DEBUG Engine               - isExperimentalTiledLargeMap: false
00:55:24.940 [FXGL Background Thread 3 ] DEBUG Engine               - isFileSystemWriteAllowed: true
00:55:24.941 [FXGL Background Thread 3 ] DEBUG Engine               - isFullScreenAllowed: true
00:55:24.941 [FXGL Background Thread 3 ] DEBUG Engine               - isFullScreenFromStart: true
00:55:24.941 [FXGL Background Thread 3 ] DEBUG Engine               - isGameMenuEnabled: true
00:55:24.941 [FXGL Background Thread 3 ] DEBUG Engine               - isIOS: false
00:55:24.941 [FXGL Background Thread 3 ] DEBUG Engine               - isIntroEnabled: false
00:55:24.941 [FXGL Background Thread 3 ] DEBUG Engine               - isLinux: false
00:55:24.941 [FXGL Background Thread 3 ] DEBUG Engine               - isMac: true
00:55:24.941 [FXGL Background Thread 3 ] DEBUG Engine               - isMainMenuEnabled: true
00:55:24.941 [FXGL Background Thread 3 ] DEBUG Engine               - isManualResizeEnabled: false
00:55:24.942 [FXGL Background Thread 3 ] DEBUG Engine               - isMobile: false
00:55:24.942 [FXGL Background Thread 3 ] DEBUG Engine               - isNative: false
00:55:24.943 [FXGL Background Thread 3 ] DEBUG Engine               - isPauseMusicWhenMinimized: true
00:55:24.943 [FXGL Background Thread 3 ] DEBUG Engine               - isPreserveResizeRatio: false
00:55:24.944 [FXGL Background Thread 3 ] DEBUG Engine               - isProfilingEnabled: false
00:55:24.944 [FXGL Background Thread 3 ] DEBUG Engine               - isScaleAffectedOnResize: true
00:55:24.946 [FXGL Background Thread 3 ] DEBUG Engine               - isSingleStep: false
00:55:24.954 [FXGL Background Thread 3 ] DEBUG Engine               - isUserProfileEnabled: false
00:55:24.954 [FXGL Background Thread 3 ] DEBUG Engine               - isWindows: false
00:55:24.954 [FXGL Background Thread 3 ] DEBUG Engine               - language: ObjectProperty [value: ENGLISH]
00:55:24.955 [FXGL Background Thread 3 ] DEBUG Engine               - menuKey: ESCAPE
00:55:24.955 [FXGL Background Thread 3 ] DEBUG Engine               - mouseSensitivity: 0.2
00:55:24.955 [FXGL Background Thread 3 ] DEBUG Engine               - notificationViewClass: class com.almasb.fxgl.notification.view.XboxNotificationView
00:55:24.955 [FXGL Background Thread 3 ] DEBUG Engine               - pixelsPerMeter: 50.0
00:55:24.955 [FXGL Background Thread 3 ] DEBUG Engine               - platform: MAC
00:55:24.955 [FXGL Background Thread 3 ] DEBUG Engine               - prefHeightProperty: ReadOnlyDoubleProperty [value: 720.0]
00:55:24.956 [FXGL Background Thread 3 ] DEBUG Engine               - prefWidthProperty: ReadOnlyDoubleProperty [value: 1280.0]
00:55:24.956 [FXGL Background Thread 3 ] DEBUG Engine               - profileDir: profiles/
00:55:24.956 [FXGL Background Thread 3 ] DEBUG Engine               - profileName: StringProperty [value: DEFAULT]
00:55:24.956 [FXGL Background Thread 3 ] DEBUG Engine               - randomSeed: -1
00:55:24.956 [FXGL Background Thread 3 ] DEBUG Engine               - runtimeInfo: RuntimeInfo(platform=MAC, version=21.1, build=27.03.2024 07.52)
00:55:24.957 [FXGL Background Thread 3 ] DEBUG Engine               - saveFileExt: sav
00:55:24.957 [FXGL Background Thread 3 ] DEBUG Engine               - scaledHeightProp$fxgl: DoubleProperty [bound, value: 800.0]
00:55:24.957 [FXGL Background Thread 3 ] DEBUG Engine               - scaledWidthProp$fxgl: DoubleProperty [bound, value: 1280.0]
00:55:24.957 [FXGL Background Thread 3 ] DEBUG Engine               - sceneFactory: com.oop2.typewiz.util.CustomSceneFactory@776bd3f6
00:55:24.957 [FXGL Background Thread 3 ] DEBUG Engine               - secondsIn24h: 60
00:55:24.957 [FXGL Background Thread 3 ] DEBUG Engine               - soundMenuBack: menu/back.wav
00:55:24.957 [FXGL Background Thread 3 ] DEBUG Engine               - soundMenuPress: menu/press.wav
00:55:24.958 [FXGL Background Thread 3 ] DEBUG Engine               - soundMenuSelect: menu/select.wav
00:55:24.958 [FXGL Background Thread 3 ] DEBUG Engine               - soundNotification: core/notification.wav
00:55:24.958 [FXGL Background Thread 3 ] DEBUG Engine               - stageStyle: DECORATED
00:55:24.958 [FXGL Background Thread 3 ] DEBUG Engine               - supportedLanguages: [ENGLISH, FRENCH, GERMAN, HUNGARIAN, RUSSIAN]
00:55:24.959 [FXGL Background Thread 3 ] DEBUG Engine               - ticksPerSecond: -1
00:55:24.959 [FXGL Background Thread 3 ] DEBUG Engine               - title: TypeWiz
00:55:24.959 [FXGL Background Thread 3 ] DEBUG Engine               - urlGithub: https://github.com/AlmasB/FXGL
00:55:24.959 [FXGL Background Thread 3 ] DEBUG Engine               - urlLeaderboard: http://fxgl-top.herokuapp.com/
00:55:24.960 [FXGL Background Thread 3 ] DEBUG Engine               - urlPOM: https://raw.githubusercontent.com/AlmasB/FXGL/release/README.md
00:55:24.960 [FXGL Background Thread 3 ] DEBUG Engine               - userAppClass: class com.oop2.typewiz.TypeWizApp
00:55:24.960 [FXGL Background Thread 3 ] DEBUG Engine               - version: 0.0
00:55:24.960 [FXGL Background Thread 3 ] DEBUG Engine               - versionCheckDays: 7
00:55:24.960 [FXGL Background Thread 3 ] DEBUG Engine               - width: 1280
00:55:24.960 [FXGL Background Thread 3 ] DEBUG Engine               - Logging services
00:55:24.960 [FXGL Background Thread 3 ] DEBUG Engine               - class com.almasb.fxgl.app.services.FXGLAssetLoaderService
00:55:24.961 [FXGL Background Thread 3 ] DEBUG Engine               - class com.almasb.fxgl.app.FXGLApplication$GameApplicationService
00:55:24.961 [FXGL Background Thread 3 ] DEBUG Engine               - class com.almasb.fxgl.app.services.FXGLDialogService
00:55:24.961 [FXGL Background Thread 3 ] DEBUG Engine               - class com.almasb.fxgl.app.services.IOTaskExecutorService
00:55:24.961 [FXGL Background Thread 3 ] DEBUG Engine               - class com.almasb.fxgl.io.FileSystemService
00:55:24.961 [FXGL Background Thread 3 ] DEBUG Engine               - class com.almasb.fxgl.localization.LocalizationService
00:55:24.961 [FXGL Background Thread 3 ] DEBUG Engine               - class com.almasb.fxgl.app.services.SystemBundleService
00:55:24.961 [FXGL Background Thread 3 ] DEBUG Engine               - class com.almasb.fxgl.profile.SaveLoadService
00:55:24.961 [FXGL Background Thread 3 ] DEBUG Engine               - class com.almasb.fxgl.ui.FXGLUIFactoryServiceProvider
00:55:24.961 [FXGL Background Thread 3 ] DEBUG Engine               - class com.almasb.fxgl.ui.FXGLDialogFactoryServiceProvider
00:55:24.961 [FXGL Background Thread 3 ] DEBUG Engine               - class com.almasb.fxgl.audio.AudioPlayer
00:55:24.961 [FXGL Background Thread 3 ] DEBUG Engine               - class com.almasb.fxgl.notification.impl.NotificationServiceProvider
00:55:24.961 [FXGL Background Thread 3 ] DEBUG Engine               - class com.almasb.fxgl.achievement.AchievementService
00:55:24.962 [FXGL Background Thread 3 ] DEBUG Engine               - class com.almasb.fxgl.cutscene.CutsceneService
00:55:24.962 [FXGL Background Thread 3 ] DEBUG Engine               - class com.almasb.fxgl.minigames.MiniGameService
00:55:24.962 [FXGL Background Thread 3 ] DEBUG Engine               - class com.almasb.fxgl.net.NetService
00:55:24.962 [FXGL Background Thread 3 ] DEBUG Engine               - class com.almasb.fxgl.app.services.UpdaterService
00:55:24.962 [FXGL Background Thread 3 ] DEBUG Engine               - class com.almasb.fxgl.dev.DevService
00:55:25.639 [JavaFX Application Thread] DEBUG FXGLAssetLoaderServi - Loading from file system: file:/Users/archiecabiso/Documents/2nd%20Year%20-%20CS/2nd%20Sem/CSIT228/OOP2-Capstone/target/classes/assets/sounds/sound-library/click.wav
00:55:25.649 [JavaFX Application Thread] DEBUG FXGLAssetLoaderServi - Loading from file system: file:/Users/archiecabiso/Documents/2nd%20Year%20-%20CS/2nd%20Sem/CSIT228/OOP2-Capstone/target/classes/assets/music/magic.wav
00:55:25.675 [JavaFX Application Thread] DEBUG AudioPlayer          - Playing music com.almasb.fxgl.audio.Music@1eb9b6bc
00:55:25.753 [JavaFX Application Thread] DEBUG PrimaryStageWindow   - Push state: LoadingScreen
00:55:25.753 [JavaFX Application Thread] DEBUG Input                - Clearing active input actions
00:55:25.755 [JavaFX Application Thread] DEBUG GameApplicationServi - Removing overlay from LoginScreen and adding to LoadingScreen
00:55:25.755 [JavaFX Application Thread] DEBUG PrimaryStageWindow   - LoginScreen -> LoadingScreen
00:55:25.755 [JavaFX Application Thread] DEBUG FXGLAssetLoaderServi - Loading from file system: file:/Users/archiecabiso/Documents/2nd%20Year%20-%20CS/2nd%20Sem/CSIT228/OOP2-Capstone/target/classes/assets/textures/magicbook.png
00:55:25.761 [JavaFX Application Thread] DEBUG FXGLAssetLoaderServi - Loading from file system: file:/Users/archiecabiso/Documents/2nd%20Year%20-%20CS/2nd%20Sem/CSIT228/OOP2-Capstone/target/classes/assets/textures/magicbook_hover.png
00:55:28.779 [JavaFX Application Thread] DEBUG FXGLAssetLoaderServi - Loading from file system: file:/Users/archiecabiso/Documents/2nd%20Year%20-%20CS/2nd%20Sem/CSIT228/OOP2-Capstone/target/classes/assets/music/bgm.mp3
00:55:28.788 [JavaFX Application Thread] DEBUG AudioPlayer          - Playing music com.almasb.fxgl.audio.Music@3c07b055
00:55:28.788 [JavaFX Application Thread] DEBUG PrimaryStageWindow   - Push state: MainMenuScreen
00:55:28.788 [JavaFX Application Thread] DEBUG Input                - Clearing active input actions
00:55:28.789 [JavaFX Application Thread] DEBUG GameApplicationServi - Removing overlay from LoadingScreen and adding to MainMenuScreen
00:55:28.790 [JavaFX Application Thread] DEBUG PrimaryStageWindow   - LoadingScreen -> MainMenuScreen
00:55:39.645 [JavaFX Application Thread] DEBUG PrimaryStageWindow   - Push state: DifficultyMenuScreen
00:55:39.645 [JavaFX Application Thread] DEBUG Input                - Clearing active input actions
00:55:39.646 [JavaFX Application Thread] DEBUG GameApplicationServi - Removing overlay from MainMenuScreen and adding to DifficultyMenuScreen
00:55:39.647 [JavaFX Application Thread] DEBUG PrimaryStageWindow   - MainMenuScreen -> DifficultyMenuScreen
00:55:45.771 [JavaFX Application Thread] DEBUG GameApplicationServi - Starting new game
00:55:45.772 [JavaFX Application Thread] DEBUG PrimaryStageWindow   - Pop state: DifficultyMenuScreen
00:55:45.773 [JavaFX Application Thread] DEBUG Input                - Clearing active input actions
00:55:45.773 [JavaFX Application Thread] DEBUG GameApplicationServi - Removing overlay from DifficultyMenuScreen and adding to MainMenuScreen
00:55:45.775 [JavaFX Application Thread] DEBUG PrimaryStageWindow   - MainMenuScreen <- DifficultyMenuScreen
00:55:45.779 [JavaFX Application Thread] DEBUG PrimaryStageWindow   - Pop state: MainMenuScreen
00:55:45.779 [JavaFX Application Thread] DEBUG Input                - Clearing active input actions
00:55:45.779 [JavaFX Application Thread] DEBUG GameApplicationServi - Removing overlay from MainMenuScreen and adding to LoadingScreen
00:55:45.780 [JavaFX Application Thread] DEBUG PrimaryStageWindow   - LoadingScreen <- MainMenuScreen
00:55:45.780 [JavaFX Application Thread] DEBUG PrimaryStageWindow   - Pop state: LoadingScreen
00:55:45.780 [JavaFX Application Thread] DEBUG Input                - Clearing active input actions
00:55:45.780 [JavaFX Application Thread] DEBUG GameApplicationServi - Removing overlay from LoadingScreen and adding to LoginScreen
00:55:45.781 [JavaFX Application Thread] DEBUG PrimaryStageWindow   - LoginScreen <- LoadingScreen
00:55:45.781 [JavaFX Application Thread] DEBUG PrimaryStageWindow   - Pop state: LoginScreen
00:55:45.781 [JavaFX Application Thread] DEBUG Input                - Clearing active input actions
00:55:45.783 [JavaFX Application Thread] DEBUG GameApplicationServi - Removing overlay from LoginScreen and adding to FXGLMainMenuDummyScene
00:55:45.784 [JavaFX Application Thread] DEBUG PrimaryStageWindow   - FXGLMainMenuDummyScene <- LoginScreen
00:55:45.785 [JavaFX Application Thread] DEBUG Input                - Clearing active input actions
00:55:45.802 [JavaFX Application Thread] DEBUG GameApplicationServi - Removing overlay from FXGLMainMenuDummyScene and adding to FXGLLoadingScene
00:55:45.803 [JavaFX Application Thread] DEBUG PrimaryStageWindow   - FXGLMainMenuDummyScene -> FXGLLoadingScene
00:55:45.803 [JavaFX Application Thread] DEBUG GameApplicationServi - Clearing previous game
00:55:45.803 [JavaFX Application Thread] DEBUG GameScene            - Clearing game scene
00:55:45.803 [JavaFX Application Thread] DEBUG GameWorld            - Clearing game world
00:55:45.805 [JavaFX Application Thread] DEBUG PhysicsWorld         - Clearing physics world
00:55:45.809 [FXGL Background Thread 2 ] DEBUG FXGLApplication      - Initializing game
00:55:45.865 [FXGL Background Thread 2 ] DEBUG FXGLAssetLoaderServi - Loading from file system: file:/Users/archiecabiso/Documents/2nd%20Year%20-%20CS/2nd%20Sem/CSIT228/OOP2-Capstone/target/classes/assets/textures/background-and-platforms/bg-midnightpurple_1280_720.png
00:55:45.984 [FXGL Background Thread 2 ] DEBUG FXGLAssetLoaderServi - Loading from file system: file:/Users/archiecabiso/Documents/2nd%20Year%20-%20CS/2nd%20Sem/CSIT228/OOP2-Capstone/target/classes/assets/textures/background-and-platforms/hdlargerplatform-purple.png
00:55:46.182 [FXGL Background Thread 2 ] DEBUG FXGLAssetLoaderServi - Loading from file system: file:/Users/archiecabiso/Documents/2nd%20Year%20-%20CS/2nd%20Sem/CSIT228/OOP2-Capstone/target/classes/assets/textures/wizard/wizard.png
00:55:46.328 [FXGL Background Thread 2 ] DEBUG FXGLAssetLoaderServi - Loading from file system: file:/Users/archiecabiso/Documents/2nd%20Year%20-%20CS/2nd%20Sem/CSIT228/OOP2-Capstone/target/classes/assets/textures/mobs/gargoyle/gargoyle.png
00:55:46.378 [FXGL Background Thread 2 ] DEBUG FXGLAssetLoaderServi - Loading from file system: file:/Users/archiecabiso/Documents/2nd%20Year%20-%20CS/2nd%20Sem/CSIT228/OOP2-Capstone/target/classes/assets/textures/mobs/grimouge/grimouge.png
00:55:46.536 [FXGL Background Thread 2 ] DEBUG FXGLAssetLoaderServi - Loading from file system: file:/Users/archiecabiso/Documents/2nd%20Year%20-%20CS/2nd%20Sem/CSIT228/OOP2-Capstone/target/classes/assets/textures/mobs/vyleye/vyleye.png
00:55:46.752 [FXGL Background Thread 2 ] INFO  FXGLApplication      - Game initialization took: 0.942 sec
00:55:46.757 [JavaFX Application Thread] DEBUG Input                - Clearing active input actions
00:55:46.768 [JavaFX Application Thread] DEBUG GameApplicationServi - Removing overlay from FXGLLoadingScene and adding to GameScene
00:55:46.768 [JavaFX Application Thread] DEBUG PrimaryStageWindow   - FXGLLoadingScene -> GameScene
00:55:47.779 [JavaFX Application Thread] DEBUG AudioPlayer          - Stopping music com.almasb.fxgl.audio.Music@3c07b055
00:55:58.066 [JavaFX Application Thread] DEBUG FXGLApplication      - Exiting FXGL
00:55:58.067 [JavaFX Application Thread] DEBUG LoopRunner           - Stopping loop
00:55:58.067 [JavaFX Application Thread] DEBUG SystemBundleService  - Saving FXGL system data
00:55:58.075 [JavaFX Application Thread] DEBUG FileSystemAccess     - Writing to: /Users/archiecabiso/Documents/2nd Year - CS/2nd Sem/CSIT228/OOP2-Capstone/system/fxgl.bundle
00:55:58.082 [JavaFX Application Thread] DEBUG Async                - Shutting down background threads
00:55:58.082 [JavaFX Application Thread] DEBUG PrimaryStageWindow   - Closing main window
00:55:58.938 [JavaFX Application Thread] DEBUG Logger               - Closing Logger
