13:10:05.673 [main                     ] DEBUG Logger               - Configured Logger
13:10:05.715 [main                     ] DEBUG GameApplication      - Logging settings
Title: Typing Master
Version: 0.0
Width: 800
Height: 600
Fullscreen: false
Intro: false
Profiling: false
Single step:false
App Mode: DEVELOPER
Menu Key: ESCAPE
Stage Style: DECORATED
Scene Factory: class com.almasb.fxgl.app.scene.SceneFactory

13:10:06.334 [JavaFX Application Thread] DEBUG FXGLApplication      - Initializing FXGL
13:10:06.342 [JavaFX Application Thread] INFO  Engine               - FXGL-17.2 (20.08.2022 16.50) on WINDOWS (J:23.0.1 FX:19)
13:10:06.342 [JavaFX Application Thread] DEBUG Engine               - JRE Vendor Name: Oracle Corporation
13:10:06.342 [JavaFX Application Thread] DEBUG Engine               - Running on OS: Windows 11 version 10.0
13:10:06.342 [JavaFX Application Thread] DEBUG Engine               - Architecture: amd64
13:10:06.342 [JavaFX Application Thread] INFO  Engine               - Source code and latest versions at: https://github.com/AlmasB/FXGL
13:10:06.343 [JavaFX Application Thread] INFO  Engine               -       Ask questions and discuss at: https://github.com/AlmasB/FXGL/discussions
13:10:06.343 [JavaFX Application Thread] INFO  Engine               -              Join the FXGL chat at: https://gitter.im/AlmasB/FXGL
13:10:06.516 [JavaFX Application Thread] DEBUG PrimaryStageWindow   - Creating a JavaFX scene
13:10:06.594 [JavaFX Application Thread] DEBUG PrimaryStageWindow   - Target settings size: 800.0 x 600.0
13:10:06.594 [JavaFX Application Thread] DEBUG PrimaryStageWindow   - Scaled scene size:    800.0 x 600.0
13:10:06.595 [JavaFX Application Thread] DEBUG PrimaryStageWindow   - Scaled ratio: (1.0, 1.0)
13:10:06.596 [JavaFX Application Thread] DEBUG PrimaryStageWindow   - Set initial scene to FXGLStartupScene
13:10:06.600 [JavaFX Application Thread] DEBUG PrimaryStageWindow   - Opening main window
13:10:06.725 [JavaFX Application Thread] DEBUG PrimaryStageWindow   - Window border size: (14.4000244140625, 37.5999755859375)
13:10:06.726 [JavaFX Application Thread] DEBUG PrimaryStageWindow   - Scaled size: 800.0 x 600.0
13:10:06.726 [JavaFX Application Thread] DEBUG PrimaryStageWindow   - Scaled ratio: (1.0, 1.0)
13:10:06.726 [JavaFX Application Thread] DEBUG PrimaryStageWindow   - Scene size: 800.0 x 600.0
13:10:06.726 [JavaFX Application Thread] DEBUG PrimaryStageWindow   - Stage size: 814.4000244140625 x 637.5999755859375
13:10:06.739 [FXGL Background Thread 1 ] DEBUG Engine               - Initializing environment variables
13:10:06.847 [FXGL Background Thread 1 ] DEBUG FXGLAssetLoaderServi - User app class for loading assets: class com.oop2.typewiz.Gameplay
13:10:06.847 [FXGL Background Thread 1 ] DEBUG GameApplicationServi - Applying CSS: fxgl_dark.css
13:10:06.848 [FXGL Background Thread 1 ] DEBUG FXGLAssetLoaderServi - Loading from file system: jar:file:/C:/Users/Ruhmer%20Jairus/.m2/repository/com/github/almasb/fxgl/17.2/fxgl-17.2.jar!/fxglassets/ui/css/fxgl_dark.css
13:10:06.908 [FXGL Background Thread 1 ] DEBUG GameApplicationServi - Initializing application scenes
13:10:07.031 [FXGL Background Thread 1 ] DEBUG GameWorld            - Game world initialized
13:10:07.157 [FXGL Background Thread 1 ] DEBUG PhysicsWorld         - Physics world initialized: appHeight=600, physics.ppm=50.0
13:10:07.158 [FXGL Background Thread 1 ] DEBUG PhysicsWorld         - Using strategy: BRUTE_FORCE
13:10:07.166 [FXGL Background Thread 1 ] DEBUG GameScene            - Game scene initialized: 800x600
13:10:07.182 [FXGL Background Thread 1 ] DEBUG FXGL.DefaultMenu     - createMenuBodyGameMenu()
13:10:07.206 [FXGL Background Thread 1 ] DEBUG FXGL.DefaultMenu     - createOptionsMenu()
13:10:07.219 [FXGL Background Thread 1 ] DEBUG FXGLAssetLoaderServi - Loading from file system: jar:file:/C:/Users/Ruhmer%20Jairus/.m2/repository/com/github/almasb/fxgl/17.2/fxgl-17.2.jar!/fxglassets/textures/particles/smoke.png
13:10:07.438 [FXGL Background Thread 1 ] DEBUG FXGLAssetLoaderServi - Loading from file system: jar:file:/C:/Users/Ruhmer%20Jairus/.m2/repository/com/github/almasb/fxgl/17.2/fxgl-17.2.jar!/fxglassets/textures/particles/trace_horizontal.png
13:10:07.515 [FXGL Background Thread 1 ] DEBUG GameApplicationServi - Application scenes initialized
13:10:07.537 [FXGL Background Thread 1 ] DEBUG SystemBundleService  - Loading FXGL system data
13:10:07.541 [FXGL Background Thread 1 ] DEBUG FileSystemAccess     - Reading from: C:\Users\Ruhmer Jairus\IdeaProjects\OOP2-Capstone\system\fxgl.bundle
13:10:07.553 [FXGL Background Thread 1 ] DEBUG SystemBundleService  - Bundle FXGL: {}
13:10:07.553 [FXGL Background Thread 1 ] DEBUG UpdaterService       - Checking for updates
13:10:07.559 [FXGL Background Thread 4 ] DEBUG FXGLApplication      - Loading fonts
13:10:07.560 [FXGL Background Thread 4 ] DEBUG FXGLAssetLoaderServi - Loading from file system: jar:file:/C:/Users/Ruhmer%20Jairus/.m2/repository/com/github/almasb/fxgl/17.2/fxgl-17.2.jar!/fxglassets/ui/fonts/VarelaRound-Regular.ttf
13:10:07.560 [FXGL Background Thread 1 ] DEBUG FXGLApplication      - Loading default localization
13:10:07.561 [FXGL Background Thread 1 ] DEBUG FXGLAssetLoaderServi - Loading from file system: jar:file:/C:/Users/Ruhmer%20Jairus/.m2/repository/com/github/almasb/fxgl/17.2/fxgl-17.2.jar!/fxglassets/languages/english.lang
13:10:07.682 [FXGL Background Thread 4 ] DEBUG FXGLAssetLoaderServi - Loading from file system: jar:file:/C:/Users/Ruhmer%20Jairus/.m2/repository/com/github/almasb/fxgl/17.2/fxgl-17.2.jar!/fxglassets/ui/fonts/Abel-Regular.ttf
13:10:07.687 [FXGL Background Thread 1 ] INFO  FXGLApplication      - FXGL initialization took: 0.948 sec
13:10:07.689 [JavaFX Application Thread] DEBUG FXGLAssetLoaderServi - Loading from file system: jar:file:/C:/Users/Ruhmer%20Jairus/.m2/repository/com/github/almasb/fxgl/17.2/fxgl-17.2.jar!/fxglassets/textures/fxgl_icon.png
13:10:07.701 [FXGL Background Thread 4 ] DEBUG FXGLAssetLoaderServi - Loading from file system: jar:file:/C:/Users/Ruhmer%20Jairus/.m2/repository/com/github/almasb/fxgl/17.2/fxgl-17.2.jar!/fxglassets/ui/fonts/TerminalLandMono-Regular.otf
13:10:07.718 [FXGL Background Thread 4 ] DEBUG FXGLAssetLoaderServi - Loading from file system: jar:file:/C:/Users/Ruhmer%20Jairus/.m2/repository/com/github/almasb/fxgl/17.2/fxgl-17.2.jar!/fxglassets/ui/fonts/Courier-Prime.ttf
13:10:07.742 [JavaFX Application Thread] DEBUG FXGLAssetLoaderServi - Loading from file system: jar:file:/C:/Users/Ruhmer%20Jairus/.m2/repository/com/github/almasb/fxgl/17.2/fxgl-17.2.jar!/fxglassets/textures/fxgl_default_cursor.png
13:10:07.777 [JavaFX Application Thread] DEBUG Input                - Registered new binding: Screenshot - CTRL+8
13:10:07.779 [JavaFX Application Thread] DEBUG Input                - Registered new binding: System info dump - CTRL+9
13:10:07.780 [JavaFX Application Thread] DEBUG Input                - Registered new binding: Restart - CTRL+R
13:10:07.782 [JavaFX Application Thread] DEBUG Input                - Registered new binding: Toggle Debug Camera - CTRL+7
13:10:07.789 [JavaFX Application Thread] DEBUG LoopRunner           - Starting loop
13:10:07.789 [JavaFX Application Thread] DEBUG LoopRunner           - Initializing JavaFX AnimationTimerLoop
13:10:07.792 [JavaFX Application Thread] DEBUG GameApplicationServi - Starting new game
13:10:07.793 [JavaFX Application Thread] DEBUG Input                - Clearing active input actions
13:10:07.816 [JavaFX Application Thread] DEBUG GameApplicationServi - Removing overlay from FXGLStartupScene and adding to FXGLLoadingScene
13:10:07.816 [JavaFX Application Thread] DEBUG PrimaryStageWindow   - FXGLStartupScene -> FXGLLoadingScene
13:10:07.817 [JavaFX Application Thread] DEBUG GameApplicationServi - Clearing previous game
13:10:07.817 [JavaFX Application Thread] DEBUG GameScene            - Clearing game scene
13:10:07.817 [JavaFX Application Thread] DEBUG GameWorld            - Clearing game world
13:10:07.817 [JavaFX Application Thread] DEBUG PhysicsWorld         - Clearing physics world
13:10:07.821 [JavaFX Application Thread] DEBUG FXGLApplication      - Registering font factories with UI factory
13:10:07.821 [FXGL Background Thread 4 ] DEBUG FXGLApplication      - Initializing game
13:10:07.873 [FXGL Background Thread 4 ] INFO  FXGLApplication      - Game initialization took: 0.052 sec
13:10:07.927 [JavaFX Application Thread] DEBUG Input                - Clearing active input actions
13:10:07.935 [JavaFX Application Thread] DEBUG GameApplicationServi - Removing overlay from FXGLLoadingScene and adding to GameScene
13:10:07.936 [JavaFX Application Thread] DEBUG PrimaryStageWindow   - FXGLLoadingScene -> GameScene
13:10:08.800 [FXGL Background Thread 2 ] INFO  UpdaterService       - Your current version:  17.2
13:10:08.800 [FXGL Background Thread 2 ] INFO  UpdaterService       - Latest stable version: 21.1
13:10:10.558 [FXGL Background Thread 3 ] DEBUG Engine               - Logging environment variables
13:10:10.558 [FXGL Background Thread 3 ] DEBUG Engine               - achievements: []
13:10:10.558 [FXGL Background Thread 3 ] DEBUG Engine               - actualHeight: 600.0
13:10:10.559 [FXGL Background Thread 3 ] DEBUG Engine               - actualHeightProperty: ReadOnlyDoubleProperty [value: 600.0]
13:10:10.559 [FXGL Background Thread 3 ] DEBUG Engine               - actualWidth: 800.0
13:10:10.559 [FXGL Background Thread 3 ] DEBUG Engine               - actualWidthProperty: ReadOnlyDoubleProperty [value: 800.0]
13:10:10.559 [FXGL Background Thread 3 ] DEBUG Engine               - appIcon: fxgl_icon.png
13:10:10.559 [FXGL Background Thread 3 ] DEBUG Engine               - applicationMode: DEVELOPER
13:10:10.559 [FXGL Background Thread 3 ] DEBUG Engine               - cSSList: [fxgl_dark.css]
13:10:10.559 [FXGL Background Thread 3 ] DEBUG Engine               - collisionDetectionStrategy: BRUTE_FORCE
13:10:10.559 [FXGL Background Thread 3 ] DEBUG Engine               - configClass: Optional.empty
13:10:10.559 [FXGL Background Thread 3 ] DEBUG Engine               - credits: []
13:10:10.560 [FXGL Background Thread 3 ] DEBUG Engine               - defaultCursor: CursorInfo(imageName=fxgl_default_cursor.png, hotspotX=7.0, hotspotY=6.0)
13:10:10.560 [FXGL Background Thread 3 ] DEBUG Engine               - devBBoxColorProperty: ObjectProperty [value: 0xff0000ff]
13:10:10.560 [FXGL Background Thread 3 ] DEBUG Engine               - devEnableDebugCameraProperty: BooleanProperty [value: false]
13:10:10.561 [FXGL Background Thread 3 ] DEBUG Engine               - devSensorColorProperty: ObjectProperty [value: 0xffff00ff]
13:10:10.561 [FXGL Background Thread 3 ] DEBUG Engine               - devShowBBoxProperty: BooleanProperty [value: false]
13:10:10.561 [FXGL Background Thread 3 ] DEBUG Engine               - devShowPositionProperty: BooleanProperty [value: false]
13:10:10.561 [FXGL Background Thread 3 ] DEBUG Engine               - enabledMenuItems: []
13:10:10.561 [FXGL Background Thread 3 ] DEBUG Engine               - engineServices: [class com.almasb.fxgl.app.services.FXGLAssetLoaderService, class com.almasb.fxgl.app.FXGLApplication$GameApplicationService, class com.almasb.fxgl.app.services.FXGLDialogService, class com.almasb.fxgl.app.services.IOTaskExecutorService, class com.almasb.fxgl.io.FileSystemService, class com.almasb.fxgl.localization.LocalizationService, class com.almasb.fxgl.app.services.SystemBundleService, class com.almasb.fxgl.profile.SaveLoadService, class com.almasb.fxgl.ui.FXGLUIFactoryServiceProvider, class com.almasb.fxgl.ui.FXGLDialogFactoryServiceProvider, class com.almasb.fxgl.audio.AudioPlayer, class com.almasb.fxgl.notification.impl.NotificationServiceProvider, class com.almasb.fxgl.achievement.AchievementService, class com.almasb.fxgl.cutscene.CutsceneService, class com.almasb.fxgl.minigames.MiniGameService, class com.almasb.fxgl.net.NetService, class com.almasb.fxgl.app.services.UpdaterService, class com.almasb.fxgl.dev.DevService]
13:10:10.561 [FXGL Background Thread 3 ] DEBUG Engine               - fontGame: Abel-Regular.ttf
13:10:10.561 [FXGL Background Thread 3 ] DEBUG Engine               - fontMono: TerminalLandMono-Regular.otf
13:10:10.561 [FXGL Background Thread 3 ] DEBUG Engine               - fontText: Courier-Prime.ttf
13:10:10.561 [FXGL Background Thread 3 ] DEBUG Engine               - fontUI: VarelaRound-Regular.ttf
13:10:10.561 [FXGL Background Thread 3 ] DEBUG Engine               - fullScreen: BooleanProperty [value: false]
13:10:10.561 [FXGL Background Thread 3 ] DEBUG Engine               - gameDifficulty: MEDIUM
13:10:10.561 [FXGL Background Thread 3 ] DEBUG Engine               - gameDifficultyProperty: ObjectProperty [value: MEDIUM]
13:10:10.562 [FXGL Background Thread 3 ] DEBUG Engine               - globalMusicVolume: 0.5
13:10:10.562 [FXGL Background Thread 3 ] DEBUG Engine               - globalMusicVolumeProperty: DoubleProperty [value: 0.5]
13:10:10.562 [FXGL Background Thread 3 ] DEBUG Engine               - globalSoundVolume: 0.5
13:10:10.562 [FXGL Background Thread 3 ] DEBUG Engine               - globalSoundVolumeProperty: DoubleProperty [value: 0.5]
13:10:10.562 [FXGL Background Thread 3 ] DEBUG Engine               - height: 600
13:10:10.562 [FXGL Background Thread 3 ] DEBUG Engine               - is3D: false
13:10:10.562 [FXGL Background Thread 3 ] DEBUG Engine               - isAndroid: false
13:10:10.562 [FXGL Background Thread 3 ] DEBUG Engine               - isBrowser: false
13:10:10.562 [FXGL Background Thread 3 ] DEBUG Engine               - isClickFeedbackEnabled: false
13:10:10.562 [FXGL Background Thread 3 ] DEBUG Engine               - isCloseConfirmation: false
13:10:10.562 [FXGL Background Thread 3 ] DEBUG Engine               - isDesktop: true
13:10:10.563 [FXGL Background Thread 3 ] DEBUG Engine               - isDeveloperMenuEnabled: false
13:10:10.563 [FXGL Background Thread 3 ] DEBUG Engine               - isEmbedded: false
13:10:10.563 [FXGL Background Thread 3 ] DEBUG Engine               - isEntityPreloadEnabled: true
13:10:10.563 [FXGL Background Thread 3 ] DEBUG Engine               - isExperimentalTiledLargeMap: false
13:10:10.563 [FXGL Background Thread 3 ] DEBUG Engine               - isFileSystemWriteAllowed: true
13:10:10.563 [FXGL Background Thread 3 ] DEBUG Engine               - isFullScreenAllowed: false
13:10:10.563 [FXGL Background Thread 3 ] DEBUG Engine               - isFullScreenFromStart: false
13:10:10.563 [FXGL Background Thread 3 ] DEBUG Engine               - isGameMenuEnabled: true
13:10:10.563 [FXGL Background Thread 3 ] DEBUG Engine               - isIOS: false
13:10:10.563 [FXGL Background Thread 3 ] DEBUG Engine               - isIntroEnabled: false
13:10:10.563 [FXGL Background Thread 3 ] DEBUG Engine               - isLinux: false
13:10:10.563 [FXGL Background Thread 3 ] DEBUG Engine               - isMac: false
13:10:10.564 [FXGL Background Thread 3 ] DEBUG Engine               - isMainMenuEnabled: false
13:10:10.564 [FXGL Background Thread 3 ] DEBUG Engine               - isManualResizeEnabled: false
13:10:10.564 [FXGL Background Thread 3 ] DEBUG Engine               - isMobile: false
13:10:10.564 [FXGL Background Thread 3 ] DEBUG Engine               - isNative: false
13:10:10.564 [FXGL Background Thread 3 ] DEBUG Engine               - isPauseMusicWhenMinimized: true
13:10:10.564 [FXGL Background Thread 3 ] DEBUG Engine               - isPreserveResizeRatio: false
13:10:10.564 [FXGL Background Thread 3 ] DEBUG Engine               - isProfilingEnabled: false
13:10:10.564 [FXGL Background Thread 3 ] DEBUG Engine               - isScaleAffectedOnResize: true
13:10:10.564 [FXGL Background Thread 3 ] DEBUG Engine               - isSingleStep: false
13:10:10.564 [FXGL Background Thread 3 ] DEBUG Engine               - isUserProfileEnabled: false
13:10:10.564 [FXGL Background Thread 3 ] DEBUG Engine               - isWindows: true
13:10:10.564 [FXGL Background Thread 3 ] DEBUG Engine               - language: ObjectProperty [value: ENGLISH]
13:10:10.564 [FXGL Background Thread 3 ] DEBUG Engine               - menuKey: ESCAPE
13:10:10.564 [FXGL Background Thread 3 ] DEBUG Engine               - mouseSensitivity: 0.2
13:10:10.564 [FXGL Background Thread 3 ] DEBUG Engine               - notificationViewClass: class com.almasb.fxgl.notification.view.XboxNotificationView
13:10:10.564 [FXGL Background Thread 3 ] DEBUG Engine               - pixelsPerMeter: 50.0
13:10:10.565 [FXGL Background Thread 3 ] DEBUG Engine               - platform: WINDOWS
13:10:10.565 [FXGL Background Thread 3 ] DEBUG Engine               - prefHeightProperty: ReadOnlyDoubleProperty [value: 600.0]
13:10:10.565 [FXGL Background Thread 3 ] DEBUG Engine               - prefWidthProperty: ReadOnlyDoubleProperty [value: 800.0]
13:10:10.565 [FXGL Background Thread 3 ] DEBUG Engine               - profileDir: profiles/
13:10:10.565 [FXGL Background Thread 3 ] DEBUG Engine               - profileName: StringProperty [value: DEFAULT]
13:10:10.565 [FXGL Background Thread 3 ] DEBUG Engine               - randomSeed: -1
13:10:10.565 [FXGL Background Thread 3 ] DEBUG Engine               - runtimeInfo: RuntimeInfo(platform=WINDOWS, version=17.2, build=20.08.2022 16.50)
13:10:10.565 [FXGL Background Thread 3 ] DEBUG Engine               - saveFileExt: sav
13:10:10.565 [FXGL Background Thread 3 ] DEBUG Engine               - scaledHeightProp$fxgl: DoubleProperty [bound, value: 600.0]
13:10:10.565 [FXGL Background Thread 3 ] DEBUG Engine               - scaledWidthProp$fxgl: DoubleProperty [bound, value: 800.0]
13:10:10.565 [FXGL Background Thread 3 ] DEBUG Engine               - sceneFactory: com.almasb.fxgl.app.scene.SceneFactory@480785d6
13:10:10.565 [FXGL Background Thread 3 ] DEBUG Engine               - secondsIn24h: 60
13:10:10.565 [FXGL Background Thread 3 ] DEBUG Engine               - soundMenuBack: menu/back.wav
13:10:10.565 [FXGL Background Thread 3 ] DEBUG Engine               - soundMenuPress: menu/press.wav
13:10:10.566 [FXGL Background Thread 3 ] DEBUG Engine               - soundMenuSelect: menu/select.wav
13:10:10.566 [FXGL Background Thread 3 ] DEBUG Engine               - soundNotification: core/notification.wav
13:10:10.566 [FXGL Background Thread 3 ] DEBUG Engine               - stageStyle: DECORATED
13:10:10.566 [FXGL Background Thread 3 ] DEBUG Engine               - supportedLanguages: [ENGLISH, FRENCH, GERMAN, HUNGARIAN, RUSSIAN]
13:10:10.566 [FXGL Background Thread 3 ] DEBUG Engine               - ticksPerSecond: -1
13:10:10.566 [FXGL Background Thread 3 ] DEBUG Engine               - title: Typing Master
13:10:10.566 [FXGL Background Thread 3 ] DEBUG Engine               - urlGithub: https://github.com/AlmasB/FXGL
13:10:10.566 [FXGL Background Thread 3 ] DEBUG Engine               - urlLeaderboard: http://fxgl-top.herokuapp.com/
13:10:10.566 [FXGL Background Thread 3 ] DEBUG Engine               - urlPOM: https://raw.githubusercontent.com/AlmasB/FXGL/release/README.md
13:10:10.566 [FXGL Background Thread 3 ] DEBUG Engine               - userAppClass: class com.oop2.typewiz.Gameplay
13:10:10.566 [FXGL Background Thread 3 ] DEBUG Engine               - version: 0.0
13:10:10.566 [FXGL Background Thread 3 ] DEBUG Engine               - versionCheckDays: 7
13:10:10.566 [FXGL Background Thread 3 ] DEBUG Engine               - width: 800
13:10:10.566 [FXGL Background Thread 3 ] DEBUG Engine               - Logging services
13:10:10.566 [FXGL Background Thread 3 ] DEBUG Engine               - class com.almasb.fxgl.app.services.FXGLAssetLoaderService
13:10:10.566 [FXGL Background Thread 3 ] DEBUG Engine               - class com.almasb.fxgl.app.FXGLApplication$GameApplicationService
13:10:10.566 [FXGL Background Thread 3 ] DEBUG Engine               - class com.almasb.fxgl.app.services.FXGLDialogService
13:10:10.566 [FXGL Background Thread 3 ] DEBUG Engine               - class com.almasb.fxgl.app.services.IOTaskExecutorService
13:10:10.566 [FXGL Background Thread 3 ] DEBUG Engine               - class com.almasb.fxgl.io.FileSystemService
13:10:10.566 [FXGL Background Thread 3 ] DEBUG Engine               - class com.almasb.fxgl.localization.LocalizationService
13:10:10.566 [FXGL Background Thread 3 ] DEBUG Engine               - class com.almasb.fxgl.app.services.SystemBundleService
13:10:10.566 [FXGL Background Thread 3 ] DEBUG Engine               - class com.almasb.fxgl.profile.SaveLoadService
13:10:10.566 [FXGL Background Thread 3 ] DEBUG Engine               - class com.almasb.fxgl.ui.FXGLUIFactoryServiceProvider
13:10:10.566 [FXGL Background Thread 3 ] DEBUG Engine               - class com.almasb.fxgl.ui.FXGLDialogFactoryServiceProvider
13:10:10.566 [FXGL Background Thread 3 ] DEBUG Engine               - class com.almasb.fxgl.audio.AudioPlayer
13:10:10.566 [FXGL Background Thread 3 ] DEBUG Engine               - class com.almasb.fxgl.notification.impl.NotificationServiceProvider
13:10:10.566 [FXGL Background Thread 3 ] DEBUG Engine               - class com.almasb.fxgl.achievement.AchievementService
13:10:10.566 [FXGL Background Thread 3 ] DEBUG Engine               - class com.almasb.fxgl.cutscene.CutsceneService
13:10:10.566 [FXGL Background Thread 3 ] DEBUG Engine               - class com.almasb.fxgl.minigames.MiniGameService
13:10:10.567 [FXGL Background Thread 3 ] DEBUG Engine               - class com.almasb.fxgl.net.NetService
13:10:10.567 [FXGL Background Thread 3 ] DEBUG Engine               - class com.almasb.fxgl.app.services.UpdaterService
13:10:10.567 [FXGL Background Thread 3 ] DEBUG Engine               - class com.almasb.fxgl.dev.DevService
13:10:20.082 [JavaFX Application Thread] DEBUG PrimaryStageWindow   - Push state: DialogSubScene
13:10:20.082 [JavaFX Application Thread] DEBUG Input                - Clearing active input actions
13:10:20.085 [JavaFX Application Thread] DEBUG GameApplicationServi - Removing overlay from GameScene and adding to DialogSubScene
13:10:20.085 [JavaFX Application Thread] DEBUG PrimaryStageWindow   - GameScene -> DialogSubScene
13:10:21.536 [JavaFX Application Thread] DEBUG PrimaryStageWindow   - Pop state: DialogSubScene
13:10:21.536 [JavaFX Application Thread] DEBUG Input                - Clearing active input actions
13:10:21.536 [JavaFX Application Thread] DEBUG GameApplicationServi - Removing overlay from DialogSubScene and adding to GameScene
13:10:21.537 [JavaFX Application Thread] DEBUG PrimaryStageWindow   - GameScene <- DialogSubScene
13:10:21.537 [JavaFX Application Thread] DEBUG GameApplicationServi - Starting new game
13:10:21.537 [JavaFX Application Thread] DEBUG Input                - Clearing active input actions
13:10:21.542 [JavaFX Application Thread] DEBUG GameApplicationServi - Removing overlay from GameScene and adding to FXGLLoadingScene
13:10:21.542 [JavaFX Application Thread] DEBUG PrimaryStageWindow   - GameScene -> FXGLLoadingScene
13:10:21.542 [JavaFX Application Thread] DEBUG GameApplicationServi - Clearing previous game
13:10:21.542 [JavaFX Application Thread] DEBUG GameScene            - Clearing game scene
13:10:21.542 [JavaFX Application Thread] DEBUG GameWorld            - Clearing game world
13:10:21.542 [JavaFX Application Thread] DEBUG PhysicsWorld         - Clearing physics world
13:10:21.543 [FXGL Background Thread 2 ] DEBUG FXGLApplication      - Initializing game
13:10:21.545 [FXGL Background Thread 2 ] INFO  FXGLApplication      - Game initialization took: 0.002 sec
13:10:21.551 [JavaFX Application Thread] DEBUG Input                - Clearing active input actions
13:10:21.555 [JavaFX Application Thread] DEBUG GameApplicationServi - Removing overlay from FXGLLoadingScene and adding to GameScene
13:10:21.555 [JavaFX Application Thread] DEBUG PrimaryStageWindow   - FXGLLoadingScene -> GameScene
13:11:52.605 [JavaFX Application Thread] DEBUG PrimaryStageWindow   - Push state: DialogSubScene
13:11:52.605 [JavaFX Application Thread] DEBUG Input                - Clearing active input actions
13:11:52.606 [JavaFX Application Thread] DEBUG GameApplicationServi - Removing overlay from GameScene and adding to DialogSubScene
13:11:52.606 [JavaFX Application Thread] DEBUG PrimaryStageWindow   - GameScene -> DialogSubScene
13:11:56.798 [JavaFX Application Thread] DEBUG PrimaryStageWindow   - Pop state: DialogSubScene
13:11:56.798 [JavaFX Application Thread] DEBUG Input                - Clearing active input actions
13:11:56.799 [JavaFX Application Thread] DEBUG GameApplicationServi - Removing overlay from DialogSubScene and adding to GameScene
13:11:56.799 [JavaFX Application Thread] DEBUG PrimaryStageWindow   - GameScene <- DialogSubScene
13:11:56.799 [JavaFX Application Thread] DEBUG GameApplicationServi - Starting new game
13:11:56.799 [JavaFX Application Thread] DEBUG Input                - Clearing active input actions
13:11:56.802 [JavaFX Application Thread] DEBUG GameApplicationServi - Removing overlay from GameScene and adding to FXGLLoadingScene
13:11:56.803 [JavaFX Application Thread] DEBUG PrimaryStageWindow   - GameScene -> FXGLLoadingScene
13:11:56.803 [JavaFX Application Thread] DEBUG GameApplicationServi - Clearing previous game
13:11:56.803 [JavaFX Application Thread] DEBUG GameScene            - Clearing game scene
13:11:56.803 [JavaFX Application Thread] DEBUG GameWorld            - Clearing game world
13:11:56.803 [JavaFX Application Thread] DEBUG PhysicsWorld         - Clearing physics world
13:11:56.804 [FXGL Background Thread 5 ] DEBUG FXGLApplication      - Initializing game
13:11:56.805 [FXGL Background Thread 5 ] INFO  FXGLApplication      - Game initialization took: 0.001 sec
13:11:56.805 [JavaFX Application Thread] DEBUG Input                - Clearing active input actions
13:11:56.807 [JavaFX Application Thread] DEBUG GameApplicationServi - Removing overlay from FXGLLoadingScene and adding to GameScene
13:11:56.807 [JavaFX Application Thread] DEBUG PrimaryStageWindow   - FXGLLoadingScene -> GameScene
13:14:18.231 [JavaFX Application Thread] DEBUG PrimaryStageWindow   - Push state: DialogSubScene
13:14:18.231 [JavaFX Application Thread] DEBUG Input                - Clearing active input actions
13:14:18.231 [JavaFX Application Thread] DEBUG GameApplicationServi - Removing overlay from GameScene and adding to DialogSubScene
13:14:18.231 [JavaFX Application Thread] DEBUG PrimaryStageWindow   - GameScene -> DialogSubScene
13:16:22.753 [JavaFX Application Thread] DEBUG PrimaryStageWindow   - Pop state: DialogSubScene
13:16:22.753 [JavaFX Application Thread] DEBUG Input                - Clearing active input actions
13:16:22.754 [JavaFX Application Thread] DEBUG GameApplicationServi - Removing overlay from DialogSubScene and adding to GameScene
13:16:22.754 [JavaFX Application Thread] DEBUG PrimaryStageWindow   - GameScene <- DialogSubScene
13:16:22.754 [JavaFX Application Thread] DEBUG GameApplicationServi - Starting new game
13:16:22.754 [JavaFX Application Thread] DEBUG Input                - Clearing active input actions
13:16:22.757 [JavaFX Application Thread] DEBUG GameApplicationServi - Removing overlay from GameScene and adding to FXGLLoadingScene
13:16:22.757 [JavaFX Application Thread] DEBUG PrimaryStageWindow   - GameScene -> FXGLLoadingScene
13:16:22.757 [JavaFX Application Thread] DEBUG GameApplicationServi - Clearing previous game
13:16:22.757 [JavaFX Application Thread] DEBUG GameScene            - Clearing game scene
13:16:22.757 [JavaFX Application Thread] DEBUG GameWorld            - Clearing game world
13:16:22.758 [JavaFX Application Thread] DEBUG PhysicsWorld         - Clearing physics world
13:16:22.759 [FXGL Background Thread 6 ] DEBUG FXGLApplication      - Initializing game
13:16:22.759 [FXGL Background Thread 6 ] INFO  FXGLApplication      - Game initialization took: 0.001 sec
13:16:22.762 [JavaFX Application Thread] DEBUG Input                - Clearing active input actions
13:16:22.764 [JavaFX Application Thread] DEBUG GameApplicationServi - Removing overlay from FXGLLoadingScene and adding to GameScene
13:16:22.764 [JavaFX Application Thread] DEBUG PrimaryStageWindow   - FXGLLoadingScene -> GameScene
13:17:23.594 [JavaFX Application Thread] DEBUG PrimaryStageWindow   - Push state: DialogSubScene
13:17:23.594 [JavaFX Application Thread] DEBUG Input                - Clearing active input actions
13:17:23.594 [JavaFX Application Thread] DEBUG GameApplicationServi - Removing overlay from GameScene and adding to DialogSubScene
13:17:23.594 [JavaFX Application Thread] DEBUG PrimaryStageWindow   - GameScene -> DialogSubScene
13:17:27.928 [JavaFX Application Thread] DEBUG PrimaryStageWindow   - Pop state: DialogSubScene
13:17:27.928 [JavaFX Application Thread] DEBUG Input                - Clearing active input actions
13:17:27.928 [JavaFX Application Thread] DEBUG GameApplicationServi - Removing overlay from DialogSubScene and adding to GameScene
13:17:27.928 [JavaFX Application Thread] DEBUG PrimaryStageWindow   - GameScene <- DialogSubScene
13:17:27.928 [JavaFX Application Thread] DEBUG GameApplicationServi - Starting new game
13:17:27.928 [JavaFX Application Thread] DEBUG Input                - Clearing active input actions
13:17:27.931 [JavaFX Application Thread] DEBUG GameApplicationServi - Removing overlay from GameScene and adding to FXGLLoadingScene
13:17:27.931 [JavaFX Application Thread] DEBUG PrimaryStageWindow   - GameScene -> FXGLLoadingScene
13:17:27.931 [JavaFX Application Thread] DEBUG GameApplicationServi - Clearing previous game
13:17:27.931 [JavaFX Application Thread] DEBUG GameScene            - Clearing game scene
13:17:27.931 [JavaFX Application Thread] DEBUG GameWorld            - Clearing game world
13:17:27.931 [JavaFX Application Thread] DEBUG PhysicsWorld         - Clearing physics world
13:17:27.932 [FXGL Background Thread 7 ] DEBUG FXGLApplication      - Initializing game
13:17:27.932 [FXGL Background Thread 7 ] INFO  FXGLApplication      - Game initialization took: 0.001 sec
13:17:27.933 [JavaFX Application Thread] DEBUG Input                - Clearing active input actions
13:17:27.935 [JavaFX Application Thread] DEBUG GameApplicationServi - Removing overlay from FXGLLoadingScene and adding to GameScene
13:17:27.935 [JavaFX Application Thread] DEBUG PrimaryStageWindow   - FXGLLoadingScene -> GameScene
13:17:36.883 [JavaFX Application Thread] DEBUG FXGLApplication      - Exiting FXGL
13:17:36.883 [JavaFX Application Thread] DEBUG LoopRunner           - Stopping loop
13:17:36.883 [JavaFX Application Thread] DEBUG SystemBundleService  - Saving FXGL system data
13:17:36.887 [JavaFX Application Thread] DEBUG FileSystemAccess     - Writing to: C:\Users\Ruhmer Jairus\IdeaProjects\OOP2-Capstone\system\fxgl.bundle
13:17:36.889 [JavaFX Application Thread] DEBUG Async                - Shutting down background threads
13:17:36.889 [JavaFX Application Thread] DEBUG PrimaryStageWindow   - Closing main window
13:17:36.915 [JavaFX Application Thread] DEBUG Logger               - Closing Logger
