17:35:33.197 [main                     ] DEBUG Logger               - Configured Logger
17:35:33.223 [main                     ] DEBUG GameApplication      - Logging settings
Title: TypeWiz - Winter Theme
Version: 0.0
Width: 1280
Height: 720
Fullscreen: true
Intro: false
Profiling: false
Single step:false
App Mode: DEVELOPER
Menu Key: ESCAPE
Stage Style: DECORATED
Scene Factory: class com.almasb.fxgl.app.scene.SceneFactory

17:35:33.477 [JavaFX Application Thread] DEBUG FXGLApplication      - Initializing FXGL
17:35:33.480 [JavaFX Application Thread] INFO  Engine               - FXGL-21.1 (27.03.2024 07.52) on WINDOWS (J:21.0.3 FX:19)
17:35:33.481 [JavaFX Application Thread] DEBUG Engine               - JRE Vendor Name: Oracle Corporation
17:35:33.481 [JavaFX Application Thread] DEBUG Engine               - Running on OS: Windows 11 version 10.0
17:35:33.481 [JavaFX Application Thread] DEBUG Engine               - Architecture: amd64
17:35:33.481 [JavaFX Application Thread] INFO  Engine               - Source code and latest versions at: https://github.com/AlmasB/FXGL
17:35:33.481 [JavaFX Application Thread] INFO  Engine               -       Ask questions and discuss at: https://github.com/AlmasB/FXGL/discussions
17:35:33.482 [JavaFX Application Thread] INFO  Engine               -              Join the FXGL chat at: https://gitter.im/AlmasB/FXGL
17:35:33.546 [JavaFX Application Thread] DEBUG PrimaryStageWindow   - Creating a JavaFX scene
17:35:33.583 [JavaFX Application Thread] DEBUG PrimaryStageWindow   - Target settings size: 1280.0 x 720.0
17:35:33.584 [JavaFX Application Thread] DEBUG PrimaryStageWindow   - Scaled scene size:    1280.0 x 720.0
17:35:33.584 [JavaFX Application Thread] DEBUG PrimaryStageWindow   - Scaled ratio: (1.0, 1.0)
17:35:33.585 [JavaFX Application Thread] DEBUG PrimaryStageWindow   - Set initial scene to FXGLStartupScene
17:35:33.588 [JavaFX Application Thread] DEBUG PrimaryStageWindow   - Opening main window
17:35:33.656 [JavaFX Application Thread] DEBUG PrimaryStageWindow   - Window border size: (14.4000244140625, 37.5999755859375)
17:35:33.656 [JavaFX Application Thread] DEBUG PrimaryStageWindow   - Scaled size: 1280.0 x 720.0
17:35:33.657 [JavaFX Application Thread] DEBUG PrimaryStageWindow   - Scaled ratio: (1.0, 1.0)
17:35:33.657 [JavaFX Application Thread] DEBUG PrimaryStageWindow   - Scene size: 1280.0 x 720.0
17:35:33.657 [JavaFX Application Thread] DEBUG PrimaryStageWindow   - Stage size: 1294.4000244140625 x 757.5999755859375
17:35:33.722 [JavaFX Application Thread] DEBUG PrimaryStageWindow   - Going fullscreen
17:35:33.731 [FXGL Background Thread 1 ] DEBUG Engine               - Initializing environment variables
17:35:33.788 [FXGL Background Thread 1 ] DEBUG FXGLAssetLoaderServi - User app class for loading assets: class com.oop2.typewiz.GameplayComponents.Game
17:35:33.788 [FXGL Background Thread 1 ] DEBUG GameApplicationServi - Applying CSS: fxgl_dark.css
17:35:33.789 [FXGL Background Thread 1 ] DEBUG FXGLAssetLoaderServi - Loading from file system: jar:file:///C:/Users/Ruhmer%20Jairus/.m2/repository/com/github/almasb/fxgl/21.1/fxgl-21.1.jar!/fxglassets/ui/css/fxgl_dark.css
17:35:33.828 [FXGL Background Thread 1 ] DEBUG GameApplicationServi - Initializing application scenes
17:35:33.889 [FXGL Background Thread 1 ] DEBUG GameWorld            - Game world initialized
17:35:33.944 [FXGL Background Thread 1 ] DEBUG PhysicsWorld         - Physics world initialized: appHeight=720, physics.ppm=50.0
17:35:33.944 [FXGL Background Thread 1 ] DEBUG PhysicsWorld         - Using strategy: BRUTE_FORCE
17:35:33.948 [FXGL Background Thread 1 ] DEBUG GameScene            - Game scene initialized: 1280x720
17:35:33.948 [FXGL Background Thread 1 ] DEBUG GameApplicationServi - Application scenes initialized
17:35:33.961 [FXGL Background Thread 1 ] DEBUG SystemBundleService  - Loading FXGL system data
17:35:33.963 [FXGL Background Thread 1 ] DEBUG FileSystemAccess     - Reading from: C:\Users\Ruhmer Jairus\OOP2-Capstone\system\fxgl.bundle
17:35:33.969 [FXGL Background Thread 1 ] DEBUG SystemBundleService  - Bundle FXGL: {}
17:35:33.969 [FXGL Background Thread 1 ] DEBUG UpdaterService       - Checking for updates
17:35:33.973 [FXGL Background Thread 4 ] DEBUG FXGLApplication      - Loading fonts
17:35:33.973 [FXGL Background Thread 4 ] DEBUG FXGLAssetLoaderServi - Loading from file system: jar:file:///C:/Users/Ruhmer%20Jairus/.m2/repository/com/github/almasb/fxgl/21.1/fxgl-21.1.jar!/fxglassets/ui/fonts/VarelaRound-Regular.ttf
17:35:33.973 [FXGL Background Thread 1 ] DEBUG FXGLApplication      - Loading default localization
17:35:33.973 [FXGL Background Thread 1 ] DEBUG FXGLAssetLoaderServi - Loading from file system: jar:file:///C:/Users/Ruhmer%20Jairus/.m2/repository/com/github/almasb/fxgl/21.1/fxgl-21.1.jar!/fxglassets/languages/english.lang
17:35:34.003 [FXGL Background Thread 4 ] DEBUG FXGLAssetLoaderServi - Loading from file system: jar:file:///C:/Users/Ruhmer%20Jairus/.m2/repository/com/github/almasb/fxgl/21.1/fxgl-21.1.jar!/fxglassets/ui/fonts/Abel-Regular.ttf
17:35:34.003 [FXGL Background Thread 1 ] INFO  FXGLApplication      - FXGL initialization took: 0.272 sec
17:35:34.004 [JavaFX Application Thread] DEBUG FXGLAssetLoaderServi - Loading from file system: jar:file:///C:/Users/Ruhmer%20Jairus/.m2/repository/com/github/almasb/fxgl/21.1/fxgl-21.1.jar!/fxglassets/textures/fxgl_icon.png
17:35:34.006 [FXGL Background Thread 4 ] DEBUG FXGLAssetLoaderServi - Loading from file system: jar:file:///C:/Users/Ruhmer%20Jairus/.m2/repository/com/github/almasb/fxgl/21.1/fxgl-21.1.jar!/fxglassets/ui/fonts/TerminalLandMono-Regular.otf
17:35:34.009 [FXGL Background Thread 4 ] DEBUG FXGLAssetLoaderServi - Loading from file system: jar:file:///C:/Users/Ruhmer%20Jairus/.m2/repository/com/github/almasb/fxgl/21.1/fxgl-21.1.jar!/fxglassets/ui/fonts/Courier-Prime.ttf
17:35:34.042 [JavaFX Application Thread] DEBUG FXGLAssetLoaderServi - Loading from file system: jar:file:///C:/Users/Ruhmer%20Jairus/.m2/repository/com/github/almasb/fxgl/21.1/fxgl-21.1.jar!/fxglassets/textures/fxgl_default_cursor.png
17:35:34.053 [JavaFX Application Thread] DEBUG Input                - Registered new binding: Screenshot - CTRL+8
17:35:34.054 [JavaFX Application Thread] DEBUG Input                - Registered new binding: System info dump - CTRL+9
17:35:34.054 [JavaFX Application Thread] DEBUG Input                - Registered new binding: Restart - CTRL+R
17:35:34.054 [JavaFX Application Thread] DEBUG Input                - Registered new binding: Toggle Debug Camera - CTRL+7
17:35:34.057 [JavaFX Application Thread] DEBUG LoopRunner           - Starting loop
17:35:34.057 [JavaFX Application Thread] DEBUG LoopRunner           - Initializing JavaFX AnimationTimerLoop
17:35:34.061 [JavaFX Application Thread] DEBUG GameApplicationServi - Starting new game
17:35:34.061 [JavaFX Application Thread] DEBUG Input                - Clearing active input actions
17:35:34.074 [JavaFX Application Thread] DEBUG GameApplicationServi - Removing overlay from FXGLStartupScene and adding to FXGLLoadingScene
17:35:34.074 [JavaFX Application Thread] DEBUG PrimaryStageWindow   - FXGLStartupScene -> FXGLLoadingScene
17:35:34.074 [JavaFX Application Thread] DEBUG GameApplicationServi - Clearing previous game
17:35:34.074 [JavaFX Application Thread] DEBUG GameScene            - Clearing game scene
17:35:34.074 [JavaFX Application Thread] DEBUG GameWorld            - Clearing game world
17:35:34.074 [JavaFX Application Thread] DEBUG PhysicsWorld         - Clearing physics world
17:35:34.078 [FXGL Background Thread 4 ] DEBUG FXGLApplication      - Initializing game
17:35:34.078 [JavaFX Application Thread] DEBUG FXGLApplication      - Registering font factories with UI factory
17:35:34.115 [FXGL Background Thread 4 ] DEBUG FXGLAssetLoaderServi - Loading from file system: file:/C:/Users/Ruhmer%20Jairus/OOP2-Capstone/target/classes/assets/textures/background-and-platforms/bg-winter_1280_720.png
17:35:34.174 [FXGL Background Thread 4 ] DEBUG FXGLAssetLoaderServi - Loading from file system: file:/C:/Users/Ruhmer%20Jairus/OOP2-Capstone/target/classes/assets/textures/background-and-platforms/hdlargerplatform-winter.png
17:35:34.283 [FXGL Background Thread 4 ] DEBUG FXGLAssetLoaderServi - Loading from file system: file:/C:/Users/Ruhmer%20Jairus/OOP2-Capstone/target/classes/assets/textures/wizard/wizard.png
17:35:34.363 [FXGL Background Thread 4 ] DEBUG FXGLAssetLoaderServi - Loading from file system: file:/C:/Users/Ruhmer%20Jairus/OOP2-Capstone/target/classes/assets/textures/mobs/gargoyle/gargoyle.png
17:35:34.428 [FXGL Background Thread 4 ] INFO  FXGLApplication      - Game initialization took: 0.351 sec
17:35:34.431 [JavaFX Application Thread] DEBUG Input                - Clearing active input actions
17:35:34.441 [JavaFX Application Thread] DEBUG GameApplicationServi - Removing overlay from FXGLLoadingScene and adding to GameScene
17:35:34.441 [JavaFX Application Thread] DEBUG PrimaryStageWindow   - FXGLLoadingScene -> GameScene
17:35:36.973 [FXGL Background Thread 3 ] DEBUG Engine               - Logging environment variables
17:35:36.974 [FXGL Background Thread 3 ] DEBUG Engine               - achievements: []
17:35:36.974 [FXGL Background Thread 3 ] DEBUG Engine               - actualHeight: 864.0
17:35:36.974 [FXGL Background Thread 3 ] DEBUG Engine               - actualHeightProperty: ReadOnlyDoubleProperty [value: 864.0]
17:35:36.974 [FXGL Background Thread 3 ] DEBUG Engine               - actualWidth: 1536.0
17:35:36.974 [FXGL Background Thread 3 ] DEBUG Engine               - actualWidthProperty: ReadOnlyDoubleProperty [value: 1536.0]
17:35:36.974 [FXGL Background Thread 3 ] DEBUG Engine               - appIcon: fxgl_icon.png
17:35:36.974 [FXGL Background Thread 3 ] DEBUG Engine               - applicationMode: DEVELOPER
17:35:36.974 [FXGL Background Thread 3 ] DEBUG Engine               - cSSList: [fxgl_dark.css]
17:35:36.974 [FXGL Background Thread 3 ] DEBUG Engine               - collisionDetectionStrategy: BRUTE_FORCE
17:35:36.974 [FXGL Background Thread 3 ] DEBUG Engine               - configClass: Optional.empty
17:35:36.974 [FXGL Background Thread 3 ] DEBUG Engine               - credits: []
17:35:36.975 [FXGL Background Thread 3 ] DEBUG Engine               - defaultCursor: CursorInfo(imageName=fxgl_default_cursor.png, hotspotX=7.0, hotspotY=6.0)
17:35:36.975 [FXGL Background Thread 3 ] DEBUG Engine               - devBBoxColorProperty: ObjectProperty [value: 0xff0000ff]
17:35:36.975 [FXGL Background Thread 3 ] DEBUG Engine               - devEnableDebugCameraProperty: BooleanProperty [value: false]
17:35:36.975 [FXGL Background Thread 3 ] DEBUG Engine               - devSensorColorProperty: ObjectProperty [value: 0xffff00ff]
17:35:36.975 [FXGL Background Thread 3 ] DEBUG Engine               - devShowBBoxProperty: BooleanProperty [value: false]
17:35:36.975 [FXGL Background Thread 3 ] DEBUG Engine               - devShowPositionProperty: BooleanProperty [value: false]
17:35:36.975 [FXGL Background Thread 3 ] DEBUG Engine               - enabledMenuItems: []
17:35:36.975 [FXGL Background Thread 3 ] DEBUG Engine               - engineServices: [class com.almasb.fxgl.app.services.FXGLAssetLoaderService, class com.almasb.fxgl.app.FXGLApplication$GameApplicationService, class com.almasb.fxgl.app.services.FXGLDialogService, class com.almasb.fxgl.app.services.IOTaskExecutorService, class com.almasb.fxgl.io.FileSystemService, class com.almasb.fxgl.localization.LocalizationService, class com.almasb.fxgl.app.services.SystemBundleService, class com.almasb.fxgl.profile.SaveLoadService, class com.almasb.fxgl.ui.FXGLUIFactoryServiceProvider, class com.almasb.fxgl.ui.FXGLDialogFactoryServiceProvider, class com.almasb.fxgl.audio.AudioPlayer, class com.almasb.fxgl.notification.impl.NotificationServiceProvider, class com.almasb.fxgl.achievement.AchievementService, class com.almasb.fxgl.cutscene.CutsceneService, class com.almasb.fxgl.minigames.MiniGameService, class com.almasb.fxgl.net.NetService, class com.almasb.fxgl.app.services.UpdaterService, class com.almasb.fxgl.dev.DevService]
17:35:36.975 [FXGL Background Thread 3 ] DEBUG Engine               - fontGame: Abel-Regular.ttf
17:35:36.975 [FXGL Background Thread 3 ] DEBUG Engine               - fontMono: TerminalLandMono-Regular.otf
17:35:36.976 [FXGL Background Thread 3 ] DEBUG Engine               - fontSizeScaleUI: 1.0
17:35:36.976 [FXGL Background Thread 3 ] DEBUG Engine               - fontText: Courier-Prime.ttf
17:35:36.976 [FXGL Background Thread 3 ] DEBUG Engine               - fontUI: VarelaRound-Regular.ttf
17:35:36.976 [FXGL Background Thread 3 ] DEBUG Engine               - fullScreen: BooleanProperty [value: true]
17:35:36.976 [FXGL Background Thread 3 ] DEBUG Engine               - gameDifficulty: MEDIUM
17:35:36.976 [FXGL Background Thread 3 ] DEBUG Engine               - gameDifficultyProperty: ObjectProperty [value: MEDIUM]
17:35:36.976 [FXGL Background Thread 3 ] DEBUG Engine               - globalMusicVolume: 0.5
17:35:36.976 [FXGL Background Thread 3 ] DEBUG Engine               - globalMusicVolumeProperty: DoubleProperty [value: 0.5]
17:35:36.976 [FXGL Background Thread 3 ] DEBUG Engine               - globalSoundVolume: 0.5
17:35:36.976 [FXGL Background Thread 3 ] DEBUG Engine               - globalSoundVolumeProperty: DoubleProperty [value: 0.5]
17:35:36.976 [FXGL Background Thread 3 ] DEBUG Engine               - height: 720
17:35:36.976 [FXGL Background Thread 3 ] DEBUG Engine               - is3D: false
17:35:36.976 [FXGL Background Thread 3 ] DEBUG Engine               - isAndroid: false
17:35:36.976 [FXGL Background Thread 3 ] DEBUG Engine               - isBrowser: false
17:35:36.976 [FXGL Background Thread 3 ] DEBUG Engine               - isClickFeedbackEnabled: false
17:35:36.976 [FXGL Background Thread 3 ] DEBUG Engine               - isCloseConfirmation: false
17:35:36.976 [FXGL Background Thread 3 ] DEBUG Engine               - isDesktop: true
17:35:36.976 [FXGL Background Thread 3 ] DEBUG Engine               - isDeveloperMenuEnabled: false
17:35:36.976 [FXGL Background Thread 3 ] DEBUG Engine               - isEmbedded: false
17:35:36.976 [FXGL Background Thread 3 ] DEBUG Engine               - isEntityPreloadEnabled: true
17:35:36.976 [FXGL Background Thread 3 ] DEBUG Engine               - isExperimentalTiledLargeMap: false
17:35:36.976 [FXGL Background Thread 3 ] DEBUG Engine               - isFileSystemWriteAllowed: true
17:35:36.976 [FXGL Background Thread 3 ] DEBUG Engine               - isFullScreenAllowed: true
17:35:36.976 [FXGL Background Thread 3 ] DEBUG Engine               - isFullScreenFromStart: true
17:35:36.976 [FXGL Background Thread 3 ] DEBUG Engine               - isGameMenuEnabled: false
17:35:36.976 [FXGL Background Thread 3 ] DEBUG Engine               - isIOS: false
17:35:36.976 [FXGL Background Thread 3 ] DEBUG Engine               - isIntroEnabled: false
17:35:36.976 [FXGL Background Thread 3 ] DEBUG Engine               - isLinux: false
17:35:36.976 [FXGL Background Thread 3 ] DEBUG Engine               - isMac: false
17:35:36.976 [FXGL Background Thread 3 ] DEBUG Engine               - isMainMenuEnabled: false
17:35:36.976 [FXGL Background Thread 3 ] DEBUG Engine               - isManualResizeEnabled: true
17:35:36.976 [FXGL Background Thread 3 ] DEBUG Engine               - isMobile: false
17:35:36.976 [FXGL Background Thread 3 ] DEBUG Engine               - isNative: false
17:35:36.976 [FXGL Background Thread 3 ] DEBUG Engine               - isPauseMusicWhenMinimized: true
17:35:36.977 [FXGL Background Thread 3 ] DEBUG Engine               - isPreserveResizeRatio: true
17:35:36.977 [FXGL Background Thread 3 ] DEBUG Engine               - isProfilingEnabled: false
17:35:36.977 [FXGL Background Thread 3 ] DEBUG Engine               - isScaleAffectedOnResize: true
17:35:36.977 [FXGL Background Thread 3 ] DEBUG Engine               - isSingleStep: false
17:35:36.977 [FXGL Background Thread 3 ] DEBUG Engine               - isUserProfileEnabled: false
17:35:36.977 [FXGL Background Thread 3 ] DEBUG Engine               - isWindows: true
17:35:36.977 [FXGL Background Thread 3 ] DEBUG Engine               - language: ObjectProperty [value: ENGLISH]
17:35:36.977 [FXGL Background Thread 3 ] DEBUG Engine               - menuKey: ESCAPE
17:35:36.977 [FXGL Background Thread 3 ] DEBUG Engine               - mouseSensitivity: 0.2
17:35:36.977 [FXGL Background Thread 3 ] DEBUG Engine               - notificationViewClass: class com.almasb.fxgl.notification.view.XboxNotificationView
17:35:36.977 [FXGL Background Thread 3 ] DEBUG Engine               - pixelsPerMeter: 50.0
17:35:36.977 [FXGL Background Thread 3 ] DEBUG Engine               - platform: WINDOWS
17:35:36.977 [FXGL Background Thread 3 ] DEBUG Engine               - prefHeightProperty: ReadOnlyDoubleProperty [value: 720.0]
17:35:36.977 [FXGL Background Thread 3 ] DEBUG Engine               - prefWidthProperty: ReadOnlyDoubleProperty [value: 1280.0]
17:35:36.977 [FXGL Background Thread 3 ] DEBUG Engine               - profileDir: profiles/
17:35:36.977 [FXGL Background Thread 3 ] DEBUG Engine               - profileName: StringProperty [value: DEFAULT]
17:35:36.977 [FXGL Background Thread 3 ] DEBUG Engine               - randomSeed: -1
17:35:36.977 [FXGL Background Thread 3 ] DEBUG Engine               - runtimeInfo: RuntimeInfo(platform=WINDOWS, version=21.1, build=27.03.2024 07.52)
17:35:36.977 [FXGL Background Thread 3 ] DEBUG Engine               - saveFileExt: sav
17:35:36.977 [FXGL Background Thread 3 ] DEBUG Engine               - scaledHeightProp$fxgl: DoubleProperty [bound, value: 864.0]
17:35:36.977 [FXGL Background Thread 3 ] DEBUG Engine               - scaledWidthProp$fxgl: DoubleProperty [bound, value: 1536.0]
17:35:36.977 [FXGL Background Thread 3 ] DEBUG Engine               - sceneFactory: com.almasb.fxgl.app.scene.SceneFactory@1f920b6
17:35:36.977 [FXGL Background Thread 3 ] DEBUG Engine               - secondsIn24h: 60
17:35:36.977 [FXGL Background Thread 3 ] DEBUG Engine               - soundMenuBack: menu/back.wav
17:35:36.977 [FXGL Background Thread 3 ] DEBUG Engine               - soundMenuPress: menu/press.wav
17:35:36.977 [FXGL Background Thread 3 ] DEBUG Engine               - soundMenuSelect: menu/select.wav
17:35:36.977 [FXGL Background Thread 3 ] DEBUG Engine               - soundNotification: core/notification.wav
17:35:36.977 [FXGL Background Thread 3 ] DEBUG Engine               - stageStyle: DECORATED
17:35:36.977 [FXGL Background Thread 3 ] DEBUG Engine               - supportedLanguages: [ENGLISH, FRENCH, GERMAN, HUNGARIAN, RUSSIAN]
17:35:36.977 [FXGL Background Thread 3 ] DEBUG Engine               - ticksPerSecond: -1
17:35:36.978 [FXGL Background Thread 3 ] DEBUG Engine               - title: TypeWiz - Winter Theme
17:35:36.978 [FXGL Background Thread 3 ] DEBUG Engine               - urlGithub: https://github.com/AlmasB/FXGL
17:35:36.978 [FXGL Background Thread 3 ] DEBUG Engine               - urlLeaderboard: http://fxgl-top.herokuapp.com/
17:35:36.978 [FXGL Background Thread 3 ] DEBUG Engine               - urlPOM: https://raw.githubusercontent.com/AlmasB/FXGL/release/README.md
17:35:36.978 [FXGL Background Thread 3 ] DEBUG Engine               - userAppClass: class com.oop2.typewiz.GameplayComponents.Game
17:35:36.978 [FXGL Background Thread 3 ] DEBUG Engine               - version: 0.0
17:35:36.978 [FXGL Background Thread 3 ] DEBUG Engine               - versionCheckDays: 7
17:35:36.978 [FXGL Background Thread 3 ] DEBUG Engine               - width: 1280
17:35:36.978 [FXGL Background Thread 3 ] DEBUG Engine               - Logging services
17:35:36.978 [FXGL Background Thread 3 ] DEBUG Engine               - class com.almasb.fxgl.app.services.FXGLAssetLoaderService
17:35:36.978 [FXGL Background Thread 3 ] DEBUG Engine               - class com.almasb.fxgl.app.FXGLApplication$GameApplicationService
17:35:36.978 [FXGL Background Thread 3 ] DEBUG Engine               - class com.almasb.fxgl.app.services.FXGLDialogService
17:35:36.978 [FXGL Background Thread 3 ] DEBUG Engine               - class com.almasb.fxgl.app.services.IOTaskExecutorService
17:35:36.978 [FXGL Background Thread 3 ] DEBUG Engine               - class com.almasb.fxgl.io.FileSystemService
17:35:36.978 [FXGL Background Thread 3 ] DEBUG Engine               - class com.almasb.fxgl.localization.LocalizationService
17:35:36.978 [FXGL Background Thread 3 ] DEBUG Engine               - class com.almasb.fxgl.app.services.SystemBundleService
17:35:36.978 [FXGL Background Thread 3 ] DEBUG Engine               - class com.almasb.fxgl.profile.SaveLoadService
17:35:36.978 [FXGL Background Thread 3 ] DEBUG Engine               - class com.almasb.fxgl.ui.FXGLUIFactoryServiceProvider
17:35:36.978 [FXGL Background Thread 3 ] DEBUG Engine               - class com.almasb.fxgl.ui.FXGLDialogFactoryServiceProvider
17:35:36.978 [FXGL Background Thread 3 ] DEBUG Engine               - class com.almasb.fxgl.audio.AudioPlayer
17:35:36.978 [FXGL Background Thread 3 ] DEBUG Engine               - class com.almasb.fxgl.notification.impl.NotificationServiceProvider
17:35:36.978 [FXGL Background Thread 3 ] DEBUG Engine               - class com.almasb.fxgl.achievement.AchievementService
17:35:36.978 [FXGL Background Thread 3 ] DEBUG Engine               - class com.almasb.fxgl.cutscene.CutsceneService
17:35:36.978 [FXGL Background Thread 3 ] DEBUG Engine               - class com.almasb.fxgl.minigames.MiniGameService
17:35:36.978 [FXGL Background Thread 3 ] DEBUG Engine               - class com.almasb.fxgl.net.NetService
17:35:36.978 [FXGL Background Thread 3 ] DEBUG Engine               - class com.almasb.fxgl.app.services.UpdaterService
17:35:36.978 [FXGL Background Thread 3 ] DEBUG Engine               - class com.almasb.fxgl.dev.DevService
17:38:12.597 [JavaFX Application Thread] DEBUG FXGLApplication      - Exiting FXGL
17:38:12.598 [JavaFX Application Thread] DEBUG LoopRunner           - Stopping loop
17:38:12.598 [JavaFX Application Thread] DEBUG SystemBundleService  - Saving FXGL system data
17:38:12.600 [JavaFX Application Thread] DEBUG FileSystemAccess     - Writing to: C:\Users\Ruhmer Jairus\OOP2-Capstone\system\fxgl.bundle
17:38:12.602 [JavaFX Application Thread] DEBUG Async                - Shutting down background threads
17:38:12.602 [JavaFX Application Thread] DEBUG PrimaryStageWindow   - Closing main window
17:38:12.622 [JavaFX Application Thread] DEBUG Logger               - Closing Logger
