04:10:29.150 [main                     ] DEBUG Logger               - Configured Logger
04:10:29.179 [main                     ] DEBUG GameApplication      - Logging settings
Title: TypeWiz - Winter Theme
Version: 0.0
Width: 1280
Height: 720
Fullscreen: false
Intro: false
Profiling: false
Single step:false
App Mode: DEVELOPER
Menu Key: ESCAPE
Stage Style: DECORATED
Scene Factory: class com.almasb.fxgl.app.scene.SceneFactory

04:10:29.454 [JavaFX Application Thread] DEBUG FXGLApplication      - Initializing FXGL
04:10:29.457 [JavaFX Application Thread] INFO  Engine               - FXGL-21.1 (27.03.2024 07.52) on WINDOWS (J:21.0.3 FX:19)
04:10:29.458 [JavaFX Application Thread] DEBUG Engine               - JRE Vendor Name: Oracle Corporation
04:10:29.458 [JavaFX Application Thread] DEBUG Engine               - Running on OS: Windows 11 version 10.0
04:10:29.458 [JavaFX Application Thread] DEBUG Engine               - Architecture: amd64
04:10:29.458 [JavaFX Application Thread] INFO  Engine               - Source code and latest versions at: https://github.com/AlmasB/FXGL
04:10:29.459 [JavaFX Application Thread] INFO  Engine               -       Ask questions and discuss at: https://github.com/AlmasB/FXGL/discussions
04:10:29.459 [JavaFX Application Thread] INFO  Engine               -              Join the FXGL chat at: https://gitter.im/AlmasB/FXGL
04:10:29.525 [JavaFX Application Thread] DEBUG PrimaryStageWindow   - Creating a JavaFX scene
04:10:29.561 [JavaFX Application Thread] DEBUG PrimaryStageWindow   - Target settings size: 1280.0 x 720.0
04:10:29.561 [JavaFX Application Thread] DEBUG PrimaryStageWindow   - Scaled scene size:    1280.0 x 720.0
04:10:29.561 [JavaFX Application Thread] DEBUG PrimaryStageWindow   - Scaled ratio: (1.0, 1.0)
04:10:29.562 [JavaFX Application Thread] DEBUG PrimaryStageWindow   - Set initial scene to FXGLStartupScene
04:10:29.565 [JavaFX Application Thread] DEBUG PrimaryStageWindow   - Opening main window
04:10:29.626 [JavaFX Application Thread] DEBUG PrimaryStageWindow   - Window border size: (14.4000244140625, 37.5999755859375)
04:10:29.626 [JavaFX Application Thread] DEBUG PrimaryStageWindow   - Scaled size: 1280.0 x 720.0
04:10:29.626 [JavaFX Application Thread] DEBUG PrimaryStageWindow   - Scaled ratio: (1.0, 1.0)
04:10:29.626 [JavaFX Application Thread] DEBUG PrimaryStageWindow   - Scene size: 1280.0 x 720.0
04:10:29.626 [JavaFX Application Thread] DEBUG PrimaryStageWindow   - Stage size: 1294.4000244140625 x 757.5999755859375
04:10:29.633 [FXGL Background Thread 1 ] DEBUG Engine               - Initializing environment variables
04:10:29.690 [FXGL Background Thread 1 ] DEBUG FXGLAssetLoaderServi - User app class for loading assets: class com.oop2.typewiz.GameplayComponents.Game
04:10:29.690 [FXGL Background Thread 1 ] DEBUG GameApplicationServi - Applying CSS: fxgl_dark.css
04:10:29.691 [FXGL Background Thread 1 ] DEBUG FXGLAssetLoaderServi - Loading from file system: jar:file:///C:/Users/Ruhmer%20Jairus/.m2/repository/com/github/almasb/fxgl/21.1/fxgl-21.1.jar!/fxglassets/ui/css/fxgl_dark.css
04:10:29.739 [FXGL Background Thread 1 ] DEBUG GameApplicationServi - Initializing application scenes
04:10:29.806 [FXGL Background Thread 1 ] DEBUG GameWorld            - Game world initialized
04:10:29.874 [FXGL Background Thread 1 ] DEBUG PhysicsWorld         - Physics world initialized: appHeight=720, physics.ppm=50.0
04:10:29.874 [FXGL Background Thread 1 ] DEBUG PhysicsWorld         - Using strategy: BRUTE_FORCE
04:10:29.878 [FXGL Background Thread 1 ] DEBUG GameScene            - Game scene initialized: 1280x720
04:10:29.888 [FXGL Background Thread 1 ] DEBUG FXGL.DefaultMenu     - createMenuBodyGameMenu()
04:10:29.898 [FXGL Background Thread 1 ] DEBUG FXGL.DefaultMenu     - createOptionsMenu()
04:10:29.906 [FXGL Background Thread 1 ] DEBUG FXGLAssetLoaderServi - Loading from file system: jar:file:///C:/Users/Ruhmer%20Jairus/.m2/repository/com/github/almasb/fxgl/21.1/fxgl-21.1.jar!/fxglassets/textures/particles/smoke.png
04:10:29.985 [FXGL Background Thread 1 ] DEBUG FXGLAssetLoaderServi - Loading from file system: jar:file:///C:/Users/Ruhmer%20Jairus/.m2/repository/com/github/almasb/fxgl/21.1/fxgl-21.1.jar!/fxglassets/textures/particles/trace_horizontal.png
04:10:30.010 [FXGL Background Thread 1 ] DEBUG GameApplicationServi - Application scenes initialized
04:10:30.025 [FXGL Background Thread 1 ] DEBUG SystemBundleService  - Loading FXGL system data
04:10:30.028 [FXGL Background Thread 1 ] DEBUG FileSystemAccess     - Reading from: C:\Users\Ruhmer Jairus\OOP2-Capstone\system\fxgl.bundle
04:10:30.038 [FXGL Background Thread 1 ] DEBUG SystemBundleService  - Bundle FXGL: {}
04:10:30.038 [FXGL Background Thread 1 ] DEBUG UpdaterService       - Checking for updates
04:10:30.041 [FXGL Background Thread 4 ] DEBUG FXGLApplication      - Loading fonts
04:10:30.041 [FXGL Background Thread 4 ] DEBUG FXGLAssetLoaderServi - Loading from file system: jar:file:///C:/Users/Ruhmer%20Jairus/.m2/repository/com/github/almasb/fxgl/21.1/fxgl-21.1.jar!/fxglassets/ui/fonts/VarelaRound-Regular.ttf
04:10:30.042 [FXGL Background Thread 1 ] DEBUG FXGLApplication      - Loading default localization
04:10:30.042 [FXGL Background Thread 1 ] DEBUG FXGLAssetLoaderServi - Loading from file system: jar:file:///C:/Users/Ruhmer%20Jairus/.m2/repository/com/github/almasb/fxgl/21.1/fxgl-21.1.jar!/fxglassets/languages/english.lang
04:10:30.078 [FXGL Background Thread 4 ] DEBUG FXGLAssetLoaderServi - Loading from file system: jar:file:///C:/Users/Ruhmer%20Jairus/.m2/repository/com/github/almasb/fxgl/21.1/fxgl-21.1.jar!/fxglassets/ui/fonts/Abel-Regular.ttf
04:10:30.082 [FXGL Background Thread 4 ] DEBUG FXGLAssetLoaderServi - Loading from file system: jar:file:///C:/Users/Ruhmer%20Jairus/.m2/repository/com/github/almasb/fxgl/21.1/fxgl-21.1.jar!/fxglassets/ui/fonts/TerminalLandMono-Regular.otf
04:10:30.084 [FXGL Background Thread 4 ] DEBUG FXGLAssetLoaderServi - Loading from file system: jar:file:///C:/Users/Ruhmer%20Jairus/.m2/repository/com/github/almasb/fxgl/21.1/fxgl-21.1.jar!/fxglassets/ui/fonts/Courier-Prime.ttf
04:10:30.091 [FXGL Background Thread 1 ] INFO  FXGLApplication      - FXGL initialization took: 0.458 sec
04:10:30.091 [JavaFX Application Thread] DEBUG FXGLApplication      - Registering font factories with UI factory
04:10:30.092 [JavaFX Application Thread] DEBUG FXGLAssetLoaderServi - Loading from file system: jar:file:///C:/Users/Ruhmer%20Jairus/.m2/repository/com/github/almasb/fxgl/21.1/fxgl-21.1.jar!/fxglassets/textures/fxgl_icon.png
04:10:30.108 [JavaFX Application Thread] DEBUG FXGLAssetLoaderServi - Loading from file system: jar:file:///C:/Users/Ruhmer%20Jairus/.m2/repository/com/github/almasb/fxgl/21.1/fxgl-21.1.jar!/fxglassets/textures/fxgl_default_cursor.png
04:10:30.124 [JavaFX Application Thread] DEBUG Input                - Registered new binding: Screenshot - CTRL+8
04:10:30.125 [JavaFX Application Thread] DEBUG Input                - Registered new binding: System info dump - CTRL+9
04:10:30.127 [JavaFX Application Thread] DEBUG Input                - Registered new binding: Restart - CTRL+R
04:10:30.128 [JavaFX Application Thread] DEBUG Input                - Registered new binding: Toggle Debug Camera - CTRL+7
04:10:30.136 [JavaFX Application Thread] DEBUG LoopRunner           - Starting loop
04:10:30.136 [JavaFX Application Thread] DEBUG LoopRunner           - Initializing JavaFX AnimationTimerLoop
04:10:30.139 [JavaFX Application Thread] DEBUG GameApplicationServi - Starting new game
04:10:30.139 [JavaFX Application Thread] DEBUG Input                - Clearing active input actions
04:10:30.155 [JavaFX Application Thread] DEBUG GameApplicationServi - Removing overlay from FXGLStartupScene and adding to FXGLLoadingScene
04:10:30.155 [JavaFX Application Thread] DEBUG PrimaryStageWindow   - FXGLStartupScene -> FXGLLoadingScene
04:10:30.155 [JavaFX Application Thread] DEBUG GameApplicationServi - Clearing previous game
04:10:30.155 [JavaFX Application Thread] DEBUG GameScene            - Clearing game scene
04:10:30.155 [JavaFX Application Thread] DEBUG GameWorld            - Clearing game world
04:10:30.155 [JavaFX Application Thread] DEBUG PhysicsWorld         - Clearing physics world
04:10:30.159 [FXGL Background Thread 1 ] DEBUG FXGLApplication      - Initializing game
04:10:30.162 [FXGL Background Thread 1 ] DEBUG FXGLAssetLoaderServi - Loading from file system: file:/C:/Users/Ruhmer%20Jairus/OOP2-Capstone/target/classes/assets/textures/background-and-platforms/bg-winter_1280_720.png
04:10:30.215 [FXGL Background Thread 1 ] DEBUG FXGLAssetLoaderServi - Loading from file system: file:/C:/Users/Ruhmer%20Jairus/OOP2-Capstone/target/classes/assets/textures/background-and-platforms/hdlargerplatform-winter.png
04:10:30.338 [FXGL Background Thread 1 ] INFO  FXGLApplication      - Game initialization took: 0.179 sec
04:10:30.354 [JavaFX Application Thread] DEBUG Input                - Clearing active input actions
04:10:30.369 [JavaFX Application Thread] DEBUG GameApplicationServi - Removing overlay from FXGLLoadingScene and adding to GameScene
04:10:30.370 [JavaFX Application Thread] DEBUG PrimaryStageWindow   - FXGLLoadingScene -> GameScene
04:10:33.042 [FXGL Background Thread 3 ] DEBUG Engine               - Logging environment variables
04:10:33.042 [FXGL Background Thread 3 ] DEBUG Engine               - achievements: []
04:10:33.042 [FXGL Background Thread 3 ] DEBUG Engine               - actualHeight: 720.0
04:10:33.042 [FXGL Background Thread 3 ] DEBUG Engine               - actualHeightProperty: ReadOnlyDoubleProperty [value: 720.0]
04:10:33.042 [FXGL Background Thread 3 ] DEBUG Engine               - actualWidth: 1280.0
04:10:33.042 [FXGL Background Thread 3 ] DEBUG Engine               - actualWidthProperty: ReadOnlyDoubleProperty [value: 1280.0]
04:10:33.042 [FXGL Background Thread 3 ] DEBUG Engine               - appIcon: fxgl_icon.png
04:10:33.043 [FXGL Background Thread 3 ] DEBUG Engine               - applicationMode: DEVELOPER
04:10:33.043 [FXGL Background Thread 3 ] DEBUG Engine               - cSSList: [fxgl_dark.css]
04:10:33.043 [FXGL Background Thread 3 ] DEBUG Engine               - collisionDetectionStrategy: BRUTE_FORCE
04:10:33.043 [FXGL Background Thread 3 ] DEBUG Engine               - configClass: Optional.empty
04:10:33.043 [FXGL Background Thread 3 ] DEBUG Engine               - credits: []
04:10:33.043 [FXGL Background Thread 3 ] DEBUG Engine               - defaultCursor: CursorInfo(imageName=fxgl_default_cursor.png, hotspotX=7.0, hotspotY=6.0)
04:10:33.044 [FXGL Background Thread 3 ] DEBUG Engine               - devBBoxColorProperty: ObjectProperty [value: 0xff0000ff]
04:10:33.044 [FXGL Background Thread 3 ] DEBUG Engine               - devEnableDebugCameraProperty: BooleanProperty [value: false]
04:10:33.044 [FXGL Background Thread 3 ] DEBUG Engine               - devSensorColorProperty: ObjectProperty [value: 0xffff00ff]
04:10:33.044 [FXGL Background Thread 3 ] DEBUG Engine               - devShowBBoxProperty: BooleanProperty [value: false]
04:10:33.044 [FXGL Background Thread 3 ] DEBUG Engine               - devShowPositionProperty: BooleanProperty [value: false]
04:10:33.044 [FXGL Background Thread 3 ] DEBUG Engine               - enabledMenuItems: []
04:10:33.044 [FXGL Background Thread 3 ] DEBUG Engine               - engineServices: [class com.almasb.fxgl.app.services.FXGLAssetLoaderService, class com.almasb.fxgl.app.FXGLApplication$GameApplicationService, class com.almasb.fxgl.app.services.FXGLDialogService, class com.almasb.fxgl.app.services.IOTaskExecutorService, class com.almasb.fxgl.io.FileSystemService, class com.almasb.fxgl.localization.LocalizationService, class com.almasb.fxgl.app.services.SystemBundleService, class com.almasb.fxgl.profile.SaveLoadService, class com.almasb.fxgl.ui.FXGLUIFactoryServiceProvider, class com.almasb.fxgl.ui.FXGLDialogFactoryServiceProvider, class com.almasb.fxgl.audio.AudioPlayer, class com.almasb.fxgl.notification.impl.NotificationServiceProvider, class com.almasb.fxgl.achievement.AchievementService, class com.almasb.fxgl.cutscene.CutsceneService, class com.almasb.fxgl.minigames.MiniGameService, class com.almasb.fxgl.net.NetService, class com.almasb.fxgl.app.services.UpdaterService, class com.almasb.fxgl.dev.DevService]
04:10:33.044 [FXGL Background Thread 3 ] DEBUG Engine               - fontGame: Abel-Regular.ttf
04:10:33.044 [FXGL Background Thread 3 ] DEBUG Engine               - fontMono: TerminalLandMono-Regular.otf
04:10:33.044 [FXGL Background Thread 3 ] DEBUG Engine               - fontSizeScaleUI: 1.0
04:10:33.044 [FXGL Background Thread 3 ] DEBUG Engine               - fontText: Courier-Prime.ttf
04:10:33.044 [FXGL Background Thread 3 ] DEBUG Engine               - fontUI: VarelaRound-Regular.ttf
04:10:33.044 [FXGL Background Thread 3 ] DEBUG Engine               - fullScreen: BooleanProperty [value: false]
04:10:33.044 [FXGL Background Thread 3 ] DEBUG Engine               - gameDifficulty: MEDIUM
04:10:33.044 [FXGL Background Thread 3 ] DEBUG Engine               - gameDifficultyProperty: ObjectProperty [value: MEDIUM]
04:10:33.044 [FXGL Background Thread 3 ] DEBUG Engine               - globalMusicVolume: 0.5
04:10:33.044 [FXGL Background Thread 3 ] DEBUG Engine               - globalMusicVolumeProperty: DoubleProperty [value: 0.5]
04:10:33.044 [FXGL Background Thread 3 ] DEBUG Engine               - globalSoundVolume: 0.5
04:10:33.044 [FXGL Background Thread 3 ] DEBUG Engine               - globalSoundVolumeProperty: DoubleProperty [value: 0.5]
04:10:33.044 [FXGL Background Thread 3 ] DEBUG Engine               - height: 720
04:10:33.044 [FXGL Background Thread 3 ] DEBUG Engine               - is3D: false
04:10:33.044 [FXGL Background Thread 3 ] DEBUG Engine               - isAndroid: false
04:10:33.044 [FXGL Background Thread 3 ] DEBUG Engine               - isBrowser: false
04:10:33.044 [FXGL Background Thread 3 ] DEBUG Engine               - isClickFeedbackEnabled: false
04:10:33.045 [FXGL Background Thread 3 ] DEBUG Engine               - isCloseConfirmation: false
04:10:33.045 [FXGL Background Thread 3 ] DEBUG Engine               - isDesktop: true
04:10:33.045 [FXGL Background Thread 3 ] DEBUG Engine               - isDeveloperMenuEnabled: false
04:10:33.045 [FXGL Background Thread 3 ] DEBUG Engine               - isEmbedded: false
04:10:33.045 [FXGL Background Thread 3 ] DEBUG Engine               - isEntityPreloadEnabled: true
04:10:33.045 [FXGL Background Thread 3 ] DEBUG Engine               - isExperimentalTiledLargeMap: false
04:10:33.045 [FXGL Background Thread 3 ] DEBUG Engine               - isFileSystemWriteAllowed: true
04:10:33.045 [FXGL Background Thread 3 ] DEBUG Engine               - isFullScreenAllowed: false
04:10:33.045 [FXGL Background Thread 3 ] DEBUG Engine               - isFullScreenFromStart: false
04:10:33.045 [FXGL Background Thread 3 ] DEBUG Engine               - isGameMenuEnabled: true
04:10:33.045 [FXGL Background Thread 3 ] DEBUG Engine               - isIOS: false
04:10:33.045 [FXGL Background Thread 3 ] DEBUG Engine               - isIntroEnabled: false
04:10:33.045 [FXGL Background Thread 3 ] DEBUG Engine               - isLinux: false
04:10:33.045 [FXGL Background Thread 3 ] DEBUG Engine               - isMac: false
04:10:33.045 [FXGL Background Thread 3 ] DEBUG Engine               - isMainMenuEnabled: false
04:10:33.045 [FXGL Background Thread 3 ] DEBUG Engine               - isManualResizeEnabled: false
04:10:33.045 [FXGL Background Thread 3 ] DEBUG Engine               - isMobile: false
04:10:33.045 [FXGL Background Thread 3 ] DEBUG Engine               - isNative: false
04:10:33.045 [FXGL Background Thread 3 ] DEBUG Engine               - isPauseMusicWhenMinimized: true
04:10:33.045 [FXGL Background Thread 3 ] DEBUG Engine               - isPreserveResizeRatio: false
04:10:33.045 [FXGL Background Thread 3 ] DEBUG Engine               - isProfilingEnabled: false
04:10:33.045 [FXGL Background Thread 3 ] DEBUG Engine               - isScaleAffectedOnResize: true
04:10:33.045 [FXGL Background Thread 3 ] DEBUG Engine               - isSingleStep: false
04:10:33.045 [FXGL Background Thread 3 ] DEBUG Engine               - isUserProfileEnabled: false
04:10:33.046 [FXGL Background Thread 3 ] DEBUG Engine               - isWindows: true
04:10:33.046 [FXGL Background Thread 3 ] DEBUG Engine               - language: ObjectProperty [value: ENGLISH]
04:10:33.046 [FXGL Background Thread 3 ] DEBUG Engine               - menuKey: ESCAPE
04:10:33.046 [FXGL Background Thread 3 ] DEBUG Engine               - mouseSensitivity: 0.2
04:10:33.046 [FXGL Background Thread 3 ] DEBUG Engine               - notificationViewClass: class com.almasb.fxgl.notification.view.XboxNotificationView
04:10:33.046 [FXGL Background Thread 3 ] DEBUG Engine               - pixelsPerMeter: 50.0
04:10:33.046 [FXGL Background Thread 3 ] DEBUG Engine               - platform: WINDOWS
04:10:33.046 [FXGL Background Thread 3 ] DEBUG Engine               - prefHeightProperty: ReadOnlyDoubleProperty [value: 720.0]
04:10:33.046 [FXGL Background Thread 3 ] DEBUG Engine               - prefWidthProperty: ReadOnlyDoubleProperty [value: 1280.0]
04:10:33.046 [FXGL Background Thread 3 ] DEBUG Engine               - profileDir: profiles/
04:10:33.046 [FXGL Background Thread 3 ] DEBUG Engine               - profileName: StringProperty [value: DEFAULT]
04:10:33.046 [FXGL Background Thread 3 ] DEBUG Engine               - randomSeed: -1
04:10:33.046 [FXGL Background Thread 3 ] DEBUG Engine               - runtimeInfo: RuntimeInfo(platform=WINDOWS, version=21.1, build=27.03.2024 07.52)
04:10:33.046 [FXGL Background Thread 3 ] DEBUG Engine               - saveFileExt: sav
04:10:33.046 [FXGL Background Thread 3 ] DEBUG Engine               - scaledHeightProp$fxgl: DoubleProperty [bound, value: 720.0]
04:10:33.046 [FXGL Background Thread 3 ] DEBUG Engine               - scaledWidthProp$fxgl: DoubleProperty [bound, value: 1280.0]
04:10:33.046 [FXGL Background Thread 3 ] DEBUG Engine               - sceneFactory: com.almasb.fxgl.app.scene.SceneFactory@5eb8e792
04:10:33.046 [FXGL Background Thread 3 ] DEBUG Engine               - secondsIn24h: 60
04:10:33.046 [FXGL Background Thread 3 ] DEBUG Engine               - soundMenuBack: menu/back.wav
04:10:33.046 [FXGL Background Thread 3 ] DEBUG Engine               - soundMenuPress: menu/press.wav
04:10:33.046 [FXGL Background Thread 3 ] DEBUG Engine               - soundMenuSelect: menu/select.wav
04:10:33.047 [FXGL Background Thread 3 ] DEBUG Engine               - soundNotification: core/notification.wav
04:10:33.047 [FXGL Background Thread 3 ] DEBUG Engine               - stageStyle: DECORATED
04:10:33.047 [FXGL Background Thread 3 ] DEBUG Engine               - supportedLanguages: [ENGLISH, FRENCH, GERMAN, HUNGARIAN, RUSSIAN]
04:10:33.047 [FXGL Background Thread 3 ] DEBUG Engine               - ticksPerSecond: -1
04:10:33.047 [FXGL Background Thread 3 ] DEBUG Engine               - title: TypeWiz - Winter Theme
04:10:33.047 [FXGL Background Thread 3 ] DEBUG Engine               - urlGithub: https://github.com/AlmasB/FXGL
04:10:33.047 [FXGL Background Thread 3 ] DEBUG Engine               - urlLeaderboard: http://fxgl-top.herokuapp.com/
04:10:33.047 [FXGL Background Thread 3 ] DEBUG Engine               - urlPOM: https://raw.githubusercontent.com/AlmasB/FXGL/release/README.md
04:10:33.047 [FXGL Background Thread 3 ] DEBUG Engine               - userAppClass: class com.oop2.typewiz.GameplayComponents.Game
04:10:33.047 [FXGL Background Thread 3 ] DEBUG Engine               - version: 0.0
04:10:33.047 [FXGL Background Thread 3 ] DEBUG Engine               - versionCheckDays: 7
04:10:33.047 [FXGL Background Thread 3 ] DEBUG Engine               - width: 1280
04:10:33.047 [FXGL Background Thread 3 ] DEBUG Engine               - Logging services
04:10:33.047 [FXGL Background Thread 3 ] DEBUG Engine               - class com.almasb.fxgl.app.services.FXGLAssetLoaderService
04:10:33.047 [FXGL Background Thread 3 ] DEBUG Engine               - class com.almasb.fxgl.app.FXGLApplication$GameApplicationService
04:10:33.047 [FXGL Background Thread 3 ] DEBUG Engine               - class com.almasb.fxgl.app.services.FXGLDialogService
04:10:33.047 [FXGL Background Thread 3 ] DEBUG Engine               - class com.almasb.fxgl.app.services.IOTaskExecutorService
04:10:33.047 [FXGL Background Thread 3 ] DEBUG Engine               - class com.almasb.fxgl.io.FileSystemService
04:10:33.047 [FXGL Background Thread 3 ] DEBUG Engine               - class com.almasb.fxgl.localization.LocalizationService
04:10:33.047 [FXGL Background Thread 3 ] DEBUG Engine               - class com.almasb.fxgl.app.services.SystemBundleService
04:10:33.047 [FXGL Background Thread 3 ] DEBUG Engine               - class com.almasb.fxgl.profile.SaveLoadService
04:10:33.047 [FXGL Background Thread 3 ] DEBUG Engine               - class com.almasb.fxgl.ui.FXGLUIFactoryServiceProvider
04:10:33.047 [FXGL Background Thread 3 ] DEBUG Engine               - class com.almasb.fxgl.ui.FXGLDialogFactoryServiceProvider
04:10:33.047 [FXGL Background Thread 3 ] DEBUG Engine               - class com.almasb.fxgl.audio.AudioPlayer
04:10:33.047 [FXGL Background Thread 3 ] DEBUG Engine               - class com.almasb.fxgl.notification.impl.NotificationServiceProvider
04:10:33.047 [FXGL Background Thread 3 ] DEBUG Engine               - class com.almasb.fxgl.achievement.AchievementService
04:10:33.047 [FXGL Background Thread 3 ] DEBUG Engine               - class com.almasb.fxgl.cutscene.CutsceneService
04:10:33.047 [FXGL Background Thread 3 ] DEBUG Engine               - class com.almasb.fxgl.minigames.MiniGameService
04:10:33.047 [FXGL Background Thread 3 ] DEBUG Engine               - class com.almasb.fxgl.net.NetService
04:10:33.047 [FXGL Background Thread 3 ] DEBUG Engine               - class com.almasb.fxgl.app.services.UpdaterService
04:10:33.047 [FXGL Background Thread 3 ] DEBUG Engine               - class com.almasb.fxgl.dev.DevService
04:10:35.188 [JavaFX Application Thread] DEBUG FXGLApplication      - Exiting FXGL
04:10:35.189 [JavaFX Application Thread] DEBUG LoopRunner           - Stopping loop
04:10:35.189 [JavaFX Application Thread] DEBUG SystemBundleService  - Saving FXGL system data
04:10:35.190 [JavaFX Application Thread] DEBUG FileSystemAccess     - Writing to: C:\Users\Ruhmer Jairus\OOP2-Capstone\system\fxgl.bundle
04:10:35.193 [JavaFX Application Thread] DEBUG Async                - Shutting down background threads
04:10:35.193 [JavaFX Application Thread] DEBUG PrimaryStageWindow   - Closing main window
04:10:35.205 [JavaFX Application Thread] DEBUG Logger               - Closing Logger
