09:00:01.574 [main                     ] DEBUG Logger               - Configured Logger
09:00:01.599 [main                     ] DEBUG GameApplication      - Logging settings
Title: Game App
Version: 0.1
Width: 1280
Height: 720
Fullscreen: false
Intro: false
Profiling: false
Single step:false
App Mode: DEVELOPER
Menu Key: ESCAPE
Stage Style: DECORATED
Scene Factory: class com.almasb.fxgl.app.scene.SceneFactory

09:00:01.874 [JavaFX Application Thread] DEBUG FXGLApplication      - Initializing FXGL
09:00:01.877 [JavaFX Application Thread] INFO  Engine               - FXGL-17.2 (20.08.2022 16.50) on WINDOWS (J:23.0.1 FX:19)
09:00:01.878 [JavaFX Application Thread] DEBUG Engine               - JRE Vendor Name: Oracle Corporation
09:00:01.878 [JavaFX Application Thread] DEBUG Engine               - Running on OS: Windows 11 version 10.0
09:00:01.878 [JavaFX Application Thread] DEBUG Engine               - Architecture: amd64
09:00:01.878 [JavaFX Application Thread] INFO  Engine               - Source code and latest versions at: https://github.com/AlmasB/FXGL
09:00:01.878 [JavaFX Application Thread] INFO  Engine               -       Ask questions and discuss at: https://github.com/AlmasB/FXGL/discussions
09:00:01.878 [JavaFX Application Thread] INFO  Engine               -              Join the FXGL chat at: https://gitter.im/AlmasB/FXGL
09:00:01.937 [JavaFX Application Thread] DEBUG PrimaryStageWindow   - Creating a JavaFX scene
09:00:01.974 [JavaFX Application Thread] DEBUG PrimaryStageWindow   - Target settings size: 1280.0 x 720.0
09:00:01.974 [JavaFX Application Thread] DEBUG PrimaryStageWindow   - Scaled scene size:    1280.0 x 720.0
09:00:01.974 [JavaFX Application Thread] DEBUG PrimaryStageWindow   - Scaled ratio: (1.0, 1.0)
09:00:01.975 [JavaFX Application Thread] DEBUG PrimaryStageWindow   - Set initial scene to FXGLStartupScene
09:00:01.977 [JavaFX Application Thread] DEBUG PrimaryStageWindow   - Opening main window
09:00:02.041 [JavaFX Application Thread] DEBUG PrimaryStageWindow   - Window border size: (14.4000244140625, 37.5999755859375)
09:00:02.042 [JavaFX Application Thread] DEBUG PrimaryStageWindow   - Scaled size: 1280.0 x 720.0
09:00:02.042 [JavaFX Application Thread] DEBUG PrimaryStageWindow   - Scaled ratio: (1.0, 1.0)
09:00:02.042 [JavaFX Application Thread] DEBUG PrimaryStageWindow   - Scene size: 1280.0 x 720.0
09:00:02.042 [JavaFX Application Thread] DEBUG PrimaryStageWindow   - Stage size: 1294.4000244140625 x 757.5999755859375
09:00:02.048 [FXGL Background Thread 1 ] DEBUG Engine               - Initializing environment variables
09:00:02.114 [FXGL Background Thread 1 ] DEBUG FXGLAssetLoaderServi - User app class for loading assets: class com.oop2.typewiz.GameplayComponents.Medieval
09:00:02.114 [FXGL Background Thread 1 ] DEBUG GameApplicationServi - Applying CSS: fxgl_dark.css
09:00:02.115 [FXGL Background Thread 1 ] DEBUG FXGLAssetLoaderServi - Loading from file system: jar:file:///C:/Users/Ruhmer%20Jairus/.m2/repository/com/github/almasb/fxgl/17.2/fxgl-17.2.jar!/fxglassets/ui/css/fxgl_dark.css
09:00:02.160 [FXGL Background Thread 1 ] DEBUG GameApplicationServi - Initializing application scenes
09:00:02.206 [FXGL Background Thread 1 ] DEBUG GameWorld            - Game world initialized
09:00:02.263 [FXGL Background Thread 1 ] DEBUG PhysicsWorld         - Physics world initialized: appHeight=720, physics.ppm=50.0
09:00:02.263 [FXGL Background Thread 1 ] DEBUG PhysicsWorld         - Using strategy: BRUTE_FORCE
09:00:02.267 [FXGL Background Thread 1 ] DEBUG GameScene            - Game scene initialized: 1280x720
09:00:02.275 [FXGL Background Thread 1 ] DEBUG FXGL.DefaultMenu     - createMenuBodyGameMenu()
09:00:02.285 [FXGL Background Thread 1 ] DEBUG FXGL.DefaultMenu     - createOptionsMenu()
09:00:02.292 [FXGL Background Thread 1 ] DEBUG FXGLAssetLoaderServi - Loading from file system: jar:file:///C:/Users/Ruhmer%20Jairus/.m2/repository/com/github/almasb/fxgl/17.2/fxgl-17.2.jar!/fxglassets/textures/particles/smoke.png
09:00:02.368 [FXGL Background Thread 1 ] DEBUG FXGLAssetLoaderServi - Loading from file system: jar:file:///C:/Users/Ruhmer%20Jairus/.m2/repository/com/github/almasb/fxgl/17.2/fxgl-17.2.jar!/fxglassets/textures/particles/trace_horizontal.png
09:00:02.392 [FXGL Background Thread 1 ] DEBUG GameApplicationServi - Application scenes initialized
09:00:02.403 [FXGL Background Thread 1 ] DEBUG SystemBundleService  - Loading FXGL system data
09:00:02.407 [FXGL Background Thread 1 ] DEBUG FileSystemAccess     - Reading from: C:\Users\Ruhmer Jairus\IdeaProjects\OOP2-Capstone\system\fxgl.bundle
09:00:02.415 [FXGL Background Thread 1 ] DEBUG SystemBundleService  - Bundle FXGL: {}
09:00:02.415 [FXGL Background Thread 1 ] DEBUG UpdaterService       - Checking for updates
09:00:02.421 [FXGL Background Thread 4 ] DEBUG FXGLApplication      - Loading fonts
09:00:02.421 [FXGL Background Thread 4 ] DEBUG FXGLAssetLoaderServi - Loading from file system: jar:file:///C:/Users/Ruhmer%20Jairus/.m2/repository/com/github/almasb/fxgl/17.2/fxgl-17.2.jar!/fxglassets/ui/fonts/VarelaRound-Regular.ttf
09:00:02.421 [FXGL Background Thread 1 ] DEBUG FXGLApplication      - Loading default localization
09:00:02.422 [FXGL Background Thread 1 ] DEBUG FXGLAssetLoaderServi - Loading from file system: jar:file:///C:/Users/Ruhmer%20Jairus/.m2/repository/com/github/almasb/fxgl/17.2/fxgl-17.2.jar!/fxglassets/languages/english.lang
09:00:02.458 [FXGL Background Thread 1 ] INFO  FXGLApplication      - FXGL initialization took: 0.411 sec
09:00:02.459 [JavaFX Application Thread] DEBUG FXGLAssetLoaderServi - Loading from file system: jar:file:///C:/Users/Ruhmer%20Jairus/.m2/repository/com/github/almasb/fxgl/17.2/fxgl-17.2.jar!/fxglassets/textures/fxgl_icon.png
09:00:02.464 [FXGL Background Thread 4 ] DEBUG FXGLAssetLoaderServi - Loading from file system: jar:file:///C:/Users/Ruhmer%20Jairus/.m2/repository/com/github/almasb/fxgl/17.2/fxgl-17.2.jar!/fxglassets/ui/fonts/Abel-Regular.ttf
09:00:02.473 [FXGL Background Thread 4 ] DEBUG FXGLAssetLoaderServi - Loading from file system: jar:file:///C:/Users/Ruhmer%20Jairus/.m2/repository/com/github/almasb/fxgl/17.2/fxgl-17.2.jar!/fxglassets/ui/fonts/TerminalLandMono-Regular.otf
09:00:02.474 [JavaFX Application Thread] DEBUG FXGLAssetLoaderServi - Loading from file system: jar:file:///C:/Users/Ruhmer%20Jairus/.m2/repository/com/github/almasb/fxgl/17.2/fxgl-17.2.jar!/fxglassets/textures/fxgl_default_cursor.png
09:00:02.483 [FXGL Background Thread 4 ] DEBUG FXGLAssetLoaderServi - Loading from file system: jar:file:///C:/Users/Ruhmer%20Jairus/.m2/repository/com/github/almasb/fxgl/17.2/fxgl-17.2.jar!/fxglassets/ui/fonts/Courier-Prime.ttf
09:00:02.489 [JavaFX Application Thread] DEBUG Input                - Registered new binding: Screenshot - CTRL+8
09:00:02.490 [JavaFX Application Thread] DEBUG Input                - Registered new binding: System info dump - CTRL+9
09:00:02.490 [JavaFX Application Thread] DEBUG Input                - Registered new binding: Restart - CTRL+R
09:00:02.491 [JavaFX Application Thread] DEBUG Input                - Registered new binding: Toggle Debug Camera - CTRL+7
09:00:02.493 [JavaFX Application Thread] DEBUG LoopRunner           - Starting loop
09:00:02.493 [JavaFX Application Thread] DEBUG LoopRunner           - Initializing JavaFX AnimationTimerLoop
09:00:02.494 [JavaFX Application Thread] DEBUG GameApplicationServi - Starting new game
09:00:02.494 [JavaFX Application Thread] DEBUG Input                - Clearing active input actions
09:00:02.506 [JavaFX Application Thread] DEBUG GameApplicationServi - Removing overlay from FXGLStartupScene and adding to FXGLLoadingScene
09:00:02.506 [JavaFX Application Thread] DEBUG PrimaryStageWindow   - FXGLStartupScene -> FXGLLoadingScene
09:00:02.506 [JavaFX Application Thread] DEBUG GameApplicationServi - Clearing previous game
09:00:02.506 [JavaFX Application Thread] DEBUG GameScene            - Clearing game scene
09:00:02.506 [JavaFX Application Thread] DEBUG GameWorld            - Clearing game world
09:00:02.506 [JavaFX Application Thread] DEBUG PhysicsWorld         - Clearing physics world
09:00:02.509 [FXGL Background Thread 4 ] DEBUG FXGLApplication      - Initializing game
09:00:02.510 [JavaFX Application Thread] DEBUG FXGLApplication      - Registering font factories with UI factory
09:00:02.521 [FXGL Background Thread 4 ] WARN  FXGLAssetLoaderServi - Asset "/assets/levels/Medieval.txt" was not found!
09:00:02.554 [JavaFX Application Thread] DEBUG LoopRunner           - Stopping loop
09:00:02.555 [JavaFX Application Thread] FATAL FXGLApplication      - Uncaught Exception:
java.lang.RuntimeException: Initialization failed
	at com.almasb.fxgl.all@17.2/com.almasb.fxgl.app.FXGLApplication$InitAppTask.failed(FXGLApplication.kt:343)
	at javafx.graphics@19/javafx.concurrent.Task.setState(Task.java:710)
	at javafx.graphics@19/javafx.concurrent.Task$TaskCallable.lambda$call$2(Task.java:1456)
	at javafx.graphics@19/com.sun.javafx.application.PlatformImpl.lambda$runLater$10(PlatformImpl.java:457)
	at java.base/java.security.AccessController.doPrivileged(AccessController.java:400)
	at javafx.graphics@19/com.sun.javafx.application.PlatformImpl.lambda$runLater$11(PlatformImpl.java:456)
	at javafx.graphics@19/com.sun.glass.ui.InvokeLaterDispatcher$Future.run(InvokeLaterDispatcher.java:96)
	at javafx.graphics@19/com.sun.glass.ui.win.WinApplication._runLoop(Native Method)
	at javafx.graphics@19/com.sun.glass.ui.win.WinApplication.lambda$runLoop$3(WinApplication.java:184)
	at java.base/java.lang.Thread.run(Thread.java:1575)
Caused by: java.lang.IllegalArgumentException: Loading level failed. Asset not found: Medieval.txt
	at com.almasb.fxgl.all@17.2/com.almasb.fxgl.app.services.FXGLAssetLoaderService.loadLevel(FXGLAssetLoaderService.kt:443)
	at TypeWiz/com.oop2.typewiz.GameplayComponents.Medieval.initGame(Medieval.java:49)
	at com.almasb.fxgl.all@17.2/com.almasb.fxgl.app.FXGLApplication$InitAppTask.initGame(FXGLApplication.kt:339)
	at com.almasb.fxgl.all@17.2/com.almasb.fxgl.app.FXGLApplication$InitAppTask.call(FXGLApplication.kt:319)
	at com.almasb.fxgl.all@17.2/com.almasb.fxgl.app.FXGLApplication$InitAppTask.call(FXGLApplication.kt:311)
	at javafx.graphics@19/javafx.concurrent.Task$TaskCallable.call(Task.java:1426)
	at java.base/java.util.concurrent.FutureTask.run(FutureTask.java:317)
	at java.base/java.util.concurrent.Executors$RunnableAdapter.call(Executors.java:572)
	at java.base/java.util.concurrent.FutureTask.run(FutureTask.java:317)
	at java.base/java.util.concurrent.ThreadPoolExecutor.runWorker(ThreadPoolExecutor.java:1144)
	at java.base/java.util.concurrent.ThreadPoolExecutor$Worker.run(ThreadPoolExecutor.java:642)
	... 1 more

09:00:02.556 [JavaFX Application Thread] FATAL FXGLApplication      - Application will now exit
09:00:02.577 [JavaFX Application Thread] DEBUG PrimaryStageWindow   - Push state: ErrorSubScene
09:00:02.577 [JavaFX Application Thread] DEBUG Input                - Clearing active input actions
09:00:02.582 [JavaFX Application Thread] DEBUG GameApplicationServi - Removing overlay from FXGLLoadingScene and adding to ErrorSubScene
09:00:02.582 [JavaFX Application Thread] DEBUG PrimaryStageWindow   - FXGLLoadingScene -> ErrorSubScene
09:00:03.109 [FXGL Background Thread 2 ] INFO  UpdaterService       - Your current version:  17.2
09:00:03.109 [FXGL Background Thread 2 ] INFO  UpdaterService       - Latest stable version: 21.1
09:00:03.805 [JavaFX Application Thread] DEBUG FXGLApplication      - Exiting FXGL
09:00:03.806 [JavaFX Application Thread] DEBUG Async                - Shutting down background threads
09:00:03.806 [JavaFX Application Thread] DEBUG PrimaryStageWindow   - Closing main window
09:00:03.818 [JavaFX Application Thread] DEBUG Logger               - Closing Logger
