15:41:10.942 [main                     ] DEBUG Logger               - Configured Logger
15:41:10.970 [main                     ] DEBUG GameApplication      - Logging settings
Title: TypeWiz
Version: 0.0
Width: 1280
Height: 720
Fullscreen: true
Intro: false
Profiling: false
Single step:false
App Mode: DEVELOPER
Menu Key: ESCAPE
Stage Style: DECORATED
Scene Factory: class com.oop2.typewiz.util.CustomSceneFactory

15:41:11.258 [JavaFX Application Thread] DEBUG FXGLApplication      - Initializing FXGL
15:41:11.261 [JavaFX Application Thread] INFO  Engine               - FXGL-21.1 (27.03.2024 07.52) on WINDOWS (J:21.0.3 FX:19)
15:41:11.262 [JavaFX Application Thread] DEBUG Engine               - JRE Vendor Name: Oracle Corporation
15:41:11.262 [JavaFX Application Thread] DEBUG Engine               - Running on OS: Windows 11 version 10.0
15:41:11.262 [JavaFX Application Thread] DEBUG Engine               - Architecture: amd64
15:41:11.262 [JavaFX Application Thread] INFO  Engine               - Source code and latest versions at: https://github.com/AlmasB/FXGL
15:41:11.263 [JavaFX Application Thread] INFO  Engine               -       Ask questions and discuss at: https://github.com/AlmasB/FXGL/discussions
15:41:11.263 [JavaFX Application Thread] INFO  Engine               -              Join the FXGL chat at: https://gitter.im/AlmasB/FXGL
15:41:11.334 [JavaFX Application Thread] DEBUG PrimaryStageWindow   - Creating a JavaFX scene
15:41:11.371 [JavaFX Application Thread] DEBUG PrimaryStageWindow   - Target settings size: 1280.0 x 720.0
15:41:11.371 [JavaFX Application Thread] DEBUG PrimaryStageWindow   - Scaled scene size:    1280.0 x 720.0
15:41:11.371 [JavaFX Application Thread] DEBUG PrimaryStageWindow   - Scaled ratio: (1.0, 1.0)
15:41:11.372 [JavaFX Application Thread] DEBUG PrimaryStageWindow   - Set initial scene to FXGLStartupScene
15:41:11.375 [JavaFX Application Thread] DEBUG PrimaryStageWindow   - Opening main window
15:41:11.436 [JavaFX Application Thread] DEBUG PrimaryStageWindow   - Window border size: (14.4000244140625, 37.5999755859375)
15:41:11.436 [JavaFX Application Thread] DEBUG PrimaryStageWindow   - Scaled size: 1280.0 x 720.0
15:41:11.436 [JavaFX Application Thread] DEBUG PrimaryStageWindow   - Scaled ratio: (1.0, 1.0)
15:41:11.436 [JavaFX Application Thread] DEBUG PrimaryStageWindow   - Scene size: 1280.0 x 720.0
15:41:11.436 [JavaFX Application Thread] DEBUG PrimaryStageWindow   - Stage size: 1294.4000244140625 x 757.5999755859375
15:41:11.512 [JavaFX Application Thread] DEBUG PrimaryStageWindow   - Going fullscreen
15:41:11.520 [FXGL Background Thread 1 ] DEBUG Engine               - Initializing environment variables
15:41:11.565 [FXGL Background Thread 1 ] DEBUG FXGLAssetLoaderServi - User app class for loading assets: class com.oop2.typewiz.TypeWizApp
15:41:11.565 [FXGL Background Thread 1 ] DEBUG GameApplicationServi - Applying CSS: fxgl_dark.css
15:41:11.566 [FXGL Background Thread 1 ] DEBUG FXGLAssetLoaderServi - Loading from file system: jar:file:///C:/Users/Ruhmer%20Jairus/.m2/repository/com/github/almasb/fxgl/21.1/fxgl-21.1.jar!/fxglassets/ui/css/fxgl_dark.css
15:41:11.602 [FXGL Background Thread 1 ] DEBUG GameApplicationServi - Initializing application scenes
15:41:11.655 [FXGL Background Thread 1 ] DEBUG GameWorld            - Game world initialized
15:41:11.708 [FXGL Background Thread 1 ] DEBUG PhysicsWorld         - Physics world initialized: appHeight=720, physics.ppm=50.0
15:41:11.708 [FXGL Background Thread 1 ] DEBUG PhysicsWorld         - Using strategy: BRUTE_FORCE
15:41:11.712 [FXGL Background Thread 1 ] DEBUG GameScene            - Game scene initialized: 1280x720
15:41:11.932 [FXGL Background Thread 1 ] DEBUG GameApplicationServi - Application scenes initialized
15:41:11.943 [FXGL Background Thread 1 ] DEBUG SystemBundleService  - Loading FXGL system data
15:41:11.946 [FXGL Background Thread 1 ] DEBUG FileSystemAccess     - Reading from: C:\Users\Ruhmer Jairus\OOP2-Capstone\system\fxgl.bundle
15:41:11.952 [FXGL Background Thread 1 ] DEBUG SystemBundleService  - Bundle FXGL: {}
15:41:11.952 [FXGL Background Thread 1 ] DEBUG UpdaterService       - Checking for updates
15:41:11.955 [FXGL Background Thread 4 ] DEBUG FXGLApplication      - Loading fonts
15:41:11.955 [FXGL Background Thread 4 ] DEBUG FXGLAssetLoaderServi - Loading from file system: jar:file:///C:/Users/Ruhmer%20Jairus/.m2/repository/com/github/almasb/fxgl/21.1/fxgl-21.1.jar!/fxglassets/ui/fonts/VarelaRound-Regular.ttf
15:41:11.957 [FXGL Background Thread 1 ] DEBUG FXGLApplication      - Loading default localization
15:41:11.957 [FXGL Background Thread 1 ] DEBUG FXGLAssetLoaderServi - Loading from file system: jar:file:///C:/Users/Ruhmer%20Jairus/.m2/repository/com/github/almasb/fxgl/21.1/fxgl-21.1.jar!/fxglassets/languages/english.lang
15:41:11.983 [FXGL Background Thread 4 ] DEBUG FXGLAssetLoaderServi - Loading from file system: jar:file:///C:/Users/Ruhmer%20Jairus/.m2/repository/com/github/almasb/fxgl/21.1/fxgl-21.1.jar!/fxglassets/ui/fonts/Abel-Regular.ttf
15:41:11.985 [FXGL Background Thread 1 ] INFO  FXGLApplication      - FXGL initialization took: 0.465 sec
15:41:11.985 [FXGL Background Thread 4 ] DEBUG FXGLAssetLoaderServi - Loading from file system: jar:file:///C:/Users/Ruhmer%20Jairus/.m2/repository/com/github/almasb/fxgl/21.1/fxgl-21.1.jar!/fxglassets/ui/fonts/TerminalLandMono-Regular.otf
15:41:11.986 [JavaFX Application Thread] DEBUG FXGLAssetLoaderServi - Loading from file system: jar:file:///C:/Users/Ruhmer%20Jairus/.m2/repository/com/github/almasb/fxgl/21.1/fxgl-21.1.jar!/fxglassets/textures/fxgl_icon.png
15:41:11.989 [FXGL Background Thread 4 ] DEBUG FXGLAssetLoaderServi - Loading from file system: jar:file:///C:/Users/Ruhmer%20Jairus/.m2/repository/com/github/almasb/fxgl/21.1/fxgl-21.1.jar!/fxglassets/ui/fonts/Courier-Prime.ttf
15:41:11.997 [JavaFX Application Thread] DEBUG FXGLAssetLoaderServi - Loading from file system: jar:file:///C:/Users/Ruhmer%20Jairus/.m2/repository/com/github/almasb/fxgl/21.1/fxgl-21.1.jar!/fxglassets/textures/fxgl_default_cursor.png
15:41:12.007 [JavaFX Application Thread] DEBUG Input                - Registered new binding: Screenshot - CTRL+8
15:41:12.007 [JavaFX Application Thread] DEBUG Input                - Registered new binding: System info dump - CTRL+9
15:41:12.007 [JavaFX Application Thread] DEBUG Input                - Registered new binding: Restart - CTRL+R
15:41:12.009 [JavaFX Application Thread] DEBUG Input                - Registered new binding: Toggle Debug Camera - CTRL+7
15:41:12.011 [JavaFX Application Thread] DEBUG LoopRunner           - Starting loop
15:41:12.011 [JavaFX Application Thread] DEBUG LoopRunner           - Initializing JavaFX AnimationTimerLoop
15:41:12.016 [JavaFX Application Thread] DEBUG Input                - Clearing active input actions
15:41:12.022 [JavaFX Application Thread] DEBUG GameApplicationServi - Removing overlay from FXGLStartupScene and adding to FXGLMainMenuDummyScene
15:41:12.022 [JavaFX Application Thread] DEBUG PrimaryStageWindow   - FXGLStartupScene -> FXGLMainMenuDummyScene
15:41:12.022 [JavaFX Application Thread] DEBUG PrimaryStageWindow   - Push state: LoginScreen
15:41:12.023 [JavaFX Application Thread] DEBUG Input                - Clearing active input actions
15:41:12.041 [JavaFX Application Thread] DEBUG GameApplicationServi - Removing overlay from FXGLMainMenuDummyScene and adding to LoginScreen
15:41:12.043 [JavaFX Application Thread] DEBUG PrimaryStageWindow   - FXGLMainMenuDummyScene -> LoginScreen
15:41:12.363 [JavaFX Application Thread] DEBUG FXGLApplication      - Registering font factories with UI factory
15:41:13.083 [JavaFX Application Thread] DEBUG FXGLAssetLoaderServi - Loading from file system: file:/C:/Users/Ruhmer%20Jairus/OOP2-Capstone/target/classes/assets/sounds/sound-library/hover.wav
15:41:13.643 [JavaFX Application Thread] DEBUG FXGLAssetLoaderServi - Loading from file system: file:/C:/Users/Ruhmer%20Jairus/OOP2-Capstone/target/classes/assets/sounds/sound-library/click.wav
15:41:13.651 [JavaFX Application Thread] DEBUG FXGLAssetLoaderServi - Loading from file system: file:/C:/Users/Ruhmer%20Jairus/OOP2-Capstone/target/classes/assets/music/magic.wav
15:41:13.663 [JavaFX Application Thread] DEBUG AudioPlayer          - Playing music com.almasb.fxgl.audio.Music@219fe4e9
15:41:13.704 [JavaFX Application Thread] DEBUG PrimaryStageWindow   - Push state: LoadingScreen
15:41:13.705 [JavaFX Application Thread] DEBUG Input                - Clearing active input actions
15:41:13.705 [JavaFX Application Thread] DEBUG GameApplicationServi - Removing overlay from LoginScreen and adding to LoadingScreen
15:41:13.705 [JavaFX Application Thread] DEBUG PrimaryStageWindow   - LoginScreen -> LoadingScreen
15:41:13.706 [JavaFX Application Thread] DEBUG FXGLAssetLoaderServi - Loading from file system: file:/C:/Users/Ruhmer%20Jairus/OOP2-Capstone/target/classes/assets/textures/magicbook.png
15:41:13.708 [JavaFX Application Thread] DEBUG FXGLAssetLoaderServi - Loading from file system: file:/C:/Users/Ruhmer%20Jairus/OOP2-Capstone/target/classes/assets/textures/magicbook_hover.png
15:41:14.955 [FXGL Background Thread 3 ] DEBUG Engine               - Logging environment variables
15:41:14.955 [FXGL Background Thread 3 ] DEBUG Engine               - achievements: []
15:41:14.955 [FXGL Background Thread 3 ] DEBUG Engine               - actualHeight: 864.0
15:41:14.955 [FXGL Background Thread 3 ] DEBUG Engine               - actualHeightProperty: ReadOnlyDoubleProperty [value: 864.0]
15:41:14.955 [FXGL Background Thread 3 ] DEBUG Engine               - actualWidth: 1536.0
15:41:14.956 [FXGL Background Thread 3 ] DEBUG Engine               - actualWidthProperty: ReadOnlyDoubleProperty [value: 1536.0]
15:41:14.956 [FXGL Background Thread 3 ] DEBUG Engine               - appIcon: fxgl_icon.png
15:41:14.956 [FXGL Background Thread 3 ] DEBUG Engine               - applicationMode: DEVELOPER
15:41:14.956 [FXGL Background Thread 3 ] DEBUG Engine               - cSSList: [fxgl_dark.css]
15:41:14.956 [FXGL Background Thread 3 ] DEBUG Engine               - collisionDetectionStrategy: BRUTE_FORCE
15:41:14.956 [FXGL Background Thread 3 ] DEBUG Engine               - configClass: Optional.empty
15:41:14.956 [FXGL Background Thread 3 ] DEBUG Engine               - credits: []
15:41:14.958 [FXGL Background Thread 3 ] DEBUG Engine               - defaultCursor: CursorInfo(imageName=fxgl_default_cursor.png, hotspotX=7.0, hotspotY=6.0)
15:41:14.958 [FXGL Background Thread 3 ] DEBUG Engine               - devBBoxColorProperty: ObjectProperty [value: 0xff0000ff]
15:41:14.958 [FXGL Background Thread 3 ] DEBUG Engine               - devEnableDebugCameraProperty: BooleanProperty [value: false]
15:41:14.958 [FXGL Background Thread 3 ] DEBUG Engine               - devSensorColorProperty: ObjectProperty [value: 0xffff00ff]
15:41:14.958 [FXGL Background Thread 3 ] DEBUG Engine               - devShowBBoxProperty: BooleanProperty [value: false]
15:41:14.958 [FXGL Background Thread 3 ] DEBUG Engine               - devShowPositionProperty: BooleanProperty [value: false]
15:41:14.958 [FXGL Background Thread 3 ] DEBUG Engine               - enabledMenuItems: []
15:41:14.958 [FXGL Background Thread 3 ] DEBUG Engine               - engineServices: [class com.almasb.fxgl.app.services.FXGLAssetLoaderService, class com.almasb.fxgl.app.FXGLApplication$GameApplicationService, class com.almasb.fxgl.app.services.FXGLDialogService, class com.almasb.fxgl.app.services.IOTaskExecutorService, class com.almasb.fxgl.io.FileSystemService, class com.almasb.fxgl.localization.LocalizationService, class com.almasb.fxgl.app.services.SystemBundleService, class com.almasb.fxgl.profile.SaveLoadService, class com.almasb.fxgl.ui.FXGLUIFactoryServiceProvider, class com.almasb.fxgl.ui.FXGLDialogFactoryServiceProvider, class com.almasb.fxgl.audio.AudioPlayer, class com.almasb.fxgl.notification.impl.NotificationServiceProvider, class com.almasb.fxgl.achievement.AchievementService, class com.almasb.fxgl.cutscene.CutsceneService, class com.almasb.fxgl.minigames.MiniGameService, class com.almasb.fxgl.net.NetService, class com.almasb.fxgl.app.services.UpdaterService, class com.almasb.fxgl.dev.DevService]
15:41:14.958 [FXGL Background Thread 3 ] DEBUG Engine               - fontGame: Abel-Regular.ttf
15:41:14.958 [FXGL Background Thread 3 ] DEBUG Engine               - fontMono: TerminalLandMono-Regular.otf
15:41:14.958 [FXGL Background Thread 3 ] DEBUG Engine               - fontSizeScaleUI: 1.0
15:41:14.958 [FXGL Background Thread 3 ] DEBUG Engine               - fontText: Courier-Prime.ttf
15:41:14.958 [FXGL Background Thread 3 ] DEBUG Engine               - fontUI: VarelaRound-Regular.ttf
15:41:14.958 [FXGL Background Thread 3 ] DEBUG Engine               - fullScreen: BooleanProperty [value: true]
15:41:14.958 [FXGL Background Thread 3 ] DEBUG Engine               - gameDifficulty: MEDIUM
15:41:14.958 [FXGL Background Thread 3 ] DEBUG Engine               - gameDifficultyProperty: ObjectProperty [value: MEDIUM]
15:41:14.958 [FXGL Background Thread 3 ] DEBUG Engine               - globalMusicVolume: 0.5
15:41:14.958 [FXGL Background Thread 3 ] DEBUG Engine               - globalMusicVolumeProperty: DoubleProperty [value: 0.5]
15:41:14.958 [FXGL Background Thread 3 ] DEBUG Engine               - globalSoundVolume: 0.5
15:41:14.958 [FXGL Background Thread 3 ] DEBUG Engine               - globalSoundVolumeProperty: DoubleProperty [value: 0.5]
15:41:14.958 [FXGL Background Thread 3 ] DEBUG Engine               - height: 720
15:41:14.958 [FXGL Background Thread 3 ] DEBUG Engine               - is3D: false
15:41:14.958 [FXGL Background Thread 3 ] DEBUG Engine               - isAndroid: false
15:41:14.958 [FXGL Background Thread 3 ] DEBUG Engine               - isBrowser: false
15:41:14.958 [FXGL Background Thread 3 ] DEBUG Engine               - isClickFeedbackEnabled: false
15:41:14.958 [FXGL Background Thread 3 ] DEBUG Engine               - isCloseConfirmation: false
15:41:14.958 [FXGL Background Thread 3 ] DEBUG Engine               - isDesktop: true
15:41:14.958 [FXGL Background Thread 3 ] DEBUG Engine               - isDeveloperMenuEnabled: false
15:41:14.958 [FXGL Background Thread 3 ] DEBUG Engine               - isEmbedded: false
15:41:14.958 [FXGL Background Thread 3 ] DEBUG Engine               - isEntityPreloadEnabled: true
15:41:14.958 [FXGL Background Thread 3 ] DEBUG Engine               - isExperimentalTiledLargeMap: false
15:41:14.958 [FXGL Background Thread 3 ] DEBUG Engine               - isFileSystemWriteAllowed: true
15:41:14.958 [FXGL Background Thread 3 ] DEBUG Engine               - isFullScreenAllowed: true
15:41:14.958 [FXGL Background Thread 3 ] DEBUG Engine               - isFullScreenFromStart: true
15:41:14.959 [FXGL Background Thread 3 ] DEBUG Engine               - isGameMenuEnabled: false
15:41:14.959 [FXGL Background Thread 3 ] DEBUG Engine               - isIOS: false
15:41:14.959 [FXGL Background Thread 3 ] DEBUG Engine               - isIntroEnabled: false
15:41:14.959 [FXGL Background Thread 3 ] DEBUG Engine               - isLinux: false
15:41:14.959 [FXGL Background Thread 3 ] DEBUG Engine               - isMac: false
15:41:14.959 [FXGL Background Thread 3 ] DEBUG Engine               - isMainMenuEnabled: true
15:41:14.959 [FXGL Background Thread 3 ] DEBUG Engine               - isManualResizeEnabled: false
15:41:14.959 [FXGL Background Thread 3 ] DEBUG Engine               - isMobile: false
15:41:14.959 [FXGL Background Thread 3 ] DEBUG Engine               - isNative: false
15:41:14.959 [FXGL Background Thread 3 ] DEBUG Engine               - isPauseMusicWhenMinimized: true
15:41:14.959 [FXGL Background Thread 3 ] DEBUG Engine               - isPreserveResizeRatio: false
15:41:14.959 [FXGL Background Thread 3 ] DEBUG Engine               - isProfilingEnabled: false
15:41:14.959 [FXGL Background Thread 3 ] DEBUG Engine               - isScaleAffectedOnResize: true
15:41:14.959 [FXGL Background Thread 3 ] DEBUG Engine               - isSingleStep: false
15:41:14.959 [FXGL Background Thread 3 ] DEBUG Engine               - isUserProfileEnabled: false
15:41:14.959 [FXGL Background Thread 3 ] DEBUG Engine               - isWindows: true
15:41:14.959 [FXGL Background Thread 3 ] DEBUG Engine               - language: ObjectProperty [value: ENGLISH]
15:41:14.959 [FXGL Background Thread 3 ] DEBUG Engine               - menuKey: ESCAPE
15:41:14.959 [FXGL Background Thread 3 ] DEBUG Engine               - mouseSensitivity: 0.2
15:41:14.959 [FXGL Background Thread 3 ] DEBUG Engine               - notificationViewClass: class com.almasb.fxgl.notification.view.XboxNotificationView
15:41:14.959 [FXGL Background Thread 3 ] DEBUG Engine               - pixelsPerMeter: 50.0
15:41:14.959 [FXGL Background Thread 3 ] DEBUG Engine               - platform: WINDOWS
15:41:14.959 [FXGL Background Thread 3 ] DEBUG Engine               - prefHeightProperty: ReadOnlyDoubleProperty [value: 720.0]
15:41:14.959 [FXGL Background Thread 3 ] DEBUG Engine               - prefWidthProperty: ReadOnlyDoubleProperty [value: 1280.0]
15:41:14.959 [FXGL Background Thread 3 ] DEBUG Engine               - profileDir: profiles/
15:41:14.959 [FXGL Background Thread 3 ] DEBUG Engine               - profileName: StringProperty [value: DEFAULT]
15:41:14.959 [FXGL Background Thread 3 ] DEBUG Engine               - randomSeed: -1
15:41:14.959 [FXGL Background Thread 3 ] DEBUG Engine               - runtimeInfo: RuntimeInfo(platform=WINDOWS, version=21.1, build=27.03.2024 07.52)
15:41:14.959 [FXGL Background Thread 3 ] DEBUG Engine               - saveFileExt: sav
15:41:14.959 [FXGL Background Thread 3 ] DEBUG Engine               - scaledHeightProp$fxgl: DoubleProperty [bound, value: 864.0]
15:41:14.959 [FXGL Background Thread 3 ] DEBUG Engine               - scaledWidthProp$fxgl: DoubleProperty [bound, value: 1536.0]
15:41:14.959 [FXGL Background Thread 3 ] DEBUG Engine               - sceneFactory: com.oop2.typewiz.util.CustomSceneFactory@59a6523e
15:41:14.959 [FXGL Background Thread 3 ] DEBUG Engine               - secondsIn24h: 60
15:41:14.959 [FXGL Background Thread 3 ] DEBUG Engine               - soundMenuBack: menu/back.wav
15:41:14.959 [FXGL Background Thread 3 ] DEBUG Engine               - soundMenuPress: menu/press.wav
15:41:14.959 [FXGL Background Thread 3 ] DEBUG Engine               - soundMenuSelect: menu/select.wav
15:41:14.959 [FXGL Background Thread 3 ] DEBUG Engine               - soundNotification: core/notification.wav
15:41:14.959 [FXGL Background Thread 3 ] DEBUG Engine               - stageStyle: DECORATED
15:41:14.959 [FXGL Background Thread 3 ] DEBUG Engine               - supportedLanguages: [ENGLISH, FRENCH, GERMAN, HUNGARIAN, RUSSIAN]
15:41:14.959 [FXGL Background Thread 3 ] DEBUG Engine               - ticksPerSecond: -1
15:41:14.959 [FXGL Background Thread 3 ] DEBUG Engine               - title: TypeWiz
15:41:14.959 [FXGL Background Thread 3 ] DEBUG Engine               - urlGithub: https://github.com/AlmasB/FXGL
15:41:14.959 [FXGL Background Thread 3 ] DEBUG Engine               - urlLeaderboard: http://fxgl-top.herokuapp.com/
15:41:14.959 [FXGL Background Thread 3 ] DEBUG Engine               - urlPOM: https://raw.githubusercontent.com/AlmasB/FXGL/release/README.md
15:41:14.959 [FXGL Background Thread 3 ] DEBUG Engine               - userAppClass: class com.oop2.typewiz.TypeWizApp
15:41:14.959 [FXGL Background Thread 3 ] DEBUG Engine               - version: 0.0
15:41:14.959 [FXGL Background Thread 3 ] DEBUG Engine               - versionCheckDays: 7
15:41:14.959 [FXGL Background Thread 3 ] DEBUG Engine               - width: 1280
15:41:14.959 [FXGL Background Thread 3 ] DEBUG Engine               - Logging services
15:41:14.959 [FXGL Background Thread 3 ] DEBUG Engine               - class com.almasb.fxgl.app.services.FXGLAssetLoaderService
15:41:14.959 [FXGL Background Thread 3 ] DEBUG Engine               - class com.almasb.fxgl.app.FXGLApplication$GameApplicationService
15:41:14.959 [FXGL Background Thread 3 ] DEBUG Engine               - class com.almasb.fxgl.app.services.FXGLDialogService
15:41:14.959 [FXGL Background Thread 3 ] DEBUG Engine               - class com.almasb.fxgl.app.services.IOTaskExecutorService
15:41:14.959 [FXGL Background Thread 3 ] DEBUG Engine               - class com.almasb.fxgl.io.FileSystemService
15:41:14.959 [FXGL Background Thread 3 ] DEBUG Engine               - class com.almasb.fxgl.localization.LocalizationService
15:41:14.959 [FXGL Background Thread 3 ] DEBUG Engine               - class com.almasb.fxgl.app.services.SystemBundleService
15:41:14.959 [FXGL Background Thread 3 ] DEBUG Engine               - class com.almasb.fxgl.profile.SaveLoadService
15:41:14.961 [FXGL Background Thread 3 ] DEBUG Engine               - class com.almasb.fxgl.ui.FXGLUIFactoryServiceProvider
15:41:14.961 [FXGL Background Thread 3 ] DEBUG Engine               - class com.almasb.fxgl.ui.FXGLDialogFactoryServiceProvider
15:41:14.961 [FXGL Background Thread 3 ] DEBUG Engine               - class com.almasb.fxgl.audio.AudioPlayer
15:41:14.961 [FXGL Background Thread 3 ] DEBUG Engine               - class com.almasb.fxgl.notification.impl.NotificationServiceProvider
15:41:14.961 [FXGL Background Thread 3 ] DEBUG Engine               - class com.almasb.fxgl.achievement.AchievementService
15:41:14.961 [FXGL Background Thread 3 ] DEBUG Engine               - class com.almasb.fxgl.cutscene.CutsceneService
15:41:14.961 [FXGL Background Thread 3 ] DEBUG Engine               - class com.almasb.fxgl.minigames.MiniGameService
15:41:14.961 [FXGL Background Thread 3 ] DEBUG Engine               - class com.almasb.fxgl.net.NetService
15:41:14.961 [FXGL Background Thread 3 ] DEBUG Engine               - class com.almasb.fxgl.app.services.UpdaterService
15:41:14.961 [FXGL Background Thread 3 ] DEBUG Engine               - class com.almasb.fxgl.dev.DevService
15:41:16.711 [JavaFX Application Thread] DEBUG FXGLAssetLoaderServi - Loading from file system: file:/C:/Users/Ruhmer%20Jairus/OOP2-Capstone/target/classes/assets/music/bgm.mp3
15:41:16.714 [JavaFX Application Thread] DEBUG FXGLAssetLoaderServi - Loading from file system: file:/C:/Users/Ruhmer%20Jairus/OOP2-Capstone/target/classes/assets/music/bgm2.mp3
15:41:16.718 [JavaFX Application Thread] DEBUG FXGLAssetLoaderServi - Loading from file system: file:/C:/Users/Ruhmer%20Jairus/OOP2-Capstone/target/classes/assets/sounds/sound-library/type.mp3
15:41:16.719 [JavaFX Application Thread] DEBUG FXGLAssetLoaderServi - Loading from file system: file:/C:/Users/Ruhmer%20Jairus/OOP2-Capstone/target/classes/assets/sounds/sound-library/death.mp3
15:41:16.722 [JavaFX Application Thread] DEBUG FXGLAssetLoaderServi - Loading from file system: file:/C:/Users/Ruhmer%20Jairus/OOP2-Capstone/target/classes/assets/sounds/sound-library/gameover.wav
15:41:16.723 [JavaFX Application Thread] DEBUG FXGLAssetLoaderServi - Loading from file system: file:/C:/Users/Ruhmer%20Jairus/OOP2-Capstone/target/classes/assets/sounds/sound-library/victory.mp3
15:41:16.725 [JavaFX Application Thread] DEBUG FXGLAssetLoaderServi - Loading from file system: file:/C:/Users/Ruhmer%20Jairus/OOP2-Capstone/target/classes/assets/sounds/sound-library/wave.mp3
15:41:16.726 [JavaFX Application Thread] DEBUG FXGLAssetLoaderServi - Loading from file system: file:/C:/Users/Ruhmer%20Jairus/OOP2-Capstone/target/classes/assets/sounds/sound-library/flappingsfx.wav
15:41:16.728 [JavaFX Application Thread] DEBUG FXGLAssetLoaderServi - Loading from file system: file:/C:/Users/Ruhmer%20Jairus/OOP2-Capstone/target/classes/assets/sounds/sound-library/error.mp3
15:41:16.730 [JavaFX Application Thread] DEBUG FXGLAssetLoaderServi - Loading from file system: file:/C:/Users/Ruhmer%20Jairus/OOP2-Capstone/target/classes/assets/sounds/sound-library/spacebar.mp3
15:41:16.731 [JavaFX Application Thread] DEBUG FXGLAssetLoaderServi - Loading from file system: file:/C:/Users/Ruhmer%20Jairus/OOP2-Capstone/target/classes/assets/sounds/sound-library/shift.mp3
15:41:16.733 [JavaFX Application Thread] DEBUG FXGLAssetLoaderServi - Loading from file system: file:/C:/Users/Ruhmer%20Jairus/OOP2-Capstone/target/classes/assets/sounds/sound-library/damage.mp3
15:41:16.734 [JavaFX Application Thread] DEBUG AudioPlayer          - Playing music com.almasb.fxgl.audio.Music@560f6b78
15:41:16.738 [JavaFX Application Thread] DEBUG AudioPlayer          - Playing music com.almasb.fxgl.audio.Music@560f6b78
15:41:16.738 [JavaFX Application Thread] DEBUG PrimaryStageWindow   - Push state: MainMenuScreen
15:41:16.738 [JavaFX Application Thread] DEBUG Input                - Clearing active input actions
15:41:16.739 [JavaFX Application Thread] DEBUG GameApplicationServi - Removing overlay from LoadingScreen and adding to MainMenuScreen
15:41:16.739 [JavaFX Application Thread] DEBUG PrimaryStageWindow   - LoadingScreen -> MainMenuScreen
15:41:17.673 [JavaFX Application Thread] DEBUG PrimaryStageWindow   - Push state: DifficultyMenuScreen
15:41:17.673 [JavaFX Application Thread] DEBUG Input                - Clearing active input actions
15:41:17.674 [JavaFX Application Thread] DEBUG GameApplicationServi - Removing overlay from MainMenuScreen and adding to DifficultyMenuScreen
15:41:17.674 [JavaFX Application Thread] DEBUG PrimaryStageWindow   - MainMenuScreen -> DifficultyMenuScreen
15:41:18.393 [JavaFX Application Thread] DEBUG GameApplicationServi - Starting new game
15:41:18.394 [JavaFX Application Thread] DEBUG PrimaryStageWindow   - Pop state: DifficultyMenuScreen
15:41:18.394 [JavaFX Application Thread] DEBUG Input                - Clearing active input actions
15:41:18.394 [JavaFX Application Thread] DEBUG GameApplicationServi - Removing overlay from DifficultyMenuScreen and adding to MainMenuScreen
15:41:18.395 [JavaFX Application Thread] DEBUG PrimaryStageWindow   - MainMenuScreen <- DifficultyMenuScreen
15:41:18.396 [JavaFX Application Thread] DEBUG PrimaryStageWindow   - Pop state: MainMenuScreen
15:41:18.396 [JavaFX Application Thread] DEBUG Input                - Clearing active input actions
15:41:18.396 [JavaFX Application Thread] DEBUG GameApplicationServi - Removing overlay from MainMenuScreen and adding to LoadingScreen
15:41:18.396 [JavaFX Application Thread] DEBUG PrimaryStageWindow   - LoadingScreen <- MainMenuScreen
15:41:18.396 [JavaFX Application Thread] DEBUG PrimaryStageWindow   - Pop state: LoadingScreen
15:41:18.396 [JavaFX Application Thread] DEBUG Input                - Clearing active input actions
15:41:18.396 [JavaFX Application Thread] DEBUG GameApplicationServi - Removing overlay from LoadingScreen and adding to LoginScreen
15:41:18.396 [JavaFX Application Thread] DEBUG PrimaryStageWindow   - LoginScreen <- LoadingScreen
15:41:18.396 [JavaFX Application Thread] DEBUG PrimaryStageWindow   - Pop state: LoginScreen
15:41:18.396 [JavaFX Application Thread] DEBUG Input                - Clearing active input actions
15:41:18.396 [JavaFX Application Thread] DEBUG GameApplicationServi - Removing overlay from LoginScreen and adding to FXGLMainMenuDummyScene
15:41:18.397 [JavaFX Application Thread] DEBUG PrimaryStageWindow   - FXGLMainMenuDummyScene <- LoginScreen
15:41:18.397 [JavaFX Application Thread] DEBUG Input                - Clearing active input actions
15:41:18.402 [JavaFX Application Thread] DEBUG GameApplicationServi - Removing overlay from FXGLMainMenuDummyScene and adding to FXGLLoadingScene
15:41:18.402 [JavaFX Application Thread] DEBUG PrimaryStageWindow   - FXGLMainMenuDummyScene -> FXGLLoadingScene
15:41:18.402 [JavaFX Application Thread] DEBUG GameApplicationServi - Clearing previous game
15:41:18.402 [JavaFX Application Thread] DEBUG GameScene            - Clearing game scene
15:41:18.402 [JavaFX Application Thread] DEBUG GameWorld            - Clearing game world
15:41:18.405 [JavaFX Application Thread] DEBUG PhysicsWorld         - Clearing physics world
15:41:18.406 [FXGL Background Thread 2 ] DEBUG FXGLApplication      - Initializing game
15:41:18.424 [FXGL Background Thread 2 ] DEBUG FXGLAssetLoaderServi - Loading from file system: file:/C:/Users/Ruhmer%20Jairus/OOP2-Capstone/target/classes/assets/textures/background-and-platforms/bg-midnightpurple_1280_720.png
15:41:18.465 [FXGL Background Thread 2 ] DEBUG FXGLAssetLoaderServi - Loading from file system: file:/C:/Users/Ruhmer%20Jairus/OOP2-Capstone/target/classes/assets/textures/background-and-platforms/hdlargerplatform-purple.png
15:41:18.519 [FXGL Background Thread 2 ] DEBUG FXGLAssetLoaderServi - Loading from file system: file:/C:/Users/Ruhmer%20Jairus/OOP2-Capstone/target/classes/assets/textures/wizard/wizard.png
15:41:18.572 [FXGL Background Thread 2 ] DEBUG FXGLAssetLoaderServi - Loading from file system: file:/C:/Users/Ruhmer%20Jairus/OOP2-Capstone/target/classes/assets/textures/mobs/gargoyle/gargoyle.png
15:41:18.588 [FXGL Background Thread 2 ] DEBUG FXGLAssetLoaderServi - Loading from file system: file:/C:/Users/Ruhmer%20Jairus/OOP2-Capstone/target/classes/assets/textures/mobs/grimouge/grimouge.png
15:41:18.614 [FXGL Background Thread 2 ] DEBUG FXGLAssetLoaderServi - Loading from file system: file:/C:/Users/Ruhmer%20Jairus/OOP2-Capstone/target/classes/assets/textures/mobs/vyleye/vyleye.png
15:41:18.663 [FXGL Background Thread 2 ] INFO  FXGLApplication      - Game initialization took: 0.256 sec
15:41:18.663 [JavaFX Application Thread] DEBUG Input                - Clearing active input actions
15:41:18.668 [JavaFX Application Thread] DEBUG GameApplicationServi - Removing overlay from FXGLLoadingScene and adding to GameScene
15:41:18.668 [JavaFX Application Thread] DEBUG PrimaryStageWindow   - FXGLLoadingScene -> GameScene
15:41:20.403 [JavaFX Application Thread] DEBUG AudioPlayer          - Stopping music com.almasb.fxgl.audio.Music@560f6b78
15:41:20.444 [JavaFX Application Thread] DEBUG AudioPlayer          - Stopping music com.almasb.fxgl.audio.Music@560f6b78
15:43:25.958 [JavaFX Application Thread] DEBUG AudioPlayer          - Playing music com.almasb.fxgl.audio.Music@2597af30
15:43:25.964 [JavaFX Application Thread] DEBUG AudioPlayer          - Stopping music com.almasb.fxgl.audio.Music@2597af30
15:43:25.964 [JavaFX Application Thread] DEBUG AudioPlayer          - Playing music com.almasb.fxgl.audio.Music@560f6b78
15:43:31.313 [JavaFX Application Thread] DEBUG AudioPlayer          - Stopping music com.almasb.fxgl.audio.Music@560f6b78
15:43:31.314 [JavaFX Application Thread] DEBUG AudioPlayer          - Playing music com.almasb.fxgl.audio.Music@560f6b78
15:43:31.315 [JavaFX Application Thread] DEBUG AudioPlayer          - Playing music com.almasb.fxgl.audio.Music@560f6b78
15:43:31.315 [JavaFX Application Thread] DEBUG PrimaryStageWindow   - Push state: MainMenuScreen
15:43:31.315 [JavaFX Application Thread] DEBUG Input                - Clearing active input actions
15:43:31.316 [JavaFX Application Thread] DEBUG GameApplicationServi - Removing overlay from GameScene and adding to MainMenuScreen
15:43:31.316 [JavaFX Application Thread] DEBUG PrimaryStageWindow   - GameScene -> MainMenuScreen
15:43:31.323 [JavaFX Application Thread] DEBUG AudioPlayer          - Stopping music com.almasb.fxgl.audio.Music@560f6b78
15:43:31.325 [JavaFX Application Thread] DEBUG AudioPlayer          - Playing music com.almasb.fxgl.audio.Music@560f6b78
15:43:31.326 [JavaFX Application Thread] DEBUG AudioPlayer          - Playing music com.almasb.fxgl.audio.Music@560f6b78
15:43:31.326 [JavaFX Application Thread] DEBUG PrimaryStageWindow   - Push state: MainMenuScreen
15:43:31.326 [JavaFX Application Thread] DEBUG Input                - Clearing active input actions
15:43:31.326 [JavaFX Application Thread] DEBUG GameApplicationServi - Removing overlay from MainMenuScreen and adding to MainMenuScreen
15:43:31.326 [JavaFX Application Thread] DEBUG PrimaryStageWindow   - MainMenuScreen -> MainMenuScreen
15:43:32.464 [JavaFX Application Thread] DEBUG PrimaryStageWindow   - Push state: DifficultyMenuScreen
15:43:32.464 [JavaFX Application Thread] DEBUG Input                - Clearing active input actions
15:43:32.464 [JavaFX Application Thread] DEBUG GameApplicationServi - Removing overlay from MainMenuScreen and adding to DifficultyMenuScreen
15:43:32.465 [JavaFX Application Thread] DEBUG PrimaryStageWindow   - MainMenuScreen -> DifficultyMenuScreen
15:43:33.224 [JavaFX Application Thread] DEBUG GameApplicationServi - Starting new game
15:43:33.224 [JavaFX Application Thread] DEBUG PrimaryStageWindow   - Pop state: DifficultyMenuScreen
15:43:33.224 [JavaFX Application Thread] DEBUG Input                - Clearing active input actions
15:43:33.224 [JavaFX Application Thread] DEBUG GameApplicationServi - Removing overlay from DifficultyMenuScreen and adding to MainMenuScreen
15:43:33.224 [JavaFX Application Thread] DEBUG PrimaryStageWindow   - MainMenuScreen <- DifficultyMenuScreen
15:43:33.225 [JavaFX Application Thread] DEBUG PrimaryStageWindow   - Pop state: MainMenuScreen
15:43:33.225 [JavaFX Application Thread] DEBUG Input                - Clearing active input actions
15:43:33.225 [JavaFX Application Thread] DEBUG GameApplicationServi - Removing overlay from MainMenuScreen and adding to MainMenuScreen
15:43:33.225 [JavaFX Application Thread] DEBUG PrimaryStageWindow   - MainMenuScreen <- MainMenuScreen
15:43:33.225 [JavaFX Application Thread] DEBUG PrimaryStageWindow   - Pop state: MainMenuScreen
15:43:33.225 [JavaFX Application Thread] DEBUG Input                - Clearing active input actions
15:43:33.225 [JavaFX Application Thread] DEBUG GameApplicationServi - Removing overlay from MainMenuScreen and adding to GameScene
15:43:33.225 [JavaFX Application Thread] DEBUG PrimaryStageWindow   - GameScene <- MainMenuScreen
15:43:33.225 [JavaFX Application Thread] DEBUG Input                - Clearing active input actions
15:43:33.228 [JavaFX Application Thread] DEBUG GameApplicationServi - Removing overlay from GameScene and adding to FXGLLoadingScene
15:43:33.228 [JavaFX Application Thread] DEBUG PrimaryStageWindow   - GameScene -> FXGLLoadingScene
15:43:33.228 [JavaFX Application Thread] DEBUG GameApplicationServi - Clearing previous game
15:43:33.228 [JavaFX Application Thread] DEBUG GameScene            - Clearing game scene
15:43:33.228 [JavaFX Application Thread] DEBUG GameWorld            - Clearing game world
15:43:33.228 [JavaFX Application Thread] DEBUG PhysicsWorld         - Clearing physics world
15:43:33.229 [FXGL Background Thread 5 ] DEBUG FXGLApplication      - Initializing game
15:43:33.231 [FXGL Background Thread 5 ] DEBUG FXGLAssetLoaderServi - Loading from file system: file:/C:/Users/Ruhmer%20Jairus/OOP2-Capstone/target/classes/assets/textures/background-and-platforms/bg-winter_1280_720.png
15:43:33.246 [FXGL Background Thread 5 ] DEBUG FXGLAssetLoaderServi - Loading from file system: file:/C:/Users/Ruhmer%20Jairus/OOP2-Capstone/target/classes/assets/textures/background-and-platforms/hdlargerplatform-winter.png
15:43:33.290 [FXGL Background Thread 5 ] INFO  FXGLApplication      - Game initialization took: 0.061 sec
15:43:33.290 [JavaFX Application Thread] DEBUG Input                - Clearing active input actions
15:43:33.295 [JavaFX Application Thread] DEBUG GameApplicationServi - Removing overlay from FXGLLoadingScene and adding to GameScene
15:43:33.295 [JavaFX Application Thread] DEBUG PrimaryStageWindow   - FXGLLoadingScene -> GameScene
15:43:35.229 [JavaFX Application Thread] DEBUG AudioPlayer          - Stopping music com.almasb.fxgl.audio.Music@560f6b78
15:43:35.229 [JavaFX Application Thread] DEBUG AudioPlayer          - Stopping music com.almasb.fxgl.audio.Music@560f6b78
15:43:35.231 [JavaFX Application Thread] DEBUG AudioPlayer          - Stopping music com.almasb.fxgl.audio.Music@560f6b78
15:43:38.049 [JavaFX Application Thread] DEBUG AudioPlayer          - Playing music com.almasb.fxgl.audio.Music@560f6b78
15:43:38.049 [JavaFX Application Thread] DEBUG AudioPlayer          - Playing music com.almasb.fxgl.audio.Music@560f6b78
15:43:38.049 [JavaFX Application Thread] DEBUG PrimaryStageWindow   - Push state: MainMenuScreen
15:43:38.049 [JavaFX Application Thread] DEBUG Input                - Clearing active input actions
15:43:38.051 [JavaFX Application Thread] DEBUG GameApplicationServi - Removing overlay from GameScene and adding to MainMenuScreen
15:43:38.051 [JavaFX Application Thread] DEBUG PrimaryStageWindow   - GameScene -> MainMenuScreen
15:43:38.056 [JavaFX Application Thread] DEBUG AudioPlayer          - Stopping music com.almasb.fxgl.audio.Music@560f6b78
15:43:38.056 [JavaFX Application Thread] DEBUG AudioPlayer          - Playing music com.almasb.fxgl.audio.Music@560f6b78
15:43:38.057 [JavaFX Application Thread] DEBUG AudioPlayer          - Playing music com.almasb.fxgl.audio.Music@560f6b78
15:43:38.057 [JavaFX Application Thread] DEBUG PrimaryStageWindow   - Push state: MainMenuScreen
15:43:38.057 [JavaFX Application Thread] DEBUG Input                - Clearing active input actions
15:43:38.057 [JavaFX Application Thread] DEBUG GameApplicationServi - Removing overlay from MainMenuScreen and adding to MainMenuScreen
15:43:38.057 [JavaFX Application Thread] DEBUG PrimaryStageWindow   - MainMenuScreen -> MainMenuScreen
15:43:39.249 [JavaFX Application Thread] DEBUG FXGLApplication      - Exiting FXGL
15:43:39.249 [JavaFX Application Thread] DEBUG LoopRunner           - Stopping loop
15:43:39.249 [JavaFX Application Thread] DEBUG SystemBundleService  - Saving FXGL system data
15:43:39.251 [JavaFX Application Thread] DEBUG FileSystemAccess     - Writing to: C:\Users\Ruhmer Jairus\OOP2-Capstone\system\fxgl.bundle
15:43:39.255 [JavaFX Application Thread] DEBUG Async                - Shutting down background threads
15:43:39.255 [JavaFX Application Thread] DEBUG PrimaryStageWindow   - Closing main window
15:43:39.276 [JavaFX Application Thread] DEBUG Logger               - Closing Logger
