15:15:49.834 [main                     ] DEBUG Logger               - Configured Logger
15:15:49.890 [main                     ] DEBUG GameApplication      - Logging settings
Title: TypeWiz
Version: 0.0
Width: 1550
Height: 800
Fullscreen: false
Intro: false
Profiling: false
Single step:false
App Mode: DEVELOPER
Menu Key: ESCAPE
Stage Style: DECORATED
Scene Factory: class com.almasb.fxgl.app.scene.SceneFactory

15:15:50.683 [JavaFX Application Thread] DEBUG FXGLApplication      - Initializing FXGL
15:15:50.695 [JavaFX Application Thread] INFO  Engine               - FXGL-21.1 (27.03.2024 07.52) on MAC (J:23.0.1 FX:19)
15:15:50.696 [JavaFX Application Thread] DEBUG Engine               - JRE Vendor Name: Oracle Corporation
15:15:50.696 [JavaFX Application Thread] DEBUG Engine               - Running on OS: Mac OS X version 10.15.7
15:15:50.696 [JavaFX Application Thread] DEBUG Engine               - Architecture: x86_64
15:15:50.697 [JavaFX Application Thread] INFO  Engine               - Source code and latest versions at: https://github.com/AlmasB/FXGL
15:15:50.697 [JavaFX Application Thread] INFO  Engine               -       Ask questions and discuss at: https://github.com/AlmasB/FXGL/discussions
15:15:50.697 [JavaFX Application Thread] INFO  Engine               -              Join the FXGL chat at: https://gitter.im/AlmasB/FXGL
15:15:50.896 [JavaFX Application Thread] DEBUG PrimaryStageWindow   - Creating a JavaFX scene
15:15:50.896 [JavaFX Application Thread] DEBUG PrimaryStageWindow   - Target size > screen size
15:15:51.000 [JavaFX Application Thread] DEBUG PrimaryStageWindow   - Target settings size: 1550.0 x 800.0
15:15:51.000 [JavaFX Application Thread] DEBUG PrimaryStageWindow   - Scaled scene size:    1255.0 x 660.0
15:15:51.001 [JavaFX Application Thread] DEBUG PrimaryStageWindow   - Scaled ratio: (0.8096774193548387, 0.825)
15:15:51.003 [JavaFX Application Thread] DEBUG PrimaryStageWindow   - Set initial scene to FXGLStartupScene
15:15:51.010 [JavaFX Application Thread] DEBUG PrimaryStageWindow   - Opening main window
15:15:51.156 [JavaFX Application Thread] DEBUG PrimaryStageWindow   - Window border size: (0.0, 22.0)
15:15:51.156 [JavaFX Application Thread] DEBUG PrimaryStageWindow   - Scaled size: 1255.0 x 660.0
15:15:51.157 [JavaFX Application Thread] DEBUG PrimaryStageWindow   - Scaled ratio: (0.8096774193548387, 0.825)
15:15:51.157 [JavaFX Application Thread] DEBUG PrimaryStageWindow   - Scene size: 1255.0 x 660.0
15:15:51.157 [JavaFX Application Thread] DEBUG PrimaryStageWindow   - Stage size: 1255.0 x 682.0
15:15:51.188 [FXGL Background Thread 1 ] DEBUG Engine               - Initializing environment variables
15:15:51.480 [FXGL Background Thread 1 ] DEBUG FXGLAssetLoaderServi - User app class for loading assets: class com.oop2.typewiz.TypeWizApp
15:15:51.481 [FXGL Background Thread 1 ] DEBUG GameApplicationServi - Applying CSS: fxgl_dark.css
15:15:51.482 [FXGL Background Thread 1 ] DEBUG FXGLAssetLoaderServi - Loading from file system: jar:file:///Users/archiecabiso/.m2/repository/com/github/almasb/fxgl/21.1/fxgl-21.1.jar!/fxglassets/ui/css/fxgl_dark.css
15:15:51.663 [FXGL Background Thread 1 ] DEBUG GameApplicationServi - Initializing application scenes
15:15:52.393 [FXGL Background Thread 1 ] DEBUG GameWorld            - Game world initialized
15:15:52.457 [FXGL Background Thread 1 ] DEBUG PhysicsWorld         - Physics world initialized: appHeight=800, physics.ppm=50.0
15:15:52.458 [FXGL Background Thread 1 ] DEBUG PhysicsWorld         - Using strategy: BRUTE_FORCE
15:15:52.463 [FXGL Background Thread 1 ] DEBUG GameScene            - Game scene initialized: 1550x800
15:15:52.477 [FXGL Background Thread 1 ] DEBUG FXGL.DefaultMenu     - createMenuBodyGameMenu()
15:15:52.500 [FXGL Background Thread 1 ] DEBUG FXGL.DefaultMenu     - createOptionsMenu()
15:15:52.514 [FXGL Background Thread 1 ] DEBUG FXGLAssetLoaderServi - Loading from file system: jar:file:///Users/archiecabiso/.m2/repository/com/github/almasb/fxgl/21.1/fxgl-21.1.jar!/fxglassets/textures/particles/smoke.png
15:15:52.633 [FXGL Background Thread 1 ] DEBUG FXGLAssetLoaderServi - Loading from file system: jar:file:///Users/archiecabiso/.m2/repository/com/github/almasb/fxgl/21.1/fxgl-21.1.jar!/fxglassets/textures/particles/trace_horizontal.png
15:15:52.670 [FXGL Background Thread 1 ] DEBUG GameApplicationServi - Application scenes initialized
15:15:52.689 [FXGL Background Thread 1 ] DEBUG SystemBundleService  - Loading FXGL system data
15:15:52.697 [FXGL Background Thread 1 ] DEBUG FileSystemAccess     - Reading from: /Users/archiecabiso/Documents/2nd Year - CS/2nd Sem/CSIT228/OOP2-Capstone/system/fxgl.bundle
15:15:52.709 [FXGL Background Thread 1 ] DEBUG SystemBundleService  - Bundle FXGL: {}
15:15:52.709 [FXGL Background Thread 1 ] DEBUG UpdaterService       - Checking for updates
15:15:52.713 [FXGL Background Thread 4 ] DEBUG FXGLApplication      - Loading fonts
15:15:52.714 [FXGL Background Thread 4 ] DEBUG FXGLAssetLoaderServi - Loading from file system: jar:file:///Users/archiecabiso/.m2/repository/com/github/almasb/fxgl/21.1/fxgl-21.1.jar!/fxglassets/ui/fonts/VarelaRound-Regular.ttf
15:15:52.717 [FXGL Background Thread 1 ] DEBUG FXGLApplication      - Loading default localization
15:15:52.718 [FXGL Background Thread 1 ] DEBUG FXGLAssetLoaderServi - Loading from file system: jar:file:///Users/archiecabiso/.m2/repository/com/github/almasb/fxgl/21.1/fxgl-21.1.jar!/fxglassets/languages/english.lang
15:15:52.733 [FXGL Background Thread 4 ] DEBUG FXGLAssetLoaderServi - Loading from file system: jar:file:///Users/archiecabiso/.m2/repository/com/github/almasb/fxgl/21.1/fxgl-21.1.jar!/fxglassets/ui/fonts/Abel-Regular.ttf
15:15:52.736 [FXGL Background Thread 4 ] DEBUG FXGLAssetLoaderServi - Loading from file system: jar:file:///Users/archiecabiso/.m2/repository/com/github/almasb/fxgl/21.1/fxgl-21.1.jar!/fxglassets/ui/fonts/TerminalLandMono-Regular.otf
15:15:52.740 [FXGL Background Thread 4 ] DEBUG FXGLAssetLoaderServi - Loading from file system: jar:file:///Users/archiecabiso/.m2/repository/com/github/almasb/fxgl/21.1/fxgl-21.1.jar!/fxglassets/ui/fonts/Courier-Prime.ttf
15:15:52.746 [JavaFX Application Thread] DEBUG FXGLApplication      - Registering font factories with UI factory
15:15:52.755 [FXGL Background Thread 1 ] INFO  FXGLApplication      - FXGL initialization took: 1.567 sec
15:15:52.756 [JavaFX Application Thread] DEBUG FXGLAssetLoaderServi - Loading from file system: jar:file:///Users/archiecabiso/.m2/repository/com/github/almasb/fxgl/21.1/fxgl-21.1.jar!/fxglassets/textures/fxgl_icon.png
15:15:52.785 [JavaFX Application Thread] DEBUG FXGLAssetLoaderServi - Loading from file system: jar:file:///Users/archiecabiso/.m2/repository/com/github/almasb/fxgl/21.1/fxgl-21.1.jar!/fxglassets/textures/fxgl_default_cursor.png
15:15:52.803 [JavaFX Application Thread] DEBUG Input                - Registered new binding: Screenshot - CTRL+8
15:15:52.803 [JavaFX Application Thread] DEBUG Input                - Registered new binding: System info dump - CTRL+9
15:15:52.804 [JavaFX Application Thread] DEBUG Input                - Registered new binding: Restart - CTRL+R
15:15:52.805 [JavaFX Application Thread] DEBUG Input                - Registered new binding: Toggle Debug Camera - CTRL+7
15:15:52.808 [JavaFX Application Thread] DEBUG LoopRunner           - Starting loop
15:15:52.808 [JavaFX Application Thread] DEBUG LoopRunner           - Initializing JavaFX AnimationTimerLoop
15:15:52.810 [JavaFX Application Thread] DEBUG GameApplicationServi - Starting new game
15:15:52.811 [JavaFX Application Thread] DEBUG Input                - Clearing active input actions
15:15:52.829 [JavaFX Application Thread] DEBUG GameApplicationServi - Removing overlay from FXGLStartupScene and adding to FXGLLoadingScene
15:15:52.830 [JavaFX Application Thread] DEBUG PrimaryStageWindow   - FXGLStartupScene -> FXGLLoadingScene
15:15:52.830 [JavaFX Application Thread] DEBUG GameApplicationServi - Clearing previous game
15:15:52.830 [JavaFX Application Thread] DEBUG GameScene            - Clearing game scene
15:15:52.830 [JavaFX Application Thread] DEBUG GameWorld            - Clearing game world
15:15:52.831 [JavaFX Application Thread] DEBUG PhysicsWorld         - Clearing physics world
15:15:52.836 [FXGL Background Thread 1 ] DEBUG FXGLApplication      - Initializing game
15:15:53.630 [FXGL Background Thread 1 ] INFO  FXGLApplication      - Game initialization took: 0.794 sec
15:15:53.631 [JavaFX Application Thread] DEBUG Input                - Clearing active input actions
15:15:53.660 [JavaFX Application Thread] DEBUG GameApplicationServi - Removing overlay from FXGLLoadingScene and adding to GameScene
15:15:53.660 [JavaFX Application Thread] DEBUG PrimaryStageWindow   - FXGLLoadingScene -> GameScene
15:15:55.713 [FXGL Background Thread 3 ] DEBUG Engine               - Logging environment variables
15:15:55.714 [FXGL Background Thread 3 ] DEBUG Engine               - achievements: []
15:15:55.714 [FXGL Background Thread 3 ] DEBUG Engine               - actualHeight: 660.0
15:15:55.714 [FXGL Background Thread 3 ] DEBUG Engine               - actualHeightProperty: ReadOnlyDoubleProperty [value: 660.0]
15:15:55.714 [FXGL Background Thread 3 ] DEBUG Engine               - actualWidth: 1255.0
15:15:55.714 [FXGL Background Thread 3 ] DEBUG Engine               - actualWidthProperty: ReadOnlyDoubleProperty [value: 1255.0]
15:15:55.714 [FXGL Background Thread 3 ] DEBUG Engine               - appIcon: fxgl_icon.png
15:15:55.714 [FXGL Background Thread 3 ] DEBUG Engine               - applicationMode: DEVELOPER
15:15:55.714 [FXGL Background Thread 3 ] DEBUG Engine               - cSSList: [fxgl_dark.css]
15:15:55.714 [FXGL Background Thread 3 ] DEBUG Engine               - collisionDetectionStrategy: BRUTE_FORCE
15:15:55.715 [FXGL Background Thread 3 ] DEBUG Engine               - configClass: Optional.empty
15:15:55.715 [FXGL Background Thread 3 ] DEBUG Engine               - credits: []
15:15:55.715 [FXGL Background Thread 3 ] DEBUG Engine               - defaultCursor: CursorInfo(imageName=fxgl_default_cursor.png, hotspotX=7.0, hotspotY=6.0)
15:15:55.716 [FXGL Background Thread 3 ] DEBUG Engine               - devBBoxColorProperty: ObjectProperty [value: 0xff0000ff]
15:15:55.716 [FXGL Background Thread 3 ] DEBUG Engine               - devEnableDebugCameraProperty: BooleanProperty [value: false]
15:15:55.716 [FXGL Background Thread 3 ] DEBUG Engine               - devSensorColorProperty: ObjectProperty [value: 0xffff00ff]
15:15:55.717 [FXGL Background Thread 3 ] DEBUG Engine               - devShowBBoxProperty: BooleanProperty [value: false]
15:15:55.717 [FXGL Background Thread 3 ] DEBUG Engine               - devShowPositionProperty: BooleanProperty [value: false]
15:15:55.717 [FXGL Background Thread 3 ] DEBUG Engine               - enabledMenuItems: []
15:15:55.717 [FXGL Background Thread 3 ] DEBUG Engine               - engineServices: [class com.almasb.fxgl.app.services.FXGLAssetLoaderService, class com.almasb.fxgl.app.FXGLApplication$GameApplicationService, class com.almasb.fxgl.app.services.FXGLDialogService, class com.almasb.fxgl.app.services.IOTaskExecutorService, class com.almasb.fxgl.io.FileSystemService, class com.almasb.fxgl.localization.LocalizationService, class com.almasb.fxgl.app.services.SystemBundleService, class com.almasb.fxgl.profile.SaveLoadService, class com.almasb.fxgl.ui.FXGLUIFactoryServiceProvider, class com.almasb.fxgl.ui.FXGLDialogFactoryServiceProvider, class com.almasb.fxgl.audio.AudioPlayer, class com.almasb.fxgl.notification.impl.NotificationServiceProvider, class com.almasb.fxgl.achievement.AchievementService, class com.almasb.fxgl.cutscene.CutsceneService, class com.almasb.fxgl.minigames.MiniGameService, class com.almasb.fxgl.net.NetService, class com.almasb.fxgl.app.services.UpdaterService, class com.almasb.fxgl.dev.DevService]
15:15:55.717 [FXGL Background Thread 3 ] DEBUG Engine               - fontGame: Abel-Regular.ttf
15:15:55.717 [FXGL Background Thread 3 ] DEBUG Engine               - fontMono: TerminalLandMono-Regular.otf
15:15:55.718 [FXGL Background Thread 3 ] DEBUG Engine               - fontSizeScaleUI: 1.0
15:15:55.718 [FXGL Background Thread 3 ] DEBUG Engine               - fontText: Courier-Prime.ttf
15:15:55.718 [FXGL Background Thread 3 ] DEBUG Engine               - fontUI: VarelaRound-Regular.ttf
15:15:55.718 [FXGL Background Thread 3 ] DEBUG Engine               - fullScreen: BooleanProperty [value: false]
15:15:55.718 [FXGL Background Thread 3 ] DEBUG Engine               - gameDifficulty: MEDIUM
15:15:55.718 [FXGL Background Thread 3 ] DEBUG Engine               - gameDifficultyProperty: ObjectProperty [value: MEDIUM]
15:15:55.718 [FXGL Background Thread 3 ] DEBUG Engine               - globalMusicVolume: 0.5
15:15:55.718 [FXGL Background Thread 3 ] DEBUG Engine               - globalMusicVolumeProperty: DoubleProperty [value: 0.5]
15:15:55.719 [FXGL Background Thread 3 ] DEBUG Engine               - globalSoundVolume: 0.5
15:15:55.719 [FXGL Background Thread 3 ] DEBUG Engine               - globalSoundVolumeProperty: DoubleProperty [value: 0.5]
15:15:55.719 [FXGL Background Thread 3 ] DEBUG Engine               - height: 800
15:15:55.719 [FXGL Background Thread 3 ] DEBUG Engine               - is3D: false
15:15:55.719 [FXGL Background Thread 3 ] DEBUG Engine               - isAndroid: false
15:15:55.719 [FXGL Background Thread 3 ] DEBUG Engine               - isBrowser: false
15:15:55.719 [FXGL Background Thread 3 ] DEBUG Engine               - isClickFeedbackEnabled: false
15:15:55.719 [FXGL Background Thread 3 ] DEBUG Engine               - isCloseConfirmation: false
15:15:55.719 [FXGL Background Thread 3 ] DEBUG Engine               - isDesktop: true
15:15:55.719 [FXGL Background Thread 3 ] DEBUG Engine               - isDeveloperMenuEnabled: false
15:15:55.719 [FXGL Background Thread 3 ] DEBUG Engine               - isEmbedded: false
15:15:55.720 [FXGL Background Thread 3 ] DEBUG Engine               - isEntityPreloadEnabled: true
15:15:55.720 [FXGL Background Thread 3 ] DEBUG Engine               - isExperimentalTiledLargeMap: false
15:15:55.720 [FXGL Background Thread 3 ] DEBUG Engine               - isFileSystemWriteAllowed: true
15:15:55.720 [FXGL Background Thread 3 ] DEBUG Engine               - isFullScreenAllowed: false
15:15:55.720 [FXGL Background Thread 3 ] DEBUG Engine               - isFullScreenFromStart: false
15:15:55.720 [FXGL Background Thread 3 ] DEBUG Engine               - isGameMenuEnabled: true
15:15:55.720 [FXGL Background Thread 3 ] DEBUG Engine               - isIOS: false
15:15:55.720 [FXGL Background Thread 3 ] DEBUG Engine               - isIntroEnabled: false
15:15:55.720 [FXGL Background Thread 3 ] DEBUG Engine               - isLinux: false
15:15:55.720 [FXGL Background Thread 3 ] DEBUG Engine               - isMac: true
15:15:55.720 [FXGL Background Thread 3 ] DEBUG Engine               - isMainMenuEnabled: false
15:15:55.720 [FXGL Background Thread 3 ] DEBUG Engine               - isManualResizeEnabled: false
15:15:55.720 [FXGL Background Thread 3 ] DEBUG Engine               - isMobile: false
15:15:55.720 [FXGL Background Thread 3 ] DEBUG Engine               - isNative: false
15:15:55.720 [FXGL Background Thread 3 ] DEBUG Engine               - isPauseMusicWhenMinimized: true
15:15:55.720 [FXGL Background Thread 3 ] DEBUG Engine               - isPreserveResizeRatio: false
15:15:55.721 [FXGL Background Thread 3 ] DEBUG Engine               - isProfilingEnabled: false
15:15:55.721 [FXGL Background Thread 3 ] DEBUG Engine               - isScaleAffectedOnResize: true
15:15:55.721 [FXGL Background Thread 3 ] DEBUG Engine               - isSingleStep: false
15:15:55.721 [FXGL Background Thread 3 ] DEBUG Engine               - isUserProfileEnabled: false
15:15:55.721 [FXGL Background Thread 3 ] DEBUG Engine               - isWindows: false
15:15:55.721 [FXGL Background Thread 3 ] DEBUG Engine               - language: ObjectProperty [value: ENGLISH]
15:15:55.721 [FXGL Background Thread 3 ] DEBUG Engine               - menuKey: ESCAPE
15:15:55.721 [FXGL Background Thread 3 ] DEBUG Engine               - mouseSensitivity: 0.2
15:15:55.721 [FXGL Background Thread 3 ] DEBUG Engine               - notificationViewClass: class com.almasb.fxgl.notification.view.XboxNotificationView
15:15:55.721 [FXGL Background Thread 3 ] DEBUG Engine               - pixelsPerMeter: 50.0
15:15:55.721 [FXGL Background Thread 3 ] DEBUG Engine               - platform: MAC
15:15:55.721 [FXGL Background Thread 3 ] DEBUG Engine               - prefHeightProperty: ReadOnlyDoubleProperty [value: 800.0]
15:15:55.721 [FXGL Background Thread 3 ] DEBUG Engine               - prefWidthProperty: ReadOnlyDoubleProperty [value: 1550.0]
15:15:55.721 [FXGL Background Thread 3 ] DEBUG Engine               - profileDir: profiles/
15:15:55.721 [FXGL Background Thread 3 ] DEBUG Engine               - profileName: StringProperty [value: DEFAULT]
15:15:55.722 [FXGL Background Thread 3 ] DEBUG Engine               - randomSeed: -1
15:15:55.722 [FXGL Background Thread 3 ] DEBUG Engine               - runtimeInfo: RuntimeInfo(platform=MAC, version=21.1, build=27.03.2024 07.52)
15:15:55.722 [FXGL Background Thread 3 ] DEBUG Engine               - saveFileExt: sav
15:15:55.722 [FXGL Background Thread 3 ] DEBUG Engine               - scaledHeightProp$fxgl: DoubleProperty [bound, value: 660.0]
15:15:55.722 [FXGL Background Thread 3 ] DEBUG Engine               - scaledWidthProp$fxgl: DoubleProperty [bound, value: 1255.0]
15:15:55.722 [FXGL Background Thread 3 ] DEBUG Engine               - sceneFactory: com.almasb.fxgl.app.scene.SceneFactory@ef28c74
15:15:55.722 [FXGL Background Thread 3 ] DEBUG Engine               - secondsIn24h: 60
15:15:55.722 [FXGL Background Thread 3 ] DEBUG Engine               - soundMenuBack: menu/back.wav
15:15:55.722 [FXGL Background Thread 3 ] DEBUG Engine               - soundMenuPress: menu/press.wav
15:15:55.722 [FXGL Background Thread 3 ] DEBUG Engine               - soundMenuSelect: menu/select.wav
15:15:55.722 [FXGL Background Thread 3 ] DEBUG Engine               - soundNotification: core/notification.wav
15:15:55.722 [FXGL Background Thread 3 ] DEBUG Engine               - stageStyle: DECORATED
15:15:55.723 [FXGL Background Thread 3 ] DEBUG Engine               - supportedLanguages: [ENGLISH, FRENCH, GERMAN, HUNGARIAN, RUSSIAN]
15:15:55.723 [FXGL Background Thread 3 ] DEBUG Engine               - ticksPerSecond: -1
15:15:55.723 [FXGL Background Thread 3 ] DEBUG Engine               - title: TypeWiz
15:15:55.723 [FXGL Background Thread 3 ] DEBUG Engine               - urlGithub: https://github.com/AlmasB/FXGL
15:15:55.723 [FXGL Background Thread 3 ] DEBUG Engine               - urlLeaderboard: http://fxgl-top.herokuapp.com/
15:15:55.723 [FXGL Background Thread 3 ] DEBUG Engine               - urlPOM: https://raw.githubusercontent.com/AlmasB/FXGL/release/README.md
15:15:55.723 [FXGL Background Thread 3 ] DEBUG Engine               - userAppClass: class com.oop2.typewiz.TypeWizApp
15:15:55.723 [FXGL Background Thread 3 ] DEBUG Engine               - version: 0.0
15:15:55.723 [FXGL Background Thread 3 ] DEBUG Engine               - versionCheckDays: 7
15:15:55.724 [FXGL Background Thread 3 ] DEBUG Engine               - width: 1550
15:15:55.724 [FXGL Background Thread 3 ] DEBUG Engine               - Logging services
15:15:55.724 [FXGL Background Thread 3 ] DEBUG Engine               - class com.almasb.fxgl.app.services.FXGLAssetLoaderService
15:15:55.724 [FXGL Background Thread 3 ] DEBUG Engine               - class com.almasb.fxgl.app.FXGLApplication$GameApplicationService
15:15:55.724 [FXGL Background Thread 3 ] DEBUG Engine               - class com.almasb.fxgl.app.services.FXGLDialogService
15:15:55.724 [FXGL Background Thread 3 ] DEBUG Engine               - class com.almasb.fxgl.app.services.IOTaskExecutorService
15:15:55.724 [FXGL Background Thread 3 ] DEBUG Engine               - class com.almasb.fxgl.io.FileSystemService
15:15:55.724 [FXGL Background Thread 3 ] DEBUG Engine               - class com.almasb.fxgl.localization.LocalizationService
15:15:55.725 [FXGL Background Thread 3 ] DEBUG Engine               - class com.almasb.fxgl.app.services.SystemBundleService
15:15:55.725 [FXGL Background Thread 3 ] DEBUG Engine               - class com.almasb.fxgl.profile.SaveLoadService
15:15:55.725 [FXGL Background Thread 3 ] DEBUG Engine               - class com.almasb.fxgl.ui.FXGLUIFactoryServiceProvider
15:15:55.725 [FXGL Background Thread 3 ] DEBUG Engine               - class com.almasb.fxgl.ui.FXGLDialogFactoryServiceProvider
15:15:55.725 [FXGL Background Thread 3 ] DEBUG Engine               - class com.almasb.fxgl.audio.AudioPlayer
15:15:55.725 [FXGL Background Thread 3 ] DEBUG Engine               - class com.almasb.fxgl.notification.impl.NotificationServiceProvider
15:15:55.725 [FXGL Background Thread 3 ] DEBUG Engine               - class com.almasb.fxgl.achievement.AchievementService
15:15:55.725 [FXGL Background Thread 3 ] DEBUG Engine               - class com.almasb.fxgl.cutscene.CutsceneService
15:15:55.725 [FXGL Background Thread 3 ] DEBUG Engine               - class com.almasb.fxgl.minigames.MiniGameService
15:15:55.725 [FXGL Background Thread 3 ] DEBUG Engine               - class com.almasb.fxgl.net.NetService
15:15:55.725 [FXGL Background Thread 3 ] DEBUG Engine               - class com.almasb.fxgl.app.services.UpdaterService
15:15:55.726 [FXGL Background Thread 3 ] DEBUG Engine               - class com.almasb.fxgl.dev.DevService
15:15:56.199 [JavaFX Application Thread] DEBUG FXGLAssetLoaderServi - Loading from file system: file:/Users/archiecabiso/Documents/2nd%20Year%20-%20CS/2nd%20Sem/CSIT228/OOP2-Capstone/target/classes/assets/sounds/sound-library/click.wav
15:16:10.610 [JavaFX Application Thread] DEBUG PrimaryStageWindow   - Push state: DifficultyMenuScreen
15:16:10.611 [JavaFX Application Thread] DEBUG Input                - Clearing active input actions
15:16:10.615 [JavaFX Application Thread] DEBUG GameApplicationServi - Removing overlay from GameScene and adding to DifficultyMenuScreen
15:16:10.620 [JavaFX Application Thread] DEBUG PrimaryStageWindow   - GameScene -> DifficultyMenuScreen
15:16:17.749 [JavaFX Application Thread] DEBUG GameApplicationServi - Starting new game
15:16:17.751 [JavaFX Application Thread] DEBUG PrimaryStageWindow   - Pop state: DifficultyMenuScreen
15:16:17.751 [JavaFX Application Thread] DEBUG Input                - Clearing active input actions
15:16:17.753 [JavaFX Application Thread] DEBUG GameApplicationServi - Removing overlay from DifficultyMenuScreen and adding to GameScene
15:16:17.755 [JavaFX Application Thread] DEBUG PrimaryStageWindow   - GameScene <- DifficultyMenuScreen
15:16:17.756 [JavaFX Application Thread] DEBUG Input                - Clearing active input actions
15:16:17.770 [JavaFX Application Thread] DEBUG GameApplicationServi - Removing overlay from GameScene and adding to FXGLLoadingScene
15:16:17.770 [JavaFX Application Thread] DEBUG PrimaryStageWindow   - GameScene -> FXGLLoadingScene
15:16:17.770 [JavaFX Application Thread] DEBUG GameApplicationServi - Clearing previous game
15:16:17.770 [JavaFX Application Thread] DEBUG GameScene            - Clearing game scene
15:16:17.770 [JavaFX Application Thread] DEBUG GameWorld            - Clearing game world
15:16:17.771 [JavaFX Application Thread] DEBUG PhysicsWorld         - Clearing physics world
15:16:17.772 [FXGL Background Thread 2 ] DEBUG FXGLApplication      - Initializing game
15:16:18.099 [FXGL Background Thread 2 ] INFO  FXGLApplication      - Game initialization took: 0.327 sec
15:16:18.101 [JavaFX Application Thread] DEBUG Input                - Clearing active input actions
15:16:18.123 [JavaFX Application Thread] DEBUG GameApplicationServi - Removing overlay from FXGLLoadingScene and adding to GameScene
15:16:18.124 [JavaFX Application Thread] DEBUG PrimaryStageWindow   - FXGLLoadingScene -> GameScene
15:16:22.330 [JavaFX Application Thread] DEBUG PrimaryStageWindow   - Push state: DialogSubScene
15:16:22.330 [JavaFX Application Thread] DEBUG Input                - Clearing active input actions
15:16:22.331 [JavaFX Application Thread] DEBUG GameApplicationServi - Removing overlay from GameScene and adding to DialogSubScene
15:16:22.331 [JavaFX Application Thread] DEBUG PrimaryStageWindow   - GameScene -> DialogSubScene
15:16:25.218 [JavaFX Application Thread] DEBUG PrimaryStageWindow   - Pop state: DialogSubScene
15:16:25.218 [JavaFX Application Thread] DEBUG Input                - Clearing active input actions
15:16:25.219 [JavaFX Application Thread] DEBUG GameApplicationServi - Removing overlay from DialogSubScene and adding to GameScene
15:16:25.219 [JavaFX Application Thread] DEBUG PrimaryStageWindow   - GameScene <- DialogSubScene
15:16:27.875 [JavaFX Application Thread] DEBUG FXGLApplication      - Exiting FXGL
15:16:27.875 [JavaFX Application Thread] DEBUG LoopRunner           - Stopping loop
15:16:27.875 [JavaFX Application Thread] DEBUG SystemBundleService  - Saving FXGL system data
15:16:27.877 [JavaFX Application Thread] DEBUG FileSystemAccess     - Writing to: /Users/archiecabiso/Documents/2nd Year - CS/2nd Sem/CSIT228/OOP2-Capstone/system/fxgl.bundle
15:16:27.880 [JavaFX Application Thread] DEBUG Async                - Shutting down background threads
15:16:27.880 [JavaFX Application Thread] DEBUG PrimaryStageWindow   - Closing main window
15:16:27.909 [JavaFX Application Thread] DEBUG Logger               - Closing Logger
