20:37:08.825 [main                     ] DEBUG Logger               - Configured Logger
20:37:08.849 [main                     ] DEBUG GameApplication      - Logging settings
Title: TypeWiz - Winter Theme
Version: 0.0
Width: 1280
Height: 720
Fullscreen: false
Intro: false
Profiling: false
Single step:false
App Mode: DEVELOPER
Menu Key: ESCAPE
Stage Style: DECORATED
Scene Factory: class com.almasb.fxgl.app.scene.SceneFactory

20:37:09.113 [JavaFX Application Thread] DEBUG FXGLApplication      - Initializing FXGL
20:37:09.116 [JavaFX Application Thread] INFO  Engine               - FXGL-21.1 (27.03.2024 07.52) on WINDOWS (J:21.0.3 FX:19)
20:37:09.117 [JavaFX Application Thread] DEBUG Engine               - JRE Vendor Name: Oracle Corporation
20:37:09.117 [JavaFX Application Thread] DEBUG Engine               - Running on OS: Windows 11 version 10.0
20:37:09.117 [JavaFX Application Thread] DEBUG Engine               - Architecture: amd64
20:37:09.117 [JavaFX Application Thread] INFO  Engine               - Source code and latest versions at: https://github.com/AlmasB/FXGL
20:37:09.117 [JavaFX Application Thread] INFO  Engine               -       Ask questions and discuss at: https://github.com/AlmasB/FXGL/discussions
20:37:09.117 [JavaFX Application Thread] INFO  Engine               -              Join the FXGL chat at: https://gitter.im/AlmasB/FXGL
20:37:09.180 [JavaFX Application Thread] DEBUG PrimaryStageWindow   - Creating a JavaFX scene
20:37:09.215 [JavaFX Application Thread] DEBUG PrimaryStageWindow   - Target settings size: 1280.0 x 720.0
20:37:09.215 [JavaFX Application Thread] DEBUG PrimaryStageWindow   - Scaled scene size:    1280.0 x 720.0
20:37:09.215 [JavaFX Application Thread] DEBUG PrimaryStageWindow   - Scaled ratio: (1.0, 1.0)
20:37:09.215 [JavaFX Application Thread] DEBUG PrimaryStageWindow   - Set initial scene to FXGLStartupScene
20:37:09.218 [JavaFX Application Thread] DEBUG PrimaryStageWindow   - Opening main window
20:37:09.286 [JavaFX Application Thread] DEBUG PrimaryStageWindow   - Window border size: (14.4000244140625, 37.5999755859375)
20:37:09.286 [JavaFX Application Thread] DEBUG PrimaryStageWindow   - Scaled size: 1280.0 x 720.0
20:37:09.286 [JavaFX Application Thread] DEBUG PrimaryStageWindow   - Scaled ratio: (1.0, 1.0)
20:37:09.286 [JavaFX Application Thread] DEBUG PrimaryStageWindow   - Scene size: 1280.0 x 720.0
20:37:09.287 [JavaFX Application Thread] DEBUG PrimaryStageWindow   - Stage size: 1294.4000244140625 x 757.5999755859375
20:37:09.293 [FXGL Background Thread 1 ] DEBUG Engine               - Initializing environment variables
20:37:09.336 [FXGL Background Thread 1 ] DEBUG FXGLAssetLoaderServi - User app class for loading assets: class com.oop2.typewiz.GameplayComponents.Game
20:37:09.336 [FXGL Background Thread 1 ] DEBUG GameApplicationServi - Applying CSS: fxgl_dark.css
20:37:09.337 [FXGL Background Thread 1 ] DEBUG FXGLAssetLoaderServi - Loading from file system: jar:file:///C:/Users/Ruhmer%20Jairus/.m2/repository/com/github/almasb/fxgl/21.1/fxgl-21.1.jar!/fxglassets/ui/css/fxgl_dark.css
20:37:09.389 [FXGL Background Thread 1 ] DEBUG GameApplicationServi - Initializing application scenes
20:37:09.441 [FXGL Background Thread 1 ] DEBUG GameWorld            - Game world initialized
20:37:09.501 [FXGL Background Thread 1 ] DEBUG PhysicsWorld         - Physics world initialized: appHeight=720, physics.ppm=50.0
20:37:09.502 [FXGL Background Thread 1 ] DEBUG PhysicsWorld         - Using strategy: BRUTE_FORCE
20:37:09.505 [FXGL Background Thread 1 ] DEBUG GameScene            - Game scene initialized: 1280x720
20:37:09.505 [FXGL Background Thread 1 ] DEBUG GameApplicationServi - Application scenes initialized
20:37:09.518 [FXGL Background Thread 1 ] DEBUG SystemBundleService  - Loading FXGL system data
20:37:09.521 [FXGL Background Thread 1 ] DEBUG FileSystemAccess     - Reading from: C:\Users\Ruhmer Jairus\OOP2-Capstone\system\fxgl.bundle
20:37:09.528 [FXGL Background Thread 1 ] DEBUG SystemBundleService  - Bundle FXGL: {}
20:37:09.528 [FXGL Background Thread 1 ] DEBUG UpdaterService       - Checking for updates
20:37:09.532 [FXGL Background Thread 4 ] DEBUG FXGLApplication      - Loading fonts
20:37:09.532 [FXGL Background Thread 4 ] DEBUG FXGLAssetLoaderServi - Loading from file system: jar:file:///C:/Users/Ruhmer%20Jairus/.m2/repository/com/github/almasb/fxgl/21.1/fxgl-21.1.jar!/fxglassets/ui/fonts/VarelaRound-Regular.ttf
20:37:09.532 [FXGL Background Thread 1 ] DEBUG FXGLApplication      - Loading default localization
20:37:09.533 [FXGL Background Thread 1 ] DEBUG FXGLAssetLoaderServi - Loading from file system: jar:file:///C:/Users/Ruhmer%20Jairus/.m2/repository/com/github/almasb/fxgl/21.1/fxgl-21.1.jar!/fxglassets/languages/english.lang
20:37:09.561 [FXGL Background Thread 1 ] INFO  FXGLApplication      - FXGL initialization took: 0.267 sec
20:37:09.561 [FXGL Background Thread 4 ] DEBUG FXGLAssetLoaderServi - Loading from file system: jar:file:///C:/Users/Ruhmer%20Jairus/.m2/repository/com/github/almasb/fxgl/21.1/fxgl-21.1.jar!/fxglassets/ui/fonts/Abel-Regular.ttf
20:37:09.562 [JavaFX Application Thread] DEBUG FXGLAssetLoaderServi - Loading from file system: jar:file:///C:/Users/Ruhmer%20Jairus/.m2/repository/com/github/almasb/fxgl/21.1/fxgl-21.1.jar!/fxglassets/textures/fxgl_icon.png
20:37:09.564 [FXGL Background Thread 4 ] DEBUG FXGLAssetLoaderServi - Loading from file system: jar:file:///C:/Users/Ruhmer%20Jairus/.m2/repository/com/github/almasb/fxgl/21.1/fxgl-21.1.jar!/fxglassets/ui/fonts/TerminalLandMono-Regular.otf
20:37:09.566 [FXGL Background Thread 4 ] DEBUG FXGLAssetLoaderServi - Loading from file system: jar:file:///C:/Users/Ruhmer%20Jairus/.m2/repository/com/github/almasb/fxgl/21.1/fxgl-21.1.jar!/fxglassets/ui/fonts/Courier-Prime.ttf
20:37:09.598 [JavaFX Application Thread] DEBUG FXGLAssetLoaderServi - Loading from file system: jar:file:///C:/Users/Ruhmer%20Jairus/.m2/repository/com/github/almasb/fxgl/21.1/fxgl-21.1.jar!/fxglassets/textures/fxgl_default_cursor.png
20:37:09.606 [JavaFX Application Thread] DEBUG Input                - Registered new binding: Screenshot - CTRL+8
20:37:09.606 [JavaFX Application Thread] DEBUG Input                - Registered new binding: System info dump - CTRL+9
20:37:09.606 [JavaFX Application Thread] DEBUG Input                - Registered new binding: Restart - CTRL+R
20:37:09.607 [JavaFX Application Thread] DEBUG Input                - Registered new binding: Toggle Debug Camera - CTRL+7
20:37:09.612 [JavaFX Application Thread] DEBUG LoopRunner           - Starting loop
20:37:09.612 [JavaFX Application Thread] DEBUG LoopRunner           - Initializing JavaFX AnimationTimerLoop
20:37:09.616 [JavaFX Application Thread] DEBUG GameApplicationServi - Starting new game
20:37:09.616 [JavaFX Application Thread] DEBUG Input                - Clearing active input actions
20:37:09.631 [JavaFX Application Thread] DEBUG GameApplicationServi - Removing overlay from FXGLStartupScene and adding to FXGLLoadingScene
20:37:09.632 [JavaFX Application Thread] DEBUG PrimaryStageWindow   - FXGLStartupScene -> FXGLLoadingScene
20:37:09.632 [JavaFX Application Thread] DEBUG GameApplicationServi - Clearing previous game
20:37:09.632 [JavaFX Application Thread] DEBUG GameScene            - Clearing game scene
20:37:09.632 [JavaFX Application Thread] DEBUG GameWorld            - Clearing game world
20:37:09.632 [JavaFX Application Thread] DEBUG PhysicsWorld         - Clearing physics world
20:37:09.636 [FXGL Background Thread 4 ] DEBUG FXGLApplication      - Initializing game
20:37:09.636 [JavaFX Application Thread] DEBUG FXGLApplication      - Registering font factories with UI factory
20:37:09.640 [FXGL Background Thread 4 ] DEBUG FXGLAssetLoaderServi - Loading from file system: file:/C:/Users/Ruhmer%20Jairus/OOP2-Capstone/target/classes/assets/textures/background-and-platforms/bg-winter_1280_720.png
20:37:09.683 [FXGL Background Thread 4 ] DEBUG FXGLAssetLoaderServi - Loading from file system: file:/C:/Users/Ruhmer%20Jairus/OOP2-Capstone/target/classes/assets/textures/background-and-platforms/hdlargerplatform-winter.png
20:37:09.785 [FXGL Background Thread 4 ] DEBUG FXGLAssetLoaderServi - Loading from file system: file:/C:/Users/Ruhmer%20Jairus/OOP2-Capstone/target/classes/assets/textures/wizard/wizard.png
20:37:09.884 [FXGL Background Thread 4 ] WARN  GameWorld            - Attempted to remove entity which is not active
20:37:09.885 [FXGL Background Thread 4 ] WARN  GameWorld            - Attempted to remove entity which is not active
20:37:09.886 [FXGL Background Thread 4 ] WARN  GameWorld            - Attempted to remove entity which is not active
20:37:09.886 [FXGL Background Thread 4 ] WARN  GameWorld            - Attempted to remove entity which is not active
20:37:09.887 [FXGL Background Thread 4 ] WARN  GameWorld            - Attempted to remove entity which is not active
20:37:09.887 [FXGL Background Thread 4 ] WARN  GameWorld            - Attempted to remove entity which is not active
20:37:09.888 [FXGL Background Thread 4 ] WARN  GameWorld            - Attempted to remove entity which is not active
20:37:09.889 [FXGL Background Thread 4 ] WARN  GameWorld            - Attempted to remove entity which is not active
20:37:09.889 [FXGL Background Thread 4 ] WARN  GameWorld            - Attempted to remove entity which is not active
20:37:09.890 [FXGL Background Thread 4 ] WARN  GameWorld            - Attempted to remove entity which is not active
20:37:09.898 [FXGL Background Thread 4 ] DEBUG FXGLAssetLoaderServi - Loading from file system: file:/C:/Users/Ruhmer%20Jairus/OOP2-Capstone/target/classes/assets/textures/mobs/gargoyle/gargoyle.png
20:37:09.946 [FXGL Background Thread 4 ] INFO  FXGLApplication      - Game initialization took: 0.311 sec
20:37:09.947 [JavaFX Application Thread] DEBUG Input                - Clearing active input actions
20:37:09.956 [JavaFX Application Thread] DEBUG GameApplicationServi - Removing overlay from FXGLLoadingScene and adding to GameScene
20:37:09.956 [JavaFX Application Thread] DEBUG PrimaryStageWindow   - FXGLLoadingScene -> GameScene
20:37:12.531 [FXGL Background Thread 3 ] DEBUG Engine               - Logging environment variables
20:37:12.531 [FXGL Background Thread 3 ] DEBUG Engine               - achievements: []
20:37:12.531 [FXGL Background Thread 3 ] DEBUG Engine               - actualHeight: 720.0
20:37:12.531 [FXGL Background Thread 3 ] DEBUG Engine               - actualHeightProperty: ReadOnlyDoubleProperty [value: 720.0]
20:37:12.531 [FXGL Background Thread 3 ] DEBUG Engine               - actualWidth: 1280.0
20:37:12.531 [FXGL Background Thread 3 ] DEBUG Engine               - actualWidthProperty: ReadOnlyDoubleProperty [value: 1280.0]
20:37:12.531 [FXGL Background Thread 3 ] DEBUG Engine               - appIcon: fxgl_icon.png
20:37:12.532 [FXGL Background Thread 3 ] DEBUG Engine               - applicationMode: DEVELOPER
20:37:12.532 [FXGL Background Thread 3 ] DEBUG Engine               - cSSList: [fxgl_dark.css]
20:37:12.532 [FXGL Background Thread 3 ] DEBUG Engine               - collisionDetectionStrategy: BRUTE_FORCE
20:37:12.532 [FXGL Background Thread 3 ] DEBUG Engine               - configClass: Optional.empty
20:37:12.532 [FXGL Background Thread 3 ] DEBUG Engine               - credits: []
20:37:12.533 [FXGL Background Thread 3 ] DEBUG Engine               - defaultCursor: CursorInfo(imageName=fxgl_default_cursor.png, hotspotX=7.0, hotspotY=6.0)
20:37:12.533 [FXGL Background Thread 3 ] DEBUG Engine               - devBBoxColorProperty: ObjectProperty [value: 0xff0000ff]
20:37:12.533 [FXGL Background Thread 3 ] DEBUG Engine               - devEnableDebugCameraProperty: BooleanProperty [value: false]
20:37:12.534 [FXGL Background Thread 3 ] DEBUG Engine               - devSensorColorProperty: ObjectProperty [value: 0xffff00ff]
20:37:12.534 [FXGL Background Thread 3 ] DEBUG Engine               - devShowBBoxProperty: BooleanProperty [value: false]
20:37:12.534 [FXGL Background Thread 3 ] DEBUG Engine               - devShowPositionProperty: BooleanProperty [value: false]
20:37:12.534 [FXGL Background Thread 3 ] DEBUG Engine               - enabledMenuItems: []
20:37:12.534 [FXGL Background Thread 3 ] DEBUG Engine               - engineServices: [class com.almasb.fxgl.app.services.FXGLAssetLoaderService, class com.almasb.fxgl.app.FXGLApplication$GameApplicationService, class com.almasb.fxgl.app.services.FXGLDialogService, class com.almasb.fxgl.app.services.IOTaskExecutorService, class com.almasb.fxgl.io.FileSystemService, class com.almasb.fxgl.localization.LocalizationService, class com.almasb.fxgl.app.services.SystemBundleService, class com.almasb.fxgl.profile.SaveLoadService, class com.almasb.fxgl.ui.FXGLUIFactoryServiceProvider, class com.almasb.fxgl.ui.FXGLDialogFactoryServiceProvider, class com.almasb.fxgl.audio.AudioPlayer, class com.almasb.fxgl.notification.impl.NotificationServiceProvider, class com.almasb.fxgl.achievement.AchievementService, class com.almasb.fxgl.cutscene.CutsceneService, class com.almasb.fxgl.minigames.MiniGameService, class com.almasb.fxgl.net.NetService, class com.almasb.fxgl.app.services.UpdaterService, class com.almasb.fxgl.dev.DevService]
20:37:12.534 [FXGL Background Thread 3 ] DEBUG Engine               - fontGame: Abel-Regular.ttf
20:37:12.534 [FXGL Background Thread 3 ] DEBUG Engine               - fontMono: TerminalLandMono-Regular.otf
20:37:12.534 [FXGL Background Thread 3 ] DEBUG Engine               - fontSizeScaleUI: 1.0
20:37:12.534 [FXGL Background Thread 3 ] DEBUG Engine               - fontText: Courier-Prime.ttf
20:37:12.534 [FXGL Background Thread 3 ] DEBUG Engine               - fontUI: VarelaRound-Regular.ttf
20:37:12.534 [FXGL Background Thread 3 ] DEBUG Engine               - fullScreen: BooleanProperty [value: false]
20:37:12.534 [FXGL Background Thread 3 ] DEBUG Engine               - gameDifficulty: MEDIUM
20:37:12.534 [FXGL Background Thread 3 ] DEBUG Engine               - gameDifficultyProperty: ObjectProperty [value: MEDIUM]
20:37:12.534 [FXGL Background Thread 3 ] DEBUG Engine               - globalMusicVolume: 0.5
20:37:12.534 [FXGL Background Thread 3 ] DEBUG Engine               - globalMusicVolumeProperty: DoubleProperty [value: 0.5]
20:37:12.534 [FXGL Background Thread 3 ] DEBUG Engine               - globalSoundVolume: 0.5
20:37:12.535 [FXGL Background Thread 3 ] DEBUG Engine               - globalSoundVolumeProperty: DoubleProperty [value: 0.5]
20:37:12.535 [FXGL Background Thread 3 ] DEBUG Engine               - height: 720
20:37:12.535 [FXGL Background Thread 3 ] DEBUG Engine               - is3D: false
20:37:12.535 [FXGL Background Thread 3 ] DEBUG Engine               - isAndroid: false
20:37:12.535 [FXGL Background Thread 3 ] DEBUG Engine               - isBrowser: false
20:37:12.535 [FXGL Background Thread 3 ] DEBUG Engine               - isClickFeedbackEnabled: false
20:37:12.535 [FXGL Background Thread 3 ] DEBUG Engine               - isCloseConfirmation: false
20:37:12.535 [FXGL Background Thread 3 ] DEBUG Engine               - isDesktop: true
20:37:12.535 [FXGL Background Thread 3 ] DEBUG Engine               - isDeveloperMenuEnabled: false
20:37:12.535 [FXGL Background Thread 3 ] DEBUG Engine               - isEmbedded: false
20:37:12.535 [FXGL Background Thread 3 ] DEBUG Engine               - isEntityPreloadEnabled: true
20:37:12.535 [FXGL Background Thread 3 ] DEBUG Engine               - isExperimentalTiledLargeMap: false
20:37:12.535 [FXGL Background Thread 3 ] DEBUG Engine               - isFileSystemWriteAllowed: true
20:37:12.535 [FXGL Background Thread 3 ] DEBUG Engine               - isFullScreenAllowed: false
20:37:12.535 [FXGL Background Thread 3 ] DEBUG Engine               - isFullScreenFromStart: false
20:37:12.535 [FXGL Background Thread 3 ] DEBUG Engine               - isGameMenuEnabled: false
20:37:12.535 [FXGL Background Thread 3 ] DEBUG Engine               - isIOS: false
20:37:12.535 [FXGL Background Thread 3 ] DEBUG Engine               - isIntroEnabled: false
20:37:12.535 [FXGL Background Thread 3 ] DEBUG Engine               - isLinux: false
20:37:12.535 [FXGL Background Thread 3 ] DEBUG Engine               - isMac: false
20:37:12.536 [FXGL Background Thread 3 ] DEBUG Engine               - isMainMenuEnabled: false
20:37:12.536 [FXGL Background Thread 3 ] DEBUG Engine               - isManualResizeEnabled: false
20:37:12.536 [FXGL Background Thread 3 ] DEBUG Engine               - isMobile: false
20:37:12.536 [FXGL Background Thread 3 ] DEBUG Engine               - isNative: false
20:37:12.536 [FXGL Background Thread 3 ] DEBUG Engine               - isPauseMusicWhenMinimized: true
20:37:12.536 [FXGL Background Thread 3 ] DEBUG Engine               - isPreserveResizeRatio: true
20:37:12.536 [FXGL Background Thread 3 ] DEBUG Engine               - isProfilingEnabled: false
20:37:12.536 [FXGL Background Thread 3 ] DEBUG Engine               - isScaleAffectedOnResize: true
20:37:12.536 [FXGL Background Thread 3 ] DEBUG Engine               - isSingleStep: false
20:37:12.536 [FXGL Background Thread 3 ] DEBUG Engine               - isUserProfileEnabled: false
20:37:12.536 [FXGL Background Thread 3 ] DEBUG Engine               - isWindows: true
20:37:12.536 [FXGL Background Thread 3 ] DEBUG Engine               - language: ObjectProperty [value: ENGLISH]
20:37:12.536 [FXGL Background Thread 3 ] DEBUG Engine               - menuKey: ESCAPE
20:37:12.536 [FXGL Background Thread 3 ] DEBUG Engine               - mouseSensitivity: 0.2
20:37:12.536 [FXGL Background Thread 3 ] DEBUG Engine               - notificationViewClass: class com.almasb.fxgl.notification.view.XboxNotificationView
20:37:12.536 [FXGL Background Thread 3 ] DEBUG Engine               - pixelsPerMeter: 50.0
20:37:12.536 [FXGL Background Thread 3 ] DEBUG Engine               - platform: WINDOWS
20:37:12.536 [FXGL Background Thread 3 ] DEBUG Engine               - prefHeightProperty: ReadOnlyDoubleProperty [value: 720.0]
20:37:12.536 [FXGL Background Thread 3 ] DEBUG Engine               - prefWidthProperty: ReadOnlyDoubleProperty [value: 1280.0]
20:37:12.536 [FXGL Background Thread 3 ] DEBUG Engine               - profileDir: profiles/
20:37:12.536 [FXGL Background Thread 3 ] DEBUG Engine               - profileName: StringProperty [value: DEFAULT]
20:37:12.536 [FXGL Background Thread 3 ] DEBUG Engine               - randomSeed: -1
20:37:12.536 [FXGL Background Thread 3 ] DEBUG Engine               - runtimeInfo: RuntimeInfo(platform=WINDOWS, version=21.1, build=27.03.2024 07.52)
20:37:12.537 [FXGL Background Thread 3 ] DEBUG Engine               - saveFileExt: sav
20:37:12.537 [FXGL Background Thread 3 ] DEBUG Engine               - scaledHeightProp$fxgl: DoubleProperty [bound, value: 720.0]
20:37:12.537 [FXGL Background Thread 3 ] DEBUG Engine               - scaledWidthProp$fxgl: DoubleProperty [bound, value: 1280.0]
20:37:12.537 [FXGL Background Thread 3 ] DEBUG Engine               - sceneFactory: com.almasb.fxgl.app.scene.SceneFactory@46041038
20:37:12.537 [FXGL Background Thread 3 ] DEBUG Engine               - secondsIn24h: 60
20:37:12.537 [FXGL Background Thread 3 ] DEBUG Engine               - soundMenuBack: menu/back.wav
20:37:12.537 [FXGL Background Thread 3 ] DEBUG Engine               - soundMenuPress: menu/press.wav
20:37:12.537 [FXGL Background Thread 3 ] DEBUG Engine               - soundMenuSelect: menu/select.wav
20:37:12.537 [FXGL Background Thread 3 ] DEBUG Engine               - soundNotification: core/notification.wav
20:37:12.537 [FXGL Background Thread 3 ] DEBUG Engine               - stageStyle: DECORATED
20:37:12.537 [FXGL Background Thread 3 ] DEBUG Engine               - supportedLanguages: [ENGLISH, FRENCH, GERMAN, HUNGARIAN, RUSSIAN]
20:37:12.537 [FXGL Background Thread 3 ] DEBUG Engine               - ticksPerSecond: -1
20:37:12.537 [FXGL Background Thread 3 ] DEBUG Engine               - title: TypeWiz - Winter Theme
20:37:12.537 [FXGL Background Thread 3 ] DEBUG Engine               - urlGithub: https://github.com/AlmasB/FXGL
20:37:12.537 [FXGL Background Thread 3 ] DEBUG Engine               - urlLeaderboard: http://fxgl-top.herokuapp.com/
20:37:12.537 [FXGL Background Thread 3 ] DEBUG Engine               - urlPOM: https://raw.githubusercontent.com/AlmasB/FXGL/release/README.md
20:37:12.537 [FXGL Background Thread 3 ] DEBUG Engine               - userAppClass: class com.oop2.typewiz.GameplayComponents.Game
20:37:12.537 [FXGL Background Thread 3 ] DEBUG Engine               - version: 0.0
20:37:12.537 [FXGL Background Thread 3 ] DEBUG Engine               - versionCheckDays: 7
20:37:12.537 [FXGL Background Thread 3 ] DEBUG Engine               - width: 1280
20:37:12.537 [FXGL Background Thread 3 ] DEBUG Engine               - Logging services
20:37:12.537 [FXGL Background Thread 3 ] DEBUG Engine               - class com.almasb.fxgl.app.services.FXGLAssetLoaderService
20:37:12.537 [FXGL Background Thread 3 ] DEBUG Engine               - class com.almasb.fxgl.app.FXGLApplication$GameApplicationService
20:37:12.537 [FXGL Background Thread 3 ] DEBUG Engine               - class com.almasb.fxgl.app.services.FXGLDialogService
20:37:12.537 [FXGL Background Thread 3 ] DEBUG Engine               - class com.almasb.fxgl.app.services.IOTaskExecutorService
20:37:12.537 [FXGL Background Thread 3 ] DEBUG Engine               - class com.almasb.fxgl.io.FileSystemService
20:37:12.537 [FXGL Background Thread 3 ] DEBUG Engine               - class com.almasb.fxgl.localization.LocalizationService
20:37:12.537 [FXGL Background Thread 3 ] DEBUG Engine               - class com.almasb.fxgl.app.services.SystemBundleService
20:37:12.537 [FXGL Background Thread 3 ] DEBUG Engine               - class com.almasb.fxgl.profile.SaveLoadService
20:37:12.537 [FXGL Background Thread 3 ] DEBUG Engine               - class com.almasb.fxgl.ui.FXGLUIFactoryServiceProvider
20:37:12.537 [FXGL Background Thread 3 ] DEBUG Engine               - class com.almasb.fxgl.ui.FXGLDialogFactoryServiceProvider
20:37:12.537 [FXGL Background Thread 3 ] DEBUG Engine               - class com.almasb.fxgl.audio.AudioPlayer
20:37:12.537 [FXGL Background Thread 3 ] DEBUG Engine               - class com.almasb.fxgl.notification.impl.NotificationServiceProvider
20:37:12.537 [FXGL Background Thread 3 ] DEBUG Engine               - class com.almasb.fxgl.achievement.AchievementService
20:37:12.537 [FXGL Background Thread 3 ] DEBUG Engine               - class com.almasb.fxgl.cutscene.CutsceneService
20:37:12.538 [FXGL Background Thread 3 ] DEBUG Engine               - class com.almasb.fxgl.minigames.MiniGameService
20:37:12.538 [FXGL Background Thread 3 ] DEBUG Engine               - class com.almasb.fxgl.net.NetService
20:37:12.538 [FXGL Background Thread 3 ] DEBUG Engine               - class com.almasb.fxgl.app.services.UpdaterService
20:37:12.538 [FXGL Background Thread 3 ] DEBUG Engine               - class com.almasb.fxgl.dev.DevService
20:37:57.919 [JavaFX Application Thread] DEBUG FXGLApplication      - Exiting FXGL
20:37:57.920 [JavaFX Application Thread] DEBUG LoopRunner           - Stopping loop
20:37:57.920 [JavaFX Application Thread] DEBUG SystemBundleService  - Saving FXGL system data
20:37:57.921 [JavaFX Application Thread] DEBUG FileSystemAccess     - Writing to: C:\Users\Ruhmer Jairus\OOP2-Capstone\system\fxgl.bundle
20:37:57.922 [JavaFX Application Thread] DEBUG Async                - Shutting down background threads
20:37:57.922 [JavaFX Application Thread] DEBUG PrimaryStageWindow   - Closing main window
20:37:57.935 [JavaFX Application Thread] DEBUG Logger               - Closing Logger
