02:21:14.264 [main                     ] DEBUG Logger               - Configured Logger
02:21:14.299 [main                     ] DEBUG GameApplication      - Logging settings
Title: TypeWiz
Version: 0.0
Width: 1550
Height: 800
Fullscreen: false
Intro: false
Profiling: false
Single step:false
App Mode: DEVELOPER
Menu Key: ESCAPE
Stage Style: DECORATED
Scene Factory: class com.almasb.fxgl.app.scene.SceneFactory

02:21:14.616 [JavaFX Application Thread] DEBUG FXGLApplication      - Initializing FXGL
02:21:14.619 [JavaFX Application Thread] INFO  Engine               - FXGL-21.1 (27.03.2024 07.52) on WINDOWS (J:23.0.1 FX:19)
02:21:14.619 [JavaFX Application Thread] DEBUG Engine               - JRE Vendor Name: Oracle Corporation
02:21:14.619 [JavaFX Application Thread] DEBUG Engine               - Running on OS: Windows 11 version 10.0
02:21:14.619 [JavaFX Application Thread] DEBUG Engine               - Architecture: amd64
02:21:14.619 [JavaFX Application Thread] INFO  Engine               - Source code and latest versions at: https://github.com/AlmasB/FXGL
02:21:14.619 [JavaFX Application Thread] INFO  Engine               -       Ask questions and discuss at: https://github.com/AlmasB/FXGL/discussions
02:21:14.619 [JavaFX Application Thread] INFO  Engine               -              Join the FXGL chat at: https://gitter.im/AlmasB/FXGL
02:21:14.685 [JavaFX Application Thread] DEBUG PrimaryStageWindow   - Creating a JavaFX scene
02:21:14.685 [JavaFX Application Thread] DEBUG PrimaryStageWindow   - Target size > screen size
02:21:14.748 [JavaFX Application Thread] DEBUG PrimaryStageWindow   - Target settings size: 1550.0 x 800.0
02:21:14.748 [JavaFX Application Thread] DEBUG PrimaryStageWindow   - Scaled scene size:    1511.0 x 792.0
02:21:14.748 [JavaFX Application Thread] DEBUG PrimaryStageWindow   - Scaled ratio: (0.9748387096774194, 0.99)
02:21:14.749 [JavaFX Application Thread] DEBUG PrimaryStageWindow   - Set initial scene to FXGLStartupScene
02:21:14.751 [JavaFX Application Thread] DEBUG PrimaryStageWindow   - Opening main window
02:21:14.847 [JavaFX Application Thread] DEBUG PrimaryStageWindow   - Window border size: (14.5999755859375, 37.5999755859375)
02:21:14.847 [JavaFX Application Thread] DEBUG PrimaryStageWindow   - Scaled size: 1511.0 x 792.0
02:21:14.847 [JavaFX Application Thread] DEBUG PrimaryStageWindow   - Scaled ratio: (0.9748387096774194, 0.99)
02:21:14.847 [JavaFX Application Thread] DEBUG PrimaryStageWindow   - Scene size: 1511.0 x 792.0
02:21:14.847 [JavaFX Application Thread] DEBUG PrimaryStageWindow   - Stage size: 1525.5999755859375 x 829.5999755859375
02:21:14.852 [FXGL Background Thread 1 ] DEBUG Engine               - Initializing environment variables
02:21:14.917 [FXGL Background Thread 1 ] DEBUG FXGLAssetLoaderServi - User app class for loading assets: class com.oop2.typewiz.TypeWizApp
02:21:14.917 [FXGL Background Thread 1 ] DEBUG GameApplicationServi - Applying CSS: fxgl_dark.css
02:21:14.917 [FXGL Background Thread 1 ] DEBUG FXGLAssetLoaderServi - Loading from file system: jar:file:///C:/Users/Ruhmer%20Jairus/.m2/repository/com/github/almasb/fxgl/21.1/fxgl-21.1.jar!/fxglassets/ui/css/fxgl_dark.css
02:21:14.955 [FXGL Background Thread 1 ] DEBUG GameApplicationServi - Initializing application scenes
02:21:15.018 [FXGL Background Thread 1 ] DEBUG GameWorld            - Game world initialized
02:21:15.079 [FXGL Background Thread 1 ] DEBUG PhysicsWorld         - Physics world initialized: appHeight=800, physics.ppm=50.0
02:21:15.079 [FXGL Background Thread 1 ] DEBUG PhysicsWorld         - Using strategy: BRUTE_FORCE
02:21:15.084 [FXGL Background Thread 1 ] DEBUG GameScene            - Game scene initialized: 1550x800
02:21:15.093 [FXGL Background Thread 1 ] DEBUG FXGL.DefaultMenu     - createMenuBodyGameMenu()
02:21:15.103 [FXGL Background Thread 1 ] DEBUG FXGL.DefaultMenu     - createOptionsMenu()
02:21:15.112 [FXGL Background Thread 1 ] DEBUG FXGLAssetLoaderServi - Loading from file system: jar:file:///C:/Users/Ruhmer%20Jairus/.m2/repository/com/github/almasb/fxgl/21.1/fxgl-21.1.jar!/fxglassets/textures/particles/smoke.png
02:21:15.212 [FXGL Background Thread 1 ] DEBUG FXGLAssetLoaderServi - Loading from file system: jar:file:///C:/Users/Ruhmer%20Jairus/.m2/repository/com/github/almasb/fxgl/21.1/fxgl-21.1.jar!/fxglassets/textures/particles/trace_horizontal.png
02:21:15.237 [FXGL Background Thread 1 ] DEBUG GameApplicationServi - Application scenes initialized
02:21:15.250 [FXGL Background Thread 1 ] DEBUG SystemBundleService  - Loading FXGL system data
02:21:15.252 [FXGL Background Thread 1 ] DEBUG FileSystemAccess     - Reading from: C:\Users\Ruhmer Jairus\IdeaProjects\OOP2-Capstone\system\fxgl.bundle
02:21:15.257 [FXGL Background Thread 1 ] DEBUG SystemBundleService  - Bundle FXGL: {}
02:21:15.257 [FXGL Background Thread 1 ] DEBUG UpdaterService       - Checking for updates
02:21:15.262 [FXGL Background Thread 4 ] DEBUG FXGLApplication      - Loading fonts
02:21:15.263 [FXGL Background Thread 1 ] DEBUG FXGLApplication      - Loading default localization
02:21:15.263 [FXGL Background Thread 4 ] DEBUG FXGLAssetLoaderServi - Loading from file system: jar:file:///C:/Users/Ruhmer%20Jairus/.m2/repository/com/github/almasb/fxgl/21.1/fxgl-21.1.jar!/fxglassets/ui/fonts/VarelaRound-Regular.ttf
02:21:15.263 [FXGL Background Thread 1 ] DEBUG FXGLAssetLoaderServi - Loading from file system: jar:file:///C:/Users/Ruhmer%20Jairus/.m2/repository/com/github/almasb/fxgl/21.1/fxgl-21.1.jar!/fxglassets/languages/english.lang
02:21:15.315 [FXGL Background Thread 1 ] INFO  FXGLApplication      - FXGL initialization took: 0.464 sec
02:21:15.316 [JavaFX Application Thread] DEBUG FXGLAssetLoaderServi - Loading from file system: jar:file:///C:/Users/Ruhmer%20Jairus/.m2/repository/com/github/almasb/fxgl/21.1/fxgl-21.1.jar!/fxglassets/textures/fxgl_icon.png
02:21:15.317 [FXGL Background Thread 4 ] DEBUG FXGLAssetLoaderServi - Loading from file system: jar:file:///C:/Users/Ruhmer%20Jairus/.m2/repository/com/github/almasb/fxgl/21.1/fxgl-21.1.jar!/fxglassets/ui/fonts/Abel-Regular.ttf
02:21:15.329 [FXGL Background Thread 4 ] DEBUG FXGLAssetLoaderServi - Loading from file system: jar:file:///C:/Users/Ruhmer%20Jairus/.m2/repository/com/github/almasb/fxgl/21.1/fxgl-21.1.jar!/fxglassets/ui/fonts/TerminalLandMono-Regular.otf
02:21:15.334 [JavaFX Application Thread] DEBUG FXGLAssetLoaderServi - Loading from file system: jar:file:///C:/Users/Ruhmer%20Jairus/.m2/repository/com/github/almasb/fxgl/21.1/fxgl-21.1.jar!/fxglassets/textures/fxgl_default_cursor.png
02:21:15.340 [FXGL Background Thread 4 ] DEBUG FXGLAssetLoaderServi - Loading from file system: jar:file:///C:/Users/Ruhmer%20Jairus/.m2/repository/com/github/almasb/fxgl/21.1/fxgl-21.1.jar!/fxglassets/ui/fonts/Courier-Prime.ttf
02:21:15.348 [JavaFX Application Thread] DEBUG Input                - Registered new binding: Screenshot - CTRL+8
02:21:15.349 [JavaFX Application Thread] DEBUG Input                - Registered new binding: System info dump - CTRL+9
02:21:15.350 [JavaFX Application Thread] DEBUG Input                - Registered new binding: Restart - CTRL+R
02:21:15.350 [JavaFX Application Thread] DEBUG Input                - Registered new binding: Toggle Debug Camera - CTRL+7
02:21:15.356 [JavaFX Application Thread] DEBUG LoopRunner           - Starting loop
02:21:15.356 [JavaFX Application Thread] DEBUG LoopRunner           - Initializing JavaFX AnimationTimerLoop
02:21:15.358 [JavaFX Application Thread] DEBUG GameApplicationServi - Starting new game
02:21:15.360 [JavaFX Application Thread] DEBUG Input                - Clearing active input actions
02:21:15.373 [JavaFX Application Thread] DEBUG GameApplicationServi - Removing overlay from FXGLStartupScene and adding to FXGLLoadingScene
02:21:15.373 [JavaFX Application Thread] DEBUG PrimaryStageWindow   - FXGLStartupScene -> FXGLLoadingScene
02:21:15.373 [JavaFX Application Thread] DEBUG GameApplicationServi - Clearing previous game
02:21:15.373 [JavaFX Application Thread] DEBUG GameScene            - Clearing game scene
02:21:15.373 [JavaFX Application Thread] DEBUG GameWorld            - Clearing game world
02:21:15.373 [JavaFX Application Thread] DEBUG PhysicsWorld         - Clearing physics world
02:21:15.376 [JavaFX Application Thread] DEBUG FXGLApplication      - Registering font factories with UI factory
02:21:15.376 [FXGL Background Thread 4 ] DEBUG FXGLApplication      - Initializing game
02:21:15.378 [FXGL Background Thread 4 ] DEBUG FXGLAssetLoaderServi - Loading from file system: file:/C:/Users/Ruhmer%20Jairus/IdeaProjects/OOP2-Capstone/target/classes/assets/textures/magicbook.png
02:21:15.395 [FXGL Background Thread 4 ] DEBUG FXGLAssetLoaderServi - Loading from file system: file:/C:/Users/Ruhmer%20Jairus/IdeaProjects/OOP2-Capstone/target/classes/assets/textures/magicbook_hover.png
02:21:15.740 [FXGL Background Thread 4 ] INFO  FXGLApplication      - Game initialization took: 0.365 sec
02:21:15.742 [JavaFX Application Thread] DEBUG Input                - Clearing active input actions
02:21:15.781 [JavaFX Application Thread] DEBUG GameApplicationServi - Removing overlay from FXGLLoadingScene and adding to GameScene
02:21:15.782 [JavaFX Application Thread] DEBUG PrimaryStageWindow   - FXGLLoadingScene -> GameScene
02:21:17.673 [JavaFX Application Thread] DEBUG FXGLAssetLoaderServi - Loading from file system: file:/C:/Users/Ruhmer%20Jairus/IdeaProjects/OOP2-Capstone/target/classes/assets/sounds/sound-library/hover.wav
02:21:18.005 [JavaFX Application Thread] DEBUG FXGLAssetLoaderServi - Loading from file system: file:/C:/Users/Ruhmer%20Jairus/IdeaProjects/OOP2-Capstone/target/classes/assets/sounds/sound-library/click.wav
02:21:18.262 [FXGL Background Thread 3 ] DEBUG Engine               - Logging environment variables
02:21:18.262 [FXGL Background Thread 3 ] DEBUG Engine               - achievements: []
02:21:18.262 [FXGL Background Thread 3 ] DEBUG Engine               - actualHeight: 792.0
02:21:18.262 [FXGL Background Thread 3 ] DEBUG Engine               - actualHeightProperty: ReadOnlyDoubleProperty [value: 792.0]
02:21:18.262 [FXGL Background Thread 3 ] DEBUG Engine               - actualWidth: 1511.0
02:21:18.262 [FXGL Background Thread 3 ] DEBUG Engine               - actualWidthProperty: ReadOnlyDoubleProperty [value: 1511.0]
02:21:18.262 [FXGL Background Thread 3 ] DEBUG Engine               - appIcon: fxgl_icon.png
02:21:18.262 [FXGL Background Thread 3 ] DEBUG Engine               - applicationMode: DEVELOPER
02:21:18.262 [FXGL Background Thread 3 ] DEBUG Engine               - cSSList: [fxgl_dark.css]
02:21:18.263 [FXGL Background Thread 3 ] DEBUG Engine               - collisionDetectionStrategy: BRUTE_FORCE
02:21:18.263 [FXGL Background Thread 3 ] DEBUG Engine               - configClass: Optional.empty
02:21:18.263 [FXGL Background Thread 3 ] DEBUG Engine               - credits: []
02:21:18.263 [FXGL Background Thread 3 ] DEBUG Engine               - defaultCursor: CursorInfo(imageName=fxgl_default_cursor.png, hotspotX=7.0, hotspotY=6.0)
02:21:18.263 [FXGL Background Thread 3 ] DEBUG Engine               - devBBoxColorProperty: ObjectProperty [value: 0xff0000ff]
02:21:18.263 [FXGL Background Thread 3 ] DEBUG Engine               - devEnableDebugCameraProperty: BooleanProperty [value: false]
02:21:18.263 [FXGL Background Thread 3 ] DEBUG Engine               - devSensorColorProperty: ObjectProperty [value: 0xffff00ff]
02:21:18.263 [FXGL Background Thread 3 ] DEBUG Engine               - devShowBBoxProperty: BooleanProperty [value: false]
02:21:18.263 [FXGL Background Thread 3 ] DEBUG Engine               - devShowPositionProperty: BooleanProperty [value: false]
02:21:18.263 [FXGL Background Thread 3 ] DEBUG Engine               - enabledMenuItems: []
02:21:18.263 [FXGL Background Thread 3 ] DEBUG Engine               - engineServices: [class com.almasb.fxgl.app.services.FXGLAssetLoaderService, class com.almasb.fxgl.app.FXGLApplication$GameApplicationService, class com.almasb.fxgl.app.services.FXGLDialogService, class com.almasb.fxgl.app.services.IOTaskExecutorService, class com.almasb.fxgl.io.FileSystemService, class com.almasb.fxgl.localization.LocalizationService, class com.almasb.fxgl.app.services.SystemBundleService, class com.almasb.fxgl.profile.SaveLoadService, class com.almasb.fxgl.ui.FXGLUIFactoryServiceProvider, class com.almasb.fxgl.ui.FXGLDialogFactoryServiceProvider, class com.almasb.fxgl.audio.AudioPlayer, class com.almasb.fxgl.notification.impl.NotificationServiceProvider, class com.almasb.fxgl.achievement.AchievementService, class com.almasb.fxgl.cutscene.CutsceneService, class com.almasb.fxgl.minigames.MiniGameService, class com.almasb.fxgl.net.NetService, class com.almasb.fxgl.app.services.UpdaterService, class com.almasb.fxgl.dev.DevService]
02:21:18.263 [FXGL Background Thread 3 ] DEBUG Engine               - fontGame: Abel-Regular.ttf
02:21:18.264 [FXGL Background Thread 3 ] DEBUG Engine               - fontMono: TerminalLandMono-Regular.otf
02:21:18.264 [FXGL Background Thread 3 ] DEBUG Engine               - fontSizeScaleUI: 1.0
02:21:18.264 [FXGL Background Thread 3 ] DEBUG Engine               - fontText: Courier-Prime.ttf
02:21:18.264 [FXGL Background Thread 3 ] DEBUG Engine               - fontUI: VarelaRound-Regular.ttf
02:21:18.264 [FXGL Background Thread 3 ] DEBUG Engine               - fullScreen: BooleanProperty [value: false]
02:21:18.264 [FXGL Background Thread 3 ] DEBUG Engine               - gameDifficulty: MEDIUM
02:21:18.264 [FXGL Background Thread 3 ] DEBUG Engine               - gameDifficultyProperty: ObjectProperty [value: MEDIUM]
02:21:18.264 [FXGL Background Thread 3 ] DEBUG Engine               - globalMusicVolume: 0.5
02:21:18.264 [FXGL Background Thread 3 ] DEBUG Engine               - globalMusicVolumeProperty: DoubleProperty [value: 0.5]
02:21:18.264 [FXGL Background Thread 3 ] DEBUG Engine               - globalSoundVolume: 0.5
02:21:18.264 [FXGL Background Thread 3 ] DEBUG Engine               - globalSoundVolumeProperty: DoubleProperty [value: 0.5]
02:21:18.264 [FXGL Background Thread 3 ] DEBUG Engine               - height: 800
02:21:18.264 [FXGL Background Thread 3 ] DEBUG Engine               - is3D: false
02:21:18.264 [FXGL Background Thread 3 ] DEBUG Engine               - isAndroid: false
02:21:18.264 [FXGL Background Thread 3 ] DEBUG Engine               - isBrowser: false
02:21:18.264 [FXGL Background Thread 3 ] DEBUG Engine               - isClickFeedbackEnabled: false
02:21:18.264 [FXGL Background Thread 3 ] DEBUG Engine               - isCloseConfirmation: false
02:21:18.264 [FXGL Background Thread 3 ] DEBUG Engine               - isDesktop: true
02:21:18.264 [FXGL Background Thread 3 ] DEBUG Engine               - isDeveloperMenuEnabled: false
02:21:18.264 [FXGL Background Thread 3 ] DEBUG Engine               - isEmbedded: false
02:21:18.264 [FXGL Background Thread 3 ] DEBUG Engine               - isEntityPreloadEnabled: true
02:21:18.264 [FXGL Background Thread 3 ] DEBUG Engine               - isExperimentalTiledLargeMap: false
02:21:18.264 [FXGL Background Thread 3 ] DEBUG Engine               - isFileSystemWriteAllowed: true
02:21:18.264 [FXGL Background Thread 3 ] DEBUG Engine               - isFullScreenAllowed: false
02:21:18.264 [FXGL Background Thread 3 ] DEBUG Engine               - isFullScreenFromStart: false
02:21:18.264 [FXGL Background Thread 3 ] DEBUG Engine               - isGameMenuEnabled: true
02:21:18.264 [FXGL Background Thread 3 ] DEBUG Engine               - isIOS: false
02:21:18.265 [FXGL Background Thread 3 ] DEBUG Engine               - isIntroEnabled: false
02:21:18.265 [FXGL Background Thread 3 ] DEBUG Engine               - isLinux: false
02:21:18.265 [FXGL Background Thread 3 ] DEBUG Engine               - isMac: false
02:21:18.265 [FXGL Background Thread 3 ] DEBUG Engine               - isMainMenuEnabled: false
02:21:18.265 [FXGL Background Thread 3 ] DEBUG Engine               - isManualResizeEnabled: false
02:21:18.265 [FXGL Background Thread 3 ] DEBUG Engine               - isMobile: false
02:21:18.265 [FXGL Background Thread 3 ] DEBUG Engine               - isNative: false
02:21:18.265 [FXGL Background Thread 3 ] DEBUG Engine               - isPauseMusicWhenMinimized: true
02:21:18.265 [FXGL Background Thread 3 ] DEBUG Engine               - isPreserveResizeRatio: false
02:21:18.265 [FXGL Background Thread 3 ] DEBUG Engine               - isProfilingEnabled: false
02:21:18.265 [FXGL Background Thread 3 ] DEBUG Engine               - isScaleAffectedOnResize: true
02:21:18.265 [FXGL Background Thread 3 ] DEBUG Engine               - isSingleStep: false
02:21:18.265 [FXGL Background Thread 3 ] DEBUG Engine               - isUserProfileEnabled: false
02:21:18.265 [FXGL Background Thread 3 ] DEBUG Engine               - isWindows: true
02:21:18.265 [FXGL Background Thread 3 ] DEBUG Engine               - language: ObjectProperty [value: ENGLISH]
02:21:18.265 [FXGL Background Thread 3 ] DEBUG Engine               - menuKey: ESCAPE
02:21:18.265 [FXGL Background Thread 3 ] DEBUG Engine               - mouseSensitivity: 0.2
02:21:18.265 [FXGL Background Thread 3 ] DEBUG Engine               - notificationViewClass: class com.almasb.fxgl.notification.view.XboxNotificationView
02:21:18.265 [FXGL Background Thread 3 ] DEBUG Engine               - pixelsPerMeter: 50.0
02:21:18.265 [FXGL Background Thread 3 ] DEBUG Engine               - platform: WINDOWS
02:21:18.265 [FXGL Background Thread 3 ] DEBUG Engine               - prefHeightProperty: ReadOnlyDoubleProperty [value: 800.0]
02:21:18.265 [FXGL Background Thread 3 ] DEBUG Engine               - prefWidthProperty: ReadOnlyDoubleProperty [value: 1550.0]
02:21:18.265 [FXGL Background Thread 3 ] DEBUG Engine               - profileDir: profiles/
02:21:18.265 [FXGL Background Thread 3 ] DEBUG Engine               - profileName: StringProperty [value: DEFAULT]
02:21:18.265 [FXGL Background Thread 3 ] DEBUG Engine               - randomSeed: -1
02:21:18.266 [FXGL Background Thread 3 ] DEBUG Engine               - runtimeInfo: RuntimeInfo(platform=WINDOWS, version=21.1, build=27.03.2024 07.52)
02:21:18.266 [FXGL Background Thread 3 ] DEBUG Engine               - saveFileExt: sav
02:21:18.266 [FXGL Background Thread 3 ] DEBUG Engine               - scaledHeightProp$fxgl: DoubleProperty [bound, value: 792.0]
02:21:18.266 [FXGL Background Thread 3 ] DEBUG Engine               - scaledWidthProp$fxgl: DoubleProperty [bound, value: 1511.0]
02:21:18.266 [FXGL Background Thread 3 ] DEBUG Engine               - sceneFactory: com.almasb.fxgl.app.scene.SceneFactory@24a3b8f6
02:21:18.266 [FXGL Background Thread 3 ] DEBUG Engine               - secondsIn24h: 60
02:21:18.266 [FXGL Background Thread 3 ] DEBUG Engine               - soundMenuBack: menu/back.wav
02:21:18.266 [FXGL Background Thread 3 ] DEBUG Engine               - soundMenuPress: menu/press.wav
02:21:18.266 [FXGL Background Thread 3 ] DEBUG Engine               - soundMenuSelect: menu/select.wav
02:21:18.266 [FXGL Background Thread 3 ] DEBUG Engine               - soundNotification: core/notification.wav
02:21:18.266 [FXGL Background Thread 3 ] DEBUG Engine               - stageStyle: DECORATED
02:21:18.266 [FXGL Background Thread 3 ] DEBUG Engine               - supportedLanguages: [ENGLISH, FRENCH, GERMAN, HUNGARIAN, RUSSIAN]
02:21:18.266 [FXGL Background Thread 3 ] DEBUG Engine               - ticksPerSecond: -1
02:21:18.266 [FXGL Background Thread 3 ] DEBUG Engine               - title: TypeWiz
02:21:18.266 [FXGL Background Thread 3 ] DEBUG Engine               - urlGithub: https://github.com/AlmasB/FXGL
02:21:18.266 [FXGL Background Thread 3 ] DEBUG Engine               - urlLeaderboard: http://fxgl-top.herokuapp.com/
02:21:18.266 [FXGL Background Thread 3 ] DEBUG Engine               - urlPOM: https://raw.githubusercontent.com/AlmasB/FXGL/release/README.md
02:21:18.266 [FXGL Background Thread 3 ] DEBUG Engine               - userAppClass: class com.oop2.typewiz.TypeWizApp
02:21:18.266 [FXGL Background Thread 3 ] DEBUG Engine               - version: 0.0
02:21:18.266 [FXGL Background Thread 3 ] DEBUG Engine               - versionCheckDays: 7
02:21:18.266 [FXGL Background Thread 3 ] DEBUG Engine               - width: 1550
02:21:18.266 [FXGL Background Thread 3 ] DEBUG Engine               - Logging services
02:21:18.267 [FXGL Background Thread 3 ] DEBUG Engine               - class com.almasb.fxgl.app.services.FXGLAssetLoaderService
02:21:18.267 [FXGL Background Thread 3 ] DEBUG Engine               - class com.almasb.fxgl.app.FXGLApplication$GameApplicationService
02:21:18.267 [FXGL Background Thread 3 ] DEBUG Engine               - class com.almasb.fxgl.app.services.FXGLDialogService
02:21:18.267 [FXGL Background Thread 3 ] DEBUG Engine               - class com.almasb.fxgl.app.services.IOTaskExecutorService
02:21:18.267 [FXGL Background Thread 3 ] DEBUG Engine               - class com.almasb.fxgl.io.FileSystemService
02:21:18.267 [FXGL Background Thread 3 ] DEBUG Engine               - class com.almasb.fxgl.localization.LocalizationService
02:21:18.267 [FXGL Background Thread 3 ] DEBUG Engine               - class com.almasb.fxgl.app.services.SystemBundleService
02:21:18.267 [FXGL Background Thread 3 ] DEBUG Engine               - class com.almasb.fxgl.profile.SaveLoadService
02:21:18.267 [FXGL Background Thread 3 ] DEBUG Engine               - class com.almasb.fxgl.ui.FXGLUIFactoryServiceProvider
02:21:18.267 [FXGL Background Thread 3 ] DEBUG Engine               - class com.almasb.fxgl.ui.FXGLDialogFactoryServiceProvider
02:21:18.267 [FXGL Background Thread 3 ] DEBUG Engine               - class com.almasb.fxgl.audio.AudioPlayer
02:21:18.267 [FXGL Background Thread 3 ] DEBUG Engine               - class com.almasb.fxgl.notification.impl.NotificationServiceProvider
02:21:18.267 [FXGL Background Thread 3 ] DEBUG Engine               - class com.almasb.fxgl.achievement.AchievementService
02:21:18.267 [FXGL Background Thread 3 ] DEBUG Engine               - class com.almasb.fxgl.cutscene.CutsceneService
02:21:18.267 [FXGL Background Thread 3 ] DEBUG Engine               - class com.almasb.fxgl.minigames.MiniGameService
02:21:18.267 [FXGL Background Thread 3 ] DEBUG Engine               - class com.almasb.fxgl.net.NetService
02:21:18.267 [FXGL Background Thread 3 ] DEBUG Engine               - class com.almasb.fxgl.app.services.UpdaterService
02:21:18.267 [FXGL Background Thread 3 ] DEBUG Engine               - class com.almasb.fxgl.dev.DevService
02:21:18.855 [JavaFX Application Thread] DEBUG FXGLAssetLoaderServi - Loading from file system: file:/C:/Users/Ruhmer%20Jairus/IdeaProjects/OOP2-Capstone/target/classes/assets/music/magic.wav
02:21:18.866 [JavaFX Application Thread] DEBUG AudioPlayer          - Playing music com.almasb.fxgl.audio.Music@5bc45aed
02:21:21.081 [JavaFX Application Thread] DEBUG FXGLAssetLoaderServi - Loading from file system: file:/C:/Users/Ruhmer%20Jairus/IdeaProjects/OOP2-Capstone/target/classes/assets/music/bgm.mp3
02:21:21.083 [JavaFX Application Thread] DEBUG AudioPlayer          - Playing music com.almasb.fxgl.audio.Music@63e8f989
02:21:22.421 [JavaFX Application Thread] DEBUG PrimaryStageWindow   - Push state: DifficultyMenuScreen
02:21:22.421 [JavaFX Application Thread] DEBUG Input                - Clearing active input actions
02:21:22.422 [JavaFX Application Thread] DEBUG GameApplicationServi - Removing overlay from GameScene and adding to DifficultyMenuScreen
02:21:22.422 [JavaFX Application Thread] DEBUG PrimaryStageWindow   - GameScene -> DifficultyMenuScreen
02:21:23.077 [JavaFX Application Thread] DEBUG GameApplicationServi - Starting new game
02:21:23.077 [JavaFX Application Thread] DEBUG PrimaryStageWindow   - Pop state: DifficultyMenuScreen
02:21:23.077 [JavaFX Application Thread] DEBUG Input                - Clearing active input actions
02:21:23.078 [JavaFX Application Thread] DEBUG GameApplicationServi - Removing overlay from DifficultyMenuScreen and adding to GameScene
02:21:23.079 [JavaFX Application Thread] DEBUG PrimaryStageWindow   - GameScene <- DifficultyMenuScreen
02:21:23.079 [JavaFX Application Thread] DEBUG Input                - Clearing active input actions
02:21:23.082 [JavaFX Application Thread] DEBUG GameApplicationServi - Removing overlay from GameScene and adding to FXGLLoadingScene
02:21:23.083 [JavaFX Application Thread] DEBUG PrimaryStageWindow   - GameScene -> FXGLLoadingScene
02:21:23.083 [JavaFX Application Thread] DEBUG GameApplicationServi - Clearing previous game
02:21:23.083 [JavaFX Application Thread] DEBUG GameScene            - Clearing game scene
02:21:23.083 [JavaFX Application Thread] DEBUG GameWorld            - Clearing game world
02:21:23.083 [JavaFX Application Thread] DEBUG PhysicsWorld         - Clearing physics world
02:21:23.084 [FXGL Background Thread 2 ] DEBUG FXGLApplication      - Initializing game
02:21:23.216 [FXGL Background Thread 2 ] INFO  FXGLApplication      - Game initialization took: 0.132 sec
02:21:23.217 [JavaFX Application Thread] DEBUG Input                - Clearing active input actions
02:21:23.221 [JavaFX Application Thread] DEBUG GameApplicationServi - Removing overlay from FXGLLoadingScene and adding to GameScene
02:21:23.221 [JavaFX Application Thread] DEBUG PrimaryStageWindow   - FXGLLoadingScene -> GameScene
02:21:24.528 [JavaFX Application Thread] DEBUG PrimaryStageWindow   - Push state: HowToPlayScreen
02:21:24.528 [JavaFX Application Thread] DEBUG Input                - Clearing active input actions
02:21:24.529 [JavaFX Application Thread] DEBUG GameApplicationServi - Removing overlay from GameScene and adding to HowToPlayScreen
02:21:24.529 [JavaFX Application Thread] DEBUG PrimaryStageWindow   - GameScene -> HowToPlayScreen
02:21:26.099 [JavaFX Application Thread] DEBUG PrimaryStageWindow   - Pop state: HowToPlayScreen
02:21:26.099 [JavaFX Application Thread] DEBUG Input                - Clearing active input actions
02:21:26.100 [JavaFX Application Thread] DEBUG GameApplicationServi - Removing overlay from HowToPlayScreen and adding to GameScene
02:21:26.100 [JavaFX Application Thread] DEBUG PrimaryStageWindow   - GameScene <- HowToPlayScreen
02:21:26.680 [JavaFX Application Thread] DEBUG PrimaryStageWindow   - Push state: CreditsScreen
02:21:26.680 [JavaFX Application Thread] DEBUG Input                - Clearing active input actions
02:21:26.680 [JavaFX Application Thread] DEBUG GameApplicationServi - Removing overlay from GameScene and adding to CreditsScreen
02:21:26.680 [JavaFX Application Thread] DEBUG PrimaryStageWindow   - GameScene -> CreditsScreen
02:21:28.655 [JavaFX Application Thread] DEBUG PrimaryStageWindow   - Pop state: CreditsScreen
02:21:28.656 [JavaFX Application Thread] DEBUG Input                - Clearing active input actions
02:21:28.656 [JavaFX Application Thread] DEBUG GameApplicationServi - Removing overlay from CreditsScreen and adding to GameScene
02:21:28.656 [JavaFX Application Thread] DEBUG PrimaryStageWindow   - GameScene <- CreditsScreen
02:21:29.260 [JavaFX Application Thread] DEBUG FXGLApplication      - Exiting FXGL
02:21:29.260 [JavaFX Application Thread] DEBUG LoopRunner           - Stopping loop
02:21:29.260 [JavaFX Application Thread] DEBUG SystemBundleService  - Saving FXGL system data
02:21:29.263 [JavaFX Application Thread] DEBUG FileSystemAccess     - Writing to: C:\Users\Ruhmer Jairus\IdeaProjects\OOP2-Capstone\system\fxgl.bundle
02:21:29.264 [JavaFX Application Thread] DEBUG Async                - Shutting down background threads
02:21:29.264 [JavaFX Application Thread] DEBUG PrimaryStageWindow   - Closing main window
02:21:29.276 [JavaFX Application Thread] DEBUG Logger               - Closing Logger
