01:38:54.617 [main                     ] DEBUG Logger               - Configured Logger
01:38:54.730 [main                     ] DEBUG GameApplication      - Logging settings
Title: TypeWiz
Version: 0.0
Width: 1280
Height: 720
Fullscreen: true
Intro: false
Profiling: false
Single step:false
App Mode: DEVELOPER
Menu Key: ESCAPE
Stage Style: DECORATED
Scene Factory: class com.oop2.typewiz.util.CustomSceneFactory

01:38:55.541 [JavaFX Application Thread] DEBUG FXGLApplication      - Initializing FXGL
01:38:55.552 [JavaFX Application Thread] INFO  Engine               - FXGL-21.1 (27.03.2024 07.52) on MAC (J:23.0.1 FX:19)
01:38:55.553 [JavaFX Application Thread] DEBUG Engine               - JRE Vendor Name: Oracle Corporation
01:38:55.553 [JavaFX Application Thread] DEBUG Engine               - Running on OS: Mac OS X version 10.15.7
01:38:55.554 [JavaFX Application Thread] DEBUG Engine               - Architecture: x86_64
01:38:55.554 [JavaFX Application Thread] INFO  Engine               - Source code and latest versions at: https://github.com/AlmasB/FXGL
01:38:55.554 [JavaFX Application Thread] INFO  Engine               -       Ask questions and discuss at: https://github.com/AlmasB/FXGL/discussions
01:38:55.554 [JavaFX Application Thread] INFO  Engine               -              Join the FXGL chat at: https://gitter.im/AlmasB/FXGL
01:38:55.754 [JavaFX Application Thread] DEBUG PrimaryStageWindow   - Creating a JavaFX scene
01:38:56.030 [JavaFX Application Thread] DEBUG PrimaryStageWindow   - Target settings size: 1280.0 x 720.0
01:38:56.030 [JavaFX Application Thread] DEBUG PrimaryStageWindow   - Scaled scene size:    1280.0 x 720.0
01:38:56.030 [JavaFX Application Thread] DEBUG PrimaryStageWindow   - Scaled ratio: (1.0, 1.0)
01:38:56.032 [JavaFX Application Thread] DEBUG PrimaryStageWindow   - Set initial scene to FXGLStartupScene
01:38:56.076 [JavaFX Application Thread] DEBUG PrimaryStageWindow   - Opening main window
01:38:56.438 [JavaFX Application Thread] DEBUG PrimaryStageWindow   - Window border size: (0.0, 22.0)
01:38:56.439 [JavaFX Application Thread] DEBUG PrimaryStageWindow   - Scaled size: 1280.0 x 720.0
01:38:56.439 [JavaFX Application Thread] DEBUG PrimaryStageWindow   - Scaled ratio: (1.0, 1.0)
01:38:56.440 [JavaFX Application Thread] DEBUG PrimaryStageWindow   - Scene size: 1280.0 x 720.0
01:38:56.440 [JavaFX Application Thread] DEBUG PrimaryStageWindow   - Stage size: 1280.0 x 742.0
01:38:57.259 [JavaFX Application Thread] DEBUG PrimaryStageWindow   - Going fullscreen
01:38:57.273 [FXGL Background Thread 1 ] DEBUG Engine               - Initializing environment variables
01:38:57.466 [FXGL Background Thread 1 ] DEBUG FXGLAssetLoaderServi - User app class for loading assets: class com.oop2.typewiz.TypeWizApp
01:38:57.466 [FXGL Background Thread 1 ] DEBUG GameApplicationServi - Applying CSS: fxgl_dark.css
01:38:57.468 [FXGL Background Thread 1 ] DEBUG FXGLAssetLoaderServi - Loading from file system: jar:file:///Users/archiecabiso/.m2/repository/com/github/almasb/fxgl/21.1/fxgl-21.1.jar!/fxglassets/ui/css/fxgl_dark.css
01:38:57.637 [FXGL Background Thread 1 ] DEBUG GameApplicationServi - Initializing application scenes
01:38:58.442 [FXGL Background Thread 1 ] DEBUG GameWorld            - Game world initialized
01:38:58.509 [FXGL Background Thread 1 ] DEBUG PhysicsWorld         - Physics world initialized: appHeight=720, physics.ppm=50.0
01:38:58.509 [FXGL Background Thread 1 ] DEBUG PhysicsWorld         - Using strategy: BRUTE_FORCE
01:38:58.515 [FXGL Background Thread 1 ] DEBUG GameScene            - Game scene initialized: 1280x720
01:38:58.917 [FXGL Background Thread 1 ] DEBUG FXGL.DefaultMenu     - createMenuBodyGameMenu()
01:38:58.928 [FXGL Background Thread 1 ] DEBUG FXGL.DefaultMenu     - createOptionsMenu()
01:38:58.939 [FXGL Background Thread 1 ] DEBUG FXGLAssetLoaderServi - Loading from file system: jar:file:///Users/archiecabiso/.m2/repository/com/github/almasb/fxgl/21.1/fxgl-21.1.jar!/fxglassets/textures/particles/smoke.png
01:38:59.039 [FXGL Background Thread 1 ] DEBUG FXGLAssetLoaderServi - Loading from file system: jar:file:///Users/archiecabiso/.m2/repository/com/github/almasb/fxgl/21.1/fxgl-21.1.jar!/fxglassets/textures/particles/trace_horizontal.png
01:38:59.059 [FXGL Background Thread 1 ] DEBUG GameApplicationServi - Application scenes initialized
01:38:59.073 [FXGL Background Thread 1 ] DEBUG SystemBundleService  - Loading FXGL system data
01:38:59.078 [FXGL Background Thread 1 ] DEBUG FileSystemAccess     - Reading from: /Users/archiecabiso/Documents/2nd Year - CS/2nd Sem/CSIT228/OOP2-Capstone/system/fxgl.bundle
01:38:59.087 [FXGL Background Thread 1 ] DEBUG SystemBundleService  - Bundle FXGL: {}
01:38:59.087 [FXGL Background Thread 1 ] DEBUG UpdaterService       - Checking for updates
01:38:59.097 [FXGL Background Thread 4 ] DEBUG FXGLApplication      - Loading fonts
01:38:59.097 [FXGL Background Thread 4 ] DEBUG FXGLAssetLoaderServi - Loading from file system: jar:file:///Users/archiecabiso/.m2/repository/com/github/almasb/fxgl/21.1/fxgl-21.1.jar!/fxglassets/ui/fonts/VarelaRound-Regular.ttf
01:38:59.098 [FXGL Background Thread 1 ] DEBUG FXGLApplication      - Loading default localization
01:38:59.099 [FXGL Background Thread 1 ] DEBUG FXGLAssetLoaderServi - Loading from file system: jar:file:///Users/archiecabiso/.m2/repository/com/github/almasb/fxgl/21.1/fxgl-21.1.jar!/fxglassets/languages/english.lang
01:38:59.120 [FXGL Background Thread 4 ] DEBUG FXGLAssetLoaderServi - Loading from file system: jar:file:///Users/archiecabiso/.m2/repository/com/github/almasb/fxgl/21.1/fxgl-21.1.jar!/fxglassets/ui/fonts/Abel-Regular.ttf
01:38:59.124 [FXGL Background Thread 4 ] DEBUG FXGLAssetLoaderServi - Loading from file system: jar:file:///Users/archiecabiso/.m2/repository/com/github/almasb/fxgl/21.1/fxgl-21.1.jar!/fxglassets/ui/fonts/TerminalLandMono-Regular.otf
01:38:59.130 [FXGL Background Thread 1 ] INFO  FXGLApplication      - FXGL initialization took: 1.857 sec
01:38:59.130 [FXGL Background Thread 4 ] DEBUG FXGLAssetLoaderServi - Loading from file system: jar:file:///Users/archiecabiso/.m2/repository/com/github/almasb/fxgl/21.1/fxgl-21.1.jar!/fxglassets/ui/fonts/Courier-Prime.ttf
01:38:59.132 [JavaFX Application Thread] DEBUG FXGLAssetLoaderServi - Loading from file system: jar:file:///Users/archiecabiso/.m2/repository/com/github/almasb/fxgl/21.1/fxgl-21.1.jar!/fxglassets/textures/fxgl_icon.png
01:38:59.153 [JavaFX Application Thread] DEBUG FXGLAssetLoaderServi - Loading from file system: jar:file:///Users/archiecabiso/.m2/repository/com/github/almasb/fxgl/21.1/fxgl-21.1.jar!/fxglassets/textures/fxgl_default_cursor.png
01:38:59.169 [JavaFX Application Thread] DEBUG Input                - Registered new binding: Screenshot - CTRL+8
01:38:59.169 [JavaFX Application Thread] DEBUG Input                - Registered new binding: System info dump - CTRL+9
01:38:59.170 [JavaFX Application Thread] DEBUG Input                - Registered new binding: Restart - CTRL+R
01:38:59.171 [JavaFX Application Thread] DEBUG Input                - Registered new binding: Toggle Debug Camera - CTRL+7
01:38:59.174 [JavaFX Application Thread] DEBUG LoopRunner           - Starting loop
01:38:59.175 [JavaFX Application Thread] DEBUG LoopRunner           - Initializing JavaFX AnimationTimerLoop
01:38:59.178 [JavaFX Application Thread] DEBUG Input                - Clearing active input actions
01:38:59.192 [JavaFX Application Thread] DEBUG GameApplicationServi - Removing overlay from FXGLStartupScene and adding to FXGLMainMenuDummyScene
01:38:59.193 [JavaFX Application Thread] DEBUG PrimaryStageWindow   - FXGLStartupScene -> FXGLMainMenuDummyScene
01:38:59.193 [JavaFX Application Thread] DEBUG PrimaryStageWindow   - Push state: LoginScreen
01:38:59.194 [JavaFX Application Thread] DEBUG Input                - Clearing active input actions
01:38:59.216 [JavaFX Application Thread] DEBUG GameApplicationServi - Removing overlay from FXGLMainMenuDummyScene and adding to LoginScreen
01:38:59.217 [JavaFX Application Thread] DEBUG PrimaryStageWindow   - FXGLMainMenuDummyScene -> LoginScreen
01:38:59.244 [JavaFX Application Thread] DEBUG FXGLApplication      - Registering font factories with UI factory
01:39:01.849 [JavaFX Application Thread] DEBUG FXGLAssetLoaderServi - Loading from file system: file:/Users/archiecabiso/Documents/2nd%20Year%20-%20CS/2nd%20Sem/CSIT228/OOP2-Capstone/target/classes/assets/sounds/sound-library/hover.wav
01:39:02.094 [FXGL Background Thread 3 ] DEBUG Engine               - Logging environment variables
01:39:02.095 [FXGL Background Thread 3 ] DEBUG Engine               - achievements: []
01:39:02.096 [FXGL Background Thread 3 ] DEBUG Engine               - actualHeight: 800.0
01:39:02.096 [FXGL Background Thread 3 ] DEBUG Engine               - actualHeightProperty: ReadOnlyDoubleProperty [value: 800.0]
01:39:02.096 [FXGL Background Thread 3 ] DEBUG Engine               - actualWidth: 1280.0
01:39:02.096 [FXGL Background Thread 3 ] DEBUG Engine               - actualWidthProperty: ReadOnlyDoubleProperty [value: 1280.0]
01:39:02.096 [FXGL Background Thread 3 ] DEBUG Engine               - appIcon: fxgl_icon.png
01:39:02.096 [FXGL Background Thread 3 ] DEBUG Engine               - applicationMode: DEVELOPER
01:39:02.097 [FXGL Background Thread 3 ] DEBUG Engine               - cSSList: [fxgl_dark.css]
01:39:02.097 [FXGL Background Thread 3 ] DEBUG Engine               - collisionDetectionStrategy: BRUTE_FORCE
01:39:02.097 [FXGL Background Thread 3 ] DEBUG Engine               - configClass: Optional.empty
01:39:02.097 [FXGL Background Thread 3 ] DEBUG Engine               - credits: []
01:39:02.097 [FXGL Background Thread 3 ] DEBUG Engine               - defaultCursor: CursorInfo(imageName=fxgl_default_cursor.png, hotspotX=7.0, hotspotY=6.0)
01:39:02.098 [FXGL Background Thread 3 ] DEBUG Engine               - devBBoxColorProperty: ObjectProperty [value: 0xff0000ff]
01:39:02.098 [FXGL Background Thread 3 ] DEBUG Engine               - devEnableDebugCameraProperty: BooleanProperty [value: false]
01:39:02.098 [FXGL Background Thread 3 ] DEBUG Engine               - devSensorColorProperty: ObjectProperty [value: 0xffff00ff]
01:39:02.098 [FXGL Background Thread 3 ] DEBUG Engine               - devShowBBoxProperty: BooleanProperty [value: false]
01:39:02.098 [FXGL Background Thread 3 ] DEBUG Engine               - devShowPositionProperty: BooleanProperty [value: false]
01:39:02.098 [FXGL Background Thread 3 ] DEBUG Engine               - enabledMenuItems: []
01:39:02.098 [FXGL Background Thread 3 ] DEBUG Engine               - engineServices: [class com.almasb.fxgl.app.services.FXGLAssetLoaderService, class com.almasb.fxgl.app.FXGLApplication$GameApplicationService, class com.almasb.fxgl.app.services.FXGLDialogService, class com.almasb.fxgl.app.services.IOTaskExecutorService, class com.almasb.fxgl.io.FileSystemService, class com.almasb.fxgl.localization.LocalizationService, class com.almasb.fxgl.app.services.SystemBundleService, class com.almasb.fxgl.profile.SaveLoadService, class com.almasb.fxgl.ui.FXGLUIFactoryServiceProvider, class com.almasb.fxgl.ui.FXGLDialogFactoryServiceProvider, class com.almasb.fxgl.audio.AudioPlayer, class com.almasb.fxgl.notification.impl.NotificationServiceProvider, class com.almasb.fxgl.achievement.AchievementService, class com.almasb.fxgl.cutscene.CutsceneService, class com.almasb.fxgl.minigames.MiniGameService, class com.almasb.fxgl.net.NetService, class com.almasb.fxgl.app.services.UpdaterService, class com.almasb.fxgl.dev.DevService]
01:39:02.098 [FXGL Background Thread 3 ] DEBUG Engine               - fontGame: Abel-Regular.ttf
01:39:02.098 [FXGL Background Thread 3 ] DEBUG Engine               - fontMono: TerminalLandMono-Regular.otf
01:39:02.098 [FXGL Background Thread 3 ] DEBUG Engine               - fontSizeScaleUI: 1.0
01:39:02.099 [FXGL Background Thread 3 ] DEBUG Engine               - fontText: Courier-Prime.ttf
01:39:02.099 [FXGL Background Thread 3 ] DEBUG Engine               - fontUI: VarelaRound-Regular.ttf
01:39:02.099 [FXGL Background Thread 3 ] DEBUG Engine               - fullScreen: BooleanProperty [value: true]
01:39:02.099 [FXGL Background Thread 3 ] DEBUG Engine               - gameDifficulty: MEDIUM
01:39:02.099 [FXGL Background Thread 3 ] DEBUG Engine               - gameDifficultyProperty: ObjectProperty [value: MEDIUM]
01:39:02.099 [FXGL Background Thread 3 ] DEBUG Engine               - globalMusicVolume: 0.5
01:39:02.099 [FXGL Background Thread 3 ] DEBUG Engine               - globalMusicVolumeProperty: DoubleProperty [value: 0.5]
01:39:02.099 [FXGL Background Thread 3 ] DEBUG Engine               - globalSoundVolume: 0.5
01:39:02.099 [FXGL Background Thread 3 ] DEBUG Engine               - globalSoundVolumeProperty: DoubleProperty [value: 0.5]
01:39:02.099 [FXGL Background Thread 3 ] DEBUG Engine               - height: 720
01:39:02.099 [FXGL Background Thread 3 ] DEBUG Engine               - is3D: false
01:39:02.099 [FXGL Background Thread 3 ] DEBUG Engine               - isAndroid: false
01:39:02.100 [FXGL Background Thread 3 ] DEBUG Engine               - isBrowser: false
01:39:02.100 [FXGL Background Thread 3 ] DEBUG Engine               - isClickFeedbackEnabled: false
01:39:02.100 [FXGL Background Thread 3 ] DEBUG Engine               - isCloseConfirmation: false
01:39:02.100 [FXGL Background Thread 3 ] DEBUG Engine               - isDesktop: true
01:39:02.100 [FXGL Background Thread 3 ] DEBUG Engine               - isDeveloperMenuEnabled: false
01:39:02.100 [FXGL Background Thread 3 ] DEBUG Engine               - isEmbedded: false
01:39:02.100 [FXGL Background Thread 3 ] DEBUG Engine               - isEntityPreloadEnabled: true
01:39:02.100 [FXGL Background Thread 3 ] DEBUG Engine               - isExperimentalTiledLargeMap: false
01:39:02.100 [FXGL Background Thread 3 ] DEBUG Engine               - isFileSystemWriteAllowed: true
01:39:02.100 [FXGL Background Thread 3 ] DEBUG Engine               - isFullScreenAllowed: true
01:39:02.100 [FXGL Background Thread 3 ] DEBUG Engine               - isFullScreenFromStart: true
01:39:02.100 [FXGL Background Thread 3 ] DEBUG Engine               - isGameMenuEnabled: true
01:39:02.100 [FXGL Background Thread 3 ] DEBUG Engine               - isIOS: false
01:39:02.100 [FXGL Background Thread 3 ] DEBUG Engine               - isIntroEnabled: false
01:39:02.100 [FXGL Background Thread 3 ] DEBUG Engine               - isLinux: false
01:39:02.100 [FXGL Background Thread 3 ] DEBUG Engine               - isMac: true
01:39:02.101 [FXGL Background Thread 3 ] DEBUG Engine               - isMainMenuEnabled: true
01:39:02.101 [FXGL Background Thread 3 ] DEBUG Engine               - isManualResizeEnabled: false
01:39:02.101 [FXGL Background Thread 3 ] DEBUG Engine               - isMobile: false
01:39:02.101 [FXGL Background Thread 3 ] DEBUG Engine               - isNative: false
01:39:02.101 [FXGL Background Thread 3 ] DEBUG Engine               - isPauseMusicWhenMinimized: true
01:39:02.101 [FXGL Background Thread 3 ] DEBUG Engine               - isPreserveResizeRatio: false
01:39:02.101 [FXGL Background Thread 3 ] DEBUG Engine               - isProfilingEnabled: false
01:39:02.101 [FXGL Background Thread 3 ] DEBUG Engine               - isScaleAffectedOnResize: true
01:39:02.101 [FXGL Background Thread 3 ] DEBUG Engine               - isSingleStep: false
01:39:02.101 [FXGL Background Thread 3 ] DEBUG Engine               - isUserProfileEnabled: false
01:39:02.101 [FXGL Background Thread 3 ] DEBUG Engine               - isWindows: false
01:39:02.101 [FXGL Background Thread 3 ] DEBUG Engine               - language: ObjectProperty [value: ENGLISH]
01:39:02.102 [FXGL Background Thread 3 ] DEBUG Engine               - menuKey: ESCAPE
01:39:02.102 [FXGL Background Thread 3 ] DEBUG Engine               - mouseSensitivity: 0.2
01:39:02.102 [FXGL Background Thread 3 ] DEBUG Engine               - notificationViewClass: class com.almasb.fxgl.notification.view.XboxNotificationView
01:39:02.102 [FXGL Background Thread 3 ] DEBUG Engine               - pixelsPerMeter: 50.0
01:39:02.102 [FXGL Background Thread 3 ] DEBUG Engine               - platform: MAC
01:39:02.102 [FXGL Background Thread 3 ] DEBUG Engine               - prefHeightProperty: ReadOnlyDoubleProperty [value: 720.0]
01:39:02.102 [FXGL Background Thread 3 ] DEBUG Engine               - prefWidthProperty: ReadOnlyDoubleProperty [value: 1280.0]
01:39:02.102 [FXGL Background Thread 3 ] DEBUG Engine               - profileDir: profiles/
01:39:02.102 [FXGL Background Thread 3 ] DEBUG Engine               - profileName: StringProperty [value: DEFAULT]
01:39:02.103 [FXGL Background Thread 3 ] DEBUG Engine               - randomSeed: -1
01:39:02.103 [FXGL Background Thread 3 ] DEBUG Engine               - runtimeInfo: RuntimeInfo(platform=MAC, version=21.1, build=27.03.2024 07.52)
01:39:02.103 [FXGL Background Thread 3 ] DEBUG Engine               - saveFileExt: sav
01:39:02.103 [FXGL Background Thread 3 ] DEBUG Engine               - scaledHeightProp$fxgl: DoubleProperty [bound, value: 800.0]
01:39:02.103 [FXGL Background Thread 3 ] DEBUG Engine               - scaledWidthProp$fxgl: DoubleProperty [bound, value: 1280.0]
01:39:02.103 [FXGL Background Thread 3 ] DEBUG Engine               - sceneFactory: com.oop2.typewiz.util.CustomSceneFactory@1a597c10
01:39:02.103 [FXGL Background Thread 3 ] DEBUG Engine               - secondsIn24h: 60
01:39:02.103 [FXGL Background Thread 3 ] DEBUG Engine               - soundMenuBack: menu/back.wav
01:39:02.104 [FXGL Background Thread 3 ] DEBUG Engine               - soundMenuPress: menu/press.wav
01:39:02.104 [FXGL Background Thread 3 ] DEBUG Engine               - soundMenuSelect: menu/select.wav
01:39:02.104 [FXGL Background Thread 3 ] DEBUG Engine               - soundNotification: core/notification.wav
01:39:02.104 [FXGL Background Thread 3 ] DEBUG Engine               - stageStyle: DECORATED
01:39:02.104 [FXGL Background Thread 3 ] DEBUG Engine               - supportedLanguages: [ENGLISH, FRENCH, GERMAN, HUNGARIAN, RUSSIAN]
01:39:02.104 [FXGL Background Thread 3 ] DEBUG Engine               - ticksPerSecond: -1
01:39:02.104 [FXGL Background Thread 3 ] DEBUG Engine               - title: TypeWiz
01:39:02.104 [FXGL Background Thread 3 ] DEBUG Engine               - urlGithub: https://github.com/AlmasB/FXGL
01:39:02.104 [FXGL Background Thread 3 ] DEBUG Engine               - urlLeaderboard: http://fxgl-top.herokuapp.com/
01:39:02.104 [FXGL Background Thread 3 ] DEBUG Engine               - urlPOM: https://raw.githubusercontent.com/AlmasB/FXGL/release/README.md
01:39:02.104 [FXGL Background Thread 3 ] DEBUG Engine               - userAppClass: class com.oop2.typewiz.TypeWizApp
01:39:02.105 [FXGL Background Thread 3 ] DEBUG Engine               - version: 0.0
01:39:02.105 [FXGL Background Thread 3 ] DEBUG Engine               - versionCheckDays: 7
01:39:02.105 [FXGL Background Thread 3 ] DEBUG Engine               - width: 1280
01:39:02.105 [FXGL Background Thread 3 ] DEBUG Engine               - Logging services
01:39:02.105 [FXGL Background Thread 3 ] DEBUG Engine               - class com.almasb.fxgl.app.services.FXGLAssetLoaderService
01:39:02.105 [FXGL Background Thread 3 ] DEBUG Engine               - class com.almasb.fxgl.app.FXGLApplication$GameApplicationService
01:39:02.105 [FXGL Background Thread 3 ] DEBUG Engine               - class com.almasb.fxgl.app.services.FXGLDialogService
01:39:02.105 [FXGL Background Thread 3 ] DEBUG Engine               - class com.almasb.fxgl.app.services.IOTaskExecutorService
01:39:02.105 [FXGL Background Thread 3 ] DEBUG Engine               - class com.almasb.fxgl.io.FileSystemService
01:39:02.105 [FXGL Background Thread 3 ] DEBUG Engine               - class com.almasb.fxgl.localization.LocalizationService
01:39:02.106 [FXGL Background Thread 3 ] DEBUG Engine               - class com.almasb.fxgl.app.services.SystemBundleService
01:39:02.106 [FXGL Background Thread 3 ] DEBUG Engine               - class com.almasb.fxgl.profile.SaveLoadService
01:39:02.106 [FXGL Background Thread 3 ] DEBUG Engine               - class com.almasb.fxgl.ui.FXGLUIFactoryServiceProvider
01:39:02.106 [FXGL Background Thread 3 ] DEBUG Engine               - class com.almasb.fxgl.ui.FXGLDialogFactoryServiceProvider
01:39:02.106 [FXGL Background Thread 3 ] DEBUG Engine               - class com.almasb.fxgl.audio.AudioPlayer
01:39:02.106 [FXGL Background Thread 3 ] DEBUG Engine               - class com.almasb.fxgl.notification.impl.NotificationServiceProvider
01:39:02.106 [FXGL Background Thread 3 ] DEBUG Engine               - class com.almasb.fxgl.achievement.AchievementService
01:39:02.106 [FXGL Background Thread 3 ] DEBUG Engine               - class com.almasb.fxgl.cutscene.CutsceneService
01:39:02.106 [FXGL Background Thread 3 ] DEBUG Engine               - class com.almasb.fxgl.minigames.MiniGameService
01:39:02.106 [FXGL Background Thread 3 ] DEBUG Engine               - class com.almasb.fxgl.net.NetService
01:39:02.106 [FXGL Background Thread 3 ] DEBUG Engine               - class com.almasb.fxgl.app.services.UpdaterService
01:39:02.106 [FXGL Background Thread 3 ] DEBUG Engine               - class com.almasb.fxgl.dev.DevService
01:39:02.600 [JavaFX Application Thread] DEBUG FXGLAssetLoaderServi - Loading from file system: file:/Users/archiecabiso/Documents/2nd%20Year%20-%20CS/2nd%20Sem/CSIT228/OOP2-Capstone/target/classes/assets/sounds/sound-library/click.wav
01:39:02.905 [JavaFX Application Thread] DEBUG PrimaryStageWindow   - Push state: RegisterScreen
01:39:02.906 [JavaFX Application Thread] DEBUG Input                - Clearing active input actions
01:39:02.909 [JavaFX Application Thread] DEBUG GameApplicationServi - Removing overlay from LoginScreen and adding to RegisterScreen
01:39:02.909 [JavaFX Application Thread] DEBUG PrimaryStageWindow   - LoginScreen -> RegisterScreen
01:39:02.910 [JavaFX Application Thread] DEBUG FXGLAssetLoaderServi - Loading from file system: file:/Users/archiecabiso/Documents/2nd%20Year%20-%20CS/2nd%20Sem/CSIT228/OOP2-Capstone/target/classes/assets/textures/magicbook.png
01:39:02.916 [JavaFX Application Thread] DEBUG FXGLAssetLoaderServi - Loading from file system: file:/Users/archiecabiso/Documents/2nd%20Year%20-%20CS/2nd%20Sem/CSIT228/OOP2-Capstone/target/classes/assets/textures/magicbook_hover.png
01:39:06.423 [JavaFX Application Thread] DEBUG PrimaryStageWindow   - Push state: LoginScreen
01:39:06.423 [JavaFX Application Thread] DEBUG Input                - Clearing active input actions
01:39:06.424 [JavaFX Application Thread] DEBUG GameApplicationServi - Removing overlay from RegisterScreen and adding to LoginScreen
01:39:06.425 [JavaFX Application Thread] DEBUG PrimaryStageWindow   - RegisterScreen -> LoginScreen
01:39:11.145 [JavaFX Application Thread] DEBUG PrimaryStageWindow   - Push state: RegisterScreen
01:39:11.145 [JavaFX Application Thread] DEBUG Input                - Clearing active input actions
01:39:11.147 [JavaFX Application Thread] DEBUG GameApplicationServi - Removing overlay from LoginScreen and adding to RegisterScreen
01:39:11.147 [JavaFX Application Thread] DEBUG PrimaryStageWindow   - LoginScreen -> RegisterScreen
01:39:13.966 [JavaFX Application Thread] DEBUG FXGLAssetLoaderServi - Loading from file system: file:/Users/archiecabiso/Documents/2nd%20Year%20-%20CS/2nd%20Sem/CSIT228/OOP2-Capstone/target/classes/assets/music/magic.wav
01:39:13.994 [JavaFX Application Thread] DEBUG AudioPlayer          - Playing music com.almasb.fxgl.audio.Music@57a06bf3
01:39:14.076 [JavaFX Application Thread] DEBUG PrimaryStageWindow   - Push state: LoadingScreen
01:39:14.076 [JavaFX Application Thread] DEBUG Input                - Clearing active input actions
01:39:14.077 [JavaFX Application Thread] DEBUG GameApplicationServi - Removing overlay from RegisterScreen and adding to LoadingScreen
01:39:14.078 [JavaFX Application Thread] DEBUG PrimaryStageWindow   - RegisterScreen -> LoadingScreen
01:39:17.112 [JavaFX Application Thread] DEBUG FXGLAssetLoaderServi - Loading from file system: file:/Users/archiecabiso/Documents/2nd%20Year%20-%20CS/2nd%20Sem/CSIT228/OOP2-Capstone/target/classes/assets/music/bgm.mp3
01:39:17.125 [JavaFX Application Thread] DEBUG AudioPlayer          - Playing music com.almasb.fxgl.audio.Music@4385f77b
01:39:17.125 [JavaFX Application Thread] DEBUG PrimaryStageWindow   - Push state: MainMenuScreen
01:39:17.125 [JavaFX Application Thread] DEBUG Input                - Clearing active input actions
01:39:17.126 [JavaFX Application Thread] DEBUG GameApplicationServi - Removing overlay from LoadingScreen and adding to MainMenuScreen
01:39:17.127 [JavaFX Application Thread] DEBUG PrimaryStageWindow   - LoadingScreen -> MainMenuScreen
01:39:21.613 [JavaFX Application Thread] DEBUG FXGLApplication      - Exiting FXGL
01:39:21.614 [JavaFX Application Thread] DEBUG LoopRunner           - Stopping loop
01:39:21.614 [JavaFX Application Thread] DEBUG SystemBundleService  - Saving FXGL system data
01:39:21.618 [JavaFX Application Thread] DEBUG FileSystemAccess     - Writing to: /Users/archiecabiso/Documents/2nd Year - CS/2nd Sem/CSIT228/OOP2-Capstone/system/fxgl.bundle
01:39:21.622 [JavaFX Application Thread] DEBUG Async                - Shutting down background threads
01:39:21.623 [JavaFX Application Thread] DEBUG PrimaryStageWindow   - Closing main window
01:39:22.569 [JavaFX Application Thread] DEBUG Logger               - Closing Logger
