08:31:44.557 [main                     ] DEBUG Logger               - Configured Logger
08:31:44.581 [main                     ] DEBUG GameApplication      - Logging settings
Title: TypeWiz - Winter Theme
Version: 0.0
Width: 1280
Height: 720
Fullscreen: false
Intro: false
Profiling: false
Single step:false
App Mode: DEVELOPER
Menu Key: ESCAPE
Stage Style: DECORATED
Scene Factory: class com.almasb.fxgl.app.scene.SceneFactory

08:31:44.840 [JavaFX Application Thread] DEBUG FXGLApplication      - Initializing FXGL
08:31:44.844 [JavaFX Application Thread] INFO  Engine               - FXGL-21.1 (27.03.2024 07.52) on WINDOWS (J:21.0.3 FX:19)
08:31:44.844 [JavaFX Application Thread] DEBUG Engine               - JRE Vendor Name: Oracle Corporation
08:31:44.844 [JavaFX Application Thread] DEBUG Engine               - Running on OS: Windows 11 version 10.0
08:31:44.845 [JavaFX Application Thread] DEBUG Engine               - Architecture: amd64
08:31:44.845 [JavaFX Application Thread] INFO  Engine               - Source code and latest versions at: https://github.com/AlmasB/FXGL
08:31:44.845 [JavaFX Application Thread] INFO  Engine               -       Ask questions and discuss at: https://github.com/AlmasB/FXGL/discussions
08:31:44.845 [JavaFX Application Thread] INFO  Engine               -              Join the FXGL chat at: https://gitter.im/AlmasB/FXGL
08:31:44.912 [JavaFX Application Thread] DEBUG PrimaryStageWindow   - Creating a JavaFX scene
08:31:44.946 [JavaFX Application Thread] DEBUG PrimaryStageWindow   - Target settings size: 1280.0 x 720.0
08:31:44.946 [JavaFX Application Thread] DEBUG PrimaryStageWindow   - Scaled scene size:    1280.0 x 720.0
08:31:44.946 [JavaFX Application Thread] DEBUG PrimaryStageWindow   - Scaled ratio: (1.0, 1.0)
08:31:44.947 [JavaFX Application Thread] DEBUG PrimaryStageWindow   - Set initial scene to FXGLStartupScene
08:31:44.950 [JavaFX Application Thread] DEBUG PrimaryStageWindow   - Opening main window
08:31:45.011 [JavaFX Application Thread] DEBUG PrimaryStageWindow   - Window border size: (14.4000244140625, 37.5999755859375)
08:31:45.011 [JavaFX Application Thread] DEBUG PrimaryStageWindow   - Scaled size: 1280.0 x 720.0
08:31:45.012 [JavaFX Application Thread] DEBUG PrimaryStageWindow   - Scaled ratio: (1.0, 1.0)
08:31:45.012 [JavaFX Application Thread] DEBUG PrimaryStageWindow   - Scene size: 1280.0 x 720.0
08:31:45.012 [JavaFX Application Thread] DEBUG PrimaryStageWindow   - Stage size: 1294.4000244140625 x 757.5999755859375
08:31:45.020 [FXGL Background Thread 1 ] DEBUG Engine               - Initializing environment variables
08:31:45.067 [FXGL Background Thread 1 ] DEBUG FXGLAssetLoaderServi - User app class for loading assets: class com.oop2.typewiz.GameplayComponents.Game
08:31:45.067 [FXGL Background Thread 1 ] DEBUG GameApplicationServi - Applying CSS: fxgl_dark.css
08:31:45.068 [FXGL Background Thread 1 ] DEBUG FXGLAssetLoaderServi - Loading from file system: jar:file:///C:/Users/Ruhmer%20Jairus/.m2/repository/com/github/almasb/fxgl/21.1/fxgl-21.1.jar!/fxglassets/ui/css/fxgl_dark.css
08:31:45.106 [FXGL Background Thread 1 ] DEBUG GameApplicationServi - Initializing application scenes
08:31:45.151 [FXGL Background Thread 1 ] DEBUG GameWorld            - Game world initialized
08:31:45.203 [FXGL Background Thread 1 ] DEBUG PhysicsWorld         - Physics world initialized: appHeight=720, physics.ppm=50.0
08:31:45.204 [FXGL Background Thread 1 ] DEBUG PhysicsWorld         - Using strategy: BRUTE_FORCE
08:31:45.206 [FXGL Background Thread 1 ] DEBUG GameScene            - Game scene initialized: 1280x720
08:31:45.213 [FXGL Background Thread 1 ] DEBUG FXGL.DefaultMenu     - createMenuBodyGameMenu()
08:31:45.222 [FXGL Background Thread 1 ] DEBUG FXGL.DefaultMenu     - createOptionsMenu()
08:31:45.227 [FXGL Background Thread 1 ] DEBUG FXGLAssetLoaderServi - Loading from file system: jar:file:///C:/Users/Ruhmer%20Jairus/.m2/repository/com/github/almasb/fxgl/21.1/fxgl-21.1.jar!/fxglassets/textures/particles/smoke.png
08:31:45.303 [FXGL Background Thread 1 ] DEBUG FXGLAssetLoaderServi - Loading from file system: jar:file:///C:/Users/Ruhmer%20Jairus/.m2/repository/com/github/almasb/fxgl/21.1/fxgl-21.1.jar!/fxglassets/textures/particles/trace_horizontal.png
08:31:45.332 [FXGL Background Thread 1 ] DEBUG GameApplicationServi - Application scenes initialized
08:31:45.340 [FXGL Background Thread 1 ] DEBUG SystemBundleService  - Loading FXGL system data
08:31:45.344 [FXGL Background Thread 1 ] DEBUG FileSystemAccess     - Reading from: C:\Users\Ruhmer Jairus\OOP2-Capstone\system\fxgl.bundle
08:31:45.352 [FXGL Background Thread 1 ] DEBUG SystemBundleService  - Bundle FXGL: {}
08:31:45.352 [FXGL Background Thread 1 ] DEBUG UpdaterService       - Checking for updates
08:31:45.355 [FXGL Background Thread 4 ] DEBUG FXGLApplication      - Loading fonts
08:31:45.355 [FXGL Background Thread 1 ] DEBUG FXGLApplication      - Loading default localization
08:31:45.355 [FXGL Background Thread 4 ] DEBUG FXGLAssetLoaderServi - Loading from file system: jar:file:///C:/Users/Ruhmer%20Jairus/.m2/repository/com/github/almasb/fxgl/21.1/fxgl-21.1.jar!/fxglassets/ui/fonts/VarelaRound-Regular.ttf
08:31:45.356 [FXGL Background Thread 1 ] DEBUG FXGLAssetLoaderServi - Loading from file system: jar:file:///C:/Users/Ruhmer%20Jairus/.m2/repository/com/github/almasb/fxgl/21.1/fxgl-21.1.jar!/fxglassets/languages/english.lang
08:31:45.386 [FXGL Background Thread 4 ] DEBUG FXGLAssetLoaderServi - Loading from file system: jar:file:///C:/Users/Ruhmer%20Jairus/.m2/repository/com/github/almasb/fxgl/21.1/fxgl-21.1.jar!/fxglassets/ui/fonts/Abel-Regular.ttf
08:31:45.389 [FXGL Background Thread 4 ] DEBUG FXGLAssetLoaderServi - Loading from file system: jar:file:///C:/Users/Ruhmer%20Jairus/.m2/repository/com/github/almasb/fxgl/21.1/fxgl-21.1.jar!/fxglassets/ui/fonts/TerminalLandMono-Regular.otf
08:31:45.392 [FXGL Background Thread 4 ] DEBUG FXGLAssetLoaderServi - Loading from file system: jar:file:///C:/Users/Ruhmer%20Jairus/.m2/repository/com/github/almasb/fxgl/21.1/fxgl-21.1.jar!/fxglassets/ui/fonts/Courier-Prime.ttf
08:31:45.394 [FXGL Background Thread 1 ] INFO  FXGLApplication      - FXGL initialization took: 0.374 sec
08:31:45.396 [JavaFX Application Thread] DEBUG FXGLAssetLoaderServi - Loading from file system: jar:file:///C:/Users/Ruhmer%20Jairus/.m2/repository/com/github/almasb/fxgl/21.1/fxgl-21.1.jar!/fxglassets/textures/fxgl_icon.png
08:31:45.409 [JavaFX Application Thread] DEBUG FXGLAssetLoaderServi - Loading from file system: jar:file:///C:/Users/Ruhmer%20Jairus/.m2/repository/com/github/almasb/fxgl/21.1/fxgl-21.1.jar!/fxglassets/textures/fxgl_default_cursor.png
08:31:45.422 [JavaFX Application Thread] DEBUG Input                - Registered new binding: Screenshot - CTRL+8
08:31:45.423 [JavaFX Application Thread] DEBUG Input                - Registered new binding: System info dump - CTRL+9
08:31:45.423 [JavaFX Application Thread] DEBUG Input                - Registered new binding: Restart - CTRL+R
08:31:45.425 [JavaFX Application Thread] DEBUG Input                - Registered new binding: Toggle Debug Camera - CTRL+7
08:31:45.432 [JavaFX Application Thread] DEBUG LoopRunner           - Starting loop
08:31:45.432 [JavaFX Application Thread] DEBUG LoopRunner           - Initializing JavaFX AnimationTimerLoop
08:31:45.434 [JavaFX Application Thread] DEBUG GameApplicationServi - Starting new game
08:31:45.434 [JavaFX Application Thread] DEBUG Input                - Clearing active input actions
08:31:45.449 [JavaFX Application Thread] DEBUG GameApplicationServi - Removing overlay from FXGLStartupScene and adding to FXGLLoadingScene
08:31:45.449 [JavaFX Application Thread] DEBUG PrimaryStageWindow   - FXGLStartupScene -> FXGLLoadingScene
08:31:45.449 [JavaFX Application Thread] DEBUG GameApplicationServi - Clearing previous game
08:31:45.449 [JavaFX Application Thread] DEBUG GameScene            - Clearing game scene
08:31:45.449 [JavaFX Application Thread] DEBUG GameWorld            - Clearing game world
08:31:45.449 [JavaFX Application Thread] DEBUG PhysicsWorld         - Clearing physics world
08:31:45.452 [FXGL Background Thread 4 ] DEBUG FXGLApplication      - Initializing game
08:31:45.452 [JavaFX Application Thread] DEBUG FXGLApplication      - Registering font factories with UI factory
08:31:45.454 [FXGL Background Thread 4 ] DEBUG FXGLAssetLoaderServi - Loading from file system: file:/C:/Users/Ruhmer%20Jairus/OOP2-Capstone/target/classes/assets/textures/background-and-platforms/bg-winter_1280_720.png
08:31:45.495 [FXGL Background Thread 4 ] DEBUG FXGLAssetLoaderServi - Loading from file system: file:/C:/Users/Ruhmer%20Jairus/OOP2-Capstone/target/classes/assets/textures/background-and-platforms/hdlargerplatform-winter.png
08:31:45.582 [FXGL Background Thread 4 ] DEBUG FXGLAssetLoaderServi - Loading from file system: file:/C:/Users/Ruhmer%20Jairus/OOP2-Capstone/target/classes/assets/textures/wizard/wizard.png
08:31:45.639 [FXGL Background Thread 4 ] DEBUG FXGLAssetLoaderServi - Loading from file system: file:/C:/Users/Ruhmer%20Jairus/OOP2-Capstone/target/classes/assets/textures/mobs/gargoyle/gargoyle.png
08:31:45.657 [FXGL Background Thread 4 ] DEBUG Input                - Registered new binding: Move Gargoyle Up - Up
08:31:45.658 [FXGL Background Thread 4 ] DEBUG Input                - Registered new binding: Move Gargoyle Down - Down
08:31:45.658 [FXGL Background Thread 4 ] DEBUG Input                - Registered new binding: Move Gargoyle Left - Left
08:31:45.658 [FXGL Background Thread 4 ] DEBUG Input                - Registered new binding: Move Gargoyle Right - Right
08:31:45.660 [FXGL Background Thread 4 ] INFO  FXGLApplication      - Game initialization took: 0.208 sec
08:31:45.661 [JavaFX Application Thread] DEBUG Input                - Clearing active input actions
08:31:45.670 [JavaFX Application Thread] DEBUG GameApplicationServi - Removing overlay from FXGLLoadingScene and adding to GameScene
08:31:45.670 [JavaFX Application Thread] DEBUG PrimaryStageWindow   - FXGLLoadingScene -> GameScene
08:31:48.355 [FXGL Background Thread 3 ] DEBUG Engine               - Logging environment variables
08:31:48.355 [FXGL Background Thread 3 ] DEBUG Engine               - achievements: []
08:31:48.355 [FXGL Background Thread 3 ] DEBUG Engine               - actualHeight: 720.0
08:31:48.356 [FXGL Background Thread 3 ] DEBUG Engine               - actualHeightProperty: ReadOnlyDoubleProperty [value: 720.0]
08:31:48.356 [FXGL Background Thread 3 ] DEBUG Engine               - actualWidth: 1280.0
08:31:48.356 [FXGL Background Thread 3 ] DEBUG Engine               - actualWidthProperty: ReadOnlyDoubleProperty [value: 1280.0]
08:31:48.356 [FXGL Background Thread 3 ] DEBUG Engine               - appIcon: fxgl_icon.png
08:31:48.356 [FXGL Background Thread 3 ] DEBUG Engine               - applicationMode: DEVELOPER
08:31:48.356 [FXGL Background Thread 3 ] DEBUG Engine               - cSSList: [fxgl_dark.css]
08:31:48.356 [FXGL Background Thread 3 ] DEBUG Engine               - collisionDetectionStrategy: BRUTE_FORCE
08:31:48.356 [FXGL Background Thread 3 ] DEBUG Engine               - configClass: Optional.empty
08:31:48.356 [FXGL Background Thread 3 ] DEBUG Engine               - credits: []
08:31:48.356 [FXGL Background Thread 3 ] DEBUG Engine               - defaultCursor: CursorInfo(imageName=fxgl_default_cursor.png, hotspotX=7.0, hotspotY=6.0)
08:31:48.356 [FXGL Background Thread 3 ] DEBUG Engine               - devBBoxColorProperty: ObjectProperty [value: 0xff0000ff]
08:31:48.356 [FXGL Background Thread 3 ] DEBUG Engine               - devEnableDebugCameraProperty: BooleanProperty [value: false]
08:31:48.356 [FXGL Background Thread 3 ] DEBUG Engine               - devSensorColorProperty: ObjectProperty [value: 0xffff00ff]
08:31:48.356 [FXGL Background Thread 3 ] DEBUG Engine               - devShowBBoxProperty: BooleanProperty [value: false]
08:31:48.357 [FXGL Background Thread 3 ] DEBUG Engine               - devShowPositionProperty: BooleanProperty [value: false]
08:31:48.357 [FXGL Background Thread 3 ] DEBUG Engine               - enabledMenuItems: []
08:31:48.357 [FXGL Background Thread 3 ] DEBUG Engine               - engineServices: [class com.almasb.fxgl.app.services.FXGLAssetLoaderService, class com.almasb.fxgl.app.FXGLApplication$GameApplicationService, class com.almasb.fxgl.app.services.FXGLDialogService, class com.almasb.fxgl.app.services.IOTaskExecutorService, class com.almasb.fxgl.io.FileSystemService, class com.almasb.fxgl.localization.LocalizationService, class com.almasb.fxgl.app.services.SystemBundleService, class com.almasb.fxgl.profile.SaveLoadService, class com.almasb.fxgl.ui.FXGLUIFactoryServiceProvider, class com.almasb.fxgl.ui.FXGLDialogFactoryServiceProvider, class com.almasb.fxgl.audio.AudioPlayer, class com.almasb.fxgl.notification.impl.NotificationServiceProvider, class com.almasb.fxgl.achievement.AchievementService, class com.almasb.fxgl.cutscene.CutsceneService, class com.almasb.fxgl.minigames.MiniGameService, class com.almasb.fxgl.net.NetService, class com.almasb.fxgl.app.services.UpdaterService, class com.almasb.fxgl.dev.DevService]
08:31:48.357 [FXGL Background Thread 3 ] DEBUG Engine               - fontGame: Abel-Regular.ttf
08:31:48.357 [FXGL Background Thread 3 ] DEBUG Engine               - fontMono: TerminalLandMono-Regular.otf
08:31:48.357 [FXGL Background Thread 3 ] DEBUG Engine               - fontSizeScaleUI: 1.0
08:31:48.357 [FXGL Background Thread 3 ] DEBUG Engine               - fontText: Courier-Prime.ttf
08:31:48.357 [FXGL Background Thread 3 ] DEBUG Engine               - fontUI: VarelaRound-Regular.ttf
08:31:48.357 [FXGL Background Thread 3 ] DEBUG Engine               - fullScreen: BooleanProperty [value: false]
08:31:48.357 [FXGL Background Thread 3 ] DEBUG Engine               - gameDifficulty: MEDIUM
08:31:48.357 [FXGL Background Thread 3 ] DEBUG Engine               - gameDifficultyProperty: ObjectProperty [value: MEDIUM]
08:31:48.357 [FXGL Background Thread 3 ] DEBUG Engine               - globalMusicVolume: 0.5
08:31:48.357 [FXGL Background Thread 3 ] DEBUG Engine               - globalMusicVolumeProperty: DoubleProperty [value: 0.5]
08:31:48.357 [FXGL Background Thread 3 ] DEBUG Engine               - globalSoundVolume: 0.5
08:31:48.357 [FXGL Background Thread 3 ] DEBUG Engine               - globalSoundVolumeProperty: DoubleProperty [value: 0.5]
08:31:48.357 [FXGL Background Thread 3 ] DEBUG Engine               - height: 720
08:31:48.357 [FXGL Background Thread 3 ] DEBUG Engine               - is3D: false
08:31:48.357 [FXGL Background Thread 3 ] DEBUG Engine               - isAndroid: false
08:31:48.357 [FXGL Background Thread 3 ] DEBUG Engine               - isBrowser: false
08:31:48.357 [FXGL Background Thread 3 ] DEBUG Engine               - isClickFeedbackEnabled: false
08:31:48.357 [FXGL Background Thread 3 ] DEBUG Engine               - isCloseConfirmation: false
08:31:48.357 [FXGL Background Thread 3 ] DEBUG Engine               - isDesktop: true
08:31:48.357 [FXGL Background Thread 3 ] DEBUG Engine               - isDeveloperMenuEnabled: false
08:31:48.357 [FXGL Background Thread 3 ] DEBUG Engine               - isEmbedded: false
08:31:48.357 [FXGL Background Thread 3 ] DEBUG Engine               - isEntityPreloadEnabled: true
08:31:48.358 [FXGL Background Thread 3 ] DEBUG Engine               - isExperimentalTiledLargeMap: false
08:31:48.358 [FXGL Background Thread 3 ] DEBUG Engine               - isFileSystemWriteAllowed: true
08:31:48.358 [FXGL Background Thread 3 ] DEBUG Engine               - isFullScreenAllowed: false
08:31:48.358 [FXGL Background Thread 3 ] DEBUG Engine               - isFullScreenFromStart: false
08:31:48.358 [FXGL Background Thread 3 ] DEBUG Engine               - isGameMenuEnabled: true
08:31:48.358 [FXGL Background Thread 3 ] DEBUG Engine               - isIOS: false
08:31:48.358 [FXGL Background Thread 3 ] DEBUG Engine               - isIntroEnabled: false
08:31:48.358 [FXGL Background Thread 3 ] DEBUG Engine               - isLinux: false
08:31:48.358 [FXGL Background Thread 3 ] DEBUG Engine               - isMac: false
08:31:48.358 [FXGL Background Thread 3 ] DEBUG Engine               - isMainMenuEnabled: false
08:31:48.358 [FXGL Background Thread 3 ] DEBUG Engine               - isManualResizeEnabled: false
08:31:48.358 [FXGL Background Thread 3 ] DEBUG Engine               - isMobile: false
08:31:48.358 [FXGL Background Thread 3 ] DEBUG Engine               - isNative: false
08:31:48.358 [FXGL Background Thread 3 ] DEBUG Engine               - isPauseMusicWhenMinimized: true
08:31:48.358 [FXGL Background Thread 3 ] DEBUG Engine               - isPreserveResizeRatio: false
08:31:48.358 [FXGL Background Thread 3 ] DEBUG Engine               - isProfilingEnabled: false
08:31:48.358 [FXGL Background Thread 3 ] DEBUG Engine               - isScaleAffectedOnResize: true
08:31:48.358 [FXGL Background Thread 3 ] DEBUG Engine               - isSingleStep: false
08:31:48.358 [FXGL Background Thread 3 ] DEBUG Engine               - isUserProfileEnabled: false
08:31:48.358 [FXGL Background Thread 3 ] DEBUG Engine               - isWindows: true
08:31:48.358 [FXGL Background Thread 3 ] DEBUG Engine               - language: ObjectProperty [value: ENGLISH]
08:31:48.358 [FXGL Background Thread 3 ] DEBUG Engine               - menuKey: ESCAPE
08:31:48.358 [FXGL Background Thread 3 ] DEBUG Engine               - mouseSensitivity: 0.2
08:31:48.358 [FXGL Background Thread 3 ] DEBUG Engine               - notificationViewClass: class com.almasb.fxgl.notification.view.XboxNotificationView
08:31:48.358 [FXGL Background Thread 3 ] DEBUG Engine               - pixelsPerMeter: 50.0
08:31:48.358 [FXGL Background Thread 3 ] DEBUG Engine               - platform: WINDOWS
08:31:48.358 [FXGL Background Thread 3 ] DEBUG Engine               - prefHeightProperty: ReadOnlyDoubleProperty [value: 720.0]
08:31:48.358 [FXGL Background Thread 3 ] DEBUG Engine               - prefWidthProperty: ReadOnlyDoubleProperty [value: 1280.0]
08:31:48.358 [FXGL Background Thread 3 ] DEBUG Engine               - profileDir: profiles/
08:31:48.358 [FXGL Background Thread 3 ] DEBUG Engine               - profileName: StringProperty [value: DEFAULT]
08:31:48.358 [FXGL Background Thread 3 ] DEBUG Engine               - randomSeed: -1
08:31:48.358 [FXGL Background Thread 3 ] DEBUG Engine               - runtimeInfo: RuntimeInfo(platform=WINDOWS, version=21.1, build=27.03.2024 07.52)
08:31:48.358 [FXGL Background Thread 3 ] DEBUG Engine               - saveFileExt: sav
08:31:48.358 [FXGL Background Thread 3 ] DEBUG Engine               - scaledHeightProp$fxgl: DoubleProperty [bound, value: 720.0]
08:31:48.358 [FXGL Background Thread 3 ] DEBUG Engine               - scaledWidthProp$fxgl: DoubleProperty [bound, value: 1280.0]
08:31:48.358 [FXGL Background Thread 3 ] DEBUG Engine               - sceneFactory: com.almasb.fxgl.app.scene.SceneFactory@2fcd6c80
08:31:48.358 [FXGL Background Thread 3 ] DEBUG Engine               - secondsIn24h: 60
08:31:48.358 [FXGL Background Thread 3 ] DEBUG Engine               - soundMenuBack: menu/back.wav
08:31:48.359 [FXGL Background Thread 3 ] DEBUG Engine               - soundMenuPress: menu/press.wav
08:31:48.359 [FXGL Background Thread 3 ] DEBUG Engine               - soundMenuSelect: menu/select.wav
08:31:48.359 [FXGL Background Thread 3 ] DEBUG Engine               - soundNotification: core/notification.wav
08:31:48.359 [FXGL Background Thread 3 ] DEBUG Engine               - stageStyle: DECORATED
08:31:48.359 [FXGL Background Thread 3 ] DEBUG Engine               - supportedLanguages: [ENGLISH, FRENCH, GERMAN, HUNGARIAN, RUSSIAN]
08:31:48.359 [FXGL Background Thread 3 ] DEBUG Engine               - ticksPerSecond: -1
08:31:48.359 [FXGL Background Thread 3 ] DEBUG Engine               - title: TypeWiz - Winter Theme
08:31:48.359 [FXGL Background Thread 3 ] DEBUG Engine               - urlGithub: https://github.com/AlmasB/FXGL
08:31:48.359 [FXGL Background Thread 3 ] DEBUG Engine               - urlLeaderboard: http://fxgl-top.herokuapp.com/
08:31:48.359 [FXGL Background Thread 3 ] DEBUG Engine               - urlPOM: https://raw.githubusercontent.com/AlmasB/FXGL/release/README.md
08:31:48.359 [FXGL Background Thread 3 ] DEBUG Engine               - userAppClass: class com.oop2.typewiz.GameplayComponents.Game
08:31:48.359 [FXGL Background Thread 3 ] DEBUG Engine               - version: 0.0
08:31:48.359 [FXGL Background Thread 3 ] DEBUG Engine               - versionCheckDays: 7
08:31:48.359 [FXGL Background Thread 3 ] DEBUG Engine               - width: 1280
08:31:48.359 [FXGL Background Thread 3 ] DEBUG Engine               - Logging services
08:31:48.359 [FXGL Background Thread 3 ] DEBUG Engine               - class com.almasb.fxgl.app.services.FXGLAssetLoaderService
08:31:48.359 [FXGL Background Thread 3 ] DEBUG Engine               - class com.almasb.fxgl.app.FXGLApplication$GameApplicationService
08:31:48.359 [FXGL Background Thread 3 ] DEBUG Engine               - class com.almasb.fxgl.app.services.FXGLDialogService
08:31:48.359 [FXGL Background Thread 3 ] DEBUG Engine               - class com.almasb.fxgl.app.services.IOTaskExecutorService
08:31:48.359 [FXGL Background Thread 3 ] DEBUG Engine               - class com.almasb.fxgl.io.FileSystemService
08:31:48.359 [FXGL Background Thread 3 ] DEBUG Engine               - class com.almasb.fxgl.localization.LocalizationService
08:31:48.359 [FXGL Background Thread 3 ] DEBUG Engine               - class com.almasb.fxgl.app.services.SystemBundleService
08:31:48.359 [FXGL Background Thread 3 ] DEBUG Engine               - class com.almasb.fxgl.profile.SaveLoadService
08:31:48.359 [FXGL Background Thread 3 ] DEBUG Engine               - class com.almasb.fxgl.ui.FXGLUIFactoryServiceProvider
08:31:48.359 [FXGL Background Thread 3 ] DEBUG Engine               - class com.almasb.fxgl.ui.FXGLDialogFactoryServiceProvider
08:31:48.359 [FXGL Background Thread 3 ] DEBUG Engine               - class com.almasb.fxgl.audio.AudioPlayer
08:31:48.359 [FXGL Background Thread 3 ] DEBUG Engine               - class com.almasb.fxgl.notification.impl.NotificationServiceProvider
08:31:48.359 [FXGL Background Thread 3 ] DEBUG Engine               - class com.almasb.fxgl.achievement.AchievementService
08:31:48.359 [FXGL Background Thread 3 ] DEBUG Engine               - class com.almasb.fxgl.cutscene.CutsceneService
08:31:48.359 [FXGL Background Thread 3 ] DEBUG Engine               - class com.almasb.fxgl.minigames.MiniGameService
08:31:48.359 [FXGL Background Thread 3 ] DEBUG Engine               - class com.almasb.fxgl.net.NetService
08:31:48.359 [FXGL Background Thread 3 ] DEBUG Engine               - class com.almasb.fxgl.app.services.UpdaterService
08:31:48.359 [FXGL Background Thread 3 ] DEBUG Engine               - class com.almasb.fxgl.dev.DevService
08:32:02.078 [JavaFX Application Thread] DEBUG FXGLApplication      - Exiting FXGL
08:32:02.078 [JavaFX Application Thread] DEBUG LoopRunner           - Stopping loop
08:32:02.078 [JavaFX Application Thread] DEBUG SystemBundleService  - Saving FXGL system data
08:32:02.079 [JavaFX Application Thread] DEBUG FileSystemAccess     - Writing to: C:\Users\Ruhmer Jairus\OOP2-Capstone\system\fxgl.bundle
08:32:02.080 [JavaFX Application Thread] DEBUG Async                - Shutting down background threads
08:32:02.080 [JavaFX Application Thread] DEBUG PrimaryStageWindow   - Closing main window
08:32:02.094 [JavaFX Application Thread] DEBUG Logger               - Closing Logger
