13:30:15.756 [main                     ] DEBUG Logger               - Configured Logger
13:30:15.781 [main                     ] DEBUG GameApplication      - Logging settings
Title: TypeWiz - Winter Theme
Version: 0.0
Width: 1280
Height: 720
Fullscreen: false
Intro: false
Profiling: false
Single step:false
App Mode: DEVELOPER
Menu Key: ESCAPE
Stage Style: DECORATED
Scene Factory: class com.almasb.fxgl.app.scene.SceneFactory

13:30:16.033 [JavaFX Application Thread] DEBUG FXGLApplication      - Initializing FXGL
13:30:16.036 [JavaFX Application Thread] INFO  Engine               - FXGL-21.1 (27.03.2024 07.52) on WINDOWS (J:21.0.3 FX:19)
13:30:16.037 [JavaFX Application Thread] DEBUG Engine               - JRE Vendor Name: Oracle Corporation
13:30:16.037 [JavaFX Application Thread] DEBUG Engine               - Running on OS: Windows 11 version 10.0
13:30:16.037 [JavaFX Application Thread] DEBUG Engine               - Architecture: amd64
13:30:16.037 [JavaFX Application Thread] INFO  Engine               - Source code and latest versions at: https://github.com/AlmasB/FXGL
13:30:16.037 [JavaFX Application Thread] INFO  Engine               -       Ask questions and discuss at: https://github.com/AlmasB/FXGL/discussions
13:30:16.038 [JavaFX Application Thread] INFO  Engine               -              Join the FXGL chat at: https://gitter.im/AlmasB/FXGL
13:30:16.101 [JavaFX Application Thread] DEBUG PrimaryStageWindow   - Creating a JavaFX scene
13:30:16.136 [JavaFX Application Thread] DEBUG PrimaryStageWindow   - Target settings size: 1280.0 x 720.0
13:30:16.137 [JavaFX Application Thread] DEBUG PrimaryStageWindow   - Scaled scene size:    1280.0 x 720.0
13:30:16.137 [JavaFX Application Thread] DEBUG PrimaryStageWindow   - Scaled ratio: (1.0, 1.0)
13:30:16.137 [JavaFX Application Thread] DEBUG PrimaryStageWindow   - Set initial scene to FXGLStartupScene
13:30:16.139 [JavaFX Application Thread] DEBUG PrimaryStageWindow   - Opening main window
13:30:16.204 [JavaFX Application Thread] DEBUG PrimaryStageWindow   - Window border size: (14.4000244140625, 37.5999755859375)
13:30:16.205 [JavaFX Application Thread] DEBUG PrimaryStageWindow   - Scaled size: 1280.0 x 720.0
13:30:16.205 [JavaFX Application Thread] DEBUG PrimaryStageWindow   - Scaled ratio: (1.0, 1.0)
13:30:16.205 [JavaFX Application Thread] DEBUG PrimaryStageWindow   - Scene size: 1280.0 x 720.0
13:30:16.205 [JavaFX Application Thread] DEBUG PrimaryStageWindow   - Stage size: 1294.4000244140625 x 757.5999755859375
13:30:16.211 [FXGL Background Thread 1 ] DEBUG Engine               - Initializing environment variables
13:30:16.257 [FXGL Background Thread 1 ] DEBUG FXGLAssetLoaderServi - User app class for loading assets: class com.oop2.typewiz.GameplayComponents.Game
13:30:16.258 [FXGL Background Thread 1 ] DEBUG GameApplicationServi - Applying CSS: fxgl_dark.css
13:30:16.258 [FXGL Background Thread 1 ] DEBUG FXGLAssetLoaderServi - Loading from file system: jar:file:///C:/Users/Ruhmer%20Jairus/.m2/repository/com/github/almasb/fxgl/21.1/fxgl-21.1.jar!/fxglassets/ui/css/fxgl_dark.css
13:30:16.306 [FXGL Background Thread 1 ] DEBUG GameApplicationServi - Initializing application scenes
13:30:16.364 [FXGL Background Thread 1 ] DEBUG GameWorld            - Game world initialized
13:30:16.419 [FXGL Background Thread 1 ] DEBUG PhysicsWorld         - Physics world initialized: appHeight=720, physics.ppm=50.0
13:30:16.419 [FXGL Background Thread 1 ] DEBUG PhysicsWorld         - Using strategy: BRUTE_FORCE
13:30:16.423 [FXGL Background Thread 1 ] DEBUG GameScene            - Game scene initialized: 1280x720
13:30:16.424 [FXGL Background Thread 1 ] DEBUG GameApplicationServi - Application scenes initialized
13:30:16.436 [FXGL Background Thread 1 ] DEBUG SystemBundleService  - Loading FXGL system data
13:30:16.438 [FXGL Background Thread 1 ] DEBUG FileSystemAccess     - Reading from: C:\Users\Ruhmer Jairus\OOP2-Capstone\system\fxgl.bundle
13:30:16.446 [FXGL Background Thread 1 ] DEBUG SystemBundleService  - Bundle FXGL: {}
13:30:16.446 [FXGL Background Thread 1 ] DEBUG UpdaterService       - Checking for updates
13:30:16.451 [FXGL Background Thread 4 ] DEBUG FXGLApplication      - Loading fonts
13:30:16.451 [FXGL Background Thread 4 ] DEBUG FXGLAssetLoaderServi - Loading from file system: jar:file:///C:/Users/Ruhmer%20Jairus/.m2/repository/com/github/almasb/fxgl/21.1/fxgl-21.1.jar!/fxglassets/ui/fonts/VarelaRound-Regular.ttf
13:30:16.452 [FXGL Background Thread 1 ] DEBUG FXGLApplication      - Loading default localization
13:30:16.453 [FXGL Background Thread 1 ] DEBUG FXGLAssetLoaderServi - Loading from file system: jar:file:///C:/Users/Ruhmer%20Jairus/.m2/repository/com/github/almasb/fxgl/21.1/fxgl-21.1.jar!/fxglassets/languages/english.lang
13:30:16.479 [FXGL Background Thread 1 ] INFO  FXGLApplication      - FXGL initialization took: 0.267 sec
13:30:16.480 [JavaFX Application Thread] DEBUG FXGLAssetLoaderServi - Loading from file system: jar:file:///C:/Users/Ruhmer%20Jairus/.m2/repository/com/github/almasb/fxgl/21.1/fxgl-21.1.jar!/fxglassets/textures/fxgl_icon.png
13:30:16.483 [FXGL Background Thread 4 ] DEBUG FXGLAssetLoaderServi - Loading from file system: jar:file:///C:/Users/Ruhmer%20Jairus/.m2/repository/com/github/almasb/fxgl/21.1/fxgl-21.1.jar!/fxglassets/ui/fonts/Abel-Regular.ttf
13:30:16.486 [FXGL Background Thread 4 ] DEBUG FXGLAssetLoaderServi - Loading from file system: jar:file:///C:/Users/Ruhmer%20Jairus/.m2/repository/com/github/almasb/fxgl/21.1/fxgl-21.1.jar!/fxglassets/ui/fonts/TerminalLandMono-Regular.otf
13:30:16.490 [FXGL Background Thread 4 ] DEBUG FXGLAssetLoaderServi - Loading from file system: jar:file:///C:/Users/Ruhmer%20Jairus/.m2/repository/com/github/almasb/fxgl/21.1/fxgl-21.1.jar!/fxglassets/ui/fonts/Courier-Prime.ttf
13:30:16.521 [JavaFX Application Thread] DEBUG FXGLAssetLoaderServi - Loading from file system: jar:file:///C:/Users/Ruhmer%20Jairus/.m2/repository/com/github/almasb/fxgl/21.1/fxgl-21.1.jar!/fxglassets/textures/fxgl_default_cursor.png
13:30:16.531 [JavaFX Application Thread] DEBUG Input                - Registered new binding: Screenshot - CTRL+8
13:30:16.531 [JavaFX Application Thread] DEBUG Input                - Registered new binding: System info dump - CTRL+9
13:30:16.532 [JavaFX Application Thread] DEBUG Input                - Registered new binding: Restart - CTRL+R
13:30:16.532 [JavaFX Application Thread] DEBUG Input                - Registered new binding: Toggle Debug Camera - CTRL+7
13:30:16.534 [JavaFX Application Thread] DEBUG LoopRunner           - Starting loop
13:30:16.534 [JavaFX Application Thread] DEBUG LoopRunner           - Initializing JavaFX AnimationTimerLoop
13:30:16.536 [JavaFX Application Thread] DEBUG GameApplicationServi - Starting new game
13:30:16.537 [JavaFX Application Thread] DEBUG Input                - Clearing active input actions
13:30:16.553 [JavaFX Application Thread] DEBUG GameApplicationServi - Removing overlay from FXGLStartupScene and adding to FXGLLoadingScene
13:30:16.553 [JavaFX Application Thread] DEBUG PrimaryStageWindow   - FXGLStartupScene -> FXGLLoadingScene
13:30:16.553 [JavaFX Application Thread] DEBUG GameApplicationServi - Clearing previous game
13:30:16.553 [JavaFX Application Thread] DEBUG GameScene            - Clearing game scene
13:30:16.553 [JavaFX Application Thread] DEBUG GameWorld            - Clearing game world
13:30:16.554 [JavaFX Application Thread] DEBUG PhysicsWorld         - Clearing physics world
13:30:16.557 [FXGL Background Thread 4 ] DEBUG FXGLApplication      - Initializing game
13:30:16.559 [JavaFX Application Thread] DEBUG FXGLApplication      - Registering font factories with UI factory
13:30:16.560 [FXGL Background Thread 4 ] DEBUG FXGLAssetLoaderServi - Loading from file system: file:/C:/Users/Ruhmer%20Jairus/OOP2-Capstone/target/classes/assets/textures/background-and-platforms/bg-winter_1280_720.png
13:30:16.611 [FXGL Background Thread 4 ] DEBUG FXGLAssetLoaderServi - Loading from file system: file:/C:/Users/Ruhmer%20Jairus/OOP2-Capstone/target/classes/assets/textures/background-and-platforms/hdlargerplatform-winter.png
13:30:16.715 [FXGL Background Thread 4 ] DEBUG FXGLAssetLoaderServi - Loading from file system: file:/C:/Users/Ruhmer%20Jairus/OOP2-Capstone/target/classes/assets/textures/wizard/wizard.png
13:30:16.814 [FXGL Background Thread 4 ] WARN  GameWorld            - Attempted to remove entity which is not active
13:30:16.815 [FXGL Background Thread 4 ] WARN  GameWorld            - Attempted to remove entity which is not active
13:30:16.816 [FXGL Background Thread 4 ] WARN  GameWorld            - Attempted to remove entity which is not active
13:30:16.817 [FXGL Background Thread 4 ] WARN  GameWorld            - Attempted to remove entity which is not active
13:30:16.817 [FXGL Background Thread 4 ] WARN  GameWorld            - Attempted to remove entity which is not active
13:30:16.818 [FXGL Background Thread 4 ] WARN  GameWorld            - Attempted to remove entity which is not active
13:30:16.819 [FXGL Background Thread 4 ] WARN  GameWorld            - Attempted to remove entity which is not active
13:30:16.819 [FXGL Background Thread 4 ] WARN  GameWorld            - Attempted to remove entity which is not active
13:30:16.820 [FXGL Background Thread 4 ] WARN  GameWorld            - Attempted to remove entity which is not active
13:30:16.821 [FXGL Background Thread 4 ] WARN  GameWorld            - Attempted to remove entity which is not active
13:30:16.832 [FXGL Background Thread 4 ] DEBUG FXGLAssetLoaderServi - Loading from file system: file:/C:/Users/Ruhmer%20Jairus/OOP2-Capstone/target/classes/assets/textures/mobs/gargoyle/gargoyle.png
13:30:16.874 [FXGL Background Thread 4 ] INFO  FXGLApplication      - Game initialization took: 0.316 sec
13:30:16.874 [JavaFX Application Thread] DEBUG Input                - Clearing active input actions
13:30:16.883 [JavaFX Application Thread] DEBUG GameApplicationServi - Removing overlay from FXGLLoadingScene and adding to GameScene
13:30:16.883 [JavaFX Application Thread] DEBUG PrimaryStageWindow   - FXGLLoadingScene -> GameScene
13:30:19.450 [FXGL Background Thread 3 ] DEBUG Engine               - Logging environment variables
13:30:19.450 [FXGL Background Thread 3 ] DEBUG Engine               - achievements: []
13:30:19.450 [FXGL Background Thread 3 ] DEBUG Engine               - actualHeight: 720.0
13:30:19.450 [FXGL Background Thread 3 ] DEBUG Engine               - actualHeightProperty: ReadOnlyDoubleProperty [value: 720.0]
13:30:19.450 [FXGL Background Thread 3 ] DEBUG Engine               - actualWidth: 1280.0
13:30:19.450 [FXGL Background Thread 3 ] DEBUG Engine               - actualWidthProperty: ReadOnlyDoubleProperty [value: 1280.0]
13:30:19.450 [FXGL Background Thread 3 ] DEBUG Engine               - appIcon: fxgl_icon.png
13:30:19.450 [FXGL Background Thread 3 ] DEBUG Engine               - applicationMode: DEVELOPER
13:30:19.450 [FXGL Background Thread 3 ] DEBUG Engine               - cSSList: [fxgl_dark.css]
13:30:19.450 [FXGL Background Thread 3 ] DEBUG Engine               - collisionDetectionStrategy: BRUTE_FORCE
13:30:19.451 [FXGL Background Thread 3 ] DEBUG Engine               - configClass: Optional.empty
13:30:19.451 [FXGL Background Thread 3 ] DEBUG Engine               - credits: []
13:30:19.452 [FXGL Background Thread 3 ] DEBUG Engine               - defaultCursor: CursorInfo(imageName=fxgl_default_cursor.png, hotspotX=7.0, hotspotY=6.0)
13:30:19.452 [FXGL Background Thread 3 ] DEBUG Engine               - devBBoxColorProperty: ObjectProperty [value: 0xff0000ff]
13:30:19.452 [FXGL Background Thread 3 ] DEBUG Engine               - devEnableDebugCameraProperty: BooleanProperty [value: false]
13:30:19.452 [FXGL Background Thread 3 ] DEBUG Engine               - devSensorColorProperty: ObjectProperty [value: 0xffff00ff]
13:30:19.452 [FXGL Background Thread 3 ] DEBUG Engine               - devShowBBoxProperty: BooleanProperty [value: false]
13:30:19.452 [FXGL Background Thread 3 ] DEBUG Engine               - devShowPositionProperty: BooleanProperty [value: false]
13:30:19.452 [FXGL Background Thread 3 ] DEBUG Engine               - enabledMenuItems: []
13:30:19.452 [FXGL Background Thread 3 ] DEBUG Engine               - engineServices: [class com.almasb.fxgl.app.services.FXGLAssetLoaderService, class com.almasb.fxgl.app.FXGLApplication$GameApplicationService, class com.almasb.fxgl.app.services.FXGLDialogService, class com.almasb.fxgl.app.services.IOTaskExecutorService, class com.almasb.fxgl.io.FileSystemService, class com.almasb.fxgl.localization.LocalizationService, class com.almasb.fxgl.app.services.SystemBundleService, class com.almasb.fxgl.profile.SaveLoadService, class com.almasb.fxgl.ui.FXGLUIFactoryServiceProvider, class com.almasb.fxgl.ui.FXGLDialogFactoryServiceProvider, class com.almasb.fxgl.audio.AudioPlayer, class com.almasb.fxgl.notification.impl.NotificationServiceProvider, class com.almasb.fxgl.achievement.AchievementService, class com.almasb.fxgl.cutscene.CutsceneService, class com.almasb.fxgl.minigames.MiniGameService, class com.almasb.fxgl.net.NetService, class com.almasb.fxgl.app.services.UpdaterService, class com.almasb.fxgl.dev.DevService]
13:30:19.452 [FXGL Background Thread 3 ] DEBUG Engine               - fontGame: Abel-Regular.ttf
13:30:19.452 [FXGL Background Thread 3 ] DEBUG Engine               - fontMono: TerminalLandMono-Regular.otf
13:30:19.452 [FXGL Background Thread 3 ] DEBUG Engine               - fontSizeScaleUI: 1.0
13:30:19.452 [FXGL Background Thread 3 ] DEBUG Engine               - fontText: Courier-Prime.ttf
13:30:19.452 [FXGL Background Thread 3 ] DEBUG Engine               - fontUI: VarelaRound-Regular.ttf
13:30:19.452 [FXGL Background Thread 3 ] DEBUG Engine               - fullScreen: BooleanProperty [value: false]
13:30:19.452 [FXGL Background Thread 3 ] DEBUG Engine               - gameDifficulty: MEDIUM
13:30:19.452 [FXGL Background Thread 3 ] DEBUG Engine               - gameDifficultyProperty: ObjectProperty [value: MEDIUM]
13:30:19.453 [FXGL Background Thread 3 ] DEBUG Engine               - globalMusicVolume: 0.5
13:30:19.453 [FXGL Background Thread 3 ] DEBUG Engine               - globalMusicVolumeProperty: DoubleProperty [value: 0.5]
13:30:19.453 [FXGL Background Thread 3 ] DEBUG Engine               - globalSoundVolume: 0.5
13:30:19.453 [FXGL Background Thread 3 ] DEBUG Engine               - globalSoundVolumeProperty: DoubleProperty [value: 0.5]
13:30:19.453 [FXGL Background Thread 3 ] DEBUG Engine               - height: 720
13:30:19.453 [FXGL Background Thread 3 ] DEBUG Engine               - is3D: false
13:30:19.453 [FXGL Background Thread 3 ] DEBUG Engine               - isAndroid: false
13:30:19.453 [FXGL Background Thread 3 ] DEBUG Engine               - isBrowser: false
13:30:19.453 [FXGL Background Thread 3 ] DEBUG Engine               - isClickFeedbackEnabled: false
13:30:19.453 [FXGL Background Thread 3 ] DEBUG Engine               - isCloseConfirmation: false
13:30:19.453 [FXGL Background Thread 3 ] DEBUG Engine               - isDesktop: true
13:30:19.453 [FXGL Background Thread 3 ] DEBUG Engine               - isDeveloperMenuEnabled: false
13:30:19.453 [FXGL Background Thread 3 ] DEBUG Engine               - isEmbedded: false
13:30:19.453 [FXGL Background Thread 3 ] DEBUG Engine               - isEntityPreloadEnabled: true
13:30:19.453 [FXGL Background Thread 3 ] DEBUG Engine               - isExperimentalTiledLargeMap: false
13:30:19.453 [FXGL Background Thread 3 ] DEBUG Engine               - isFileSystemWriteAllowed: true
13:30:19.453 [FXGL Background Thread 3 ] DEBUG Engine               - isFullScreenAllowed: false
13:30:19.453 [FXGL Background Thread 3 ] DEBUG Engine               - isFullScreenFromStart: false
13:30:19.453 [FXGL Background Thread 3 ] DEBUG Engine               - isGameMenuEnabled: false
13:30:19.453 [FXGL Background Thread 3 ] DEBUG Engine               - isIOS: false
13:30:19.453 [FXGL Background Thread 3 ] DEBUG Engine               - isIntroEnabled: false
13:30:19.453 [FXGL Background Thread 3 ] DEBUG Engine               - isLinux: false
13:30:19.453 [FXGL Background Thread 3 ] DEBUG Engine               - isMac: false
13:30:19.453 [FXGL Background Thread 3 ] DEBUG Engine               - isMainMenuEnabled: false
13:30:19.453 [FXGL Background Thread 3 ] DEBUG Engine               - isManualResizeEnabled: false
13:30:19.453 [FXGL Background Thread 3 ] DEBUG Engine               - isMobile: false
13:30:19.453 [FXGL Background Thread 3 ] DEBUG Engine               - isNative: false
13:30:19.453 [FXGL Background Thread 3 ] DEBUG Engine               - isPauseMusicWhenMinimized: true
13:30:19.453 [FXGL Background Thread 3 ] DEBUG Engine               - isPreserveResizeRatio: true
13:30:19.453 [FXGL Background Thread 3 ] DEBUG Engine               - isProfilingEnabled: false
13:30:19.454 [FXGL Background Thread 3 ] DEBUG Engine               - isScaleAffectedOnResize: true
13:30:19.454 [FXGL Background Thread 3 ] DEBUG Engine               - isSingleStep: false
13:30:19.454 [FXGL Background Thread 3 ] DEBUG Engine               - isUserProfileEnabled: false
13:30:19.454 [FXGL Background Thread 3 ] DEBUG Engine               - isWindows: true
13:30:19.454 [FXGL Background Thread 3 ] DEBUG Engine               - language: ObjectProperty [value: ENGLISH]
13:30:19.454 [FXGL Background Thread 3 ] DEBUG Engine               - menuKey: ESCAPE
13:30:19.454 [FXGL Background Thread 3 ] DEBUG Engine               - mouseSensitivity: 0.2
13:30:19.454 [FXGL Background Thread 3 ] DEBUG Engine               - notificationViewClass: class com.almasb.fxgl.notification.view.XboxNotificationView
13:30:19.454 [FXGL Background Thread 3 ] DEBUG Engine               - pixelsPerMeter: 50.0
13:30:19.454 [FXGL Background Thread 3 ] DEBUG Engine               - platform: WINDOWS
13:30:19.454 [FXGL Background Thread 3 ] DEBUG Engine               - prefHeightProperty: ReadOnlyDoubleProperty [value: 720.0]
13:30:19.454 [FXGL Background Thread 3 ] DEBUG Engine               - prefWidthProperty: ReadOnlyDoubleProperty [value: 1280.0]
13:30:19.454 [FXGL Background Thread 3 ] DEBUG Engine               - profileDir: profiles/
13:30:19.454 [FXGL Background Thread 3 ] DEBUG Engine               - profileName: StringProperty [value: DEFAULT]
13:30:19.454 [FXGL Background Thread 3 ] DEBUG Engine               - randomSeed: -1
13:30:19.454 [FXGL Background Thread 3 ] DEBUG Engine               - runtimeInfo: RuntimeInfo(platform=WINDOWS, version=21.1, build=27.03.2024 07.52)
13:30:19.454 [FXGL Background Thread 3 ] DEBUG Engine               - saveFileExt: sav
13:30:19.454 [FXGL Background Thread 3 ] DEBUG Engine               - scaledHeightProp$fxgl: DoubleProperty [bound, value: 720.0]
13:30:19.454 [FXGL Background Thread 3 ] DEBUG Engine               - scaledWidthProp$fxgl: DoubleProperty [bound, value: 1280.0]
13:30:19.454 [FXGL Background Thread 3 ] DEBUG Engine               - sceneFactory: com.almasb.fxgl.app.scene.SceneFactory@1a3eaae
13:30:19.454 [FXGL Background Thread 3 ] DEBUG Engine               - secondsIn24h: 60
13:30:19.454 [FXGL Background Thread 3 ] DEBUG Engine               - soundMenuBack: menu/back.wav
13:30:19.455 [FXGL Background Thread 3 ] DEBUG Engine               - soundMenuPress: menu/press.wav
13:30:19.455 [FXGL Background Thread 3 ] DEBUG Engine               - soundMenuSelect: menu/select.wav
13:30:19.455 [FXGL Background Thread 3 ] DEBUG Engine               - soundNotification: core/notification.wav
13:30:19.455 [FXGL Background Thread 3 ] DEBUG Engine               - stageStyle: DECORATED
13:30:19.455 [FXGL Background Thread 3 ] DEBUG Engine               - supportedLanguages: [ENGLISH, FRENCH, GERMAN, HUNGARIAN, RUSSIAN]
13:30:19.455 [FXGL Background Thread 3 ] DEBUG Engine               - ticksPerSecond: -1
13:30:19.455 [FXGL Background Thread 3 ] DEBUG Engine               - title: TypeWiz - Winter Theme
13:30:19.455 [FXGL Background Thread 3 ] DEBUG Engine               - urlGithub: https://github.com/AlmasB/FXGL
13:30:19.455 [FXGL Background Thread 3 ] DEBUG Engine               - urlLeaderboard: http://fxgl-top.herokuapp.com/
13:30:19.455 [FXGL Background Thread 3 ] DEBUG Engine               - urlPOM: https://raw.githubusercontent.com/AlmasB/FXGL/release/README.md
13:30:19.455 [FXGL Background Thread 3 ] DEBUG Engine               - userAppClass: class com.oop2.typewiz.GameplayComponents.Game
13:30:19.455 [FXGL Background Thread 3 ] DEBUG Engine               - version: 0.0
13:30:19.455 [FXGL Background Thread 3 ] DEBUG Engine               - versionCheckDays: 7
13:30:19.455 [FXGL Background Thread 3 ] DEBUG Engine               - width: 1280
13:30:19.455 [FXGL Background Thread 3 ] DEBUG Engine               - Logging services
13:30:19.455 [FXGL Background Thread 3 ] DEBUG Engine               - class com.almasb.fxgl.app.services.FXGLAssetLoaderService
13:30:19.455 [FXGL Background Thread 3 ] DEBUG Engine               - class com.almasb.fxgl.app.FXGLApplication$GameApplicationService
13:30:19.455 [FXGL Background Thread 3 ] DEBUG Engine               - class com.almasb.fxgl.app.services.FXGLDialogService
13:30:19.455 [FXGL Background Thread 3 ] DEBUG Engine               - class com.almasb.fxgl.app.services.IOTaskExecutorService
13:30:19.455 [FXGL Background Thread 3 ] DEBUG Engine               - class com.almasb.fxgl.io.FileSystemService
13:30:19.455 [FXGL Background Thread 3 ] DEBUG Engine               - class com.almasb.fxgl.localization.LocalizationService
13:30:19.455 [FXGL Background Thread 3 ] DEBUG Engine               - class com.almasb.fxgl.app.services.SystemBundleService
13:30:19.455 [FXGL Background Thread 3 ] DEBUG Engine               - class com.almasb.fxgl.profile.SaveLoadService
13:30:19.455 [FXGL Background Thread 3 ] DEBUG Engine               - class com.almasb.fxgl.ui.FXGLUIFactoryServiceProvider
13:30:19.455 [FXGL Background Thread 3 ] DEBUG Engine               - class com.almasb.fxgl.ui.FXGLDialogFactoryServiceProvider
13:30:19.455 [FXGL Background Thread 3 ] DEBUG Engine               - class com.almasb.fxgl.audio.AudioPlayer
13:30:19.455 [FXGL Background Thread 3 ] DEBUG Engine               - class com.almasb.fxgl.notification.impl.NotificationServiceProvider
13:30:19.455 [FXGL Background Thread 3 ] DEBUG Engine               - class com.almasb.fxgl.achievement.AchievementService
13:30:19.455 [FXGL Background Thread 3 ] DEBUG Engine               - class com.almasb.fxgl.cutscene.CutsceneService
13:30:19.455 [FXGL Background Thread 3 ] DEBUG Engine               - class com.almasb.fxgl.minigames.MiniGameService
13:30:19.455 [FXGL Background Thread 3 ] DEBUG Engine               - class com.almasb.fxgl.net.NetService
13:30:19.455 [FXGL Background Thread 3 ] DEBUG Engine               - class com.almasb.fxgl.app.services.UpdaterService
13:30:19.455 [FXGL Background Thread 3 ] DEBUG Engine               - class com.almasb.fxgl.dev.DevService
13:30:20.347 [JavaFX Application Thread] DEBUG FXGLApplication      - Exiting FXGL
13:30:20.347 [JavaFX Application Thread] DEBUG LoopRunner           - Stopping loop
13:30:20.348 [JavaFX Application Thread] DEBUG SystemBundleService  - Saving FXGL system data
13:30:20.349 [JavaFX Application Thread] DEBUG FileSystemAccess     - Writing to: C:\Users\Ruhmer Jairus\OOP2-Capstone\system\fxgl.bundle
13:30:20.351 [JavaFX Application Thread] DEBUG Async                - Shutting down background threads
13:30:20.351 [JavaFX Application Thread] DEBUG PrimaryStageWindow   - Closing main window
13:30:20.362 [JavaFX Application Thread] DEBUG Logger               - Closing Logger
