09:02:41.089 [main                     ] DEBUG Logger               - Configured Logger
09:02:41.116 [main                     ] DEBUG GameApplication      - Logging settings
Title: Game App
Version: 0.1
Width: 1280
Height: 720
Fullscreen: false
Intro: false
Profiling: false
Single step:false
App Mode: DEVELOPER
Menu Key: ESCAPE
Stage Style: DECORATED
Scene Factory: class com.almasb.fxgl.app.scene.SceneFactory

09:02:41.389 [JavaFX Application Thread] DEBUG FXGLApplication      - Initializing FXGL
09:02:41.393 [JavaFX Application Thread] INFO  Engine               - FXGL-17.2 (20.08.2022 16.50) on WINDOWS (J:23.0.1 FX:19)
09:02:41.393 [JavaFX Application Thread] DEBUG Engine               - JRE Vendor Name: Oracle Corporation
09:02:41.393 [JavaFX Application Thread] DEBUG Engine               - Running on OS: Windows 11 version 10.0
09:02:41.393 [JavaFX Application Thread] DEBUG Engine               - Architecture: amd64
09:02:41.393 [JavaFX Application Thread] INFO  Engine               - Source code and latest versions at: https://github.com/AlmasB/FXGL
09:02:41.393 [JavaFX Application Thread] INFO  Engine               -       Ask questions and discuss at: https://github.com/AlmasB/FXGL/discussions
09:02:41.394 [JavaFX Application Thread] INFO  Engine               -              Join the FXGL chat at: https://gitter.im/AlmasB/FXGL
09:02:41.457 [JavaFX Application Thread] DEBUG PrimaryStageWindow   - Creating a JavaFX scene
09:02:41.494 [JavaFX Application Thread] DEBUG PrimaryStageWindow   - Target settings size: 1280.0 x 720.0
09:02:41.494 [JavaFX Application Thread] DEBUG PrimaryStageWindow   - Scaled scene size:    1280.0 x 720.0
09:02:41.494 [JavaFX Application Thread] DEBUG PrimaryStageWindow   - Scaled ratio: (1.0, 1.0)
09:02:41.495 [JavaFX Application Thread] DEBUG PrimaryStageWindow   - Set initial scene to FXGLStartupScene
09:02:41.497 [JavaFX Application Thread] DEBUG PrimaryStageWindow   - Opening main window
09:02:41.561 [JavaFX Application Thread] DEBUG PrimaryStageWindow   - Window border size: (14.4000244140625, 37.5999755859375)
09:02:41.561 [JavaFX Application Thread] DEBUG PrimaryStageWindow   - Scaled size: 1280.0 x 720.0
09:02:41.561 [JavaFX Application Thread] DEBUG PrimaryStageWindow   - Scaled ratio: (1.0, 1.0)
09:02:41.562 [JavaFX Application Thread] DEBUG PrimaryStageWindow   - Scene size: 1280.0 x 720.0
09:02:41.562 [JavaFX Application Thread] DEBUG PrimaryStageWindow   - Stage size: 1294.4000244140625 x 757.5999755859375
09:02:41.567 [FXGL Background Thread 1 ] DEBUG Engine               - Initializing environment variables
09:02:41.623 [FXGL Background Thread 1 ] DEBUG FXGLAssetLoaderServi - User app class for loading assets: class com.oop2.typewiz.GameplayComponents.Medieval
09:02:41.623 [FXGL Background Thread 1 ] DEBUG GameApplicationServi - Applying CSS: fxgl_dark.css
09:02:41.623 [FXGL Background Thread 1 ] DEBUG FXGLAssetLoaderServi - Loading from file system: jar:file:///C:/Users/Ruhmer%20Jairus/.m2/repository/com/github/almasb/fxgl/17.2/fxgl-17.2.jar!/fxglassets/ui/css/fxgl_dark.css
09:02:41.662 [FXGL Background Thread 1 ] DEBUG GameApplicationServi - Initializing application scenes
09:02:41.709 [FXGL Background Thread 1 ] DEBUG GameWorld            - Game world initialized
09:02:41.770 [FXGL Background Thread 1 ] DEBUG PhysicsWorld         - Physics world initialized: appHeight=720, physics.ppm=50.0
09:02:41.771 [FXGL Background Thread 1 ] DEBUG PhysicsWorld         - Using strategy: BRUTE_FORCE
09:02:41.774 [FXGL Background Thread 1 ] DEBUG GameScene            - Game scene initialized: 1280x720
09:02:41.783 [FXGL Background Thread 1 ] DEBUG FXGL.DefaultMenu     - createMenuBodyGameMenu()
09:02:41.792 [FXGL Background Thread 1 ] DEBUG FXGL.DefaultMenu     - createOptionsMenu()
09:02:41.799 [FXGL Background Thread 1 ] DEBUG FXGLAssetLoaderServi - Loading from file system: jar:file:///C:/Users/Ruhmer%20Jairus/.m2/repository/com/github/almasb/fxgl/17.2/fxgl-17.2.jar!/fxglassets/textures/particles/smoke.png
09:02:41.882 [FXGL Background Thread 1 ] DEBUG FXGLAssetLoaderServi - Loading from file system: jar:file:///C:/Users/Ruhmer%20Jairus/.m2/repository/com/github/almasb/fxgl/17.2/fxgl-17.2.jar!/fxglassets/textures/particles/trace_horizontal.png
09:02:41.908 [FXGL Background Thread 1 ] DEBUG GameApplicationServi - Application scenes initialized
09:02:41.918 [FXGL Background Thread 1 ] DEBUG SystemBundleService  - Loading FXGL system data
09:02:41.922 [FXGL Background Thread 1 ] DEBUG FileSystemAccess     - Reading from: C:\Users\Ruhmer Jairus\IdeaProjects\OOP2-Capstone\system\fxgl.bundle
09:02:41.927 [FXGL Background Thread 1 ] DEBUG SystemBundleService  - Bundle FXGL: {}
09:02:41.928 [FXGL Background Thread 1 ] DEBUG UpdaterService       - Checking for updates
09:02:41.931 [FXGL Background Thread 4 ] DEBUG FXGLApplication      - Loading fonts
09:02:41.931 [FXGL Background Thread 4 ] DEBUG FXGLAssetLoaderServi - Loading from file system: jar:file:///C:/Users/Ruhmer%20Jairus/.m2/repository/com/github/almasb/fxgl/17.2/fxgl-17.2.jar!/fxglassets/ui/fonts/VarelaRound-Regular.ttf
09:02:41.933 [FXGL Background Thread 1 ] DEBUG FXGLApplication      - Loading default localization
09:02:41.933 [FXGL Background Thread 1 ] DEBUG FXGLAssetLoaderServi - Loading from file system: jar:file:///C:/Users/Ruhmer%20Jairus/.m2/repository/com/github/almasb/fxgl/17.2/fxgl-17.2.jar!/fxglassets/languages/english.lang
09:02:41.981 [FXGL Background Thread 1 ] INFO  FXGLApplication      - FXGL initialization took: 0.414 sec
09:02:41.982 [JavaFX Application Thread] DEBUG FXGLAssetLoaderServi - Loading from file system: jar:file:///C:/Users/Ruhmer%20Jairus/.m2/repository/com/github/almasb/fxgl/17.2/fxgl-17.2.jar!/fxglassets/textures/fxgl_icon.png
09:02:41.984 [FXGL Background Thread 4 ] DEBUG FXGLAssetLoaderServi - Loading from file system: jar:file:///C:/Users/Ruhmer%20Jairus/.m2/repository/com/github/almasb/fxgl/17.2/fxgl-17.2.jar!/fxglassets/ui/fonts/Abel-Regular.ttf
09:02:41.993 [FXGL Background Thread 4 ] DEBUG FXGLAssetLoaderServi - Loading from file system: jar:file:///C:/Users/Ruhmer%20Jairus/.m2/repository/com/github/almasb/fxgl/17.2/fxgl-17.2.jar!/fxglassets/ui/fonts/TerminalLandMono-Regular.otf
09:02:42.000 [JavaFX Application Thread] DEBUG FXGLAssetLoaderServi - Loading from file system: jar:file:///C:/Users/Ruhmer%20Jairus/.m2/repository/com/github/almasb/fxgl/17.2/fxgl-17.2.jar!/fxglassets/textures/fxgl_default_cursor.png
09:02:42.003 [FXGL Background Thread 4 ] DEBUG FXGLAssetLoaderServi - Loading from file system: jar:file:///C:/Users/Ruhmer%20Jairus/.m2/repository/com/github/almasb/fxgl/17.2/fxgl-17.2.jar!/fxglassets/ui/fonts/Courier-Prime.ttf
09:02:42.011 [JavaFX Application Thread] DEBUG Input                - Registered new binding: Screenshot - CTRL+8
09:02:42.012 [JavaFX Application Thread] DEBUG Input                - Registered new binding: System info dump - CTRL+9
09:02:42.013 [JavaFX Application Thread] DEBUG Input                - Registered new binding: Restart - CTRL+R
09:02:42.014 [JavaFX Application Thread] DEBUG Input                - Registered new binding: Toggle Debug Camera - CTRL+7
09:02:42.016 [JavaFX Application Thread] DEBUG LoopRunner           - Starting loop
09:02:42.017 [JavaFX Application Thread] DEBUG LoopRunner           - Initializing JavaFX AnimationTimerLoop
09:02:42.017 [JavaFX Application Thread] DEBUG GameApplicationServi - Starting new game
09:02:42.018 [JavaFX Application Thread] DEBUG Input                - Clearing active input actions
09:02:42.031 [JavaFX Application Thread] DEBUG GameApplicationServi - Removing overlay from FXGLStartupScene and adding to FXGLLoadingScene
09:02:42.031 [JavaFX Application Thread] DEBUG PrimaryStageWindow   - FXGLStartupScene -> FXGLLoadingScene
09:02:42.031 [JavaFX Application Thread] DEBUG GameApplicationServi - Clearing previous game
09:02:42.031 [JavaFX Application Thread] DEBUG GameScene            - Clearing game scene
09:02:42.032 [JavaFX Application Thread] DEBUG GameWorld            - Clearing game world
09:02:42.032 [JavaFX Application Thread] DEBUG PhysicsWorld         - Clearing physics world
09:02:42.034 [FXGL Background Thread 4 ] DEBUG FXGLApplication      - Initializing game
09:02:42.034 [JavaFX Application Thread] DEBUG FXGLApplication      - Registering font factories with UI factory
09:02:42.048 [FXGL Background Thread 4 ] WARN  FXGLAssetLoaderServi - Asset "/assets/levels/Medieval.txt" was not found!
09:02:42.078 [JavaFX Application Thread] DEBUG LoopRunner           - Stopping loop
09:02:42.080 [JavaFX Application Thread] FATAL FXGLApplication      - Uncaught Exception:
java.lang.RuntimeException: Initialization failed
	at com.almasb.fxgl.all@17.2/com.almasb.fxgl.app.FXGLApplication$InitAppTask.failed(FXGLApplication.kt:343)
	at javafx.graphics@19/javafx.concurrent.Task.setState(Task.java:710)
	at javafx.graphics@19/javafx.concurrent.Task$TaskCallable.lambda$call$2(Task.java:1456)
	at javafx.graphics@19/com.sun.javafx.application.PlatformImpl.lambda$runLater$10(PlatformImpl.java:457)
	at java.base/java.security.AccessController.doPrivileged(AccessController.java:400)
	at javafx.graphics@19/com.sun.javafx.application.PlatformImpl.lambda$runLater$11(PlatformImpl.java:456)
	at javafx.graphics@19/com.sun.glass.ui.InvokeLaterDispatcher$Future.run(InvokeLaterDispatcher.java:96)
	at javafx.graphics@19/com.sun.glass.ui.win.WinApplication._runLoop(Native Method)
	at javafx.graphics@19/com.sun.glass.ui.win.WinApplication.lambda$runLoop$3(WinApplication.java:184)
	at java.base/java.lang.Thread.run(Thread.java:1575)
Caused by: java.lang.IllegalArgumentException: Loading level failed. Asset not found: Medieval.txt
	at com.almasb.fxgl.all@17.2/com.almasb.fxgl.app.services.FXGLAssetLoaderService.loadLevel(FXGLAssetLoaderService.kt:443)
	at TypeWiz/com.oop2.typewiz.GameplayComponents.Medieval.initGame(Medieval.java:49)
	at com.almasb.fxgl.all@17.2/com.almasb.fxgl.app.FXGLApplication$InitAppTask.initGame(FXGLApplication.kt:339)
	at com.almasb.fxgl.all@17.2/com.almasb.fxgl.app.FXGLApplication$InitAppTask.call(FXGLApplication.kt:319)
	at com.almasb.fxgl.all@17.2/com.almasb.fxgl.app.FXGLApplication$InitAppTask.call(FXGLApplication.kt:311)
	at javafx.graphics@19/javafx.concurrent.Task$TaskCallable.call(Task.java:1426)
	at java.base/java.util.concurrent.FutureTask.run(FutureTask.java:317)
	at java.base/java.util.concurrent.Executors$RunnableAdapter.call(Executors.java:572)
	at java.base/java.util.concurrent.FutureTask.run(FutureTask.java:317)
	at java.base/java.util.concurrent.ThreadPoolExecutor.runWorker(ThreadPoolExecutor.java:1144)
	at java.base/java.util.concurrent.ThreadPoolExecutor$Worker.run(ThreadPoolExecutor.java:642)
	... 1 more

09:02:42.080 [JavaFX Application Thread] FATAL FXGLApplication      - Application will now exit
09:02:42.106 [JavaFX Application Thread] DEBUG PrimaryStageWindow   - Push state: ErrorSubScene
09:02:42.106 [JavaFX Application Thread] DEBUG Input                - Clearing active input actions
09:02:42.113 [JavaFX Application Thread] DEBUG GameApplicationServi - Removing overlay from FXGLLoadingScene and adding to ErrorSubScene
09:02:42.113 [JavaFX Application Thread] DEBUG PrimaryStageWindow   - FXGLLoadingScene -> ErrorSubScene
09:02:42.405 [FXGL Background Thread 2 ] INFO  UpdaterService       - Your current version:  17.2
09:02:42.405 [FXGL Background Thread 2 ] INFO  UpdaterService       - Latest stable version: 21.1
09:02:44.930 [FXGL Background Thread 3 ] DEBUG Engine               - Logging environment variables
09:02:44.930 [FXGL Background Thread 3 ] DEBUG Engine               - achievements: []
09:02:44.930 [FXGL Background Thread 3 ] DEBUG Engine               - actualHeight: 720.0
09:02:44.930 [FXGL Background Thread 3 ] DEBUG Engine               - actualHeightProperty: ReadOnlyDoubleProperty [value: 720.0]
09:02:44.930 [FXGL Background Thread 3 ] DEBUG Engine               - actualWidth: 1280.0
09:02:44.930 [FXGL Background Thread 3 ] DEBUG Engine               - actualWidthProperty: ReadOnlyDoubleProperty [value: 1280.0]
09:02:44.930 [FXGL Background Thread 3 ] DEBUG Engine               - appIcon: fxgl_icon.png
09:02:44.930 [FXGL Background Thread 3 ] DEBUG Engine               - applicationMode: DEVELOPER
09:02:44.930 [FXGL Background Thread 3 ] DEBUG Engine               - cSSList: [fxgl_dark.css]
09:02:44.930 [FXGL Background Thread 3 ] DEBUG Engine               - collisionDetectionStrategy: BRUTE_FORCE
09:02:44.931 [FXGL Background Thread 3 ] DEBUG Engine               - configClass: Optional.empty
09:02:44.931 [FXGL Background Thread 3 ] DEBUG Engine               - credits: []
09:02:44.931 [FXGL Background Thread 3 ] DEBUG Engine               - defaultCursor: CursorInfo(imageName=fxgl_default_cursor.png, hotspotX=7.0, hotspotY=6.0)
09:02:44.931 [FXGL Background Thread 3 ] DEBUG Engine               - devBBoxColorProperty: ObjectProperty [value: 0xff0000ff]
09:02:44.931 [FXGL Background Thread 3 ] DEBUG Engine               - devEnableDebugCameraProperty: BooleanProperty [value: false]
09:02:44.931 [FXGL Background Thread 3 ] DEBUG Engine               - devSensorColorProperty: ObjectProperty [value: 0xffff00ff]
09:02:44.931 [FXGL Background Thread 3 ] DEBUG Engine               - devShowBBoxProperty: BooleanProperty [value: false]
09:02:44.931 [FXGL Background Thread 3 ] DEBUG Engine               - devShowPositionProperty: BooleanProperty [value: false]
09:02:44.931 [FXGL Background Thread 3 ] DEBUG Engine               - enabledMenuItems: []
09:02:44.931 [FXGL Background Thread 3 ] DEBUG Engine               - engineServices: [class com.almasb.fxgl.app.services.FXGLAssetLoaderService, class com.almasb.fxgl.app.FXGLApplication$GameApplicationService, class com.almasb.fxgl.app.services.FXGLDialogService, class com.almasb.fxgl.app.services.IOTaskExecutorService, class com.almasb.fxgl.io.FileSystemService, class com.almasb.fxgl.localization.LocalizationService, class com.almasb.fxgl.app.services.SystemBundleService, class com.almasb.fxgl.profile.SaveLoadService, class com.almasb.fxgl.ui.FXGLUIFactoryServiceProvider, class com.almasb.fxgl.ui.FXGLDialogFactoryServiceProvider, class com.almasb.fxgl.audio.AudioPlayer, class com.almasb.fxgl.notification.impl.NotificationServiceProvider, class com.almasb.fxgl.achievement.AchievementService, class com.almasb.fxgl.cutscene.CutsceneService, class com.almasb.fxgl.minigames.MiniGameService, class com.almasb.fxgl.net.NetService, class com.almasb.fxgl.app.services.UpdaterService, class com.almasb.fxgl.dev.DevService]
09:02:44.931 [FXGL Background Thread 3 ] DEBUG Engine               - fontGame: Abel-Regular.ttf
09:02:44.931 [FXGL Background Thread 3 ] DEBUG Engine               - fontMono: TerminalLandMono-Regular.otf
09:02:44.931 [FXGL Background Thread 3 ] DEBUG Engine               - fontText: Courier-Prime.ttf
09:02:44.931 [FXGL Background Thread 3 ] DEBUG Engine               - fontUI: VarelaRound-Regular.ttf
09:02:44.932 [FXGL Background Thread 3 ] DEBUG Engine               - fullScreen: BooleanProperty [value: false]
09:02:44.932 [FXGL Background Thread 3 ] DEBUG Engine               - gameDifficulty: MEDIUM
09:02:44.932 [FXGL Background Thread 3 ] DEBUG Engine               - gameDifficultyProperty: ObjectProperty [value: MEDIUM]
09:02:44.932 [FXGL Background Thread 3 ] DEBUG Engine               - globalMusicVolume: 0.5
09:02:44.932 [FXGL Background Thread 3 ] DEBUG Engine               - globalMusicVolumeProperty: DoubleProperty [value: 0.5]
09:02:44.932 [FXGL Background Thread 3 ] DEBUG Engine               - globalSoundVolume: 0.5
09:02:44.932 [FXGL Background Thread 3 ] DEBUG Engine               - globalSoundVolumeProperty: DoubleProperty [value: 0.5]
09:02:44.932 [FXGL Background Thread 3 ] DEBUG Engine               - height: 720
09:02:44.932 [FXGL Background Thread 3 ] DEBUG Engine               - is3D: false
09:02:44.932 [FXGL Background Thread 3 ] DEBUG Engine               - isAndroid: false
09:02:44.932 [FXGL Background Thread 3 ] DEBUG Engine               - isBrowser: false
09:02:44.932 [FXGL Background Thread 3 ] DEBUG Engine               - isClickFeedbackEnabled: false
09:02:44.932 [FXGL Background Thread 3 ] DEBUG Engine               - isCloseConfirmation: false
09:02:44.932 [FXGL Background Thread 3 ] DEBUG Engine               - isDesktop: true
09:02:44.932 [FXGL Background Thread 3 ] DEBUG Engine               - isDeveloperMenuEnabled: false
09:02:44.932 [FXGL Background Thread 3 ] DEBUG Engine               - isEmbedded: false
09:02:44.932 [FXGL Background Thread 3 ] DEBUG Engine               - isEntityPreloadEnabled: true
09:02:44.932 [FXGL Background Thread 3 ] DEBUG Engine               - isExperimentalTiledLargeMap: false
09:02:44.932 [FXGL Background Thread 3 ] DEBUG Engine               - isFileSystemWriteAllowed: true
09:02:44.932 [FXGL Background Thread 3 ] DEBUG Engine               - isFullScreenAllowed: false
09:02:44.932 [FXGL Background Thread 3 ] DEBUG Engine               - isFullScreenFromStart: false
09:02:44.932 [FXGL Background Thread 3 ] DEBUG Engine               - isGameMenuEnabled: true
09:02:44.932 [FXGL Background Thread 3 ] DEBUG Engine               - isIOS: false
09:02:44.932 [FXGL Background Thread 3 ] DEBUG Engine               - isIntroEnabled: false
09:02:44.932 [FXGL Background Thread 3 ] DEBUG Engine               - isLinux: false
09:02:44.932 [FXGL Background Thread 3 ] DEBUG Engine               - isMac: false
09:02:44.932 [FXGL Background Thread 3 ] DEBUG Engine               - isMainMenuEnabled: false
09:02:44.932 [FXGL Background Thread 3 ] DEBUG Engine               - isManualResizeEnabled: false
09:02:44.933 [FXGL Background Thread 3 ] DEBUG Engine               - isMobile: false
09:02:44.933 [FXGL Background Thread 3 ] DEBUG Engine               - isNative: false
09:02:44.933 [FXGL Background Thread 3 ] DEBUG Engine               - isPauseMusicWhenMinimized: true
09:02:44.933 [FXGL Background Thread 3 ] DEBUG Engine               - isPreserveResizeRatio: false
09:02:44.933 [FXGL Background Thread 3 ] DEBUG Engine               - isProfilingEnabled: false
09:02:44.933 [FXGL Background Thread 3 ] DEBUG Engine               - isScaleAffectedOnResize: true
09:02:44.933 [FXGL Background Thread 3 ] DEBUG Engine               - isSingleStep: false
09:02:44.933 [FXGL Background Thread 3 ] DEBUG Engine               - isUserProfileEnabled: false
09:02:44.933 [FXGL Background Thread 3 ] DEBUG Engine               - isWindows: true
09:02:44.933 [FXGL Background Thread 3 ] DEBUG Engine               - language: ObjectProperty [value: ENGLISH]
09:02:44.933 [FXGL Background Thread 3 ] DEBUG Engine               - menuKey: ESCAPE
09:02:44.933 [FXGL Background Thread 3 ] DEBUG Engine               - mouseSensitivity: 0.2
09:02:44.933 [FXGL Background Thread 3 ] DEBUG Engine               - notificationViewClass: class com.almasb.fxgl.notification.view.XboxNotificationView
09:02:44.933 [FXGL Background Thread 3 ] DEBUG Engine               - pixelsPerMeter: 50.0
09:02:44.933 [FXGL Background Thread 3 ] DEBUG Engine               - platform: WINDOWS
09:02:44.933 [FXGL Background Thread 3 ] DEBUG Engine               - prefHeightProperty: ReadOnlyDoubleProperty [value: 720.0]
09:02:44.933 [FXGL Background Thread 3 ] DEBUG Engine               - prefWidthProperty: ReadOnlyDoubleProperty [value: 1280.0]
09:02:44.933 [FXGL Background Thread 3 ] DEBUG Engine               - profileDir: profiles/
09:02:44.933 [FXGL Background Thread 3 ] DEBUG Engine               - profileName: StringProperty [value: DEFAULT]
09:02:44.933 [FXGL Background Thread 3 ] DEBUG Engine               - randomSeed: -1
09:02:44.933 [FXGL Background Thread 3 ] DEBUG Engine               - runtimeInfo: RuntimeInfo(platform=WINDOWS, version=17.2, build=20.08.2022 16.50)
09:02:44.934 [FXGL Background Thread 3 ] DEBUG Engine               - saveFileExt: sav
09:02:44.934 [FXGL Background Thread 3 ] DEBUG Engine               - scaledHeightProp$fxgl: DoubleProperty [bound, value: 720.0]
09:02:44.934 [FXGL Background Thread 3 ] DEBUG Engine               - scaledWidthProp$fxgl: DoubleProperty [bound, value: 1280.0]
09:02:44.934 [FXGL Background Thread 3 ] DEBUG Engine               - sceneFactory: com.almasb.fxgl.app.scene.SceneFactory@43408a65
09:02:44.934 [FXGL Background Thread 3 ] DEBUG Engine               - secondsIn24h: 60
09:02:44.934 [FXGL Background Thread 3 ] DEBUG Engine               - soundMenuBack: menu/back.wav
09:02:44.934 [FXGL Background Thread 3 ] DEBUG Engine               - soundMenuPress: menu/press.wav
09:02:44.934 [FXGL Background Thread 3 ] DEBUG Engine               - soundMenuSelect: menu/select.wav
09:02:44.934 [FXGL Background Thread 3 ] DEBUG Engine               - soundNotification: core/notification.wav
09:02:44.934 [FXGL Background Thread 3 ] DEBUG Engine               - stageStyle: DECORATED
09:02:44.934 [FXGL Background Thread 3 ] DEBUG Engine               - supportedLanguages: [ENGLISH, FRENCH, GERMAN, HUNGARIAN, RUSSIAN]
09:02:44.934 [FXGL Background Thread 3 ] DEBUG Engine               - ticksPerSecond: -1
09:02:44.934 [FXGL Background Thread 3 ] DEBUG Engine               - title: Game App
09:02:44.934 [FXGL Background Thread 3 ] DEBUG Engine               - urlGithub: https://github.com/AlmasB/FXGL
09:02:44.934 [FXGL Background Thread 3 ] DEBUG Engine               - urlLeaderboard: http://fxgl-top.herokuapp.com/
09:02:44.934 [FXGL Background Thread 3 ] DEBUG Engine               - urlPOM: https://raw.githubusercontent.com/AlmasB/FXGL/release/README.md
09:02:44.934 [FXGL Background Thread 3 ] DEBUG Engine               - userAppClass: class com.oop2.typewiz.GameplayComponents.Medieval
09:02:44.934 [FXGL Background Thread 3 ] DEBUG Engine               - version: 0.1
09:02:44.934 [FXGL Background Thread 3 ] DEBUG Engine               - versionCheckDays: 7
09:02:44.934 [FXGL Background Thread 3 ] DEBUG Engine               - width: 1280
09:02:44.934 [FXGL Background Thread 3 ] DEBUG Engine               - Logging services
09:02:44.934 [FXGL Background Thread 3 ] DEBUG Engine               - class com.almasb.fxgl.app.services.FXGLAssetLoaderService
09:02:44.934 [FXGL Background Thread 3 ] DEBUG Engine               - class com.almasb.fxgl.app.FXGLApplication$GameApplicationService
09:02:44.934 [FXGL Background Thread 3 ] DEBUG Engine               - class com.almasb.fxgl.app.services.FXGLDialogService
09:02:44.934 [FXGL Background Thread 3 ] DEBUG Engine               - class com.almasb.fxgl.app.services.IOTaskExecutorService
09:02:44.934 [FXGL Background Thread 3 ] DEBUG Engine               - class com.almasb.fxgl.io.FileSystemService
09:02:44.934 [FXGL Background Thread 3 ] DEBUG Engine               - class com.almasb.fxgl.localization.LocalizationService
09:02:44.934 [FXGL Background Thread 3 ] DEBUG Engine               - class com.almasb.fxgl.app.services.SystemBundleService
09:02:44.934 [FXGL Background Thread 3 ] DEBUG Engine               - class com.almasb.fxgl.profile.SaveLoadService
09:02:44.934 [FXGL Background Thread 3 ] DEBUG Engine               - class com.almasb.fxgl.ui.FXGLUIFactoryServiceProvider
09:02:44.934 [FXGL Background Thread 3 ] DEBUG Engine               - class com.almasb.fxgl.ui.FXGLDialogFactoryServiceProvider
09:02:44.934 [FXGL Background Thread 3 ] DEBUG Engine               - class com.almasb.fxgl.audio.AudioPlayer
09:02:44.934 [FXGL Background Thread 3 ] DEBUG Engine               - class com.almasb.fxgl.notification.impl.NotificationServiceProvider
09:02:44.934 [FXGL Background Thread 3 ] DEBUG Engine               - class com.almasb.fxgl.achievement.AchievementService
09:02:44.934 [FXGL Background Thread 3 ] DEBUG Engine               - class com.almasb.fxgl.cutscene.CutsceneService
09:02:44.934 [FXGL Background Thread 3 ] DEBUG Engine               - class com.almasb.fxgl.minigames.MiniGameService
09:02:44.934 [FXGL Background Thread 3 ] DEBUG Engine               - class com.almasb.fxgl.net.NetService
09:02:44.934 [FXGL Background Thread 3 ] DEBUG Engine               - class com.almasb.fxgl.app.services.UpdaterService
09:02:44.935 [FXGL Background Thread 3 ] DEBUG Engine               - class com.almasb.fxgl.dev.DevService
09:03:14.875 [JavaFX Application Thread] DEBUG FXGLApplication      - Exiting FXGL
09:03:14.875 [JavaFX Application Thread] DEBUG Async                - Shutting down background threads
09:03:14.875 [JavaFX Application Thread] DEBUG PrimaryStageWindow   - Closing main window
09:03:14.886 [JavaFX Application Thread] DEBUG Logger               - Closing Logger
