10:06:54.978 [main                     ] DEBUG Logger               - Configured Logger
10:06:55.009 [main                     ] DEBUG GameApplication      - Logging settings
Title: TypeWiz - Winter Theme
Version: 0.0
Width: 1280
Height: 720
Fullscreen: false
Intro: false
Profiling: false
Single step:false
App Mode: DEVELOPER
Menu Key: ESCAPE
Stage Style: DECORATED
Scene Factory: class com.almasb.fxgl.app.scene.SceneFactory

10:06:55.286 [JavaFX Application Thread] DEBUG FXGLApplication      - Initializing FXGL
10:06:55.290 [JavaFX Application Thread] INFO  Engine               - FXGL-21.1 (27.03.2024 07.52) on WINDOWS (J:21.0.3 FX:19)
10:06:55.290 [JavaFX Application Thread] DEBUG Engine               - JRE Vendor Name: Oracle Corporation
10:06:55.290 [JavaFX Application Thread] DEBUG Engine               - Running on OS: Windows 11 version 10.0
10:06:55.290 [JavaFX Application Thread] DEBUG Engine               - Architecture: amd64
10:06:55.290 [JavaFX Application Thread] INFO  Engine               - Source code and latest versions at: https://github.com/AlmasB/FXGL
10:06:55.291 [JavaFX Application Thread] INFO  Engine               -       Ask questions and discuss at: https://github.com/AlmasB/FXGL/discussions
10:06:55.291 [JavaFX Application Thread] INFO  Engine               -              Join the FXGL chat at: https://gitter.im/AlmasB/FXGL
10:06:55.355 [JavaFX Application Thread] DEBUG PrimaryStageWindow   - Creating a JavaFX scene
10:06:55.390 [JavaFX Application Thread] DEBUG PrimaryStageWindow   - Target settings size: 1280.0 x 720.0
10:06:55.390 [JavaFX Application Thread] DEBUG PrimaryStageWindow   - Scaled scene size:    1280.0 x 720.0
10:06:55.390 [JavaFX Application Thread] DEBUG PrimaryStageWindow   - Scaled ratio: (1.0, 1.0)
10:06:55.391 [JavaFX Application Thread] DEBUG PrimaryStageWindow   - Set initial scene to FXGLStartupScene
10:06:55.393 [JavaFX Application Thread] DEBUG PrimaryStageWindow   - Opening main window
10:06:55.459 [JavaFX Application Thread] DEBUG PrimaryStageWindow   - Window border size: (14.4000244140625, 37.5999755859375)
10:06:55.459 [JavaFX Application Thread] DEBUG PrimaryStageWindow   - Scaled size: 1280.0 x 720.0
10:06:55.459 [JavaFX Application Thread] DEBUG PrimaryStageWindow   - Scaled ratio: (1.0, 1.0)
10:06:55.459 [JavaFX Application Thread] DEBUG PrimaryStageWindow   - Scene size: 1280.0 x 720.0
10:06:55.460 [JavaFX Application Thread] DEBUG PrimaryStageWindow   - Stage size: 1294.4000244140625 x 757.5999755859375
10:06:55.469 [FXGL Background Thread 1 ] DEBUG Engine               - Initializing environment variables
10:06:55.514 [FXGL Background Thread 1 ] DEBUG FXGLAssetLoaderServi - User app class for loading assets: class com.oop2.typewiz.GameplayComponents.Game
10:06:55.514 [FXGL Background Thread 1 ] DEBUG GameApplicationServi - Applying CSS: fxgl_dark.css
10:06:55.515 [FXGL Background Thread 1 ] DEBUG FXGLAssetLoaderServi - Loading from file system: jar:file:///C:/Users/Ruhmer%20Jairus/.m2/repository/com/github/almasb/fxgl/21.1/fxgl-21.1.jar!/fxglassets/ui/css/fxgl_dark.css
10:06:55.557 [FXGL Background Thread 1 ] DEBUG GameApplicationServi - Initializing application scenes
10:06:55.615 [FXGL Background Thread 1 ] DEBUG GameWorld            - Game world initialized
10:06:55.675 [FXGL Background Thread 1 ] DEBUG PhysicsWorld         - Physics world initialized: appHeight=720, physics.ppm=50.0
10:06:55.676 [FXGL Background Thread 1 ] DEBUG PhysicsWorld         - Using strategy: BRUTE_FORCE
10:06:55.681 [FXGL Background Thread 1 ] DEBUG GameScene            - Game scene initialized: 1280x720
10:06:55.691 [FXGL Background Thread 1 ] DEBUG FXGL.DefaultMenu     - createMenuBodyGameMenu()
10:06:55.700 [FXGL Background Thread 1 ] DEBUG FXGL.DefaultMenu     - createOptionsMenu()
10:06:55.707 [FXGL Background Thread 1 ] DEBUG FXGLAssetLoaderServi - Loading from file system: jar:file:///C:/Users/Ruhmer%20Jairus/.m2/repository/com/github/almasb/fxgl/21.1/fxgl-21.1.jar!/fxglassets/textures/particles/smoke.png
10:06:55.786 [FXGL Background Thread 1 ] DEBUG FXGLAssetLoaderServi - Loading from file system: jar:file:///C:/Users/Ruhmer%20Jairus/.m2/repository/com/github/almasb/fxgl/21.1/fxgl-21.1.jar!/fxglassets/textures/particles/trace_horizontal.png
10:06:55.807 [FXGL Background Thread 1 ] DEBUG GameApplicationServi - Application scenes initialized
10:06:55.818 [FXGL Background Thread 1 ] DEBUG SystemBundleService  - Loading FXGL system data
10:06:55.821 [FXGL Background Thread 1 ] DEBUG FileSystemAccess     - Reading from: C:\Users\Ruhmer Jairus\OOP2-Capstone\system\fxgl.bundle
10:06:55.828 [FXGL Background Thread 1 ] DEBUG SystemBundleService  - Bundle FXGL: {}
10:06:55.828 [FXGL Background Thread 1 ] DEBUG UpdaterService       - Checking for updates
10:06:55.831 [FXGL Background Thread 4 ] DEBUG FXGLApplication      - Loading fonts
10:06:55.831 [FXGL Background Thread 4 ] DEBUG FXGLAssetLoaderServi - Loading from file system: jar:file:///C:/Users/Ruhmer%20Jairus/.m2/repository/com/github/almasb/fxgl/21.1/fxgl-21.1.jar!/fxglassets/ui/fonts/VarelaRound-Regular.ttf
10:06:55.831 [FXGL Background Thread 1 ] DEBUG FXGLApplication      - Loading default localization
10:06:55.832 [FXGL Background Thread 1 ] DEBUG FXGLAssetLoaderServi - Loading from file system: jar:file:///C:/Users/Ruhmer%20Jairus/.m2/repository/com/github/almasb/fxgl/21.1/fxgl-21.1.jar!/fxglassets/languages/english.lang
10:06:55.860 [FXGL Background Thread 4 ] DEBUG FXGLAssetLoaderServi - Loading from file system: jar:file:///C:/Users/Ruhmer%20Jairus/.m2/repository/com/github/almasb/fxgl/21.1/fxgl-21.1.jar!/fxglassets/ui/fonts/Abel-Regular.ttf
10:06:55.863 [FXGL Background Thread 4 ] DEBUG FXGLAssetLoaderServi - Loading from file system: jar:file:///C:/Users/Ruhmer%20Jairus/.m2/repository/com/github/almasb/fxgl/21.1/fxgl-21.1.jar!/fxglassets/ui/fonts/TerminalLandMono-Regular.otf
10:06:55.866 [FXGL Background Thread 4 ] DEBUG FXGLAssetLoaderServi - Loading from file system: jar:file:///C:/Users/Ruhmer%20Jairus/.m2/repository/com/github/almasb/fxgl/21.1/fxgl-21.1.jar!/fxglassets/ui/fonts/Courier-Prime.ttf
10:06:55.868 [FXGL Background Thread 1 ] INFO  FXGLApplication      - FXGL initialization took: 0.399 sec
10:06:55.869 [JavaFX Application Thread] DEBUG FXGLAssetLoaderServi - Loading from file system: jar:file:///C:/Users/Ruhmer%20Jairus/.m2/repository/com/github/almasb/fxgl/21.1/fxgl-21.1.jar!/fxglassets/textures/fxgl_icon.png
10:06:55.884 [JavaFX Application Thread] DEBUG FXGLAssetLoaderServi - Loading from file system: jar:file:///C:/Users/Ruhmer%20Jairus/.m2/repository/com/github/almasb/fxgl/21.1/fxgl-21.1.jar!/fxglassets/textures/fxgl_default_cursor.png
10:06:55.900 [JavaFX Application Thread] DEBUG Input                - Registered new binding: Screenshot - CTRL+8
10:06:55.901 [JavaFX Application Thread] DEBUG Input                - Registered new binding: System info dump - CTRL+9
10:06:55.902 [JavaFX Application Thread] DEBUG Input                - Registered new binding: Restart - CTRL+R
10:06:55.903 [JavaFX Application Thread] DEBUG Input                - Registered new binding: Toggle Debug Camera - CTRL+7
10:06:55.907 [JavaFX Application Thread] DEBUG LoopRunner           - Starting loop
10:06:55.907 [JavaFX Application Thread] DEBUG LoopRunner           - Initializing JavaFX AnimationTimerLoop
10:06:55.908 [JavaFX Application Thread] DEBUG GameApplicationServi - Starting new game
10:06:55.910 [JavaFX Application Thread] DEBUG Input                - Clearing active input actions
10:06:55.922 [JavaFX Application Thread] DEBUG GameApplicationServi - Removing overlay from FXGLStartupScene and adding to FXGLLoadingScene
10:06:55.922 [JavaFX Application Thread] DEBUG PrimaryStageWindow   - FXGLStartupScene -> FXGLLoadingScene
10:06:55.922 [JavaFX Application Thread] DEBUG GameApplicationServi - Clearing previous game
10:06:55.922 [JavaFX Application Thread] DEBUG GameScene            - Clearing game scene
10:06:55.922 [JavaFX Application Thread] DEBUG GameWorld            - Clearing game world
10:06:55.922 [JavaFX Application Thread] DEBUG PhysicsWorld         - Clearing physics world
10:06:55.925 [FXGL Background Thread 4 ] DEBUG FXGLApplication      - Initializing game
10:06:55.925 [JavaFX Application Thread] DEBUG FXGLApplication      - Registering font factories with UI factory
10:06:55.926 [FXGL Background Thread 4 ] DEBUG FXGLAssetLoaderServi - Loading from file system: file:/C:/Users/Ruhmer%20Jairus/OOP2-Capstone/target/classes/assets/textures/background-and-platforms/bg-winter_1280_720.png
10:06:55.963 [FXGL Background Thread 4 ] DEBUG FXGLAssetLoaderServi - Loading from file system: file:/C:/Users/Ruhmer%20Jairus/OOP2-Capstone/target/classes/assets/textures/background-and-platforms/hdlargerplatform-winter.png
10:06:56.060 [FXGL Background Thread 4 ] DEBUG FXGLAssetLoaderServi - Loading from file system: file:/C:/Users/Ruhmer%20Jairus/OOP2-Capstone/target/classes/assets/textures/wizard/wizard.png
10:06:56.140 [FXGL Background Thread 4 ] DEBUG FXGLAssetLoaderServi - Loading from file system: file:/C:/Users/Ruhmer%20Jairus/OOP2-Capstone/target/classes/assets/textures/mobs/gargoyle/gargoyle.png
10:06:56.160 [FXGL Background Thread 4 ] INFO  FXGLApplication      - Game initialization took: 0.236 sec
10:06:56.161 [JavaFX Application Thread] DEBUG Input                - Clearing active input actions
10:06:56.170 [JavaFX Application Thread] DEBUG GameApplicationServi - Removing overlay from FXGLLoadingScene and adding to GameScene
10:06:56.170 [JavaFX Application Thread] DEBUG PrimaryStageWindow   - FXGLLoadingScene -> GameScene
10:06:56.182 [JavaFX Application Thread] DEBUG LoopRunner           - Stopping loop
10:06:56.186 [JavaFX Application Thread] FATAL FXGLApplication      - Uncaught Exception:
java.lang.IndexOutOfBoundsException: Index 1 out of bounds for length 1
	at java.base/jdk.internal.util.Preconditions.outOfBounds(Preconditions.java:100)
	at java.base/jdk.internal.util.Preconditions.outOfBoundsCheckIndex(Preconditions.java:106)
	at java.base/jdk.internal.util.Preconditions.checkIndex(Preconditions.java:302)
	at java.base/java.util.Objects.checkIndex(Objects.java:385)
	at java.base/java.util.ArrayList.get(ArrayList.java:427)
	at javafx.base@19/com.sun.javafx.collections.ObservableListWrapper.get(ObservableListWrapper.java:89)
	at javafx.base@19/com.sun.javafx.collections.VetoableListDecorator.get(VetoableListDecorator.java:305)
	at TypeWiz/com.oop2.typewiz.GameplayComponents.Game.highlightCurrentTarget(Game.java:690)
	at TypeWiz/com.oop2.typewiz.GameplayComponents.Game.startWave(Game.java:299)
	at TypeWiz/com.oop2.typewiz.GameplayComponents.Game.lambda$0(Game.java:223)
	at com.almasb.fxgl.core@21.1/com.almasb.fxgl.time.TimerAction.update(TimerAction.kt:69)
	at com.almasb.fxgl.core@21.1/com.almasb.fxgl.time.Timer.update(Timer.kt:38)
	at com.almasb.fxgl.scene@21.1/com.almasb.fxgl.scene.Scene.update(Scene.kt:104)
	at com.almasb.fxgl.all@21.1/com.almasb.fxgl.app.MainWindow$update$1.invoke(MainWindow.kt:121)
	at com.almasb.fxgl.all@21.1/com.almasb.fxgl.app.MainWindow$update$1.invoke(MainWindow.kt:121)
	at com.almasb.fxgl.core@21.1/com.almasb.fxgl.core.fsm.StateMachine.runOnActiveStates(StateMachine.kt:69)
	at com.almasb.fxgl.all@21.1/com.almasb.fxgl.app.MainWindow.update(MainWindow.kt:121)
	at com.almasb.fxgl.all@21.1/com.almasb.fxgl.app.FXGLApplication$GameApplicationService.onUpdate(FXGLApplication.kt:445)
	at com.almasb.fxgl.all@21.1/com.almasb.fxgl.app.Engine.loop(Engine.kt:134)
	at com.almasb.fxgl.all@21.1/com.almasb.fxgl.app.Engine.access$loop(Engine.kt:24)
	at com.almasb.fxgl.all@21.1/com.almasb.fxgl.app.Engine$loop$1.invoke(Engine.kt:28)
	at com.almasb.fxgl.all@21.1/com.almasb.fxgl.app.Engine$loop$1.invoke(Engine.kt:28)
	at com.almasb.fxgl.all@21.1/com.almasb.fxgl.app.LoopRunner.frame(LoopRunner.kt:103)
	at com.almasb.fxgl.all@21.1/com.almasb.fxgl.app.LoopRunner.access$frame(LoopRunner.kt:23)
	at com.almasb.fxgl.all@21.1/com.almasb.fxgl.app.LoopRunner$impl$2$1.onTick(LoopRunner.kt:57)
	at com.almasb.fxgl.all@21.1/com.almasb.fxgl.app.AnimationTimerLoop$timer$1.handle(LoopRunner.kt:137)
	at javafx.graphics@19/javafx.animation.AnimationTimer$AnimationTimerReceiver.lambda$handle$0(AnimationTimer.java:58)
	at java.base/java.security.AccessController.doPrivileged(AccessController.java:400)
	at javafx.graphics@19/javafx.animation.AnimationTimer$AnimationTimerReceiver.handle(AnimationTimer.java:57)
	at javafx.graphics@19/com.sun.scenario.animation.AbstractPrimaryTimer.timePulseImpl(AbstractPrimaryTimer.java:356)
	at javafx.graphics@19/com.sun.scenario.animation.AbstractPrimaryTimer$MainLoop.run(AbstractPrimaryTimer.java:266)
	at javafx.graphics@19/com.sun.javafx.tk.quantum.QuantumToolkit.pulse(QuantumToolkit.java:571)
	at javafx.graphics@19/com.sun.javafx.tk.quantum.QuantumToolkit.pulse(QuantumToolkit.java:555)
	at javafx.graphics@19/com.sun.javafx.tk.quantum.QuantumToolkit.pulseFromQueue(QuantumToolkit.java:548)
	at javafx.graphics@19/com.sun.javafx.tk.quantum.QuantumToolkit.lambda$runToolkit$11(QuantumToolkit.java:352)
	at javafx.graphics@19/com.sun.glass.ui.InvokeLaterDispatcher$Future.run(InvokeLaterDispatcher.java:96)
	at javafx.graphics@19/com.sun.glass.ui.win.WinApplication._runLoop(Native Method)
	at javafx.graphics@19/com.sun.glass.ui.win.WinApplication.lambda$runLoop$3(WinApplication.java:184)
	at java.base/java.lang.Thread.run(Thread.java:1583)

10:06:56.187 [JavaFX Application Thread] FATAL FXGLApplication      - Application will now exit
10:06:56.209 [JavaFX Application Thread] DEBUG PrimaryStageWindow   - Push state: ErrorSubScene
10:06:56.211 [JavaFX Application Thread] DEBUG Input                - Clearing active input actions
10:06:56.218 [JavaFX Application Thread] DEBUG GameApplicationServi - Removing overlay from GameScene and adding to ErrorSubScene
10:06:56.219 [JavaFX Application Thread] DEBUG PrimaryStageWindow   - GameScene -> ErrorSubScene
10:06:58.463 [JavaFX Application Thread] DEBUG FXGLApplication      - Exiting FXGL
10:06:58.463 [JavaFX Application Thread] DEBUG Async                - Shutting down background threads
10:06:58.463 [JavaFX Application Thread] DEBUG PrimaryStageWindow   - Closing main window
10:06:58.476 [JavaFX Application Thread] DEBUG Logger               - Closing Logger
