22:52:57.977 [main                     ] DEBUG Logger               - Configured Logger
22:52:58.022 [main                     ] DEBUG GameApplication      - Logging settings
Title: Typing Master
Version: 0.0
Width: 800
Height: 600
Fullscreen: false
Intro: false
Profiling: false
Single step:false
App Mode: DEVELOPER
Menu Key: ESCAPE
Stage Style: DECORATED
Scene Factory: class com.almasb.fxgl.app.scene.SceneFactory

22:52:58.580 [JavaFX Application Thread] DEBUG FXGLApplication      - Initializing FXGL
22:52:58.588 [JavaFX Application Thread] INFO  Engine               - FXGL-21.1 (27.03.2024 07.52) on WINDOWS (J:23.0.1 FX:19)
22:52:58.589 [JavaFX Application Thread] DEBUG Engine               - JRE Vendor Name: Oracle Corporation
22:52:58.589 [JavaFX Application Thread] DEBUG Engine               - Running on OS: Windows 11 version 10.0
22:52:58.589 [JavaFX Application Thread] DEBUG Engine               - Architecture: amd64
22:52:58.589 [JavaFX Application Thread] INFO  Engine               - Source code and latest versions at: https://github.com/AlmasB/FXGL
22:52:58.589 [JavaFX Application Thread] INFO  Engine               -       Ask questions and discuss at: https://github.com/AlmasB/FXGL/discussions
22:52:58.590 [JavaFX Application Thread] INFO  Engine               -              Join the FXGL chat at: https://gitter.im/AlmasB/FXGL
22:52:58.725 [JavaFX Application Thread] DEBUG PrimaryStageWindow   - Creating a JavaFX scene
22:52:58.792 [JavaFX Application Thread] DEBUG PrimaryStageWindow   - Target settings size: 800.0 x 600.0
22:52:58.792 [JavaFX Application Thread] DEBUG PrimaryStageWindow   - Scaled scene size:    800.0 x 600.0
22:52:58.792 [JavaFX Application Thread] DEBUG PrimaryStageWindow   - Scaled ratio: (1.0, 1.0)
22:52:58.795 [JavaFX Application Thread] DEBUG PrimaryStageWindow   - Set initial scene to FXGLStartupScene
22:52:58.800 [JavaFX Application Thread] DEBUG PrimaryStageWindow   - Opening main window
22:52:58.926 [JavaFX Application Thread] DEBUG PrimaryStageWindow   - Window border size: (14.4000244140625, 37.5999755859375)
22:52:58.927 [JavaFX Application Thread] DEBUG PrimaryStageWindow   - Scaled size: 800.0 x 600.0
22:52:58.927 [JavaFX Application Thread] DEBUG PrimaryStageWindow   - Scaled ratio: (1.0, 1.0)
22:52:58.927 [JavaFX Application Thread] DEBUG PrimaryStageWindow   - Scene size: 800.0 x 600.0
22:52:58.928 [JavaFX Application Thread] DEBUG PrimaryStageWindow   - Stage size: 814.4000244140625 x 637.5999755859375
22:52:58.941 [FXGL Background Thread 1 ] DEBUG Engine               - Initializing environment variables
22:52:59.087 [FXGL Background Thread 1 ] DEBUG FXGLAssetLoaderServi - User app class for loading assets: class com.oop2.typewiz.GameplayComponents.Gameplay
22:52:59.088 [FXGL Background Thread 1 ] DEBUG GameApplicationServi - Applying CSS: fxgl_dark.css
22:52:59.089 [FXGL Background Thread 1 ] DEBUG FXGLAssetLoaderServi - Loading from file system: jar:file:///C:/Users/Ruhmer%20Jairus/.m2/repository/com/github/almasb/fxgl/21.1/fxgl-21.1.jar!/fxglassets/ui/css/fxgl_dark.css
22:52:59.165 [FXGL Background Thread 1 ] DEBUG GameApplicationServi - Initializing application scenes
22:52:59.264 [FXGL Background Thread 1 ] DEBUG GameWorld            - Game world initialized
22:52:59.370 [FXGL Background Thread 1 ] DEBUG PhysicsWorld         - Physics world initialized: appHeight=600, physics.ppm=50.0
22:52:59.370 [FXGL Background Thread 1 ] DEBUG PhysicsWorld         - Using strategy: BRUTE_FORCE
22:52:59.375 [FXGL Background Thread 1 ] DEBUG GameScene            - Game scene initialized: 800x600
22:52:59.385 [FXGL Background Thread 1 ] DEBUG FXGL.DefaultMenu     - createMenuBodyGameMenu()
22:52:59.404 [FXGL Background Thread 1 ] DEBUG FXGL.DefaultMenu     - createOptionsMenu()
22:52:59.418 [FXGL Background Thread 1 ] DEBUG FXGLAssetLoaderServi - Loading from file system: jar:file:///C:/Users/Ruhmer%20Jairus/.m2/repository/com/github/almasb/fxgl/21.1/fxgl-21.1.jar!/fxglassets/textures/particles/smoke.png
22:52:59.576 [FXGL Background Thread 1 ] DEBUG FXGLAssetLoaderServi - Loading from file system: jar:file:///C:/Users/Ruhmer%20Jairus/.m2/repository/com/github/almasb/fxgl/21.1/fxgl-21.1.jar!/fxglassets/textures/particles/trace_horizontal.png
22:52:59.617 [FXGL Background Thread 1 ] DEBUG GameApplicationServi - Application scenes initialized
22:52:59.634 [FXGL Background Thread 1 ] DEBUG SystemBundleService  - Loading FXGL system data
22:52:59.639 [FXGL Background Thread 1 ] DEBUG FileSystemAccess     - Reading from: C:\Users\Ruhmer Jairus\IdeaProjects\OOP2-Capstone\system\fxgl.bundle
22:52:59.652 [FXGL Background Thread 1 ] DEBUG SystemBundleService  - Bundle FXGL: {}
22:52:59.652 [FXGL Background Thread 1 ] DEBUG UpdaterService       - Checking for updates
22:52:59.657 [FXGL Background Thread 4 ] DEBUG FXGLApplication      - Loading fonts
22:52:59.658 [FXGL Background Thread 4 ] DEBUG FXGLAssetLoaderServi - Loading from file system: jar:file:///C:/Users/Ruhmer%20Jairus/.m2/repository/com/github/almasb/fxgl/21.1/fxgl-21.1.jar!/fxglassets/ui/fonts/VarelaRound-Regular.ttf
22:52:59.658 [FXGL Background Thread 1 ] DEBUG FXGLApplication      - Loading default localization
22:52:59.659 [FXGL Background Thread 1 ] DEBUG FXGLAssetLoaderServi - Loading from file system: jar:file:///C:/Users/Ruhmer%20Jairus/.m2/repository/com/github/almasb/fxgl/21.1/fxgl-21.1.jar!/fxglassets/languages/english.lang
22:52:59.742 [FXGL Background Thread 4 ] DEBUG FXGLAssetLoaderServi - Loading from file system: jar:file:///C:/Users/Ruhmer%20Jairus/.m2/repository/com/github/almasb/fxgl/21.1/fxgl-21.1.jar!/fxglassets/ui/fonts/Abel-Regular.ttf
22:52:59.749 [FXGL Background Thread 1 ] INFO  FXGLApplication      - FXGL initialization took: 0.808 sec
22:52:59.751 [JavaFX Application Thread] DEBUG FXGLAssetLoaderServi - Loading from file system: jar:file:///C:/Users/Ruhmer%20Jairus/.m2/repository/com/github/almasb/fxgl/21.1/fxgl-21.1.jar!/fxglassets/textures/fxgl_icon.png
22:52:59.764 [FXGL Background Thread 4 ] DEBUG FXGLAssetLoaderServi - Loading from file system: jar:file:///C:/Users/Ruhmer%20Jairus/.m2/repository/com/github/almasb/fxgl/21.1/fxgl-21.1.jar!/fxglassets/ui/fonts/TerminalLandMono-Regular.otf
22:52:59.785 [FXGL Background Thread 4 ] DEBUG FXGLAssetLoaderServi - Loading from file system: jar:file:///C:/Users/Ruhmer%20Jairus/.m2/repository/com/github/almasb/fxgl/21.1/fxgl-21.1.jar!/fxglassets/ui/fonts/Courier-Prime.ttf
22:52:59.802 [JavaFX Application Thread] DEBUG FXGLAssetLoaderServi - Loading from file system: jar:file:///C:/Users/Ruhmer%20Jairus/.m2/repository/com/github/almasb/fxgl/21.1/fxgl-21.1.jar!/fxglassets/textures/fxgl_default_cursor.png
22:52:59.852 [JavaFX Application Thread] DEBUG Input                - Registered new binding: Screenshot - CTRL+8
22:52:59.855 [JavaFX Application Thread] DEBUG Input                - Registered new binding: System info dump - CTRL+9
22:52:59.858 [JavaFX Application Thread] DEBUG Input                - Registered new binding: Restart - CTRL+R
22:52:59.864 [JavaFX Application Thread] DEBUG Input                - Registered new binding: Toggle Debug Camera - CTRL+7
22:52:59.875 [JavaFX Application Thread] DEBUG LoopRunner           - Starting loop
22:52:59.876 [JavaFX Application Thread] DEBUG LoopRunner           - Initializing JavaFX AnimationTimerLoop
22:52:59.882 [JavaFX Application Thread] DEBUG GameApplicationServi - Starting new game
22:52:59.883 [JavaFX Application Thread] DEBUG Input                - Clearing active input actions
22:52:59.917 [JavaFX Application Thread] DEBUG GameApplicationServi - Removing overlay from FXGLStartupScene and adding to FXGLLoadingScene
22:52:59.917 [JavaFX Application Thread] DEBUG PrimaryStageWindow   - FXGLStartupScene -> FXGLLoadingScene
22:52:59.917 [JavaFX Application Thread] DEBUG GameApplicationServi - Clearing previous game
22:52:59.917 [JavaFX Application Thread] DEBUG GameScene            - Clearing game scene
22:52:59.917 [JavaFX Application Thread] DEBUG GameWorld            - Clearing game world
22:52:59.918 [JavaFX Application Thread] DEBUG PhysicsWorld         - Clearing physics world
22:52:59.923 [JavaFX Application Thread] DEBUG FXGLApplication      - Registering font factories with UI factory
22:52:59.958 [FXGL Background Thread 4 ] INFO  FXGLApplication      - Game initialization took: 0.035 sec
22:53:00.041 [JavaFX Application Thread] DEBUG Input                - Clearing active input actions
22:53:00.054 [JavaFX Application Thread] DEBUG GameApplicationServi - Removing overlay from FXGLLoadingScene and adding to GameScene
22:53:00.054 [JavaFX Application Thread] DEBUG PrimaryStageWindow   - FXGLLoadingScene -> GameScene
22:53:02.656 [FXGL Background Thread 3 ] DEBUG Engine               - Logging environment variables
22:53:02.657 [FXGL Background Thread 3 ] DEBUG Engine               - achievements: []
22:53:02.657 [FXGL Background Thread 3 ] DEBUG Engine               - actualHeight: 600.0
22:53:02.657 [FXGL Background Thread 3 ] DEBUG Engine               - actualHeightProperty: ReadOnlyDoubleProperty [value: 600.0]
22:53:02.658 [FXGL Background Thread 3 ] DEBUG Engine               - actualWidth: 800.0
22:53:02.658 [FXGL Background Thread 3 ] DEBUG Engine               - actualWidthProperty: ReadOnlyDoubleProperty [value: 800.0]
22:53:02.658 [FXGL Background Thread 3 ] DEBUG Engine               - appIcon: fxgl_icon.png
22:53:02.658 [FXGL Background Thread 3 ] DEBUG Engine               - applicationMode: DEVELOPER
22:53:02.658 [FXGL Background Thread 3 ] DEBUG Engine               - cSSList: [fxgl_dark.css]
22:53:02.658 [FXGL Background Thread 3 ] DEBUG Engine               - collisionDetectionStrategy: BRUTE_FORCE
22:53:02.658 [FXGL Background Thread 3 ] DEBUG Engine               - configClass: Optional.empty
22:53:02.658 [FXGL Background Thread 3 ] DEBUG Engine               - credits: []
22:53:02.659 [FXGL Background Thread 3 ] DEBUG Engine               - defaultCursor: CursorInfo(imageName=fxgl_default_cursor.png, hotspotX=7.0, hotspotY=6.0)
22:53:02.659 [FXGL Background Thread 3 ] DEBUG Engine               - devBBoxColorProperty: ObjectProperty [value: 0xff0000ff]
22:53:02.659 [FXGL Background Thread 3 ] DEBUG Engine               - devEnableDebugCameraProperty: BooleanProperty [value: false]
22:53:02.659 [FXGL Background Thread 3 ] DEBUG Engine               - devSensorColorProperty: ObjectProperty [value: 0xffff00ff]
22:53:02.659 [FXGL Background Thread 3 ] DEBUG Engine               - devShowBBoxProperty: BooleanProperty [value: false]
22:53:02.659 [FXGL Background Thread 3 ] DEBUG Engine               - devShowPositionProperty: BooleanProperty [value: false]
22:53:02.659 [FXGL Background Thread 3 ] DEBUG Engine               - enabledMenuItems: []
22:53:02.659 [FXGL Background Thread 3 ] DEBUG Engine               - engineServices: [class com.almasb.fxgl.app.services.FXGLAssetLoaderService, class com.almasb.fxgl.app.FXGLApplication$GameApplicationService, class com.almasb.fxgl.app.services.FXGLDialogService, class com.almasb.fxgl.app.services.IOTaskExecutorService, class com.almasb.fxgl.io.FileSystemService, class com.almasb.fxgl.localization.LocalizationService, class com.almasb.fxgl.app.services.SystemBundleService, class com.almasb.fxgl.profile.SaveLoadService, class com.almasb.fxgl.ui.FXGLUIFactoryServiceProvider, class com.almasb.fxgl.ui.FXGLDialogFactoryServiceProvider, class com.almasb.fxgl.audio.AudioPlayer, class com.almasb.fxgl.notification.impl.NotificationServiceProvider, class com.almasb.fxgl.achievement.AchievementService, class com.almasb.fxgl.cutscene.CutsceneService, class com.almasb.fxgl.minigames.MiniGameService, class com.almasb.fxgl.net.NetService, class com.almasb.fxgl.app.services.UpdaterService, class com.almasb.fxgl.dev.DevService]
22:53:02.659 [FXGL Background Thread 3 ] DEBUG Engine               - fontGame: Abel-Regular.ttf
22:53:02.660 [FXGL Background Thread 3 ] DEBUG Engine               - fontMono: TerminalLandMono-Regular.otf
22:53:02.660 [FXGL Background Thread 3 ] DEBUG Engine               - fontSizeScaleUI: 1.0
22:53:02.660 [FXGL Background Thread 3 ] DEBUG Engine               - fontText: Courier-Prime.ttf
22:53:02.660 [FXGL Background Thread 3 ] DEBUG Engine               - fontUI: VarelaRound-Regular.ttf
22:53:02.660 [FXGL Background Thread 3 ] DEBUG Engine               - fullScreen: BooleanProperty [value: false]
22:53:02.660 [FXGL Background Thread 3 ] DEBUG Engine               - gameDifficulty: MEDIUM
22:53:02.660 [FXGL Background Thread 3 ] DEBUG Engine               - gameDifficultyProperty: ObjectProperty [value: MEDIUM]
22:53:02.660 [FXGL Background Thread 3 ] DEBUG Engine               - globalMusicVolume: 0.5
22:53:02.660 [FXGL Background Thread 3 ] DEBUG Engine               - globalMusicVolumeProperty: DoubleProperty [value: 0.5]
22:53:02.660 [FXGL Background Thread 3 ] DEBUG Engine               - globalSoundVolume: 0.5
22:53:02.660 [FXGL Background Thread 3 ] DEBUG Engine               - globalSoundVolumeProperty: DoubleProperty [value: 0.5]
22:53:02.660 [FXGL Background Thread 3 ] DEBUG Engine               - height: 600
22:53:02.660 [FXGL Background Thread 3 ] DEBUG Engine               - is3D: false
22:53:02.661 [FXGL Background Thread 3 ] DEBUG Engine               - isAndroid: false
22:53:02.661 [FXGL Background Thread 3 ] DEBUG Engine               - isBrowser: false
22:53:02.661 [FXGL Background Thread 3 ] DEBUG Engine               - isClickFeedbackEnabled: false
22:53:02.661 [FXGL Background Thread 3 ] DEBUG Engine               - isCloseConfirmation: false
22:53:02.661 [FXGL Background Thread 3 ] DEBUG Engine               - isDesktop: true
22:53:02.661 [FXGL Background Thread 3 ] DEBUG Engine               - isDeveloperMenuEnabled: false
22:53:02.661 [FXGL Background Thread 3 ] DEBUG Engine               - isEmbedded: false
22:53:02.661 [FXGL Background Thread 3 ] DEBUG Engine               - isEntityPreloadEnabled: true
22:53:02.661 [FXGL Background Thread 3 ] DEBUG Engine               - isExperimentalTiledLargeMap: false
22:53:02.661 [FXGL Background Thread 3 ] DEBUG Engine               - isFileSystemWriteAllowed: true
22:53:02.661 [FXGL Background Thread 3 ] DEBUG Engine               - isFullScreenAllowed: false
22:53:02.661 [FXGL Background Thread 3 ] DEBUG Engine               - isFullScreenFromStart: false
22:53:02.661 [FXGL Background Thread 3 ] DEBUG Engine               - isGameMenuEnabled: true
22:53:02.661 [FXGL Background Thread 3 ] DEBUG Engine               - isIOS: false
22:53:02.661 [FXGL Background Thread 3 ] DEBUG Engine               - isIntroEnabled: false
22:53:02.661 [FXGL Background Thread 3 ] DEBUG Engine               - isLinux: false
22:53:02.661 [FXGL Background Thread 3 ] DEBUG Engine               - isMac: false
22:53:02.661 [FXGL Background Thread 3 ] DEBUG Engine               - isMainMenuEnabled: false
22:53:02.661 [FXGL Background Thread 3 ] DEBUG Engine               - isManualResizeEnabled: false
22:53:02.662 [FXGL Background Thread 3 ] DEBUG Engine               - isMobile: false
22:53:02.662 [FXGL Background Thread 3 ] DEBUG Engine               - isNative: false
22:53:02.662 [FXGL Background Thread 3 ] DEBUG Engine               - isPauseMusicWhenMinimized: true
22:53:02.662 [FXGL Background Thread 3 ] DEBUG Engine               - isPreserveResizeRatio: false
22:53:02.662 [FXGL Background Thread 3 ] DEBUG Engine               - isProfilingEnabled: false
22:53:02.662 [FXGL Background Thread 3 ] DEBUG Engine               - isScaleAffectedOnResize: true
22:53:02.662 [FXGL Background Thread 3 ] DEBUG Engine               - isSingleStep: false
22:53:02.662 [FXGL Background Thread 3 ] DEBUG Engine               - isUserProfileEnabled: false
22:53:02.662 [FXGL Background Thread 3 ] DEBUG Engine               - isWindows: true
22:53:02.662 [FXGL Background Thread 3 ] DEBUG Engine               - language: ObjectProperty [value: ENGLISH]
22:53:02.662 [FXGL Background Thread 3 ] DEBUG Engine               - menuKey: ESCAPE
22:53:02.662 [FXGL Background Thread 3 ] DEBUG Engine               - mouseSensitivity: 0.2
22:53:02.662 [FXGL Background Thread 3 ] DEBUG Engine               - notificationViewClass: class com.almasb.fxgl.notification.view.XboxNotificationView
22:53:02.662 [FXGL Background Thread 3 ] DEBUG Engine               - pixelsPerMeter: 50.0
22:53:02.662 [FXGL Background Thread 3 ] DEBUG Engine               - platform: WINDOWS
22:53:02.662 [FXGL Background Thread 3 ] DEBUG Engine               - prefHeightProperty: ReadOnlyDoubleProperty [value: 600.0]
22:53:02.662 [FXGL Background Thread 3 ] DEBUG Engine               - prefWidthProperty: ReadOnlyDoubleProperty [value: 800.0]
22:53:02.662 [FXGL Background Thread 3 ] DEBUG Engine               - profileDir: profiles/
22:53:02.663 [FXGL Background Thread 3 ] DEBUG Engine               - profileName: StringProperty [value: DEFAULT]
22:53:02.663 [FXGL Background Thread 3 ] DEBUG Engine               - randomSeed: -1
22:53:02.663 [FXGL Background Thread 3 ] DEBUG Engine               - runtimeInfo: RuntimeInfo(platform=WINDOWS, version=21.1, build=27.03.2024 07.52)
22:53:02.663 [FXGL Background Thread 3 ] DEBUG Engine               - saveFileExt: sav
22:53:02.663 [FXGL Background Thread 3 ] DEBUG Engine               - scaledHeightProp$fxgl: DoubleProperty [bound, value: 600.0]
22:53:02.663 [FXGL Background Thread 3 ] DEBUG Engine               - scaledWidthProp$fxgl: DoubleProperty [bound, value: 800.0]
22:53:02.663 [FXGL Background Thread 3 ] DEBUG Engine               - sceneFactory: com.almasb.fxgl.app.scene.SceneFactory@46a2cc55
22:53:02.663 [FXGL Background Thread 3 ] DEBUG Engine               - secondsIn24h: 60
22:53:02.663 [FXGL Background Thread 3 ] DEBUG Engine               - soundMenuBack: menu/back.wav
22:53:02.663 [FXGL Background Thread 3 ] DEBUG Engine               - soundMenuPress: menu/press.wav
22:53:02.663 [FXGL Background Thread 3 ] DEBUG Engine               - soundMenuSelect: menu/select.wav
22:53:02.663 [FXGL Background Thread 3 ] DEBUG Engine               - soundNotification: core/notification.wav
22:53:02.663 [FXGL Background Thread 3 ] DEBUG Engine               - stageStyle: DECORATED
22:53:02.664 [FXGL Background Thread 3 ] DEBUG Engine               - supportedLanguages: [ENGLISH, FRENCH, GERMAN, HUNGARIAN, RUSSIAN]
22:53:02.664 [FXGL Background Thread 3 ] DEBUG Engine               - ticksPerSecond: -1
22:53:02.664 [FXGL Background Thread 3 ] DEBUG Engine               - title: Typing Master
22:53:02.664 [FXGL Background Thread 3 ] DEBUG Engine               - urlGithub: https://github.com/AlmasB/FXGL
22:53:02.664 [FXGL Background Thread 3 ] DEBUG Engine               - urlLeaderboard: http://fxgl-top.herokuapp.com/
22:53:02.664 [FXGL Background Thread 3 ] DEBUG Engine               - urlPOM: https://raw.githubusercontent.com/AlmasB/FXGL/release/README.md
22:53:02.664 [FXGL Background Thread 3 ] DEBUG Engine               - userAppClass: class com.oop2.typewiz.GameplayComponents.Gameplay
22:53:02.664 [FXGL Background Thread 3 ] DEBUG Engine               - version: 0.0
22:53:02.664 [FXGL Background Thread 3 ] DEBUG Engine               - versionCheckDays: 7
22:53:02.664 [FXGL Background Thread 3 ] DEBUG Engine               - width: 800
22:53:02.664 [FXGL Background Thread 3 ] DEBUG Engine               - Logging services
22:53:02.664 [FXGL Background Thread 3 ] DEBUG Engine               - class com.almasb.fxgl.app.services.FXGLAssetLoaderService
22:53:02.664 [FXGL Background Thread 3 ] DEBUG Engine               - class com.almasb.fxgl.app.FXGLApplication$GameApplicationService
22:53:02.664 [FXGL Background Thread 3 ] DEBUG Engine               - class com.almasb.fxgl.app.services.FXGLDialogService
22:53:02.664 [FXGL Background Thread 3 ] DEBUG Engine               - class com.almasb.fxgl.app.services.IOTaskExecutorService
22:53:02.664 [FXGL Background Thread 3 ] DEBUG Engine               - class com.almasb.fxgl.io.FileSystemService
22:53:02.664 [FXGL Background Thread 3 ] DEBUG Engine               - class com.almasb.fxgl.localization.LocalizationService
22:53:02.664 [FXGL Background Thread 3 ] DEBUG Engine               - class com.almasb.fxgl.app.services.SystemBundleService
22:53:02.664 [FXGL Background Thread 3 ] DEBUG Engine               - class com.almasb.fxgl.profile.SaveLoadService
22:53:02.664 [FXGL Background Thread 3 ] DEBUG Engine               - class com.almasb.fxgl.ui.FXGLUIFactoryServiceProvider
22:53:02.664 [FXGL Background Thread 3 ] DEBUG Engine               - class com.almasb.fxgl.ui.FXGLDialogFactoryServiceProvider
22:53:02.664 [FXGL Background Thread 3 ] DEBUG Engine               - class com.almasb.fxgl.audio.AudioPlayer
22:53:02.664 [FXGL Background Thread 3 ] DEBUG Engine               - class com.almasb.fxgl.notification.impl.NotificationServiceProvider
22:53:02.664 [FXGL Background Thread 3 ] DEBUG Engine               - class com.almasb.fxgl.achievement.AchievementService
22:53:02.664 [FXGL Background Thread 3 ] DEBUG Engine               - class com.almasb.fxgl.cutscene.CutsceneService
22:53:02.664 [FXGL Background Thread 3 ] DEBUG Engine               - class com.almasb.fxgl.minigames.MiniGameService
22:53:02.664 [FXGL Background Thread 3 ] DEBUG Engine               - class com.almasb.fxgl.net.NetService
22:53:02.664 [FXGL Background Thread 3 ] DEBUG Engine               - class com.almasb.fxgl.app.services.UpdaterService
22:53:02.664 [FXGL Background Thread 3 ] DEBUG Engine               - class com.almasb.fxgl.dev.DevService
22:53:04.148 [JavaFX Application Thread] DEBUG FXGLApplication      - Exiting FXGL
22:53:04.148 [JavaFX Application Thread] DEBUG LoopRunner           - Stopping loop
22:53:04.148 [JavaFX Application Thread] DEBUG SystemBundleService  - Saving FXGL system data
22:53:04.152 [JavaFX Application Thread] DEBUG FileSystemAccess     - Writing to: C:\Users\Ruhmer Jairus\IdeaProjects\OOP2-Capstone\system\fxgl.bundle
22:53:04.154 [JavaFX Application Thread] DEBUG Async                - Shutting down background threads
22:53:04.154 [JavaFX Application Thread] DEBUG PrimaryStageWindow   - Closing main window
22:53:04.173 [JavaFX Application Thread] DEBUG Logger               - Closing Logger
