18:56:38.011 [main                     ] DEBUG Logger               - Configured Logger
18:56:38.116 [main                     ] DEBUG GameApplication      - Logging settings
Title: TypeWiz
Version: 0.0
Width: 1550
Height: 800
Fullscreen: false
Intro: false
Profiling: false
Single step:false
App Mode: DEVELOPER
Menu Key: ESCAPE
Stage Style: DECORATED
Scene Factory: class com.almasb.fxgl.app.scene.SceneFactory

18:56:38.898 [JavaFX Application Thread] DEBUG FXGLApplication      - Initializing FXGL
18:56:38.907 [JavaFX Application Thread] INFO  Engine               - FXGL-21.1 (27.03.2024 07.52) on MAC (J:23.0.1 FX:19)
18:56:38.908 [JavaFX Application Thread] DEBUG Engine               - JRE Vendor Name: Oracle Corporation
18:56:38.908 [JavaFX Application Thread] DEBUG Engine               - Running on OS: Mac OS X version 10.15.7
18:56:38.909 [JavaFX Application Thread] DEBUG Engine               - Architecture: x86_64
18:56:38.909 [JavaFX Application Thread] INFO  Engine               - Source code and latest versions at: https://github.com/AlmasB/FXGL
18:56:38.909 [JavaFX Application Thread] INFO  Engine               -       Ask questions and discuss at: https://github.com/AlmasB/FXGL/discussions
18:56:38.909 [JavaFX Application Thread] INFO  Engine               -              Join the FXGL chat at: https://gitter.im/AlmasB/FXGL
18:56:39.228 [JavaFX Application Thread] DEBUG PrimaryStageWindow   - Creating a JavaFX scene
18:56:39.228 [JavaFX Application Thread] DEBUG PrimaryStageWindow   - Target size > screen size
18:56:39.417 [JavaFX Application Thread] DEBUG PrimaryStageWindow   - Target settings size: 1550.0 x 800.0
18:56:39.418 [JavaFX Application Thread] DEBUG PrimaryStageWindow   - Scaled scene size:    1255.0 x 660.0
18:56:39.419 [JavaFX Application Thread] DEBUG PrimaryStageWindow   - Scaled ratio: (0.8096774193548387, 0.825)
18:56:39.420 [JavaFX Application Thread] DEBUG PrimaryStageWindow   - Set initial scene to FXGLStartupScene
18:56:39.453 [JavaFX Application Thread] DEBUG PrimaryStageWindow   - Opening main window
18:56:39.584 [JavaFX Application Thread] DEBUG PrimaryStageWindow   - Window border size: (0.0, 22.0)
18:56:39.584 [JavaFX Application Thread] DEBUG PrimaryStageWindow   - Scaled size: 1255.0 x 660.0
18:56:39.585 [JavaFX Application Thread] DEBUG PrimaryStageWindow   - Scaled ratio: (0.8096774193548387, 0.825)
18:56:39.585 [JavaFX Application Thread] DEBUG PrimaryStageWindow   - Scene size: 1255.0 x 660.0
18:56:39.587 [JavaFX Application Thread] DEBUG PrimaryStageWindow   - Stage size: 1255.0 x 682.0
18:56:39.626 [FXGL Background Thread 1 ] DEBUG Engine               - Initializing environment variables
18:56:39.836 [FXGL Background Thread 1 ] DEBUG FXGLAssetLoaderServi - User app class for loading assets: class com.oop2.typewiz.TypeWizApp
18:56:39.836 [FXGL Background Thread 1 ] DEBUG GameApplicationServi - Applying CSS: fxgl_dark.css
18:56:39.837 [FXGL Background Thread 1 ] DEBUG FXGLAssetLoaderServi - Loading from file system: jar:file:///Users/archiecabiso/.m2/repository/com/github/almasb/fxgl/21.1/fxgl-21.1.jar!/fxglassets/ui/css/fxgl_dark.css
18:56:39.950 [FXGL Background Thread 1 ] DEBUG GameApplicationServi - Initializing application scenes
18:56:40.700 [FXGL Background Thread 1 ] DEBUG GameWorld            - Game world initialized
18:56:40.765 [FXGL Background Thread 1 ] DEBUG PhysicsWorld         - Physics world initialized: appHeight=800, physics.ppm=50.0
18:56:40.765 [FXGL Background Thread 1 ] DEBUG PhysicsWorld         - Using strategy: BRUTE_FORCE
18:56:40.780 [FXGL Background Thread 1 ] DEBUG GameScene            - Game scene initialized: 1550x800
18:56:40.794 [FXGL Background Thread 1 ] DEBUG FXGL.DefaultMenu     - createMenuBodyGameMenu()
18:56:40.811 [FXGL Background Thread 1 ] DEBUG FXGL.DefaultMenu     - createOptionsMenu()
18:56:40.829 [FXGL Background Thread 1 ] DEBUG FXGLAssetLoaderServi - Loading from file system: jar:file:///Users/archiecabiso/.m2/repository/com/github/almasb/fxgl/21.1/fxgl-21.1.jar!/fxglassets/textures/particles/smoke.png
18:56:40.990 [FXGL Background Thread 1 ] DEBUG FXGLAssetLoaderServi - Loading from file system: jar:file:///Users/archiecabiso/.m2/repository/com/github/almasb/fxgl/21.1/fxgl-21.1.jar!/fxglassets/textures/particles/trace_horizontal.png
18:56:41.051 [FXGL Background Thread 1 ] DEBUG GameApplicationServi - Application scenes initialized
18:56:41.070 [FXGL Background Thread 1 ] DEBUG SystemBundleService  - Loading FXGL system data
18:56:41.083 [FXGL Background Thread 1 ] DEBUG FileSystemAccess     - Reading from: /Users/archiecabiso/Documents/2nd Year - CS/2nd Sem/CSIT228/OOP2-Capstone/system/fxgl.bundle
18:56:41.093 [FXGL Background Thread 1 ] DEBUG SystemBundleService  - Bundle FXGL: {}
18:56:41.094 [FXGL Background Thread 1 ] DEBUG UpdaterService       - Checking for updates
18:56:41.111 [FXGL Background Thread 4 ] DEBUG FXGLApplication      - Loading fonts
18:56:41.112 [FXGL Background Thread 4 ] DEBUG FXGLAssetLoaderServi - Loading from file system: jar:file:///Users/archiecabiso/.m2/repository/com/github/almasb/fxgl/21.1/fxgl-21.1.jar!/fxglassets/ui/fonts/VarelaRound-Regular.ttf
18:56:41.143 [FXGL Background Thread 4 ] DEBUG FXGLAssetLoaderServi - Loading from file system: jar:file:///Users/archiecabiso/.m2/repository/com/github/almasb/fxgl/21.1/fxgl-21.1.jar!/fxglassets/ui/fonts/Abel-Regular.ttf
18:56:41.144 [FXGL Background Thread 1 ] DEBUG FXGLApplication      - Loading default localization
18:56:41.144 [FXGL Background Thread 1 ] DEBUG FXGLAssetLoaderServi - Loading from file system: jar:file:///Users/archiecabiso/.m2/repository/com/github/almasb/fxgl/21.1/fxgl-21.1.jar!/fxglassets/languages/english.lang
18:56:41.147 [FXGL Background Thread 4 ] DEBUG FXGLAssetLoaderServi - Loading from file system: jar:file:///Users/archiecabiso/.m2/repository/com/github/almasb/fxgl/21.1/fxgl-21.1.jar!/fxglassets/ui/fonts/TerminalLandMono-Regular.otf
18:56:41.151 [FXGL Background Thread 4 ] DEBUG FXGLAssetLoaderServi - Loading from file system: jar:file:///Users/archiecabiso/.m2/repository/com/github/almasb/fxgl/21.1/fxgl-21.1.jar!/fxglassets/ui/fonts/Courier-Prime.ttf
18:56:41.157 [JavaFX Application Thread] DEBUG FXGLApplication      - Registering font factories with UI factory
18:56:41.191 [FXGL Background Thread 1 ] INFO  FXGLApplication      - FXGL initialization took: 1.565 sec
18:56:41.192 [JavaFX Application Thread] DEBUG FXGLAssetLoaderServi - Loading from file system: jar:file:///Users/archiecabiso/.m2/repository/com/github/almasb/fxgl/21.1/fxgl-21.1.jar!/fxglassets/textures/fxgl_icon.png
18:56:41.249 [JavaFX Application Thread] DEBUG FXGLAssetLoaderServi - Loading from file system: jar:file:///Users/archiecabiso/.m2/repository/com/github/almasb/fxgl/21.1/fxgl-21.1.jar!/fxglassets/textures/fxgl_default_cursor.png
18:56:41.267 [JavaFX Application Thread] DEBUG Input                - Registered new binding: Screenshot - CTRL+8
18:56:41.267 [JavaFX Application Thread] DEBUG Input                - Registered new binding: System info dump - CTRL+9
18:56:41.268 [JavaFX Application Thread] DEBUG Input                - Registered new binding: Restart - CTRL+R
18:56:41.269 [JavaFX Application Thread] DEBUG Input                - Registered new binding: Toggle Debug Camera - CTRL+7
18:56:41.272 [JavaFX Application Thread] DEBUG LoopRunner           - Starting loop
18:56:41.272 [JavaFX Application Thread] DEBUG LoopRunner           - Initializing JavaFX AnimationTimerLoop
18:56:41.274 [JavaFX Application Thread] DEBUG GameApplicationServi - Starting new game
18:56:41.275 [JavaFX Application Thread] DEBUG Input                - Clearing active input actions
18:56:41.299 [JavaFX Application Thread] DEBUG GameApplicationServi - Removing overlay from FXGLStartupScene and adding to FXGLLoadingScene
18:56:41.300 [JavaFX Application Thread] DEBUG PrimaryStageWindow   - FXGLStartupScene -> FXGLLoadingScene
18:56:41.300 [JavaFX Application Thread] DEBUG GameApplicationServi - Clearing previous game
18:56:41.301 [JavaFX Application Thread] DEBUG GameScene            - Clearing game scene
18:56:41.301 [JavaFX Application Thread] DEBUG GameWorld            - Clearing game world
18:56:41.301 [JavaFX Application Thread] DEBUG PhysicsWorld         - Clearing physics world
18:56:41.430 [FXGL Background Thread 1 ] DEBUG FXGLApplication      - Initializing game
18:56:43.357 [FXGL Background Thread 1 ] INFO  FXGLApplication      - Game initialization took: 1.926 sec
18:56:43.362 [JavaFX Application Thread] DEBUG Input                - Clearing active input actions
18:56:43.385 [JavaFX Application Thread] DEBUG GameApplicationServi - Removing overlay from FXGLLoadingScene and adding to GameScene
18:56:43.385 [JavaFX Application Thread] DEBUG PrimaryStageWindow   - FXGLLoadingScene -> GameScene
18:56:44.100 [FXGL Background Thread 3 ] DEBUG Engine               - Logging environment variables
18:56:44.102 [FXGL Background Thread 3 ] DEBUG Engine               - achievements: []
18:56:44.103 [FXGL Background Thread 3 ] DEBUG Engine               - actualHeight: 660.0
18:56:44.103 [FXGL Background Thread 3 ] DEBUG Engine               - actualHeightProperty: ReadOnlyDoubleProperty [value: 660.0]
18:56:44.104 [FXGL Background Thread 3 ] DEBUG Engine               - actualWidth: 1255.0
18:56:44.104 [FXGL Background Thread 3 ] DEBUG Engine               - actualWidthProperty: ReadOnlyDoubleProperty [value: 1255.0]
18:56:44.104 [FXGL Background Thread 3 ] DEBUG Engine               - appIcon: fxgl_icon.png
18:56:44.104 [FXGL Background Thread 3 ] DEBUG Engine               - applicationMode: DEVELOPER
18:56:44.104 [FXGL Background Thread 3 ] DEBUG Engine               - cSSList: [fxgl_dark.css]
18:56:44.104 [FXGL Background Thread 3 ] DEBUG Engine               - collisionDetectionStrategy: BRUTE_FORCE
18:56:44.105 [FXGL Background Thread 3 ] DEBUG Engine               - configClass: Optional.empty
18:56:44.105 [FXGL Background Thread 3 ] DEBUG Engine               - credits: []
18:56:44.105 [FXGL Background Thread 3 ] DEBUG Engine               - defaultCursor: CursorInfo(imageName=fxgl_default_cursor.png, hotspotX=7.0, hotspotY=6.0)
18:56:44.106 [FXGL Background Thread 3 ] DEBUG Engine               - devBBoxColorProperty: ObjectProperty [value: 0xff0000ff]
18:56:44.106 [FXGL Background Thread 3 ] DEBUG Engine               - devEnableDebugCameraProperty: BooleanProperty [value: false]
18:56:44.106 [FXGL Background Thread 3 ] DEBUG Engine               - devSensorColorProperty: ObjectProperty [value: 0xffff00ff]
18:56:44.106 [FXGL Background Thread 3 ] DEBUG Engine               - devShowBBoxProperty: BooleanProperty [value: false]
18:56:44.106 [FXGL Background Thread 3 ] DEBUG Engine               - devShowPositionProperty: BooleanProperty [value: false]
18:56:44.106 [FXGL Background Thread 3 ] DEBUG Engine               - enabledMenuItems: []
18:56:44.107 [FXGL Background Thread 3 ] DEBUG Engine               - engineServices: [class com.almasb.fxgl.app.services.FXGLAssetLoaderService, class com.almasb.fxgl.app.FXGLApplication$GameApplicationService, class com.almasb.fxgl.app.services.FXGLDialogService, class com.almasb.fxgl.app.services.IOTaskExecutorService, class com.almasb.fxgl.io.FileSystemService, class com.almasb.fxgl.localization.LocalizationService, class com.almasb.fxgl.app.services.SystemBundleService, class com.almasb.fxgl.profile.SaveLoadService, class com.almasb.fxgl.ui.FXGLUIFactoryServiceProvider, class com.almasb.fxgl.ui.FXGLDialogFactoryServiceProvider, class com.almasb.fxgl.audio.AudioPlayer, class com.almasb.fxgl.notification.impl.NotificationServiceProvider, class com.almasb.fxgl.achievement.AchievementService, class com.almasb.fxgl.cutscene.CutsceneService, class com.almasb.fxgl.minigames.MiniGameService, class com.almasb.fxgl.net.NetService, class com.almasb.fxgl.app.services.UpdaterService, class com.almasb.fxgl.dev.DevService]
18:56:44.107 [FXGL Background Thread 3 ] DEBUG Engine               - fontGame: Abel-Regular.ttf
18:56:44.107 [FXGL Background Thread 3 ] DEBUG Engine               - fontMono: TerminalLandMono-Regular.otf
18:56:44.107 [FXGL Background Thread 3 ] DEBUG Engine               - fontSizeScaleUI: 1.0
18:56:44.107 [FXGL Background Thread 3 ] DEBUG Engine               - fontText: Courier-Prime.ttf
18:56:44.107 [FXGL Background Thread 3 ] DEBUG Engine               - fontUI: VarelaRound-Regular.ttf
18:56:44.107 [FXGL Background Thread 3 ] DEBUG Engine               - fullScreen: BooleanProperty [value: false]
18:56:44.108 [FXGL Background Thread 3 ] DEBUG Engine               - gameDifficulty: MEDIUM
18:56:44.108 [FXGL Background Thread 3 ] DEBUG Engine               - gameDifficultyProperty: ObjectProperty [value: MEDIUM]
18:56:44.108 [FXGL Background Thread 3 ] DEBUG Engine               - globalMusicVolume: 0.5
18:56:44.108 [FXGL Background Thread 3 ] DEBUG Engine               - globalMusicVolumeProperty: DoubleProperty [value: 0.5]
18:56:44.108 [FXGL Background Thread 3 ] DEBUG Engine               - globalSoundVolume: 0.5
18:56:44.108 [FXGL Background Thread 3 ] DEBUG Engine               - globalSoundVolumeProperty: DoubleProperty [value: 0.5]
18:56:44.108 [FXGL Background Thread 3 ] DEBUG Engine               - height: 800
18:56:44.108 [FXGL Background Thread 3 ] DEBUG Engine               - is3D: false
18:56:44.109 [FXGL Background Thread 3 ] DEBUG Engine               - isAndroid: false
18:56:44.109 [FXGL Background Thread 3 ] DEBUG Engine               - isBrowser: false
18:56:44.109 [FXGL Background Thread 3 ] DEBUG Engine               - isClickFeedbackEnabled: false
18:56:44.109 [FXGL Background Thread 3 ] DEBUG Engine               - isCloseConfirmation: false
18:56:44.109 [FXGL Background Thread 3 ] DEBUG Engine               - isDesktop: true
18:56:44.109 [FXGL Background Thread 3 ] DEBUG Engine               - isDeveloperMenuEnabled: false
18:56:44.109 [FXGL Background Thread 3 ] DEBUG Engine               - isEmbedded: false
18:56:44.109 [FXGL Background Thread 3 ] DEBUG Engine               - isEntityPreloadEnabled: true
18:56:44.109 [FXGL Background Thread 3 ] DEBUG Engine               - isExperimentalTiledLargeMap: false
18:56:44.109 [FXGL Background Thread 3 ] DEBUG Engine               - isFileSystemWriteAllowed: true
18:56:44.109 [FXGL Background Thread 3 ] DEBUG Engine               - isFullScreenAllowed: false
18:56:44.109 [FXGL Background Thread 3 ] DEBUG Engine               - isFullScreenFromStart: false
18:56:44.109 [FXGL Background Thread 3 ] DEBUG Engine               - isGameMenuEnabled: true
18:56:44.109 [FXGL Background Thread 3 ] DEBUG Engine               - isIOS: false
18:56:44.109 [FXGL Background Thread 3 ] DEBUG Engine               - isIntroEnabled: false
18:56:44.109 [FXGL Background Thread 3 ] DEBUG Engine               - isLinux: false
18:56:44.110 [FXGL Background Thread 3 ] DEBUG Engine               - isMac: true
18:56:44.110 [FXGL Background Thread 3 ] DEBUG Engine               - isMainMenuEnabled: false
18:56:44.110 [FXGL Background Thread 3 ] DEBUG Engine               - isManualResizeEnabled: false
18:56:44.111 [FXGL Background Thread 3 ] DEBUG Engine               - isMobile: false
18:56:44.112 [FXGL Background Thread 3 ] DEBUG Engine               - isNative: false
18:56:44.112 [FXGL Background Thread 3 ] DEBUG Engine               - isPauseMusicWhenMinimized: true
18:56:44.114 [FXGL Background Thread 3 ] DEBUG Engine               - isPreserveResizeRatio: false
18:56:44.115 [FXGL Background Thread 3 ] DEBUG Engine               - isProfilingEnabled: false
18:56:44.115 [FXGL Background Thread 3 ] DEBUG Engine               - isScaleAffectedOnResize: true
18:56:44.116 [FXGL Background Thread 3 ] DEBUG Engine               - isSingleStep: false
18:56:44.116 [FXGL Background Thread 3 ] DEBUG Engine               - isUserProfileEnabled: false
18:56:44.116 [FXGL Background Thread 3 ] DEBUG Engine               - isWindows: false
18:56:44.117 [FXGL Background Thread 3 ] DEBUG Engine               - language: ObjectProperty [value: ENGLISH]
18:56:44.117 [FXGL Background Thread 3 ] DEBUG Engine               - menuKey: ESCAPE
18:56:44.117 [FXGL Background Thread 3 ] DEBUG Engine               - mouseSensitivity: 0.2
18:56:44.117 [FXGL Background Thread 3 ] DEBUG Engine               - notificationViewClass: class com.almasb.fxgl.notification.view.XboxNotificationView
18:56:44.117 [FXGL Background Thread 3 ] DEBUG Engine               - pixelsPerMeter: 50.0
18:56:44.118 [FXGL Background Thread 3 ] DEBUG Engine               - platform: MAC
18:56:44.118 [FXGL Background Thread 3 ] DEBUG Engine               - prefHeightProperty: ReadOnlyDoubleProperty [value: 800.0]
18:56:44.118 [FXGL Background Thread 3 ] DEBUG Engine               - prefWidthProperty: ReadOnlyDoubleProperty [value: 1550.0]
18:56:44.118 [FXGL Background Thread 3 ] DEBUG Engine               - profileDir: profiles/
18:56:44.118 [FXGL Background Thread 3 ] DEBUG Engine               - profileName: StringProperty [value: DEFAULT]
18:56:44.118 [FXGL Background Thread 3 ] DEBUG Engine               - randomSeed: -1
18:56:44.119 [FXGL Background Thread 3 ] DEBUG Engine               - runtimeInfo: RuntimeInfo(platform=MAC, version=21.1, build=27.03.2024 07.52)
18:56:44.119 [FXGL Background Thread 3 ] DEBUG Engine               - saveFileExt: sav
18:56:44.119 [FXGL Background Thread 3 ] DEBUG Engine               - scaledHeightProp$fxgl: DoubleProperty [bound, value: 660.0]
18:56:44.120 [FXGL Background Thread 3 ] DEBUG Engine               - scaledWidthProp$fxgl: DoubleProperty [bound, value: 1255.0]
18:56:44.120 [FXGL Background Thread 3 ] DEBUG Engine               - sceneFactory: com.almasb.fxgl.app.scene.SceneFactory@648ff31a
18:56:44.120 [FXGL Background Thread 3 ] DEBUG Engine               - secondsIn24h: 60
18:56:44.120 [FXGL Background Thread 3 ] DEBUG Engine               - soundMenuBack: menu/back.wav
18:56:44.120 [FXGL Background Thread 3 ] DEBUG Engine               - soundMenuPress: menu/press.wav
18:56:44.120 [FXGL Background Thread 3 ] DEBUG Engine               - soundMenuSelect: menu/select.wav
18:56:44.120 [FXGL Background Thread 3 ] DEBUG Engine               - soundNotification: core/notification.wav
18:56:44.120 [FXGL Background Thread 3 ] DEBUG Engine               - stageStyle: DECORATED
18:56:44.121 [FXGL Background Thread 3 ] DEBUG Engine               - supportedLanguages: [ENGLISH, FRENCH, GERMAN, HUNGARIAN, RUSSIAN]
18:56:44.121 [FXGL Background Thread 3 ] DEBUG Engine               - ticksPerSecond: -1
18:56:44.121 [FXGL Background Thread 3 ] DEBUG Engine               - title: TypeWiz
18:56:44.121 [FXGL Background Thread 3 ] DEBUG Engine               - urlGithub: https://github.com/AlmasB/FXGL
18:56:44.121 [FXGL Background Thread 3 ] DEBUG Engine               - urlLeaderboard: http://fxgl-top.herokuapp.com/
18:56:44.121 [FXGL Background Thread 3 ] DEBUG Engine               - urlPOM: https://raw.githubusercontent.com/AlmasB/FXGL/release/README.md
18:56:44.121 [FXGL Background Thread 3 ] DEBUG Engine               - userAppClass: class com.oop2.typewiz.TypeWizApp
18:56:44.121 [FXGL Background Thread 3 ] DEBUG Engine               - version: 0.0
18:56:44.122 [FXGL Background Thread 3 ] DEBUG Engine               - versionCheckDays: 7
18:56:44.122 [FXGL Background Thread 3 ] DEBUG Engine               - width: 1550
18:56:44.122 [FXGL Background Thread 3 ] DEBUG Engine               - Logging services
18:56:44.122 [FXGL Background Thread 3 ] DEBUG Engine               - class com.almasb.fxgl.app.services.FXGLAssetLoaderService
18:56:44.122 [FXGL Background Thread 3 ] DEBUG Engine               - class com.almasb.fxgl.app.FXGLApplication$GameApplicationService
18:56:44.122 [FXGL Background Thread 3 ] DEBUG Engine               - class com.almasb.fxgl.app.services.FXGLDialogService
18:56:44.122 [FXGL Background Thread 3 ] DEBUG Engine               - class com.almasb.fxgl.app.services.IOTaskExecutorService
18:56:44.122 [FXGL Background Thread 3 ] DEBUG Engine               - class com.almasb.fxgl.io.FileSystemService
18:56:44.123 [FXGL Background Thread 3 ] DEBUG Engine               - class com.almasb.fxgl.localization.LocalizationService
18:56:44.123 [FXGL Background Thread 3 ] DEBUG Engine               - class com.almasb.fxgl.app.services.SystemBundleService
18:56:44.123 [FXGL Background Thread 3 ] DEBUG Engine               - class com.almasb.fxgl.profile.SaveLoadService
18:56:44.123 [FXGL Background Thread 3 ] DEBUG Engine               - class com.almasb.fxgl.ui.FXGLUIFactoryServiceProvider
18:56:44.123 [FXGL Background Thread 3 ] DEBUG Engine               - class com.almasb.fxgl.ui.FXGLDialogFactoryServiceProvider
18:56:44.123 [FXGL Background Thread 3 ] DEBUG Engine               - class com.almasb.fxgl.audio.AudioPlayer
18:56:44.123 [FXGL Background Thread 3 ] DEBUG Engine               - class com.almasb.fxgl.notification.impl.NotificationServiceProvider
18:56:44.123 [FXGL Background Thread 3 ] DEBUG Engine               - class com.almasb.fxgl.achievement.AchievementService
18:56:44.124 [FXGL Background Thread 3 ] DEBUG Engine               - class com.almasb.fxgl.cutscene.CutsceneService
18:56:44.124 [FXGL Background Thread 3 ] DEBUG Engine               - class com.almasb.fxgl.minigames.MiniGameService
18:56:44.124 [FXGL Background Thread 3 ] DEBUG Engine               - class com.almasb.fxgl.net.NetService
18:56:44.124 [FXGL Background Thread 3 ] DEBUG Engine               - class com.almasb.fxgl.app.services.UpdaterService
18:56:44.125 [FXGL Background Thread 3 ] DEBUG Engine               - class com.almasb.fxgl.dev.DevService
18:56:46.166 [JavaFX Application Thread] DEBUG FXGLAssetLoaderServi - Loading from file system: file:/Users/archiecabiso/Documents/2nd%20Year%20-%20CS/2nd%20Sem/CSIT228/OOP2-Capstone/target/classes/assets/sounds/sound-library/hover.wav
18:56:47.806 [JavaFX Application Thread] DEBUG FXGLAssetLoaderServi - Loading from file system: file:/Users/archiecabiso/Documents/2nd%20Year%20-%20CS/2nd%20Sem/CSIT228/OOP2-Capstone/target/classes/assets/sounds/sound-library/click.wav
18:56:48.940 [JavaFX Application Thread] DEBUG FXGLAssetLoaderServi - Loading from file system: file:/Users/archiecabiso/Documents/2nd%20Year%20-%20CS/2nd%20Sem/CSIT228/OOP2-Capstone/target/classes/assets/music/magic.wav
18:56:48.973 [JavaFX Application Thread] DEBUG AudioPlayer          - Playing music com.almasb.fxgl.audio.Music@5bf2bf70
18:56:50.939 [JavaFX Application Thread] DEBUG FXGLAssetLoaderServi - Loading from file system: file:/Users/archiecabiso/Documents/2nd%20Year%20-%20CS/2nd%20Sem/CSIT228/OOP2-Capstone/target/classes/assets/music/bgm.mp3
18:56:50.958 [JavaFX Application Thread] DEBUG AudioPlayer          - Playing music com.almasb.fxgl.audio.Music@590ef5b
18:57:37.478 [JavaFX Application Thread] DEBUG PrimaryStageWindow   - Push state: DialogSubScene
18:57:37.479 [JavaFX Application Thread] DEBUG Input                - Clearing active input actions
18:57:37.481 [JavaFX Application Thread] DEBUG GameApplicationServi - Removing overlay from GameScene and adding to DialogSubScene
18:57:37.483 [JavaFX Application Thread] DEBUG PrimaryStageWindow   - GameScene -> DialogSubScene
18:57:39.493 [JavaFX Application Thread] DEBUG PrimaryStageWindow   - Pop state: DialogSubScene
18:57:39.494 [JavaFX Application Thread] DEBUG Input                - Clearing active input actions
18:57:39.496 [JavaFX Application Thread] DEBUG GameApplicationServi - Removing overlay from DialogSubScene and adding to GameScene
18:57:39.497 [JavaFX Application Thread] DEBUG PrimaryStageWindow   - GameScene <- DialogSubScene
18:57:45.809 [JavaFX Application Thread] DEBUG PrimaryStageWindow   - Push state: DifficultyMenuScreen
18:57:45.809 [JavaFX Application Thread] DEBUG Input                - Clearing active input actions
18:57:45.811 [JavaFX Application Thread] DEBUG GameApplicationServi - Removing overlay from GameScene and adding to DifficultyMenuScreen
18:57:45.813 [JavaFX Application Thread] DEBUG PrimaryStageWindow   - GameScene -> DifficultyMenuScreen
18:58:23.161 [JavaFX Application Thread] DEBUG FXGLApplication      - Exiting FXGL
18:58:23.162 [JavaFX Application Thread] DEBUG LoopRunner           - Stopping loop
18:58:23.162 [JavaFX Application Thread] DEBUG SystemBundleService  - Saving FXGL system data
18:58:23.167 [JavaFX Application Thread] DEBUG FileSystemAccess     - Writing to: /Users/archiecabiso/Documents/2nd Year - CS/2nd Sem/CSIT228/OOP2-Capstone/system/fxgl.bundle
18:58:23.173 [JavaFX Application Thread] DEBUG Async                - Shutting down background threads
18:58:23.174 [JavaFX Application Thread] DEBUG PrimaryStageWindow   - Closing main window
18:58:23.231 [JavaFX Application Thread] DEBUG Logger               - Closing Logger
