01:09:46.037 [main                     ] DEBUG Logger               - Configured Logger
01:09:46.062 [main                     ] DEBUG GameApplication      - Logging settings
Title: TypeWiz - Winter Theme
Version: 0.0
Width: 1280
Height: 720
Fullscreen: true
Intro: false
Profiling: false
Single step:false
App Mode: DEVELOPER
Menu Key: ESCAPE
Stage Style: DECORATED
Scene Factory: class com.almasb.fxgl.app.scene.SceneFactory

01:09:46.316 [JavaFX Application Thread] DEBUG FXGLApplication      - Initializing FXGL
01:09:46.319 [JavaFX Application Thread] INFO  Engine               - FXGL-21.1 (27.03.2024 07.52) on WINDOWS (J:21.0.3 FX:19)
01:09:46.320 [JavaFX Application Thread] DEBUG Engine               - JRE Vendor Name: Oracle Corporation
01:09:46.320 [JavaFX Application Thread] DEBUG Engine               - Running on OS: Windows 11 version 10.0
01:09:46.320 [JavaFX Application Thread] DEBUG Engine               - Architecture: amd64
01:09:46.320 [JavaFX Application Thread] INFO  Engine               - Source code and latest versions at: https://github.com/AlmasB/FXGL
01:09:46.320 [JavaFX Application Thread] INFO  Engine               -       Ask questions and discuss at: https://github.com/AlmasB/FXGL/discussions
01:09:46.320 [JavaFX Application Thread] INFO  Engine               -              Join the FXGL chat at: https://gitter.im/AlmasB/FXGL
01:09:46.386 [JavaFX Application Thread] DEBUG PrimaryStageWindow   - Creating a JavaFX scene
01:09:46.421 [JavaFX Application Thread] DEBUG PrimaryStageWindow   - Target settings size: 1280.0 x 720.0
01:09:46.421 [JavaFX Application Thread] DEBUG PrimaryStageWindow   - Scaled scene size:    1280.0 x 720.0
01:09:46.421 [JavaFX Application Thread] DEBUG PrimaryStageWindow   - Scaled ratio: (1.0, 1.0)
01:09:46.422 [JavaFX Application Thread] DEBUG PrimaryStageWindow   - Set initial scene to FXGLStartupScene
01:09:46.425 [JavaFX Application Thread] DEBUG PrimaryStageWindow   - Opening main window
01:09:46.485 [JavaFX Application Thread] DEBUG PrimaryStageWindow   - Window border size: (14.4000244140625, 37.5999755859375)
01:09:46.485 [JavaFX Application Thread] DEBUG PrimaryStageWindow   - Scaled size: 1280.0 x 720.0
01:09:46.485 [JavaFX Application Thread] DEBUG PrimaryStageWindow   - Scaled ratio: (1.0, 1.0)
01:09:46.485 [JavaFX Application Thread] DEBUG PrimaryStageWindow   - Scene size: 1280.0 x 720.0
01:09:46.486 [JavaFX Application Thread] DEBUG PrimaryStageWindow   - Stage size: 1294.4000244140625 x 757.5999755859375
01:09:46.540 [JavaFX Application Thread] DEBUG PrimaryStageWindow   - Going fullscreen
01:09:46.548 [FXGL Background Thread 1 ] DEBUG Engine               - Initializing environment variables
01:09:46.590 [FXGL Background Thread 1 ] DEBUG FXGLAssetLoaderServi - User app class for loading assets: class com.oop2.typewiz.GameplayComponents.Game
01:09:46.590 [FXGL Background Thread 1 ] DEBUG GameApplicationServi - Applying CSS: fxgl_dark.css
01:09:46.591 [FXGL Background Thread 1 ] DEBUG FXGLAssetLoaderServi - Loading from file system: jar:file:///C:/Users/Ruhmer%20Jairus/.m2/repository/com/github/almasb/fxgl/21.1/fxgl-21.1.jar!/fxglassets/ui/css/fxgl_dark.css
01:09:46.622 [FXGL Background Thread 1 ] DEBUG GameApplicationServi - Initializing application scenes
01:09:46.674 [FXGL Background Thread 1 ] DEBUG GameWorld            - Game world initialized
01:09:46.730 [FXGL Background Thread 1 ] DEBUG PhysicsWorld         - Physics world initialized: appHeight=720, physics.ppm=50.0
01:09:46.730 [FXGL Background Thread 1 ] DEBUG PhysicsWorld         - Using strategy: BRUTE_FORCE
01:09:46.735 [FXGL Background Thread 1 ] DEBUG GameScene            - Game scene initialized: 1280x720
01:09:46.735 [FXGL Background Thread 1 ] DEBUG GameApplicationServi - Application scenes initialized
01:09:46.748 [FXGL Background Thread 1 ] DEBUG SystemBundleService  - Loading FXGL system data
01:09:46.751 [FXGL Background Thread 1 ] DEBUG FileSystemAccess     - Reading from: C:\Users\Ruhmer Jairus\OOP2-Capstone\system\fxgl.bundle
01:09:46.758 [FXGL Background Thread 1 ] DEBUG SystemBundleService  - Bundle FXGL: {}
01:09:46.758 [FXGL Background Thread 1 ] DEBUG UpdaterService       - Checking for updates
01:09:46.763 [FXGL Background Thread 4 ] DEBUG FXGLApplication      - Loading fonts
01:09:46.763 [FXGL Background Thread 1 ] DEBUG FXGLApplication      - Loading default localization
01:09:46.763 [FXGL Background Thread 4 ] DEBUG FXGLAssetLoaderServi - Loading from file system: jar:file:///C:/Users/Ruhmer%20Jairus/.m2/repository/com/github/almasb/fxgl/21.1/fxgl-21.1.jar!/fxglassets/ui/fonts/VarelaRound-Regular.ttf
01:09:46.763 [FXGL Background Thread 1 ] DEBUG FXGLAssetLoaderServi - Loading from file system: jar:file:///C:/Users/Ruhmer%20Jairus/.m2/repository/com/github/almasb/fxgl/21.1/fxgl-21.1.jar!/fxglassets/languages/english.lang
01:09:46.797 [FXGL Background Thread 4 ] DEBUG FXGLAssetLoaderServi - Loading from file system: jar:file:///C:/Users/Ruhmer%20Jairus/.m2/repository/com/github/almasb/fxgl/21.1/fxgl-21.1.jar!/fxglassets/ui/fonts/Abel-Regular.ttf
01:09:46.797 [FXGL Background Thread 1 ] INFO  FXGLApplication      - FXGL initialization took: 0.250 sec
01:09:46.798 [JavaFX Application Thread] DEBUG FXGLAssetLoaderServi - Loading from file system: jar:file:///C:/Users/Ruhmer%20Jairus/.m2/repository/com/github/almasb/fxgl/21.1/fxgl-21.1.jar!/fxglassets/textures/fxgl_icon.png
01:09:46.800 [FXGL Background Thread 4 ] DEBUG FXGLAssetLoaderServi - Loading from file system: jar:file:///C:/Users/Ruhmer%20Jairus/.m2/repository/com/github/almasb/fxgl/21.1/fxgl-21.1.jar!/fxglassets/ui/fonts/TerminalLandMono-Regular.otf
01:09:46.804 [FXGL Background Thread 4 ] DEBUG FXGLAssetLoaderServi - Loading from file system: jar:file:///C:/Users/Ruhmer%20Jairus/.m2/repository/com/github/almasb/fxgl/21.1/fxgl-21.1.jar!/fxglassets/ui/fonts/Courier-Prime.ttf
01:09:46.836 [JavaFX Application Thread] DEBUG FXGLAssetLoaderServi - Loading from file system: jar:file:///C:/Users/Ruhmer%20Jairus/.m2/repository/com/github/almasb/fxgl/21.1/fxgl-21.1.jar!/fxglassets/textures/fxgl_default_cursor.png
01:09:46.845 [JavaFX Application Thread] DEBUG Input                - Registered new binding: Screenshot - CTRL+8
01:09:46.846 [JavaFX Application Thread] DEBUG Input                - Registered new binding: System info dump - CTRL+9
01:09:46.846 [JavaFX Application Thread] DEBUG Input                - Registered new binding: Restart - CTRL+R
01:09:46.847 [JavaFX Application Thread] DEBUG Input                - Registered new binding: Toggle Debug Camera - CTRL+7
01:09:46.849 [JavaFX Application Thread] DEBUG LoopRunner           - Starting loop
01:09:46.849 [JavaFX Application Thread] DEBUG LoopRunner           - Initializing JavaFX AnimationTimerLoop
01:09:46.850 [JavaFX Application Thread] DEBUG GameApplicationServi - Starting new game
01:09:46.851 [JavaFX Application Thread] DEBUG Input                - Clearing active input actions
01:09:46.867 [JavaFX Application Thread] DEBUG GameApplicationServi - Removing overlay from FXGLStartupScene and adding to FXGLLoadingScene
01:09:46.868 [JavaFX Application Thread] DEBUG PrimaryStageWindow   - FXGLStartupScene -> FXGLLoadingScene
01:09:46.868 [JavaFX Application Thread] DEBUG GameApplicationServi - Clearing previous game
01:09:46.868 [JavaFX Application Thread] DEBUG GameScene            - Clearing game scene
01:09:46.868 [JavaFX Application Thread] DEBUG GameWorld            - Clearing game world
01:09:46.868 [JavaFX Application Thread] DEBUG PhysicsWorld         - Clearing physics world
01:09:46.873 [FXGL Background Thread 4 ] DEBUG FXGLApplication      - Initializing game
01:09:46.873 [JavaFX Application Thread] DEBUG FXGLApplication      - Registering font factories with UI factory
01:09:46.910 [FXGL Background Thread 4 ] DEBUG FXGLAssetLoaderServi - Loading from file system: file:/C:/Users/Ruhmer%20Jairus/OOP2-Capstone/target/classes/assets/textures/background-and-platforms/bg-midnightpurple_1280_720.png
01:09:46.981 [FXGL Background Thread 4 ] DEBUG FXGLAssetLoaderServi - Loading from file system: file:/C:/Users/Ruhmer%20Jairus/OOP2-Capstone/target/classes/assets/textures/background-and-platforms/hdlargerplatform-purple.png
01:09:47.047 [FXGL Background Thread 4 ] DEBUG FXGLAssetLoaderServi - Loading from file system: file:/C:/Users/Ruhmer%20Jairus/OOP2-Capstone/target/classes/assets/textures/wizard/wizard.png
01:09:47.199 [FXGL Background Thread 4 ] DEBUG FXGLAssetLoaderServi - Loading from file system: file:/C:/Users/Ruhmer%20Jairus/OOP2-Capstone/target/classes/assets/textures/mobs/gargoyle/gargoyle.png
01:09:47.254 [FXGL Background Thread 4 ] DEBUG FXGLAssetLoaderServi - Loading from file system: file:/C:/Users/Ruhmer%20Jairus/OOP2-Capstone/target/classes/assets/textures/mobs/grimouge/grimouge.png
01:09:47.300 [FXGL Background Thread 4 ] DEBUG FXGLAssetLoaderServi - Loading from file system: file:/C:/Users/Ruhmer%20Jairus/OOP2-Capstone/target/classes/assets/textures/mobs/vyleye/vyleye.png
01:09:47.376 [FXGL Background Thread 4 ] INFO  FXGLApplication      - Game initialization took: 0.503 sec
01:09:47.377 [JavaFX Application Thread] DEBUG Input                - Clearing active input actions
01:09:47.385 [JavaFX Application Thread] DEBUG GameApplicationServi - Removing overlay from FXGLLoadingScene and adding to GameScene
01:09:47.387 [JavaFX Application Thread] DEBUG PrimaryStageWindow   - FXGLLoadingScene -> GameScene
01:09:49.762 [FXGL Background Thread 3 ] DEBUG Engine               - Logging environment variables
01:09:49.762 [FXGL Background Thread 3 ] DEBUG Engine               - achievements: []
01:09:49.763 [FXGL Background Thread 3 ] DEBUG Engine               - actualHeight: 864.0
01:09:49.763 [FXGL Background Thread 3 ] DEBUG Engine               - actualHeightProperty: ReadOnlyDoubleProperty [value: 864.0]
01:09:49.763 [FXGL Background Thread 3 ] DEBUG Engine               - actualWidth: 1536.0
01:09:49.763 [FXGL Background Thread 3 ] DEBUG Engine               - actualWidthProperty: ReadOnlyDoubleProperty [value: 1536.0]
01:09:49.763 [FXGL Background Thread 3 ] DEBUG Engine               - appIcon: fxgl_icon.png
01:09:49.763 [FXGL Background Thread 3 ] DEBUG Engine               - applicationMode: DEVELOPER
01:09:49.763 [FXGL Background Thread 3 ] DEBUG Engine               - cSSList: [fxgl_dark.css]
01:09:49.763 [FXGL Background Thread 3 ] DEBUG Engine               - collisionDetectionStrategy: BRUTE_FORCE
01:09:49.763 [FXGL Background Thread 3 ] DEBUG Engine               - configClass: Optional.empty
01:09:49.763 [FXGL Background Thread 3 ] DEBUG Engine               - credits: []
01:09:49.764 [FXGL Background Thread 3 ] DEBUG Engine               - defaultCursor: CursorInfo(imageName=fxgl_default_cursor.png, hotspotX=7.0, hotspotY=6.0)
01:09:49.765 [FXGL Background Thread 3 ] DEBUG Engine               - devBBoxColorProperty: ObjectProperty [value: 0xff0000ff]
01:09:49.765 [FXGL Background Thread 3 ] DEBUG Engine               - devEnableDebugCameraProperty: BooleanProperty [value: false]
01:09:49.765 [FXGL Background Thread 3 ] DEBUG Engine               - devSensorColorProperty: ObjectProperty [value: 0xffff00ff]
01:09:49.765 [FXGL Background Thread 3 ] DEBUG Engine               - devShowBBoxProperty: BooleanProperty [value: false]
01:09:49.765 [FXGL Background Thread 3 ] DEBUG Engine               - devShowPositionProperty: BooleanProperty [value: false]
01:09:49.765 [FXGL Background Thread 3 ] DEBUG Engine               - enabledMenuItems: []
01:09:49.765 [FXGL Background Thread 3 ] DEBUG Engine               - engineServices: [class com.almasb.fxgl.app.services.FXGLAssetLoaderService, class com.almasb.fxgl.app.FXGLApplication$GameApplicationService, class com.almasb.fxgl.app.services.FXGLDialogService, class com.almasb.fxgl.app.services.IOTaskExecutorService, class com.almasb.fxgl.io.FileSystemService, class com.almasb.fxgl.localization.LocalizationService, class com.almasb.fxgl.app.services.SystemBundleService, class com.almasb.fxgl.profile.SaveLoadService, class com.almasb.fxgl.ui.FXGLUIFactoryServiceProvider, class com.almasb.fxgl.ui.FXGLDialogFactoryServiceProvider, class com.almasb.fxgl.audio.AudioPlayer, class com.almasb.fxgl.notification.impl.NotificationServiceProvider, class com.almasb.fxgl.achievement.AchievementService, class com.almasb.fxgl.cutscene.CutsceneService, class com.almasb.fxgl.minigames.MiniGameService, class com.almasb.fxgl.net.NetService, class com.almasb.fxgl.app.services.UpdaterService, class com.almasb.fxgl.dev.DevService]
01:09:49.765 [FXGL Background Thread 3 ] DEBUG Engine               - fontGame: Abel-Regular.ttf
01:09:49.765 [FXGL Background Thread 3 ] DEBUG Engine               - fontMono: TerminalLandMono-Regular.otf
01:09:49.765 [FXGL Background Thread 3 ] DEBUG Engine               - fontSizeScaleUI: 1.0
01:09:49.765 [FXGL Background Thread 3 ] DEBUG Engine               - fontText: Courier-Prime.ttf
01:09:49.765 [FXGL Background Thread 3 ] DEBUG Engine               - fontUI: VarelaRound-Regular.ttf
01:09:49.766 [FXGL Background Thread 3 ] DEBUG Engine               - fullScreen: BooleanProperty [value: true]
01:09:49.766 [FXGL Background Thread 3 ] DEBUG Engine               - gameDifficulty: MEDIUM
01:09:49.766 [FXGL Background Thread 3 ] DEBUG Engine               - gameDifficultyProperty: ObjectProperty [value: MEDIUM]
01:09:49.766 [FXGL Background Thread 3 ] DEBUG Engine               - globalMusicVolume: 0.5
01:09:49.766 [FXGL Background Thread 3 ] DEBUG Engine               - globalMusicVolumeProperty: DoubleProperty [value: 0.5]
01:09:49.766 [FXGL Background Thread 3 ] DEBUG Engine               - globalSoundVolume: 0.5
01:09:49.766 [FXGL Background Thread 3 ] DEBUG Engine               - globalSoundVolumeProperty: DoubleProperty [value: 0.5]
01:09:49.766 [FXGL Background Thread 3 ] DEBUG Engine               - height: 720
01:09:49.767 [FXGL Background Thread 3 ] DEBUG Engine               - is3D: false
01:09:49.767 [FXGL Background Thread 3 ] DEBUG Engine               - isAndroid: false
01:09:49.767 [FXGL Background Thread 3 ] DEBUG Engine               - isBrowser: false
01:09:49.767 [FXGL Background Thread 3 ] DEBUG Engine               - isClickFeedbackEnabled: false
01:09:49.767 [FXGL Background Thread 3 ] DEBUG Engine               - isCloseConfirmation: false
01:09:49.767 [FXGL Background Thread 3 ] DEBUG Engine               - isDesktop: true
01:09:49.767 [FXGL Background Thread 3 ] DEBUG Engine               - isDeveloperMenuEnabled: false
01:09:49.767 [FXGL Background Thread 3 ] DEBUG Engine               - isEmbedded: false
01:09:49.767 [FXGL Background Thread 3 ] DEBUG Engine               - isEntityPreloadEnabled: true
01:09:49.767 [FXGL Background Thread 3 ] DEBUG Engine               - isExperimentalTiledLargeMap: false
01:09:49.767 [FXGL Background Thread 3 ] DEBUG Engine               - isFileSystemWriteAllowed: true
01:09:49.767 [FXGL Background Thread 3 ] DEBUG Engine               - isFullScreenAllowed: true
01:09:49.767 [FXGL Background Thread 3 ] DEBUG Engine               - isFullScreenFromStart: true
01:09:49.767 [FXGL Background Thread 3 ] DEBUG Engine               - isGameMenuEnabled: false
01:09:49.768 [FXGL Background Thread 3 ] DEBUG Engine               - isIOS: false
01:09:49.768 [FXGL Background Thread 3 ] DEBUG Engine               - isIntroEnabled: false
01:09:49.768 [FXGL Background Thread 3 ] DEBUG Engine               - isLinux: false
01:09:49.768 [FXGL Background Thread 3 ] DEBUG Engine               - isMac: false
01:09:49.768 [FXGL Background Thread 3 ] DEBUG Engine               - isMainMenuEnabled: false
01:09:49.768 [FXGL Background Thread 3 ] DEBUG Engine               - isManualResizeEnabled: true
01:09:49.768 [FXGL Background Thread 3 ] DEBUG Engine               - isMobile: false
01:09:49.768 [FXGL Background Thread 3 ] DEBUG Engine               - isNative: false
01:09:49.768 [FXGL Background Thread 3 ] DEBUG Engine               - isPauseMusicWhenMinimized: true
01:09:49.768 [FXGL Background Thread 3 ] DEBUG Engine               - isPreserveResizeRatio: true
01:09:49.768 [FXGL Background Thread 3 ] DEBUG Engine               - isProfilingEnabled: false
01:09:49.768 [FXGL Background Thread 3 ] DEBUG Engine               - isScaleAffectedOnResize: true
01:09:49.768 [FXGL Background Thread 3 ] DEBUG Engine               - isSingleStep: false
01:09:49.768 [FXGL Background Thread 3 ] DEBUG Engine               - isUserProfileEnabled: false
01:09:49.768 [FXGL Background Thread 3 ] DEBUG Engine               - isWindows: true
01:09:49.768 [FXGL Background Thread 3 ] DEBUG Engine               - language: ObjectProperty [value: ENGLISH]
01:09:49.769 [FXGL Background Thread 3 ] DEBUG Engine               - menuKey: ESCAPE
01:09:49.769 [FXGL Background Thread 3 ] DEBUG Engine               - mouseSensitivity: 0.2
01:09:49.769 [FXGL Background Thread 3 ] DEBUG Engine               - notificationViewClass: class com.almasb.fxgl.notification.view.XboxNotificationView
01:09:49.769 [FXGL Background Thread 3 ] DEBUG Engine               - pixelsPerMeter: 50.0
01:09:49.769 [FXGL Background Thread 3 ] DEBUG Engine               - platform: WINDOWS
01:09:49.769 [FXGL Background Thread 3 ] DEBUG Engine               - prefHeightProperty: ReadOnlyDoubleProperty [value: 720.0]
01:09:49.769 [FXGL Background Thread 3 ] DEBUG Engine               - prefWidthProperty: ReadOnlyDoubleProperty [value: 1280.0]
01:09:49.769 [FXGL Background Thread 3 ] DEBUG Engine               - profileDir: profiles/
01:09:49.769 [FXGL Background Thread 3 ] DEBUG Engine               - profileName: StringProperty [value: DEFAULT]
01:09:49.769 [FXGL Background Thread 3 ] DEBUG Engine               - randomSeed: -1
01:09:49.769 [FXGL Background Thread 3 ] DEBUG Engine               - runtimeInfo: RuntimeInfo(platform=WINDOWS, version=21.1, build=27.03.2024 07.52)
01:09:49.769 [FXGL Background Thread 3 ] DEBUG Engine               - saveFileExt: sav
01:09:49.769 [FXGL Background Thread 3 ] DEBUG Engine               - scaledHeightProp$fxgl: DoubleProperty [bound, value: 864.0]
01:09:49.769 [FXGL Background Thread 3 ] DEBUG Engine               - scaledWidthProp$fxgl: DoubleProperty [bound, value: 1536.0]
01:09:49.770 [FXGL Background Thread 3 ] DEBUG Engine               - sceneFactory: com.almasb.fxgl.app.scene.SceneFactory@64e94e32
01:09:49.770 [FXGL Background Thread 3 ] DEBUG Engine               - secondsIn24h: 60
01:09:49.770 [FXGL Background Thread 3 ] DEBUG Engine               - soundMenuBack: menu/back.wav
01:09:49.770 [FXGL Background Thread 3 ] DEBUG Engine               - soundMenuPress: menu/press.wav
01:09:49.770 [FXGL Background Thread 3 ] DEBUG Engine               - soundMenuSelect: menu/select.wav
01:09:49.770 [FXGL Background Thread 3 ] DEBUG Engine               - soundNotification: core/notification.wav
01:09:49.770 [FXGL Background Thread 3 ] DEBUG Engine               - stageStyle: DECORATED
01:09:49.770 [FXGL Background Thread 3 ] DEBUG Engine               - supportedLanguages: [ENGLISH, FRENCH, GERMAN, HUNGARIAN, RUSSIAN]
01:09:49.770 [FXGL Background Thread 3 ] DEBUG Engine               - ticksPerSecond: -1
01:09:49.770 [FXGL Background Thread 3 ] DEBUG Engine               - title: TypeWiz - Winter Theme
01:09:49.770 [FXGL Background Thread 3 ] DEBUG Engine               - urlGithub: https://github.com/AlmasB/FXGL
01:09:49.770 [FXGL Background Thread 3 ] DEBUG Engine               - urlLeaderboard: http://fxgl-top.herokuapp.com/
01:09:49.770 [FXGL Background Thread 3 ] DEBUG Engine               - urlPOM: https://raw.githubusercontent.com/AlmasB/FXGL/release/README.md
01:09:49.770 [FXGL Background Thread 3 ] DEBUG Engine               - userAppClass: class com.oop2.typewiz.GameplayComponents.Game
01:09:49.770 [FXGL Background Thread 3 ] DEBUG Engine               - version: 0.0
01:09:49.770 [FXGL Background Thread 3 ] DEBUG Engine               - versionCheckDays: 7
01:09:49.770 [FXGL Background Thread 3 ] DEBUG Engine               - width: 1280
01:09:49.770 [FXGL Background Thread 3 ] DEBUG Engine               - Logging services
01:09:49.770 [FXGL Background Thread 3 ] DEBUG Engine               - class com.almasb.fxgl.app.services.FXGLAssetLoaderService
01:09:49.770 [FXGL Background Thread 3 ] DEBUG Engine               - class com.almasb.fxgl.app.FXGLApplication$GameApplicationService
01:09:49.770 [FXGL Background Thread 3 ] DEBUG Engine               - class com.almasb.fxgl.app.services.FXGLDialogService
01:09:49.771 [FXGL Background Thread 3 ] DEBUG Engine               - class com.almasb.fxgl.app.services.IOTaskExecutorService
01:09:49.771 [FXGL Background Thread 3 ] DEBUG Engine               - class com.almasb.fxgl.io.FileSystemService
01:09:49.771 [FXGL Background Thread 3 ] DEBUG Engine               - class com.almasb.fxgl.localization.LocalizationService
01:09:49.771 [FXGL Background Thread 3 ] DEBUG Engine               - class com.almasb.fxgl.app.services.SystemBundleService
01:09:49.771 [FXGL Background Thread 3 ] DEBUG Engine               - class com.almasb.fxgl.profile.SaveLoadService
01:09:49.771 [FXGL Background Thread 3 ] DEBUG Engine               - class com.almasb.fxgl.ui.FXGLUIFactoryServiceProvider
01:09:49.772 [FXGL Background Thread 3 ] DEBUG Engine               - class com.almasb.fxgl.ui.FXGLDialogFactoryServiceProvider
01:09:49.772 [FXGL Background Thread 3 ] DEBUG Engine               - class com.almasb.fxgl.audio.AudioPlayer
01:09:49.772 [FXGL Background Thread 3 ] DEBUG Engine               - class com.almasb.fxgl.notification.impl.NotificationServiceProvider
01:09:49.772 [FXGL Background Thread 3 ] DEBUG Engine               - class com.almasb.fxgl.achievement.AchievementService
01:09:49.772 [FXGL Background Thread 3 ] DEBUG Engine               - class com.almasb.fxgl.cutscene.CutsceneService
01:09:49.772 [FXGL Background Thread 3 ] DEBUG Engine               - class com.almasb.fxgl.minigames.MiniGameService
01:09:49.772 [FXGL Background Thread 3 ] DEBUG Engine               - class com.almasb.fxgl.net.NetService
01:09:49.772 [FXGL Background Thread 3 ] DEBUG Engine               - class com.almasb.fxgl.app.services.UpdaterService
01:09:49.772 [FXGL Background Thread 3 ] DEBUG Engine               - class com.almasb.fxgl.dev.DevService
01:11:21.333 [JavaFX Application Thread] DEBUG FXGLApplication      - Exiting FXGL
01:11:21.333 [JavaFX Application Thread] DEBUG LoopRunner           - Stopping loop
01:11:21.333 [JavaFX Application Thread] DEBUG SystemBundleService  - Saving FXGL system data
01:11:21.336 [JavaFX Application Thread] DEBUG FileSystemAccess     - Writing to: C:\Users\Ruhmer Jairus\OOP2-Capstone\system\fxgl.bundle
01:11:21.338 [JavaFX Application Thread] DEBUG Async                - Shutting down background threads
01:11:21.338 [JavaFX Application Thread] DEBUG PrimaryStageWindow   - Closing main window
01:11:21.358 [JavaFX Application Thread] DEBUG Logger               - Closing Logger
