00:21:38.493 [main                     ] DEBUG Logger               - Configured Logger
00:21:38.560 [main                     ] DEBUG GameApplication      - Logging settings
Title: TypeWiz Login
Version: 0.0
Width: 1280
Height: 720
Fullscreen: true
Intro: false
Profiling: false
Single step:false
App Mode: DEVELOPER
Menu Key: ESCAPE
Stage Style: DECORATED
Scene Factory: class com.oop2.typewiz.util.CustomSceneFactory

00:21:39.526 [JavaFX Application Thread] DEBUG FXGLApplication      - Initializing FXGL
00:21:39.534 [JavaFX Application Thread] INFO  Engine               - FXGL-21.1 (27.03.2024 07.52) on MAC (J:23.0.1 FX:19)
00:21:39.534 [JavaFX Application Thread] DEBUG Engine               - JRE Vendor Name: Oracle Corporation
00:21:39.535 [JavaFX Application Thread] DEBUG Engine               - Running on OS: Mac OS X version 10.15.7
00:21:39.535 [JavaFX Application Thread] DEBUG Engine               - Architecture: x86_64
00:21:39.535 [JavaFX Application Thread] INFO  Engine               - Source code and latest versions at: https://github.com/AlmasB/FXGL
00:21:39.535 [JavaFX Application Thread] INFO  Engine               -       Ask questions and discuss at: https://github.com/AlmasB/FXGL/discussions
00:21:39.536 [JavaFX Application Thread] INFO  Engine               -              Join the FXGL chat at: https://gitter.im/AlmasB/FXGL
00:21:39.881 [JavaFX Application Thread] DEBUG PrimaryStageWindow   - Creating a JavaFX scene
00:21:40.110 [JavaFX Application Thread] DEBUG PrimaryStageWindow   - Target settings size: 1280.0 x 720.0
00:21:40.110 [JavaFX Application Thread] DEBUG PrimaryStageWindow   - Scaled scene size:    1280.0 x 720.0
00:21:40.111 [JavaFX Application Thread] DEBUG PrimaryStageWindow   - Scaled ratio: (1.0, 1.0)
00:21:40.113 [JavaFX Application Thread] DEBUG PrimaryStageWindow   - Set initial scene to FXGLStartupScene
00:21:40.125 [JavaFX Application Thread] DEBUG PrimaryStageWindow   - Opening main window
00:21:40.730 [JavaFX Application Thread] DEBUG PrimaryStageWindow   - Window border size: (0.0, 22.0)
00:21:40.731 [JavaFX Application Thread] DEBUG PrimaryStageWindow   - Scaled size: 1280.0 x 720.0
00:21:40.731 [JavaFX Application Thread] DEBUG PrimaryStageWindow   - Scaled ratio: (1.0, 1.0)
00:21:40.732 [JavaFX Application Thread] DEBUG PrimaryStageWindow   - Scene size: 1280.0 x 720.0
00:21:40.732 [JavaFX Application Thread] DEBUG PrimaryStageWindow   - Stage size: 1280.0 x 742.0
00:21:41.592 [JavaFX Application Thread] DEBUG PrimaryStageWindow   - Going fullscreen
00:21:41.604 [FXGL Background Thread 1 ] DEBUG Engine               - Initializing environment variables
00:21:41.867 [FXGL Background Thread 1 ] DEBUG FXGLAssetLoaderServi - User app class for loading assets: class com.oop2.typewiz.TypeWizApp
00:21:41.867 [FXGL Background Thread 1 ] DEBUG GameApplicationServi - Applying CSS: fxgl_dark.css
00:21:41.868 [FXGL Background Thread 1 ] DEBUG FXGLAssetLoaderServi - Loading from file system: jar:file:///Users/archiecabiso/.m2/repository/com/github/almasb/fxgl/21.1/fxgl-21.1.jar!/fxglassets/ui/css/fxgl_dark.css
00:21:42.070 [FXGL Background Thread 1 ] DEBUG GameApplicationServi - Initializing application scenes
00:21:43.874 [FXGL Background Thread 1 ] DEBUG GameWorld            - Game world initialized
00:21:44.061 [FXGL Background Thread 1 ] DEBUG PhysicsWorld         - Physics world initialized: appHeight=720, physics.ppm=50.0
00:21:44.062 [FXGL Background Thread 1 ] DEBUG PhysicsWorld         - Using strategy: BRUTE_FORCE
00:21:44.088 [FXGL Background Thread 1 ] DEBUG GameScene            - Game scene initialized: 1280x720
00:21:44.751 [FXGL Background Thread 1 ] DEBUG GameApplicationServi - Application scenes initialized
00:21:44.769 [FXGL Background Thread 1 ] DEBUG SystemBundleService  - Loading FXGL system data
00:21:44.775 [FXGL Background Thread 1 ] DEBUG FileSystemAccess     - Reading from: /Users/archiecabiso/Documents/2nd Year - CS/2nd Sem/CSIT228/OOP2-Capstone/system/fxgl.bundle
00:21:44.787 [FXGL Background Thread 1 ] DEBUG SystemBundleService  - Bundle FXGL: {}
00:21:44.788 [FXGL Background Thread 1 ] DEBUG UpdaterService       - Checking for updates
00:21:44.795 [FXGL Background Thread 4 ] DEBUG FXGLApplication      - Loading fonts
00:21:44.795 [FXGL Background Thread 4 ] DEBUG FXGLAssetLoaderServi - Loading from file system: jar:file:///Users/archiecabiso/.m2/repository/com/github/almasb/fxgl/21.1/fxgl-21.1.jar!/fxglassets/ui/fonts/VarelaRound-Regular.ttf
00:21:44.796 [FXGL Background Thread 1 ] DEBUG FXGLApplication      - Loading default localization
00:21:44.797 [FXGL Background Thread 1 ] DEBUG FXGLAssetLoaderServi - Loading from file system: jar:file:///Users/archiecabiso/.m2/repository/com/github/almasb/fxgl/21.1/fxgl-21.1.jar!/fxglassets/languages/english.lang
00:21:44.817 [FXGL Background Thread 4 ] DEBUG FXGLAssetLoaderServi - Loading from file system: jar:file:///Users/archiecabiso/.m2/repository/com/github/almasb/fxgl/21.1/fxgl-21.1.jar!/fxglassets/ui/fonts/Abel-Regular.ttf
00:21:44.821 [FXGL Background Thread 4 ] DEBUG FXGLAssetLoaderServi - Loading from file system: jar:file:///Users/archiecabiso/.m2/repository/com/github/almasb/fxgl/21.1/fxgl-21.1.jar!/fxglassets/ui/fonts/TerminalLandMono-Regular.otf
00:21:44.825 [FXGL Background Thread 4 ] DEBUG FXGLAssetLoaderServi - Loading from file system: jar:file:///Users/archiecabiso/.m2/repository/com/github/almasb/fxgl/21.1/fxgl-21.1.jar!/fxglassets/ui/fonts/Courier-Prime.ttf
00:21:44.833 [JavaFX Application Thread] DEBUG FXGLApplication      - Registering font factories with UI factory
00:21:44.845 [FXGL Background Thread 1 ] INFO  FXGLApplication      - FXGL initialization took: 3.242 sec
00:21:44.847 [JavaFX Application Thread] DEBUG FXGLAssetLoaderServi - Loading from file system: jar:file:///Users/archiecabiso/.m2/repository/com/github/almasb/fxgl/21.1/fxgl-21.1.jar!/fxglassets/textures/fxgl_icon.png
00:21:44.882 [JavaFX Application Thread] DEBUG FXGLAssetLoaderServi - Loading from file system: jar:file:///Users/archiecabiso/.m2/repository/com/github/almasb/fxgl/21.1/fxgl-21.1.jar!/fxglassets/textures/fxgl_default_cursor.png
00:21:44.899 [JavaFX Application Thread] DEBUG Input                - Registered new binding: Screenshot - CTRL+8
00:21:44.900 [JavaFX Application Thread] DEBUG Input                - Registered new binding: System info dump - CTRL+9
00:21:44.901 [JavaFX Application Thread] DEBUG Input                - Registered new binding: Restart - CTRL+R
00:21:44.902 [JavaFX Application Thread] DEBUG Input                - Registered new binding: Toggle Debug Camera - CTRL+7
00:21:44.905 [JavaFX Application Thread] DEBUG LoopRunner           - Starting loop
00:21:44.906 [JavaFX Application Thread] DEBUG LoopRunner           - Initializing JavaFX AnimationTimerLoop
00:21:44.910 [JavaFX Application Thread] DEBUG Input                - Clearing active input actions
00:21:44.924 [JavaFX Application Thread] DEBUG GameApplicationServi - Removing overlay from FXGLStartupScene and adding to FXGLMainMenuDummyScene
00:21:44.925 [JavaFX Application Thread] DEBUG PrimaryStageWindow   - FXGLStartupScene -> FXGLMainMenuDummyScene
00:21:44.925 [JavaFX Application Thread] DEBUG PrimaryStageWindow   - Push state: LoginScreen
00:21:44.926 [JavaFX Application Thread] DEBUG Input                - Clearing active input actions
00:21:44.951 [JavaFX Application Thread] DEBUG GameApplicationServi - Removing overlay from FXGLMainMenuDummyScene and adding to LoginScreen
00:21:44.952 [JavaFX Application Thread] DEBUG PrimaryStageWindow   - FXGLMainMenuDummyScene -> LoginScreen
00:21:47.301 [JavaFX Application Thread] DEBUG FXGLAssetLoaderServi - Loading from file system: file:/Users/archiecabiso/Documents/2nd%20Year%20-%20CS/2nd%20Sem/CSIT228/OOP2-Capstone/target/classes/assets/sounds/sound-library/hover.wav
00:21:47.798 [FXGL Background Thread 3 ] DEBUG Engine               - Logging environment variables
00:21:47.798 [FXGL Background Thread 3 ] DEBUG Engine               - achievements: []
00:21:47.799 [FXGL Background Thread 3 ] DEBUG Engine               - actualHeight: 800.0
00:21:47.799 [FXGL Background Thread 3 ] DEBUG Engine               - actualHeightProperty: ReadOnlyDoubleProperty [value: 800.0]
00:21:47.799 [FXGL Background Thread 3 ] DEBUG Engine               - actualWidth: 1280.0
00:21:47.799 [FXGL Background Thread 3 ] DEBUG Engine               - actualWidthProperty: ReadOnlyDoubleProperty [value: 1280.0]
00:21:47.799 [FXGL Background Thread 3 ] DEBUG Engine               - appIcon: fxgl_icon.png
00:21:47.799 [FXGL Background Thread 3 ] DEBUG Engine               - applicationMode: DEVELOPER
00:21:47.799 [FXGL Background Thread 3 ] DEBUG Engine               - cSSList: [fxgl_dark.css]
00:21:47.799 [FXGL Background Thread 3 ] DEBUG Engine               - collisionDetectionStrategy: BRUTE_FORCE
00:21:47.799 [FXGL Background Thread 3 ] DEBUG Engine               - configClass: Optional.empty
00:21:47.799 [FXGL Background Thread 3 ] DEBUG Engine               - credits: []
00:21:47.802 [FXGL Background Thread 3 ] DEBUG Engine               - defaultCursor: CursorInfo(imageName=fxgl_default_cursor.png, hotspotX=7.0, hotspotY=6.0)
00:21:47.802 [FXGL Background Thread 3 ] DEBUG Engine               - devBBoxColorProperty: ObjectProperty [value: 0xff0000ff]
00:21:47.802 [FXGL Background Thread 3 ] DEBUG Engine               - devEnableDebugCameraProperty: BooleanProperty [value: false]
00:21:47.802 [FXGL Background Thread 3 ] DEBUG Engine               - devSensorColorProperty: ObjectProperty [value: 0xffff00ff]
00:21:47.802 [FXGL Background Thread 3 ] DEBUG Engine               - devShowBBoxProperty: BooleanProperty [value: false]
00:21:47.802 [FXGL Background Thread 3 ] DEBUG Engine               - devShowPositionProperty: BooleanProperty [value: false]
00:21:47.802 [FXGL Background Thread 3 ] DEBUG Engine               - enabledMenuItems: []
00:21:47.803 [FXGL Background Thread 3 ] DEBUG Engine               - engineServices: [class com.almasb.fxgl.app.services.FXGLAssetLoaderService, class com.almasb.fxgl.app.FXGLApplication$GameApplicationService, class com.almasb.fxgl.app.services.FXGLDialogService, class com.almasb.fxgl.app.services.IOTaskExecutorService, class com.almasb.fxgl.io.FileSystemService, class com.almasb.fxgl.localization.LocalizationService, class com.almasb.fxgl.app.services.SystemBundleService, class com.almasb.fxgl.profile.SaveLoadService, class com.almasb.fxgl.ui.FXGLUIFactoryServiceProvider, class com.almasb.fxgl.ui.FXGLDialogFactoryServiceProvider, class com.almasb.fxgl.audio.AudioPlayer, class com.almasb.fxgl.notification.impl.NotificationServiceProvider, class com.almasb.fxgl.achievement.AchievementService, class com.almasb.fxgl.cutscene.CutsceneService, class com.almasb.fxgl.minigames.MiniGameService, class com.almasb.fxgl.net.NetService, class com.almasb.fxgl.app.services.UpdaterService, class com.almasb.fxgl.dev.DevService]
00:21:47.803 [FXGL Background Thread 3 ] DEBUG Engine               - fontGame: Abel-Regular.ttf
00:21:47.803 [FXGL Background Thread 3 ] DEBUG Engine               - fontMono: TerminalLandMono-Regular.otf
00:21:47.803 [FXGL Background Thread 3 ] DEBUG Engine               - fontSizeScaleUI: 1.0
00:21:47.803 [FXGL Background Thread 3 ] DEBUG Engine               - fontText: Courier-Prime.ttf
00:21:47.803 [FXGL Background Thread 3 ] DEBUG Engine               - fontUI: VarelaRound-Regular.ttf
00:21:47.803 [FXGL Background Thread 3 ] DEBUG Engine               - fullScreen: BooleanProperty [value: true]
00:21:47.803 [FXGL Background Thread 3 ] DEBUG Engine               - gameDifficulty: MEDIUM
00:21:47.803 [FXGL Background Thread 3 ] DEBUG Engine               - gameDifficultyProperty: ObjectProperty [value: MEDIUM]
00:21:47.804 [FXGL Background Thread 3 ] DEBUG Engine               - globalMusicVolume: 0.5
00:21:47.804 [FXGL Background Thread 3 ] DEBUG Engine               - globalMusicVolumeProperty: DoubleProperty [value: 0.5]
00:21:47.804 [FXGL Background Thread 3 ] DEBUG Engine               - globalSoundVolume: 0.5
00:21:47.804 [FXGL Background Thread 3 ] DEBUG Engine               - globalSoundVolumeProperty: DoubleProperty [value: 0.5]
00:21:47.804 [FXGL Background Thread 3 ] DEBUG Engine               - height: 720
00:21:47.804 [FXGL Background Thread 3 ] DEBUG Engine               - is3D: false
00:21:47.804 [FXGL Background Thread 3 ] DEBUG Engine               - isAndroid: false
00:21:47.804 [FXGL Background Thread 3 ] DEBUG Engine               - isBrowser: false
00:21:47.804 [FXGL Background Thread 3 ] DEBUG Engine               - isClickFeedbackEnabled: false
00:21:47.804 [FXGL Background Thread 3 ] DEBUG Engine               - isCloseConfirmation: false
00:21:47.805 [FXGL Background Thread 3 ] DEBUG Engine               - isDesktop: true
00:21:47.805 [FXGL Background Thread 3 ] DEBUG Engine               - isDeveloperMenuEnabled: false
00:21:47.805 [FXGL Background Thread 3 ] DEBUG Engine               - isEmbedded: false
00:21:47.805 [FXGL Background Thread 3 ] DEBUG Engine               - isEntityPreloadEnabled: true
00:21:47.805 [FXGL Background Thread 3 ] DEBUG Engine               - isExperimentalTiledLargeMap: false
00:21:47.805 [FXGL Background Thread 3 ] DEBUG Engine               - isFileSystemWriteAllowed: true
00:21:47.805 [FXGL Background Thread 3 ] DEBUG Engine               - isFullScreenAllowed: true
00:21:47.805 [FXGL Background Thread 3 ] DEBUG Engine               - isFullScreenFromStart: true
00:21:47.805 [FXGL Background Thread 3 ] DEBUG Engine               - isGameMenuEnabled: false
00:21:47.805 [FXGL Background Thread 3 ] DEBUG Engine               - isIOS: false
00:21:47.805 [FXGL Background Thread 3 ] DEBUG Engine               - isIntroEnabled: false
00:21:47.805 [FXGL Background Thread 3 ] DEBUG Engine               - isLinux: false
00:21:47.806 [FXGL Background Thread 3 ] DEBUG Engine               - isMac: true
00:21:47.806 [FXGL Background Thread 3 ] DEBUG Engine               - isMainMenuEnabled: true
00:21:47.806 [FXGL Background Thread 3 ] DEBUG Engine               - isManualResizeEnabled: false
00:21:47.806 [FXGL Background Thread 3 ] DEBUG Engine               - isMobile: false
00:21:47.806 [FXGL Background Thread 3 ] DEBUG Engine               - isNative: false
00:21:47.806 [FXGL Background Thread 3 ] DEBUG Engine               - isPauseMusicWhenMinimized: true
00:21:47.806 [FXGL Background Thread 3 ] DEBUG Engine               - isPreserveResizeRatio: false
00:21:47.806 [FXGL Background Thread 3 ] DEBUG Engine               - isProfilingEnabled: false
00:21:47.806 [FXGL Background Thread 3 ] DEBUG Engine               - isScaleAffectedOnResize: true
00:21:47.806 [FXGL Background Thread 3 ] DEBUG Engine               - isSingleStep: false
00:21:47.806 [FXGL Background Thread 3 ] DEBUG Engine               - isUserProfileEnabled: false
00:21:47.806 [FXGL Background Thread 3 ] DEBUG Engine               - isWindows: false
00:21:47.807 [FXGL Background Thread 3 ] DEBUG Engine               - language: ObjectProperty [value: ENGLISH]
00:21:47.807 [FXGL Background Thread 3 ] DEBUG Engine               - menuKey: ESCAPE
00:21:47.807 [FXGL Background Thread 3 ] DEBUG Engine               - mouseSensitivity: 0.2
00:21:47.807 [FXGL Background Thread 3 ] DEBUG Engine               - notificationViewClass: class com.almasb.fxgl.notification.view.XboxNotificationView
00:21:47.807 [FXGL Background Thread 3 ] DEBUG Engine               - pixelsPerMeter: 50.0
00:21:47.807 [FXGL Background Thread 3 ] DEBUG Engine               - platform: MAC
00:21:47.807 [FXGL Background Thread 3 ] DEBUG Engine               - prefHeightProperty: ReadOnlyDoubleProperty [value: 720.0]
00:21:47.807 [FXGL Background Thread 3 ] DEBUG Engine               - prefWidthProperty: ReadOnlyDoubleProperty [value: 1280.0]
00:21:47.808 [FXGL Background Thread 3 ] DEBUG Engine               - profileDir: profiles/
00:21:47.808 [FXGL Background Thread 3 ] DEBUG Engine               - profileName: StringProperty [value: DEFAULT]
00:21:47.808 [FXGL Background Thread 3 ] DEBUG Engine               - randomSeed: -1
00:21:47.808 [FXGL Background Thread 3 ] DEBUG Engine               - runtimeInfo: RuntimeInfo(platform=MAC, version=21.1, build=27.03.2024 07.52)
00:21:47.808 [FXGL Background Thread 3 ] DEBUG Engine               - saveFileExt: sav
00:21:47.808 [FXGL Background Thread 3 ] DEBUG Engine               - scaledHeightProp$fxgl: DoubleProperty [bound, value: 800.0]
00:21:47.808 [FXGL Background Thread 3 ] DEBUG Engine               - scaledWidthProp$fxgl: DoubleProperty [bound, value: 1280.0]
00:21:47.808 [FXGL Background Thread 3 ] DEBUG Engine               - sceneFactory: com.oop2.typewiz.util.CustomSceneFactory@5e5a2412
00:21:47.808 [FXGL Background Thread 3 ] DEBUG Engine               - secondsIn24h: 60
00:21:47.808 [FXGL Background Thread 3 ] DEBUG Engine               - soundMenuBack: menu/back.wav
00:21:47.808 [FXGL Background Thread 3 ] DEBUG Engine               - soundMenuPress: menu/press.wav
00:21:47.809 [FXGL Background Thread 3 ] DEBUG Engine               - soundMenuSelect: menu/select.wav
00:21:47.809 [FXGL Background Thread 3 ] DEBUG Engine               - soundNotification: core/notification.wav
00:21:47.809 [FXGL Background Thread 3 ] DEBUG Engine               - stageStyle: DECORATED
00:21:47.809 [FXGL Background Thread 3 ] DEBUG Engine               - supportedLanguages: [ENGLISH, FRENCH, GERMAN, HUNGARIAN, RUSSIAN]
00:21:47.809 [FXGL Background Thread 3 ] DEBUG Engine               - ticksPerSecond: -1
00:21:47.809 [FXGL Background Thread 3 ] DEBUG Engine               - title: TypeWiz Login
00:21:47.809 [FXGL Background Thread 3 ] DEBUG Engine               - urlGithub: https://github.com/AlmasB/FXGL
00:21:47.809 [FXGL Background Thread 3 ] DEBUG Engine               - urlLeaderboard: http://fxgl-top.herokuapp.com/
00:21:47.809 [FXGL Background Thread 3 ] DEBUG Engine               - urlPOM: https://raw.githubusercontent.com/AlmasB/FXGL/release/README.md
00:21:47.809 [FXGL Background Thread 3 ] DEBUG Engine               - userAppClass: class com.oop2.typewiz.TypeWizApp
00:21:47.809 [FXGL Background Thread 3 ] DEBUG Engine               - version: 0.0
00:21:47.809 [FXGL Background Thread 3 ] DEBUG Engine               - versionCheckDays: 7
00:21:47.809 [FXGL Background Thread 3 ] DEBUG Engine               - width: 1280
00:21:47.809 [FXGL Background Thread 3 ] DEBUG Engine               - Logging services
00:21:47.810 [FXGL Background Thread 3 ] DEBUG Engine               - class com.almasb.fxgl.app.services.FXGLAssetLoaderService
00:21:47.810 [FXGL Background Thread 3 ] DEBUG Engine               - class com.almasb.fxgl.app.FXGLApplication$GameApplicationService
00:21:47.810 [FXGL Background Thread 3 ] DEBUG Engine               - class com.almasb.fxgl.app.services.FXGLDialogService
00:21:47.810 [FXGL Background Thread 3 ] DEBUG Engine               - class com.almasb.fxgl.app.services.IOTaskExecutorService
00:21:47.810 [FXGL Background Thread 3 ] DEBUG Engine               - class com.almasb.fxgl.io.FileSystemService
00:21:47.810 [FXGL Background Thread 3 ] DEBUG Engine               - class com.almasb.fxgl.localization.LocalizationService
00:21:47.810 [FXGL Background Thread 3 ] DEBUG Engine               - class com.almasb.fxgl.app.services.SystemBundleService
00:21:47.810 [FXGL Background Thread 3 ] DEBUG Engine               - class com.almasb.fxgl.profile.SaveLoadService
00:21:47.810 [FXGL Background Thread 3 ] DEBUG Engine               - class com.almasb.fxgl.ui.FXGLUIFactoryServiceProvider
00:21:47.810 [FXGL Background Thread 3 ] DEBUG Engine               - class com.almasb.fxgl.ui.FXGLDialogFactoryServiceProvider
00:21:47.811 [FXGL Background Thread 3 ] DEBUG Engine               - class com.almasb.fxgl.audio.AudioPlayer
00:21:47.811 [FXGL Background Thread 3 ] DEBUG Engine               - class com.almasb.fxgl.notification.impl.NotificationServiceProvider
00:21:47.811 [FXGL Background Thread 3 ] DEBUG Engine               - class com.almasb.fxgl.achievement.AchievementService
00:21:47.811 [FXGL Background Thread 3 ] DEBUG Engine               - class com.almasb.fxgl.cutscene.CutsceneService
00:21:47.811 [FXGL Background Thread 3 ] DEBUG Engine               - class com.almasb.fxgl.minigames.MiniGameService
00:21:47.811 [FXGL Background Thread 3 ] DEBUG Engine               - class com.almasb.fxgl.net.NetService
00:21:47.811 [FXGL Background Thread 3 ] DEBUG Engine               - class com.almasb.fxgl.app.services.UpdaterService
00:21:47.811 [FXGL Background Thread 3 ] DEBUG Engine               - class com.almasb.fxgl.dev.DevService
00:21:50.176 [JavaFX Application Thread] DEBUG FXGLAssetLoaderServi - Loading from file system: file:/Users/archiecabiso/Documents/2nd%20Year%20-%20CS/2nd%20Sem/CSIT228/OOP2-Capstone/target/classes/assets/sounds/sound-library/click.wav
00:21:50.269 [JavaFX Application Thread] DEBUG PrimaryStageWindow   - Push state: LoadingScreen
00:21:50.270 [JavaFX Application Thread] DEBUG Input                - Clearing active input actions
00:21:50.271 [JavaFX Application Thread] DEBUG GameApplicationServi - Removing overlay from LoginScreen and adding to LoadingScreen
00:21:50.271 [JavaFX Application Thread] DEBUG PrimaryStageWindow   - LoginScreen -> LoadingScreen
00:21:50.272 [JavaFX Application Thread] DEBUG FXGLAssetLoaderServi - Loading from file system: file:/Users/archiecabiso/Documents/2nd%20Year%20-%20CS/2nd%20Sem/CSIT228/OOP2-Capstone/target/classes/assets/textures/magicbook.png
00:21:50.276 [JavaFX Application Thread] DEBUG FXGLAssetLoaderServi - Loading from file system: file:/Users/archiecabiso/Documents/2nd%20Year%20-%20CS/2nd%20Sem/CSIT228/OOP2-Capstone/target/classes/assets/textures/magicbook_hover.png
00:21:53.297 [JavaFX Application Thread] DEBUG FXGLAssetLoaderServi - Loading from file system: file:/Users/archiecabiso/Documents/2nd%20Year%20-%20CS/2nd%20Sem/CSIT228/OOP2-Capstone/target/classes/assets/music/bgm.mp3
00:21:53.320 [JavaFX Application Thread] DEBUG AudioPlayer          - Playing music com.almasb.fxgl.audio.Music@192f86e9
00:21:53.320 [JavaFX Application Thread] DEBUG PrimaryStageWindow   - Push state: MainMenuScreen
00:21:53.320 [JavaFX Application Thread] DEBUG Input                - Clearing active input actions
00:21:53.322 [JavaFX Application Thread] DEBUG GameApplicationServi - Removing overlay from LoadingScreen and adding to MainMenuScreen
00:21:53.322 [JavaFX Application Thread] DEBUG PrimaryStageWindow   - LoadingScreen -> MainMenuScreen
00:22:28.140 [JavaFX Application Thread] DEBUG FXGLApplication      - Exiting FXGL
00:22:28.140 [JavaFX Application Thread] DEBUG LoopRunner           - Stopping loop
00:22:28.140 [JavaFX Application Thread] DEBUG SystemBundleService  - Saving FXGL system data
00:22:28.146 [JavaFX Application Thread] DEBUG FileSystemAccess     - Writing to: /Users/archiecabiso/Documents/2nd Year - CS/2nd Sem/CSIT228/OOP2-Capstone/system/fxgl.bundle
00:22:28.160 [JavaFX Application Thread] DEBUG Async                - Shutting down background threads
00:22:28.160 [JavaFX Application Thread] DEBUG PrimaryStageWindow   - Closing main window
00:22:28.907 [JavaFX Application Thread] DEBUG Logger               - Closing Logger
