18:03:20.313 [main                     ] DEBUG Logger               - Configured Logger
18:03:20.336 [main                     ] DEBUG GameApplication      - Logging settings
Title: TypeWiz - Winter Theme
Version: 0.0
Width: 1280
Height: 720
Fullscreen: true
Intro: false
Profiling: false
Single step:false
App Mode: DEVELOPER
Menu Key: ESCAPE
Stage Style: DECORATED
Scene Factory: class com.almasb.fxgl.app.scene.SceneFactory

18:03:20.590 [JavaFX Application Thread] DEBUG FXGLApplication      - Initializing FXGL
18:03:20.592 [JavaFX Application Thread] INFO  Engine               - FXGL-21.1 (27.03.2024 07.52) on WINDOWS (J:21.0.3 FX:19)
18:03:20.594 [JavaFX Application Thread] DEBUG Engine               - JRE Vendor Name: Oracle Corporation
18:03:20.594 [JavaFX Application Thread] DEBUG Engine               - Running on OS: Windows 11 version 10.0
18:03:20.594 [JavaFX Application Thread] DEBUG Engine               - Architecture: amd64
18:03:20.594 [JavaFX Application Thread] INFO  Engine               - Source code and latest versions at: https://github.com/AlmasB/FXGL
18:03:20.595 [JavaFX Application Thread] INFO  Engine               -       Ask questions and discuss at: https://github.com/AlmasB/FXGL/discussions
18:03:20.595 [JavaFX Application Thread] INFO  Engine               -              Join the FXGL chat at: https://gitter.im/AlmasB/FXGL
18:03:20.658 [JavaFX Application Thread] DEBUG PrimaryStageWindow   - Creating a JavaFX scene
18:03:20.692 [JavaFX Application Thread] DEBUG PrimaryStageWindow   - Target settings size: 1280.0 x 720.0
18:03:20.692 [JavaFX Application Thread] DEBUG PrimaryStageWindow   - Scaled scene size:    1280.0 x 720.0
18:03:20.692 [JavaFX Application Thread] DEBUG PrimaryStageWindow   - Scaled ratio: (1.0, 1.0)
18:03:20.693 [JavaFX Application Thread] DEBUG PrimaryStageWindow   - Set initial scene to FXGLStartupScene
18:03:20.696 [JavaFX Application Thread] DEBUG PrimaryStageWindow   - Opening main window
18:03:20.757 [JavaFX Application Thread] DEBUG PrimaryStageWindow   - Window border size: (14.4000244140625, 37.5999755859375)
18:03:20.758 [JavaFX Application Thread] DEBUG PrimaryStageWindow   - Scaled size: 1280.0 x 720.0
18:03:20.758 [JavaFX Application Thread] DEBUG PrimaryStageWindow   - Scaled ratio: (1.0, 1.0)
18:03:20.758 [JavaFX Application Thread] DEBUG PrimaryStageWindow   - Scene size: 1280.0 x 720.0
18:03:20.758 [JavaFX Application Thread] DEBUG PrimaryStageWindow   - Stage size: 1294.4000244140625 x 757.5999755859375
18:03:20.817 [JavaFX Application Thread] DEBUG PrimaryStageWindow   - Going fullscreen
18:03:20.832 [FXGL Background Thread 1 ] DEBUG Engine               - Initializing environment variables
18:03:20.895 [FXGL Background Thread 1 ] DEBUG FXGLAssetLoaderServi - User app class for loading assets: class com.oop2.typewiz.GameplayComponents.Game
18:03:20.896 [FXGL Background Thread 1 ] DEBUG GameApplicationServi - Applying CSS: fxgl_dark.css
18:03:20.897 [FXGL Background Thread 1 ] DEBUG FXGLAssetLoaderServi - Loading from file system: jar:file:///C:/Users/Ruhmer%20Jairus/.m2/repository/com/github/almasb/fxgl/21.1/fxgl-21.1.jar!/fxglassets/ui/css/fxgl_dark.css
18:03:20.950 [FXGL Background Thread 1 ] DEBUG GameApplicationServi - Initializing application scenes
18:03:21.014 [FXGL Background Thread 1 ] DEBUG GameWorld            - Game world initialized
18:03:21.073 [FXGL Background Thread 1 ] DEBUG PhysicsWorld         - Physics world initialized: appHeight=720, physics.ppm=50.0
18:03:21.073 [FXGL Background Thread 1 ] DEBUG PhysicsWorld         - Using strategy: BRUTE_FORCE
18:03:21.077 [FXGL Background Thread 1 ] DEBUG GameScene            - Game scene initialized: 1280x720
18:03:21.077 [FXGL Background Thread 1 ] DEBUG GameApplicationServi - Application scenes initialized
18:03:21.089 [FXGL Background Thread 1 ] DEBUG SystemBundleService  - Loading FXGL system data
18:03:21.093 [FXGL Background Thread 1 ] DEBUG FileSystemAccess     - Reading from: C:\Users\Ruhmer Jairus\OOP2-Capstone\system\fxgl.bundle
18:03:21.099 [FXGL Background Thread 1 ] DEBUG SystemBundleService  - Bundle FXGL: {}
18:03:21.099 [FXGL Background Thread 1 ] DEBUG UpdaterService       - Checking for updates
18:03:21.103 [FXGL Background Thread 4 ] DEBUG FXGLApplication      - Loading fonts
18:03:21.103 [FXGL Background Thread 4 ] DEBUG FXGLAssetLoaderServi - Loading from file system: jar:file:///C:/Users/Ruhmer%20Jairus/.m2/repository/com/github/almasb/fxgl/21.1/fxgl-21.1.jar!/fxglassets/ui/fonts/VarelaRound-Regular.ttf
18:03:21.103 [FXGL Background Thread 1 ] DEBUG FXGLApplication      - Loading default localization
18:03:21.104 [FXGL Background Thread 1 ] DEBUG FXGLAssetLoaderServi - Loading from file system: jar:file:///C:/Users/Ruhmer%20Jairus/.m2/repository/com/github/almasb/fxgl/21.1/fxgl-21.1.jar!/fxglassets/languages/english.lang
18:03:21.132 [FXGL Background Thread 4 ] DEBUG FXGLAssetLoaderServi - Loading from file system: jar:file:///C:/Users/Ruhmer%20Jairus/.m2/repository/com/github/almasb/fxgl/21.1/fxgl-21.1.jar!/fxglassets/ui/fonts/Abel-Regular.ttf
18:03:21.135 [FXGL Background Thread 4 ] DEBUG FXGLAssetLoaderServi - Loading from file system: jar:file:///C:/Users/Ruhmer%20Jairus/.m2/repository/com/github/almasb/fxgl/21.1/fxgl-21.1.jar!/fxglassets/ui/fonts/TerminalLandMono-Regular.otf
18:03:21.139 [FXGL Background Thread 4 ] DEBUG FXGLAssetLoaderServi - Loading from file system: jar:file:///C:/Users/Ruhmer%20Jairus/.m2/repository/com/github/almasb/fxgl/21.1/fxgl-21.1.jar!/fxglassets/ui/fonts/Courier-Prime.ttf
18:03:21.139 [FXGL Background Thread 1 ] INFO  FXGLApplication      - FXGL initialization took: 0.307 sec
18:03:21.140 [JavaFX Application Thread] DEBUG FXGLAssetLoaderServi - Loading from file system: jar:file:///C:/Users/Ruhmer%20Jairus/.m2/repository/com/github/almasb/fxgl/21.1/fxgl-21.1.jar!/fxglassets/textures/fxgl_icon.png
18:03:21.170 [JavaFX Application Thread] DEBUG FXGLAssetLoaderServi - Loading from file system: jar:file:///C:/Users/Ruhmer%20Jairus/.m2/repository/com/github/almasb/fxgl/21.1/fxgl-21.1.jar!/fxglassets/textures/fxgl_default_cursor.png
18:03:21.180 [JavaFX Application Thread] DEBUG Input                - Registered new binding: Screenshot - CTRL+8
18:03:21.180 [JavaFX Application Thread] DEBUG Input                - Registered new binding: System info dump - CTRL+9
18:03:21.181 [JavaFX Application Thread] DEBUG Input                - Registered new binding: Restart - CTRL+R
18:03:21.182 [JavaFX Application Thread] DEBUG Input                - Registered new binding: Toggle Debug Camera - CTRL+7
18:03:21.186 [JavaFX Application Thread] DEBUG LoopRunner           - Starting loop
18:03:21.186 [JavaFX Application Thread] DEBUG LoopRunner           - Initializing JavaFX AnimationTimerLoop
18:03:21.190 [JavaFX Application Thread] DEBUG GameApplicationServi - Starting new game
18:03:21.191 [JavaFX Application Thread] DEBUG Input                - Clearing active input actions
18:03:21.205 [JavaFX Application Thread] DEBUG GameApplicationServi - Removing overlay from FXGLStartupScene and adding to FXGLLoadingScene
18:03:21.205 [JavaFX Application Thread] DEBUG PrimaryStageWindow   - FXGLStartupScene -> FXGLLoadingScene
18:03:21.205 [JavaFX Application Thread] DEBUG GameApplicationServi - Clearing previous game
18:03:21.205 [JavaFX Application Thread] DEBUG GameScene            - Clearing game scene
18:03:21.205 [JavaFX Application Thread] DEBUG GameWorld            - Clearing game world
18:03:21.205 [JavaFX Application Thread] DEBUG PhysicsWorld         - Clearing physics world
18:03:21.209 [FXGL Background Thread 4 ] DEBUG FXGLApplication      - Initializing game
18:03:21.209 [JavaFX Application Thread] DEBUG FXGLApplication      - Registering font factories with UI factory
18:03:21.226 [FXGL Background Thread 4 ] DEBUG FXGLAssetLoaderServi - Loading from file system: file:/C:/Users/Ruhmer%20Jairus/OOP2-Capstone/target/classes/assets/textures/background-and-platforms/bg-winter_1280_720.png
18:03:21.270 [FXGL Background Thread 4 ] DEBUG FXGLAssetLoaderServi - Loading from file system: file:/C:/Users/Ruhmer%20Jairus/OOP2-Capstone/target/classes/assets/textures/background-and-platforms/hdlargerplatform-winter.png
18:03:21.361 [FXGL Background Thread 4 ] DEBUG FXGLAssetLoaderServi - Loading from file system: file:/C:/Users/Ruhmer%20Jairus/OOP2-Capstone/target/classes/assets/textures/wizard/wizard.png
18:03:21.462 [FXGL Background Thread 4 ] DEBUG FXGLAssetLoaderServi - Loading from file system: file:/C:/Users/Ruhmer%20Jairus/OOP2-Capstone/target/classes/assets/textures/mobs/gargoyle/gargoyle.png
18:03:21.529 [FXGL Background Thread 4 ] INFO  FXGLApplication      - Game initialization took: 0.320 sec
18:03:21.531 [JavaFX Application Thread] DEBUG Input                - Clearing active input actions
18:03:21.540 [JavaFX Application Thread] DEBUG GameApplicationServi - Removing overlay from FXGLLoadingScene and adding to GameScene
18:03:21.540 [JavaFX Application Thread] DEBUG PrimaryStageWindow   - FXGLLoadingScene -> GameScene
18:03:24.103 [FXGL Background Thread 3 ] DEBUG Engine               - Logging environment variables
18:03:24.103 [FXGL Background Thread 3 ] DEBUG Engine               - achievements: []
18:03:24.103 [FXGL Background Thread 3 ] DEBUG Engine               - actualHeight: 864.0
18:03:24.103 [FXGL Background Thread 3 ] DEBUG Engine               - actualHeightProperty: ReadOnlyDoubleProperty [value: 864.0]
18:03:24.104 [FXGL Background Thread 3 ] DEBUG Engine               - actualWidth: 1536.0
18:03:24.104 [FXGL Background Thread 3 ] DEBUG Engine               - actualWidthProperty: ReadOnlyDoubleProperty [value: 1536.0]
18:03:24.104 [FXGL Background Thread 3 ] DEBUG Engine               - appIcon: fxgl_icon.png
18:03:24.104 [FXGL Background Thread 3 ] DEBUG Engine               - applicationMode: DEVELOPER
18:03:24.104 [FXGL Background Thread 3 ] DEBUG Engine               - cSSList: [fxgl_dark.css]
18:03:24.104 [FXGL Background Thread 3 ] DEBUG Engine               - collisionDetectionStrategy: BRUTE_FORCE
18:03:24.104 [FXGL Background Thread 3 ] DEBUG Engine               - configClass: Optional.empty
18:03:24.104 [FXGL Background Thread 3 ] DEBUG Engine               - credits: []
18:03:24.106 [FXGL Background Thread 3 ] DEBUG Engine               - defaultCursor: CursorInfo(imageName=fxgl_default_cursor.png, hotspotX=7.0, hotspotY=6.0)
18:03:24.106 [FXGL Background Thread 3 ] DEBUG Engine               - devBBoxColorProperty: ObjectProperty [value: 0xff0000ff]
18:03:24.106 [FXGL Background Thread 3 ] DEBUG Engine               - devEnableDebugCameraProperty: BooleanProperty [value: false]
18:03:24.106 [FXGL Background Thread 3 ] DEBUG Engine               - devSensorColorProperty: ObjectProperty [value: 0xffff00ff]
18:03:24.106 [FXGL Background Thread 3 ] DEBUG Engine               - devShowBBoxProperty: BooleanProperty [value: false]
18:03:24.106 [FXGL Background Thread 3 ] DEBUG Engine               - devShowPositionProperty: BooleanProperty [value: false]
18:03:24.106 [FXGL Background Thread 3 ] DEBUG Engine               - enabledMenuItems: []
18:03:24.106 [FXGL Background Thread 3 ] DEBUG Engine               - engineServices: [class com.almasb.fxgl.app.services.FXGLAssetLoaderService, class com.almasb.fxgl.app.FXGLApplication$GameApplicationService, class com.almasb.fxgl.app.services.FXGLDialogService, class com.almasb.fxgl.app.services.IOTaskExecutorService, class com.almasb.fxgl.io.FileSystemService, class com.almasb.fxgl.localization.LocalizationService, class com.almasb.fxgl.app.services.SystemBundleService, class com.almasb.fxgl.profile.SaveLoadService, class com.almasb.fxgl.ui.FXGLUIFactoryServiceProvider, class com.almasb.fxgl.ui.FXGLDialogFactoryServiceProvider, class com.almasb.fxgl.audio.AudioPlayer, class com.almasb.fxgl.notification.impl.NotificationServiceProvider, class com.almasb.fxgl.achievement.AchievementService, class com.almasb.fxgl.cutscene.CutsceneService, class com.almasb.fxgl.minigames.MiniGameService, class com.almasb.fxgl.net.NetService, class com.almasb.fxgl.app.services.UpdaterService, class com.almasb.fxgl.dev.DevService]
18:03:24.106 [FXGL Background Thread 3 ] DEBUG Engine               - fontGame: Abel-Regular.ttf
18:03:24.106 [FXGL Background Thread 3 ] DEBUG Engine               - fontMono: TerminalLandMono-Regular.otf
18:03:24.106 [FXGL Background Thread 3 ] DEBUG Engine               - fontSizeScaleUI: 1.0
18:03:24.106 [FXGL Background Thread 3 ] DEBUG Engine               - fontText: Courier-Prime.ttf
18:03:24.106 [FXGL Background Thread 3 ] DEBUG Engine               - fontUI: VarelaRound-Regular.ttf
18:03:24.106 [FXGL Background Thread 3 ] DEBUG Engine               - fullScreen: BooleanProperty [value: true]
18:03:24.106 [FXGL Background Thread 3 ] DEBUG Engine               - gameDifficulty: MEDIUM
18:03:24.106 [FXGL Background Thread 3 ] DEBUG Engine               - gameDifficultyProperty: ObjectProperty [value: MEDIUM]
18:03:24.106 [FXGL Background Thread 3 ] DEBUG Engine               - globalMusicVolume: 0.5
18:03:24.106 [FXGL Background Thread 3 ] DEBUG Engine               - globalMusicVolumeProperty: DoubleProperty [value: 0.5]
18:03:24.107 [FXGL Background Thread 3 ] DEBUG Engine               - globalSoundVolume: 0.5
18:03:24.107 [FXGL Background Thread 3 ] DEBUG Engine               - globalSoundVolumeProperty: DoubleProperty [value: 0.5]
18:03:24.107 [FXGL Background Thread 3 ] DEBUG Engine               - height: 720
18:03:24.107 [FXGL Background Thread 3 ] DEBUG Engine               - is3D: false
18:03:24.107 [FXGL Background Thread 3 ] DEBUG Engine               - isAndroid: false
18:03:24.107 [FXGL Background Thread 3 ] DEBUG Engine               - isBrowser: false
18:03:24.107 [FXGL Background Thread 3 ] DEBUG Engine               - isClickFeedbackEnabled: false
18:03:24.107 [FXGL Background Thread 3 ] DEBUG Engine               - isCloseConfirmation: false
18:03:24.107 [FXGL Background Thread 3 ] DEBUG Engine               - isDesktop: true
18:03:24.107 [FXGL Background Thread 3 ] DEBUG Engine               - isDeveloperMenuEnabled: false
18:03:24.107 [FXGL Background Thread 3 ] DEBUG Engine               - isEmbedded: false
18:03:24.107 [FXGL Background Thread 3 ] DEBUG Engine               - isEntityPreloadEnabled: true
18:03:24.107 [FXGL Background Thread 3 ] DEBUG Engine               - isExperimentalTiledLargeMap: false
18:03:24.107 [FXGL Background Thread 3 ] DEBUG Engine               - isFileSystemWriteAllowed: true
18:03:24.107 [FXGL Background Thread 3 ] DEBUG Engine               - isFullScreenAllowed: true
18:03:24.107 [FXGL Background Thread 3 ] DEBUG Engine               - isFullScreenFromStart: true
18:03:24.107 [FXGL Background Thread 3 ] DEBUG Engine               - isGameMenuEnabled: false
18:03:24.107 [FXGL Background Thread 3 ] DEBUG Engine               - isIOS: false
18:03:24.107 [FXGL Background Thread 3 ] DEBUG Engine               - isIntroEnabled: false
18:03:24.107 [FXGL Background Thread 3 ] DEBUG Engine               - isLinux: false
18:03:24.107 [FXGL Background Thread 3 ] DEBUG Engine               - isMac: false
18:03:24.107 [FXGL Background Thread 3 ] DEBUG Engine               - isMainMenuEnabled: false
18:03:24.107 [FXGL Background Thread 3 ] DEBUG Engine               - isManualResizeEnabled: true
18:03:24.107 [FXGL Background Thread 3 ] DEBUG Engine               - isMobile: false
18:03:24.107 [FXGL Background Thread 3 ] DEBUG Engine               - isNative: false
18:03:24.107 [FXGL Background Thread 3 ] DEBUG Engine               - isPauseMusicWhenMinimized: true
18:03:24.107 [FXGL Background Thread 3 ] DEBUG Engine               - isPreserveResizeRatio: true
18:03:24.107 [FXGL Background Thread 3 ] DEBUG Engine               - isProfilingEnabled: false
18:03:24.107 [FXGL Background Thread 3 ] DEBUG Engine               - isScaleAffectedOnResize: true
18:03:24.107 [FXGL Background Thread 3 ] DEBUG Engine               - isSingleStep: false
18:03:24.107 [FXGL Background Thread 3 ] DEBUG Engine               - isUserProfileEnabled: false
18:03:24.107 [FXGL Background Thread 3 ] DEBUG Engine               - isWindows: true
18:03:24.107 [FXGL Background Thread 3 ] DEBUG Engine               - language: ObjectProperty [value: ENGLISH]
18:03:24.107 [FXGL Background Thread 3 ] DEBUG Engine               - menuKey: ESCAPE
18:03:24.107 [FXGL Background Thread 3 ] DEBUG Engine               - mouseSensitivity: 0.2
18:03:24.107 [FXGL Background Thread 3 ] DEBUG Engine               - notificationViewClass: class com.almasb.fxgl.notification.view.XboxNotificationView
18:03:24.108 [FXGL Background Thread 3 ] DEBUG Engine               - pixelsPerMeter: 50.0
18:03:24.108 [FXGL Background Thread 3 ] DEBUG Engine               - platform: WINDOWS
18:03:24.108 [FXGL Background Thread 3 ] DEBUG Engine               - prefHeightProperty: ReadOnlyDoubleProperty [value: 720.0]
18:03:24.108 [FXGL Background Thread 3 ] DEBUG Engine               - prefWidthProperty: ReadOnlyDoubleProperty [value: 1280.0]
18:03:24.108 [FXGL Background Thread 3 ] DEBUG Engine               - profileDir: profiles/
18:03:24.108 [FXGL Background Thread 3 ] DEBUG Engine               - profileName: StringProperty [value: DEFAULT]
18:03:24.108 [FXGL Background Thread 3 ] DEBUG Engine               - randomSeed: -1
18:03:24.108 [FXGL Background Thread 3 ] DEBUG Engine               - runtimeInfo: RuntimeInfo(platform=WINDOWS, version=21.1, build=27.03.2024 07.52)
18:03:24.108 [FXGL Background Thread 3 ] DEBUG Engine               - saveFileExt: sav
18:03:24.108 [FXGL Background Thread 3 ] DEBUG Engine               - scaledHeightProp$fxgl: DoubleProperty [bound, value: 864.0]
18:03:24.108 [FXGL Background Thread 3 ] DEBUG Engine               - scaledWidthProp$fxgl: DoubleProperty [bound, value: 1536.0]
18:03:24.108 [FXGL Background Thread 3 ] DEBUG Engine               - sceneFactory: com.almasb.fxgl.app.scene.SceneFactory@494cfe3d
18:03:24.108 [FXGL Background Thread 3 ] DEBUG Engine               - secondsIn24h: 60
18:03:24.108 [FXGL Background Thread 3 ] DEBUG Engine               - soundMenuBack: menu/back.wav
18:03:24.108 [FXGL Background Thread 3 ] DEBUG Engine               - soundMenuPress: menu/press.wav
18:03:24.108 [FXGL Background Thread 3 ] DEBUG Engine               - soundMenuSelect: menu/select.wav
18:03:24.108 [FXGL Background Thread 3 ] DEBUG Engine               - soundNotification: core/notification.wav
18:03:24.108 [FXGL Background Thread 3 ] DEBUG Engine               - stageStyle: DECORATED
18:03:24.108 [FXGL Background Thread 3 ] DEBUG Engine               - supportedLanguages: [ENGLISH, FRENCH, GERMAN, HUNGARIAN, RUSSIAN]
18:03:24.108 [FXGL Background Thread 3 ] DEBUG Engine               - ticksPerSecond: -1
18:03:24.108 [FXGL Background Thread 3 ] DEBUG Engine               - title: TypeWiz - Winter Theme
18:03:24.108 [FXGL Background Thread 3 ] DEBUG Engine               - urlGithub: https://github.com/AlmasB/FXGL
18:03:24.108 [FXGL Background Thread 3 ] DEBUG Engine               - urlLeaderboard: http://fxgl-top.herokuapp.com/
18:03:24.108 [FXGL Background Thread 3 ] DEBUG Engine               - urlPOM: https://raw.githubusercontent.com/AlmasB/FXGL/release/README.md
18:03:24.108 [FXGL Background Thread 3 ] DEBUG Engine               - userAppClass: class com.oop2.typewiz.GameplayComponents.Game
18:03:24.108 [FXGL Background Thread 3 ] DEBUG Engine               - version: 0.0
18:03:24.108 [FXGL Background Thread 3 ] DEBUG Engine               - versionCheckDays: 7
18:03:24.108 [FXGL Background Thread 3 ] DEBUG Engine               - width: 1280
18:03:24.108 [FXGL Background Thread 3 ] DEBUG Engine               - Logging services
18:03:24.109 [FXGL Background Thread 3 ] DEBUG Engine               - class com.almasb.fxgl.app.services.FXGLAssetLoaderService
18:03:24.109 [FXGL Background Thread 3 ] DEBUG Engine               - class com.almasb.fxgl.app.FXGLApplication$GameApplicationService
18:03:24.109 [FXGL Background Thread 3 ] DEBUG Engine               - class com.almasb.fxgl.app.services.FXGLDialogService
18:03:24.109 [FXGL Background Thread 3 ] DEBUG Engine               - class com.almasb.fxgl.app.services.IOTaskExecutorService
18:03:24.109 [FXGL Background Thread 3 ] DEBUG Engine               - class com.almasb.fxgl.io.FileSystemService
18:03:24.109 [FXGL Background Thread 3 ] DEBUG Engine               - class com.almasb.fxgl.localization.LocalizationService
18:03:24.109 [FXGL Background Thread 3 ] DEBUG Engine               - class com.almasb.fxgl.app.services.SystemBundleService
18:03:24.109 [FXGL Background Thread 3 ] DEBUG Engine               - class com.almasb.fxgl.profile.SaveLoadService
18:03:24.109 [FXGL Background Thread 3 ] DEBUG Engine               - class com.almasb.fxgl.ui.FXGLUIFactoryServiceProvider
18:03:24.109 [FXGL Background Thread 3 ] DEBUG Engine               - class com.almasb.fxgl.ui.FXGLDialogFactoryServiceProvider
18:03:24.109 [FXGL Background Thread 3 ] DEBUG Engine               - class com.almasb.fxgl.audio.AudioPlayer
18:03:24.109 [FXGL Background Thread 3 ] DEBUG Engine               - class com.almasb.fxgl.notification.impl.NotificationServiceProvider
18:03:24.109 [FXGL Background Thread 3 ] DEBUG Engine               - class com.almasb.fxgl.achievement.AchievementService
18:03:24.109 [FXGL Background Thread 3 ] DEBUG Engine               - class com.almasb.fxgl.cutscene.CutsceneService
18:03:24.109 [FXGL Background Thread 3 ] DEBUG Engine               - class com.almasb.fxgl.minigames.MiniGameService
18:03:24.109 [FXGL Background Thread 3 ] DEBUG Engine               - class com.almasb.fxgl.net.NetService
18:03:24.109 [FXGL Background Thread 3 ] DEBUG Engine               - class com.almasb.fxgl.app.services.UpdaterService
18:03:24.109 [FXGL Background Thread 3 ] DEBUG Engine               - class com.almasb.fxgl.dev.DevService
18:03:45.018 [JavaFX Application Thread] DEBUG FXGLApplication      - Exiting FXGL
18:03:45.018 [JavaFX Application Thread] DEBUG LoopRunner           - Stopping loop
18:03:45.018 [JavaFX Application Thread] DEBUG SystemBundleService  - Saving FXGL system data
18:03:45.020 [JavaFX Application Thread] DEBUG FileSystemAccess     - Writing to: C:\Users\Ruhmer Jairus\OOP2-Capstone\system\fxgl.bundle
18:03:45.023 [JavaFX Application Thread] DEBUG Async                - Shutting down background threads
18:03:45.023 [JavaFX Application Thread] DEBUG PrimaryStageWindow   - Closing main window
18:03:45.044 [JavaFX Application Thread] DEBUG Logger               - Closing Logger
