14:28:16.166 [main                     ] DEBUG Logger               - Configured Logger
14:28:16.189 [main                     ] DEBUG GameApplication      - Logging settings
Title: TypeWiz - Winter Theme
Version: 0.0
Width: 1280
Height: 720
Fullscreen: false
Intro: false
Profiling: false
Single step:false
App Mode: DEVELOPER
Menu Key: ESCAPE
Stage Style: DECORATED
Scene Factory: class com.almasb.fxgl.app.scene.SceneFactory

14:28:16.447 [JavaFX Application Thread] DEBUG FXGLApplication      - Initializing FXGL
14:28:16.450 [JavaFX Application Thread] INFO  Engine               - FXGL-21.1 (27.03.2024 07.52) on WINDOWS (J:21.0.3 FX:19)
14:28:16.451 [JavaFX Application Thread] DEBUG Engine               - JRE Vendor Name: Oracle Corporation
14:28:16.451 [JavaFX Application Thread] DEBUG Engine               - Running on OS: Windows 11 version 10.0
14:28:16.451 [JavaFX Application Thread] DEBUG Engine               - Architecture: amd64
14:28:16.451 [JavaFX Application Thread] INFO  Engine               - Source code and latest versions at: https://github.com/AlmasB/FXGL
14:28:16.451 [JavaFX Application Thread] INFO  Engine               -       Ask questions and discuss at: https://github.com/AlmasB/FXGL/discussions
14:28:16.452 [JavaFX Application Thread] INFO  Engine               -              Join the FXGL chat at: https://gitter.im/AlmasB/FXGL
14:28:16.517 [JavaFX Application Thread] DEBUG PrimaryStageWindow   - Creating a JavaFX scene
14:28:16.553 [JavaFX Application Thread] DEBUG PrimaryStageWindow   - Target settings size: 1280.0 x 720.0
14:28:16.553 [JavaFX Application Thread] DEBUG PrimaryStageWindow   - Scaled scene size:    1280.0 x 720.0
14:28:16.553 [JavaFX Application Thread] DEBUG PrimaryStageWindow   - Scaled ratio: (1.0, 1.0)
14:28:16.554 [JavaFX Application Thread] DEBUG PrimaryStageWindow   - Set initial scene to FXGLStartupScene
14:28:16.557 [JavaFX Application Thread] DEBUG PrimaryStageWindow   - Opening main window
14:28:16.621 [JavaFX Application Thread] DEBUG PrimaryStageWindow   - Window border size: (14.4000244140625, 37.5999755859375)
14:28:16.621 [JavaFX Application Thread] DEBUG PrimaryStageWindow   - Scaled size: 1280.0 x 720.0
14:28:16.621 [JavaFX Application Thread] DEBUG PrimaryStageWindow   - Scaled ratio: (1.0, 1.0)
14:28:16.623 [JavaFX Application Thread] DEBUG PrimaryStageWindow   - Scene size: 1280.0 x 720.0
14:28:16.623 [JavaFX Application Thread] DEBUG PrimaryStageWindow   - Stage size: 1294.4000244140625 x 757.5999755859375
14:28:16.631 [FXGL Background Thread 1 ] DEBUG Engine               - Initializing environment variables
14:28:16.681 [FXGL Background Thread 1 ] DEBUG FXGLAssetLoaderServi - User app class for loading assets: class com.oop2.typewiz.GameplayComponents.Game
14:28:16.682 [FXGL Background Thread 1 ] DEBUG GameApplicationServi - Applying CSS: fxgl_dark.css
14:28:16.682 [FXGL Background Thread 1 ] DEBUG FXGLAssetLoaderServi - Loading from file system: jar:file:///C:/Users/Ruhmer%20Jairus/.m2/repository/com/github/almasb/fxgl/21.1/fxgl-21.1.jar!/fxglassets/ui/css/fxgl_dark.css
14:28:16.732 [FXGL Background Thread 1 ] DEBUG GameApplicationServi - Initializing application scenes
14:28:16.791 [FXGL Background Thread 1 ] DEBUG GameWorld            - Game world initialized
14:28:16.851 [FXGL Background Thread 1 ] DEBUG PhysicsWorld         - Physics world initialized: appHeight=720, physics.ppm=50.0
14:28:16.852 [FXGL Background Thread 1 ] DEBUG PhysicsWorld         - Using strategy: BRUTE_FORCE
14:28:16.857 [FXGL Background Thread 1 ] DEBUG GameScene            - Game scene initialized: 1280x720
14:28:16.857 [FXGL Background Thread 1 ] DEBUG GameApplicationServi - Application scenes initialized
14:28:16.870 [FXGL Background Thread 1 ] DEBUG SystemBundleService  - Loading FXGL system data
14:28:16.872 [FXGL Background Thread 1 ] DEBUG FileSystemAccess     - Reading from: C:\Users\Ruhmer Jairus\OOP2-Capstone\system\fxgl.bundle
14:28:16.879 [FXGL Background Thread 1 ] DEBUG SystemBundleService  - Bundle FXGL: {}
14:28:16.879 [FXGL Background Thread 1 ] DEBUG UpdaterService       - Checking for updates
14:28:16.883 [FXGL Background Thread 4 ] DEBUG FXGLApplication      - Loading fonts
14:28:16.883 [FXGL Background Thread 4 ] DEBUG FXGLAssetLoaderServi - Loading from file system: jar:file:///C:/Users/Ruhmer%20Jairus/.m2/repository/com/github/almasb/fxgl/21.1/fxgl-21.1.jar!/fxglassets/ui/fonts/VarelaRound-Regular.ttf
14:28:16.883 [FXGL Background Thread 1 ] DEBUG FXGLApplication      - Loading default localization
14:28:16.884 [FXGL Background Thread 1 ] DEBUG FXGLAssetLoaderServi - Loading from file system: jar:file:///C:/Users/Ruhmer%20Jairus/.m2/repository/com/github/almasb/fxgl/21.1/fxgl-21.1.jar!/fxglassets/languages/english.lang
14:28:16.912 [FXGL Background Thread 1 ] INFO  FXGLApplication      - FXGL initialization took: 0.281 sec
14:28:16.912 [FXGL Background Thread 4 ] DEBUG FXGLAssetLoaderServi - Loading from file system: jar:file:///C:/Users/Ruhmer%20Jairus/.m2/repository/com/github/almasb/fxgl/21.1/fxgl-21.1.jar!/fxglassets/ui/fonts/Abel-Regular.ttf
14:28:16.912 [JavaFX Application Thread] DEBUG FXGLAssetLoaderServi - Loading from file system: jar:file:///C:/Users/Ruhmer%20Jairus/.m2/repository/com/github/almasb/fxgl/21.1/fxgl-21.1.jar!/fxglassets/textures/fxgl_icon.png
14:28:16.915 [FXGL Background Thread 4 ] DEBUG FXGLAssetLoaderServi - Loading from file system: jar:file:///C:/Users/Ruhmer%20Jairus/.m2/repository/com/github/almasb/fxgl/21.1/fxgl-21.1.jar!/fxglassets/ui/fonts/TerminalLandMono-Regular.otf
14:28:16.918 [FXGL Background Thread 4 ] DEBUG FXGLAssetLoaderServi - Loading from file system: jar:file:///C:/Users/Ruhmer%20Jairus/.m2/repository/com/github/almasb/fxgl/21.1/fxgl-21.1.jar!/fxglassets/ui/fonts/Courier-Prime.ttf
14:28:16.957 [JavaFX Application Thread] DEBUG FXGLAssetLoaderServi - Loading from file system: jar:file:///C:/Users/Ruhmer%20Jairus/.m2/repository/com/github/almasb/fxgl/21.1/fxgl-21.1.jar!/fxglassets/textures/fxgl_default_cursor.png
14:28:16.967 [JavaFX Application Thread] DEBUG Input                - Registered new binding: Screenshot - CTRL+8
14:28:16.967 [JavaFX Application Thread] DEBUG Input                - Registered new binding: System info dump - CTRL+9
14:28:16.968 [JavaFX Application Thread] DEBUG Input                - Registered new binding: Restart - CTRL+R
14:28:16.968 [JavaFX Application Thread] DEBUG Input                - Registered new binding: Toggle Debug Camera - CTRL+7
14:28:16.970 [JavaFX Application Thread] DEBUG LoopRunner           - Starting loop
14:28:16.970 [JavaFX Application Thread] DEBUG LoopRunner           - Initializing JavaFX AnimationTimerLoop
14:28:16.972 [JavaFX Application Thread] DEBUG GameApplicationServi - Starting new game
14:28:16.972 [JavaFX Application Thread] DEBUG Input                - Clearing active input actions
14:28:16.990 [JavaFX Application Thread] DEBUG GameApplicationServi - Removing overlay from FXGLStartupScene and adding to FXGLLoadingScene
14:28:16.990 [JavaFX Application Thread] DEBUG PrimaryStageWindow   - FXGLStartupScene -> FXGLLoadingScene
14:28:16.990 [JavaFX Application Thread] DEBUG GameApplicationServi - Clearing previous game
14:28:16.990 [JavaFX Application Thread] DEBUG GameScene            - Clearing game scene
14:28:16.990 [JavaFX Application Thread] DEBUG GameWorld            - Clearing game world
14:28:16.990 [JavaFX Application Thread] DEBUG PhysicsWorld         - Clearing physics world
14:28:16.994 [FXGL Background Thread 4 ] DEBUG FXGLApplication      - Initializing game
14:28:16.994 [JavaFX Application Thread] DEBUG FXGLApplication      - Registering font factories with UI factory
14:28:16.998 [FXGL Background Thread 4 ] DEBUG FXGLAssetLoaderServi - Loading from file system: file:/C:/Users/Ruhmer%20Jairus/OOP2-Capstone/target/classes/assets/textures/background-and-platforms/bg-winter_1280_720.png
14:28:17.055 [FXGL Background Thread 4 ] DEBUG FXGLAssetLoaderServi - Loading from file system: file:/C:/Users/Ruhmer%20Jairus/OOP2-Capstone/target/classes/assets/textures/background-and-platforms/hdlargerplatform-winter.png
14:28:17.162 [FXGL Background Thread 4 ] DEBUG FXGLAssetLoaderServi - Loading from file system: file:/C:/Users/Ruhmer%20Jairus/OOP2-Capstone/target/classes/assets/textures/wizard/wizard.png
14:28:17.282 [FXGL Background Thread 4 ] WARN  GameWorld            - Attempted to remove entity which is not active
14:28:17.283 [FXGL Background Thread 4 ] WARN  GameWorld            - Attempted to remove entity which is not active
14:28:17.285 [FXGL Background Thread 4 ] WARN  GameWorld            - Attempted to remove entity which is not active
14:28:17.286 [FXGL Background Thread 4 ] WARN  GameWorld            - Attempted to remove entity which is not active
14:28:17.288 [FXGL Background Thread 4 ] WARN  GameWorld            - Attempted to remove entity which is not active
14:28:17.289 [FXGL Background Thread 4 ] WARN  GameWorld            - Attempted to remove entity which is not active
14:28:17.290 [FXGL Background Thread 4 ] WARN  GameWorld            - Attempted to remove entity which is not active
14:28:17.291 [FXGL Background Thread 4 ] WARN  GameWorld            - Attempted to remove entity which is not active
14:28:17.291 [FXGL Background Thread 4 ] WARN  GameWorld            - Attempted to remove entity which is not active
14:28:17.293 [FXGL Background Thread 4 ] WARN  GameWorld            - Attempted to remove entity which is not active
14:28:17.314 [FXGL Background Thread 4 ] DEBUG FXGLAssetLoaderServi - Loading from file system: file:/C:/Users/Ruhmer%20Jairus/OOP2-Capstone/target/classes/assets/textures/mobs/gargoyle/gargoyle.png
14:28:17.369 [FXGL Background Thread 4 ] INFO  FXGLApplication      - Game initialization took: 0.375 sec
14:28:17.370 [JavaFX Application Thread] DEBUG Input                - Clearing active input actions
14:28:17.383 [JavaFX Application Thread] DEBUG GameApplicationServi - Removing overlay from FXGLLoadingScene and adding to GameScene
14:28:17.384 [JavaFX Application Thread] DEBUG PrimaryStageWindow   - FXGLLoadingScene -> GameScene
14:28:19.883 [FXGL Background Thread 3 ] DEBUG Engine               - Logging environment variables
14:28:19.884 [FXGL Background Thread 3 ] DEBUG Engine               - achievements: []
14:28:19.884 [FXGL Background Thread 3 ] DEBUG Engine               - actualHeight: 720.0
14:28:19.884 [FXGL Background Thread 3 ] DEBUG Engine               - actualHeightProperty: ReadOnlyDoubleProperty [value: 720.0]
14:28:19.884 [FXGL Background Thread 3 ] DEBUG Engine               - actualWidth: 1280.0
14:28:19.884 [FXGL Background Thread 3 ] DEBUG Engine               - actualWidthProperty: ReadOnlyDoubleProperty [value: 1280.0]
14:28:19.884 [FXGL Background Thread 3 ] DEBUG Engine               - appIcon: fxgl_icon.png
14:28:19.884 [FXGL Background Thread 3 ] DEBUG Engine               - applicationMode: DEVELOPER
14:28:19.884 [FXGL Background Thread 3 ] DEBUG Engine               - cSSList: [fxgl_dark.css]
14:28:19.884 [FXGL Background Thread 3 ] DEBUG Engine               - collisionDetectionStrategy: BRUTE_FORCE
14:28:19.884 [FXGL Background Thread 3 ] DEBUG Engine               - configClass: Optional.empty
14:28:19.884 [FXGL Background Thread 3 ] DEBUG Engine               - credits: []
14:28:19.886 [FXGL Background Thread 3 ] DEBUG Engine               - defaultCursor: CursorInfo(imageName=fxgl_default_cursor.png, hotspotX=7.0, hotspotY=6.0)
14:28:19.886 [FXGL Background Thread 3 ] DEBUG Engine               - devBBoxColorProperty: ObjectProperty [value: 0xff0000ff]
14:28:19.886 [FXGL Background Thread 3 ] DEBUG Engine               - devEnableDebugCameraProperty: BooleanProperty [value: false]
14:28:19.886 [FXGL Background Thread 3 ] DEBUG Engine               - devSensorColorProperty: ObjectProperty [value: 0xffff00ff]
14:28:19.886 [FXGL Background Thread 3 ] DEBUG Engine               - devShowBBoxProperty: BooleanProperty [value: false]
14:28:19.886 [FXGL Background Thread 3 ] DEBUG Engine               - devShowPositionProperty: BooleanProperty [value: false]
14:28:19.886 [FXGL Background Thread 3 ] DEBUG Engine               - enabledMenuItems: []
14:28:19.886 [FXGL Background Thread 3 ] DEBUG Engine               - engineServices: [class com.almasb.fxgl.app.services.FXGLAssetLoaderService, class com.almasb.fxgl.app.FXGLApplication$GameApplicationService, class com.almasb.fxgl.app.services.FXGLDialogService, class com.almasb.fxgl.app.services.IOTaskExecutorService, class com.almasb.fxgl.io.FileSystemService, class com.almasb.fxgl.localization.LocalizationService, class com.almasb.fxgl.app.services.SystemBundleService, class com.almasb.fxgl.profile.SaveLoadService, class com.almasb.fxgl.ui.FXGLUIFactoryServiceProvider, class com.almasb.fxgl.ui.FXGLDialogFactoryServiceProvider, class com.almasb.fxgl.audio.AudioPlayer, class com.almasb.fxgl.notification.impl.NotificationServiceProvider, class com.almasb.fxgl.achievement.AchievementService, class com.almasb.fxgl.cutscene.CutsceneService, class com.almasb.fxgl.minigames.MiniGameService, class com.almasb.fxgl.net.NetService, class com.almasb.fxgl.app.services.UpdaterService, class com.almasb.fxgl.dev.DevService]
14:28:19.886 [FXGL Background Thread 3 ] DEBUG Engine               - fontGame: Abel-Regular.ttf
14:28:19.887 [FXGL Background Thread 3 ] DEBUG Engine               - fontMono: TerminalLandMono-Regular.otf
14:28:19.887 [FXGL Background Thread 3 ] DEBUG Engine               - fontSizeScaleUI: 1.0
14:28:19.887 [FXGL Background Thread 3 ] DEBUG Engine               - fontText: Courier-Prime.ttf
14:28:19.887 [FXGL Background Thread 3 ] DEBUG Engine               - fontUI: VarelaRound-Regular.ttf
14:28:19.887 [FXGL Background Thread 3 ] DEBUG Engine               - fullScreen: BooleanProperty [value: false]
14:28:19.887 [FXGL Background Thread 3 ] DEBUG Engine               - gameDifficulty: MEDIUM
14:28:19.887 [FXGL Background Thread 3 ] DEBUG Engine               - gameDifficultyProperty: ObjectProperty [value: MEDIUM]
14:28:19.887 [FXGL Background Thread 3 ] DEBUG Engine               - globalMusicVolume: 0.5
14:28:19.887 [FXGL Background Thread 3 ] DEBUG Engine               - globalMusicVolumeProperty: DoubleProperty [value: 0.5]
14:28:19.887 [FXGL Background Thread 3 ] DEBUG Engine               - globalSoundVolume: 0.5
14:28:19.887 [FXGL Background Thread 3 ] DEBUG Engine               - globalSoundVolumeProperty: DoubleProperty [value: 0.5]
14:28:19.887 [FXGL Background Thread 3 ] DEBUG Engine               - height: 720
14:28:19.887 [FXGL Background Thread 3 ] DEBUG Engine               - is3D: false
14:28:19.887 [FXGL Background Thread 3 ] DEBUG Engine               - isAndroid: false
14:28:19.888 [FXGL Background Thread 3 ] DEBUG Engine               - isBrowser: false
14:28:19.888 [FXGL Background Thread 3 ] DEBUG Engine               - isClickFeedbackEnabled: false
14:28:19.888 [FXGL Background Thread 3 ] DEBUG Engine               - isCloseConfirmation: false
14:28:19.888 [FXGL Background Thread 3 ] DEBUG Engine               - isDesktop: true
14:28:19.888 [FXGL Background Thread 3 ] DEBUG Engine               - isDeveloperMenuEnabled: false
14:28:19.888 [FXGL Background Thread 3 ] DEBUG Engine               - isEmbedded: false
14:28:19.888 [FXGL Background Thread 3 ] DEBUG Engine               - isEntityPreloadEnabled: true
14:28:19.888 [FXGL Background Thread 3 ] DEBUG Engine               - isExperimentalTiledLargeMap: false
14:28:19.888 [FXGL Background Thread 3 ] DEBUG Engine               - isFileSystemWriteAllowed: true
14:28:19.888 [FXGL Background Thread 3 ] DEBUG Engine               - isFullScreenAllowed: false
14:28:19.888 [FXGL Background Thread 3 ] DEBUG Engine               - isFullScreenFromStart: false
14:28:19.888 [FXGL Background Thread 3 ] DEBUG Engine               - isGameMenuEnabled: false
14:28:19.888 [FXGL Background Thread 3 ] DEBUG Engine               - isIOS: false
14:28:19.888 [FXGL Background Thread 3 ] DEBUG Engine               - isIntroEnabled: false
14:28:19.888 [FXGL Background Thread 3 ] DEBUG Engine               - isLinux: false
14:28:19.888 [FXGL Background Thread 3 ] DEBUG Engine               - isMac: false
14:28:19.888 [FXGL Background Thread 3 ] DEBUG Engine               - isMainMenuEnabled: false
14:28:19.888 [FXGL Background Thread 3 ] DEBUG Engine               - isManualResizeEnabled: false
14:28:19.888 [FXGL Background Thread 3 ] DEBUG Engine               - isMobile: false
14:28:19.888 [FXGL Background Thread 3 ] DEBUG Engine               - isNative: false
14:28:19.888 [FXGL Background Thread 3 ] DEBUG Engine               - isPauseMusicWhenMinimized: true
14:28:19.888 [FXGL Background Thread 3 ] DEBUG Engine               - isPreserveResizeRatio: true
14:28:19.888 [FXGL Background Thread 3 ] DEBUG Engine               - isProfilingEnabled: false
14:28:19.888 [FXGL Background Thread 3 ] DEBUG Engine               - isScaleAffectedOnResize: true
14:28:19.888 [FXGL Background Thread 3 ] DEBUG Engine               - isSingleStep: false
14:28:19.888 [FXGL Background Thread 3 ] DEBUG Engine               - isUserProfileEnabled: false
14:28:19.888 [FXGL Background Thread 3 ] DEBUG Engine               - isWindows: true
14:28:19.888 [FXGL Background Thread 3 ] DEBUG Engine               - language: ObjectProperty [value: ENGLISH]
14:28:19.888 [FXGL Background Thread 3 ] DEBUG Engine               - menuKey: ESCAPE
14:28:19.888 [FXGL Background Thread 3 ] DEBUG Engine               - mouseSensitivity: 0.2
14:28:19.888 [FXGL Background Thread 3 ] DEBUG Engine               - notificationViewClass: class com.almasb.fxgl.notification.view.XboxNotificationView
14:28:19.888 [FXGL Background Thread 3 ] DEBUG Engine               - pixelsPerMeter: 50.0
14:28:19.888 [FXGL Background Thread 3 ] DEBUG Engine               - platform: WINDOWS
14:28:19.888 [FXGL Background Thread 3 ] DEBUG Engine               - prefHeightProperty: ReadOnlyDoubleProperty [value: 720.0]
14:28:19.888 [FXGL Background Thread 3 ] DEBUG Engine               - prefWidthProperty: ReadOnlyDoubleProperty [value: 1280.0]
14:28:19.888 [FXGL Background Thread 3 ] DEBUG Engine               - profileDir: profiles/
14:28:19.888 [FXGL Background Thread 3 ] DEBUG Engine               - profileName: StringProperty [value: DEFAULT]
14:28:19.888 [FXGL Background Thread 3 ] DEBUG Engine               - randomSeed: -1
14:28:19.889 [FXGL Background Thread 3 ] DEBUG Engine               - runtimeInfo: RuntimeInfo(platform=WINDOWS, version=21.1, build=27.03.2024 07.52)
14:28:19.889 [FXGL Background Thread 3 ] DEBUG Engine               - saveFileExt: sav
14:28:19.889 [FXGL Background Thread 3 ] DEBUG Engine               - scaledHeightProp$fxgl: DoubleProperty [bound, value: 720.0]
14:28:19.889 [FXGL Background Thread 3 ] DEBUG Engine               - scaledWidthProp$fxgl: DoubleProperty [bound, value: 1280.0]
14:28:19.889 [FXGL Background Thread 3 ] DEBUG Engine               - sceneFactory: com.almasb.fxgl.app.scene.SceneFactory@421c34cc
14:28:19.889 [FXGL Background Thread 3 ] DEBUG Engine               - secondsIn24h: 60
14:28:19.889 [FXGL Background Thread 3 ] DEBUG Engine               - soundMenuBack: menu/back.wav
14:28:19.889 [FXGL Background Thread 3 ] DEBUG Engine               - soundMenuPress: menu/press.wav
14:28:19.889 [FXGL Background Thread 3 ] DEBUG Engine               - soundMenuSelect: menu/select.wav
14:28:19.889 [FXGL Background Thread 3 ] DEBUG Engine               - soundNotification: core/notification.wav
14:28:19.889 [FXGL Background Thread 3 ] DEBUG Engine               - stageStyle: DECORATED
14:28:19.889 [FXGL Background Thread 3 ] DEBUG Engine               - supportedLanguages: [ENGLISH, FRENCH, GERMAN, HUNGARIAN, RUSSIAN]
14:28:19.889 [FXGL Background Thread 3 ] DEBUG Engine               - ticksPerSecond: -1
14:28:19.889 [FXGL Background Thread 3 ] DEBUG Engine               - title: TypeWiz - Winter Theme
14:28:19.889 [FXGL Background Thread 3 ] DEBUG Engine               - urlGithub: https://github.com/AlmasB/FXGL
14:28:19.889 [FXGL Background Thread 3 ] DEBUG Engine               - urlLeaderboard: http://fxgl-top.herokuapp.com/
14:28:19.889 [FXGL Background Thread 3 ] DEBUG Engine               - urlPOM: https://raw.githubusercontent.com/AlmasB/FXGL/release/README.md
14:28:19.889 [FXGL Background Thread 3 ] DEBUG Engine               - userAppClass: class com.oop2.typewiz.GameplayComponents.Game
14:28:19.889 [FXGL Background Thread 3 ] DEBUG Engine               - version: 0.0
14:28:19.889 [FXGL Background Thread 3 ] DEBUG Engine               - versionCheckDays: 7
14:28:19.889 [FXGL Background Thread 3 ] DEBUG Engine               - width: 1280
14:28:19.889 [FXGL Background Thread 3 ] DEBUG Engine               - Logging services
14:28:19.889 [FXGL Background Thread 3 ] DEBUG Engine               - class com.almasb.fxgl.app.services.FXGLAssetLoaderService
14:28:19.889 [FXGL Background Thread 3 ] DEBUG Engine               - class com.almasb.fxgl.app.FXGLApplication$GameApplicationService
14:28:19.889 [FXGL Background Thread 3 ] DEBUG Engine               - class com.almasb.fxgl.app.services.FXGLDialogService
14:28:19.889 [FXGL Background Thread 3 ] DEBUG Engine               - class com.almasb.fxgl.app.services.IOTaskExecutorService
14:28:19.889 [FXGL Background Thread 3 ] DEBUG Engine               - class com.almasb.fxgl.io.FileSystemService
14:28:19.889 [FXGL Background Thread 3 ] DEBUG Engine               - class com.almasb.fxgl.localization.LocalizationService
14:28:19.889 [FXGL Background Thread 3 ] DEBUG Engine               - class com.almasb.fxgl.app.services.SystemBundleService
14:28:19.889 [FXGL Background Thread 3 ] DEBUG Engine               - class com.almasb.fxgl.profile.SaveLoadService
14:28:19.889 [FXGL Background Thread 3 ] DEBUG Engine               - class com.almasb.fxgl.ui.FXGLUIFactoryServiceProvider
14:28:19.889 [FXGL Background Thread 3 ] DEBUG Engine               - class com.almasb.fxgl.ui.FXGLDialogFactoryServiceProvider
14:28:19.889 [FXGL Background Thread 3 ] DEBUG Engine               - class com.almasb.fxgl.audio.AudioPlayer
14:28:19.889 [FXGL Background Thread 3 ] DEBUG Engine               - class com.almasb.fxgl.notification.impl.NotificationServiceProvider
14:28:19.889 [FXGL Background Thread 3 ] DEBUG Engine               - class com.almasb.fxgl.achievement.AchievementService
14:28:19.889 [FXGL Background Thread 3 ] DEBUG Engine               - class com.almasb.fxgl.cutscene.CutsceneService
14:28:19.889 [FXGL Background Thread 3 ] DEBUG Engine               - class com.almasb.fxgl.minigames.MiniGameService
14:28:19.890 [FXGL Background Thread 3 ] DEBUG Engine               - class com.almasb.fxgl.net.NetService
14:28:19.890 [FXGL Background Thread 3 ] DEBUG Engine               - class com.almasb.fxgl.app.services.UpdaterService
14:28:19.890 [FXGL Background Thread 3 ] DEBUG Engine               - class com.almasb.fxgl.dev.DevService
14:29:06.154 [JavaFX Application Thread] DEBUG FXGLApplication      - Exiting FXGL
14:29:06.154 [JavaFX Application Thread] DEBUG LoopRunner           - Stopping loop
14:29:06.154 [JavaFX Application Thread] DEBUG SystemBundleService  - Saving FXGL system data
14:29:06.156 [JavaFX Application Thread] DEBUG FileSystemAccess     - Writing to: C:\Users\Ruhmer Jairus\OOP2-Capstone\system\fxgl.bundle
14:29:06.158 [JavaFX Application Thread] DEBUG Async                - Shutting down background threads
14:29:06.158 [JavaFX Application Thread] DEBUG PrimaryStageWindow   - Closing main window
14:29:06.171 [JavaFX Application Thread] DEBUG Logger               - Closing Logger
