16:13:02.851 [main                     ] DEBUG Logger               - Configured Logger
16:13:02.877 [main                     ] DEBUG GameApplication      - Logging settings
Title: TypeWiz - Winter Theme
Version: 0.0
Width: 1280
Height: 720
Fullscreen: false
Intro: false
Profiling: false
Single step:false
App Mode: DEVELOPER
Menu Key: ESCAPE
Stage Style: DECORATED
Scene Factory: class com.almasb.fxgl.app.scene.SceneFactory

16:13:03.142 [JavaFX Application Thread] DEBUG FXGLApplication      - Initializing FXGL
16:13:03.145 [JavaFX Application Thread] INFO  Engine               - FXGL-21.1 (27.03.2024 07.52) on WINDOWS (J:21.0.3 FX:19)
16:13:03.146 [JavaFX Application Thread] DEBUG Engine               - JRE Vendor Name: Oracle Corporation
16:13:03.146 [JavaFX Application Thread] DEBUG Engine               - Running on OS: Windows 11 version 10.0
16:13:03.146 [JavaFX Application Thread] DEBUG Engine               - Architecture: amd64
16:13:03.146 [JavaFX Application Thread] INFO  Engine               - Source code and latest versions at: https://github.com/AlmasB/FXGL
16:13:03.146 [JavaFX Application Thread] INFO  Engine               -       Ask questions and discuss at: https://github.com/AlmasB/FXGL/discussions
16:13:03.146 [JavaFX Application Thread] INFO  Engine               -              Join the FXGL chat at: https://gitter.im/AlmasB/FXGL
16:13:03.211 [JavaFX Application Thread] DEBUG PrimaryStageWindow   - Creating a JavaFX scene
16:13:03.246 [JavaFX Application Thread] DEBUG PrimaryStageWindow   - Target settings size: 1280.0 x 720.0
16:13:03.246 [JavaFX Application Thread] DEBUG PrimaryStageWindow   - Scaled scene size:    1280.0 x 720.0
16:13:03.246 [JavaFX Application Thread] DEBUG PrimaryStageWindow   - Scaled ratio: (1.0, 1.0)
16:13:03.247 [JavaFX Application Thread] DEBUG PrimaryStageWindow   - Set initial scene to FXGLStartupScene
16:13:03.249 [JavaFX Application Thread] DEBUG PrimaryStageWindow   - Opening main window
16:13:03.316 [JavaFX Application Thread] DEBUG PrimaryStageWindow   - Window border size: (14.4000244140625, 37.5999755859375)
16:13:03.316 [JavaFX Application Thread] DEBUG PrimaryStageWindow   - Scaled size: 1280.0 x 720.0
16:13:03.316 [JavaFX Application Thread] DEBUG PrimaryStageWindow   - Scaled ratio: (1.0, 1.0)
16:13:03.317 [JavaFX Application Thread] DEBUG PrimaryStageWindow   - Scene size: 1280.0 x 720.0
16:13:03.317 [JavaFX Application Thread] DEBUG PrimaryStageWindow   - Stage size: 1294.4000244140625 x 757.5999755859375
16:13:03.322 [FXGL Background Thread 1 ] DEBUG Engine               - Initializing environment variables
16:13:03.385 [FXGL Background Thread 1 ] DEBUG FXGLAssetLoaderServi - User app class for loading assets: class com.oop2.typewiz.GameplayComponents.Game
16:13:03.385 [FXGL Background Thread 1 ] DEBUG GameApplicationServi - Applying CSS: fxgl_dark.css
16:13:03.386 [FXGL Background Thread 1 ] DEBUG FXGLAssetLoaderServi - Loading from file system: jar:file:///C:/Users/Ruhmer%20Jairus/.m2/repository/com/github/almasb/fxgl/21.1/fxgl-21.1.jar!/fxglassets/ui/css/fxgl_dark.css
16:13:03.438 [FXGL Background Thread 1 ] DEBUG GameApplicationServi - Initializing application scenes
16:13:03.491 [FXGL Background Thread 1 ] DEBUG GameWorld            - Game world initialized
16:13:03.546 [FXGL Background Thread 1 ] DEBUG PhysicsWorld         - Physics world initialized: appHeight=720, physics.ppm=50.0
16:13:03.547 [FXGL Background Thread 1 ] DEBUG PhysicsWorld         - Using strategy: BRUTE_FORCE
16:13:03.550 [FXGL Background Thread 1 ] DEBUG GameScene            - Game scene initialized: 1280x720
16:13:03.550 [FXGL Background Thread 1 ] DEBUG GameApplicationServi - Application scenes initialized
16:13:03.564 [FXGL Background Thread 1 ] DEBUG SystemBundleService  - Loading FXGL system data
16:13:03.567 [FXGL Background Thread 1 ] DEBUG FileSystemAccess     - Reading from: C:\Users\Ruhmer Jairus\OOP2-Capstone\system\fxgl.bundle
16:13:03.575 [FXGL Background Thread 1 ] DEBUG SystemBundleService  - Bundle FXGL: {}
16:13:03.575 [FXGL Background Thread 1 ] DEBUG UpdaterService       - Checking for updates
16:13:03.578 [FXGL Background Thread 4 ] DEBUG FXGLApplication      - Loading fonts
16:13:03.578 [FXGL Background Thread 4 ] DEBUG FXGLAssetLoaderServi - Loading from file system: jar:file:///C:/Users/Ruhmer%20Jairus/.m2/repository/com/github/almasb/fxgl/21.1/fxgl-21.1.jar!/fxglassets/ui/fonts/VarelaRound-Regular.ttf
16:13:03.579 [FXGL Background Thread 1 ] DEBUG FXGLApplication      - Loading default localization
16:13:03.579 [FXGL Background Thread 1 ] DEBUG FXGLAssetLoaderServi - Loading from file system: jar:file:///C:/Users/Ruhmer%20Jairus/.m2/repository/com/github/almasb/fxgl/21.1/fxgl-21.1.jar!/fxglassets/languages/english.lang
16:13:03.601 [FXGL Background Thread 1 ] INFO  FXGLApplication      - FXGL initialization took: 0.279 sec
16:13:03.603 [JavaFX Application Thread] DEBUG FXGLAssetLoaderServi - Loading from file system: jar:file:///C:/Users/Ruhmer%20Jairus/.m2/repository/com/github/almasb/fxgl/21.1/fxgl-21.1.jar!/fxglassets/textures/fxgl_icon.png
16:13:03.609 [FXGL Background Thread 4 ] DEBUG FXGLAssetLoaderServi - Loading from file system: jar:file:///C:/Users/Ruhmer%20Jairus/.m2/repository/com/github/almasb/fxgl/21.1/fxgl-21.1.jar!/fxglassets/ui/fonts/Abel-Regular.ttf
16:13:03.612 [FXGL Background Thread 4 ] DEBUG FXGLAssetLoaderServi - Loading from file system: jar:file:///C:/Users/Ruhmer%20Jairus/.m2/repository/com/github/almasb/fxgl/21.1/fxgl-21.1.jar!/fxglassets/ui/fonts/TerminalLandMono-Regular.otf
16:13:03.615 [FXGL Background Thread 4 ] DEBUG FXGLAssetLoaderServi - Loading from file system: jar:file:///C:/Users/Ruhmer%20Jairus/.m2/repository/com/github/almasb/fxgl/21.1/fxgl-21.1.jar!/fxglassets/ui/fonts/Courier-Prime.ttf
16:13:03.638 [JavaFX Application Thread] DEBUG FXGLAssetLoaderServi - Loading from file system: jar:file:///C:/Users/Ruhmer%20Jairus/.m2/repository/com/github/almasb/fxgl/21.1/fxgl-21.1.jar!/fxglassets/textures/fxgl_default_cursor.png
16:13:03.647 [JavaFX Application Thread] DEBUG Input                - Registered new binding: Screenshot - CTRL+8
16:13:03.647 [JavaFX Application Thread] DEBUG Input                - Registered new binding: System info dump - CTRL+9
16:13:03.647 [JavaFX Application Thread] DEBUG Input                - Registered new binding: Restart - CTRL+R
16:13:03.648 [JavaFX Application Thread] DEBUG Input                - Registered new binding: Toggle Debug Camera - CTRL+7
16:13:03.650 [JavaFX Application Thread] DEBUG LoopRunner           - Starting loop
16:13:03.650 [JavaFX Application Thread] DEBUG LoopRunner           - Initializing JavaFX AnimationTimerLoop
16:13:03.651 [JavaFX Application Thread] DEBUG GameApplicationServi - Starting new game
16:13:03.652 [JavaFX Application Thread] DEBUG Input                - Clearing active input actions
16:13:03.662 [JavaFX Application Thread] DEBUG GameApplicationServi - Removing overlay from FXGLStartupScene and adding to FXGLLoadingScene
16:13:03.663 [JavaFX Application Thread] DEBUG PrimaryStageWindow   - FXGLStartupScene -> FXGLLoadingScene
16:13:03.663 [JavaFX Application Thread] DEBUG GameApplicationServi - Clearing previous game
16:13:03.663 [JavaFX Application Thread] DEBUG GameScene            - Clearing game scene
16:13:03.663 [JavaFX Application Thread] DEBUG GameWorld            - Clearing game world
16:13:03.663 [JavaFX Application Thread] DEBUG PhysicsWorld         - Clearing physics world
16:13:03.666 [FXGL Background Thread 4 ] DEBUG FXGLApplication      - Initializing game
16:13:03.668 [JavaFX Application Thread] DEBUG FXGLApplication      - Registering font factories with UI factory
16:13:03.670 [FXGL Background Thread 4 ] DEBUG FXGLAssetLoaderServi - Loading from file system: file:/C:/Users/Ruhmer%20Jairus/OOP2-Capstone/target/classes/assets/textures/background-and-platforms/bg-winter_1280_720.png
16:13:03.718 [FXGL Background Thread 4 ] DEBUG FXGLAssetLoaderServi - Loading from file system: file:/C:/Users/Ruhmer%20Jairus/OOP2-Capstone/target/classes/assets/textures/background-and-platforms/hdlargerplatform-winter.png
16:13:03.795 [FXGL Background Thread 4 ] DEBUG FXGLAssetLoaderServi - Loading from file system: file:/C:/Users/Ruhmer%20Jairus/OOP2-Capstone/target/classes/assets/textures/wizard/wizard.png
16:13:03.882 [FXGL Background Thread 4 ] WARN  GameWorld            - Attempted to remove entity which is not active
16:13:03.882 [FXGL Background Thread 4 ] WARN  GameWorld            - Attempted to remove entity which is not active
16:13:03.884 [FXGL Background Thread 4 ] WARN  GameWorld            - Attempted to remove entity which is not active
16:13:03.885 [FXGL Background Thread 4 ] WARN  GameWorld            - Attempted to remove entity which is not active
16:13:03.886 [FXGL Background Thread 4 ] WARN  GameWorld            - Attempted to remove entity which is not active
16:13:03.886 [FXGL Background Thread 4 ] WARN  GameWorld            - Attempted to remove entity which is not active
16:13:03.887 [FXGL Background Thread 4 ] WARN  GameWorld            - Attempted to remove entity which is not active
16:13:03.888 [FXGL Background Thread 4 ] WARN  GameWorld            - Attempted to remove entity which is not active
16:13:03.889 [FXGL Background Thread 4 ] WARN  GameWorld            - Attempted to remove entity which is not active
16:13:03.889 [FXGL Background Thread 4 ] WARN  GameWorld            - Attempted to remove entity which is not active
16:13:03.895 [FXGL Background Thread 4 ] DEBUG FXGLAssetLoaderServi - Loading from file system: file:/C:/Users/Ruhmer%20Jairus/OOP2-Capstone/target/classes/assets/textures/mobs/gargoyle/gargoyle.png
16:13:03.916 [FXGL Background Thread 4 ] INFO  FXGLApplication      - Game initialization took: 0.249 sec
16:13:03.916 [JavaFX Application Thread] DEBUG Input                - Clearing active input actions
16:13:03.925 [JavaFX Application Thread] DEBUG GameApplicationServi - Removing overlay from FXGLLoadingScene and adding to GameScene
16:13:03.926 [JavaFX Application Thread] DEBUG PrimaryStageWindow   - FXGLLoadingScene -> GameScene
16:13:03.940 [JavaFX Application Thread] DEBUG LoopRunner           - Stopping loop
16:13:03.943 [JavaFX Application Thread] FATAL FXGLApplication      - Uncaught Exception:
java.lang.Error: Unresolved compilation problem: 
	Local variable currentY is required to be final or effectively final based on its usage

	at TypeWiz/com.oop2.typewiz.GameplayComponents.Game.spawnGargoyleGroup(Game.java:590)
	at TypeWiz/com.oop2.typewiz.GameplayComponents.Game.startWave(Game.java:563)
	at TypeWiz/com.oop2.typewiz.GameplayComponents.Game.onUpdate(Game.java:403)
	at com.almasb.fxgl.all@21.1/com.almasb.fxgl.app.FXGLApplication$GameApplicationService.onGameUpdate(FXGLApplication.kt:440)
	at com.almasb.fxgl.all@21.1/com.almasb.fxgl.app.Engine.onGameUpdate(Engine.kt:138)
	at com.almasb.fxgl.all@21.1/com.almasb.fxgl.app.FXGLApplication.postServicesInit$lambda$7(FXGLApplication.kt:184)
	at com.almasb.fxgl.scene@21.1/com.almasb.fxgl.scene.Scene.update(Scene.kt:113)
	at com.almasb.fxgl.all@21.1/com.almasb.fxgl.app.MainWindow$update$1.invoke(MainWindow.kt:121)
	at com.almasb.fxgl.all@21.1/com.almasb.fxgl.app.MainWindow$update$1.invoke(MainWindow.kt:121)
	at com.almasb.fxgl.core@21.1/com.almasb.fxgl.core.fsm.StateMachine.runOnActiveStates(StateMachine.kt:69)
	at com.almasb.fxgl.all@21.1/com.almasb.fxgl.app.MainWindow.update(MainWindow.kt:121)
	at com.almasb.fxgl.all@21.1/com.almasb.fxgl.app.FXGLApplication$GameApplicationService.onUpdate(FXGLApplication.kt:445)
	at com.almasb.fxgl.all@21.1/com.almasb.fxgl.app.Engine.loop(Engine.kt:134)
	at com.almasb.fxgl.all@21.1/com.almasb.fxgl.app.Engine.access$loop(Engine.kt:24)
	at com.almasb.fxgl.all@21.1/com.almasb.fxgl.app.Engine$loop$1.invoke(Engine.kt:28)
	at com.almasb.fxgl.all@21.1/com.almasb.fxgl.app.Engine$loop$1.invoke(Engine.kt:28)
	at com.almasb.fxgl.all@21.1/com.almasb.fxgl.app.LoopRunner.frame(LoopRunner.kt:103)
	at com.almasb.fxgl.all@21.1/com.almasb.fxgl.app.LoopRunner.access$frame(LoopRunner.kt:23)
	at com.almasb.fxgl.all@21.1/com.almasb.fxgl.app.LoopRunner$impl$2$1.onTick(LoopRunner.kt:57)
	at com.almasb.fxgl.all@21.1/com.almasb.fxgl.app.AnimationTimerLoop$timer$1.handle(LoopRunner.kt:137)
	at javafx.graphics@19/javafx.animation.AnimationTimer$AnimationTimerReceiver.lambda$handle$0(AnimationTimer.java:58)
	at java.base/java.security.AccessController.doPrivileged(AccessController.java:400)
	at javafx.graphics@19/javafx.animation.AnimationTimer$AnimationTimerReceiver.handle(AnimationTimer.java:57)
	at javafx.graphics@19/com.sun.scenario.animation.AbstractPrimaryTimer.timePulseImpl(AbstractPrimaryTimer.java:356)
	at javafx.graphics@19/com.sun.scenario.animation.AbstractPrimaryTimer$MainLoop.run(AbstractPrimaryTimer.java:266)
	at javafx.graphics@19/com.sun.javafx.tk.quantum.QuantumToolkit.pulse(QuantumToolkit.java:571)
	at javafx.graphics@19/com.sun.javafx.tk.quantum.QuantumToolkit.pulse(QuantumToolkit.java:555)
	at javafx.graphics@19/com.sun.javafx.tk.quantum.QuantumToolkit.pulseFromQueue(QuantumToolkit.java:548)
	at javafx.graphics@19/com.sun.javafx.tk.quantum.QuantumToolkit.lambda$runToolkit$11(QuantumToolkit.java:352)
	at javafx.graphics@19/com.sun.glass.ui.InvokeLaterDispatcher$Future.run(InvokeLaterDispatcher.java:96)
	at javafx.graphics@19/com.sun.glass.ui.win.WinApplication._runLoop(Native Method)
	at javafx.graphics@19/com.sun.glass.ui.win.WinApplication.lambda$runLoop$3(WinApplication.java:184)
	at java.base/java.lang.Thread.run(Thread.java:1583)

16:13:03.944 [JavaFX Application Thread] FATAL FXGLApplication      - Application will now exit
16:13:03.972 [JavaFX Application Thread] DEBUG PrimaryStageWindow   - Push state: ErrorSubScene
16:13:03.973 [JavaFX Application Thread] DEBUG Input                - Clearing active input actions
16:13:03.984 [JavaFX Application Thread] DEBUG GameApplicationServi - Removing overlay from GameScene and adding to ErrorSubScene
16:13:03.985 [JavaFX Application Thread] DEBUG PrimaryStageWindow   - GameScene -> ErrorSubScene
16:13:06.578 [FXGL Background Thread 3 ] DEBUG Engine               - Logging environment variables
16:13:06.578 [FXGL Background Thread 3 ] DEBUG Engine               - achievements: []
16:13:06.578 [FXGL Background Thread 3 ] DEBUG Engine               - actualHeight: 720.0
16:13:06.578 [FXGL Background Thread 3 ] DEBUG Engine               - actualHeightProperty: ReadOnlyDoubleProperty [value: 720.0]
16:13:06.578 [FXGL Background Thread 3 ] DEBUG Engine               - actualWidth: 1280.0
16:13:06.578 [FXGL Background Thread 3 ] DEBUG Engine               - actualWidthProperty: ReadOnlyDoubleProperty [value: 1280.0]
16:13:06.578 [FXGL Background Thread 3 ] DEBUG Engine               - appIcon: fxgl_icon.png
16:13:06.578 [FXGL Background Thread 3 ] DEBUG Engine               - applicationMode: DEVELOPER
16:13:06.578 [FXGL Background Thread 3 ] DEBUG Engine               - cSSList: [fxgl_dark.css]
16:13:06.578 [FXGL Background Thread 3 ] DEBUG Engine               - collisionDetectionStrategy: BRUTE_FORCE
16:13:06.578 [FXGL Background Thread 3 ] DEBUG Engine               - configClass: Optional.empty
16:13:06.578 [FXGL Background Thread 3 ] DEBUG Engine               - credits: []
16:13:06.579 [FXGL Background Thread 3 ] DEBUG Engine               - defaultCursor: CursorInfo(imageName=fxgl_default_cursor.png, hotspotX=7.0, hotspotY=6.0)
16:13:06.580 [FXGL Background Thread 3 ] DEBUG Engine               - devBBoxColorProperty: ObjectProperty [value: 0xff0000ff]
16:13:06.580 [FXGL Background Thread 3 ] DEBUG Engine               - devEnableDebugCameraProperty: BooleanProperty [value: false]
16:13:06.580 [FXGL Background Thread 3 ] DEBUG Engine               - devSensorColorProperty: ObjectProperty [value: 0xffff00ff]
16:13:06.580 [FXGL Background Thread 3 ] DEBUG Engine               - devShowBBoxProperty: BooleanProperty [value: false]
16:13:06.580 [FXGL Background Thread 3 ] DEBUG Engine               - devShowPositionProperty: BooleanProperty [value: false]
16:13:06.580 [FXGL Background Thread 3 ] DEBUG Engine               - enabledMenuItems: []
16:13:06.580 [FXGL Background Thread 3 ] DEBUG Engine               - engineServices: [class com.almasb.fxgl.app.services.FXGLAssetLoaderService, class com.almasb.fxgl.app.FXGLApplication$GameApplicationService, class com.almasb.fxgl.app.services.FXGLDialogService, class com.almasb.fxgl.app.services.IOTaskExecutorService, class com.almasb.fxgl.io.FileSystemService, class com.almasb.fxgl.localization.LocalizationService, class com.almasb.fxgl.app.services.SystemBundleService, class com.almasb.fxgl.profile.SaveLoadService, class com.almasb.fxgl.ui.FXGLUIFactoryServiceProvider, class com.almasb.fxgl.ui.FXGLDialogFactoryServiceProvider, class com.almasb.fxgl.audio.AudioPlayer, class com.almasb.fxgl.notification.impl.NotificationServiceProvider, class com.almasb.fxgl.achievement.AchievementService, class com.almasb.fxgl.cutscene.CutsceneService, class com.almasb.fxgl.minigames.MiniGameService, class com.almasb.fxgl.net.NetService, class com.almasb.fxgl.app.services.UpdaterService, class com.almasb.fxgl.dev.DevService]
16:13:06.580 [FXGL Background Thread 3 ] DEBUG Engine               - fontGame: Abel-Regular.ttf
16:13:06.580 [FXGL Background Thread 3 ] DEBUG Engine               - fontMono: TerminalLandMono-Regular.otf
16:13:06.580 [FXGL Background Thread 3 ] DEBUG Engine               - fontSizeScaleUI: 1.0
16:13:06.580 [FXGL Background Thread 3 ] DEBUG Engine               - fontText: Courier-Prime.ttf
16:13:06.580 [FXGL Background Thread 3 ] DEBUG Engine               - fontUI: VarelaRound-Regular.ttf
16:13:06.580 [FXGL Background Thread 3 ] DEBUG Engine               - fullScreen: BooleanProperty [value: false]
16:13:06.580 [FXGL Background Thread 3 ] DEBUG Engine               - gameDifficulty: MEDIUM
16:13:06.580 [FXGL Background Thread 3 ] DEBUG Engine               - gameDifficultyProperty: ObjectProperty [value: MEDIUM]
16:13:06.580 [FXGL Background Thread 3 ] DEBUG Engine               - globalMusicVolume: 0.5
16:13:06.580 [FXGL Background Thread 3 ] DEBUG Engine               - globalMusicVolumeProperty: DoubleProperty [value: 0.5]
16:13:06.580 [FXGL Background Thread 3 ] DEBUG Engine               - globalSoundVolume: 0.5
16:13:06.580 [FXGL Background Thread 3 ] DEBUG Engine               - globalSoundVolumeProperty: DoubleProperty [value: 0.5]
16:13:06.580 [FXGL Background Thread 3 ] DEBUG Engine               - height: 720
16:13:06.580 [FXGL Background Thread 3 ] DEBUG Engine               - is3D: false
16:13:06.581 [FXGL Background Thread 3 ] DEBUG Engine               - isAndroid: false
16:13:06.581 [FXGL Background Thread 3 ] DEBUG Engine               - isBrowser: false
16:13:06.581 [FXGL Background Thread 3 ] DEBUG Engine               - isClickFeedbackEnabled: false
16:13:06.581 [FXGL Background Thread 3 ] DEBUG Engine               - isCloseConfirmation: false
16:13:06.581 [FXGL Background Thread 3 ] DEBUG Engine               - isDesktop: true
16:13:06.581 [FXGL Background Thread 3 ] DEBUG Engine               - isDeveloperMenuEnabled: false
16:13:06.581 [FXGL Background Thread 3 ] DEBUG Engine               - isEmbedded: false
16:13:06.581 [FXGL Background Thread 3 ] DEBUG Engine               - isEntityPreloadEnabled: true
16:13:06.581 [FXGL Background Thread 3 ] DEBUG Engine               - isExperimentalTiledLargeMap: false
16:13:06.581 [FXGL Background Thread 3 ] DEBUG Engine               - isFileSystemWriteAllowed: true
16:13:06.581 [FXGL Background Thread 3 ] DEBUG Engine               - isFullScreenAllowed: false
16:13:06.581 [FXGL Background Thread 3 ] DEBUG Engine               - isFullScreenFromStart: false
16:13:06.581 [FXGL Background Thread 3 ] DEBUG Engine               - isGameMenuEnabled: false
16:13:06.581 [FXGL Background Thread 3 ] DEBUG Engine               - isIOS: false
16:13:06.581 [FXGL Background Thread 3 ] DEBUG Engine               - isIntroEnabled: false
16:13:06.581 [FXGL Background Thread 3 ] DEBUG Engine               - isLinux: false
16:13:06.581 [FXGL Background Thread 3 ] DEBUG Engine               - isMac: false
16:13:06.581 [FXGL Background Thread 3 ] DEBUG Engine               - isMainMenuEnabled: false
16:13:06.581 [FXGL Background Thread 3 ] DEBUG Engine               - isManualResizeEnabled: false
16:13:06.581 [FXGL Background Thread 3 ] DEBUG Engine               - isMobile: false
16:13:06.581 [FXGL Background Thread 3 ] DEBUG Engine               - isNative: false
16:13:06.581 [FXGL Background Thread 3 ] DEBUG Engine               - isPauseMusicWhenMinimized: true
16:13:06.581 [FXGL Background Thread 3 ] DEBUG Engine               - isPreserveResizeRatio: true
16:13:06.581 [FXGL Background Thread 3 ] DEBUG Engine               - isProfilingEnabled: false
16:13:06.581 [FXGL Background Thread 3 ] DEBUG Engine               - isScaleAffectedOnResize: true
16:13:06.581 [FXGL Background Thread 3 ] DEBUG Engine               - isSingleStep: false
16:13:06.581 [FXGL Background Thread 3 ] DEBUG Engine               - isUserProfileEnabled: false
16:13:06.581 [FXGL Background Thread 3 ] DEBUG Engine               - isWindows: true
16:13:06.581 [FXGL Background Thread 3 ] DEBUG Engine               - language: ObjectProperty [value: ENGLISH]
16:13:06.581 [FXGL Background Thread 3 ] DEBUG Engine               - menuKey: ESCAPE
16:13:06.581 [FXGL Background Thread 3 ] DEBUG Engine               - mouseSensitivity: 0.2
16:13:06.582 [FXGL Background Thread 3 ] DEBUG Engine               - notificationViewClass: class com.almasb.fxgl.notification.view.XboxNotificationView
16:13:06.582 [FXGL Background Thread 3 ] DEBUG Engine               - pixelsPerMeter: 50.0
16:13:06.582 [FXGL Background Thread 3 ] DEBUG Engine               - platform: WINDOWS
16:13:06.582 [FXGL Background Thread 3 ] DEBUG Engine               - prefHeightProperty: ReadOnlyDoubleProperty [value: 720.0]
16:13:06.582 [FXGL Background Thread 3 ] DEBUG Engine               - prefWidthProperty: ReadOnlyDoubleProperty [value: 1280.0]
16:13:06.582 [FXGL Background Thread 3 ] DEBUG Engine               - profileDir: profiles/
16:13:06.582 [FXGL Background Thread 3 ] DEBUG Engine               - profileName: StringProperty [value: DEFAULT]
16:13:06.582 [FXGL Background Thread 3 ] DEBUG Engine               - randomSeed: -1
16:13:06.582 [FXGL Background Thread 3 ] DEBUG Engine               - runtimeInfo: RuntimeInfo(platform=WINDOWS, version=21.1, build=27.03.2024 07.52)
16:13:06.582 [FXGL Background Thread 3 ] DEBUG Engine               - saveFileExt: sav
16:13:06.582 [FXGL Background Thread 3 ] DEBUG Engine               - scaledHeightProp$fxgl: DoubleProperty [bound, value: 720.0]
16:13:06.582 [FXGL Background Thread 3 ] DEBUG Engine               - scaledWidthProp$fxgl: DoubleProperty [bound, value: 1280.0]
16:13:06.582 [FXGL Background Thread 3 ] DEBUG Engine               - sceneFactory: com.almasb.fxgl.app.scene.SceneFactory@1891efde
16:13:06.582 [FXGL Background Thread 3 ] DEBUG Engine               - secondsIn24h: 60
16:13:06.582 [FXGL Background Thread 3 ] DEBUG Engine               - soundMenuBack: menu/back.wav
16:13:06.582 [FXGL Background Thread 3 ] DEBUG Engine               - soundMenuPress: menu/press.wav
16:13:06.582 [FXGL Background Thread 3 ] DEBUG Engine               - soundMenuSelect: menu/select.wav
16:13:06.582 [FXGL Background Thread 3 ] DEBUG Engine               - soundNotification: core/notification.wav
16:13:06.582 [FXGL Background Thread 3 ] DEBUG Engine               - stageStyle: DECORATED
16:13:06.582 [FXGL Background Thread 3 ] DEBUG Engine               - supportedLanguages: [ENGLISH, FRENCH, GERMAN, HUNGARIAN, RUSSIAN]
16:13:06.582 [FXGL Background Thread 3 ] DEBUG Engine               - ticksPerSecond: -1
16:13:06.582 [FXGL Background Thread 3 ] DEBUG Engine               - title: TypeWiz - Winter Theme
16:13:06.582 [FXGL Background Thread 3 ] DEBUG Engine               - urlGithub: https://github.com/AlmasB/FXGL
16:13:06.582 [FXGL Background Thread 3 ] DEBUG Engine               - urlLeaderboard: http://fxgl-top.herokuapp.com/
16:13:06.582 [FXGL Background Thread 3 ] DEBUG Engine               - urlPOM: https://raw.githubusercontent.com/AlmasB/FXGL/release/README.md
16:13:06.582 [FXGL Background Thread 3 ] DEBUG Engine               - userAppClass: class com.oop2.typewiz.GameplayComponents.Game
16:13:06.582 [FXGL Background Thread 3 ] DEBUG Engine               - version: 0.0
16:13:06.582 [FXGL Background Thread 3 ] DEBUG Engine               - versionCheckDays: 7
16:13:06.582 [FXGL Background Thread 3 ] DEBUG Engine               - width: 1280
16:13:06.582 [FXGL Background Thread 3 ] DEBUG Engine               - Logging services
16:13:06.582 [FXGL Background Thread 3 ] DEBUG Engine               - class com.almasb.fxgl.app.services.FXGLAssetLoaderService
16:13:06.582 [FXGL Background Thread 3 ] DEBUG Engine               - class com.almasb.fxgl.app.FXGLApplication$GameApplicationService
16:13:06.582 [FXGL Background Thread 3 ] DEBUG Engine               - class com.almasb.fxgl.app.services.FXGLDialogService
16:13:06.582 [FXGL Background Thread 3 ] DEBUG Engine               - class com.almasb.fxgl.app.services.IOTaskExecutorService
16:13:06.582 [FXGL Background Thread 3 ] DEBUG Engine               - class com.almasb.fxgl.io.FileSystemService
16:13:06.582 [FXGL Background Thread 3 ] DEBUG Engine               - class com.almasb.fxgl.localization.LocalizationService
16:13:06.582 [FXGL Background Thread 3 ] DEBUG Engine               - class com.almasb.fxgl.app.services.SystemBundleService
16:13:06.582 [FXGL Background Thread 3 ] DEBUG Engine               - class com.almasb.fxgl.profile.SaveLoadService
16:13:06.582 [FXGL Background Thread 3 ] DEBUG Engine               - class com.almasb.fxgl.ui.FXGLUIFactoryServiceProvider
16:13:06.582 [FXGL Background Thread 3 ] DEBUG Engine               - class com.almasb.fxgl.ui.FXGLDialogFactoryServiceProvider
16:13:06.582 [FXGL Background Thread 3 ] DEBUG Engine               - class com.almasb.fxgl.audio.AudioPlayer
16:13:06.583 [FXGL Background Thread 3 ] DEBUG Engine               - class com.almasb.fxgl.notification.impl.NotificationServiceProvider
16:13:06.583 [FXGL Background Thread 3 ] DEBUG Engine               - class com.almasb.fxgl.achievement.AchievementService
16:13:06.583 [FXGL Background Thread 3 ] DEBUG Engine               - class com.almasb.fxgl.cutscene.CutsceneService
16:13:06.583 [FXGL Background Thread 3 ] DEBUG Engine               - class com.almasb.fxgl.minigames.MiniGameService
16:13:06.583 [FXGL Background Thread 3 ] DEBUG Engine               - class com.almasb.fxgl.net.NetService
16:13:06.583 [FXGL Background Thread 3 ] DEBUG Engine               - class com.almasb.fxgl.app.services.UpdaterService
16:13:06.583 [FXGL Background Thread 3 ] DEBUG Engine               - class com.almasb.fxgl.dev.DevService
16:13:07.872 [JavaFX Application Thread] DEBUG FXGLApplication      - Exiting FXGL
16:13:07.872 [JavaFX Application Thread] DEBUG Async                - Shutting down background threads
16:13:07.872 [JavaFX Application Thread] DEBUG PrimaryStageWindow   - Closing main window
16:13:07.886 [JavaFX Application Thread] DEBUG Logger               - Closing Logger
