22:53:01.737 [main                     ] DEBUG Logger               - Configured Logger
22:53:01.853 [main                     ] DEBUG GameApplication      - Logging settings
Title: TypeWiz
Version: 0.0
Width: 1550
Height: 800
Fullscreen: false
Intro: false
Profiling: false
Single step:false
App Mode: DEVELOPER
Menu Key: ESCAPE
Stage Style: DECORATED
Scene Factory: class com.almasb.fxgl.app.scene.SceneFactory

22:53:02.736 [JavaFX Application Thread] DEBUG FXGLApplication      - Initializing FXGL
22:53:02.744 [JavaFX Application Thread] INFO  Engine               - FXGL-21.1 (27.03.2024 07.52) on MAC (J:23.0.1 FX:19)
22:53:02.745 [JavaFX Application Thread] DEBUG Engine               - JRE Vendor Name: Oracle Corporation
22:53:02.745 [JavaFX Application Thread] DEBUG Engine               - Running on OS: Mac OS X version 10.15.7
22:53:02.745 [JavaFX Application Thread] DEBUG Engine               - Architecture: x86_64
22:53:02.745 [JavaFX Application Thread] INFO  Engine               - Source code and latest versions at: https://github.com/AlmasB/FXGL
22:53:02.746 [JavaFX Application Thread] INFO  Engine               -       Ask questions and discuss at: https://github.com/AlmasB/FXGL/discussions
22:53:02.746 [JavaFX Application Thread] INFO  Engine               -              Join the FXGL chat at: https://gitter.im/AlmasB/FXGL
22:53:03.085 [JavaFX Application Thread] DEBUG PrimaryStageWindow   - Creating a JavaFX scene
22:53:03.085 [JavaFX Application Thread] DEBUG PrimaryStageWindow   - Target size > screen size
22:53:03.356 [JavaFX Application Thread] DEBUG PrimaryStageWindow   - Target settings size: 1550.0 x 800.0
22:53:03.357 [JavaFX Application Thread] DEBUG PrimaryStageWindow   - Scaled scene size:    1255.0 x 660.0
22:53:03.358 [JavaFX Application Thread] DEBUG PrimaryStageWindow   - Scaled ratio: (0.8096774193548387, 0.825)
22:53:03.360 [JavaFX Application Thread] DEBUG PrimaryStageWindow   - Set initial scene to FXGLStartupScene
22:53:03.371 [JavaFX Application Thread] DEBUG PrimaryStageWindow   - Opening main window
22:53:03.672 [JavaFX Application Thread] DEBUG PrimaryStageWindow   - Window border size: (0.0, 22.0)
22:53:03.673 [JavaFX Application Thread] DEBUG PrimaryStageWindow   - Scaled size: 1255.0 x 660.0
22:53:03.673 [JavaFX Application Thread] DEBUG PrimaryStageWindow   - Scaled ratio: (0.8096774193548387, 0.825)
22:53:03.674 [JavaFX Application Thread] DEBUG PrimaryStageWindow   - Scene size: 1255.0 x 660.0
22:53:03.674 [JavaFX Application Thread] DEBUG PrimaryStageWindow   - Stage size: 1255.0 x 682.0
22:53:03.687 [FXGL Background Thread 1 ] DEBUG Engine               - Initializing environment variables
22:53:04.092 [FXGL Background Thread 1 ] DEBUG FXGLAssetLoaderServi - User app class for loading assets: class com.oop2.typewiz.TypeWizApp
22:53:04.093 [FXGL Background Thread 1 ] DEBUG GameApplicationServi - Applying CSS: fxgl_dark.css
22:53:04.095 [FXGL Background Thread 1 ] DEBUG FXGLAssetLoaderServi - Loading from file system: jar:file:///Users/archiecabiso/.m2/repository/com/github/almasb/fxgl/21.1/fxgl-21.1.jar!/fxglassets/ui/css/fxgl_dark.css
22:53:04.286 [FXGL Background Thread 1 ] DEBUG GameApplicationServi - Initializing application scenes
22:53:05.331 [FXGL Background Thread 1 ] DEBUG GameWorld            - Game world initialized
22:53:05.510 [FXGL Background Thread 1 ] DEBUG PhysicsWorld         - Physics world initialized: appHeight=800, physics.ppm=50.0
22:53:05.510 [FXGL Background Thread 1 ] DEBUG PhysicsWorld         - Using strategy: BRUTE_FORCE
22:53:05.519 [FXGL Background Thread 1 ] DEBUG GameScene            - Game scene initialized: 1550x800
22:53:05.603 [FXGL Background Thread 1 ] DEBUG FXGL.DefaultMenu     - createMenuBodyGameMenu()
22:53:05.652 [FXGL Background Thread 1 ] DEBUG FXGL.DefaultMenu     - createOptionsMenu()
22:53:05.679 [FXGL Background Thread 1 ] DEBUG FXGLAssetLoaderServi - Loading from file system: jar:file:///Users/archiecabiso/.m2/repository/com/github/almasb/fxgl/21.1/fxgl-21.1.jar!/fxglassets/textures/particles/smoke.png
22:53:06.284 [FXGL Background Thread 1 ] DEBUG FXGLAssetLoaderServi - Loading from file system: jar:file:///Users/archiecabiso/.m2/repository/com/github/almasb/fxgl/21.1/fxgl-21.1.jar!/fxglassets/textures/particles/trace_horizontal.png
22:53:06.512 [FXGL Background Thread 1 ] DEBUG GameApplicationServi - Application scenes initialized
22:53:06.579 [FXGL Background Thread 1 ] DEBUG SystemBundleService  - Loading FXGL system data
22:53:06.590 [FXGL Background Thread 1 ] DEBUG FileSystemAccess     - Reading from: /Users/archiecabiso/Documents/2nd Year - CS/2nd Sem/CSIT228/OOP2-Capstone/system/fxgl.bundle
22:53:06.606 [FXGL Background Thread 1 ] DEBUG SystemBundleService  - Bundle FXGL: {}
22:53:06.606 [FXGL Background Thread 1 ] DEBUG UpdaterService       - Checking for updates
22:53:06.615 [FXGL Background Thread 4 ] DEBUG FXGLApplication      - Loading fonts
22:53:06.616 [FXGL Background Thread 4 ] DEBUG FXGLAssetLoaderServi - Loading from file system: jar:file:///Users/archiecabiso/.m2/repository/com/github/almasb/fxgl/21.1/fxgl-21.1.jar!/fxglassets/ui/fonts/VarelaRound-Regular.ttf
22:53:06.616 [FXGL Background Thread 1 ] DEBUG FXGLApplication      - Loading default localization
22:53:06.617 [FXGL Background Thread 1 ] DEBUG FXGLAssetLoaderServi - Loading from file system: jar:file:///Users/archiecabiso/.m2/repository/com/github/almasb/fxgl/21.1/fxgl-21.1.jar!/fxglassets/languages/english.lang
22:53:06.636 [FXGL Background Thread 4 ] DEBUG FXGLAssetLoaderServi - Loading from file system: jar:file:///Users/archiecabiso/.m2/repository/com/github/almasb/fxgl/21.1/fxgl-21.1.jar!/fxglassets/ui/fonts/Abel-Regular.ttf
22:53:06.640 [FXGL Background Thread 4 ] DEBUG FXGLAssetLoaderServi - Loading from file system: jar:file:///Users/archiecabiso/.m2/repository/com/github/almasb/fxgl/21.1/fxgl-21.1.jar!/fxglassets/ui/fonts/TerminalLandMono-Regular.otf
22:53:06.645 [FXGL Background Thread 4 ] DEBUG FXGLAssetLoaderServi - Loading from file system: jar:file:///Users/archiecabiso/.m2/repository/com/github/almasb/fxgl/21.1/fxgl-21.1.jar!/fxglassets/ui/fonts/Courier-Prime.ttf
22:53:06.651 [JavaFX Application Thread] DEBUG FXGLApplication      - Registering font factories with UI factory
22:53:06.664 [FXGL Background Thread 1 ] INFO  FXGLApplication      - FXGL initialization took: 2.976 sec
22:53:06.665 [JavaFX Application Thread] DEBUG FXGLAssetLoaderServi - Loading from file system: jar:file:///Users/archiecabiso/.m2/repository/com/github/almasb/fxgl/21.1/fxgl-21.1.jar!/fxglassets/textures/fxgl_icon.png
22:53:06.726 [JavaFX Application Thread] DEBUG FXGLAssetLoaderServi - Loading from file system: jar:file:///Users/archiecabiso/.m2/repository/com/github/almasb/fxgl/21.1/fxgl-21.1.jar!/fxglassets/textures/fxgl_default_cursor.png
22:53:06.746 [JavaFX Application Thread] DEBUG Input                - Registered new binding: Screenshot - CTRL+8
22:53:06.747 [JavaFX Application Thread] DEBUG Input                - Registered new binding: System info dump - CTRL+9
22:53:06.748 [JavaFX Application Thread] DEBUG Input                - Registered new binding: Restart - CTRL+R
22:53:06.749 [JavaFX Application Thread] DEBUG Input                - Registered new binding: Toggle Debug Camera - CTRL+7
22:53:06.755 [JavaFX Application Thread] DEBUG LoopRunner           - Starting loop
22:53:06.755 [JavaFX Application Thread] DEBUG LoopRunner           - Initializing JavaFX AnimationTimerLoop
22:53:06.757 [JavaFX Application Thread] DEBUG GameApplicationServi - Starting new game
22:53:06.758 [JavaFX Application Thread] DEBUG Input                - Clearing active input actions
22:53:06.781 [JavaFX Application Thread] DEBUG GameApplicationServi - Removing overlay from FXGLStartupScene and adding to FXGLLoadingScene
22:53:06.782 [JavaFX Application Thread] DEBUG PrimaryStageWindow   - FXGLStartupScene -> FXGLLoadingScene
22:53:06.782 [JavaFX Application Thread] DEBUG GameApplicationServi - Clearing previous game
22:53:06.782 [JavaFX Application Thread] DEBUG GameScene            - Clearing game scene
22:53:06.782 [JavaFX Application Thread] DEBUG GameWorld            - Clearing game world
22:53:06.782 [JavaFX Application Thread] DEBUG PhysicsWorld         - Clearing physics world
22:53:06.803 [FXGL Background Thread 1 ] DEBUG FXGLApplication      - Initializing game
22:53:09.619 [FXGL Background Thread 3 ] DEBUG Engine               - Logging environment variables
22:53:09.623 [FXGL Background Thread 3 ] DEBUG Engine               - achievements: []
22:53:09.623 [FXGL Background Thread 3 ] DEBUG Engine               - actualHeight: 660.0
22:53:09.623 [FXGL Background Thread 3 ] DEBUG Engine               - actualHeightProperty: ReadOnlyDoubleProperty [value: 660.0]
22:53:09.624 [FXGL Background Thread 3 ] DEBUG Engine               - actualWidth: 1255.0
22:53:09.624 [FXGL Background Thread 3 ] DEBUG Engine               - actualWidthProperty: ReadOnlyDoubleProperty [value: 1255.0]
22:53:09.624 [FXGL Background Thread 3 ] DEBUG Engine               - appIcon: fxgl_icon.png
22:53:09.624 [FXGL Background Thread 3 ] DEBUG Engine               - applicationMode: DEVELOPER
22:53:09.625 [FXGL Background Thread 3 ] DEBUG Engine               - cSSList: [fxgl_dark.css]
22:53:09.626 [FXGL Background Thread 3 ] DEBUG Engine               - collisionDetectionStrategy: BRUTE_FORCE
22:53:09.627 [FXGL Background Thread 3 ] DEBUG Engine               - configClass: Optional.empty
22:53:09.628 [FXGL Background Thread 3 ] DEBUG Engine               - credits: []
22:53:09.629 [FXGL Background Thread 3 ] DEBUG Engine               - defaultCursor: CursorInfo(imageName=fxgl_default_cursor.png, hotspotX=7.0, hotspotY=6.0)
22:53:09.630 [FXGL Background Thread 3 ] DEBUG Engine               - devBBoxColorProperty: ObjectProperty [value: 0xff0000ff]
22:53:09.630 [FXGL Background Thread 3 ] DEBUG Engine               - devEnableDebugCameraProperty: BooleanProperty [value: false]
22:53:09.630 [FXGL Background Thread 3 ] DEBUG Engine               - devSensorColorProperty: ObjectProperty [value: 0xffff00ff]
22:53:09.630 [FXGL Background Thread 3 ] DEBUG Engine               - devShowBBoxProperty: BooleanProperty [value: false]
22:53:09.631 [FXGL Background Thread 3 ] DEBUG Engine               - devShowPositionProperty: BooleanProperty [value: false]
22:53:09.631 [FXGL Background Thread 3 ] DEBUG Engine               - enabledMenuItems: []
22:53:09.631 [FXGL Background Thread 3 ] DEBUG Engine               - engineServices: [class com.almasb.fxgl.app.services.FXGLAssetLoaderService, class com.almasb.fxgl.app.FXGLApplication$GameApplicationService, class com.almasb.fxgl.app.services.FXGLDialogService, class com.almasb.fxgl.app.services.IOTaskExecutorService, class com.almasb.fxgl.io.FileSystemService, class com.almasb.fxgl.localization.LocalizationService, class com.almasb.fxgl.app.services.SystemBundleService, class com.almasb.fxgl.profile.SaveLoadService, class com.almasb.fxgl.ui.FXGLUIFactoryServiceProvider, class com.almasb.fxgl.ui.FXGLDialogFactoryServiceProvider, class com.almasb.fxgl.audio.AudioPlayer, class com.almasb.fxgl.notification.impl.NotificationServiceProvider, class com.almasb.fxgl.achievement.AchievementService, class com.almasb.fxgl.cutscene.CutsceneService, class com.almasb.fxgl.minigames.MiniGameService, class com.almasb.fxgl.net.NetService, class com.almasb.fxgl.app.services.UpdaterService, class com.almasb.fxgl.dev.DevService]
22:53:09.632 [FXGL Background Thread 3 ] DEBUG Engine               - fontGame: Abel-Regular.ttf
22:53:09.632 [FXGL Background Thread 3 ] DEBUG Engine               - fontMono: TerminalLandMono-Regular.otf
22:53:09.632 [FXGL Background Thread 3 ] DEBUG Engine               - fontSizeScaleUI: 1.0
22:53:09.633 [FXGL Background Thread 3 ] DEBUG Engine               - fontText: Courier-Prime.ttf
22:53:09.633 [FXGL Background Thread 3 ] DEBUG Engine               - fontUI: VarelaRound-Regular.ttf
22:53:09.633 [FXGL Background Thread 3 ] DEBUG Engine               - fullScreen: BooleanProperty [value: false]
22:53:09.633 [FXGL Background Thread 3 ] DEBUG Engine               - gameDifficulty: MEDIUM
22:53:09.633 [FXGL Background Thread 3 ] DEBUG Engine               - gameDifficultyProperty: ObjectProperty [value: MEDIUM]
22:53:09.633 [FXGL Background Thread 3 ] DEBUG Engine               - globalMusicVolume: 0.5
22:53:09.633 [FXGL Background Thread 3 ] DEBUG Engine               - globalMusicVolumeProperty: DoubleProperty [value: 0.5]
22:53:09.634 [FXGL Background Thread 3 ] DEBUG Engine               - globalSoundVolume: 0.5
22:53:09.634 [FXGL Background Thread 3 ] DEBUG Engine               - globalSoundVolumeProperty: DoubleProperty [value: 0.5]
22:53:09.634 [FXGL Background Thread 3 ] DEBUG Engine               - height: 800
22:53:09.634 [FXGL Background Thread 3 ] DEBUG Engine               - is3D: false
22:53:09.634 [FXGL Background Thread 3 ] DEBUG Engine               - isAndroid: false
22:53:09.634 [FXGL Background Thread 3 ] DEBUG Engine               - isBrowser: false
22:53:09.635 [FXGL Background Thread 3 ] DEBUG Engine               - isClickFeedbackEnabled: false
22:53:09.635 [FXGL Background Thread 3 ] DEBUG Engine               - isCloseConfirmation: false
22:53:09.635 [FXGL Background Thread 3 ] DEBUG Engine               - isDesktop: true
22:53:09.635 [FXGL Background Thread 3 ] DEBUG Engine               - isDeveloperMenuEnabled: false
22:53:09.635 [FXGL Background Thread 3 ] DEBUG Engine               - isEmbedded: false
22:53:09.635 [FXGL Background Thread 3 ] DEBUG Engine               - isEntityPreloadEnabled: true
22:53:09.635 [FXGL Background Thread 3 ] DEBUG Engine               - isExperimentalTiledLargeMap: false
22:53:09.636 [FXGL Background Thread 3 ] DEBUG Engine               - isFileSystemWriteAllowed: true
22:53:09.636 [FXGL Background Thread 3 ] DEBUG Engine               - isFullScreenAllowed: false
22:53:09.636 [FXGL Background Thread 3 ] DEBUG Engine               - isFullScreenFromStart: false
22:53:09.636 [FXGL Background Thread 3 ] DEBUG Engine               - isGameMenuEnabled: true
22:53:09.636 [FXGL Background Thread 3 ] DEBUG Engine               - isIOS: false
22:53:09.636 [FXGL Background Thread 3 ] DEBUG Engine               - isIntroEnabled: false
22:53:09.636 [FXGL Background Thread 3 ] DEBUG Engine               - isLinux: false
22:53:09.636 [FXGL Background Thread 3 ] DEBUG Engine               - isMac: true
22:53:09.637 [FXGL Background Thread 3 ] DEBUG Engine               - isMainMenuEnabled: false
22:53:09.637 [FXGL Background Thread 3 ] DEBUG Engine               - isManualResizeEnabled: false
22:53:09.637 [FXGL Background Thread 3 ] DEBUG Engine               - isMobile: false
22:53:09.637 [FXGL Background Thread 3 ] DEBUG Engine               - isNative: false
22:53:09.637 [FXGL Background Thread 3 ] DEBUG Engine               - isPauseMusicWhenMinimized: true
22:53:09.638 [FXGL Background Thread 3 ] DEBUG Engine               - isPreserveResizeRatio: false
22:53:09.638 [FXGL Background Thread 3 ] DEBUG Engine               - isProfilingEnabled: false
22:53:09.638 [FXGL Background Thread 3 ] DEBUG Engine               - isScaleAffectedOnResize: true
22:53:09.639 [FXGL Background Thread 3 ] DEBUG Engine               - isSingleStep: false
22:53:09.639 [FXGL Background Thread 3 ] DEBUG Engine               - isUserProfileEnabled: false
22:53:09.641 [FXGL Background Thread 3 ] DEBUG Engine               - isWindows: false
22:53:09.642 [FXGL Background Thread 3 ] DEBUG Engine               - language: ObjectProperty [value: ENGLISH]
22:53:09.643 [FXGL Background Thread 3 ] DEBUG Engine               - menuKey: ESCAPE
22:53:09.644 [FXGL Background Thread 3 ] DEBUG Engine               - mouseSensitivity: 0.2
22:53:09.644 [FXGL Background Thread 3 ] DEBUG Engine               - notificationViewClass: class com.almasb.fxgl.notification.view.XboxNotificationView
22:53:09.644 [FXGL Background Thread 3 ] DEBUG Engine               - pixelsPerMeter: 50.0
22:53:09.644 [FXGL Background Thread 3 ] DEBUG Engine               - platform: MAC
22:53:09.644 [FXGL Background Thread 3 ] DEBUG Engine               - prefHeightProperty: ReadOnlyDoubleProperty [value: 800.0]
22:53:09.645 [FXGL Background Thread 3 ] DEBUG Engine               - prefWidthProperty: ReadOnlyDoubleProperty [value: 1550.0]
22:53:09.645 [FXGL Background Thread 3 ] DEBUG Engine               - profileDir: profiles/
22:53:09.645 [FXGL Background Thread 3 ] DEBUG Engine               - profileName: StringProperty [value: DEFAULT]
22:53:09.645 [FXGL Background Thread 3 ] DEBUG Engine               - randomSeed: -1
22:53:09.646 [FXGL Background Thread 3 ] DEBUG Engine               - runtimeInfo: RuntimeInfo(platform=MAC, version=21.1, build=27.03.2024 07.52)
22:53:09.647 [FXGL Background Thread 3 ] DEBUG Engine               - saveFileExt: sav
22:53:09.647 [FXGL Background Thread 3 ] DEBUG Engine               - scaledHeightProp$fxgl: DoubleProperty [bound, value: 660.0]
22:53:09.647 [FXGL Background Thread 3 ] DEBUG Engine               - scaledWidthProp$fxgl: DoubleProperty [bound, value: 1255.0]
22:53:09.647 [FXGL Background Thread 3 ] DEBUG Engine               - sceneFactory: com.almasb.fxgl.app.scene.SceneFactory@428ec76
22:53:09.647 [FXGL Background Thread 3 ] DEBUG Engine               - secondsIn24h: 60
22:53:09.647 [FXGL Background Thread 3 ] DEBUG Engine               - soundMenuBack: menu/back.wav
22:53:09.647 [FXGL Background Thread 3 ] DEBUG Engine               - soundMenuPress: menu/press.wav
22:53:09.648 [FXGL Background Thread 3 ] DEBUG Engine               - soundMenuSelect: menu/select.wav
22:53:09.648 [FXGL Background Thread 3 ] DEBUG Engine               - soundNotification: core/notification.wav
22:53:09.648 [FXGL Background Thread 3 ] DEBUG Engine               - stageStyle: DECORATED
22:53:09.648 [FXGL Background Thread 3 ] DEBUG Engine               - supportedLanguages: [ENGLISH, FRENCH, GERMAN, HUNGARIAN, RUSSIAN]
22:53:09.648 [FXGL Background Thread 3 ] DEBUG Engine               - ticksPerSecond: -1
22:53:09.648 [FXGL Background Thread 3 ] DEBUG Engine               - title: TypeWiz
22:53:09.648 [FXGL Background Thread 3 ] DEBUG Engine               - urlGithub: https://github.com/AlmasB/FXGL
22:53:09.648 [FXGL Background Thread 3 ] DEBUG Engine               - urlLeaderboard: http://fxgl-top.herokuapp.com/
22:53:09.648 [FXGL Background Thread 3 ] DEBUG Engine               - urlPOM: https://raw.githubusercontent.com/AlmasB/FXGL/release/README.md
22:53:09.649 [FXGL Background Thread 3 ] DEBUG Engine               - userAppClass: class com.oop2.typewiz.TypeWizApp
22:53:09.649 [FXGL Background Thread 3 ] DEBUG Engine               - version: 0.0
22:53:09.649 [FXGL Background Thread 3 ] DEBUG Engine               - versionCheckDays: 7
22:53:09.649 [FXGL Background Thread 3 ] DEBUG Engine               - width: 1550
22:53:09.649 [FXGL Background Thread 3 ] DEBUG Engine               - Logging services
22:53:09.649 [FXGL Background Thread 3 ] DEBUG Engine               - class com.almasb.fxgl.app.services.FXGLAssetLoaderService
22:53:09.649 [FXGL Background Thread 3 ] DEBUG Engine               - class com.almasb.fxgl.app.FXGLApplication$GameApplicationService
22:53:09.649 [FXGL Background Thread 3 ] DEBUG Engine               - class com.almasb.fxgl.app.services.FXGLDialogService
22:53:09.649 [FXGL Background Thread 3 ] DEBUG Engine               - class com.almasb.fxgl.app.services.IOTaskExecutorService
22:53:09.649 [FXGL Background Thread 3 ] DEBUG Engine               - class com.almasb.fxgl.io.FileSystemService
22:53:09.650 [FXGL Background Thread 3 ] DEBUG Engine               - class com.almasb.fxgl.localization.LocalizationService
22:53:09.650 [FXGL Background Thread 3 ] DEBUG Engine               - class com.almasb.fxgl.app.services.SystemBundleService
22:53:09.651 [FXGL Background Thread 3 ] DEBUG Engine               - class com.almasb.fxgl.profile.SaveLoadService
22:53:09.652 [FXGL Background Thread 3 ] DEBUG Engine               - class com.almasb.fxgl.ui.FXGLUIFactoryServiceProvider
22:53:09.653 [FXGL Background Thread 3 ] DEBUG Engine               - class com.almasb.fxgl.ui.FXGLDialogFactoryServiceProvider
22:53:09.654 [FXGL Background Thread 3 ] DEBUG Engine               - class com.almasb.fxgl.audio.AudioPlayer
22:53:09.654 [FXGL Background Thread 3 ] DEBUG Engine               - class com.almasb.fxgl.notification.impl.NotificationServiceProvider
22:53:09.654 [FXGL Background Thread 3 ] DEBUG Engine               - class com.almasb.fxgl.achievement.AchievementService
22:53:09.655 [FXGL Background Thread 3 ] DEBUG Engine               - class com.almasb.fxgl.cutscene.CutsceneService
22:53:09.655 [FXGL Background Thread 3 ] DEBUG Engine               - class com.almasb.fxgl.minigames.MiniGameService
22:53:09.655 [FXGL Background Thread 3 ] DEBUG Engine               - class com.almasb.fxgl.net.NetService
22:53:09.656 [FXGL Background Thread 3 ] DEBUG Engine               - class com.almasb.fxgl.app.services.UpdaterService
22:53:09.656 [FXGL Background Thread 3 ] DEBUG Engine               - class com.almasb.fxgl.dev.DevService
22:53:11.703 [FXGL Background Thread 1 ] INFO  FXGLApplication      - Game initialization took: 4.899 sec
22:53:11.719 [JavaFX Application Thread] DEBUG Input                - Clearing active input actions
22:53:11.757 [JavaFX Application Thread] DEBUG GameApplicationServi - Removing overlay from FXGLLoadingScene and adding to GameScene
22:53:11.758 [JavaFX Application Thread] DEBUG PrimaryStageWindow   - FXGLLoadingScene -> GameScene
22:55:50.772 [JavaFX Application Thread] DEBUG FXGLApplication      - Exiting FXGL
22:55:50.772 [JavaFX Application Thread] DEBUG LoopRunner           - Stopping loop
22:55:50.772 [JavaFX Application Thread] DEBUG SystemBundleService  - Saving FXGL system data
22:55:50.776 [JavaFX Application Thread] DEBUG FileSystemAccess     - Writing to: /Users/archiecabiso/Documents/2nd Year - CS/2nd Sem/CSIT228/OOP2-Capstone/system/fxgl.bundle
22:55:50.779 [JavaFX Application Thread] DEBUG Async                - Shutting down background threads
22:55:50.780 [JavaFX Application Thread] DEBUG PrimaryStageWindow   - Closing main window
22:55:50.787 [JavaFX Application Thread] DEBUG Logger               - Closing Logger
