22:23:52.362 [main                     ] DEBUG Logger               - Configured Logger
22:23:52.444 [main                     ] DEBUG GameApplication      - Logging settings
Title: TypeWiz - Winter Theme
Version: 0.0
Width: 1280
Height: 720
Fullscreen: false
Intro: false
Profiling: false
Single step:false
App Mode: DEVELOPER
Menu Key: ESCAPE
Stage Style: DECORATED
Scene Factory: class com.almasb.fxgl.app.scene.SceneFactory

22:23:53.302 [JavaFX Application Thread] DEBUG FXGLApplication      - Initializing FXGL
22:23:53.311 [JavaFX Application Thread] INFO  Engine               - FXGL-21.1 (27.03.2024 07.52) on MAC (J:23.0.1 FX:19)
22:23:53.312 [JavaFX Application Thread] DEBUG Engine               - JRE Vendor Name: Oracle Corporation
22:23:53.313 [JavaFX Application Thread] DEBUG Engine               - Running on OS: Mac OS X version 10.15.7
22:23:53.313 [JavaFX Application Thread] DEBUG Engine               - Architecture: x86_64
22:23:53.313 [JavaFX Application Thread] INFO  Engine               - Source code and latest versions at: https://github.com/AlmasB/FXGL
22:23:53.313 [JavaFX Application Thread] INFO  Engine               -       Ask questions and discuss at: https://github.com/AlmasB/FXGL/discussions
22:23:53.313 [JavaFX Application Thread] INFO  Engine               -              Join the FXGL chat at: https://gitter.im/AlmasB/FXGL
22:23:53.709 [JavaFX Application Thread] DEBUG PrimaryStageWindow   - Creating a JavaFX scene
22:23:53.981 [JavaFX Application Thread] DEBUG PrimaryStageWindow   - Target settings size: 1280.0 x 720.0
22:23:53.982 [JavaFX Application Thread] DEBUG PrimaryStageWindow   - Scaled scene size:    1280.0 x 720.0
22:23:53.983 [JavaFX Application Thread] DEBUG PrimaryStageWindow   - Scaled ratio: (1.0, 1.0)
22:23:53.984 [JavaFX Application Thread] DEBUG PrimaryStageWindow   - Set initial scene to FXGLStartupScene
22:23:54.007 [JavaFX Application Thread] DEBUG PrimaryStageWindow   - Opening main window
22:23:54.281 [JavaFX Application Thread] DEBUG PrimaryStageWindow   - Window border size: (0.0, 22.0)
22:23:54.281 [JavaFX Application Thread] DEBUG PrimaryStageWindow   - Scaled size: 1280.0 x 720.0
22:23:54.282 [JavaFX Application Thread] DEBUG PrimaryStageWindow   - Scaled ratio: (1.0, 1.0)
22:23:54.282 [JavaFX Application Thread] DEBUG PrimaryStageWindow   - Scene size: 1280.0 x 720.0
22:23:54.283 [JavaFX Application Thread] DEBUG PrimaryStageWindow   - Stage size: 1280.0 x 742.0
22:23:54.302 [FXGL Background Thread 1 ] DEBUG Engine               - Initializing environment variables
22:23:54.644 [FXGL Background Thread 1 ] DEBUG FXGLAssetLoaderServi - User app class for loading assets: class com.oop2.typewiz.GameplayComponents.Game
22:23:54.644 [FXGL Background Thread 1 ] DEBUG GameApplicationServi - Applying CSS: fxgl_dark.css
22:23:54.646 [FXGL Background Thread 1 ] DEBUG FXGLAssetLoaderServi - Loading from file system: jar:file:///Users/archiecabiso/.m2/repository/com/github/almasb/fxgl/21.1/fxgl-21.1.jar!/fxglassets/ui/css/fxgl_dark.css
22:23:54.868 [FXGL Background Thread 1 ] DEBUG GameApplicationServi - Initializing application scenes
22:23:56.039 [FXGL Background Thread 1 ] DEBUG GameWorld            - Game world initialized
22:23:56.124 [FXGL Background Thread 1 ] DEBUG PhysicsWorld         - Physics world initialized: appHeight=720, physics.ppm=50.0
22:23:56.124 [FXGL Background Thread 1 ] DEBUG PhysicsWorld         - Using strategy: BRUTE_FORCE
22:23:56.132 [FXGL Background Thread 1 ] DEBUG GameScene            - Game scene initialized: 1280x720
22:23:56.133 [FXGL Background Thread 1 ] DEBUG GameApplicationServi - Application scenes initialized
22:23:56.162 [FXGL Background Thread 1 ] DEBUG SystemBundleService  - Loading FXGL system data
22:23:56.169 [FXGL Background Thread 1 ] DEBUG FileSystemAccess     - Reading from: /Users/archiecabiso/Documents/2nd Year - CS/2nd Sem/CSIT228/OOP2-Capstone/system/fxgl.bundle
22:23:56.178 [FXGL Background Thread 1 ] DEBUG SystemBundleService  - Bundle FXGL: {}
22:23:56.178 [FXGL Background Thread 1 ] DEBUG UpdaterService       - Checking for updates
22:23:56.186 [FXGL Background Thread 4 ] DEBUG FXGLApplication      - Loading fonts
22:23:56.187 [FXGL Background Thread 4 ] DEBUG FXGLAssetLoaderServi - Loading from file system: jar:file:///Users/archiecabiso/.m2/repository/com/github/almasb/fxgl/21.1/fxgl-21.1.jar!/fxglassets/ui/fonts/VarelaRound-Regular.ttf
22:23:56.189 [FXGL Background Thread 1 ] DEBUG FXGLApplication      - Loading default localization
22:23:56.196 [FXGL Background Thread 1 ] DEBUG FXGLAssetLoaderServi - Loading from file system: jar:file:///Users/archiecabiso/.m2/repository/com/github/almasb/fxgl/21.1/fxgl-21.1.jar!/fxglassets/languages/english.lang
22:23:56.211 [FXGL Background Thread 4 ] DEBUG FXGLAssetLoaderServi - Loading from file system: jar:file:///Users/archiecabiso/.m2/repository/com/github/almasb/fxgl/21.1/fxgl-21.1.jar!/fxglassets/ui/fonts/Abel-Regular.ttf
22:23:56.218 [FXGL Background Thread 4 ] DEBUG FXGLAssetLoaderServi - Loading from file system: jar:file:///Users/archiecabiso/.m2/repository/com/github/almasb/fxgl/21.1/fxgl-21.1.jar!/fxglassets/ui/fonts/TerminalLandMono-Regular.otf
22:23:56.225 [FXGL Background Thread 4 ] DEBUG FXGLAssetLoaderServi - Loading from file system: jar:file:///Users/archiecabiso/.m2/repository/com/github/almasb/fxgl/21.1/fxgl-21.1.jar!/fxglassets/ui/fonts/Courier-Prime.ttf
22:23:56.233 [JavaFX Application Thread] DEBUG FXGLApplication      - Registering font factories with UI factory
22:23:56.299 [FXGL Background Thread 1 ] INFO  FXGLApplication      - FXGL initialization took: 1.996 sec
22:23:56.301 [JavaFX Application Thread] DEBUG FXGLAssetLoaderServi - Loading from file system: jar:file:///Users/archiecabiso/.m2/repository/com/github/almasb/fxgl/21.1/fxgl-21.1.jar!/fxglassets/textures/fxgl_icon.png
22:23:56.391 [JavaFX Application Thread] DEBUG FXGLAssetLoaderServi - Loading from file system: jar:file:///Users/archiecabiso/.m2/repository/com/github/almasb/fxgl/21.1/fxgl-21.1.jar!/fxglassets/textures/fxgl_default_cursor.png
22:23:56.419 [JavaFX Application Thread] DEBUG Input                - Registered new binding: Screenshot - CTRL+8
22:23:56.420 [JavaFX Application Thread] DEBUG Input                - Registered new binding: System info dump - CTRL+9
22:23:56.421 [JavaFX Application Thread] DEBUG Input                - Registered new binding: Restart - CTRL+R
22:23:56.422 [JavaFX Application Thread] DEBUG Input                - Registered new binding: Toggle Debug Camera - CTRL+7
22:23:56.426 [JavaFX Application Thread] DEBUG LoopRunner           - Starting loop
22:23:56.427 [JavaFX Application Thread] DEBUG LoopRunner           - Initializing JavaFX AnimationTimerLoop
22:23:56.428 [JavaFX Application Thread] DEBUG GameApplicationServi - Starting new game
22:23:56.429 [JavaFX Application Thread] DEBUG Input                - Clearing active input actions
22:23:56.452 [JavaFX Application Thread] DEBUG GameApplicationServi - Removing overlay from FXGLStartupScene and adding to FXGLLoadingScene
22:23:56.453 [JavaFX Application Thread] DEBUG PrimaryStageWindow   - FXGLStartupScene -> FXGLLoadingScene
22:23:56.453 [JavaFX Application Thread] DEBUG GameApplicationServi - Clearing previous game
22:23:56.454 [JavaFX Application Thread] DEBUG GameScene            - Clearing game scene
22:23:56.454 [JavaFX Application Thread] DEBUG GameWorld            - Clearing game world
22:23:56.454 [JavaFX Application Thread] DEBUG PhysicsWorld         - Clearing physics world
22:23:56.456 [FXGL Background Thread 1 ] DEBUG FXGLApplication      - Initializing game
22:23:56.458 [FXGL Background Thread 1 ] DEBUG FXGLAssetLoaderServi - Loading from file system: file:/Users/archiecabiso/Documents/2nd%20Year%20-%20CS/2nd%20Sem/CSIT228/OOP2-Capstone/target/classes/assets/textures/background-and-platforms/bg-winter_1280_720.png
22:23:56.669 [FXGL Background Thread 1 ] DEBUG FXGLAssetLoaderServi - Loading from file system: file:/Users/archiecabiso/Documents/2nd%20Year%20-%20CS/2nd%20Sem/CSIT228/OOP2-Capstone/target/classes/assets/textures/background-and-platforms/hdlargerplatform-winter.png
22:23:57.357 [FXGL Background Thread 1 ] DEBUG FXGLAssetLoaderServi - Loading from file system: file:/Users/archiecabiso/Documents/2nd%20Year%20-%20CS/2nd%20Sem/CSIT228/OOP2-Capstone/target/classes/assets/textures/wizard/wizard.png
22:23:58.966 [FXGL Background Thread 1 ] WARN  GameWorld            - Attempted to remove entity which is not active
22:23:58.972 [FXGL Background Thread 1 ] WARN  GameWorld            - Attempted to remove entity which is not active
22:23:58.975 [FXGL Background Thread 1 ] WARN  GameWorld            - Attempted to remove entity which is not active
22:23:59.037 [FXGL Background Thread 1 ] WARN  GameWorld            - Attempted to remove entity which is not active
22:23:59.040 [FXGL Background Thread 1 ] WARN  GameWorld            - Attempted to remove entity which is not active
22:23:59.042 [FXGL Background Thread 1 ] WARN  GameWorld            - Attempted to remove entity which is not active
22:23:59.044 [FXGL Background Thread 1 ] WARN  GameWorld            - Attempted to remove entity which is not active
22:23:59.058 [FXGL Background Thread 1 ] WARN  GameWorld            - Attempted to remove entity which is not active
22:23:59.060 [FXGL Background Thread 1 ] WARN  GameWorld            - Attempted to remove entity which is not active
22:23:59.061 [FXGL Background Thread 1 ] WARN  GameWorld            - Attempted to remove entity which is not active
22:23:59.076 [FXGL Background Thread 1 ] DEBUG FXGLAssetLoaderServi - Loading from file system: file:/Users/archiecabiso/Documents/2nd%20Year%20-%20CS/2nd%20Sem/CSIT228/OOP2-Capstone/target/classes/assets/textures/mobs/gargoyle/gargoyle.png
22:23:59.185 [FXGL Background Thread 3 ] DEBUG Engine               - Logging environment variables
22:23:59.187 [FXGL Background Thread 3 ] DEBUG Engine               - achievements: []
22:23:59.187 [FXGL Background Thread 3 ] DEBUG Engine               - actualHeight: 720.0
22:23:59.188 [FXGL Background Thread 3 ] DEBUG Engine               - actualHeightProperty: ReadOnlyDoubleProperty [value: 720.0]
22:23:59.188 [FXGL Background Thread 3 ] DEBUG Engine               - actualWidth: 1280.0
22:23:59.188 [FXGL Background Thread 3 ] DEBUG Engine               - actualWidthProperty: ReadOnlyDoubleProperty [value: 1280.0]
22:23:59.188 [FXGL Background Thread 3 ] DEBUG Engine               - appIcon: fxgl_icon.png
22:23:59.189 [FXGL Background Thread 3 ] DEBUG Engine               - applicationMode: DEVELOPER
22:23:59.189 [FXGL Background Thread 3 ] DEBUG Engine               - cSSList: [fxgl_dark.css]
22:23:59.190 [FXGL Background Thread 3 ] DEBUG Engine               - collisionDetectionStrategy: BRUTE_FORCE
22:23:59.190 [FXGL Background Thread 3 ] DEBUG Engine               - configClass: Optional.empty
22:23:59.190 [FXGL Background Thread 3 ] DEBUG Engine               - credits: []
22:23:59.196 [FXGL Background Thread 3 ] DEBUG Engine               - defaultCursor: CursorInfo(imageName=fxgl_default_cursor.png, hotspotX=7.0, hotspotY=6.0)
22:23:59.197 [FXGL Background Thread 3 ] DEBUG Engine               - devBBoxColorProperty: ObjectProperty [value: 0xff0000ff]
22:23:59.197 [FXGL Background Thread 3 ] DEBUG Engine               - devEnableDebugCameraProperty: BooleanProperty [value: false]
22:23:59.197 [FXGL Background Thread 3 ] DEBUG Engine               - devSensorColorProperty: ObjectProperty [value: 0xffff00ff]
22:23:59.197 [FXGL Background Thread 3 ] DEBUG Engine               - devShowBBoxProperty: BooleanProperty [value: false]
22:23:59.197 [FXGL Background Thread 3 ] DEBUG Engine               - devShowPositionProperty: BooleanProperty [value: false]
22:23:59.197 [FXGL Background Thread 3 ] DEBUG Engine               - enabledMenuItems: []
22:23:59.198 [FXGL Background Thread 3 ] DEBUG Engine               - engineServices: [class com.almasb.fxgl.app.services.FXGLAssetLoaderService, class com.almasb.fxgl.app.FXGLApplication$GameApplicationService, class com.almasb.fxgl.app.services.FXGLDialogService, class com.almasb.fxgl.app.services.IOTaskExecutorService, class com.almasb.fxgl.io.FileSystemService, class com.almasb.fxgl.localization.LocalizationService, class com.almasb.fxgl.app.services.SystemBundleService, class com.almasb.fxgl.profile.SaveLoadService, class com.almasb.fxgl.ui.FXGLUIFactoryServiceProvider, class com.almasb.fxgl.ui.FXGLDialogFactoryServiceProvider, class com.almasb.fxgl.audio.AudioPlayer, class com.almasb.fxgl.notification.impl.NotificationServiceProvider, class com.almasb.fxgl.achievement.AchievementService, class com.almasb.fxgl.cutscene.CutsceneService, class com.almasb.fxgl.minigames.MiniGameService, class com.almasb.fxgl.net.NetService, class com.almasb.fxgl.app.services.UpdaterService, class com.almasb.fxgl.dev.DevService]
22:23:59.198 [FXGL Background Thread 3 ] DEBUG Engine               - fontGame: Abel-Regular.ttf
22:23:59.199 [FXGL Background Thread 3 ] DEBUG Engine               - fontMono: TerminalLandMono-Regular.otf
22:23:59.199 [FXGL Background Thread 3 ] DEBUG Engine               - fontSizeScaleUI: 1.0
22:23:59.199 [FXGL Background Thread 3 ] DEBUG Engine               - fontText: Courier-Prime.ttf
22:23:59.200 [FXGL Background Thread 3 ] DEBUG Engine               - fontUI: VarelaRound-Regular.ttf
22:23:59.200 [FXGL Background Thread 3 ] DEBUG Engine               - fullScreen: BooleanProperty [value: false]
22:23:59.201 [FXGL Background Thread 3 ] DEBUG Engine               - gameDifficulty: MEDIUM
22:23:59.201 [FXGL Background Thread 3 ] DEBUG Engine               - gameDifficultyProperty: ObjectProperty [value: MEDIUM]
22:23:59.202 [FXGL Background Thread 3 ] DEBUG Engine               - globalMusicVolume: 0.5
22:23:59.203 [FXGL Background Thread 3 ] DEBUG Engine               - globalMusicVolumeProperty: DoubleProperty [value: 0.5]
22:23:59.206 [FXGL Background Thread 3 ] DEBUG Engine               - globalSoundVolume: 0.5
22:23:59.207 [FXGL Background Thread 3 ] DEBUG Engine               - globalSoundVolumeProperty: DoubleProperty [value: 0.5]
22:23:59.207 [FXGL Background Thread 3 ] DEBUG Engine               - height: 720
22:23:59.209 [FXGL Background Thread 3 ] DEBUG Engine               - is3D: false
22:23:59.209 [FXGL Background Thread 3 ] DEBUG Engine               - isAndroid: false
22:23:59.210 [FXGL Background Thread 3 ] DEBUG Engine               - isBrowser: false
22:23:59.210 [FXGL Background Thread 3 ] DEBUG Engine               - isClickFeedbackEnabled: false
22:23:59.210 [FXGL Background Thread 3 ] DEBUG Engine               - isCloseConfirmation: false
22:23:59.210 [FXGL Background Thread 3 ] DEBUG Engine               - isDesktop: true
22:23:59.210 [FXGL Background Thread 3 ] DEBUG Engine               - isDeveloperMenuEnabled: false
22:23:59.211 [FXGL Background Thread 3 ] DEBUG Engine               - isEmbedded: false
22:23:59.211 [FXGL Background Thread 3 ] DEBUG Engine               - isEntityPreloadEnabled: true
22:23:59.211 [FXGL Background Thread 3 ] DEBUG Engine               - isExperimentalTiledLargeMap: false
22:23:59.211 [FXGL Background Thread 3 ] DEBUG Engine               - isFileSystemWriteAllowed: true
22:23:59.211 [FXGL Background Thread 3 ] DEBUG Engine               - isFullScreenAllowed: false
22:23:59.211 [FXGL Background Thread 3 ] DEBUG Engine               - isFullScreenFromStart: false
22:23:59.211 [FXGL Background Thread 3 ] DEBUG Engine               - isGameMenuEnabled: false
22:23:59.211 [FXGL Background Thread 3 ] DEBUG Engine               - isIOS: false
22:23:59.211 [FXGL Background Thread 3 ] DEBUG Engine               - isIntroEnabled: false
22:23:59.211 [FXGL Background Thread 3 ] DEBUG Engine               - isLinux: false
22:23:59.211 [FXGL Background Thread 3 ] DEBUG Engine               - isMac: true
22:23:59.212 [FXGL Background Thread 3 ] DEBUG Engine               - isMainMenuEnabled: false
22:23:59.212 [FXGL Background Thread 3 ] DEBUG Engine               - isManualResizeEnabled: false
22:23:59.212 [FXGL Background Thread 3 ] DEBUG Engine               - isMobile: false
22:23:59.213 [FXGL Background Thread 3 ] DEBUG Engine               - isNative: false
22:23:59.213 [FXGL Background Thread 3 ] DEBUG Engine               - isPauseMusicWhenMinimized: true
22:23:59.213 [FXGL Background Thread 3 ] DEBUG Engine               - isPreserveResizeRatio: true
22:23:59.214 [FXGL Background Thread 3 ] DEBUG Engine               - isProfilingEnabled: false
22:23:59.214 [FXGL Background Thread 3 ] DEBUG Engine               - isScaleAffectedOnResize: true
22:23:59.214 [FXGL Background Thread 3 ] DEBUG Engine               - isSingleStep: false
22:23:59.215 [FXGL Background Thread 3 ] DEBUG Engine               - isUserProfileEnabled: false
22:23:59.215 [FXGL Background Thread 3 ] DEBUG Engine               - isWindows: false
22:23:59.215 [FXGL Background Thread 3 ] DEBUG Engine               - language: ObjectProperty [value: ENGLISH]
22:23:59.216 [FXGL Background Thread 3 ] DEBUG Engine               - menuKey: ESCAPE
22:23:59.216 [FXGL Background Thread 3 ] DEBUG Engine               - mouseSensitivity: 0.2
22:23:59.216 [FXGL Background Thread 3 ] DEBUG Engine               - notificationViewClass: class com.almasb.fxgl.notification.view.XboxNotificationView
22:23:59.217 [FXGL Background Thread 3 ] DEBUG Engine               - pixelsPerMeter: 50.0
22:23:59.218 [FXGL Background Thread 3 ] DEBUG Engine               - platform: MAC
22:23:59.218 [FXGL Background Thread 3 ] DEBUG Engine               - prefHeightProperty: ReadOnlyDoubleProperty [value: 720.0]
22:23:59.218 [FXGL Background Thread 3 ] DEBUG Engine               - prefWidthProperty: ReadOnlyDoubleProperty [value: 1280.0]
22:23:59.219 [FXGL Background Thread 3 ] DEBUG Engine               - profileDir: profiles/
22:23:59.220 [FXGL Background Thread 3 ] DEBUG Engine               - profileName: StringProperty [value: DEFAULT]
22:23:59.220 [FXGL Background Thread 3 ] DEBUG Engine               - randomSeed: -1
22:23:59.226 [FXGL Background Thread 3 ] DEBUG Engine               - runtimeInfo: RuntimeInfo(platform=MAC, version=21.1, build=27.03.2024 07.52)
22:23:59.226 [FXGL Background Thread 3 ] DEBUG Engine               - saveFileExt: sav
22:23:59.227 [FXGL Background Thread 3 ] DEBUG Engine               - scaledHeightProp$fxgl: DoubleProperty [bound, value: 720.0]
22:23:59.227 [FXGL Background Thread 3 ] DEBUG Engine               - scaledWidthProp$fxgl: DoubleProperty [bound, value: 1280.0]
22:23:59.228 [FXGL Background Thread 3 ] DEBUG Engine               - sceneFactory: com.almasb.fxgl.app.scene.SceneFactory@1ab4b13
22:23:59.228 [FXGL Background Thread 3 ] DEBUG Engine               - secondsIn24h: 60
22:23:59.228 [FXGL Background Thread 3 ] DEBUG Engine               - soundMenuBack: menu/back.wav
22:23:59.228 [FXGL Background Thread 3 ] DEBUG Engine               - soundMenuPress: menu/press.wav
22:23:59.228 [FXGL Background Thread 3 ] DEBUG Engine               - soundMenuSelect: menu/select.wav
22:23:59.229 [FXGL Background Thread 3 ] DEBUG Engine               - soundNotification: core/notification.wav
22:23:59.229 [FXGL Background Thread 3 ] DEBUG Engine               - stageStyle: DECORATED
22:23:59.229 [FXGL Background Thread 3 ] DEBUG Engine               - supportedLanguages: [ENGLISH, FRENCH, GERMAN, HUNGARIAN, RUSSIAN]
22:23:59.230 [FXGL Background Thread 3 ] DEBUG Engine               - ticksPerSecond: -1
22:23:59.230 [FXGL Background Thread 3 ] DEBUG Engine               - title: TypeWiz - Winter Theme
22:23:59.230 [FXGL Background Thread 3 ] DEBUG Engine               - urlGithub: https://github.com/AlmasB/FXGL
22:23:59.230 [FXGL Background Thread 3 ] DEBUG Engine               - urlLeaderboard: http://fxgl-top.herokuapp.com/
22:23:59.231 [FXGL Background Thread 3 ] DEBUG Engine               - urlPOM: https://raw.githubusercontent.com/AlmasB/FXGL/release/README.md
22:23:59.231 [FXGL Background Thread 3 ] DEBUG Engine               - userAppClass: class com.oop2.typewiz.GameplayComponents.Game
22:23:59.232 [FXGL Background Thread 3 ] DEBUG Engine               - version: 0.0
22:23:59.233 [FXGL Background Thread 3 ] DEBUG Engine               - versionCheckDays: 7
22:23:59.235 [FXGL Background Thread 3 ] DEBUG Engine               - width: 1280
22:23:59.235 [FXGL Background Thread 3 ] DEBUG Engine               - Logging services
22:23:59.235 [FXGL Background Thread 3 ] DEBUG Engine               - class com.almasb.fxgl.app.services.FXGLAssetLoaderService
22:23:59.236 [FXGL Background Thread 3 ] DEBUG Engine               - class com.almasb.fxgl.app.FXGLApplication$GameApplicationService
22:23:59.237 [FXGL Background Thread 3 ] DEBUG Engine               - class com.almasb.fxgl.app.services.FXGLDialogService
22:23:59.237 [FXGL Background Thread 3 ] DEBUG Engine               - class com.almasb.fxgl.app.services.IOTaskExecutorService
22:23:59.237 [FXGL Background Thread 3 ] DEBUG Engine               - class com.almasb.fxgl.io.FileSystemService
22:23:59.238 [FXGL Background Thread 3 ] DEBUG Engine               - class com.almasb.fxgl.localization.LocalizationService
22:23:59.238 [FXGL Background Thread 3 ] DEBUG Engine               - class com.almasb.fxgl.app.services.SystemBundleService
22:23:59.238 [FXGL Background Thread 3 ] DEBUG Engine               - class com.almasb.fxgl.profile.SaveLoadService
22:23:59.239 [FXGL Background Thread 3 ] DEBUG Engine               - class com.almasb.fxgl.ui.FXGLUIFactoryServiceProvider
22:23:59.239 [FXGL Background Thread 3 ] DEBUG Engine               - class com.almasb.fxgl.ui.FXGLDialogFactoryServiceProvider
22:23:59.239 [FXGL Background Thread 3 ] DEBUG Engine               - class com.almasb.fxgl.audio.AudioPlayer
22:23:59.239 [FXGL Background Thread 3 ] DEBUG Engine               - class com.almasb.fxgl.notification.impl.NotificationServiceProvider
22:23:59.239 [FXGL Background Thread 3 ] DEBUG Engine               - class com.almasb.fxgl.achievement.AchievementService
22:23:59.239 [FXGL Background Thread 3 ] DEBUG Engine               - class com.almasb.fxgl.cutscene.CutsceneService
22:23:59.240 [FXGL Background Thread 3 ] DEBUG Engine               - class com.almasb.fxgl.minigames.MiniGameService
22:23:59.240 [FXGL Background Thread 3 ] DEBUG Engine               - class com.almasb.fxgl.net.NetService
22:23:59.240 [FXGL Background Thread 3 ] DEBUG Engine               - class com.almasb.fxgl.app.services.UpdaterService
22:23:59.240 [FXGL Background Thread 3 ] DEBUG Engine               - class com.almasb.fxgl.dev.DevService
22:23:59.500 [FXGL Background Thread 1 ] INFO  FXGLApplication      - Game initialization took: 3.044 sec
22:23:59.502 [JavaFX Application Thread] DEBUG Input                - Clearing active input actions
22:23:59.519 [JavaFX Application Thread] DEBUG GameApplicationServi - Removing overlay from FXGLLoadingScene and adding to GameScene
22:23:59.520 [JavaFX Application Thread] DEBUG PrimaryStageWindow   - FXGLLoadingScene -> GameScene
22:29:06.246 [JavaFX Application Thread] DEBUG FXGLApplication      - Exiting FXGL
22:29:06.246 [JavaFX Application Thread] DEBUG LoopRunner           - Stopping loop
22:29:06.246 [JavaFX Application Thread] DEBUG SystemBundleService  - Saving FXGL system data
22:29:06.253 [JavaFX Application Thread] DEBUG FileSystemAccess     - Writing to: /Users/archiecabiso/Documents/2nd Year - CS/2nd Sem/CSIT228/OOP2-Capstone/system/fxgl.bundle
22:29:06.257 [JavaFX Application Thread] DEBUG Async                - Shutting down background threads
22:29:06.257 [JavaFX Application Thread] DEBUG PrimaryStageWindow   - Closing main window
22:29:06.268 [JavaFX Application Thread] DEBUG Logger               - Closing Logger
