02:21:33.260 [main                     ] DEBUG Logger               - Configured Logger
02:21:33.296 [main                     ] DEBUG GameApplication      - Logging settings
Title: TypeWiz - Winter Theme
Version: 0.0
Width: 1280
Height: 720
Fullscreen: true
Intro: false
Profiling: false
Single step:false
App Mode: DEVELOPER
Menu Key: ESCAPE
Stage Style: DECORATED
Scene Factory: class com.almasb.fxgl.app.scene.SceneFactory

02:21:33.570 [JavaFX Application Thread] DEBUG FXGLApplication      - Initializing FXGL
02:21:33.574 [JavaFX Application Thread] INFO  Engine               - FXGL-21.1 (27.03.2024 07.52) on WINDOWS (J:23.0.1 FX:19)
02:21:33.574 [JavaFX Application Thread] DEBUG Engine               - JRE Vendor Name: Oracle Corporation
02:21:33.574 [JavaFX Application Thread] DEBUG Engine               - Running on OS: Windows 11 version 10.0
02:21:33.574 [JavaFX Application Thread] DEBUG Engine               - Architecture: amd64
02:21:33.574 [JavaFX Application Thread] INFO  Engine               - Source code and latest versions at: https://github.com/AlmasB/FXGL
02:21:33.574 [JavaFX Application Thread] INFO  Engine               -       Ask questions and discuss at: https://github.com/AlmasB/FXGL/discussions
02:21:33.574 [JavaFX Application Thread] INFO  Engine               -              Join the FXGL chat at: https://gitter.im/AlmasB/FXGL
02:21:33.640 [JavaFX Application Thread] DEBUG PrimaryStageWindow   - Creating a JavaFX scene
02:21:33.673 [JavaFX Application Thread] DEBUG PrimaryStageWindow   - Target settings size: 1280.0 x 720.0
02:21:33.673 [JavaFX Application Thread] DEBUG PrimaryStageWindow   - Scaled scene size:    1280.0 x 720.0
02:21:33.673 [JavaFX Application Thread] DEBUG PrimaryStageWindow   - Scaled ratio: (1.0, 1.0)
02:21:33.674 [JavaFX Application Thread] DEBUG PrimaryStageWindow   - Set initial scene to FXGLStartupScene
02:21:33.677 [JavaFX Application Thread] DEBUG PrimaryStageWindow   - Opening main window
02:21:33.738 [JavaFX Application Thread] DEBUG PrimaryStageWindow   - Window border size: (14.4000244140625, 37.5999755859375)
02:21:33.738 [JavaFX Application Thread] DEBUG PrimaryStageWindow   - Scaled size: 1280.0 x 720.0
02:21:33.738 [JavaFX Application Thread] DEBUG PrimaryStageWindow   - Scaled ratio: (1.0, 1.0)
02:21:33.739 [JavaFX Application Thread] DEBUG PrimaryStageWindow   - Scene size: 1280.0 x 720.0
02:21:33.739 [JavaFX Application Thread] DEBUG PrimaryStageWindow   - Stage size: 1294.4000244140625 x 757.5999755859375
02:21:33.799 [JavaFX Application Thread] DEBUG PrimaryStageWindow   - Going fullscreen
02:21:33.806 [FXGL Background Thread 1 ] DEBUG Engine               - Initializing environment variables
02:21:33.864 [FXGL Background Thread 1 ] DEBUG FXGLAssetLoaderServi - User app class for loading assets: class com.oop2.typewiz.GameplayComponents.Game
02:21:33.864 [FXGL Background Thread 1 ] DEBUG GameApplicationServi - Applying CSS: fxgl_dark.css
02:21:33.865 [FXGL Background Thread 1 ] DEBUG FXGLAssetLoaderServi - Loading from file system: jar:file:///C:/Users/Ruhmer%20Jairus/.m2/repository/com/github/almasb/fxgl/21.1/fxgl-21.1.jar!/fxglassets/ui/css/fxgl_dark.css
02:21:33.899 [FXGL Background Thread 1 ] DEBUG GameApplicationServi - Initializing application scenes
02:21:33.951 [FXGL Background Thread 1 ] DEBUG GameWorld            - Game world initialized
02:21:34.013 [FXGL Background Thread 1 ] DEBUG PhysicsWorld         - Physics world initialized: appHeight=720, physics.ppm=50.0
02:21:34.013 [FXGL Background Thread 1 ] DEBUG PhysicsWorld         - Using strategy: BRUTE_FORCE
02:21:34.016 [FXGL Background Thread 1 ] DEBUG GameScene            - Game scene initialized: 1280x720
02:21:34.016 [FXGL Background Thread 1 ] DEBUG GameApplicationServi - Application scenes initialized
02:21:34.029 [FXGL Background Thread 1 ] DEBUG SystemBundleService  - Loading FXGL system data
02:21:34.033 [FXGL Background Thread 1 ] DEBUG FileSystemAccess     - Reading from: C:\Users\Ruhmer Jairus\IdeaProjects\OOP2-Capstone\system\fxgl.bundle
02:21:34.038 [FXGL Background Thread 1 ] DEBUG SystemBundleService  - Bundle FXGL: {}
02:21:34.038 [FXGL Background Thread 1 ] DEBUG UpdaterService       - Checking for updates
02:21:34.043 [FXGL Background Thread 4 ] DEBUG FXGLApplication      - Loading fonts
02:21:34.044 [FXGL Background Thread 4 ] DEBUG FXGLAssetLoaderServi - Loading from file system: jar:file:///C:/Users/Ruhmer%20Jairus/.m2/repository/com/github/almasb/fxgl/21.1/fxgl-21.1.jar!/fxglassets/ui/fonts/VarelaRound-Regular.ttf
02:21:34.044 [FXGL Background Thread 1 ] DEBUG FXGLApplication      - Loading default localization
02:21:34.044 [FXGL Background Thread 1 ] DEBUG FXGLAssetLoaderServi - Loading from file system: jar:file:///C:/Users/Ruhmer%20Jairus/.m2/repository/com/github/almasb/fxgl/21.1/fxgl-21.1.jar!/fxglassets/languages/english.lang
02:21:34.075 [FXGL Background Thread 1 ] INFO  FXGLApplication      - FXGL initialization took: 0.268 sec
02:21:34.076 [JavaFX Application Thread] DEBUG FXGLAssetLoaderServi - Loading from file system: jar:file:///C:/Users/Ruhmer%20Jairus/.m2/repository/com/github/almasb/fxgl/21.1/fxgl-21.1.jar!/fxglassets/textures/fxgl_icon.png
02:21:34.092 [FXGL Background Thread 4 ] DEBUG FXGLAssetLoaderServi - Loading from file system: jar:file:///C:/Users/Ruhmer%20Jairus/.m2/repository/com/github/almasb/fxgl/21.1/fxgl-21.1.jar!/fxglassets/ui/fonts/Abel-Regular.ttf
02:21:34.102 [FXGL Background Thread 4 ] DEBUG FXGLAssetLoaderServi - Loading from file system: jar:file:///C:/Users/Ruhmer%20Jairus/.m2/repository/com/github/almasb/fxgl/21.1/fxgl-21.1.jar!/fxglassets/ui/fonts/TerminalLandMono-Regular.otf
02:21:34.113 [JavaFX Application Thread] DEBUG FXGLAssetLoaderServi - Loading from file system: jar:file:///C:/Users/Ruhmer%20Jairus/.m2/repository/com/github/almasb/fxgl/21.1/fxgl-21.1.jar!/fxglassets/textures/fxgl_default_cursor.png
02:21:34.114 [FXGL Background Thread 4 ] DEBUG FXGLAssetLoaderServi - Loading from file system: jar:file:///C:/Users/Ruhmer%20Jairus/.m2/repository/com/github/almasb/fxgl/21.1/fxgl-21.1.jar!/fxglassets/ui/fonts/Courier-Prime.ttf
02:21:34.125 [JavaFX Application Thread] DEBUG Input                - Registered new binding: Screenshot - CTRL+8
02:21:34.125 [JavaFX Application Thread] DEBUG Input                - Registered new binding: System info dump - CTRL+9
02:21:34.126 [JavaFX Application Thread] DEBUG Input                - Registered new binding: Restart - CTRL+R
02:21:34.127 [JavaFX Application Thread] DEBUG Input                - Registered new binding: Toggle Debug Camera - CTRL+7
02:21:34.136 [JavaFX Application Thread] DEBUG LoopRunner           - Starting loop
02:21:34.136 [JavaFX Application Thread] DEBUG LoopRunner           - Initializing JavaFX AnimationTimerLoop
02:21:34.141 [JavaFX Application Thread] DEBUG GameApplicationServi - Starting new game
02:21:34.141 [JavaFX Application Thread] DEBUG Input                - Clearing active input actions
02:21:34.157 [JavaFX Application Thread] DEBUG GameApplicationServi - Removing overlay from FXGLStartupScene and adding to FXGLLoadingScene
02:21:34.158 [JavaFX Application Thread] DEBUG PrimaryStageWindow   - FXGLStartupScene -> FXGLLoadingScene
02:21:34.158 [JavaFX Application Thread] DEBUG GameApplicationServi - Clearing previous game
02:21:34.158 [JavaFX Application Thread] DEBUG GameScene            - Clearing game scene
02:21:34.158 [JavaFX Application Thread] DEBUG GameWorld            - Clearing game world
02:21:34.158 [JavaFX Application Thread] DEBUG PhysicsWorld         - Clearing physics world
02:21:34.160 [JavaFX Application Thread] DEBUG FXGLApplication      - Registering font factories with UI factory
02:21:34.160 [FXGL Background Thread 4 ] DEBUG FXGLApplication      - Initializing game
02:21:34.190 [FXGL Background Thread 4 ] DEBUG FXGLAssetLoaderServi - Loading from file system: file:/C:/Users/Ruhmer%20Jairus/IdeaProjects/OOP2-Capstone/target/classes/assets/textures/background-and-platforms/bg-midnightpurple_1280_720.png
02:21:34.289 [FXGL Background Thread 4 ] DEBUG FXGLAssetLoaderServi - Loading from file system: file:/C:/Users/Ruhmer%20Jairus/IdeaProjects/OOP2-Capstone/target/classes/assets/textures/background-and-platforms/hdlargerplatform-purple.png
02:21:34.518 [FXGL Background Thread 4 ] DEBUG FXGLAssetLoaderServi - Loading from file system: file:/C:/Users/Ruhmer%20Jairus/IdeaProjects/OOP2-Capstone/target/classes/assets/textures/wizard/wizard.png
02:21:34.812 [FXGL Background Thread 4 ] DEBUG FXGLAssetLoaderServi - Loading from file system: file:/C:/Users/Ruhmer%20Jairus/IdeaProjects/OOP2-Capstone/target/classes/assets/textures/mobs/gargoyle/gargoyle.png
02:21:34.846 [FXGL Background Thread 4 ] DEBUG FXGLAssetLoaderServi - Loading from file system: file:/C:/Users/Ruhmer%20Jairus/IdeaProjects/OOP2-Capstone/target/classes/assets/textures/mobs/grimouge/grimouge.png
02:21:34.893 [FXGL Background Thread 4 ] DEBUG FXGLAssetLoaderServi - Loading from file system: file:/C:/Users/Ruhmer%20Jairus/IdeaProjects/OOP2-Capstone/target/classes/assets/textures/mobs/vyleye/vyleye.png
02:21:34.958 [FXGL Background Thread 4 ] INFO  FXGLApplication      - Game initialization took: 0.798 sec
02:21:34.958 [JavaFX Application Thread] DEBUG Input                - Clearing active input actions
02:21:34.973 [JavaFX Application Thread] DEBUG GameApplicationServi - Removing overlay from FXGLLoadingScene and adding to GameScene
02:21:34.973 [JavaFX Application Thread] DEBUG PrimaryStageWindow   - FXGLLoadingScene -> GameScene
02:21:37.044 [FXGL Background Thread 3 ] DEBUG Engine               - Logging environment variables
02:21:37.045 [FXGL Background Thread 3 ] DEBUG Engine               - achievements: []
02:21:37.045 [FXGL Background Thread 3 ] DEBUG Engine               - actualHeight: 864.0
02:21:37.045 [FXGL Background Thread 3 ] DEBUG Engine               - actualHeightProperty: ReadOnlyDoubleProperty [value: 864.0]
02:21:37.045 [FXGL Background Thread 3 ] DEBUG Engine               - actualWidth: 1536.0
02:21:37.045 [FXGL Background Thread 3 ] DEBUG Engine               - actualWidthProperty: ReadOnlyDoubleProperty [value: 1536.0]
02:21:37.045 [FXGL Background Thread 3 ] DEBUG Engine               - appIcon: fxgl_icon.png
02:21:37.045 [FXGL Background Thread 3 ] DEBUG Engine               - applicationMode: DEVELOPER
02:21:37.045 [FXGL Background Thread 3 ] DEBUG Engine               - cSSList: [fxgl_dark.css]
02:21:37.045 [FXGL Background Thread 3 ] DEBUG Engine               - collisionDetectionStrategy: BRUTE_FORCE
02:21:37.046 [FXGL Background Thread 3 ] DEBUG Engine               - configClass: Optional.empty
02:21:37.046 [FXGL Background Thread 3 ] DEBUG Engine               - credits: []
02:21:37.049 [FXGL Background Thread 3 ] DEBUG Engine               - defaultCursor: CursorInfo(imageName=fxgl_default_cursor.png, hotspotX=7.0, hotspotY=6.0)
02:21:37.049 [FXGL Background Thread 3 ] DEBUG Engine               - devBBoxColorProperty: ObjectProperty [value: 0xff0000ff]
02:21:37.049 [FXGL Background Thread 3 ] DEBUG Engine               - devEnableDebugCameraProperty: BooleanProperty [value: false]
02:21:37.049 [FXGL Background Thread 3 ] DEBUG Engine               - devSensorColorProperty: ObjectProperty [value: 0xffff00ff]
02:21:37.049 [FXGL Background Thread 3 ] DEBUG Engine               - devShowBBoxProperty: BooleanProperty [value: false]
02:21:37.049 [FXGL Background Thread 3 ] DEBUG Engine               - devShowPositionProperty: BooleanProperty [value: false]
02:21:37.049 [FXGL Background Thread 3 ] DEBUG Engine               - enabledMenuItems: []
02:21:37.049 [FXGL Background Thread 3 ] DEBUG Engine               - engineServices: [class com.almasb.fxgl.app.services.FXGLAssetLoaderService, class com.almasb.fxgl.app.FXGLApplication$GameApplicationService, class com.almasb.fxgl.app.services.FXGLDialogService, class com.almasb.fxgl.app.services.IOTaskExecutorService, class com.almasb.fxgl.io.FileSystemService, class com.almasb.fxgl.localization.LocalizationService, class com.almasb.fxgl.app.services.SystemBundleService, class com.almasb.fxgl.profile.SaveLoadService, class com.almasb.fxgl.ui.FXGLUIFactoryServiceProvider, class com.almasb.fxgl.ui.FXGLDialogFactoryServiceProvider, class com.almasb.fxgl.audio.AudioPlayer, class com.almasb.fxgl.notification.impl.NotificationServiceProvider, class com.almasb.fxgl.achievement.AchievementService, class com.almasb.fxgl.cutscene.CutsceneService, class com.almasb.fxgl.minigames.MiniGameService, class com.almasb.fxgl.net.NetService, class com.almasb.fxgl.app.services.UpdaterService, class com.almasb.fxgl.dev.DevService]
02:21:37.049 [FXGL Background Thread 3 ] DEBUG Engine               - fontGame: Abel-Regular.ttf
02:21:37.049 [FXGL Background Thread 3 ] DEBUG Engine               - fontMono: TerminalLandMono-Regular.otf
02:21:37.049 [FXGL Background Thread 3 ] DEBUG Engine               - fontSizeScaleUI: 1.0
02:21:37.049 [FXGL Background Thread 3 ] DEBUG Engine               - fontText: Courier-Prime.ttf
02:21:37.049 [FXGL Background Thread 3 ] DEBUG Engine               - fontUI: VarelaRound-Regular.ttf
02:21:37.050 [FXGL Background Thread 3 ] DEBUG Engine               - fullScreen: BooleanProperty [value: true]
02:21:37.050 [FXGL Background Thread 3 ] DEBUG Engine               - gameDifficulty: MEDIUM
02:21:37.050 [FXGL Background Thread 3 ] DEBUG Engine               - gameDifficultyProperty: ObjectProperty [value: MEDIUM]
02:21:37.050 [FXGL Background Thread 3 ] DEBUG Engine               - globalMusicVolume: 0.5
02:21:37.050 [FXGL Background Thread 3 ] DEBUG Engine               - globalMusicVolumeProperty: DoubleProperty [value: 0.5]
02:21:37.050 [FXGL Background Thread 3 ] DEBUG Engine               - globalSoundVolume: 0.5
02:21:37.050 [FXGL Background Thread 3 ] DEBUG Engine               - globalSoundVolumeProperty: DoubleProperty [value: 0.5]
02:21:37.050 [FXGL Background Thread 3 ] DEBUG Engine               - height: 720
02:21:37.050 [FXGL Background Thread 3 ] DEBUG Engine               - is3D: false
02:21:37.050 [FXGL Background Thread 3 ] DEBUG Engine               - isAndroid: false
02:21:37.050 [FXGL Background Thread 3 ] DEBUG Engine               - isBrowser: false
02:21:37.050 [FXGL Background Thread 3 ] DEBUG Engine               - isClickFeedbackEnabled: false
02:21:37.050 [FXGL Background Thread 3 ] DEBUG Engine               - isCloseConfirmation: false
02:21:37.050 [FXGL Background Thread 3 ] DEBUG Engine               - isDesktop: true
02:21:37.050 [FXGL Background Thread 3 ] DEBUG Engine               - isDeveloperMenuEnabled: false
02:21:37.050 [FXGL Background Thread 3 ] DEBUG Engine               - isEmbedded: false
02:21:37.050 [FXGL Background Thread 3 ] DEBUG Engine               - isEntityPreloadEnabled: true
02:21:37.050 [FXGL Background Thread 3 ] DEBUG Engine               - isExperimentalTiledLargeMap: false
02:21:37.050 [FXGL Background Thread 3 ] DEBUG Engine               - isFileSystemWriteAllowed: true
02:21:37.050 [FXGL Background Thread 3 ] DEBUG Engine               - isFullScreenAllowed: true
02:21:37.050 [FXGL Background Thread 3 ] DEBUG Engine               - isFullScreenFromStart: true
02:21:37.050 [FXGL Background Thread 3 ] DEBUG Engine               - isGameMenuEnabled: false
02:21:37.050 [FXGL Background Thread 3 ] DEBUG Engine               - isIOS: false
02:21:37.050 [FXGL Background Thread 3 ] DEBUG Engine               - isIntroEnabled: false
02:21:37.050 [FXGL Background Thread 3 ] DEBUG Engine               - isLinux: false
02:21:37.050 [FXGL Background Thread 3 ] DEBUG Engine               - isMac: false
02:21:37.050 [FXGL Background Thread 3 ] DEBUG Engine               - isMainMenuEnabled: false
02:21:37.050 [FXGL Background Thread 3 ] DEBUG Engine               - isManualResizeEnabled: true
02:21:37.050 [FXGL Background Thread 3 ] DEBUG Engine               - isMobile: false
02:21:37.050 [FXGL Background Thread 3 ] DEBUG Engine               - isNative: false
02:21:37.051 [FXGL Background Thread 3 ] DEBUG Engine               - isPauseMusicWhenMinimized: true
02:21:37.051 [FXGL Background Thread 3 ] DEBUG Engine               - isPreserveResizeRatio: true
02:21:37.051 [FXGL Background Thread 3 ] DEBUG Engine               - isProfilingEnabled: false
02:21:37.051 [FXGL Background Thread 3 ] DEBUG Engine               - isScaleAffectedOnResize: true
02:21:37.051 [FXGL Background Thread 3 ] DEBUG Engine               - isSingleStep: false
02:21:37.051 [FXGL Background Thread 3 ] DEBUG Engine               - isUserProfileEnabled: false
02:21:37.051 [FXGL Background Thread 3 ] DEBUG Engine               - isWindows: true
02:21:37.051 [FXGL Background Thread 3 ] DEBUG Engine               - language: ObjectProperty [value: ENGLISH]
02:21:37.051 [FXGL Background Thread 3 ] DEBUG Engine               - menuKey: ESCAPE
02:21:37.051 [FXGL Background Thread 3 ] DEBUG Engine               - mouseSensitivity: 0.2
02:21:37.051 [FXGL Background Thread 3 ] DEBUG Engine               - notificationViewClass: class com.almasb.fxgl.notification.view.XboxNotificationView
02:21:37.051 [FXGL Background Thread 3 ] DEBUG Engine               - pixelsPerMeter: 50.0
02:21:37.051 [FXGL Background Thread 3 ] DEBUG Engine               - platform: WINDOWS
02:21:37.051 [FXGL Background Thread 3 ] DEBUG Engine               - prefHeightProperty: ReadOnlyDoubleProperty [value: 720.0]
02:21:37.051 [FXGL Background Thread 3 ] DEBUG Engine               - prefWidthProperty: ReadOnlyDoubleProperty [value: 1280.0]
02:21:37.051 [FXGL Background Thread 3 ] DEBUG Engine               - profileDir: profiles/
02:21:37.051 [FXGL Background Thread 3 ] DEBUG Engine               - profileName: StringProperty [value: DEFAULT]
02:21:37.051 [FXGL Background Thread 3 ] DEBUG Engine               - randomSeed: -1
02:21:37.052 [FXGL Background Thread 3 ] DEBUG Engine               - runtimeInfo: RuntimeInfo(platform=WINDOWS, version=21.1, build=27.03.2024 07.52)
02:21:37.052 [FXGL Background Thread 3 ] DEBUG Engine               - saveFileExt: sav
02:21:37.052 [FXGL Background Thread 3 ] DEBUG Engine               - scaledHeightProp$fxgl: DoubleProperty [bound, value: 864.0]
02:21:37.052 [FXGL Background Thread 3 ] DEBUG Engine               - scaledWidthProp$fxgl: DoubleProperty [bound, value: 1536.0]
02:21:37.052 [FXGL Background Thread 3 ] DEBUG Engine               - sceneFactory: com.almasb.fxgl.app.scene.SceneFactory@237e1b3e
02:21:37.052 [FXGL Background Thread 3 ] DEBUG Engine               - secondsIn24h: 60
02:21:37.052 [FXGL Background Thread 3 ] DEBUG Engine               - soundMenuBack: menu/back.wav
02:21:37.052 [FXGL Background Thread 3 ] DEBUG Engine               - soundMenuPress: menu/press.wav
02:21:37.052 [FXGL Background Thread 3 ] DEBUG Engine               - soundMenuSelect: menu/select.wav
02:21:37.052 [FXGL Background Thread 3 ] DEBUG Engine               - soundNotification: core/notification.wav
02:21:37.052 [FXGL Background Thread 3 ] DEBUG Engine               - stageStyle: DECORATED
02:21:37.052 [FXGL Background Thread 3 ] DEBUG Engine               - supportedLanguages: [ENGLISH, FRENCH, GERMAN, HUNGARIAN, RUSSIAN]
02:21:37.053 [FXGL Background Thread 3 ] DEBUG Engine               - ticksPerSecond: -1
02:21:37.054 [FXGL Background Thread 3 ] DEBUG Engine               - title: TypeWiz - Winter Theme
02:21:37.054 [FXGL Background Thread 3 ] DEBUG Engine               - urlGithub: https://github.com/AlmasB/FXGL
02:21:37.054 [FXGL Background Thread 3 ] DEBUG Engine               - urlLeaderboard: http://fxgl-top.herokuapp.com/
02:21:37.054 [FXGL Background Thread 3 ] DEBUG Engine               - urlPOM: https://raw.githubusercontent.com/AlmasB/FXGL/release/README.md
02:21:37.054 [FXGL Background Thread 3 ] DEBUG Engine               - userAppClass: class com.oop2.typewiz.GameplayComponents.Game
02:21:37.054 [FXGL Background Thread 3 ] DEBUG Engine               - version: 0.0
02:21:37.054 [FXGL Background Thread 3 ] DEBUG Engine               - versionCheckDays: 7
02:21:37.054 [FXGL Background Thread 3 ] DEBUG Engine               - width: 1280
02:21:37.054 [FXGL Background Thread 3 ] DEBUG Engine               - Logging services
02:21:37.054 [FXGL Background Thread 3 ] DEBUG Engine               - class com.almasb.fxgl.app.services.FXGLAssetLoaderService
02:21:37.054 [FXGL Background Thread 3 ] DEBUG Engine               - class com.almasb.fxgl.app.FXGLApplication$GameApplicationService
02:21:37.054 [FXGL Background Thread 3 ] DEBUG Engine               - class com.almasb.fxgl.app.services.FXGLDialogService
02:21:37.054 [FXGL Background Thread 3 ] DEBUG Engine               - class com.almasb.fxgl.app.services.IOTaskExecutorService
02:21:37.054 [FXGL Background Thread 3 ] DEBUG Engine               - class com.almasb.fxgl.io.FileSystemService
02:21:37.054 [FXGL Background Thread 3 ] DEBUG Engine               - class com.almasb.fxgl.localization.LocalizationService
02:21:37.054 [FXGL Background Thread 3 ] DEBUG Engine               - class com.almasb.fxgl.app.services.SystemBundleService
02:21:37.054 [FXGL Background Thread 3 ] DEBUG Engine               - class com.almasb.fxgl.profile.SaveLoadService
02:21:37.054 [FXGL Background Thread 3 ] DEBUG Engine               - class com.almasb.fxgl.ui.FXGLUIFactoryServiceProvider
02:21:37.054 [FXGL Background Thread 3 ] DEBUG Engine               - class com.almasb.fxgl.ui.FXGLDialogFactoryServiceProvider
02:21:37.054 [FXGL Background Thread 3 ] DEBUG Engine               - class com.almasb.fxgl.audio.AudioPlayer
02:21:37.054 [FXGL Background Thread 3 ] DEBUG Engine               - class com.almasb.fxgl.notification.impl.NotificationServiceProvider
02:21:37.054 [FXGL Background Thread 3 ] DEBUG Engine               - class com.almasb.fxgl.achievement.AchievementService
02:21:37.054 [FXGL Background Thread 3 ] DEBUG Engine               - class com.almasb.fxgl.cutscene.CutsceneService
02:21:37.054 [FXGL Background Thread 3 ] DEBUG Engine               - class com.almasb.fxgl.minigames.MiniGameService
02:21:37.054 [FXGL Background Thread 3 ] DEBUG Engine               - class com.almasb.fxgl.net.NetService
02:21:37.054 [FXGL Background Thread 3 ] DEBUG Engine               - class com.almasb.fxgl.app.services.UpdaterService
02:21:37.054 [FXGL Background Thread 3 ] DEBUG Engine               - class com.almasb.fxgl.dev.DevService
02:22:00.398 [JavaFX Application Thread] DEBUG FXGLApplication      - Exiting FXGL
02:22:00.398 [JavaFX Application Thread] DEBUG LoopRunner           - Stopping loop
02:22:00.399 [JavaFX Application Thread] DEBUG SystemBundleService  - Saving FXGL system data
02:22:00.401 [JavaFX Application Thread] DEBUG FileSystemAccess     - Writing to: C:\Users\Ruhmer Jairus\IdeaProjects\OOP2-Capstone\system\fxgl.bundle
02:22:00.403 [JavaFX Application Thread] DEBUG Async                - Shutting down background threads
02:22:00.403 [JavaFX Application Thread] DEBUG PrimaryStageWindow   - Closing main window
02:22:00.421 [JavaFX Application Thread] DEBUG Logger               - Closing Logger
