23:17:12.634 [main                     ] DEBUG Logger               - Configured Logger
23:17:12.656 [main                     ] DEBUG GameApplication      - Logging settings
Title: TypeWiz Login
Version: 0.0
Width: 1280
Height: 720
Fullscreen: true
Intro: false
Profiling: false
Single step:false
App Mode: DEVELOPER
Menu Key: ESCAPE
Stage Style: DECORATED
Scene Factory: class com.oop2.typewiz.util.CustomSceneFactory

23:17:12.906 [JavaFX Application Thread] DEBUG FXGLApplication      - Initializing FXGL
23:17:12.909 [JavaFX Application Thread] INFO  Engine               - FXGL-21.1 (27.03.2024 07.52) on WINDOWS (J:21.0.3 FX:19)
23:17:12.910 [JavaFX Application Thread] DEBUG Engine               - JRE Vendor Name: Oracle Corporation
23:17:12.910 [JavaFX Application Thread] DEBUG Engine               - Running on OS: Windows 11 version 10.0
23:17:12.910 [JavaFX Application Thread] DEBUG Engine               - Architecture: amd64
23:17:12.911 [JavaFX Application Thread] INFO  Engine               - Source code and latest versions at: https://github.com/AlmasB/FXGL
23:17:12.911 [JavaFX Application Thread] INFO  Engine               -       Ask questions and discuss at: https://github.com/AlmasB/FXGL/discussions
23:17:12.911 [JavaFX Application Thread] INFO  Engine               -              Join the FXGL chat at: https://gitter.im/AlmasB/FXGL
23:17:12.974 [JavaFX Application Thread] DEBUG PrimaryStageWindow   - Creating a JavaFX scene
23:17:13.009 [JavaFX Application Thread] DEBUG PrimaryStageWindow   - Target settings size: 1280.0 x 720.0
23:17:13.009 [JavaFX Application Thread] DEBUG PrimaryStageWindow   - Scaled scene size:    1280.0 x 720.0
23:17:13.009 [JavaFX Application Thread] DEBUG PrimaryStageWindow   - Scaled ratio: (1.0, 1.0)
23:17:13.010 [JavaFX Application Thread] DEBUG PrimaryStageWindow   - Set initial scene to FXGLStartupScene
23:17:13.013 [JavaFX Application Thread] DEBUG PrimaryStageWindow   - Opening main window
23:17:13.073 [JavaFX Application Thread] DEBUG PrimaryStageWindow   - Window border size: (14.4000244140625, 37.5999755859375)
23:17:13.074 [JavaFX Application Thread] DEBUG PrimaryStageWindow   - Scaled size: 1280.0 x 720.0
23:17:13.074 [JavaFX Application Thread] DEBUG PrimaryStageWindow   - Scaled ratio: (1.0, 1.0)
23:17:13.074 [JavaFX Application Thread] DEBUG PrimaryStageWindow   - Scene size: 1280.0 x 720.0
23:17:13.074 [JavaFX Application Thread] DEBUG PrimaryStageWindow   - Stage size: 1294.4000244140625 x 757.5999755859375
23:17:13.123 [JavaFX Application Thread] DEBUG PrimaryStageWindow   - Going fullscreen
23:17:13.131 [FXGL Background Thread 1 ] DEBUG Engine               - Initializing environment variables
23:17:13.170 [FXGL Background Thread 1 ] DEBUG FXGLAssetLoaderServi - User app class for loading assets: class com.oop2.typewiz.TypeWizApp
23:17:13.170 [FXGL Background Thread 1 ] DEBUG GameApplicationServi - Applying CSS: fxgl_dark.css
23:17:13.171 [FXGL Background Thread 1 ] DEBUG FXGLAssetLoaderServi - Loading from file system: jar:file:///C:/Users/Ruhmer%20Jairus/.m2/repository/com/github/almasb/fxgl/21.1/fxgl-21.1.jar!/fxglassets/ui/css/fxgl_dark.css
23:17:13.204 [FXGL Background Thread 1 ] DEBUG GameApplicationServi - Initializing application scenes
23:17:13.249 [FXGL Background Thread 1 ] DEBUG GameWorld            - Game world initialized
23:17:13.300 [FXGL Background Thread 1 ] DEBUG PhysicsWorld         - Physics world initialized: appHeight=720, physics.ppm=50.0
23:17:13.300 [FXGL Background Thread 1 ] DEBUG PhysicsWorld         - Using strategy: BRUTE_FORCE
23:17:13.304 [FXGL Background Thread 1 ] DEBUG GameScene            - Game scene initialized: 1280x720
23:17:13.527 [FXGL Background Thread 1 ] DEBUG GameApplicationServi - Application scenes initialized
23:17:13.535 [FXGL Background Thread 1 ] DEBUG SystemBundleService  - Loading FXGL system data
23:17:13.537 [FXGL Background Thread 1 ] DEBUG FileSystemAccess     - Reading from: C:\Users\Ruhmer Jairus\OOP2-Capstone\system\fxgl.bundle
23:17:13.544 [FXGL Background Thread 1 ] DEBUG SystemBundleService  - Bundle FXGL: {}
23:17:13.544 [FXGL Background Thread 1 ] DEBUG UpdaterService       - Checking for updates
23:17:13.547 [FXGL Background Thread 4 ] DEBUG FXGLApplication      - Loading fonts
23:17:13.547 [FXGL Background Thread 4 ] DEBUG FXGLAssetLoaderServi - Loading from file system: jar:file:///C:/Users/Ruhmer%20Jairus/.m2/repository/com/github/almasb/fxgl/21.1/fxgl-21.1.jar!/fxglassets/ui/fonts/VarelaRound-Regular.ttf
23:17:13.548 [FXGL Background Thread 1 ] DEBUG FXGLApplication      - Loading default localization
23:17:13.548 [FXGL Background Thread 1 ] DEBUG FXGLAssetLoaderServi - Loading from file system: jar:file:///C:/Users/Ruhmer%20Jairus/.m2/repository/com/github/almasb/fxgl/21.1/fxgl-21.1.jar!/fxglassets/languages/english.lang
23:17:13.576 [FXGL Background Thread 4 ] DEBUG FXGLAssetLoaderServi - Loading from file system: jar:file:///C:/Users/Ruhmer%20Jairus/.m2/repository/com/github/almasb/fxgl/21.1/fxgl-21.1.jar!/fxglassets/ui/fonts/Abel-Regular.ttf
23:17:13.579 [FXGL Background Thread 4 ] DEBUG FXGLAssetLoaderServi - Loading from file system: jar:file:///C:/Users/Ruhmer%20Jairus/.m2/repository/com/github/almasb/fxgl/21.1/fxgl-21.1.jar!/fxglassets/ui/fonts/TerminalLandMono-Regular.otf
23:17:13.581 [FXGL Background Thread 4 ] DEBUG FXGLAssetLoaderServi - Loading from file system: jar:file:///C:/Users/Ruhmer%20Jairus/.m2/repository/com/github/almasb/fxgl/21.1/fxgl-21.1.jar!/fxglassets/ui/fonts/Courier-Prime.ttf
23:17:13.581 [FXGL Background Thread 1 ] INFO  FXGLApplication      - FXGL initialization took: 0.450 sec
23:17:13.582 [JavaFX Application Thread] DEBUG FXGLAssetLoaderServi - Loading from file system: jar:file:///C:/Users/Ruhmer%20Jairus/.m2/repository/com/github/almasb/fxgl/21.1/fxgl-21.1.jar!/fxglassets/textures/fxgl_icon.png
23:17:13.594 [JavaFX Application Thread] DEBUG FXGLAssetLoaderServi - Loading from file system: jar:file:///C:/Users/Ruhmer%20Jairus/.m2/repository/com/github/almasb/fxgl/21.1/fxgl-21.1.jar!/fxglassets/textures/fxgl_default_cursor.png
23:17:13.605 [JavaFX Application Thread] DEBUG Input                - Registered new binding: Screenshot - CTRL+8
23:17:13.606 [JavaFX Application Thread] DEBUG Input                - Registered new binding: System info dump - CTRL+9
23:17:13.606 [JavaFX Application Thread] DEBUG Input                - Registered new binding: Restart - CTRL+R
23:17:13.607 [JavaFX Application Thread] DEBUG Input                - Registered new binding: Toggle Debug Camera - CTRL+7
23:17:13.611 [JavaFX Application Thread] DEBUG LoopRunner           - Starting loop
23:17:13.612 [JavaFX Application Thread] DEBUG LoopRunner           - Initializing JavaFX AnimationTimerLoop
23:17:13.615 [JavaFX Application Thread] DEBUG Input                - Clearing active input actions
23:17:13.620 [JavaFX Application Thread] DEBUG GameApplicationServi - Removing overlay from FXGLStartupScene and adding to FXGLMainMenuDummyScene
23:17:13.621 [JavaFX Application Thread] DEBUG PrimaryStageWindow   - FXGLStartupScene -> FXGLMainMenuDummyScene
23:17:13.621 [JavaFX Application Thread] DEBUG PrimaryStageWindow   - Push state: LoginScreen
23:17:13.622 [JavaFX Application Thread] DEBUG Input                - Clearing active input actions
23:17:13.638 [JavaFX Application Thread] DEBUG GameApplicationServi - Removing overlay from FXGLMainMenuDummyScene and adding to LoginScreen
23:17:13.638 [JavaFX Application Thread] DEBUG PrimaryStageWindow   - FXGLMainMenuDummyScene -> LoginScreen
23:17:13.656 [JavaFX Application Thread] DEBUG FXGLApplication      - Registering font factories with UI factory
23:17:15.932 [JavaFX Application Thread] DEBUG FXGLAssetLoaderServi - Loading from file system: file:/C:/Users/Ruhmer%20Jairus/OOP2-Capstone/target/classes/assets/sounds/sound-library/hover.wav
23:17:16.548 [FXGL Background Thread 3 ] DEBUG Engine               - Logging environment variables
23:17:16.548 [FXGL Background Thread 3 ] DEBUG Engine               - achievements: []
23:17:16.548 [FXGL Background Thread 3 ] DEBUG Engine               - actualHeight: 864.0
23:17:16.548 [FXGL Background Thread 3 ] DEBUG Engine               - actualHeightProperty: ReadOnlyDoubleProperty [value: 864.0]
23:17:16.548 [FXGL Background Thread 3 ] DEBUG Engine               - actualWidth: 1536.0
23:17:16.548 [FXGL Background Thread 3 ] DEBUG Engine               - actualWidthProperty: ReadOnlyDoubleProperty [value: 1536.0]
23:17:16.548 [FXGL Background Thread 3 ] DEBUG Engine               - appIcon: fxgl_icon.png
23:17:16.549 [FXGL Background Thread 3 ] DEBUG Engine               - applicationMode: DEVELOPER
23:17:16.549 [FXGL Background Thread 3 ] DEBUG Engine               - cSSList: [fxgl_dark.css]
23:17:16.549 [FXGL Background Thread 3 ] DEBUG Engine               - collisionDetectionStrategy: BRUTE_FORCE
23:17:16.549 [FXGL Background Thread 3 ] DEBUG Engine               - configClass: Optional.empty
23:17:16.549 [FXGL Background Thread 3 ] DEBUG Engine               - credits: []
23:17:16.550 [FXGL Background Thread 3 ] DEBUG Engine               - defaultCursor: CursorInfo(imageName=fxgl_default_cursor.png, hotspotX=7.0, hotspotY=6.0)
23:17:16.551 [FXGL Background Thread 3 ] DEBUG Engine               - devBBoxColorProperty: ObjectProperty [value: 0xff0000ff]
23:17:16.551 [FXGL Background Thread 3 ] DEBUG Engine               - devEnableDebugCameraProperty: BooleanProperty [value: false]
23:17:16.551 [FXGL Background Thread 3 ] DEBUG Engine               - devSensorColorProperty: ObjectProperty [value: 0xffff00ff]
23:17:16.551 [FXGL Background Thread 3 ] DEBUG Engine               - devShowBBoxProperty: BooleanProperty [value: false]
23:17:16.551 [FXGL Background Thread 3 ] DEBUG Engine               - devShowPositionProperty: BooleanProperty [value: false]
23:17:16.551 [FXGL Background Thread 3 ] DEBUG Engine               - enabledMenuItems: []
23:17:16.551 [FXGL Background Thread 3 ] DEBUG Engine               - engineServices: [class com.almasb.fxgl.app.services.FXGLAssetLoaderService, class com.almasb.fxgl.app.FXGLApplication$GameApplicationService, class com.almasb.fxgl.app.services.FXGLDialogService, class com.almasb.fxgl.app.services.IOTaskExecutorService, class com.almasb.fxgl.io.FileSystemService, class com.almasb.fxgl.localization.LocalizationService, class com.almasb.fxgl.app.services.SystemBundleService, class com.almasb.fxgl.profile.SaveLoadService, class com.almasb.fxgl.ui.FXGLUIFactoryServiceProvider, class com.almasb.fxgl.ui.FXGLDialogFactoryServiceProvider, class com.almasb.fxgl.audio.AudioPlayer, class com.almasb.fxgl.notification.impl.NotificationServiceProvider, class com.almasb.fxgl.achievement.AchievementService, class com.almasb.fxgl.cutscene.CutsceneService, class com.almasb.fxgl.minigames.MiniGameService, class com.almasb.fxgl.net.NetService, class com.almasb.fxgl.app.services.UpdaterService, class com.almasb.fxgl.dev.DevService]
23:17:16.551 [FXGL Background Thread 3 ] DEBUG Engine               - fontGame: Abel-Regular.ttf
23:17:16.551 [FXGL Background Thread 3 ] DEBUG Engine               - fontMono: TerminalLandMono-Regular.otf
23:17:16.551 [FXGL Background Thread 3 ] DEBUG Engine               - fontSizeScaleUI: 1.0
23:17:16.551 [FXGL Background Thread 3 ] DEBUG Engine               - fontText: Courier-Prime.ttf
23:17:16.551 [FXGL Background Thread 3 ] DEBUG Engine               - fontUI: VarelaRound-Regular.ttf
23:17:16.551 [FXGL Background Thread 3 ] DEBUG Engine               - fullScreen: BooleanProperty [value: true]
23:17:16.551 [FXGL Background Thread 3 ] DEBUG Engine               - gameDifficulty: MEDIUM
23:17:16.551 [FXGL Background Thread 3 ] DEBUG Engine               - gameDifficultyProperty: ObjectProperty [value: MEDIUM]
23:17:16.551 [FXGL Background Thread 3 ] DEBUG Engine               - globalMusicVolume: 0.5
23:17:16.551 [FXGL Background Thread 3 ] DEBUG Engine               - globalMusicVolumeProperty: DoubleProperty [value: 0.5]
23:17:16.551 [FXGL Background Thread 3 ] DEBUG Engine               - globalSoundVolume: 0.5
23:17:16.551 [FXGL Background Thread 3 ] DEBUG Engine               - globalSoundVolumeProperty: DoubleProperty [value: 0.5]
23:17:16.551 [FXGL Background Thread 3 ] DEBUG Engine               - height: 720
23:17:16.551 [FXGL Background Thread 3 ] DEBUG Engine               - is3D: false
23:17:16.551 [FXGL Background Thread 3 ] DEBUG Engine               - isAndroid: false
23:17:16.551 [FXGL Background Thread 3 ] DEBUG Engine               - isBrowser: false
23:17:16.551 [FXGL Background Thread 3 ] DEBUG Engine               - isClickFeedbackEnabled: false
23:17:16.551 [FXGL Background Thread 3 ] DEBUG Engine               - isCloseConfirmation: false
23:17:16.551 [FXGL Background Thread 3 ] DEBUG Engine               - isDesktop: true
23:17:16.551 [FXGL Background Thread 3 ] DEBUG Engine               - isDeveloperMenuEnabled: false
23:17:16.552 [FXGL Background Thread 3 ] DEBUG Engine               - isEmbedded: false
23:17:16.552 [FXGL Background Thread 3 ] DEBUG Engine               - isEntityPreloadEnabled: true
23:17:16.552 [FXGL Background Thread 3 ] DEBUG Engine               - isExperimentalTiledLargeMap: false
23:17:16.552 [FXGL Background Thread 3 ] DEBUG Engine               - isFileSystemWriteAllowed: true
23:17:16.552 [FXGL Background Thread 3 ] DEBUG Engine               - isFullScreenAllowed: true
23:17:16.552 [FXGL Background Thread 3 ] DEBUG Engine               - isFullScreenFromStart: true
23:17:16.552 [FXGL Background Thread 3 ] DEBUG Engine               - isGameMenuEnabled: false
23:17:16.552 [FXGL Background Thread 3 ] DEBUG Engine               - isIOS: false
23:17:16.552 [FXGL Background Thread 3 ] DEBUG Engine               - isIntroEnabled: false
23:17:16.552 [FXGL Background Thread 3 ] DEBUG Engine               - isLinux: false
23:17:16.552 [FXGL Background Thread 3 ] DEBUG Engine               - isMac: false
23:17:16.552 [FXGL Background Thread 3 ] DEBUG Engine               - isMainMenuEnabled: true
23:17:16.552 [FXGL Background Thread 3 ] DEBUG Engine               - isManualResizeEnabled: false
23:17:16.552 [FXGL Background Thread 3 ] DEBUG Engine               - isMobile: false
23:17:16.552 [FXGL Background Thread 3 ] DEBUG Engine               - isNative: false
23:17:16.552 [FXGL Background Thread 3 ] DEBUG Engine               - isPauseMusicWhenMinimized: true
23:17:16.552 [FXGL Background Thread 3 ] DEBUG Engine               - isPreserveResizeRatio: false
23:17:16.552 [FXGL Background Thread 3 ] DEBUG Engine               - isProfilingEnabled: false
23:17:16.552 [FXGL Background Thread 3 ] DEBUG Engine               - isScaleAffectedOnResize: true
23:17:16.552 [FXGL Background Thread 3 ] DEBUG Engine               - isSingleStep: false
23:17:16.552 [FXGL Background Thread 3 ] DEBUG Engine               - isUserProfileEnabled: false
23:17:16.552 [FXGL Background Thread 3 ] DEBUG Engine               - isWindows: true
23:17:16.552 [FXGL Background Thread 3 ] DEBUG Engine               - language: ObjectProperty [value: ENGLISH]
23:17:16.552 [FXGL Background Thread 3 ] DEBUG Engine               - menuKey: ESCAPE
23:17:16.552 [FXGL Background Thread 3 ] DEBUG Engine               - mouseSensitivity: 0.2
23:17:16.552 [FXGL Background Thread 3 ] DEBUG Engine               - notificationViewClass: class com.almasb.fxgl.notification.view.XboxNotificationView
23:17:16.552 [FXGL Background Thread 3 ] DEBUG Engine               - pixelsPerMeter: 50.0
23:17:16.553 [FXGL Background Thread 3 ] DEBUG Engine               - platform: WINDOWS
23:17:16.553 [FXGL Background Thread 3 ] DEBUG Engine               - prefHeightProperty: ReadOnlyDoubleProperty [value: 720.0]
23:17:16.553 [FXGL Background Thread 3 ] DEBUG Engine               - prefWidthProperty: ReadOnlyDoubleProperty [value: 1280.0]
23:17:16.553 [FXGL Background Thread 3 ] DEBUG Engine               - profileDir: profiles/
23:17:16.553 [FXGL Background Thread 3 ] DEBUG Engine               - profileName: StringProperty [value: DEFAULT]
23:17:16.553 [FXGL Background Thread 3 ] DEBUG Engine               - randomSeed: -1
23:17:16.553 [FXGL Background Thread 3 ] DEBUG Engine               - runtimeInfo: RuntimeInfo(platform=WINDOWS, version=21.1, build=27.03.2024 07.52)
23:17:16.553 [FXGL Background Thread 3 ] DEBUG Engine               - saveFileExt: sav
23:17:16.553 [FXGL Background Thread 3 ] DEBUG Engine               - scaledHeightProp$fxgl: DoubleProperty [bound, value: 864.0]
23:17:16.553 [FXGL Background Thread 3 ] DEBUG Engine               - scaledWidthProp$fxgl: DoubleProperty [bound, value: 1536.0]
23:17:16.553 [FXGL Background Thread 3 ] DEBUG Engine               - sceneFactory: com.oop2.typewiz.util.CustomSceneFactory@36a5ba56
23:17:16.553 [FXGL Background Thread 3 ] DEBUG Engine               - secondsIn24h: 60
23:17:16.553 [FXGL Background Thread 3 ] DEBUG Engine               - soundMenuBack: menu/back.wav
23:17:16.553 [FXGL Background Thread 3 ] DEBUG Engine               - soundMenuPress: menu/press.wav
23:17:16.553 [FXGL Background Thread 3 ] DEBUG Engine               - soundMenuSelect: menu/select.wav
23:17:16.553 [FXGL Background Thread 3 ] DEBUG Engine               - soundNotification: core/notification.wav
23:17:16.553 [FXGL Background Thread 3 ] DEBUG Engine               - stageStyle: DECORATED
23:17:16.553 [FXGL Background Thread 3 ] DEBUG Engine               - supportedLanguages: [ENGLISH, FRENCH, GERMAN, HUNGARIAN, RUSSIAN]
23:17:16.553 [FXGL Background Thread 3 ] DEBUG Engine               - ticksPerSecond: -1
23:17:16.553 [FXGL Background Thread 3 ] DEBUG Engine               - title: TypeWiz Login
23:17:16.553 [FXGL Background Thread 3 ] DEBUG Engine               - urlGithub: https://github.com/AlmasB/FXGL
23:17:16.553 [FXGL Background Thread 3 ] DEBUG Engine               - urlLeaderboard: http://fxgl-top.herokuapp.com/
23:17:16.553 [FXGL Background Thread 3 ] DEBUG Engine               - urlPOM: https://raw.githubusercontent.com/AlmasB/FXGL/release/README.md
23:17:16.553 [FXGL Background Thread 3 ] DEBUG Engine               - userAppClass: class com.oop2.typewiz.TypeWizApp
23:17:16.553 [FXGL Background Thread 3 ] DEBUG Engine               - version: 0.0
23:17:16.554 [FXGL Background Thread 3 ] DEBUG Engine               - versionCheckDays: 7
23:17:16.554 [FXGL Background Thread 3 ] DEBUG Engine               - width: 1280
23:17:16.554 [FXGL Background Thread 3 ] DEBUG Engine               - Logging services
23:17:16.554 [FXGL Background Thread 3 ] DEBUG Engine               - class com.almasb.fxgl.app.services.FXGLAssetLoaderService
23:17:16.554 [FXGL Background Thread 3 ] DEBUG Engine               - class com.almasb.fxgl.app.FXGLApplication$GameApplicationService
23:17:16.554 [FXGL Background Thread 3 ] DEBUG Engine               - class com.almasb.fxgl.app.services.FXGLDialogService
23:17:16.554 [FXGL Background Thread 3 ] DEBUG Engine               - class com.almasb.fxgl.app.services.IOTaskExecutorService
23:17:16.554 [FXGL Background Thread 3 ] DEBUG Engine               - class com.almasb.fxgl.io.FileSystemService
23:17:16.554 [FXGL Background Thread 3 ] DEBUG Engine               - class com.almasb.fxgl.localization.LocalizationService
23:17:16.554 [FXGL Background Thread 3 ] DEBUG Engine               - class com.almasb.fxgl.app.services.SystemBundleService
23:17:16.554 [FXGL Background Thread 3 ] DEBUG Engine               - class com.almasb.fxgl.profile.SaveLoadService
23:17:16.554 [FXGL Background Thread 3 ] DEBUG Engine               - class com.almasb.fxgl.ui.FXGLUIFactoryServiceProvider
23:17:16.554 [FXGL Background Thread 3 ] DEBUG Engine               - class com.almasb.fxgl.ui.FXGLDialogFactoryServiceProvider
23:17:16.554 [FXGL Background Thread 3 ] DEBUG Engine               - class com.almasb.fxgl.audio.AudioPlayer
23:17:16.554 [FXGL Background Thread 3 ] DEBUG Engine               - class com.almasb.fxgl.notification.impl.NotificationServiceProvider
23:17:16.554 [FXGL Background Thread 3 ] DEBUG Engine               - class com.almasb.fxgl.achievement.AchievementService
23:17:16.554 [FXGL Background Thread 3 ] DEBUG Engine               - class com.almasb.fxgl.cutscene.CutsceneService
23:17:16.554 [FXGL Background Thread 3 ] DEBUG Engine               - class com.almasb.fxgl.minigames.MiniGameService
23:17:16.554 [FXGL Background Thread 3 ] DEBUG Engine               - class com.almasb.fxgl.net.NetService
23:17:16.554 [FXGL Background Thread 3 ] DEBUG Engine               - class com.almasb.fxgl.app.services.UpdaterService
23:17:16.554 [FXGL Background Thread 3 ] DEBUG Engine               - class com.almasb.fxgl.dev.DevService
23:17:16.683 [JavaFX Application Thread] DEBUG FXGLAssetLoaderServi - Loading from file system: file:/C:/Users/Ruhmer%20Jairus/OOP2-Capstone/target/classes/assets/sounds/sound-library/click.wav
23:17:16.807 [JavaFX Application Thread] DEBUG PrimaryStageWindow   - Push state: LoadingScreen
23:17:16.807 [JavaFX Application Thread] DEBUG Input                - Clearing active input actions
23:17:16.808 [JavaFX Application Thread] DEBUG GameApplicationServi - Removing overlay from LoginScreen and adding to LoadingScreen
23:17:16.808 [JavaFX Application Thread] DEBUG PrimaryStageWindow   - LoginScreen -> LoadingScreen
23:17:16.808 [JavaFX Application Thread] DEBUG FXGLAssetLoaderServi - Loading from file system: file:/C:/Users/Ruhmer%20Jairus/OOP2-Capstone/target/classes/assets/textures/magicbook.png
23:17:16.812 [JavaFX Application Thread] DEBUG FXGLAssetLoaderServi - Loading from file system: file:/C:/Users/Ruhmer%20Jairus/OOP2-Capstone/target/classes/assets/textures/magicbook_hover.png
23:17:19.820 [JavaFX Application Thread] DEBUG FXGLAssetLoaderServi - Loading from file system: file:/C:/Users/Ruhmer%20Jairus/OOP2-Capstone/target/classes/assets/music/bgm.mp3
23:17:19.856 [JavaFX Application Thread] DEBUG AudioPlayer          - Playing music com.almasb.fxgl.audio.Music@11a1b9a8
23:17:19.856 [JavaFX Application Thread] DEBUG PrimaryStageWindow   - Push state: MainMenuScreen
23:17:19.856 [JavaFX Application Thread] DEBUG Input                - Clearing active input actions
23:17:19.857 [JavaFX Application Thread] DEBUG GameApplicationServi - Removing overlay from LoadingScreen and adding to MainMenuScreen
23:17:19.857 [JavaFX Application Thread] DEBUG PrimaryStageWindow   - LoadingScreen -> MainMenuScreen
23:17:23.126 [JavaFX Application Thread] DEBUG PrimaryStageWindow   - Push state: DifficultyMenuScreen
23:17:23.126 [JavaFX Application Thread] DEBUG Input                - Clearing active input actions
23:17:23.127 [JavaFX Application Thread] DEBUG GameApplicationServi - Removing overlay from MainMenuScreen and adding to DifficultyMenuScreen
23:17:23.127 [JavaFX Application Thread] DEBUG PrimaryStageWindow   - MainMenuScreen -> DifficultyMenuScreen
23:17:23.755 [JavaFX Application Thread] DEBUG GameApplicationServi - Starting new game
23:17:23.755 [JavaFX Application Thread] DEBUG PrimaryStageWindow   - Pop state: DifficultyMenuScreen
23:17:23.755 [JavaFX Application Thread] DEBUG Input                - Clearing active input actions
23:17:23.756 [JavaFX Application Thread] DEBUG GameApplicationServi - Removing overlay from DifficultyMenuScreen and adding to MainMenuScreen
23:17:23.756 [JavaFX Application Thread] DEBUG PrimaryStageWindow   - MainMenuScreen <- DifficultyMenuScreen
23:17:23.757 [JavaFX Application Thread] DEBUG PrimaryStageWindow   - Pop state: MainMenuScreen
23:17:23.757 [JavaFX Application Thread] DEBUG Input                - Clearing active input actions
23:17:23.757 [JavaFX Application Thread] DEBUG GameApplicationServi - Removing overlay from MainMenuScreen and adding to LoadingScreen
23:17:23.757 [JavaFX Application Thread] DEBUG PrimaryStageWindow   - LoadingScreen <- MainMenuScreen
23:17:23.757 [JavaFX Application Thread] DEBUG PrimaryStageWindow   - Pop state: LoadingScreen
23:17:23.757 [JavaFX Application Thread] DEBUG Input                - Clearing active input actions
23:17:23.757 [JavaFX Application Thread] DEBUG GameApplicationServi - Removing overlay from LoadingScreen and adding to LoginScreen
23:17:23.757 [JavaFX Application Thread] DEBUG PrimaryStageWindow   - LoginScreen <- LoadingScreen
23:17:23.757 [JavaFX Application Thread] DEBUG PrimaryStageWindow   - Pop state: LoginScreen
23:17:23.757 [JavaFX Application Thread] DEBUG Input                - Clearing active input actions
23:17:23.757 [JavaFX Application Thread] DEBUG GameApplicationServi - Removing overlay from LoginScreen and adding to FXGLMainMenuDummyScene
23:17:23.757 [JavaFX Application Thread] DEBUG PrimaryStageWindow   - FXGLMainMenuDummyScene <- LoginScreen
23:17:23.757 [JavaFX Application Thread] DEBUG Input                - Clearing active input actions
23:17:23.761 [JavaFX Application Thread] DEBUG GameApplicationServi - Removing overlay from FXGLMainMenuDummyScene and adding to FXGLLoadingScene
23:17:23.762 [JavaFX Application Thread] DEBUG PrimaryStageWindow   - FXGLMainMenuDummyScene -> FXGLLoadingScene
23:17:23.762 [JavaFX Application Thread] DEBUG GameApplicationServi - Clearing previous game
23:17:23.762 [JavaFX Application Thread] DEBUG GameScene            - Clearing game scene
23:17:23.762 [JavaFX Application Thread] DEBUG GameWorld            - Clearing game world
23:17:23.762 [JavaFX Application Thread] DEBUG PhysicsWorld         - Clearing physics world
23:17:23.764 [FXGL Background Thread 2 ] DEBUG FXGLApplication      - Initializing game
23:17:23.777 [FXGL Background Thread 2 ] DEBUG FXGLAssetLoaderServi - Loading from file system: file:/C:/Users/Ruhmer%20Jairus/OOP2-Capstone/target/classes/assets/textures/background-and-platforms/bg-midnightpurple_1280_720.png
23:17:23.817 [FXGL Background Thread 2 ] DEBUG FXGLAssetLoaderServi - Loading from file system: file:/C:/Users/Ruhmer%20Jairus/OOP2-Capstone/target/classes/assets/textures/background-and-platforms/hdlargerplatform-purple.png
23:17:23.872 [FXGL Background Thread 2 ] DEBUG FXGLAssetLoaderServi - Loading from file system: file:/C:/Users/Ruhmer%20Jairus/OOP2-Capstone/target/classes/assets/textures/wizard/wizard.png
23:17:23.918 [FXGL Background Thread 2 ] DEBUG FXGLAssetLoaderServi - Loading from file system: file:/C:/Users/Ruhmer%20Jairus/OOP2-Capstone/target/classes/assets/textures/mobs/gargoyle/gargoyle.png
23:17:23.934 [FXGL Background Thread 2 ] DEBUG FXGLAssetLoaderServi - Loading from file system: file:/C:/Users/Ruhmer%20Jairus/OOP2-Capstone/target/classes/assets/textures/mobs/grimouge/grimouge.png
23:17:23.960 [FXGL Background Thread 2 ] DEBUG FXGLAssetLoaderServi - Loading from file system: file:/C:/Users/Ruhmer%20Jairus/OOP2-Capstone/target/classes/assets/textures/mobs/vyleye/vyleye.png
23:17:24.002 [FXGL Background Thread 2 ] INFO  FXGLApplication      - Game initialization took: 0.237 sec
23:17:24.003 [JavaFX Application Thread] DEBUG Input                - Clearing active input actions
23:17:24.007 [JavaFX Application Thread] DEBUG GameApplicationServi - Removing overlay from FXGLLoadingScene and adding to GameScene
23:17:24.007 [JavaFX Application Thread] DEBUG PrimaryStageWindow   - FXGLLoadingScene -> GameScene
23:17:25.764 [JavaFX Application Thread] DEBUG AudioPlayer          - Stopping music com.almasb.fxgl.audio.Music@11a1b9a8
23:17:46.940 [JavaFX Application Thread] DEBUG FXGLApplication      - Exiting FXGL
23:17:46.941 [JavaFX Application Thread] DEBUG LoopRunner           - Stopping loop
23:17:46.941 [JavaFX Application Thread] DEBUG SystemBundleService  - Saving FXGL system data
23:17:46.943 [JavaFX Application Thread] DEBUG FileSystemAccess     - Writing to: C:\Users\Ruhmer Jairus\OOP2-Capstone\system\fxgl.bundle
23:17:46.945 [JavaFX Application Thread] DEBUG Async                - Shutting down background threads
23:17:46.945 [JavaFX Application Thread] DEBUG PrimaryStageWindow   - Closing main window
23:17:46.964 [JavaFX Application Thread] DEBUG Logger               - Closing Logger
